[2023-12-02T13:18:16.620+0700] {processor.py:157} INFO - Started process (PID=80872) to work on /home/phuc/Practice/DataScience/DSProject/venv/lib/python3.10/site-packages/airflow/example_dags/example_skip_dag.py
[2023-12-02T13:18:16.621+0700] {processor.py:829} INFO - Processing file /home/phuc/Practice/DataScience/DSProject/venv/lib/python3.10/site-packages/airflow/example_dags/example_skip_dag.py for tasks to queue
[2023-12-02T13:18:16.621+0700] {logging_mixin.py:154} INFO - [2023-12-02T13:18:16.621+0700] {dagbag.py:536} INFO - Filling up the DagBag from /home/phuc/Practice/DataScience/DSProject/venv/lib/python3.10/site-packages/airflow/example_dags/example_skip_dag.py
[2023-12-02T13:18:16.627+0700] {processor.py:839} INFO - DAG(s) dict_keys(['example_skip_dag']) retrieved from /home/phuc/Practice/DataScience/DSProject/venv/lib/python3.10/site-packages/airflow/example_dags/example_skip_dag.py
[2023-12-02T13:18:16.683+0700] {logging_mixin.py:154} INFO - [2023-12-02T13:18:16.683+0700] {manager.py:499} INFO - Created Permission View: %s
[2023-12-02T13:18:16.688+0700] {logging_mixin.py:154} INFO - [2023-12-02T13:18:16.688+0700] {manager.py:499} INFO - Created Permission View: %s
[2023-12-02T13:18:16.692+0700] {logging_mixin.py:154} INFO - [2023-12-02T13:18:16.692+0700] {manager.py:499} INFO - Created Permission View: %s
[2023-12-02T13:18:16.692+0700] {logging_mixin.py:154} INFO - [2023-12-02T13:18:16.692+0700] {dag.py:2941} INFO - Sync 1 DAGs
[2023-12-02T13:18:16.697+0700] {logging_mixin.py:154} INFO - [2023-12-02T13:18:16.697+0700] {dag.py:2963} INFO - Creating ORM DAG for example_skip_dag
[2023-12-02T13:18:16.702+0700] {logging_mixin.py:154} INFO - [2023-12-02T13:18:16.702+0700] {dag.py:3722} INFO - Setting next_dagrun for example_skip_dag to 2023-12-01T06:18:16.701889+00:00, run_after=2023-12-02T06:18:16.701889+00:00
[2023-12-02T13:18:16.711+0700] {processor.py:179} INFO - Processing /home/phuc/Practice/DataScience/DSProject/venv/lib/python3.10/site-packages/airflow/example_dags/example_skip_dag.py took 0.092 seconds
[2023-12-02T13:19:02.042+0700] {processor.py:157} INFO - Started process (PID=81053) to work on /home/phuc/Practice/DataScience/DSProject/venv/lib/python3.10/site-packages/airflow/example_dags/example_skip_dag.py
[2023-12-02T13:19:02.048+0700] {processor.py:829} INFO - Processing file /home/phuc/Practice/DataScience/DSProject/venv/lib/python3.10/site-packages/airflow/example_dags/example_skip_dag.py for tasks to queue
[2023-12-02T13:19:02.049+0700] {logging_mixin.py:154} INFO - [2023-12-02T13:19:02.049+0700] {dagbag.py:536} INFO - Filling up the DagBag from /home/phuc/Practice/DataScience/DSProject/venv/lib/python3.10/site-packages/airflow/example_dags/example_skip_dag.py
[2023-12-02T13:19:02.055+0700] {processor.py:839} INFO - DAG(s) dict_keys(['example_skip_dag']) retrieved from /home/phuc/Practice/DataScience/DSProject/venv/lib/python3.10/site-packages/airflow/example_dags/example_skip_dag.py
[2023-12-02T13:19:02.064+0700] {logging_mixin.py:154} INFO - [2023-12-02T13:19:02.064+0700] {dag.py:2941} INFO - Sync 1 DAGs
[2023-12-02T13:19:02.073+0700] {logging_mixin.py:154} INFO - [2023-12-02T13:19:02.073+0700] {dag.py:3722} INFO - Setting next_dagrun for example_skip_dag to 2023-12-01T06:19:02.073253+00:00, run_after=2023-12-02T06:19:02.073253+00:00
[2023-12-02T13:19:02.083+0700] {processor.py:179} INFO - Processing /home/phuc/Practice/DataScience/DSProject/venv/lib/python3.10/site-packages/airflow/example_dags/example_skip_dag.py took 0.043 seconds
[2023-12-02T13:19:51.038+0700] {processor.py:157} INFO - Started process (PID=81389) to work on /home/phuc/Practice/DataScience/DSProject/venv/lib/python3.10/site-packages/airflow/example_dags/example_skip_dag.py
[2023-12-02T13:19:51.045+0700] {processor.py:829} INFO - Processing file /home/phuc/Practice/DataScience/DSProject/venv/lib/python3.10/site-packages/airflow/example_dags/example_skip_dag.py for tasks to queue
[2023-12-02T13:19:51.046+0700] {logging_mixin.py:154} INFO - [2023-12-02T13:19:51.046+0700] {dagbag.py:536} INFO - Filling up the DagBag from /home/phuc/Practice/DataScience/DSProject/venv/lib/python3.10/site-packages/airflow/example_dags/example_skip_dag.py
[2023-12-02T13:19:51.053+0700] {processor.py:839} INFO - DAG(s) dict_keys(['example_skip_dag']) retrieved from /home/phuc/Practice/DataScience/DSProject/venv/lib/python3.10/site-packages/airflow/example_dags/example_skip_dag.py
[2023-12-02T13:19:51.064+0700] {logging_mixin.py:154} INFO - [2023-12-02T13:19:51.064+0700] {dag.py:2941} INFO - Sync 1 DAGs
[2023-12-02T13:19:51.075+0700] {logging_mixin.py:154} INFO - [2023-12-02T13:19:51.075+0700] {dag.py:3722} INFO - Setting next_dagrun for example_skip_dag to 2023-12-01T06:19:51.075520+00:00, run_after=2023-12-02T06:19:51.075520+00:00
[2023-12-02T13:19:51.086+0700] {processor.py:179} INFO - Processing /home/phuc/Practice/DataScience/DSProject/venv/lib/python3.10/site-packages/airflow/example_dags/example_skip_dag.py took 0.049 seconds
[2023-12-02T13:20:26.782+0700] {processor.py:157} INFO - Started process (PID=81615) to work on /home/phuc/Practice/DataScience/DSProject/venv/lib/python3.10/site-packages/airflow/example_dags/example_skip_dag.py
[2023-12-02T13:20:26.790+0700] {processor.py:829} INFO - Processing file /home/phuc/Practice/DataScience/DSProject/venv/lib/python3.10/site-packages/airflow/example_dags/example_skip_dag.py for tasks to queue
[2023-12-02T13:20:26.791+0700] {logging_mixin.py:154} INFO - [2023-12-02T13:20:26.790+0700] {dagbag.py:536} INFO - Filling up the DagBag from /home/phuc/Practice/DataScience/DSProject/venv/lib/python3.10/site-packages/airflow/example_dags/example_skip_dag.py
[2023-12-02T13:20:26.801+0700] {processor.py:839} INFO - DAG(s) dict_keys(['example_skip_dag']) retrieved from /home/phuc/Practice/DataScience/DSProject/venv/lib/python3.10/site-packages/airflow/example_dags/example_skip_dag.py
[2023-12-02T13:20:26.812+0700] {logging_mixin.py:154} INFO - [2023-12-02T13:20:26.812+0700] {dag.py:2941} INFO - Sync 1 DAGs
[2023-12-02T13:20:26.822+0700] {logging_mixin.py:154} INFO - [2023-12-02T13:20:26.822+0700] {dag.py:3722} INFO - Setting next_dagrun for example_skip_dag to 2023-12-01T06:20:26.822551+00:00, run_after=2023-12-02T06:20:26.822551+00:00
[2023-12-02T13:20:26.833+0700] {processor.py:179} INFO - Processing /home/phuc/Practice/DataScience/DSProject/venv/lib/python3.10/site-packages/airflow/example_dags/example_skip_dag.py took 0.053 seconds
[2023-12-02T13:21:00.362+0700] {processor.py:157} INFO - Started process (PID=81762) to work on /home/phuc/Practice/DataScience/DSProject/venv/lib/python3.10/site-packages/airflow/example_dags/example_skip_dag.py
[2023-12-02T13:21:00.370+0700] {processor.py:829} INFO - Processing file /home/phuc/Practice/DataScience/DSProject/venv/lib/python3.10/site-packages/airflow/example_dags/example_skip_dag.py for tasks to queue
[2023-12-02T13:21:00.370+0700] {logging_mixin.py:154} INFO - [2023-12-02T13:21:00.370+0700] {dagbag.py:536} INFO - Filling up the DagBag from /home/phuc/Practice/DataScience/DSProject/venv/lib/python3.10/site-packages/airflow/example_dags/example_skip_dag.py
[2023-12-02T13:21:00.376+0700] {processor.py:839} INFO - DAG(s) dict_keys(['example_skip_dag']) retrieved from /home/phuc/Practice/DataScience/DSProject/venv/lib/python3.10/site-packages/airflow/example_dags/example_skip_dag.py
[2023-12-02T13:21:00.389+0700] {logging_mixin.py:154} INFO - [2023-12-02T13:21:00.389+0700] {dag.py:2941} INFO - Sync 1 DAGs
[2023-12-02T13:21:00.405+0700] {logging_mixin.py:154} INFO - [2023-12-02T13:21:00.405+0700] {dag.py:3722} INFO - Setting next_dagrun for example_skip_dag to 2023-12-01T06:21:00.405553+00:00, run_after=2023-12-02T06:21:00.405553+00:00
[2023-12-02T13:21:00.422+0700] {processor.py:179} INFO - Processing /home/phuc/Practice/DataScience/DSProject/venv/lib/python3.10/site-packages/airflow/example_dags/example_skip_dag.py took 0.064 seconds
[2023-12-02T13:21:34.182+0700] {processor.py:157} INFO - Started process (PID=81941) to work on /home/phuc/Practice/DataScience/DSProject/venv/lib/python3.10/site-packages/airflow/example_dags/example_skip_dag.py
[2023-12-02T13:21:34.189+0700] {processor.py:829} INFO - Processing file /home/phuc/Practice/DataScience/DSProject/venv/lib/python3.10/site-packages/airflow/example_dags/example_skip_dag.py for tasks to queue
[2023-12-02T13:21:34.190+0700] {logging_mixin.py:154} INFO - [2023-12-02T13:21:34.190+0700] {dagbag.py:536} INFO - Filling up the DagBag from /home/phuc/Practice/DataScience/DSProject/venv/lib/python3.10/site-packages/airflow/example_dags/example_skip_dag.py
[2023-12-02T13:21:34.201+0700] {processor.py:839} INFO - DAG(s) dict_keys(['example_skip_dag']) retrieved from /home/phuc/Practice/DataScience/DSProject/venv/lib/python3.10/site-packages/airflow/example_dags/example_skip_dag.py
[2023-12-02T13:21:34.212+0700] {logging_mixin.py:154} INFO - [2023-12-02T13:21:34.212+0700] {dag.py:2941} INFO - Sync 1 DAGs
[2023-12-02T13:21:34.223+0700] {logging_mixin.py:154} INFO - [2023-12-02T13:21:34.223+0700] {dag.py:3722} INFO - Setting next_dagrun for example_skip_dag to 2023-12-01T06:21:34.223725+00:00, run_after=2023-12-02T06:21:34.223725+00:00
[2023-12-02T13:21:34.236+0700] {processor.py:179} INFO - Processing /home/phuc/Practice/DataScience/DSProject/venv/lib/python3.10/site-packages/airflow/example_dags/example_skip_dag.py took 0.057 seconds
[2023-12-02T13:22:07.285+0700] {processor.py:157} INFO - Started process (PID=82246) to work on /home/phuc/Practice/DataScience/DSProject/venv/lib/python3.10/site-packages/airflow/example_dags/example_skip_dag.py
[2023-12-02T13:22:07.286+0700] {processor.py:829} INFO - Processing file /home/phuc/Practice/DataScience/DSProject/venv/lib/python3.10/site-packages/airflow/example_dags/example_skip_dag.py for tasks to queue
[2023-12-02T13:22:07.288+0700] {logging_mixin.py:154} INFO - [2023-12-02T13:22:07.287+0700] {dagbag.py:536} INFO - Filling up the DagBag from /home/phuc/Practice/DataScience/DSProject/venv/lib/python3.10/site-packages/airflow/example_dags/example_skip_dag.py
[2023-12-02T13:22:07.298+0700] {processor.py:839} INFO - DAG(s) dict_keys(['example_skip_dag']) retrieved from /home/phuc/Practice/DataScience/DSProject/venv/lib/python3.10/site-packages/airflow/example_dags/example_skip_dag.py
[2023-12-02T13:22:07.308+0700] {logging_mixin.py:154} INFO - [2023-12-02T13:22:07.308+0700] {dag.py:2941} INFO - Sync 1 DAGs
[2023-12-02T13:22:07.319+0700] {logging_mixin.py:154} INFO - [2023-12-02T13:22:07.318+0700] {dag.py:3722} INFO - Setting next_dagrun for example_skip_dag to 2023-12-01T06:22:07.318711+00:00, run_after=2023-12-02T06:22:07.318711+00:00
[2023-12-02T13:22:07.331+0700] {processor.py:179} INFO - Processing /home/phuc/Practice/DataScience/DSProject/venv/lib/python3.10/site-packages/airflow/example_dags/example_skip_dag.py took 0.050 seconds
[2023-12-02T13:22:53.484+0700] {processor.py:157} INFO - Started process (PID=82598) to work on /home/phuc/Practice/DataScience/DSProject/venv/lib/python3.10/site-packages/airflow/example_dags/example_skip_dag.py
[2023-12-02T13:22:53.491+0700] {processor.py:829} INFO - Processing file /home/phuc/Practice/DataScience/DSProject/venv/lib/python3.10/site-packages/airflow/example_dags/example_skip_dag.py for tasks to queue
[2023-12-02T13:22:53.492+0700] {logging_mixin.py:154} INFO - [2023-12-02T13:22:53.492+0700] {dagbag.py:536} INFO - Filling up the DagBag from /home/phuc/Practice/DataScience/DSProject/venv/lib/python3.10/site-packages/airflow/example_dags/example_skip_dag.py
[2023-12-02T13:22:53.499+0700] {processor.py:839} INFO - DAG(s) dict_keys(['example_skip_dag']) retrieved from /home/phuc/Practice/DataScience/DSProject/venv/lib/python3.10/site-packages/airflow/example_dags/example_skip_dag.py
[2023-12-02T13:22:53.509+0700] {logging_mixin.py:154} INFO - [2023-12-02T13:22:53.509+0700] {dag.py:2941} INFO - Sync 1 DAGs
[2023-12-02T13:22:53.520+0700] {logging_mixin.py:154} INFO - [2023-12-02T13:22:53.520+0700] {dag.py:3722} INFO - Setting next_dagrun for example_skip_dag to 2023-12-01T06:22:53.520608+00:00, run_after=2023-12-02T06:22:53.520608+00:00
[2023-12-02T13:22:53.533+0700] {processor.py:179} INFO - Processing /home/phuc/Practice/DataScience/DSProject/venv/lib/python3.10/site-packages/airflow/example_dags/example_skip_dag.py took 0.051 seconds
[2023-12-02T13:23:34.975+0700] {processor.py:157} INFO - Started process (PID=82803) to work on /home/phuc/Practice/DataScience/DSProject/venv/lib/python3.10/site-packages/airflow/example_dags/example_skip_dag.py
[2023-12-02T13:23:34.982+0700] {processor.py:829} INFO - Processing file /home/phuc/Practice/DataScience/DSProject/venv/lib/python3.10/site-packages/airflow/example_dags/example_skip_dag.py for tasks to queue
[2023-12-02T13:23:34.984+0700] {logging_mixin.py:154} INFO - [2023-12-02T13:23:34.983+0700] {dagbag.py:536} INFO - Filling up the DagBag from /home/phuc/Practice/DataScience/DSProject/venv/lib/python3.10/site-packages/airflow/example_dags/example_skip_dag.py
[2023-12-02T13:23:34.995+0700] {processor.py:839} INFO - DAG(s) dict_keys(['example_skip_dag']) retrieved from /home/phuc/Practice/DataScience/DSProject/venv/lib/python3.10/site-packages/airflow/example_dags/example_skip_dag.py
[2023-12-02T13:23:35.006+0700] {logging_mixin.py:154} INFO - [2023-12-02T13:23:35.006+0700] {dag.py:2941} INFO - Sync 1 DAGs
[2023-12-02T13:23:35.018+0700] {logging_mixin.py:154} INFO - [2023-12-02T13:23:35.018+0700] {dag.py:3722} INFO - Setting next_dagrun for example_skip_dag to 2023-12-01T06:23:35.018256+00:00, run_after=2023-12-02T06:23:35.018256+00:00
[2023-12-02T13:23:35.030+0700] {processor.py:179} INFO - Processing /home/phuc/Practice/DataScience/DSProject/venv/lib/python3.10/site-packages/airflow/example_dags/example_skip_dag.py took 0.058 seconds
[2023-12-02T13:24:16.008+0700] {processor.py:157} INFO - Started process (PID=82987) to work on /home/phuc/Practice/DataScience/DSProject/venv/lib/python3.10/site-packages/airflow/example_dags/example_skip_dag.py
[2023-12-02T13:24:16.014+0700] {processor.py:829} INFO - Processing file /home/phuc/Practice/DataScience/DSProject/venv/lib/python3.10/site-packages/airflow/example_dags/example_skip_dag.py for tasks to queue
[2023-12-02T13:24:16.016+0700] {logging_mixin.py:154} INFO - [2023-12-02T13:24:16.015+0700] {dagbag.py:536} INFO - Filling up the DagBag from /home/phuc/Practice/DataScience/DSProject/venv/lib/python3.10/site-packages/airflow/example_dags/example_skip_dag.py
[2023-12-02T13:24:16.026+0700] {processor.py:839} INFO - DAG(s) dict_keys(['example_skip_dag']) retrieved from /home/phuc/Practice/DataScience/DSProject/venv/lib/python3.10/site-packages/airflow/example_dags/example_skip_dag.py
[2023-12-02T13:24:16.038+0700] {logging_mixin.py:154} INFO - [2023-12-02T13:24:16.037+0700] {dag.py:2941} INFO - Sync 1 DAGs
[2023-12-02T13:24:16.049+0700] {logging_mixin.py:154} INFO - [2023-12-02T13:24:16.048+0700] {dag.py:3722} INFO - Setting next_dagrun for example_skip_dag to 2023-12-01T06:24:16.048743+00:00, run_after=2023-12-02T06:24:16.048743+00:00
[2023-12-02T13:24:16.061+0700] {processor.py:179} INFO - Processing /home/phuc/Practice/DataScience/DSProject/venv/lib/python3.10/site-packages/airflow/example_dags/example_skip_dag.py took 0.057 seconds
[2023-12-02T13:25:03.323+0700] {processor.py:157} INFO - Started process (PID=83316) to work on /home/phuc/Practice/DataScience/DSProject/venv/lib/python3.10/site-packages/airflow/example_dags/example_skip_dag.py
[2023-12-02T13:25:03.330+0700] {processor.py:829} INFO - Processing file /home/phuc/Practice/DataScience/DSProject/venv/lib/python3.10/site-packages/airflow/example_dags/example_skip_dag.py for tasks to queue
[2023-12-02T13:25:03.331+0700] {logging_mixin.py:154} INFO - [2023-12-02T13:25:03.331+0700] {dagbag.py:536} INFO - Filling up the DagBag from /home/phuc/Practice/DataScience/DSProject/venv/lib/python3.10/site-packages/airflow/example_dags/example_skip_dag.py
[2023-12-02T13:25:03.342+0700] {processor.py:839} INFO - DAG(s) dict_keys(['example_skip_dag']) retrieved from /home/phuc/Practice/DataScience/DSProject/venv/lib/python3.10/site-packages/airflow/example_dags/example_skip_dag.py
[2023-12-02T13:25:03.354+0700] {logging_mixin.py:154} INFO - [2023-12-02T13:25:03.354+0700] {dag.py:2941} INFO - Sync 1 DAGs
[2023-12-02T13:25:03.366+0700] {logging_mixin.py:154} INFO - [2023-12-02T13:25:03.365+0700] {dag.py:3722} INFO - Setting next_dagrun for example_skip_dag to 2023-12-01T06:25:03.365720+00:00, run_after=2023-12-02T06:25:03.365720+00:00
[2023-12-02T13:25:03.378+0700] {processor.py:179} INFO - Processing /home/phuc/Practice/DataScience/DSProject/venv/lib/python3.10/site-packages/airflow/example_dags/example_skip_dag.py took 0.058 seconds
[2023-12-02T13:25:50.818+0700] {processor.py:157} INFO - Started process (PID=83521) to work on /home/phuc/Practice/DataScience/DSProject/venv/lib/python3.10/site-packages/airflow/example_dags/example_skip_dag.py
[2023-12-02T13:25:50.826+0700] {processor.py:829} INFO - Processing file /home/phuc/Practice/DataScience/DSProject/venv/lib/python3.10/site-packages/airflow/example_dags/example_skip_dag.py for tasks to queue
[2023-12-02T13:25:50.827+0700] {logging_mixin.py:154} INFO - [2023-12-02T13:25:50.827+0700] {dagbag.py:536} INFO - Filling up the DagBag from /home/phuc/Practice/DataScience/DSProject/venv/lib/python3.10/site-packages/airflow/example_dags/example_skip_dag.py
[2023-12-02T13:25:50.837+0700] {processor.py:839} INFO - DAG(s) dict_keys(['example_skip_dag']) retrieved from /home/phuc/Practice/DataScience/DSProject/venv/lib/python3.10/site-packages/airflow/example_dags/example_skip_dag.py
[2023-12-02T13:25:50.852+0700] {logging_mixin.py:154} INFO - [2023-12-02T13:25:50.852+0700] {dag.py:2941} INFO - Sync 1 DAGs
[2023-12-02T13:25:50.872+0700] {logging_mixin.py:154} INFO - [2023-12-02T13:25:50.871+0700] {dag.py:3722} INFO - Setting next_dagrun for example_skip_dag to 2023-12-01T06:25:50.871640+00:00, run_after=2023-12-02T06:25:50.871640+00:00
[2023-12-02T13:25:50.890+0700] {processor.py:179} INFO - Processing /home/phuc/Practice/DataScience/DSProject/venv/lib/python3.10/site-packages/airflow/example_dags/example_skip_dag.py took 0.074 seconds
[2023-12-02T13:26:25.300+0700] {processor.py:157} INFO - Started process (PID=83676) to work on /home/phuc/Practice/DataScience/DSProject/venv/lib/python3.10/site-packages/airflow/example_dags/example_skip_dag.py
[2023-12-02T13:26:25.307+0700] {processor.py:829} INFO - Processing file /home/phuc/Practice/DataScience/DSProject/venv/lib/python3.10/site-packages/airflow/example_dags/example_skip_dag.py for tasks to queue
[2023-12-02T13:26:25.308+0700] {logging_mixin.py:154} INFO - [2023-12-02T13:26:25.307+0700] {dagbag.py:536} INFO - Filling up the DagBag from /home/phuc/Practice/DataScience/DSProject/venv/lib/python3.10/site-packages/airflow/example_dags/example_skip_dag.py
[2023-12-02T13:26:25.314+0700] {processor.py:839} INFO - DAG(s) dict_keys(['example_skip_dag']) retrieved from /home/phuc/Practice/DataScience/DSProject/venv/lib/python3.10/site-packages/airflow/example_dags/example_skip_dag.py
[2023-12-02T13:26:25.330+0700] {logging_mixin.py:154} INFO - [2023-12-02T13:26:25.329+0700] {dag.py:2941} INFO - Sync 1 DAGs
[2023-12-02T13:26:25.348+0700] {logging_mixin.py:154} INFO - [2023-12-02T13:26:25.348+0700] {dag.py:3722} INFO - Setting next_dagrun for example_skip_dag to 2023-12-01T06:26:25.348407+00:00, run_after=2023-12-02T06:26:25.348407+00:00
[2023-12-02T13:26:25.367+0700] {processor.py:179} INFO - Processing /home/phuc/Practice/DataScience/DSProject/venv/lib/python3.10/site-packages/airflow/example_dags/example_skip_dag.py took 0.069 seconds
