[2023-12-02T13:18:41.113+0700] {processor.py:157} INFO - Started process (PID=80964) to work on /home/phuc/Practice/DataScience/DSProject/venv/lib/python3.10/site-packages/airflow/example_dags/example_kubernetes_executor.py
[2023-12-02T13:18:41.113+0700] {processor.py:829} INFO - Processing file /home/phuc/Practice/DataScience/DSProject/venv/lib/python3.10/site-packages/airflow/example_dags/example_kubernetes_executor.py for tasks to queue
[2023-12-02T13:18:41.114+0700] {logging_mixin.py:154} INFO - [2023-12-02T13:18:41.114+0700] {dagbag.py:536} INFO - Filling up the DagBag from /home/phuc/Practice/DataScience/DSProject/venv/lib/python3.10/site-packages/airflow/example_dags/example_kubernetes_executor.py
[2023-12-02T13:18:41.116+0700] {logging_mixin.py:154} INFO - [2023-12-02T13:18:41.115+0700] {example_kubernetes_executor.py:38} WARNING - The example_kubernetes_executor example DAG requires the kubernetes provider. Please install it with: pip install apache-airflow[cncf.kubernetes]
[2023-12-02T13:18:41.116+0700] {processor.py:841} WARNING - No viable dags retrieved from /home/phuc/Practice/DataScience/DSProject/venv/lib/python3.10/site-packages/airflow/example_dags/example_kubernetes_executor.py
[2023-12-02T13:18:41.122+0700] {processor.py:179} INFO - Processing /home/phuc/Practice/DataScience/DSProject/venv/lib/python3.10/site-packages/airflow/example_dags/example_kubernetes_executor.py took 0.010 seconds
[2023-12-02T13:19:29.068+0700] {processor.py:157} INFO - Started process (PID=81224) to work on /home/phuc/Practice/DataScience/DSProject/venv/lib/python3.10/site-packages/airflow/example_dags/example_kubernetes_executor.py
[2023-12-02T13:19:29.070+0700] {processor.py:829} INFO - Processing file /home/phuc/Practice/DataScience/DSProject/venv/lib/python3.10/site-packages/airflow/example_dags/example_kubernetes_executor.py for tasks to queue
[2023-12-02T13:19:29.071+0700] {logging_mixin.py:154} INFO - [2023-12-02T13:19:29.070+0700] {dagbag.py:536} INFO - Filling up the DagBag from /home/phuc/Practice/DataScience/DSProject/venv/lib/python3.10/site-packages/airflow/example_dags/example_kubernetes_executor.py
[2023-12-02T13:19:29.077+0700] {logging_mixin.py:154} INFO - [2023-12-02T13:19:29.077+0700] {example_kubernetes_executor.py:38} WARNING - The example_kubernetes_executor example DAG requires the kubernetes provider. Please install it with: pip install apache-airflow[cncf.kubernetes]
[2023-12-02T13:19:29.077+0700] {processor.py:841} WARNING - No viable dags retrieved from /home/phuc/Practice/DataScience/DSProject/venv/lib/python3.10/site-packages/airflow/example_dags/example_kubernetes_executor.py
[2023-12-02T13:19:29.095+0700] {processor.py:179} INFO - Processing /home/phuc/Practice/DataScience/DSProject/venv/lib/python3.10/site-packages/airflow/example_dags/example_kubernetes_executor.py took 0.033 seconds
[2023-12-02T13:20:19.502+0700] {processor.py:157} INFO - Started process (PID=81535) to work on /home/phuc/Practice/DataScience/DSProject/venv/lib/python3.10/site-packages/airflow/example_dags/example_kubernetes_executor.py
[2023-12-02T13:20:19.502+0700] {processor.py:829} INFO - Processing file /home/phuc/Practice/DataScience/DSProject/venv/lib/python3.10/site-packages/airflow/example_dags/example_kubernetes_executor.py for tasks to queue
[2023-12-02T13:20:19.503+0700] {logging_mixin.py:154} INFO - [2023-12-02T13:20:19.503+0700] {dagbag.py:536} INFO - Filling up the DagBag from /home/phuc/Practice/DataScience/DSProject/venv/lib/python3.10/site-packages/airflow/example_dags/example_kubernetes_executor.py
[2023-12-02T13:20:19.504+0700] {logging_mixin.py:154} INFO - [2023-12-02T13:20:19.504+0700] {example_kubernetes_executor.py:38} WARNING - The example_kubernetes_executor example DAG requires the kubernetes provider. Please install it with: pip install apache-airflow[cncf.kubernetes]
[2023-12-02T13:20:19.505+0700] {processor.py:841} WARNING - No viable dags retrieved from /home/phuc/Practice/DataScience/DSProject/venv/lib/python3.10/site-packages/airflow/example_dags/example_kubernetes_executor.py
[2023-12-02T13:20:19.512+0700] {processor.py:179} INFO - Processing /home/phuc/Practice/DataScience/DSProject/venv/lib/python3.10/site-packages/airflow/example_dags/example_kubernetes_executor.py took 0.012 seconds
[2023-12-02T13:21:10.886+0700] {processor.py:157} INFO - Started process (PID=81820) to work on /home/phuc/Practice/DataScience/DSProject/venv/lib/python3.10/site-packages/airflow/example_dags/example_kubernetes_executor.py
[2023-12-02T13:21:10.888+0700] {processor.py:829} INFO - Processing file /home/phuc/Practice/DataScience/DSProject/venv/lib/python3.10/site-packages/airflow/example_dags/example_kubernetes_executor.py for tasks to queue
[2023-12-02T13:21:10.889+0700] {logging_mixin.py:154} INFO - [2023-12-02T13:21:10.889+0700] {dagbag.py:536} INFO - Filling up the DagBag from /home/phuc/Practice/DataScience/DSProject/venv/lib/python3.10/site-packages/airflow/example_dags/example_kubernetes_executor.py
[2023-12-02T13:21:10.894+0700] {logging_mixin.py:154} INFO - [2023-12-02T13:21:10.894+0700] {example_kubernetes_executor.py:38} WARNING - The example_kubernetes_executor example DAG requires the kubernetes provider. Please install it with: pip install apache-airflow[cncf.kubernetes]
[2023-12-02T13:21:10.894+0700] {processor.py:841} WARNING - No viable dags retrieved from /home/phuc/Practice/DataScience/DSProject/venv/lib/python3.10/site-packages/airflow/example_dags/example_kubernetes_executor.py
[2023-12-02T13:21:10.902+0700] {processor.py:179} INFO - Processing /home/phuc/Practice/DataScience/DSProject/venv/lib/python3.10/site-packages/airflow/example_dags/example_kubernetes_executor.py took 0.020 seconds
[2023-12-02T13:21:58.143+0700] {processor.py:157} INFO - Started process (PID=82181) to work on /home/phuc/Practice/DataScience/DSProject/venv/lib/python3.10/site-packages/airflow/example_dags/example_kubernetes_executor.py
[2023-12-02T13:21:58.150+0700] {processor.py:829} INFO - Processing file /home/phuc/Practice/DataScience/DSProject/venv/lib/python3.10/site-packages/airflow/example_dags/example_kubernetes_executor.py for tasks to queue
[2023-12-02T13:21:58.151+0700] {logging_mixin.py:154} INFO - [2023-12-02T13:21:58.151+0700] {dagbag.py:536} INFO - Filling up the DagBag from /home/phuc/Practice/DataScience/DSProject/venv/lib/python3.10/site-packages/airflow/example_dags/example_kubernetes_executor.py
[2023-12-02T13:21:58.155+0700] {logging_mixin.py:154} INFO - [2023-12-02T13:21:58.154+0700] {example_kubernetes_executor.py:38} WARNING - The example_kubernetes_executor example DAG requires the kubernetes provider. Please install it with: pip install apache-airflow[cncf.kubernetes]
[2023-12-02T13:21:58.155+0700] {processor.py:841} WARNING - No viable dags retrieved from /home/phuc/Practice/DataScience/DSProject/venv/lib/python3.10/site-packages/airflow/example_dags/example_kubernetes_executor.py
[2023-12-02T13:21:58.166+0700] {processor.py:179} INFO - Processing /home/phuc/Practice/DataScience/DSProject/venv/lib/python3.10/site-packages/airflow/example_dags/example_kubernetes_executor.py took 0.027 seconds
[2023-12-02T13:22:43.754+0700] {processor.py:157} INFO - Started process (PID=82520) to work on /home/phuc/Practice/DataScience/DSProject/venv/lib/python3.10/site-packages/airflow/example_dags/example_kubernetes_executor.py
[2023-12-02T13:22:43.761+0700] {processor.py:829} INFO - Processing file /home/phuc/Practice/DataScience/DSProject/venv/lib/python3.10/site-packages/airflow/example_dags/example_kubernetes_executor.py for tasks to queue
[2023-12-02T13:22:43.762+0700] {logging_mixin.py:154} INFO - [2023-12-02T13:22:43.761+0700] {dagbag.py:536} INFO - Filling up the DagBag from /home/phuc/Practice/DataScience/DSProject/venv/lib/python3.10/site-packages/airflow/example_dags/example_kubernetes_executor.py
[2023-12-02T13:22:43.766+0700] {logging_mixin.py:154} INFO - [2023-12-02T13:22:43.766+0700] {example_kubernetes_executor.py:38} WARNING - The example_kubernetes_executor example DAG requires the kubernetes provider. Please install it with: pip install apache-airflow[cncf.kubernetes]
[2023-12-02T13:22:43.767+0700] {processor.py:841} WARNING - No viable dags retrieved from /home/phuc/Practice/DataScience/DSProject/venv/lib/python3.10/site-packages/airflow/example_dags/example_kubernetes_executor.py
[2023-12-02T13:22:43.777+0700] {processor.py:179} INFO - Processing /home/phuc/Practice/DataScience/DSProject/venv/lib/python3.10/site-packages/airflow/example_dags/example_kubernetes_executor.py took 0.025 seconds
[2023-12-02T13:23:28.108+0700] {processor.py:157} INFO - Started process (PID=82756) to work on /home/phuc/Practice/DataScience/DSProject/venv/lib/python3.10/site-packages/airflow/example_dags/example_kubernetes_executor.py
[2023-12-02T13:23:28.115+0700] {processor.py:829} INFO - Processing file /home/phuc/Practice/DataScience/DSProject/venv/lib/python3.10/site-packages/airflow/example_dags/example_kubernetes_executor.py for tasks to queue
[2023-12-02T13:23:28.116+0700] {logging_mixin.py:154} INFO - [2023-12-02T13:23:28.115+0700] {dagbag.py:536} INFO - Filling up the DagBag from /home/phuc/Practice/DataScience/DSProject/venv/lib/python3.10/site-packages/airflow/example_dags/example_kubernetes_executor.py
[2023-12-02T13:23:28.120+0700] {logging_mixin.py:154} INFO - [2023-12-02T13:23:28.120+0700] {example_kubernetes_executor.py:38} WARNING - The example_kubernetes_executor example DAG requires the kubernetes provider. Please install it with: pip install apache-airflow[cncf.kubernetes]
[2023-12-02T13:23:28.121+0700] {processor.py:841} WARNING - No viable dags retrieved from /home/phuc/Practice/DataScience/DSProject/venv/lib/python3.10/site-packages/airflow/example_dags/example_kubernetes_executor.py
[2023-12-02T13:23:28.132+0700] {processor.py:179} INFO - Processing /home/phuc/Practice/DataScience/DSProject/venv/lib/python3.10/site-packages/airflow/example_dags/example_kubernetes_executor.py took 0.026 seconds
[2023-12-02T13:24:11.319+0700] {processor.py:157} INFO - Started process (PID=82965) to work on /home/phuc/Practice/DataScience/DSProject/venv/lib/python3.10/site-packages/airflow/example_dags/example_kubernetes_executor.py
[2023-12-02T13:24:11.322+0700] {processor.py:829} INFO - Processing file /home/phuc/Practice/DataScience/DSProject/venv/lib/python3.10/site-packages/airflow/example_dags/example_kubernetes_executor.py for tasks to queue
[2023-12-02T13:24:11.324+0700] {logging_mixin.py:154} INFO - [2023-12-02T13:24:11.323+0700] {dagbag.py:536} INFO - Filling up the DagBag from /home/phuc/Practice/DataScience/DSProject/venv/lib/python3.10/site-packages/airflow/example_dags/example_kubernetes_executor.py
[2023-12-02T13:24:11.328+0700] {logging_mixin.py:154} INFO - [2023-12-02T13:24:11.328+0700] {example_kubernetes_executor.py:38} WARNING - The example_kubernetes_executor example DAG requires the kubernetes provider. Please install it with: pip install apache-airflow[cncf.kubernetes]
[2023-12-02T13:24:11.328+0700] {processor.py:841} WARNING - No viable dags retrieved from /home/phuc/Practice/DataScience/DSProject/venv/lib/python3.10/site-packages/airflow/example_dags/example_kubernetes_executor.py
[2023-12-02T13:24:11.337+0700] {processor.py:179} INFO - Processing /home/phuc/Practice/DataScience/DSProject/venv/lib/python3.10/site-packages/airflow/example_dags/example_kubernetes_executor.py took 0.021 seconds
[2023-12-02T13:24:55.736+0700] {processor.py:157} INFO - Started process (PID=83272) to work on /home/phuc/Practice/DataScience/DSProject/venv/lib/python3.10/site-packages/airflow/example_dags/example_kubernetes_executor.py
[2023-12-02T13:24:55.743+0700] {processor.py:829} INFO - Processing file /home/phuc/Practice/DataScience/DSProject/venv/lib/python3.10/site-packages/airflow/example_dags/example_kubernetes_executor.py for tasks to queue
[2023-12-02T13:24:55.745+0700] {logging_mixin.py:154} INFO - [2023-12-02T13:24:55.744+0700] {dagbag.py:536} INFO - Filling up the DagBag from /home/phuc/Practice/DataScience/DSProject/venv/lib/python3.10/site-packages/airflow/example_dags/example_kubernetes_executor.py
[2023-12-02T13:24:55.749+0700] {logging_mixin.py:154} INFO - [2023-12-02T13:24:55.749+0700] {example_kubernetes_executor.py:38} WARNING - The example_kubernetes_executor example DAG requires the kubernetes provider. Please install it with: pip install apache-airflow[cncf.kubernetes]
[2023-12-02T13:24:55.750+0700] {processor.py:841} WARNING - No viable dags retrieved from /home/phuc/Practice/DataScience/DSProject/venv/lib/python3.10/site-packages/airflow/example_dags/example_kubernetes_executor.py
[2023-12-02T13:24:55.760+0700] {processor.py:179} INFO - Processing /home/phuc/Practice/DataScience/DSProject/venv/lib/python3.10/site-packages/airflow/example_dags/example_kubernetes_executor.py took 0.026 seconds
[2023-12-02T13:25:43.374+0700] {processor.py:157} INFO - Started process (PID=83498) to work on /home/phuc/Practice/DataScience/DSProject/venv/lib/python3.10/site-packages/airflow/example_dags/example_kubernetes_executor.py
[2023-12-02T13:25:43.381+0700] {processor.py:829} INFO - Processing file /home/phuc/Practice/DataScience/DSProject/venv/lib/python3.10/site-packages/airflow/example_dags/example_kubernetes_executor.py for tasks to queue
[2023-12-02T13:25:43.383+0700] {logging_mixin.py:154} INFO - [2023-12-02T13:25:43.382+0700] {dagbag.py:536} INFO - Filling up the DagBag from /home/phuc/Practice/DataScience/DSProject/venv/lib/python3.10/site-packages/airflow/example_dags/example_kubernetes_executor.py
[2023-12-02T13:25:43.387+0700] {logging_mixin.py:154} INFO - [2023-12-02T13:25:43.386+0700] {example_kubernetes_executor.py:38} WARNING - The example_kubernetes_executor example DAG requires the kubernetes provider. Please install it with: pip install apache-airflow[cncf.kubernetes]
[2023-12-02T13:25:43.387+0700] {processor.py:841} WARNING - No viable dags retrieved from /home/phuc/Practice/DataScience/DSProject/venv/lib/python3.10/site-packages/airflow/example_dags/example_kubernetes_executor.py
[2023-12-02T13:25:43.397+0700] {processor.py:179} INFO - Processing /home/phuc/Practice/DataScience/DSProject/venv/lib/python3.10/site-packages/airflow/example_dags/example_kubernetes_executor.py took 0.027 seconds
[2023-12-02T13:26:34.253+0700] {processor.py:157} INFO - Started process (PID=83722) to work on /home/phuc/Practice/DataScience/DSProject/venv/lib/python3.10/site-packages/airflow/example_dags/example_kubernetes_executor.py
[2023-12-02T13:26:34.253+0700] {processor.py:829} INFO - Processing file /home/phuc/Practice/DataScience/DSProject/venv/lib/python3.10/site-packages/airflow/example_dags/example_kubernetes_executor.py for tasks to queue
[2023-12-02T13:26:34.254+0700] {logging_mixin.py:154} INFO - [2023-12-02T13:26:34.254+0700] {dagbag.py:536} INFO - Filling up the DagBag from /home/phuc/Practice/DataScience/DSProject/venv/lib/python3.10/site-packages/airflow/example_dags/example_kubernetes_executor.py
[2023-12-02T13:26:34.256+0700] {logging_mixin.py:154} INFO - [2023-12-02T13:26:34.256+0700] {example_kubernetes_executor.py:38} WARNING - The example_kubernetes_executor example DAG requires the kubernetes provider. Please install it with: pip install apache-airflow[cncf.kubernetes]
[2023-12-02T13:26:34.256+0700] {processor.py:841} WARNING - No viable dags retrieved from /home/phuc/Practice/DataScience/DSProject/venv/lib/python3.10/site-packages/airflow/example_dags/example_kubernetes_executor.py
[2023-12-02T13:26:34.263+0700] {processor.py:179} INFO - Processing /home/phuc/Practice/DataScience/DSProject/venv/lib/python3.10/site-packages/airflow/example_dags/example_kubernetes_executor.py took 0.013 seconds
