[2023-12-02T13:18:30.862+0700] {processor.py:157} INFO - Started process (PID=80922) to work on /home/phuc/Practice/DataScience/DSProject/venv/lib/python3.10/site-packages/airflow/example_dags/example_sla_dag.py
[2023-12-02T13:18:30.864+0700] {processor.py:829} INFO - Processing file /home/phuc/Practice/DataScience/DSProject/venv/lib/python3.10/site-packages/airflow/example_dags/example_sla_dag.py for tasks to queue
[2023-12-02T13:18:30.865+0700] {logging_mixin.py:154} INFO - [2023-12-02T13:18:30.864+0700] {dagbag.py:536} INFO - Filling up the DagBag from /home/phuc/Practice/DataScience/DSProject/venv/lib/python3.10/site-packages/airflow/example_dags/example_sla_dag.py
[2023-12-02T13:18:30.876+0700] {processor.py:839} INFO - DAG(s) dict_keys(['example_sla_dag']) retrieved from /home/phuc/Practice/DataScience/DSProject/venv/lib/python3.10/site-packages/airflow/example_dags/example_sla_dag.py
[2023-12-02T13:18:30.930+0700] {logging_mixin.py:154} INFO - [2023-12-02T13:18:30.930+0700] {manager.py:499} INFO - Created Permission View: %s
[2023-12-02T13:18:30.935+0700] {logging_mixin.py:154} INFO - [2023-12-02T13:18:30.935+0700] {manager.py:499} INFO - Created Permission View: %s
[2023-12-02T13:18:30.939+0700] {logging_mixin.py:154} INFO - [2023-12-02T13:18:30.939+0700] {manager.py:499} INFO - Created Permission View: %s
[2023-12-02T13:18:30.939+0700] {logging_mixin.py:154} INFO - [2023-12-02T13:18:30.939+0700] {dag.py:2941} INFO - Sync 1 DAGs
[2023-12-02T13:18:30.945+0700] {logging_mixin.py:154} INFO - [2023-12-02T13:18:30.945+0700] {dag.py:2963} INFO - Creating ORM DAG for example_sla_dag
[2023-12-02T13:18:30.950+0700] {logging_mixin.py:154} INFO - [2023-12-02T13:18:30.950+0700] {dag.py:3722} INFO - Setting next_dagrun for example_sla_dag to 2023-12-02T06:16:00+00:00, run_after=2023-12-02T06:18:00+00:00
[2023-12-02T13:18:30.959+0700] {processor.py:179} INFO - Processing /home/phuc/Practice/DataScience/DSProject/venv/lib/python3.10/site-packages/airflow/example_dags/example_sla_dag.py took 0.102 seconds
[2023-12-02T13:19:17.468+0700] {processor.py:157} INFO - Started process (PID=81126) to work on /home/phuc/Practice/DataScience/DSProject/venv/lib/python3.10/site-packages/airflow/example_dags/example_sla_dag.py
[2023-12-02T13:19:17.476+0700] {processor.py:829} INFO - Processing file /home/phuc/Practice/DataScience/DSProject/venv/lib/python3.10/site-packages/airflow/example_dags/example_sla_dag.py for tasks to queue
[2023-12-02T13:19:17.477+0700] {logging_mixin.py:154} INFO - [2023-12-02T13:19:17.476+0700] {dagbag.py:536} INFO - Filling up the DagBag from /home/phuc/Practice/DataScience/DSProject/venv/lib/python3.10/site-packages/airflow/example_dags/example_sla_dag.py
[2023-12-02T13:19:17.487+0700] {processor.py:839} INFO - DAG(s) dict_keys(['example_sla_dag']) retrieved from /home/phuc/Practice/DataScience/DSProject/venv/lib/python3.10/site-packages/airflow/example_dags/example_sla_dag.py
[2023-12-02T13:19:17.496+0700] {logging_mixin.py:154} INFO - [2023-12-02T13:19:17.496+0700] {dag.py:2941} INFO - Sync 1 DAGs
[2023-12-02T13:19:17.507+0700] {logging_mixin.py:154} INFO - [2023-12-02T13:19:17.507+0700] {dag.py:3722} INFO - Setting next_dagrun for example_sla_dag to 2023-12-02T06:16:00+00:00, run_after=2023-12-02T06:18:00+00:00
[2023-12-02T13:19:17.518+0700] {processor.py:179} INFO - Processing /home/phuc/Practice/DataScience/DSProject/venv/lib/python3.10/site-packages/airflow/example_dags/example_sla_dag.py took 0.055 seconds
[2023-12-02T13:20:06.461+0700] {processor.py:157} INFO - Started process (PID=81452) to work on /home/phuc/Practice/DataScience/DSProject/venv/lib/python3.10/site-packages/airflow/example_dags/example_sla_dag.py
[2023-12-02T13:20:06.469+0700] {processor.py:829} INFO - Processing file /home/phuc/Practice/DataScience/DSProject/venv/lib/python3.10/site-packages/airflow/example_dags/example_sla_dag.py for tasks to queue
[2023-12-02T13:20:06.470+0700] {logging_mixin.py:154} INFO - [2023-12-02T13:20:06.470+0700] {dagbag.py:536} INFO - Filling up the DagBag from /home/phuc/Practice/DataScience/DSProject/venv/lib/python3.10/site-packages/airflow/example_dags/example_sla_dag.py
[2023-12-02T13:20:06.477+0700] {processor.py:839} INFO - DAG(s) dict_keys(['example_sla_dag']) retrieved from /home/phuc/Practice/DataScience/DSProject/venv/lib/python3.10/site-packages/airflow/example_dags/example_sla_dag.py
[2023-12-02T13:20:06.485+0700] {logging_mixin.py:154} INFO - [2023-12-02T13:20:06.485+0700] {dag.py:2941} INFO - Sync 1 DAGs
[2023-12-02T13:20:06.496+0700] {logging_mixin.py:154} INFO - [2023-12-02T13:20:06.496+0700] {dag.py:3722} INFO - Setting next_dagrun for example_sla_dag to 2023-12-02T06:18:00+00:00, run_after=2023-12-02T06:20:00+00:00
[2023-12-02T13:20:06.506+0700] {processor.py:179} INFO - Processing /home/phuc/Practice/DataScience/DSProject/venv/lib/python3.10/site-packages/airflow/example_dags/example_sla_dag.py took 0.046 seconds
[2023-12-02T13:20:56.373+0700] {processor.py:157} INFO - Started process (PID=81751) to work on /home/phuc/Practice/DataScience/DSProject/venv/lib/python3.10/site-packages/airflow/example_dags/example_sla_dag.py
[2023-12-02T13:20:56.381+0700] {processor.py:829} INFO - Processing file /home/phuc/Practice/DataScience/DSProject/venv/lib/python3.10/site-packages/airflow/example_dags/example_sla_dag.py for tasks to queue
[2023-12-02T13:20:56.382+0700] {logging_mixin.py:154} INFO - [2023-12-02T13:20:56.382+0700] {dagbag.py:536} INFO - Filling up the DagBag from /home/phuc/Practice/DataScience/DSProject/venv/lib/python3.10/site-packages/airflow/example_dags/example_sla_dag.py
[2023-12-02T13:20:56.400+0700] {processor.py:839} INFO - DAG(s) dict_keys(['example_sla_dag']) retrieved from /home/phuc/Practice/DataScience/DSProject/venv/lib/python3.10/site-packages/airflow/example_dags/example_sla_dag.py
[2023-12-02T13:20:56.428+0700] {logging_mixin.py:154} INFO - [2023-12-02T13:20:56.428+0700] {dag.py:2941} INFO - Sync 1 DAGs
[2023-12-02T13:20:56.479+0700] {logging_mixin.py:154} INFO - [2023-12-02T13:20:56.479+0700] {dag.py:3722} INFO - Setting next_dagrun for example_sla_dag to 2023-12-02T06:18:00+00:00, run_after=2023-12-02T06:20:00+00:00
[2023-12-02T13:20:56.524+0700] {processor.py:179} INFO - Processing /home/phuc/Practice/DataScience/DSProject/venv/lib/python3.10/site-packages/airflow/example_dags/example_sla_dag.py took 0.157 seconds
[2023-12-02T13:21:46.481+0700] {processor.py:157} INFO - Started process (PID=82084) to work on /home/phuc/Practice/DataScience/DSProject/venv/lib/python3.10/site-packages/airflow/example_dags/example_sla_dag.py
[2023-12-02T13:21:46.488+0700] {processor.py:829} INFO - Processing file /home/phuc/Practice/DataScience/DSProject/venv/lib/python3.10/site-packages/airflow/example_dags/example_sla_dag.py for tasks to queue
[2023-12-02T13:21:46.490+0700] {logging_mixin.py:154} INFO - [2023-12-02T13:21:46.489+0700] {dagbag.py:536} INFO - Filling up the DagBag from /home/phuc/Practice/DataScience/DSProject/venv/lib/python3.10/site-packages/airflow/example_dags/example_sla_dag.py
[2023-12-02T13:21:46.501+0700] {processor.py:839} INFO - DAG(s) dict_keys(['example_sla_dag']) retrieved from /home/phuc/Practice/DataScience/DSProject/venv/lib/python3.10/site-packages/airflow/example_dags/example_sla_dag.py
[2023-12-02T13:21:46.513+0700] {logging_mixin.py:154} INFO - [2023-12-02T13:21:46.513+0700] {dag.py:2941} INFO - Sync 1 DAGs
[2023-12-02T13:21:46.529+0700] {logging_mixin.py:154} INFO - [2023-12-02T13:21:46.529+0700] {dag.py:3722} INFO - Setting next_dagrun for example_sla_dag to 2023-12-02T06:18:00+00:00, run_after=2023-12-02T06:20:00+00:00
[2023-12-02T13:21:46.542+0700] {processor.py:179} INFO - Processing /home/phuc/Practice/DataScience/DSProject/venv/lib/python3.10/site-packages/airflow/example_dags/example_sla_dag.py took 0.064 seconds
[2023-12-02T13:22:31.856+0700] {processor.py:157} INFO - Started process (PID=82416) to work on /home/phuc/Practice/DataScience/DSProject/venv/lib/python3.10/site-packages/airflow/example_dags/example_sla_dag.py
[2023-12-02T13:22:31.862+0700] {processor.py:829} INFO - Processing file /home/phuc/Practice/DataScience/DSProject/venv/lib/python3.10/site-packages/airflow/example_dags/example_sla_dag.py for tasks to queue
[2023-12-02T13:22:31.864+0700] {logging_mixin.py:154} INFO - [2023-12-02T13:22:31.863+0700] {dagbag.py:536} INFO - Filling up the DagBag from /home/phuc/Practice/DataScience/DSProject/venv/lib/python3.10/site-packages/airflow/example_dags/example_sla_dag.py
[2023-12-02T13:22:31.875+0700] {processor.py:839} INFO - DAG(s) dict_keys(['example_sla_dag']) retrieved from /home/phuc/Practice/DataScience/DSProject/venv/lib/python3.10/site-packages/airflow/example_dags/example_sla_dag.py
[2023-12-02T13:22:31.885+0700] {logging_mixin.py:154} INFO - [2023-12-02T13:22:31.885+0700] {dag.py:2941} INFO - Sync 1 DAGs
[2023-12-02T13:22:31.899+0700] {logging_mixin.py:154} INFO - [2023-12-02T13:22:31.898+0700] {dag.py:3722} INFO - Setting next_dagrun for example_sla_dag to 2023-12-02T06:20:00+00:00, run_after=2023-12-02T06:22:00+00:00
[2023-12-02T13:22:31.910+0700] {processor.py:179} INFO - Processing /home/phuc/Practice/DataScience/DSProject/venv/lib/python3.10/site-packages/airflow/example_dags/example_sla_dag.py took 0.057 seconds
[2023-12-02T13:23:16.586+0700] {processor.py:157} INFO - Started process (PID=82711) to work on /home/phuc/Practice/DataScience/DSProject/venv/lib/python3.10/site-packages/airflow/example_dags/example_sla_dag.py
[2023-12-02T13:23:16.593+0700] {processor.py:829} INFO - Processing file /home/phuc/Practice/DataScience/DSProject/venv/lib/python3.10/site-packages/airflow/example_dags/example_sla_dag.py for tasks to queue
[2023-12-02T13:23:16.594+0700] {logging_mixin.py:154} INFO - [2023-12-02T13:23:16.594+0700] {dagbag.py:536} INFO - Filling up the DagBag from /home/phuc/Practice/DataScience/DSProject/venv/lib/python3.10/site-packages/airflow/example_dags/example_sla_dag.py
[2023-12-02T13:23:16.604+0700] {processor.py:839} INFO - DAG(s) dict_keys(['example_sla_dag']) retrieved from /home/phuc/Practice/DataScience/DSProject/venv/lib/python3.10/site-packages/airflow/example_dags/example_sla_dag.py
[2023-12-02T13:23:16.617+0700] {logging_mixin.py:154} INFO - [2023-12-02T13:23:16.616+0700] {dag.py:2941} INFO - Sync 1 DAGs
[2023-12-02T13:23:16.635+0700] {logging_mixin.py:154} INFO - [2023-12-02T13:23:16.635+0700] {dag.py:3722} INFO - Setting next_dagrun for example_sla_dag to 2023-12-02T06:20:00+00:00, run_after=2023-12-02T06:22:00+00:00
[2023-12-02T13:23:16.651+0700] {processor.py:179} INFO - Processing /home/phuc/Practice/DataScience/DSProject/venv/lib/python3.10/site-packages/airflow/example_dags/example_sla_dag.py took 0.068 seconds
[2023-12-02T13:24:01.857+0700] {processor.py:157} INFO - Started process (PID=82921) to work on /home/phuc/Practice/DataScience/DSProject/venv/lib/python3.10/site-packages/airflow/example_dags/example_sla_dag.py
[2023-12-02T13:24:01.864+0700] {processor.py:829} INFO - Processing file /home/phuc/Practice/DataScience/DSProject/venv/lib/python3.10/site-packages/airflow/example_dags/example_sla_dag.py for tasks to queue
[2023-12-02T13:24:01.866+0700] {logging_mixin.py:154} INFO - [2023-12-02T13:24:01.865+0700] {dagbag.py:536} INFO - Filling up the DagBag from /home/phuc/Practice/DataScience/DSProject/venv/lib/python3.10/site-packages/airflow/example_dags/example_sla_dag.py
[2023-12-02T13:24:01.877+0700] {processor.py:839} INFO - DAG(s) dict_keys(['example_sla_dag']) retrieved from /home/phuc/Practice/DataScience/DSProject/venv/lib/python3.10/site-packages/airflow/example_dags/example_sla_dag.py
[2023-12-02T13:24:01.888+0700] {logging_mixin.py:154} INFO - [2023-12-02T13:24:01.888+0700] {dag.py:2941} INFO - Sync 1 DAGs
[2023-12-02T13:24:01.903+0700] {logging_mixin.py:154} INFO - [2023-12-02T13:24:01.903+0700] {dag.py:3722} INFO - Setting next_dagrun for example_sla_dag to 2023-12-02T06:22:00+00:00, run_after=2023-12-02T06:24:00+00:00
[2023-12-02T13:24:01.915+0700] {processor.py:179} INFO - Processing /home/phuc/Practice/DataScience/DSProject/venv/lib/python3.10/site-packages/airflow/example_dags/example_sla_dag.py took 0.061 seconds
[2023-12-02T13:24:45.583+0700] {processor.py:157} INFO - Started process (PID=83139) to work on /home/phuc/Practice/DataScience/DSProject/venv/lib/python3.10/site-packages/airflow/example_dags/example_sla_dag.py
[2023-12-02T13:24:45.585+0700] {processor.py:829} INFO - Processing file /home/phuc/Practice/DataScience/DSProject/venv/lib/python3.10/site-packages/airflow/example_dags/example_sla_dag.py for tasks to queue
[2023-12-02T13:24:45.585+0700] {logging_mixin.py:154} INFO - [2023-12-02T13:24:45.585+0700] {dagbag.py:536} INFO - Filling up the DagBag from /home/phuc/Practice/DataScience/DSProject/venv/lib/python3.10/site-packages/airflow/example_dags/example_sla_dag.py
[2023-12-02T13:24:45.593+0700] {processor.py:839} INFO - DAG(s) dict_keys(['example_sla_dag']) retrieved from /home/phuc/Practice/DataScience/DSProject/venv/lib/python3.10/site-packages/airflow/example_dags/example_sla_dag.py
[2023-12-02T13:24:45.603+0700] {logging_mixin.py:154} INFO - [2023-12-02T13:24:45.603+0700] {dag.py:2941} INFO - Sync 1 DAGs
[2023-12-02T13:24:45.620+0700] {logging_mixin.py:154} INFO - [2023-12-02T13:24:45.620+0700] {dag.py:3722} INFO - Setting next_dagrun for example_sla_dag to 2023-12-02T06:22:00+00:00, run_after=2023-12-02T06:24:00+00:00
[2023-12-02T13:24:45.636+0700] {processor.py:179} INFO - Processing /home/phuc/Practice/DataScience/DSProject/venv/lib/python3.10/site-packages/airflow/example_dags/example_sla_dag.py took 0.055 seconds
[2023-12-02T13:25:33.065+0700] {processor.py:157} INFO - Started process (PID=83455) to work on /home/phuc/Practice/DataScience/DSProject/venv/lib/python3.10/site-packages/airflow/example_dags/example_sla_dag.py
[2023-12-02T13:25:33.072+0700] {processor.py:829} INFO - Processing file /home/phuc/Practice/DataScience/DSProject/venv/lib/python3.10/site-packages/airflow/example_dags/example_sla_dag.py for tasks to queue
[2023-12-02T13:25:33.073+0700] {logging_mixin.py:154} INFO - [2023-12-02T13:25:33.072+0700] {dagbag.py:536} INFO - Filling up the DagBag from /home/phuc/Practice/DataScience/DSProject/venv/lib/python3.10/site-packages/airflow/example_dags/example_sla_dag.py
[2023-12-02T13:25:33.080+0700] {processor.py:839} INFO - DAG(s) dict_keys(['example_sla_dag']) retrieved from /home/phuc/Practice/DataScience/DSProject/venv/lib/python3.10/site-packages/airflow/example_dags/example_sla_dag.py
[2023-12-02T13:25:33.094+0700] {logging_mixin.py:154} INFO - [2023-12-02T13:25:33.094+0700] {dag.py:2941} INFO - Sync 1 DAGs
[2023-12-02T13:25:33.114+0700] {logging_mixin.py:154} INFO - [2023-12-02T13:25:33.114+0700] {dag.py:3722} INFO - Setting next_dagrun for example_sla_dag to 2023-12-02T06:22:00+00:00, run_after=2023-12-02T06:24:00+00:00
[2023-12-02T13:25:33.132+0700] {processor.py:179} INFO - Processing /home/phuc/Practice/DataScience/DSProject/venv/lib/python3.10/site-packages/airflow/example_dags/example_sla_dag.py took 0.069 seconds
[2023-12-02T13:26:15.564+0700] {processor.py:157} INFO - Started process (PID=83633) to work on /home/phuc/Practice/DataScience/DSProject/venv/lib/python3.10/site-packages/airflow/example_dags/example_sla_dag.py
[2023-12-02T13:26:15.570+0700] {processor.py:829} INFO - Processing file /home/phuc/Practice/DataScience/DSProject/venv/lib/python3.10/site-packages/airflow/example_dags/example_sla_dag.py for tasks to queue
[2023-12-02T13:26:15.571+0700] {logging_mixin.py:154} INFO - [2023-12-02T13:26:15.571+0700] {dagbag.py:536} INFO - Filling up the DagBag from /home/phuc/Practice/DataScience/DSProject/venv/lib/python3.10/site-packages/airflow/example_dags/example_sla_dag.py
[2023-12-02T13:26:15.578+0700] {processor.py:839} INFO - DAG(s) dict_keys(['example_sla_dag']) retrieved from /home/phuc/Practice/DataScience/DSProject/venv/lib/python3.10/site-packages/airflow/example_dags/example_sla_dag.py
[2023-12-02T13:26:15.591+0700] {logging_mixin.py:154} INFO - [2023-12-02T13:26:15.591+0700] {dag.py:2941} INFO - Sync 1 DAGs
[2023-12-02T13:26:15.612+0700] {logging_mixin.py:154} INFO - [2023-12-02T13:26:15.612+0700] {dag.py:3722} INFO - Setting next_dagrun for example_sla_dag to 2023-12-02T06:24:00+00:00, run_after=2023-12-02T06:26:00+00:00
[2023-12-02T13:26:15.634+0700] {processor.py:179} INFO - Processing /home/phuc/Practice/DataScience/DSProject/venv/lib/python3.10/site-packages/airflow/example_dags/example_sla_dag.py took 0.073 seconds
