[2023-12-02T13:18:47.747+0700] {processor.py:157} INFO - Started process (PID=81005) to work on /home/phuc/Practice/DataScience/DSProject/venv/lib/python3.10/site-packages/airflow/example_dags/example_branch_operator_decorator.py
[2023-12-02T13:18:47.747+0700] {processor.py:829} INFO - Processing file /home/phuc/Practice/DataScience/DSProject/venv/lib/python3.10/site-packages/airflow/example_dags/example_branch_operator_decorator.py for tasks to queue
[2023-12-02T13:18:47.748+0700] {logging_mixin.py:154} INFO - [2023-12-02T13:18:47.747+0700] {dagbag.py:536} INFO - Filling up the DagBag from /home/phuc/Practice/DataScience/DSProject/venv/lib/python3.10/site-packages/airflow/example_dags/example_branch_operator_decorator.py
[2023-12-02T13:18:47.753+0700] {processor.py:839} INFO - DAG(s) dict_keys(['example_branch_python_operator_decorator']) retrieved from /home/phuc/Practice/DataScience/DSProject/venv/lib/python3.10/site-packages/airflow/example_dags/example_branch_operator_decorator.py
[2023-12-02T13:18:47.808+0700] {logging_mixin.py:154} INFO - [2023-12-02T13:18:47.808+0700] {manager.py:499} INFO - Created Permission View: %s
[2023-12-02T13:18:47.813+0700] {logging_mixin.py:154} INFO - [2023-12-02T13:18:47.813+0700] {manager.py:499} INFO - Created Permission View: %s
[2023-12-02T13:18:47.817+0700] {logging_mixin.py:154} INFO - [2023-12-02T13:18:47.817+0700] {manager.py:499} INFO - Created Permission View: %s
[2023-12-02T13:18:47.817+0700] {logging_mixin.py:154} INFO - [2023-12-02T13:18:47.817+0700] {dag.py:2941} INFO - Sync 1 DAGs
[2023-12-02T13:18:47.822+0700] {logging_mixin.py:154} INFO - [2023-12-02T13:18:47.822+0700] {dag.py:2963} INFO - Creating ORM DAG for example_branch_python_operator_decorator
[2023-12-02T13:18:47.827+0700] {logging_mixin.py:154} INFO - [2023-12-02T13:18:47.827+0700] {dag.py:3722} INFO - Setting next_dagrun for example_branch_python_operator_decorator to 2023-12-01T00:00:00+00:00, run_after=2023-12-02T00:00:00+00:00
[2023-12-02T13:18:47.837+0700] {processor.py:179} INFO - Processing /home/phuc/Practice/DataScience/DSProject/venv/lib/python3.10/site-packages/airflow/example_dags/example_branch_operator_decorator.py took 0.091 seconds
[2023-12-02T13:19:40.749+0700] {processor.py:157} INFO - Started process (PID=81318) to work on /home/phuc/Practice/DataScience/DSProject/venv/lib/python3.10/site-packages/airflow/example_dags/example_branch_operator_decorator.py
[2023-12-02T13:19:40.750+0700] {processor.py:829} INFO - Processing file /home/phuc/Practice/DataScience/DSProject/venv/lib/python3.10/site-packages/airflow/example_dags/example_branch_operator_decorator.py for tasks to queue
[2023-12-02T13:19:40.751+0700] {logging_mixin.py:154} INFO - [2023-12-02T13:19:40.751+0700] {dagbag.py:536} INFO - Filling up the DagBag from /home/phuc/Practice/DataScience/DSProject/venv/lib/python3.10/site-packages/airflow/example_dags/example_branch_operator_decorator.py
[2023-12-02T13:19:40.759+0700] {processor.py:839} INFO - DAG(s) dict_keys(['example_branch_python_operator_decorator']) retrieved from /home/phuc/Practice/DataScience/DSProject/venv/lib/python3.10/site-packages/airflow/example_dags/example_branch_operator_decorator.py
[2023-12-02T13:19:40.771+0700] {logging_mixin.py:154} INFO - [2023-12-02T13:19:40.771+0700] {dag.py:2941} INFO - Sync 1 DAGs
[2023-12-02T13:19:40.784+0700] {logging_mixin.py:154} INFO - [2023-12-02T13:19:40.784+0700] {dag.py:3722} INFO - Setting next_dagrun for example_branch_python_operator_decorator to 2023-12-01T00:00:00+00:00, run_after=2023-12-02T00:00:00+00:00
[2023-12-02T13:19:40.798+0700] {processor.py:179} INFO - Processing /home/phuc/Practice/DataScience/DSProject/venv/lib/python3.10/site-packages/airflow/example_dags/example_branch_operator_decorator.py took 0.050 seconds
[2023-12-02T13:20:32.376+0700] {processor.py:157} INFO - Started process (PID=81638) to work on /home/phuc/Practice/DataScience/DSProject/venv/lib/python3.10/site-packages/airflow/example_dags/example_branch_operator_decorator.py
[2023-12-02T13:20:32.383+0700] {processor.py:829} INFO - Processing file /home/phuc/Practice/DataScience/DSProject/venv/lib/python3.10/site-packages/airflow/example_dags/example_branch_operator_decorator.py for tasks to queue
[2023-12-02T13:20:32.385+0700] {logging_mixin.py:154} INFO - [2023-12-02T13:20:32.384+0700] {dagbag.py:536} INFO - Filling up the DagBag from /home/phuc/Practice/DataScience/DSProject/venv/lib/python3.10/site-packages/airflow/example_dags/example_branch_operator_decorator.py
[2023-12-02T13:20:32.397+0700] {processor.py:839} INFO - DAG(s) dict_keys(['example_branch_python_operator_decorator']) retrieved from /home/phuc/Practice/DataScience/DSProject/venv/lib/python3.10/site-packages/airflow/example_dags/example_branch_operator_decorator.py
[2023-12-02T13:20:32.408+0700] {logging_mixin.py:154} INFO - [2023-12-02T13:20:32.408+0700] {dag.py:2941} INFO - Sync 1 DAGs
[2023-12-02T13:20:32.419+0700] {logging_mixin.py:154} INFO - [2023-12-02T13:20:32.419+0700] {dag.py:3722} INFO - Setting next_dagrun for example_branch_python_operator_decorator to 2023-12-01T00:00:00+00:00, run_after=2023-12-02T00:00:00+00:00
[2023-12-02T13:20:32.431+0700] {processor.py:179} INFO - Processing /home/phuc/Practice/DataScience/DSProject/venv/lib/python3.10/site-packages/airflow/example_dags/example_branch_operator_decorator.py took 0.060 seconds
[2023-12-02T13:21:24.040+0700] {processor.py:157} INFO - Started process (PID=81893) to work on /home/phuc/Practice/DataScience/DSProject/venv/lib/python3.10/site-packages/airflow/example_dags/example_branch_operator_decorator.py
[2023-12-02T13:21:24.047+0700] {processor.py:829} INFO - Processing file /home/phuc/Practice/DataScience/DSProject/venv/lib/python3.10/site-packages/airflow/example_dags/example_branch_operator_decorator.py for tasks to queue
[2023-12-02T13:21:24.048+0700] {logging_mixin.py:154} INFO - [2023-12-02T13:21:24.048+0700] {dagbag.py:536} INFO - Filling up the DagBag from /home/phuc/Practice/DataScience/DSProject/venv/lib/python3.10/site-packages/airflow/example_dags/example_branch_operator_decorator.py
[2023-12-02T13:21:24.061+0700] {processor.py:839} INFO - DAG(s) dict_keys(['example_branch_python_operator_decorator']) retrieved from /home/phuc/Practice/DataScience/DSProject/venv/lib/python3.10/site-packages/airflow/example_dags/example_branch_operator_decorator.py
[2023-12-02T13:21:24.074+0700] {logging_mixin.py:154} INFO - [2023-12-02T13:21:24.073+0700] {dag.py:2941} INFO - Sync 1 DAGs
[2023-12-02T13:21:24.087+0700] {logging_mixin.py:154} INFO - [2023-12-02T13:21:24.087+0700] {dag.py:3722} INFO - Setting next_dagrun for example_branch_python_operator_decorator to 2023-12-01T00:00:00+00:00, run_after=2023-12-02T00:00:00+00:00
[2023-12-02T13:21:24.100+0700] {processor.py:179} INFO - Processing /home/phuc/Practice/DataScience/DSProject/venv/lib/python3.10/site-packages/airflow/example_dags/example_branch_operator_decorator.py took 0.062 seconds
[2023-12-02T13:22:11.042+0700] {processor.py:157} INFO - Started process (PID=82277) to work on /home/phuc/Practice/DataScience/DSProject/venv/lib/python3.10/site-packages/airflow/example_dags/example_branch_operator_decorator.py
[2023-12-02T13:22:11.049+0700] {processor.py:829} INFO - Processing file /home/phuc/Practice/DataScience/DSProject/venv/lib/python3.10/site-packages/airflow/example_dags/example_branch_operator_decorator.py for tasks to queue
[2023-12-02T13:22:11.051+0700] {logging_mixin.py:154} INFO - [2023-12-02T13:22:11.050+0700] {dagbag.py:536} INFO - Filling up the DagBag from /home/phuc/Practice/DataScience/DSProject/venv/lib/python3.10/site-packages/airflow/example_dags/example_branch_operator_decorator.py
[2023-12-02T13:22:11.064+0700] {processor.py:839} INFO - DAG(s) dict_keys(['example_branch_python_operator_decorator']) retrieved from /home/phuc/Practice/DataScience/DSProject/venv/lib/python3.10/site-packages/airflow/example_dags/example_branch_operator_decorator.py
[2023-12-02T13:22:11.075+0700] {logging_mixin.py:154} INFO - [2023-12-02T13:22:11.075+0700] {dag.py:2941} INFO - Sync 1 DAGs
[2023-12-02T13:22:11.087+0700] {logging_mixin.py:154} INFO - [2023-12-02T13:22:11.087+0700] {dag.py:3722} INFO - Setting next_dagrun for example_branch_python_operator_decorator to 2023-12-01T00:00:00+00:00, run_after=2023-12-02T00:00:00+00:00
[2023-12-02T13:22:11.099+0700] {processor.py:179} INFO - Processing /home/phuc/Practice/DataScience/DSProject/venv/lib/python3.10/site-packages/airflow/example_dags/example_branch_operator_decorator.py took 0.063 seconds
[2023-12-02T13:22:57.322+0700] {processor.py:157} INFO - Started process (PID=82606) to work on /home/phuc/Practice/DataScience/DSProject/venv/lib/python3.10/site-packages/airflow/example_dags/example_branch_operator_decorator.py
[2023-12-02T13:22:57.329+0700] {processor.py:829} INFO - Processing file /home/phuc/Practice/DataScience/DSProject/venv/lib/python3.10/site-packages/airflow/example_dags/example_branch_operator_decorator.py for tasks to queue
[2023-12-02T13:22:57.330+0700] {logging_mixin.py:154} INFO - [2023-12-02T13:22:57.329+0700] {dagbag.py:536} INFO - Filling up the DagBag from /home/phuc/Practice/DataScience/DSProject/venv/lib/python3.10/site-packages/airflow/example_dags/example_branch_operator_decorator.py
[2023-12-02T13:22:57.339+0700] {processor.py:839} INFO - DAG(s) dict_keys(['example_branch_python_operator_decorator']) retrieved from /home/phuc/Practice/DataScience/DSProject/venv/lib/python3.10/site-packages/airflow/example_dags/example_branch_operator_decorator.py
[2023-12-02T13:22:57.350+0700] {logging_mixin.py:154} INFO - [2023-12-02T13:22:57.350+0700] {dag.py:2941} INFO - Sync 1 DAGs
[2023-12-02T13:22:57.361+0700] {logging_mixin.py:154} INFO - [2023-12-02T13:22:57.361+0700] {dag.py:3722} INFO - Setting next_dagrun for example_branch_python_operator_decorator to 2023-12-01T00:00:00+00:00, run_after=2023-12-02T00:00:00+00:00
[2023-12-02T13:22:57.373+0700] {processor.py:179} INFO - Processing /home/phuc/Practice/DataScience/DSProject/venv/lib/python3.10/site-packages/airflow/example_dags/example_branch_operator_decorator.py took 0.053 seconds
[2023-12-02T13:23:40.118+0700] {processor.py:157} INFO - Started process (PID=82825) to work on /home/phuc/Practice/DataScience/DSProject/venv/lib/python3.10/site-packages/airflow/example_dags/example_branch_operator_decorator.py
[2023-12-02T13:23:40.125+0700] {processor.py:829} INFO - Processing file /home/phuc/Practice/DataScience/DSProject/venv/lib/python3.10/site-packages/airflow/example_dags/example_branch_operator_decorator.py for tasks to queue
[2023-12-02T13:23:40.126+0700] {logging_mixin.py:154} INFO - [2023-12-02T13:23:40.126+0700] {dagbag.py:536} INFO - Filling up the DagBag from /home/phuc/Practice/DataScience/DSProject/venv/lib/python3.10/site-packages/airflow/example_dags/example_branch_operator_decorator.py
[2023-12-02T13:23:40.139+0700] {processor.py:839} INFO - DAG(s) dict_keys(['example_branch_python_operator_decorator']) retrieved from /home/phuc/Practice/DataScience/DSProject/venv/lib/python3.10/site-packages/airflow/example_dags/example_branch_operator_decorator.py
[2023-12-02T13:23:40.151+0700] {logging_mixin.py:154} INFO - [2023-12-02T13:23:40.151+0700] {dag.py:2941} INFO - Sync 1 DAGs
[2023-12-02T13:23:40.164+0700] {logging_mixin.py:154} INFO - [2023-12-02T13:23:40.163+0700] {dag.py:3722} INFO - Setting next_dagrun for example_branch_python_operator_decorator to 2023-12-01T00:00:00+00:00, run_after=2023-12-02T00:00:00+00:00
[2023-12-02T13:23:40.178+0700] {processor.py:179} INFO - Processing /home/phuc/Practice/DataScience/DSProject/venv/lib/python3.10/site-packages/airflow/example_dags/example_branch_operator_decorator.py took 0.063 seconds
[2023-12-02T13:24:24.580+0700] {processor.py:157} INFO - Started process (PID=83016) to work on /home/phuc/Practice/DataScience/DSProject/venv/lib/python3.10/site-packages/airflow/example_dags/example_branch_operator_decorator.py
[2023-12-02T13:24:24.587+0700] {processor.py:829} INFO - Processing file /home/phuc/Practice/DataScience/DSProject/venv/lib/python3.10/site-packages/airflow/example_dags/example_branch_operator_decorator.py for tasks to queue
[2023-12-02T13:24:24.588+0700] {logging_mixin.py:154} INFO - [2023-12-02T13:24:24.588+0700] {dagbag.py:536} INFO - Filling up the DagBag from /home/phuc/Practice/DataScience/DSProject/venv/lib/python3.10/site-packages/airflow/example_dags/example_branch_operator_decorator.py
[2023-12-02T13:24:24.598+0700] {processor.py:839} INFO - DAG(s) dict_keys(['example_branch_python_operator_decorator']) retrieved from /home/phuc/Practice/DataScience/DSProject/venv/lib/python3.10/site-packages/airflow/example_dags/example_branch_operator_decorator.py
[2023-12-02T13:24:24.615+0700] {logging_mixin.py:154} INFO - [2023-12-02T13:24:24.615+0700] {dag.py:2941} INFO - Sync 1 DAGs
[2023-12-02T13:24:24.635+0700] {logging_mixin.py:154} INFO - [2023-12-02T13:24:24.634+0700] {dag.py:3722} INFO - Setting next_dagrun for example_branch_python_operator_decorator to 2023-12-01T00:00:00+00:00, run_after=2023-12-02T00:00:00+00:00
[2023-12-02T13:24:24.653+0700] {processor.py:179} INFO - Processing /home/phuc/Practice/DataScience/DSProject/venv/lib/python3.10/site-packages/airflow/example_dags/example_branch_operator_decorator.py took 0.076 seconds
[2023-12-02T13:25:11.468+0700] {processor.py:157} INFO - Started process (PID=83341) to work on /home/phuc/Practice/DataScience/DSProject/venv/lib/python3.10/site-packages/airflow/example_dags/example_branch_operator_decorator.py
[2023-12-02T13:25:11.475+0700] {processor.py:829} INFO - Processing file /home/phuc/Practice/DataScience/DSProject/venv/lib/python3.10/site-packages/airflow/example_dags/example_branch_operator_decorator.py for tasks to queue
[2023-12-02T13:25:11.476+0700] {logging_mixin.py:154} INFO - [2023-12-02T13:25:11.476+0700] {dagbag.py:536} INFO - Filling up the DagBag from /home/phuc/Practice/DataScience/DSProject/venv/lib/python3.10/site-packages/airflow/example_dags/example_branch_operator_decorator.py
[2023-12-02T13:25:11.484+0700] {processor.py:839} INFO - DAG(s) dict_keys(['example_branch_python_operator_decorator']) retrieved from /home/phuc/Practice/DataScience/DSProject/venv/lib/python3.10/site-packages/airflow/example_dags/example_branch_operator_decorator.py
[2023-12-02T13:25:11.501+0700] {logging_mixin.py:154} INFO - [2023-12-02T13:25:11.500+0700] {dag.py:2941} INFO - Sync 1 DAGs
[2023-12-02T13:25:11.519+0700] {logging_mixin.py:154} INFO - [2023-12-02T13:25:11.519+0700] {dag.py:3722} INFO - Setting next_dagrun for example_branch_python_operator_decorator to 2023-12-01T00:00:00+00:00, run_after=2023-12-02T00:00:00+00:00
[2023-12-02T13:25:11.537+0700] {processor.py:179} INFO - Processing /home/phuc/Practice/DataScience/DSProject/venv/lib/python3.10/site-packages/airflow/example_dags/example_branch_operator_decorator.py took 0.071 seconds
[2023-12-02T13:26:01.568+0700] {processor.py:157} INFO - Started process (PID=83569) to work on /home/phuc/Practice/DataScience/DSProject/venv/lib/python3.10/site-packages/airflow/example_dags/example_branch_operator_decorator.py
[2023-12-02T13:26:01.575+0700] {processor.py:829} INFO - Processing file /home/phuc/Practice/DataScience/DSProject/venv/lib/python3.10/site-packages/airflow/example_dags/example_branch_operator_decorator.py for tasks to queue
[2023-12-02T13:26:01.578+0700] {logging_mixin.py:154} INFO - [2023-12-02T13:26:01.577+0700] {dagbag.py:536} INFO - Filling up the DagBag from /home/phuc/Practice/DataScience/DSProject/venv/lib/python3.10/site-packages/airflow/example_dags/example_branch_operator_decorator.py
[2023-12-02T13:26:01.589+0700] {processor.py:839} INFO - DAG(s) dict_keys(['example_branch_python_operator_decorator']) retrieved from /home/phuc/Practice/DataScience/DSProject/venv/lib/python3.10/site-packages/airflow/example_dags/example_branch_operator_decorator.py
[2023-12-02T13:26:01.605+0700] {logging_mixin.py:154} INFO - [2023-12-02T13:26:01.605+0700] {dag.py:2941} INFO - Sync 1 DAGs
[2023-12-02T13:26:01.625+0700] {logging_mixin.py:154} INFO - [2023-12-02T13:26:01.625+0700] {dag.py:3722} INFO - Setting next_dagrun for example_branch_python_operator_decorator to 2023-12-01T00:00:00+00:00, run_after=2023-12-02T00:00:00+00:00
[2023-12-02T13:26:01.645+0700] {processor.py:179} INFO - Processing /home/phuc/Practice/DataScience/DSProject/venv/lib/python3.10/site-packages/airflow/example_dags/example_branch_operator_decorator.py took 0.081 seconds
