[2023-12-02T13:18:33.260+0700] {processor.py:157} INFO - Started process (PID=80940) to work on /home/phuc/Practice/DataScience/DSProject/venv/lib/python3.10/site-packages/airflow/example_dags/example_latest_only_with_trigger.py
[2023-12-02T13:18:33.261+0700] {processor.py:829} INFO - Processing file /home/phuc/Practice/DataScience/DSProject/venv/lib/python3.10/site-packages/airflow/example_dags/example_latest_only_with_trigger.py for tasks to queue
[2023-12-02T13:18:33.262+0700] {logging_mixin.py:154} INFO - [2023-12-02T13:18:33.262+0700] {dagbag.py:536} INFO - Filling up the DagBag from /home/phuc/Practice/DataScience/DSProject/venv/lib/python3.10/site-packages/airflow/example_dags/example_latest_only_with_trigger.py
[2023-12-02T13:18:33.266+0700] {processor.py:839} INFO - DAG(s) dict_keys(['latest_only_with_trigger']) retrieved from /home/phuc/Practice/DataScience/DSProject/venv/lib/python3.10/site-packages/airflow/example_dags/example_latest_only_with_trigger.py
[2023-12-02T13:18:33.340+0700] {logging_mixin.py:154} INFO - [2023-12-02T13:18:33.340+0700] {manager.py:499} INFO - Created Permission View: %s
[2023-12-02T13:18:33.347+0700] {logging_mixin.py:154} INFO - [2023-12-02T13:18:33.347+0700] {manager.py:499} INFO - Created Permission View: %s
[2023-12-02T13:18:33.351+0700] {logging_mixin.py:154} INFO - [2023-12-02T13:18:33.351+0700] {manager.py:499} INFO - Created Permission View: %s
[2023-12-02T13:18:33.351+0700] {logging_mixin.py:154} INFO - [2023-12-02T13:18:33.351+0700] {dag.py:2941} INFO - Sync 1 DAGs
[2023-12-02T13:18:33.359+0700] {logging_mixin.py:154} INFO - [2023-12-02T13:18:33.358+0700] {dag.py:2963} INFO - Creating ORM DAG for latest_only_with_trigger
[2023-12-02T13:18:33.363+0700] {logging_mixin.py:154} INFO - [2023-12-02T13:18:33.363+0700] {dag.py:3722} INFO - Setting next_dagrun for latest_only_with_trigger to 2023-12-02T02:18:33.363589+00:00, run_after=2023-12-02T06:18:33.363589+00:00
[2023-12-02T13:18:33.375+0700] {processor.py:179} INFO - Processing /home/phuc/Practice/DataScience/DSProject/venv/lib/python3.10/site-packages/airflow/example_dags/example_latest_only_with_trigger.py took 0.118 seconds
[2023-12-02T13:19:19.753+0700] {processor.py:157} INFO - Started process (PID=81146) to work on /home/phuc/Practice/DataScience/DSProject/venv/lib/python3.10/site-packages/airflow/example_dags/example_latest_only_with_trigger.py
[2023-12-02T13:19:19.761+0700] {processor.py:829} INFO - Processing file /home/phuc/Practice/DataScience/DSProject/venv/lib/python3.10/site-packages/airflow/example_dags/example_latest_only_with_trigger.py for tasks to queue
[2023-12-02T13:19:19.763+0700] {logging_mixin.py:154} INFO - [2023-12-02T13:19:19.762+0700] {dagbag.py:536} INFO - Filling up the DagBag from /home/phuc/Practice/DataScience/DSProject/venv/lib/python3.10/site-packages/airflow/example_dags/example_latest_only_with_trigger.py
[2023-12-02T13:19:19.776+0700] {processor.py:839} INFO - DAG(s) dict_keys(['latest_only_with_trigger']) retrieved from /home/phuc/Practice/DataScience/DSProject/venv/lib/python3.10/site-packages/airflow/example_dags/example_latest_only_with_trigger.py
[2023-12-02T13:19:19.806+0700] {logging_mixin.py:154} INFO - [2023-12-02T13:19:19.806+0700] {dag.py:2941} INFO - Sync 1 DAGs
[2023-12-02T13:19:19.844+0700] {logging_mixin.py:154} INFO - [2023-12-02T13:19:19.844+0700] {dag.py:3722} INFO - Setting next_dagrun for latest_only_with_trigger to 2023-12-02T02:19:19.844069+00:00, run_after=2023-12-02T06:19:19.844069+00:00
[2023-12-02T13:19:19.882+0700] {processor.py:179} INFO - Processing /home/phuc/Practice/DataScience/DSProject/venv/lib/python3.10/site-packages/airflow/example_dags/example_latest_only_with_trigger.py took 0.135 seconds
[2023-12-02T13:20:11.875+0700] {processor.py:157} INFO - Started process (PID=81474) to work on /home/phuc/Practice/DataScience/DSProject/venv/lib/python3.10/site-packages/airflow/example_dags/example_latest_only_with_trigger.py
[2023-12-02T13:20:11.877+0700] {processor.py:829} INFO - Processing file /home/phuc/Practice/DataScience/DSProject/venv/lib/python3.10/site-packages/airflow/example_dags/example_latest_only_with_trigger.py for tasks to queue
[2023-12-02T13:20:11.877+0700] {logging_mixin.py:154} INFO - [2023-12-02T13:20:11.877+0700] {dagbag.py:536} INFO - Filling up the DagBag from /home/phuc/Practice/DataScience/DSProject/venv/lib/python3.10/site-packages/airflow/example_dags/example_latest_only_with_trigger.py
[2023-12-02T13:20:11.881+0700] {processor.py:839} INFO - DAG(s) dict_keys(['latest_only_with_trigger']) retrieved from /home/phuc/Practice/DataScience/DSProject/venv/lib/python3.10/site-packages/airflow/example_dags/example_latest_only_with_trigger.py
[2023-12-02T13:20:11.890+0700] {logging_mixin.py:154} INFO - [2023-12-02T13:20:11.890+0700] {dag.py:2941} INFO - Sync 1 DAGs
[2023-12-02T13:20:11.902+0700] {logging_mixin.py:154} INFO - [2023-12-02T13:20:11.901+0700] {dag.py:3722} INFO - Setting next_dagrun for latest_only_with_trigger to 2023-12-02T02:20:11.901760+00:00, run_after=2023-12-02T06:20:11.901760+00:00
[2023-12-02T13:20:11.914+0700] {processor.py:179} INFO - Processing /home/phuc/Practice/DataScience/DSProject/venv/lib/python3.10/site-packages/airflow/example_dags/example_latest_only_with_trigger.py took 0.040 seconds
[2023-12-02T13:20:58.735+0700] {processor.py:157} INFO - Started process (PID=81753) to work on /home/phuc/Practice/DataScience/DSProject/venv/lib/python3.10/site-packages/airflow/example_dags/example_latest_only_with_trigger.py
[2023-12-02T13:20:58.742+0700] {processor.py:829} INFO - Processing file /home/phuc/Practice/DataScience/DSProject/venv/lib/python3.10/site-packages/airflow/example_dags/example_latest_only_with_trigger.py for tasks to queue
[2023-12-02T13:20:58.743+0700] {logging_mixin.py:154} INFO - [2023-12-02T13:20:58.743+0700] {dagbag.py:536} INFO - Filling up the DagBag from /home/phuc/Practice/DataScience/DSProject/venv/lib/python3.10/site-packages/airflow/example_dags/example_latest_only_with_trigger.py
[2023-12-02T13:20:58.753+0700] {processor.py:839} INFO - DAG(s) dict_keys(['latest_only_with_trigger']) retrieved from /home/phuc/Practice/DataScience/DSProject/venv/lib/python3.10/site-packages/airflow/example_dags/example_latest_only_with_trigger.py
[2023-12-02T13:20:58.766+0700] {logging_mixin.py:154} INFO - [2023-12-02T13:20:58.766+0700] {dag.py:2941} INFO - Sync 1 DAGs
[2023-12-02T13:20:58.781+0700] {logging_mixin.py:154} INFO - [2023-12-02T13:20:58.781+0700] {dag.py:3722} INFO - Setting next_dagrun for latest_only_with_trigger to 2023-12-02T02:20:58.781186+00:00, run_after=2023-12-02T06:20:58.781186+00:00
[2023-12-02T13:20:58.797+0700] {processor.py:179} INFO - Processing /home/phuc/Practice/DataScience/DSProject/venv/lib/python3.10/site-packages/airflow/example_dags/example_latest_only_with_trigger.py took 0.067 seconds
[2023-12-02T13:21:47.835+0700] {processor.py:157} INFO - Started process (PID=82087) to work on /home/phuc/Practice/DataScience/DSProject/venv/lib/python3.10/site-packages/airflow/example_dags/example_latest_only_with_trigger.py
[2023-12-02T13:21:47.842+0700] {processor.py:829} INFO - Processing file /home/phuc/Practice/DataScience/DSProject/venv/lib/python3.10/site-packages/airflow/example_dags/example_latest_only_with_trigger.py for tasks to queue
[2023-12-02T13:21:47.843+0700] {logging_mixin.py:154} INFO - [2023-12-02T13:21:47.843+0700] {dagbag.py:536} INFO - Filling up the DagBag from /home/phuc/Practice/DataScience/DSProject/venv/lib/python3.10/site-packages/airflow/example_dags/example_latest_only_with_trigger.py
[2023-12-02T13:21:47.849+0700] {processor.py:839} INFO - DAG(s) dict_keys(['latest_only_with_trigger']) retrieved from /home/phuc/Practice/DataScience/DSProject/venv/lib/python3.10/site-packages/airflow/example_dags/example_latest_only_with_trigger.py
[2023-12-02T13:21:47.863+0700] {logging_mixin.py:154} INFO - [2023-12-02T13:21:47.863+0700] {dag.py:2941} INFO - Sync 1 DAGs
[2023-12-02T13:21:47.881+0700] {logging_mixin.py:154} INFO - [2023-12-02T13:21:47.881+0700] {dag.py:3722} INFO - Setting next_dagrun for latest_only_with_trigger to 2023-12-02T02:21:47.880990+00:00, run_after=2023-12-02T06:21:47.880990+00:00
[2023-12-02T13:21:47.898+0700] {processor.py:179} INFO - Processing /home/phuc/Practice/DataScience/DSProject/venv/lib/python3.10/site-packages/airflow/example_dags/example_latest_only_with_trigger.py took 0.065 seconds
[2023-12-02T13:22:33.603+0700] {processor.py:157} INFO - Started process (PID=82438) to work on /home/phuc/Practice/DataScience/DSProject/venv/lib/python3.10/site-packages/airflow/example_dags/example_latest_only_with_trigger.py
[2023-12-02T13:22:33.610+0700] {processor.py:829} INFO - Processing file /home/phuc/Practice/DataScience/DSProject/venv/lib/python3.10/site-packages/airflow/example_dags/example_latest_only_with_trigger.py for tasks to queue
[2023-12-02T13:22:33.611+0700] {logging_mixin.py:154} INFO - [2023-12-02T13:22:33.610+0700] {dagbag.py:536} INFO - Filling up the DagBag from /home/phuc/Practice/DataScience/DSProject/venv/lib/python3.10/site-packages/airflow/example_dags/example_latest_only_with_trigger.py
[2023-12-02T13:22:33.620+0700] {processor.py:839} INFO - DAG(s) dict_keys(['latest_only_with_trigger']) retrieved from /home/phuc/Practice/DataScience/DSProject/venv/lib/python3.10/site-packages/airflow/example_dags/example_latest_only_with_trigger.py
[2023-12-02T13:22:33.632+0700] {logging_mixin.py:154} INFO - [2023-12-02T13:22:33.632+0700] {dag.py:2941} INFO - Sync 1 DAGs
[2023-12-02T13:22:33.644+0700] {logging_mixin.py:154} INFO - [2023-12-02T13:22:33.644+0700] {dag.py:3722} INFO - Setting next_dagrun for latest_only_with_trigger to 2023-12-02T02:22:33.643957+00:00, run_after=2023-12-02T06:22:33.643957+00:00
[2023-12-02T13:22:33.656+0700] {processor.py:179} INFO - Processing /home/phuc/Practice/DataScience/DSProject/venv/lib/python3.10/site-packages/airflow/example_dags/example_latest_only_with_trigger.py took 0.055 seconds
[2023-12-02T13:23:18.864+0700] {processor.py:157} INFO - Started process (PID=82728) to work on /home/phuc/Practice/DataScience/DSProject/venv/lib/python3.10/site-packages/airflow/example_dags/example_latest_only_with_trigger.py
[2023-12-02T13:23:18.865+0700] {processor.py:829} INFO - Processing file /home/phuc/Practice/DataScience/DSProject/venv/lib/python3.10/site-packages/airflow/example_dags/example_latest_only_with_trigger.py for tasks to queue
[2023-12-02T13:23:18.866+0700] {logging_mixin.py:154} INFO - [2023-12-02T13:23:18.866+0700] {dagbag.py:536} INFO - Filling up the DagBag from /home/phuc/Practice/DataScience/DSProject/venv/lib/python3.10/site-packages/airflow/example_dags/example_latest_only_with_trigger.py
[2023-12-02T13:23:18.871+0700] {processor.py:839} INFO - DAG(s) dict_keys(['latest_only_with_trigger']) retrieved from /home/phuc/Practice/DataScience/DSProject/venv/lib/python3.10/site-packages/airflow/example_dags/example_latest_only_with_trigger.py
[2023-12-02T13:23:18.885+0700] {logging_mixin.py:154} INFO - [2023-12-02T13:23:18.885+0700] {dag.py:2941} INFO - Sync 1 DAGs
[2023-12-02T13:23:18.902+0700] {logging_mixin.py:154} INFO - [2023-12-02T13:23:18.901+0700] {dag.py:3722} INFO - Setting next_dagrun for latest_only_with_trigger to 2023-12-02T02:23:18.901658+00:00, run_after=2023-12-02T06:23:18.901658+00:00
[2023-12-02T13:23:18.921+0700] {processor.py:179} INFO - Processing /home/phuc/Practice/DataScience/DSProject/venv/lib/python3.10/site-packages/airflow/example_dags/example_latest_only_with_trigger.py took 0.059 seconds
[2023-12-02T13:24:04.142+0700] {processor.py:157} INFO - Started process (PID=82924) to work on /home/phuc/Practice/DataScience/DSProject/venv/lib/python3.10/site-packages/airflow/example_dags/example_latest_only_with_trigger.py
[2023-12-02T13:24:04.149+0700] {processor.py:829} INFO - Processing file /home/phuc/Practice/DataScience/DSProject/venv/lib/python3.10/site-packages/airflow/example_dags/example_latest_only_with_trigger.py for tasks to queue
[2023-12-02T13:24:04.150+0700] {logging_mixin.py:154} INFO - [2023-12-02T13:24:04.150+0700] {dagbag.py:536} INFO - Filling up the DagBag from /home/phuc/Practice/DataScience/DSProject/venv/lib/python3.10/site-packages/airflow/example_dags/example_latest_only_with_trigger.py
[2023-12-02T13:24:04.160+0700] {processor.py:839} INFO - DAG(s) dict_keys(['latest_only_with_trigger']) retrieved from /home/phuc/Practice/DataScience/DSProject/venv/lib/python3.10/site-packages/airflow/example_dags/example_latest_only_with_trigger.py
[2023-12-02T13:24:04.172+0700] {logging_mixin.py:154} INFO - [2023-12-02T13:24:04.172+0700] {dag.py:2941} INFO - Sync 1 DAGs
[2023-12-02T13:24:04.183+0700] {logging_mixin.py:154} INFO - [2023-12-02T13:24:04.183+0700] {dag.py:3722} INFO - Setting next_dagrun for latest_only_with_trigger to 2023-12-02T02:24:04.183499+00:00, run_after=2023-12-02T06:24:04.183499+00:00
[2023-12-02T13:24:04.196+0700] {processor.py:179} INFO - Processing /home/phuc/Practice/DataScience/DSProject/venv/lib/python3.10/site-packages/airflow/example_dags/example_latest_only_with_trigger.py took 0.056 seconds
[2023-12-02T13:24:47.878+0700] {processor.py:157} INFO - Started process (PID=83208) to work on /home/phuc/Practice/DataScience/DSProject/venv/lib/python3.10/site-packages/airflow/example_dags/example_latest_only_with_trigger.py
[2023-12-02T13:24:47.885+0700] {processor.py:829} INFO - Processing file /home/phuc/Practice/DataScience/DSProject/venv/lib/python3.10/site-packages/airflow/example_dags/example_latest_only_with_trigger.py for tasks to queue
[2023-12-02T13:24:47.886+0700] {logging_mixin.py:154} INFO - [2023-12-02T13:24:47.886+0700] {dagbag.py:536} INFO - Filling up the DagBag from /home/phuc/Practice/DataScience/DSProject/venv/lib/python3.10/site-packages/airflow/example_dags/example_latest_only_with_trigger.py
[2023-12-02T13:24:47.893+0700] {processor.py:839} INFO - DAG(s) dict_keys(['latest_only_with_trigger']) retrieved from /home/phuc/Practice/DataScience/DSProject/venv/lib/python3.10/site-packages/airflow/example_dags/example_latest_only_with_trigger.py
[2023-12-02T13:24:47.905+0700] {logging_mixin.py:154} INFO - [2023-12-02T13:24:47.905+0700] {dag.py:2941} INFO - Sync 1 DAGs
[2023-12-02T13:24:47.922+0700] {logging_mixin.py:154} INFO - [2023-12-02T13:24:47.921+0700] {dag.py:3722} INFO - Setting next_dagrun for latest_only_with_trigger to 2023-12-02T02:24:47.921584+00:00, run_after=2023-12-02T06:24:47.921584+00:00
[2023-12-02T13:24:47.938+0700] {processor.py:179} INFO - Processing /home/phuc/Practice/DataScience/DSProject/venv/lib/python3.10/site-packages/airflow/example_dags/example_latest_only_with_trigger.py took 0.062 seconds
[2023-12-02T13:25:35.354+0700] {processor.py:157} INFO - Started process (PID=83457) to work on /home/phuc/Practice/DataScience/DSProject/venv/lib/python3.10/site-packages/airflow/example_dags/example_latest_only_with_trigger.py
[2023-12-02T13:25:35.361+0700] {processor.py:829} INFO - Processing file /home/phuc/Practice/DataScience/DSProject/venv/lib/python3.10/site-packages/airflow/example_dags/example_latest_only_with_trigger.py for tasks to queue
[2023-12-02T13:25:35.362+0700] {logging_mixin.py:154} INFO - [2023-12-02T13:25:35.361+0700] {dagbag.py:536} INFO - Filling up the DagBag from /home/phuc/Practice/DataScience/DSProject/venv/lib/python3.10/site-packages/airflow/example_dags/example_latest_only_with_trigger.py
[2023-12-02T13:25:35.369+0700] {processor.py:839} INFO - DAG(s) dict_keys(['latest_only_with_trigger']) retrieved from /home/phuc/Practice/DataScience/DSProject/venv/lib/python3.10/site-packages/airflow/example_dags/example_latest_only_with_trigger.py
[2023-12-02T13:25:35.383+0700] {logging_mixin.py:154} INFO - [2023-12-02T13:25:35.383+0700] {dag.py:2941} INFO - Sync 1 DAGs
[2023-12-02T13:25:35.401+0700] {logging_mixin.py:154} INFO - [2023-12-02T13:25:35.401+0700] {dag.py:3722} INFO - Setting next_dagrun for latest_only_with_trigger to 2023-12-02T02:25:35.400893+00:00, run_after=2023-12-02T06:25:35.400893+00:00
[2023-12-02T13:25:35.421+0700] {processor.py:179} INFO - Processing /home/phuc/Practice/DataScience/DSProject/venv/lib/python3.10/site-packages/airflow/example_dags/example_latest_only_with_trigger.py took 0.070 seconds
[2023-12-02T13:26:26.859+0700] {processor.py:157} INFO - Started process (PID=83678) to work on /home/phuc/Practice/DataScience/DSProject/venv/lib/python3.10/site-packages/airflow/example_dags/example_latest_only_with_trigger.py
[2023-12-02T13:26:26.866+0700] {processor.py:829} INFO - Processing file /home/phuc/Practice/DataScience/DSProject/venv/lib/python3.10/site-packages/airflow/example_dags/example_latest_only_with_trigger.py for tasks to queue
[2023-12-02T13:26:26.867+0700] {logging_mixin.py:154} INFO - [2023-12-02T13:26:26.866+0700] {dagbag.py:536} INFO - Filling up the DagBag from /home/phuc/Practice/DataScience/DSProject/venv/lib/python3.10/site-packages/airflow/example_dags/example_latest_only_with_trigger.py
[2023-12-02T13:26:26.872+0700] {processor.py:839} INFO - DAG(s) dict_keys(['latest_only_with_trigger']) retrieved from /home/phuc/Practice/DataScience/DSProject/venv/lib/python3.10/site-packages/airflow/example_dags/example_latest_only_with_trigger.py
[2023-12-02T13:26:26.887+0700] {logging_mixin.py:154} INFO - [2023-12-02T13:26:26.887+0700] {dag.py:2941} INFO - Sync 1 DAGs
[2023-12-02T13:26:26.908+0700] {logging_mixin.py:154} INFO - [2023-12-02T13:26:26.908+0700] {dag.py:3722} INFO - Setting next_dagrun for latest_only_with_trigger to 2023-12-02T02:26:26.907950+00:00, run_after=2023-12-02T06:26:26.907950+00:00
[2023-12-02T13:26:26.928+0700] {processor.py:179} INFO - Processing /home/phuc/Practice/DataScience/DSProject/venv/lib/python3.10/site-packages/airflow/example_dags/example_latest_only_with_trigger.py took 0.072 seconds
