[2023-12-02T13:18:20.114+0700] {processor.py:157} INFO - Started process (PID=80876) to work on /home/phuc/Practice/DataScience/DSProject/venv/lib/python3.10/site-packages/airflow/example_dags/example_sensor_decorator.py
[2023-12-02T13:18:20.115+0700] {processor.py:829} INFO - Processing file /home/phuc/Practice/DataScience/DSProject/venv/lib/python3.10/site-packages/airflow/example_dags/example_sensor_decorator.py for tasks to queue
[2023-12-02T13:18:20.115+0700] {logging_mixin.py:154} INFO - [2023-12-02T13:18:20.115+0700] {dagbag.py:536} INFO - Filling up the DagBag from /home/phuc/Practice/DataScience/DSProject/venv/lib/python3.10/site-packages/airflow/example_dags/example_sensor_decorator.py
[2023-12-02T13:18:20.119+0700] {processor.py:839} INFO - DAG(s) dict_keys(['example_sensor_decorator']) retrieved from /home/phuc/Practice/DataScience/DSProject/venv/lib/python3.10/site-packages/airflow/example_dags/example_sensor_decorator.py
[2023-12-02T13:18:20.176+0700] {logging_mixin.py:154} INFO - [2023-12-02T13:18:20.176+0700] {manager.py:499} INFO - Created Permission View: %s
[2023-12-02T13:18:20.181+0700] {logging_mixin.py:154} INFO - [2023-12-02T13:18:20.181+0700] {manager.py:499} INFO - Created Permission View: %s
[2023-12-02T13:18:20.185+0700] {logging_mixin.py:154} INFO - [2023-12-02T13:18:20.185+0700] {manager.py:499} INFO - Created Permission View: %s
[2023-12-02T13:18:20.185+0700] {logging_mixin.py:154} INFO - [2023-12-02T13:18:20.185+0700] {dag.py:2941} INFO - Sync 1 DAGs
[2023-12-02T13:18:20.190+0700] {logging_mixin.py:154} INFO - [2023-12-02T13:18:20.190+0700] {dag.py:2963} INFO - Creating ORM DAG for example_sensor_decorator
[2023-12-02T13:18:20.191+0700] {logging_mixin.py:154} INFO - [2023-12-02T13:18:20.191+0700] {dag.py:3722} INFO - Setting next_dagrun for example_sensor_decorator to None, run_after=None
[2023-12-02T13:18:20.201+0700] {processor.py:179} INFO - Processing /home/phuc/Practice/DataScience/DSProject/venv/lib/python3.10/site-packages/airflow/example_dags/example_sensor_decorator.py took 0.088 seconds
[2023-12-02T13:19:05.450+0700] {processor.py:157} INFO - Started process (PID=81074) to work on /home/phuc/Practice/DataScience/DSProject/venv/lib/python3.10/site-packages/airflow/example_dags/example_sensor_decorator.py
[2023-12-02T13:19:05.456+0700] {processor.py:829} INFO - Processing file /home/phuc/Practice/DataScience/DSProject/venv/lib/python3.10/site-packages/airflow/example_dags/example_sensor_decorator.py for tasks to queue
[2023-12-02T13:19:05.458+0700] {logging_mixin.py:154} INFO - [2023-12-02T13:19:05.457+0700] {dagbag.py:536} INFO - Filling up the DagBag from /home/phuc/Practice/DataScience/DSProject/venv/lib/python3.10/site-packages/airflow/example_dags/example_sensor_decorator.py
[2023-12-02T13:19:05.468+0700] {processor.py:839} INFO - DAG(s) dict_keys(['example_sensor_decorator']) retrieved from /home/phuc/Practice/DataScience/DSProject/venv/lib/python3.10/site-packages/airflow/example_dags/example_sensor_decorator.py
[2023-12-02T13:19:05.479+0700] {logging_mixin.py:154} INFO - [2023-12-02T13:19:05.479+0700] {dag.py:2941} INFO - Sync 1 DAGs
[2023-12-02T13:19:05.484+0700] {logging_mixin.py:154} INFO - [2023-12-02T13:19:05.484+0700] {dag.py:3722} INFO - Setting next_dagrun for example_sensor_decorator to None, run_after=None
[2023-12-02T13:19:05.494+0700] {processor.py:179} INFO - Processing /home/phuc/Practice/DataScience/DSProject/venv/lib/python3.10/site-packages/airflow/example_dags/example_sensor_decorator.py took 0.048 seconds
[2023-12-02T13:19:53.893+0700] {processor.py:157} INFO - Started process (PID=81407) to work on /home/phuc/Practice/DataScience/DSProject/venv/lib/python3.10/site-packages/airflow/example_dags/example_sensor_decorator.py
[2023-12-02T13:19:53.899+0700] {processor.py:829} INFO - Processing file /home/phuc/Practice/DataScience/DSProject/venv/lib/python3.10/site-packages/airflow/example_dags/example_sensor_decorator.py for tasks to queue
[2023-12-02T13:19:53.900+0700] {logging_mixin.py:154} INFO - [2023-12-02T13:19:53.900+0700] {dagbag.py:536} INFO - Filling up the DagBag from /home/phuc/Practice/DataScience/DSProject/venv/lib/python3.10/site-packages/airflow/example_dags/example_sensor_decorator.py
[2023-12-02T13:19:53.903+0700] {processor.py:839} INFO - DAG(s) dict_keys(['example_sensor_decorator']) retrieved from /home/phuc/Practice/DataScience/DSProject/venv/lib/python3.10/site-packages/airflow/example_dags/example_sensor_decorator.py
[2023-12-02T13:19:53.911+0700] {logging_mixin.py:154} INFO - [2023-12-02T13:19:53.911+0700] {dag.py:2941} INFO - Sync 1 DAGs
[2023-12-02T13:19:53.917+0700] {logging_mixin.py:154} INFO - [2023-12-02T13:19:53.917+0700] {dag.py:3722} INFO - Setting next_dagrun for example_sensor_decorator to None, run_after=None
[2023-12-02T13:19:53.927+0700] {processor.py:179} INFO - Processing /home/phuc/Practice/DataScience/DSProject/venv/lib/python3.10/site-packages/airflow/example_dags/example_sensor_decorator.py took 0.036 seconds
[2023-12-02T13:20:29.559+0700] {processor.py:157} INFO - Started process (PID=81619) to work on /home/phuc/Practice/DataScience/DSProject/venv/lib/python3.10/site-packages/airflow/example_dags/example_sensor_decorator.py
[2023-12-02T13:20:29.566+0700] {processor.py:829} INFO - Processing file /home/phuc/Practice/DataScience/DSProject/venv/lib/python3.10/site-packages/airflow/example_dags/example_sensor_decorator.py for tasks to queue
[2023-12-02T13:20:29.567+0700] {logging_mixin.py:154} INFO - [2023-12-02T13:20:29.567+0700] {dagbag.py:536} INFO - Filling up the DagBag from /home/phuc/Practice/DataScience/DSProject/venv/lib/python3.10/site-packages/airflow/example_dags/example_sensor_decorator.py
[2023-12-02T13:20:29.577+0700] {processor.py:839} INFO - DAG(s) dict_keys(['example_sensor_decorator']) retrieved from /home/phuc/Practice/DataScience/DSProject/venv/lib/python3.10/site-packages/airflow/example_dags/example_sensor_decorator.py
[2023-12-02T13:20:29.588+0700] {logging_mixin.py:154} INFO - [2023-12-02T13:20:29.588+0700] {dag.py:2941} INFO - Sync 1 DAGs
[2023-12-02T13:20:29.594+0700] {logging_mixin.py:154} INFO - [2023-12-02T13:20:29.594+0700] {dag.py:3722} INFO - Setting next_dagrun for example_sensor_decorator to None, run_after=None
[2023-12-02T13:20:29.605+0700] {processor.py:179} INFO - Processing /home/phuc/Practice/DataScience/DSProject/venv/lib/python3.10/site-packages/airflow/example_dags/example_sensor_decorator.py took 0.049 seconds
[2023-12-02T13:21:03.783+0700] {processor.py:157} INFO - Started process (PID=81775) to work on /home/phuc/Practice/DataScience/DSProject/venv/lib/python3.10/site-packages/airflow/example_dags/example_sensor_decorator.py
[2023-12-02T13:21:03.790+0700] {processor.py:829} INFO - Processing file /home/phuc/Practice/DataScience/DSProject/venv/lib/python3.10/site-packages/airflow/example_dags/example_sensor_decorator.py for tasks to queue
[2023-12-02T13:21:03.791+0700] {logging_mixin.py:154} INFO - [2023-12-02T13:21:03.790+0700] {dagbag.py:536} INFO - Filling up the DagBag from /home/phuc/Practice/DataScience/DSProject/venv/lib/python3.10/site-packages/airflow/example_dags/example_sensor_decorator.py
[2023-12-02T13:21:03.797+0700] {processor.py:839} INFO - DAG(s) dict_keys(['example_sensor_decorator']) retrieved from /home/phuc/Practice/DataScience/DSProject/venv/lib/python3.10/site-packages/airflow/example_dags/example_sensor_decorator.py
[2023-12-02T13:21:03.807+0700] {logging_mixin.py:154} INFO - [2023-12-02T13:21:03.807+0700] {dag.py:2941} INFO - Sync 1 DAGs
[2023-12-02T13:21:03.813+0700] {logging_mixin.py:154} INFO - [2023-12-02T13:21:03.813+0700] {dag.py:3722} INFO - Setting next_dagrun for example_sensor_decorator to None, run_after=None
[2023-12-02T13:21:03.824+0700] {processor.py:179} INFO - Processing /home/phuc/Practice/DataScience/DSProject/venv/lib/python3.10/site-packages/airflow/example_dags/example_sensor_decorator.py took 0.044 seconds
[2023-12-02T13:21:51.252+0700] {processor.py:157} INFO - Started process (PID=82093) to work on /home/phuc/Practice/DataScience/DSProject/venv/lib/python3.10/site-packages/airflow/example_dags/example_sensor_decorator.py
[2023-12-02T13:21:51.260+0700] {processor.py:829} INFO - Processing file /home/phuc/Practice/DataScience/DSProject/venv/lib/python3.10/site-packages/airflow/example_dags/example_sensor_decorator.py for tasks to queue
[2023-12-02T13:21:51.260+0700] {logging_mixin.py:154} INFO - [2023-12-02T13:21:51.260+0700] {dagbag.py:536} INFO - Filling up the DagBag from /home/phuc/Practice/DataScience/DSProject/venv/lib/python3.10/site-packages/airflow/example_dags/example_sensor_decorator.py
[2023-12-02T13:21:51.267+0700] {processor.py:839} INFO - DAG(s) dict_keys(['example_sensor_decorator']) retrieved from /home/phuc/Practice/DataScience/DSProject/venv/lib/python3.10/site-packages/airflow/example_dags/example_sensor_decorator.py
[2023-12-02T13:21:51.282+0700] {logging_mixin.py:154} INFO - [2023-12-02T13:21:51.282+0700] {dag.py:2941} INFO - Sync 1 DAGs
[2023-12-02T13:21:51.293+0700] {logging_mixin.py:154} INFO - [2023-12-02T13:21:51.293+0700] {dag.py:3722} INFO - Setting next_dagrun for example_sensor_decorator to None, run_after=None
[2023-12-02T13:21:51.312+0700] {processor.py:179} INFO - Processing /home/phuc/Practice/DataScience/DSProject/venv/lib/python3.10/site-packages/airflow/example_dags/example_sensor_decorator.py took 0.063 seconds
[2023-12-02T13:22:37.118+0700] {processor.py:157} INFO - Started process (PID=82454) to work on /home/phuc/Practice/DataScience/DSProject/venv/lib/python3.10/site-packages/airflow/example_dags/example_sensor_decorator.py
[2023-12-02T13:22:37.126+0700] {processor.py:829} INFO - Processing file /home/phuc/Practice/DataScience/DSProject/venv/lib/python3.10/site-packages/airflow/example_dags/example_sensor_decorator.py for tasks to queue
[2023-12-02T13:22:37.127+0700] {logging_mixin.py:154} INFO - [2023-12-02T13:22:37.126+0700] {dagbag.py:536} INFO - Filling up the DagBag from /home/phuc/Practice/DataScience/DSProject/venv/lib/python3.10/site-packages/airflow/example_dags/example_sensor_decorator.py
[2023-12-02T13:22:37.136+0700] {processor.py:839} INFO - DAG(s) dict_keys(['example_sensor_decorator']) retrieved from /home/phuc/Practice/DataScience/DSProject/venv/lib/python3.10/site-packages/airflow/example_dags/example_sensor_decorator.py
[2023-12-02T13:22:37.148+0700] {logging_mixin.py:154} INFO - [2023-12-02T13:22:37.148+0700] {dag.py:2941} INFO - Sync 1 DAGs
[2023-12-02T13:22:37.155+0700] {logging_mixin.py:154} INFO - [2023-12-02T13:22:37.155+0700] {dag.py:3722} INFO - Setting next_dagrun for example_sensor_decorator to None, run_after=None
[2023-12-02T13:22:37.168+0700] {processor.py:179} INFO - Processing /home/phuc/Practice/DataScience/DSProject/venv/lib/python3.10/site-packages/airflow/example_dags/example_sensor_decorator.py took 0.052 seconds
[2023-12-02T13:23:20.675+0700] {processor.py:157} INFO - Started process (PID=82731) to work on /home/phuc/Practice/DataScience/DSProject/venv/lib/python3.10/site-packages/airflow/example_dags/example_sensor_decorator.py
[2023-12-02T13:23:20.682+0700] {processor.py:829} INFO - Processing file /home/phuc/Practice/DataScience/DSProject/venv/lib/python3.10/site-packages/airflow/example_dags/example_sensor_decorator.py for tasks to queue
[2023-12-02T13:23:20.682+0700] {logging_mixin.py:154} INFO - [2023-12-02T13:23:20.682+0700] {dagbag.py:536} INFO - Filling up the DagBag from /home/phuc/Practice/DataScience/DSProject/venv/lib/python3.10/site-packages/airflow/example_dags/example_sensor_decorator.py
[2023-12-02T13:23:20.687+0700] {processor.py:839} INFO - DAG(s) dict_keys(['example_sensor_decorator']) retrieved from /home/phuc/Practice/DataScience/DSProject/venv/lib/python3.10/site-packages/airflow/example_dags/example_sensor_decorator.py
[2023-12-02T13:23:20.699+0700] {logging_mixin.py:154} INFO - [2023-12-02T13:23:20.699+0700] {dag.py:2941} INFO - Sync 1 DAGs
[2023-12-02T13:23:20.708+0700] {logging_mixin.py:154} INFO - [2023-12-02T13:23:20.707+0700] {dag.py:3722} INFO - Setting next_dagrun for example_sensor_decorator to None, run_after=None
[2023-12-02T13:23:20.724+0700] {processor.py:179} INFO - Processing /home/phuc/Practice/DataScience/DSProject/venv/lib/python3.10/site-packages/airflow/example_dags/example_sensor_decorator.py took 0.051 seconds
[2023-12-02T13:24:00.500+0700] {processor.py:157} INFO - Started process (PID=82919) to work on /home/phuc/Practice/DataScience/DSProject/venv/lib/python3.10/site-packages/airflow/example_dags/example_sensor_decorator.py
[2023-12-02T13:24:00.507+0700] {processor.py:829} INFO - Processing file /home/phuc/Practice/DataScience/DSProject/venv/lib/python3.10/site-packages/airflow/example_dags/example_sensor_decorator.py for tasks to queue
[2023-12-02T13:24:00.508+0700] {logging_mixin.py:154} INFO - [2023-12-02T13:24:00.508+0700] {dagbag.py:536} INFO - Filling up the DagBag from /home/phuc/Practice/DataScience/DSProject/venv/lib/python3.10/site-packages/airflow/example_dags/example_sensor_decorator.py
[2023-12-02T13:24:00.518+0700] {processor.py:839} INFO - DAG(s) dict_keys(['example_sensor_decorator']) retrieved from /home/phuc/Practice/DataScience/DSProject/venv/lib/python3.10/site-packages/airflow/example_dags/example_sensor_decorator.py
[2023-12-02T13:24:00.530+0700] {logging_mixin.py:154} INFO - [2023-12-02T13:24:00.530+0700] {dag.py:2941} INFO - Sync 1 DAGs
[2023-12-02T13:24:00.536+0700] {logging_mixin.py:154} INFO - [2023-12-02T13:24:00.536+0700] {dag.py:3722} INFO - Setting next_dagrun for example_sensor_decorator to None, run_after=None
[2023-12-02T13:24:00.549+0700] {processor.py:179} INFO - Processing /home/phuc/Practice/DataScience/DSProject/venv/lib/python3.10/site-packages/airflow/example_dags/example_sensor_decorator.py took 0.052 seconds
[2023-12-02T13:24:44.006+0700] {processor.py:157} INFO - Started process (PID=83103) to work on /home/phuc/Practice/DataScience/DSProject/venv/lib/python3.10/site-packages/airflow/example_dags/example_sensor_decorator.py
[2023-12-02T13:24:44.013+0700] {processor.py:829} INFO - Processing file /home/phuc/Practice/DataScience/DSProject/venv/lib/python3.10/site-packages/airflow/example_dags/example_sensor_decorator.py for tasks to queue
[2023-12-02T13:24:44.014+0700] {logging_mixin.py:154} INFO - [2023-12-02T13:24:44.013+0700] {dagbag.py:536} INFO - Filling up the DagBag from /home/phuc/Practice/DataScience/DSProject/venv/lib/python3.10/site-packages/airflow/example_dags/example_sensor_decorator.py
[2023-12-02T13:24:44.020+0700] {processor.py:839} INFO - DAG(s) dict_keys(['example_sensor_decorator']) retrieved from /home/phuc/Practice/DataScience/DSProject/venv/lib/python3.10/site-packages/airflow/example_dags/example_sensor_decorator.py
[2023-12-02T13:24:44.034+0700] {logging_mixin.py:154} INFO - [2023-12-02T13:24:44.033+0700] {dag.py:2941} INFO - Sync 1 DAGs
[2023-12-02T13:24:44.045+0700] {logging_mixin.py:154} INFO - [2023-12-02T13:24:44.045+0700] {dag.py:3722} INFO - Setting next_dagrun for example_sensor_decorator to None, run_after=None
[2023-12-02T13:24:44.061+0700] {processor.py:179} INFO - Processing /home/phuc/Practice/DataScience/DSProject/venv/lib/python3.10/site-packages/airflow/example_dags/example_sensor_decorator.py took 0.058 seconds
[2023-12-02T13:25:17.174+0700] {processor.py:157} INFO - Started process (PID=83389) to work on /home/phuc/Practice/DataScience/DSProject/venv/lib/python3.10/site-packages/airflow/example_dags/example_sensor_decorator.py
[2023-12-02T13:25:17.175+0700] {processor.py:829} INFO - Processing file /home/phuc/Practice/DataScience/DSProject/venv/lib/python3.10/site-packages/airflow/example_dags/example_sensor_decorator.py for tasks to queue
[2023-12-02T13:25:17.176+0700] {logging_mixin.py:154} INFO - [2023-12-02T13:25:17.175+0700] {dagbag.py:536} INFO - Filling up the DagBag from /home/phuc/Practice/DataScience/DSProject/venv/lib/python3.10/site-packages/airflow/example_dags/example_sensor_decorator.py
[2023-12-02T13:25:17.182+0700] {processor.py:839} INFO - DAG(s) dict_keys(['example_sensor_decorator']) retrieved from /home/phuc/Practice/DataScience/DSProject/venv/lib/python3.10/site-packages/airflow/example_dags/example_sensor_decorator.py
[2023-12-02T13:25:17.197+0700] {logging_mixin.py:154} INFO - [2023-12-02T13:25:17.197+0700] {dag.py:2941} INFO - Sync 1 DAGs
[2023-12-02T13:25:17.208+0700] {logging_mixin.py:154} INFO - [2023-12-02T13:25:17.208+0700] {dag.py:3722} INFO - Setting next_dagrun for example_sensor_decorator to None, run_after=None
[2023-12-02T13:25:17.228+0700] {processor.py:179} INFO - Processing /home/phuc/Practice/DataScience/DSProject/venv/lib/python3.10/site-packages/airflow/example_dags/example_sensor_decorator.py took 0.056 seconds
[2023-12-02T13:25:53.675+0700] {processor.py:157} INFO - Started process (PID=83541) to work on /home/phuc/Practice/DataScience/DSProject/venv/lib/python3.10/site-packages/airflow/example_dags/example_sensor_decorator.py
[2023-12-02T13:25:53.682+0700] {processor.py:829} INFO - Processing file /home/phuc/Practice/DataScience/DSProject/venv/lib/python3.10/site-packages/airflow/example_dags/example_sensor_decorator.py for tasks to queue
[2023-12-02T13:25:53.683+0700] {logging_mixin.py:154} INFO - [2023-12-02T13:25:53.682+0700] {dagbag.py:536} INFO - Filling up the DagBag from /home/phuc/Practice/DataScience/DSProject/venv/lib/python3.10/site-packages/airflow/example_dags/example_sensor_decorator.py
[2023-12-02T13:25:53.688+0700] {processor.py:839} INFO - DAG(s) dict_keys(['example_sensor_decorator']) retrieved from /home/phuc/Practice/DataScience/DSProject/venv/lib/python3.10/site-packages/airflow/example_dags/example_sensor_decorator.py
[2023-12-02T13:25:53.705+0700] {logging_mixin.py:154} INFO - [2023-12-02T13:25:53.705+0700] {dag.py:2941} INFO - Sync 1 DAGs
[2023-12-02T13:25:53.716+0700] {logging_mixin.py:154} INFO - [2023-12-02T13:25:53.716+0700] {dag.py:3722} INFO - Setting next_dagrun for example_sensor_decorator to None, run_after=None
[2023-12-02T13:25:53.743+0700] {processor.py:179} INFO - Processing /home/phuc/Practice/DataScience/DSProject/venv/lib/python3.10/site-packages/airflow/example_dags/example_sensor_decorator.py took 0.071 seconds
[2023-12-02T13:26:39.597+0700] {processor.py:157} INFO - Started process (PID=83756) to work on /home/phuc/Practice/DataScience/DSProject/venv/lib/python3.10/site-packages/airflow/example_dags/example_sensor_decorator.py
[2023-12-02T13:26:39.604+0700] {processor.py:829} INFO - Processing file /home/phuc/Practice/DataScience/DSProject/venv/lib/python3.10/site-packages/airflow/example_dags/example_sensor_decorator.py for tasks to queue
[2023-12-02T13:26:39.605+0700] {logging_mixin.py:154} INFO - [2023-12-02T13:26:39.604+0700] {dagbag.py:536} INFO - Filling up the DagBag from /home/phuc/Practice/DataScience/DSProject/venv/lib/python3.10/site-packages/airflow/example_dags/example_sensor_decorator.py
[2023-12-02T13:26:39.611+0700] {processor.py:839} INFO - DAG(s) dict_keys(['example_sensor_decorator']) retrieved from /home/phuc/Practice/DataScience/DSProject/venv/lib/python3.10/site-packages/airflow/example_dags/example_sensor_decorator.py
[2023-12-02T13:26:39.626+0700] {logging_mixin.py:154} INFO - [2023-12-02T13:26:39.626+0700] {dag.py:2941} INFO - Sync 1 DAGs
[2023-12-02T13:26:39.638+0700] {logging_mixin.py:154} INFO - [2023-12-02T13:26:39.637+0700] {dag.py:3722} INFO - Setting next_dagrun for example_sensor_decorator to None, run_after=None
[2023-12-02T13:26:39.659+0700] {processor.py:179} INFO - Processing /home/phuc/Practice/DataScience/DSProject/venv/lib/python3.10/site-packages/airflow/example_dags/example_sensor_decorator.py took 0.065 seconds
