[2023-12-02T13:18:34.489+0700] {processor.py:157} INFO - Started process (PID=80941) to work on /home/phuc/Practice/DataScience/DSProject/venv/lib/python3.10/site-packages/airflow/example_dags/example_setup_teardown_taskflow.py
[2023-12-02T13:18:34.490+0700] {processor.py:829} INFO - Processing file /home/phuc/Practice/DataScience/DSProject/venv/lib/python3.10/site-packages/airflow/example_dags/example_setup_teardown_taskflow.py for tasks to queue
[2023-12-02T13:18:34.491+0700] {logging_mixin.py:154} INFO - [2023-12-02T13:18:34.491+0700] {dagbag.py:536} INFO - Filling up the DagBag from /home/phuc/Practice/DataScience/DSProject/venv/lib/python3.10/site-packages/airflow/example_dags/example_setup_teardown_taskflow.py
[2023-12-02T13:18:34.498+0700] {processor.py:839} INFO - DAG(s) dict_keys(['example_setup_teardown_taskflow']) retrieved from /home/phuc/Practice/DataScience/DSProject/venv/lib/python3.10/site-packages/airflow/example_dags/example_setup_teardown_taskflow.py
[2023-12-02T13:18:34.550+0700] {logging_mixin.py:154} INFO - [2023-12-02T13:18:34.550+0700] {manager.py:499} INFO - Created Permission View: %s
[2023-12-02T13:18:34.556+0700] {logging_mixin.py:154} INFO - [2023-12-02T13:18:34.556+0700] {manager.py:499} INFO - Created Permission View: %s
[2023-12-02T13:18:34.560+0700] {logging_mixin.py:154} INFO - [2023-12-02T13:18:34.560+0700] {manager.py:499} INFO - Created Permission View: %s
[2023-12-02T13:18:34.560+0700] {logging_mixin.py:154} INFO - [2023-12-02T13:18:34.560+0700] {dag.py:2941} INFO - Sync 1 DAGs
[2023-12-02T13:18:34.566+0700] {logging_mixin.py:154} INFO - [2023-12-02T13:18:34.566+0700] {dag.py:2963} INFO - Creating ORM DAG for example_setup_teardown_taskflow
[2023-12-02T13:18:34.570+0700] {logging_mixin.py:154} INFO - [2023-12-02T13:18:34.570+0700] {dag.py:3722} INFO - Setting next_dagrun for example_setup_teardown_taskflow to 2023-12-01T06:18:34.570572+00:00, run_after=2023-12-02T06:18:34.570572+00:00
[2023-12-02T13:18:34.580+0700] {processor.py:179} INFO - Processing /home/phuc/Practice/DataScience/DSProject/venv/lib/python3.10/site-packages/airflow/example_dags/example_setup_teardown_taskflow.py took 0.092 seconds
[2023-12-02T13:19:21.011+0700] {processor.py:157} INFO - Started process (PID=81147) to work on /home/phuc/Practice/DataScience/DSProject/venv/lib/python3.10/site-packages/airflow/example_dags/example_setup_teardown_taskflow.py
[2023-12-02T13:19:21.018+0700] {processor.py:829} INFO - Processing file /home/phuc/Practice/DataScience/DSProject/venv/lib/python3.10/site-packages/airflow/example_dags/example_setup_teardown_taskflow.py for tasks to queue
[2023-12-02T13:19:21.020+0700] {logging_mixin.py:154} INFO - [2023-12-02T13:19:21.019+0700] {dagbag.py:536} INFO - Filling up the DagBag from /home/phuc/Practice/DataScience/DSProject/venv/lib/python3.10/site-packages/airflow/example_dags/example_setup_teardown_taskflow.py
[2023-12-02T13:19:21.030+0700] {processor.py:839} INFO - DAG(s) dict_keys(['example_setup_teardown_taskflow']) retrieved from /home/phuc/Practice/DataScience/DSProject/venv/lib/python3.10/site-packages/airflow/example_dags/example_setup_teardown_taskflow.py
[2023-12-02T13:19:21.041+0700] {logging_mixin.py:154} INFO - [2023-12-02T13:19:21.040+0700] {dag.py:2941} INFO - Sync 1 DAGs
[2023-12-02T13:19:21.052+0700] {logging_mixin.py:154} INFO - [2023-12-02T13:19:21.052+0700] {dag.py:3722} INFO - Setting next_dagrun for example_setup_teardown_taskflow to 2023-12-01T06:19:21.052397+00:00, run_after=2023-12-02T06:19:21.052397+00:00
[2023-12-02T13:19:21.066+0700] {processor.py:179} INFO - Processing /home/phuc/Practice/DataScience/DSProject/venv/lib/python3.10/site-packages/airflow/example_dags/example_setup_teardown_taskflow.py took 0.058 seconds
[2023-12-02T13:20:12.101+0700] {processor.py:157} INFO - Started process (PID=81475) to work on /home/phuc/Practice/DataScience/DSProject/venv/lib/python3.10/site-packages/airflow/example_dags/example_setup_teardown_taskflow.py
[2023-12-02T13:20:12.108+0700] {processor.py:829} INFO - Processing file /home/phuc/Practice/DataScience/DSProject/venv/lib/python3.10/site-packages/airflow/example_dags/example_setup_teardown_taskflow.py for tasks to queue
[2023-12-02T13:20:12.108+0700] {logging_mixin.py:154} INFO - [2023-12-02T13:20:12.108+0700] {dagbag.py:536} INFO - Filling up the DagBag from /home/phuc/Practice/DataScience/DSProject/venv/lib/python3.10/site-packages/airflow/example_dags/example_setup_teardown_taskflow.py
[2023-12-02T13:20:12.114+0700] {processor.py:839} INFO - DAG(s) dict_keys(['example_setup_teardown_taskflow']) retrieved from /home/phuc/Practice/DataScience/DSProject/venv/lib/python3.10/site-packages/airflow/example_dags/example_setup_teardown_taskflow.py
[2023-12-02T13:20:12.124+0700] {logging_mixin.py:154} INFO - [2023-12-02T13:20:12.124+0700] {dag.py:2941} INFO - Sync 1 DAGs
[2023-12-02T13:20:12.136+0700] {logging_mixin.py:154} INFO - [2023-12-02T13:20:12.136+0700] {dag.py:3722} INFO - Setting next_dagrun for example_setup_teardown_taskflow to 2023-12-01T06:20:12.136418+00:00, run_after=2023-12-02T06:20:12.136418+00:00
[2023-12-02T13:20:12.148+0700] {processor.py:179} INFO - Processing /home/phuc/Practice/DataScience/DSProject/venv/lib/python3.10/site-packages/airflow/example_dags/example_setup_teardown_taskflow.py took 0.048 seconds
[2023-12-02T13:21:04.921+0700] {processor.py:157} INFO - Started process (PID=81779) to work on /home/phuc/Practice/DataScience/DSProject/venv/lib/python3.10/site-packages/airflow/example_dags/example_setup_teardown_taskflow.py
[2023-12-02T13:21:04.927+0700] {processor.py:829} INFO - Processing file /home/phuc/Practice/DataScience/DSProject/venv/lib/python3.10/site-packages/airflow/example_dags/example_setup_teardown_taskflow.py for tasks to queue
[2023-12-02T13:21:04.928+0700] {logging_mixin.py:154} INFO - [2023-12-02T13:21:04.928+0700] {dagbag.py:536} INFO - Filling up the DagBag from /home/phuc/Practice/DataScience/DSProject/venv/lib/python3.10/site-packages/airflow/example_dags/example_setup_teardown_taskflow.py
[2023-12-02T13:21:04.936+0700] {processor.py:839} INFO - DAG(s) dict_keys(['example_setup_teardown_taskflow']) retrieved from /home/phuc/Practice/DataScience/DSProject/venv/lib/python3.10/site-packages/airflow/example_dags/example_setup_teardown_taskflow.py
[2023-12-02T13:21:04.949+0700] {logging_mixin.py:154} INFO - [2023-12-02T13:21:04.949+0700] {dag.py:2941} INFO - Sync 1 DAGs
[2023-12-02T13:21:04.963+0700] {logging_mixin.py:154} INFO - [2023-12-02T13:21:04.962+0700] {dag.py:3722} INFO - Setting next_dagrun for example_setup_teardown_taskflow to 2023-12-01T06:21:04.962726+00:00, run_after=2023-12-02T06:21:04.962726+00:00
[2023-12-02T13:21:04.978+0700] {processor.py:179} INFO - Processing /home/phuc/Practice/DataScience/DSProject/venv/lib/python3.10/site-packages/airflow/example_dags/example_setup_teardown_taskflow.py took 0.059 seconds
[2023-12-02T13:21:51.835+0700] {processor.py:157} INFO - Started process (PID=82123) to work on /home/phuc/Practice/DataScience/DSProject/venv/lib/python3.10/site-packages/airflow/example_dags/example_setup_teardown_taskflow.py
[2023-12-02T13:21:51.842+0700] {processor.py:829} INFO - Processing file /home/phuc/Practice/DataScience/DSProject/venv/lib/python3.10/site-packages/airflow/example_dags/example_setup_teardown_taskflow.py for tasks to queue
[2023-12-02T13:21:51.843+0700] {logging_mixin.py:154} INFO - [2023-12-02T13:21:51.843+0700] {dagbag.py:536} INFO - Filling up the DagBag from /home/phuc/Practice/DataScience/DSProject/venv/lib/python3.10/site-packages/airflow/example_dags/example_setup_teardown_taskflow.py
[2023-12-02T13:21:51.857+0700] {processor.py:839} INFO - DAG(s) dict_keys(['example_setup_teardown_taskflow']) retrieved from /home/phuc/Practice/DataScience/DSProject/venv/lib/python3.10/site-packages/airflow/example_dags/example_setup_teardown_taskflow.py
[2023-12-02T13:21:51.868+0700] {logging_mixin.py:154} INFO - [2023-12-02T13:21:51.868+0700] {dag.py:2941} INFO - Sync 1 DAGs
[2023-12-02T13:21:51.880+0700] {logging_mixin.py:154} INFO - [2023-12-02T13:21:51.879+0700] {dag.py:3722} INFO - Setting next_dagrun for example_setup_teardown_taskflow to 2023-12-01T06:21:51.879827+00:00, run_after=2023-12-02T06:21:51.879827+00:00
[2023-12-02T13:21:51.892+0700] {processor.py:179} INFO - Processing /home/phuc/Practice/DataScience/DSProject/venv/lib/python3.10/site-packages/airflow/example_dags/example_setup_teardown_taskflow.py took 0.061 seconds
[2023-12-02T13:22:38.132+0700] {processor.py:157} INFO - Started process (PID=82472) to work on /home/phuc/Practice/DataScience/DSProject/venv/lib/python3.10/site-packages/airflow/example_dags/example_setup_teardown_taskflow.py
[2023-12-02T13:22:38.140+0700] {processor.py:829} INFO - Processing file /home/phuc/Practice/DataScience/DSProject/venv/lib/python3.10/site-packages/airflow/example_dags/example_setup_teardown_taskflow.py for tasks to queue
[2023-12-02T13:22:38.141+0700] {logging_mixin.py:154} INFO - [2023-12-02T13:22:38.140+0700] {dagbag.py:536} INFO - Filling up the DagBag from /home/phuc/Practice/DataScience/DSProject/venv/lib/python3.10/site-packages/airflow/example_dags/example_setup_teardown_taskflow.py
[2023-12-02T13:22:38.154+0700] {processor.py:839} INFO - DAG(s) dict_keys(['example_setup_teardown_taskflow']) retrieved from /home/phuc/Practice/DataScience/DSProject/venv/lib/python3.10/site-packages/airflow/example_dags/example_setup_teardown_taskflow.py
[2023-12-02T13:22:38.165+0700] {logging_mixin.py:154} INFO - [2023-12-02T13:22:38.165+0700] {dag.py:2941} INFO - Sync 1 DAGs
[2023-12-02T13:22:38.176+0700] {logging_mixin.py:154} INFO - [2023-12-02T13:22:38.175+0700] {dag.py:3722} INFO - Setting next_dagrun for example_setup_teardown_taskflow to 2023-12-01T06:22:38.175760+00:00, run_after=2023-12-02T06:22:38.175760+00:00
[2023-12-02T13:22:38.188+0700] {processor.py:179} INFO - Processing /home/phuc/Practice/DataScience/DSProject/venv/lib/python3.10/site-packages/airflow/example_dags/example_setup_teardown_taskflow.py took 0.058 seconds
[2023-12-02T13:23:21.808+0700] {processor.py:157} INFO - Started process (PID=82732) to work on /home/phuc/Practice/DataScience/DSProject/venv/lib/python3.10/site-packages/airflow/example_dags/example_setup_teardown_taskflow.py
[2023-12-02T13:23:21.809+0700] {processor.py:829} INFO - Processing file /home/phuc/Practice/DataScience/DSProject/venv/lib/python3.10/site-packages/airflow/example_dags/example_setup_teardown_taskflow.py for tasks to queue
[2023-12-02T13:23:21.809+0700] {logging_mixin.py:154} INFO - [2023-12-02T13:23:21.809+0700] {dagbag.py:536} INFO - Filling up the DagBag from /home/phuc/Practice/DataScience/DSProject/venv/lib/python3.10/site-packages/airflow/example_dags/example_setup_teardown_taskflow.py
[2023-12-02T13:23:21.816+0700] {processor.py:839} INFO - DAG(s) dict_keys(['example_setup_teardown_taskflow']) retrieved from /home/phuc/Practice/DataScience/DSProject/venv/lib/python3.10/site-packages/airflow/example_dags/example_setup_teardown_taskflow.py
[2023-12-02T13:23:21.826+0700] {logging_mixin.py:154} INFO - [2023-12-02T13:23:21.826+0700] {dag.py:2941} INFO - Sync 1 DAGs
[2023-12-02T13:23:21.843+0700] {logging_mixin.py:154} INFO - [2023-12-02T13:23:21.842+0700] {dag.py:3722} INFO - Setting next_dagrun for example_setup_teardown_taskflow to 2023-12-01T06:23:21.842644+00:00, run_after=2023-12-02T06:23:21.842644+00:00
[2023-12-02T13:23:21.859+0700] {processor.py:179} INFO - Processing /home/phuc/Practice/DataScience/DSProject/venv/lib/python3.10/site-packages/airflow/example_dags/example_setup_teardown_taskflow.py took 0.053 seconds
[2023-12-02T13:24:05.021+0700] {processor.py:157} INFO - Started process (PID=82925) to work on /home/phuc/Practice/DataScience/DSProject/venv/lib/python3.10/site-packages/airflow/example_dags/example_setup_teardown_taskflow.py
[2023-12-02T13:24:05.022+0700] {processor.py:829} INFO - Processing file /home/phuc/Practice/DataScience/DSProject/venv/lib/python3.10/site-packages/airflow/example_dags/example_setup_teardown_taskflow.py for tasks to queue
[2023-12-02T13:24:05.023+0700] {logging_mixin.py:154} INFO - [2023-12-02T13:24:05.022+0700] {dagbag.py:536} INFO - Filling up the DagBag from /home/phuc/Practice/DataScience/DSProject/venv/lib/python3.10/site-packages/airflow/example_dags/example_setup_teardown_taskflow.py
[2023-12-02T13:24:05.035+0700] {processor.py:839} INFO - DAG(s) dict_keys(['example_setup_teardown_taskflow']) retrieved from /home/phuc/Practice/DataScience/DSProject/venv/lib/python3.10/site-packages/airflow/example_dags/example_setup_teardown_taskflow.py
[2023-12-02T13:24:05.053+0700] {logging_mixin.py:154} INFO - [2023-12-02T13:24:05.053+0700] {dag.py:2941} INFO - Sync 1 DAGs
[2023-12-02T13:24:05.067+0700] {logging_mixin.py:154} INFO - [2023-12-02T13:24:05.067+0700] {dag.py:3722} INFO - Setting next_dagrun for example_setup_teardown_taskflow to 2023-12-01T06:24:05.067590+00:00, run_after=2023-12-02T06:24:05.067590+00:00
[2023-12-02T13:24:05.082+0700] {processor.py:179} INFO - Processing /home/phuc/Practice/DataScience/DSProject/venv/lib/python3.10/site-packages/airflow/example_dags/example_setup_teardown_taskflow.py took 0.064 seconds
[2023-12-02T13:24:49.019+0700] {processor.py:157} INFO - Started process (PID=83234) to work on /home/phuc/Practice/DataScience/DSProject/venv/lib/python3.10/site-packages/airflow/example_dags/example_setup_teardown_taskflow.py
[2023-12-02T13:24:49.020+0700] {processor.py:829} INFO - Processing file /home/phuc/Practice/DataScience/DSProject/venv/lib/python3.10/site-packages/airflow/example_dags/example_setup_teardown_taskflow.py for tasks to queue
[2023-12-02T13:24:49.020+0700] {logging_mixin.py:154} INFO - [2023-12-02T13:24:49.020+0700] {dagbag.py:536} INFO - Filling up the DagBag from /home/phuc/Practice/DataScience/DSProject/venv/lib/python3.10/site-packages/airflow/example_dags/example_setup_teardown_taskflow.py
[2023-12-02T13:24:49.030+0700] {processor.py:839} INFO - DAG(s) dict_keys(['example_setup_teardown_taskflow']) retrieved from /home/phuc/Practice/DataScience/DSProject/venv/lib/python3.10/site-packages/airflow/example_dags/example_setup_teardown_taskflow.py
[2023-12-02T13:24:49.044+0700] {logging_mixin.py:154} INFO - [2023-12-02T13:24:49.044+0700] {dag.py:2941} INFO - Sync 1 DAGs
[2023-12-02T13:24:49.059+0700] {logging_mixin.py:154} INFO - [2023-12-02T13:24:49.059+0700] {dag.py:3722} INFO - Setting next_dagrun for example_setup_teardown_taskflow to 2023-12-01T06:24:49.059189+00:00, run_after=2023-12-02T06:24:49.059189+00:00
[2023-12-02T13:24:49.075+0700] {processor.py:179} INFO - Processing /home/phuc/Practice/DataScience/DSProject/venv/lib/python3.10/site-packages/airflow/example_dags/example_setup_teardown_taskflow.py took 0.059 seconds
[2023-12-02T13:25:36.315+0700] {processor.py:157} INFO - Started process (PID=83458) to work on /home/phuc/Practice/DataScience/DSProject/venv/lib/python3.10/site-packages/airflow/example_dags/example_setup_teardown_taskflow.py
[2023-12-02T13:25:36.322+0700] {processor.py:829} INFO - Processing file /home/phuc/Practice/DataScience/DSProject/venv/lib/python3.10/site-packages/airflow/example_dags/example_setup_teardown_taskflow.py for tasks to queue
[2023-12-02T13:25:36.323+0700] {logging_mixin.py:154} INFO - [2023-12-02T13:25:36.322+0700] {dagbag.py:536} INFO - Filling up the DagBag from /home/phuc/Practice/DataScience/DSProject/venv/lib/python3.10/site-packages/airflow/example_dags/example_setup_teardown_taskflow.py
[2023-12-02T13:25:36.332+0700] {processor.py:839} INFO - DAG(s) dict_keys(['example_setup_teardown_taskflow']) retrieved from /home/phuc/Practice/DataScience/DSProject/venv/lib/python3.10/site-packages/airflow/example_dags/example_setup_teardown_taskflow.py
[2023-12-02T13:25:36.346+0700] {logging_mixin.py:154} INFO - [2023-12-02T13:25:36.346+0700] {dag.py:2941} INFO - Sync 1 DAGs
[2023-12-02T13:25:36.363+0700] {logging_mixin.py:154} INFO - [2023-12-02T13:25:36.363+0700] {dag.py:3722} INFO - Setting next_dagrun for example_setup_teardown_taskflow to 2023-12-01T06:25:36.363104+00:00, run_after=2023-12-02T06:25:36.363104+00:00
[2023-12-02T13:25:36.381+0700] {processor.py:179} INFO - Processing /home/phuc/Practice/DataScience/DSProject/venv/lib/python3.10/site-packages/airflow/example_dags/example_setup_teardown_taskflow.py took 0.068 seconds
[2023-12-02T13:26:28.003+0700] {processor.py:157} INFO - Started process (PID=83679) to work on /home/phuc/Practice/DataScience/DSProject/venv/lib/python3.10/site-packages/airflow/example_dags/example_setup_teardown_taskflow.py
[2023-12-02T13:26:28.010+0700] {processor.py:829} INFO - Processing file /home/phuc/Practice/DataScience/DSProject/venv/lib/python3.10/site-packages/airflow/example_dags/example_setup_teardown_taskflow.py for tasks to queue
[2023-12-02T13:26:28.011+0700] {logging_mixin.py:154} INFO - [2023-12-02T13:26:28.010+0700] {dagbag.py:536} INFO - Filling up the DagBag from /home/phuc/Practice/DataScience/DSProject/venv/lib/python3.10/site-packages/airflow/example_dags/example_setup_teardown_taskflow.py
[2023-12-02T13:26:28.020+0700] {processor.py:839} INFO - DAG(s) dict_keys(['example_setup_teardown_taskflow']) retrieved from /home/phuc/Practice/DataScience/DSProject/venv/lib/python3.10/site-packages/airflow/example_dags/example_setup_teardown_taskflow.py
[2023-12-02T13:26:28.037+0700] {logging_mixin.py:154} INFO - [2023-12-02T13:26:28.036+0700] {dag.py:2941} INFO - Sync 1 DAGs
[2023-12-02T13:26:28.055+0700] {logging_mixin.py:154} INFO - [2023-12-02T13:26:28.055+0700] {dag.py:3722} INFO - Setting next_dagrun for example_setup_teardown_taskflow to 2023-12-01T06:26:28.055104+00:00, run_after=2023-12-02T06:26:28.055104+00:00
[2023-12-02T13:26:28.075+0700] {processor.py:179} INFO - Processing /home/phuc/Practice/DataScience/DSProject/venv/lib/python3.10/site-packages/airflow/example_dags/example_setup_teardown_taskflow.py took 0.075 seconds
