[2023-12-02T13:18:24.220+0700] {processor.py:157} INFO - Started process (PID=80896) to work on /home/phuc/Practice/DataScience/DSProject/venv/lib/python3.10/site-packages/airflow/example_dags/example_trigger_target_dag.py
[2023-12-02T13:18:24.221+0700] {processor.py:829} INFO - Processing file /home/phuc/Practice/DataScience/DSProject/venv/lib/python3.10/site-packages/airflow/example_dags/example_trigger_target_dag.py for tasks to queue
[2023-12-02T13:18:24.221+0700] {logging_mixin.py:154} INFO - [2023-12-02T13:18:24.221+0700] {dagbag.py:536} INFO - Filling up the DagBag from /home/phuc/Practice/DataScience/DSProject/venv/lib/python3.10/site-packages/airflow/example_dags/example_trigger_target_dag.py
[2023-12-02T13:18:24.225+0700] {processor.py:839} INFO - DAG(s) dict_keys(['example_trigger_target_dag']) retrieved from /home/phuc/Practice/DataScience/DSProject/venv/lib/python3.10/site-packages/airflow/example_dags/example_trigger_target_dag.py
[2023-12-02T13:18:24.275+0700] {logging_mixin.py:154} INFO - [2023-12-02T13:18:24.275+0700] {manager.py:499} INFO - Created Permission View: %s
[2023-12-02T13:18:24.281+0700] {logging_mixin.py:154} INFO - [2023-12-02T13:18:24.281+0700] {manager.py:499} INFO - Created Permission View: %s
[2023-12-02T13:18:24.285+0700] {logging_mixin.py:154} INFO - [2023-12-02T13:18:24.285+0700] {manager.py:499} INFO - Created Permission View: %s
[2023-12-02T13:18:24.285+0700] {logging_mixin.py:154} INFO - [2023-12-02T13:18:24.285+0700] {dag.py:2941} INFO - Sync 1 DAGs
[2023-12-02T13:18:24.291+0700] {logging_mixin.py:154} INFO - [2023-12-02T13:18:24.291+0700] {dag.py:2963} INFO - Creating ORM DAG for example_trigger_target_dag
[2023-12-02T13:18:24.291+0700] {logging_mixin.py:154} INFO - [2023-12-02T13:18:24.291+0700] {dag.py:3722} INFO - Setting next_dagrun for example_trigger_target_dag to None, run_after=None
[2023-12-02T13:18:24.301+0700] {processor.py:179} INFO - Processing /home/phuc/Practice/DataScience/DSProject/venv/lib/python3.10/site-packages/airflow/example_dags/example_trigger_target_dag.py took 0.085 seconds
[2023-12-02T13:19:09.469+0700] {processor.py:157} INFO - Started process (PID=81094) to work on /home/phuc/Practice/DataScience/DSProject/venv/lib/python3.10/site-packages/airflow/example_dags/example_trigger_target_dag.py
[2023-12-02T13:19:09.477+0700] {processor.py:829} INFO - Processing file /home/phuc/Practice/DataScience/DSProject/venv/lib/python3.10/site-packages/airflow/example_dags/example_trigger_target_dag.py for tasks to queue
[2023-12-02T13:19:09.478+0700] {logging_mixin.py:154} INFO - [2023-12-02T13:19:09.477+0700] {dagbag.py:536} INFO - Filling up the DagBag from /home/phuc/Practice/DataScience/DSProject/venv/lib/python3.10/site-packages/airflow/example_dags/example_trigger_target_dag.py
[2023-12-02T13:19:09.487+0700] {processor.py:839} INFO - DAG(s) dict_keys(['example_trigger_target_dag']) retrieved from /home/phuc/Practice/DataScience/DSProject/venv/lib/python3.10/site-packages/airflow/example_dags/example_trigger_target_dag.py
[2023-12-02T13:19:09.499+0700] {logging_mixin.py:154} INFO - [2023-12-02T13:19:09.499+0700] {dag.py:2941} INFO - Sync 1 DAGs
[2023-12-02T13:19:09.504+0700] {logging_mixin.py:154} INFO - [2023-12-02T13:19:09.504+0700] {dag.py:3722} INFO - Setting next_dagrun for example_trigger_target_dag to None, run_after=None
[2023-12-02T13:19:09.515+0700] {processor.py:179} INFO - Processing /home/phuc/Practice/DataScience/DSProject/venv/lib/python3.10/site-packages/airflow/example_dags/example_trigger_target_dag.py took 0.048 seconds
[2023-12-02T13:19:58.106+0700] {processor.py:157} INFO - Started process (PID=81412) to work on /home/phuc/Practice/DataScience/DSProject/venv/lib/python3.10/site-packages/airflow/example_dags/example_trigger_target_dag.py
[2023-12-02T13:19:58.114+0700] {processor.py:829} INFO - Processing file /home/phuc/Practice/DataScience/DSProject/venv/lib/python3.10/site-packages/airflow/example_dags/example_trigger_target_dag.py for tasks to queue
[2023-12-02T13:19:58.115+0700] {logging_mixin.py:154} INFO - [2023-12-02T13:19:58.115+0700] {dagbag.py:536} INFO - Filling up the DagBag from /home/phuc/Practice/DataScience/DSProject/venv/lib/python3.10/site-packages/airflow/example_dags/example_trigger_target_dag.py
[2023-12-02T13:19:58.124+0700] {processor.py:839} INFO - DAG(s) dict_keys(['example_trigger_target_dag']) retrieved from /home/phuc/Practice/DataScience/DSProject/venv/lib/python3.10/site-packages/airflow/example_dags/example_trigger_target_dag.py
[2023-12-02T13:19:58.135+0700] {logging_mixin.py:154} INFO - [2023-12-02T13:19:58.135+0700] {dag.py:2941} INFO - Sync 1 DAGs
[2023-12-02T13:19:58.141+0700] {logging_mixin.py:154} INFO - [2023-12-02T13:19:58.141+0700] {dag.py:3722} INFO - Setting next_dagrun for example_trigger_target_dag to None, run_after=None
[2023-12-02T13:19:58.151+0700] {processor.py:179} INFO - Processing /home/phuc/Practice/DataScience/DSProject/venv/lib/python3.10/site-packages/airflow/example_dags/example_trigger_target_dag.py took 0.048 seconds
[2023-12-02T13:20:48.212+0700] {processor.py:157} INFO - Started process (PID=81707) to work on /home/phuc/Practice/DataScience/DSProject/venv/lib/python3.10/site-packages/airflow/example_dags/example_trigger_target_dag.py
[2023-12-02T13:20:48.219+0700] {processor.py:829} INFO - Processing file /home/phuc/Practice/DataScience/DSProject/venv/lib/python3.10/site-packages/airflow/example_dags/example_trigger_target_dag.py for tasks to queue
[2023-12-02T13:20:48.220+0700] {logging_mixin.py:154} INFO - [2023-12-02T13:20:48.220+0700] {dagbag.py:536} INFO - Filling up the DagBag from /home/phuc/Practice/DataScience/DSProject/venv/lib/python3.10/site-packages/airflow/example_dags/example_trigger_target_dag.py
[2023-12-02T13:20:48.230+0700] {processor.py:839} INFO - DAG(s) dict_keys(['example_trigger_target_dag']) retrieved from /home/phuc/Practice/DataScience/DSProject/venv/lib/python3.10/site-packages/airflow/example_dags/example_trigger_target_dag.py
[2023-12-02T13:20:48.240+0700] {logging_mixin.py:154} INFO - [2023-12-02T13:20:48.240+0700] {dag.py:2941} INFO - Sync 1 DAGs
[2023-12-02T13:20:48.246+0700] {logging_mixin.py:154} INFO - [2023-12-02T13:20:48.246+0700] {dag.py:3722} INFO - Setting next_dagrun for example_trigger_target_dag to None, run_after=None
[2023-12-02T13:20:48.256+0700] {processor.py:179} INFO - Processing /home/phuc/Practice/DataScience/DSProject/venv/lib/python3.10/site-packages/airflow/example_dags/example_trigger_target_dag.py took 0.047 seconds
[2023-12-02T13:21:38.668+0700] {processor.py:157} INFO - Started process (PID=81984) to work on /home/phuc/Practice/DataScience/DSProject/venv/lib/python3.10/site-packages/airflow/example_dags/example_trigger_target_dag.py
[2023-12-02T13:21:38.675+0700] {processor.py:829} INFO - Processing file /home/phuc/Practice/DataScience/DSProject/venv/lib/python3.10/site-packages/airflow/example_dags/example_trigger_target_dag.py for tasks to queue
[2023-12-02T13:21:38.676+0700] {logging_mixin.py:154} INFO - [2023-12-02T13:21:38.675+0700] {dagbag.py:536} INFO - Filling up the DagBag from /home/phuc/Practice/DataScience/DSProject/venv/lib/python3.10/site-packages/airflow/example_dags/example_trigger_target_dag.py
[2023-12-02T13:21:38.685+0700] {processor.py:839} INFO - DAG(s) dict_keys(['example_trigger_target_dag']) retrieved from /home/phuc/Practice/DataScience/DSProject/venv/lib/python3.10/site-packages/airflow/example_dags/example_trigger_target_dag.py
[2023-12-02T13:21:38.697+0700] {logging_mixin.py:154} INFO - [2023-12-02T13:21:38.697+0700] {dag.py:2941} INFO - Sync 1 DAGs
[2023-12-02T13:21:38.703+0700] {logging_mixin.py:154} INFO - [2023-12-02T13:21:38.703+0700] {dag.py:3722} INFO - Setting next_dagrun for example_trigger_target_dag to None, run_after=None
[2023-12-02T13:21:38.715+0700] {processor.py:179} INFO - Processing /home/phuc/Practice/DataScience/DSProject/venv/lib/python3.10/site-packages/airflow/example_dags/example_trigger_target_dag.py took 0.051 seconds
[2023-12-02T13:22:23.449+0700] {processor.py:157} INFO - Started process (PID=82367) to work on /home/phuc/Practice/DataScience/DSProject/venv/lib/python3.10/site-packages/airflow/example_dags/example_trigger_target_dag.py
[2023-12-02T13:22:23.450+0700] {processor.py:829} INFO - Processing file /home/phuc/Practice/DataScience/DSProject/venv/lib/python3.10/site-packages/airflow/example_dags/example_trigger_target_dag.py for tasks to queue
[2023-12-02T13:22:23.450+0700] {logging_mixin.py:154} INFO - [2023-12-02T13:22:23.450+0700] {dagbag.py:536} INFO - Filling up the DagBag from /home/phuc/Practice/DataScience/DSProject/venv/lib/python3.10/site-packages/airflow/example_dags/example_trigger_target_dag.py
[2023-12-02T13:22:23.456+0700] {processor.py:839} INFO - DAG(s) dict_keys(['example_trigger_target_dag']) retrieved from /home/phuc/Practice/DataScience/DSProject/venv/lib/python3.10/site-packages/airflow/example_dags/example_trigger_target_dag.py
[2023-12-02T13:22:23.467+0700] {logging_mixin.py:154} INFO - [2023-12-02T13:22:23.467+0700] {dag.py:2941} INFO - Sync 1 DAGs
[2023-12-02T13:22:23.473+0700] {logging_mixin.py:154} INFO - [2023-12-02T13:22:23.473+0700] {dag.py:3722} INFO - Setting next_dagrun for example_trigger_target_dag to None, run_after=None
[2023-12-02T13:22:23.485+0700] {processor.py:179} INFO - Processing /home/phuc/Practice/DataScience/DSProject/venv/lib/python3.10/site-packages/airflow/example_dags/example_trigger_target_dag.py took 0.038 seconds
[2023-12-02T13:23:10.185+0700] {processor.py:157} INFO - Started process (PID=82684) to work on /home/phuc/Practice/DataScience/DSProject/venv/lib/python3.10/site-packages/airflow/example_dags/example_trigger_target_dag.py
[2023-12-02T13:23:10.192+0700] {processor.py:829} INFO - Processing file /home/phuc/Practice/DataScience/DSProject/venv/lib/python3.10/site-packages/airflow/example_dags/example_trigger_target_dag.py for tasks to queue
[2023-12-02T13:23:10.193+0700] {logging_mixin.py:154} INFO - [2023-12-02T13:23:10.192+0700] {dagbag.py:536} INFO - Filling up the DagBag from /home/phuc/Practice/DataScience/DSProject/venv/lib/python3.10/site-packages/airflow/example_dags/example_trigger_target_dag.py
[2023-12-02T13:23:10.202+0700] {processor.py:839} INFO - DAG(s) dict_keys(['example_trigger_target_dag']) retrieved from /home/phuc/Practice/DataScience/DSProject/venv/lib/python3.10/site-packages/airflow/example_dags/example_trigger_target_dag.py
[2023-12-02T13:23:10.216+0700] {logging_mixin.py:154} INFO - [2023-12-02T13:23:10.215+0700] {dag.py:2941} INFO - Sync 1 DAGs
[2023-12-02T13:23:10.224+0700] {logging_mixin.py:154} INFO - [2023-12-02T13:23:10.224+0700] {dag.py:3722} INFO - Setting next_dagrun for example_trigger_target_dag to None, run_after=None
[2023-12-02T13:23:10.243+0700] {processor.py:179} INFO - Processing /home/phuc/Practice/DataScience/DSProject/venv/lib/python3.10/site-packages/airflow/example_dags/example_trigger_target_dag.py took 0.062 seconds
[2023-12-02T13:23:49.865+0700] {processor.py:157} INFO - Started process (PID=82869) to work on /home/phuc/Practice/DataScience/DSProject/venv/lib/python3.10/site-packages/airflow/example_dags/example_trigger_target_dag.py
[2023-12-02T13:23:49.873+0700] {processor.py:829} INFO - Processing file /home/phuc/Practice/DataScience/DSProject/venv/lib/python3.10/site-packages/airflow/example_dags/example_trigger_target_dag.py for tasks to queue
[2023-12-02T13:23:49.874+0700] {logging_mixin.py:154} INFO - [2023-12-02T13:23:49.873+0700] {dagbag.py:536} INFO - Filling up the DagBag from /home/phuc/Practice/DataScience/DSProject/venv/lib/python3.10/site-packages/airflow/example_dags/example_trigger_target_dag.py
[2023-12-02T13:23:49.882+0700] {processor.py:839} INFO - DAG(s) dict_keys(['example_trigger_target_dag']) retrieved from /home/phuc/Practice/DataScience/DSProject/venv/lib/python3.10/site-packages/airflow/example_dags/example_trigger_target_dag.py
[2023-12-02T13:23:49.894+0700] {logging_mixin.py:154} INFO - [2023-12-02T13:23:49.894+0700] {dag.py:2941} INFO - Sync 1 DAGs
[2023-12-02T13:23:49.900+0700] {logging_mixin.py:154} INFO - [2023-12-02T13:23:49.900+0700] {dag.py:3722} INFO - Setting next_dagrun for example_trigger_target_dag to None, run_after=None
[2023-12-02T13:23:49.913+0700] {processor.py:179} INFO - Processing /home/phuc/Practice/DataScience/DSProject/venv/lib/python3.10/site-packages/airflow/example_dags/example_trigger_target_dag.py took 0.053 seconds
[2023-12-02T13:24:31.436+0700] {processor.py:157} INFO - Started process (PID=83057) to work on /home/phuc/Practice/DataScience/DSProject/venv/lib/python3.10/site-packages/airflow/example_dags/example_trigger_target_dag.py
[2023-12-02T13:24:31.444+0700] {processor.py:829} INFO - Processing file /home/phuc/Practice/DataScience/DSProject/venv/lib/python3.10/site-packages/airflow/example_dags/example_trigger_target_dag.py for tasks to queue
[2023-12-02T13:24:31.445+0700] {logging_mixin.py:154} INFO - [2023-12-02T13:24:31.445+0700] {dagbag.py:536} INFO - Filling up the DagBag from /home/phuc/Practice/DataScience/DSProject/venv/lib/python3.10/site-packages/airflow/example_dags/example_trigger_target_dag.py
[2023-12-02T13:24:31.455+0700] {processor.py:839} INFO - DAG(s) dict_keys(['example_trigger_target_dag']) retrieved from /home/phuc/Practice/DataScience/DSProject/venv/lib/python3.10/site-packages/airflow/example_dags/example_trigger_target_dag.py
[2023-12-02T13:24:31.467+0700] {logging_mixin.py:154} INFO - [2023-12-02T13:24:31.467+0700] {dag.py:2941} INFO - Sync 1 DAGs
[2023-12-02T13:24:31.474+0700] {logging_mixin.py:154} INFO - [2023-12-02T13:24:31.474+0700] {dag.py:3722} INFO - Setting next_dagrun for example_trigger_target_dag to None, run_after=None
[2023-12-02T13:24:31.486+0700] {processor.py:179} INFO - Processing /home/phuc/Practice/DataScience/DSProject/venv/lib/python3.10/site-packages/airflow/example_dags/example_trigger_target_dag.py took 0.052 seconds
[2023-12-02T13:25:18.771+0700] {processor.py:157} INFO - Started process (PID=83391) to work on /home/phuc/Practice/DataScience/DSProject/venv/lib/python3.10/site-packages/airflow/example_dags/example_trigger_target_dag.py
[2023-12-02T13:25:18.778+0700] {processor.py:829} INFO - Processing file /home/phuc/Practice/DataScience/DSProject/venv/lib/python3.10/site-packages/airflow/example_dags/example_trigger_target_dag.py for tasks to queue
[2023-12-02T13:25:18.779+0700] {logging_mixin.py:154} INFO - [2023-12-02T13:25:18.779+0700] {dagbag.py:536} INFO - Filling up the DagBag from /home/phuc/Practice/DataScience/DSProject/venv/lib/python3.10/site-packages/airflow/example_dags/example_trigger_target_dag.py
[2023-12-02T13:25:18.786+0700] {processor.py:839} INFO - DAG(s) dict_keys(['example_trigger_target_dag']) retrieved from /home/phuc/Practice/DataScience/DSProject/venv/lib/python3.10/site-packages/airflow/example_dags/example_trigger_target_dag.py
[2023-12-02T13:25:18.807+0700] {logging_mixin.py:154} INFO - [2023-12-02T13:25:18.806+0700] {dag.py:2941} INFO - Sync 1 DAGs
[2023-12-02T13:25:18.818+0700] {logging_mixin.py:154} INFO - [2023-12-02T13:25:18.818+0700] {dag.py:3722} INFO - Setting next_dagrun for example_trigger_target_dag to None, run_after=None
[2023-12-02T13:25:18.841+0700] {processor.py:179} INFO - Processing /home/phuc/Practice/DataScience/DSProject/venv/lib/python3.10/site-packages/airflow/example_dags/example_trigger_target_dag.py took 0.074 seconds
[2023-12-02T13:26:07.840+0700] {processor.py:157} INFO - Started process (PID=83592) to work on /home/phuc/Practice/DataScience/DSProject/venv/lib/python3.10/site-packages/airflow/example_dags/example_trigger_target_dag.py
[2023-12-02T13:26:07.847+0700] {processor.py:829} INFO - Processing file /home/phuc/Practice/DataScience/DSProject/venv/lib/python3.10/site-packages/airflow/example_dags/example_trigger_target_dag.py for tasks to queue
[2023-12-02T13:26:07.848+0700] {logging_mixin.py:154} INFO - [2023-12-02T13:26:07.848+0700] {dagbag.py:536} INFO - Filling up the DagBag from /home/phuc/Practice/DataScience/DSProject/venv/lib/python3.10/site-packages/airflow/example_dags/example_trigger_target_dag.py
[2023-12-02T13:26:07.854+0700] {processor.py:839} INFO - DAG(s) dict_keys(['example_trigger_target_dag']) retrieved from /home/phuc/Practice/DataScience/DSProject/venv/lib/python3.10/site-packages/airflow/example_dags/example_trigger_target_dag.py
[2023-12-02T13:26:07.869+0700] {logging_mixin.py:154} INFO - [2023-12-02T13:26:07.869+0700] {dag.py:2941} INFO - Sync 1 DAGs
[2023-12-02T13:26:07.879+0700] {logging_mixin.py:154} INFO - [2023-12-02T13:26:07.879+0700] {dag.py:3722} INFO - Setting next_dagrun for example_trigger_target_dag to None, run_after=None
[2023-12-02T13:26:07.899+0700] {processor.py:179} INFO - Processing /home/phuc/Practice/DataScience/DSProject/venv/lib/python3.10/site-packages/airflow/example_dags/example_trigger_target_dag.py took 0.061 seconds
