[2023-12-02T13:18:25.347+0700] {processor.py:157} INFO - Started process (PID=80897) to work on /home/phuc/Practice/DataScience/DSProject/venv/lib/python3.10/site-packages/airflow/example_dags/example_dynamic_task_mapping_with_no_taskflow_operators.py
[2023-12-02T13:18:25.348+0700] {processor.py:829} INFO - Processing file /home/phuc/Practice/DataScience/DSProject/venv/lib/python3.10/site-packages/airflow/example_dags/example_dynamic_task_mapping_with_no_taskflow_operators.py for tasks to queue
[2023-12-02T13:18:25.349+0700] {logging_mixin.py:154} INFO - [2023-12-02T13:18:25.348+0700] {dagbag.py:536} INFO - Filling up the DagBag from /home/phuc/Practice/DataScience/DSProject/venv/lib/python3.10/site-packages/airflow/example_dags/example_dynamic_task_mapping_with_no_taskflow_operators.py
[2023-12-02T13:18:25.354+0700] {processor.py:839} INFO - DAG(s) dict_keys(['example_dynamic_task_mapping_with_no_taskflow_operators']) retrieved from /home/phuc/Practice/DataScience/DSProject/venv/lib/python3.10/site-packages/airflow/example_dags/example_dynamic_task_mapping_with_no_taskflow_operators.py
[2023-12-02T13:18:25.410+0700] {logging_mixin.py:154} INFO - [2023-12-02T13:18:25.410+0700] {manager.py:499} INFO - Created Permission View: %s
[2023-12-02T13:18:25.416+0700] {logging_mixin.py:154} INFO - [2023-12-02T13:18:25.416+0700] {manager.py:499} INFO - Created Permission View: %s
[2023-12-02T13:18:25.420+0700] {logging_mixin.py:154} INFO - [2023-12-02T13:18:25.420+0700] {manager.py:499} INFO - Created Permission View: %s
[2023-12-02T13:18:25.420+0700] {logging_mixin.py:154} INFO - [2023-12-02T13:18:25.420+0700] {dag.py:2941} INFO - Sync 1 DAGs
[2023-12-02T13:18:25.426+0700] {logging_mixin.py:154} INFO - [2023-12-02T13:18:25.426+0700] {dag.py:2963} INFO - Creating ORM DAG for example_dynamic_task_mapping_with_no_taskflow_operators
[2023-12-02T13:18:25.430+0700] {logging_mixin.py:154} INFO - [2023-12-02T13:18:25.430+0700] {dag.py:3722} INFO - Setting next_dagrun for example_dynamic_task_mapping_with_no_taskflow_operators to 2023-12-01T06:18:25.430122+00:00, run_after=2023-12-02T06:18:25.430122+00:00
[2023-12-02T13:18:25.439+0700] {processor.py:179} INFO - Processing /home/phuc/Practice/DataScience/DSProject/venv/lib/python3.10/site-packages/airflow/example_dags/example_dynamic_task_mapping_with_no_taskflow_operators.py took 0.093 seconds
[2023-12-02T13:19:10.598+0700] {processor.py:157} INFO - Started process (PID=81095) to work on /home/phuc/Practice/DataScience/DSProject/venv/lib/python3.10/site-packages/airflow/example_dags/example_dynamic_task_mapping_with_no_taskflow_operators.py
[2023-12-02T13:19:10.599+0700] {processor.py:829} INFO - Processing file /home/phuc/Practice/DataScience/DSProject/venv/lib/python3.10/site-packages/airflow/example_dags/example_dynamic_task_mapping_with_no_taskflow_operators.py for tasks to queue
[2023-12-02T13:19:10.599+0700] {logging_mixin.py:154} INFO - [2023-12-02T13:19:10.599+0700] {dagbag.py:536} INFO - Filling up the DagBag from /home/phuc/Practice/DataScience/DSProject/venv/lib/python3.10/site-packages/airflow/example_dags/example_dynamic_task_mapping_with_no_taskflow_operators.py
[2023-12-02T13:19:10.606+0700] {processor.py:839} INFO - DAG(s) dict_keys(['example_dynamic_task_mapping_with_no_taskflow_operators']) retrieved from /home/phuc/Practice/DataScience/DSProject/venv/lib/python3.10/site-packages/airflow/example_dags/example_dynamic_task_mapping_with_no_taskflow_operators.py
[2023-12-02T13:19:10.616+0700] {logging_mixin.py:154} INFO - [2023-12-02T13:19:10.616+0700] {dag.py:2941} INFO - Sync 1 DAGs
[2023-12-02T13:19:10.625+0700] {logging_mixin.py:154} INFO - [2023-12-02T13:19:10.625+0700] {dag.py:3722} INFO - Setting next_dagrun for example_dynamic_task_mapping_with_no_taskflow_operators to 2023-12-01T06:19:10.625498+00:00, run_after=2023-12-02T06:19:10.625498+00:00
[2023-12-02T13:19:10.635+0700] {processor.py:179} INFO - Processing /home/phuc/Practice/DataScience/DSProject/venv/lib/python3.10/site-packages/airflow/example_dags/example_dynamic_task_mapping_with_no_taskflow_operators.py took 0.038 seconds
[2023-12-02T13:19:59.066+0700] {processor.py:157} INFO - Started process (PID=81428) to work on /home/phuc/Practice/DataScience/DSProject/venv/lib/python3.10/site-packages/airflow/example_dags/example_dynamic_task_mapping_with_no_taskflow_operators.py
[2023-12-02T13:19:59.067+0700] {processor.py:829} INFO - Processing file /home/phuc/Practice/DataScience/DSProject/venv/lib/python3.10/site-packages/airflow/example_dags/example_dynamic_task_mapping_with_no_taskflow_operators.py for tasks to queue
[2023-12-02T13:19:59.067+0700] {logging_mixin.py:154} INFO - [2023-12-02T13:19:59.067+0700] {dagbag.py:536} INFO - Filling up the DagBag from /home/phuc/Practice/DataScience/DSProject/venv/lib/python3.10/site-packages/airflow/example_dags/example_dynamic_task_mapping_with_no_taskflow_operators.py
[2023-12-02T13:19:59.072+0700] {processor.py:839} INFO - DAG(s) dict_keys(['example_dynamic_task_mapping_with_no_taskflow_operators']) retrieved from /home/phuc/Practice/DataScience/DSProject/venv/lib/python3.10/site-packages/airflow/example_dags/example_dynamic_task_mapping_with_no_taskflow_operators.py
[2023-12-02T13:19:59.081+0700] {logging_mixin.py:154} INFO - [2023-12-02T13:19:59.081+0700] {dag.py:2941} INFO - Sync 1 DAGs
[2023-12-02T13:19:59.094+0700] {logging_mixin.py:154} INFO - [2023-12-02T13:19:59.094+0700] {dag.py:3722} INFO - Setting next_dagrun for example_dynamic_task_mapping_with_no_taskflow_operators to 2023-12-01T06:19:59.093978+00:00, run_after=2023-12-02T06:19:59.093978+00:00
[2023-12-02T13:19:59.106+0700] {processor.py:179} INFO - Processing /home/phuc/Practice/DataScience/DSProject/venv/lib/python3.10/site-packages/airflow/example_dags/example_dynamic_task_mapping_with_no_taskflow_operators.py took 0.042 seconds
[2023-12-02T13:20:49.345+0700] {processor.py:157} INFO - Started process (PID=81708) to work on /home/phuc/Practice/DataScience/DSProject/venv/lib/python3.10/site-packages/airflow/example_dags/example_dynamic_task_mapping_with_no_taskflow_operators.py
[2023-12-02T13:20:49.353+0700] {processor.py:829} INFO - Processing file /home/phuc/Practice/DataScience/DSProject/venv/lib/python3.10/site-packages/airflow/example_dags/example_dynamic_task_mapping_with_no_taskflow_operators.py for tasks to queue
[2023-12-02T13:20:49.354+0700] {logging_mixin.py:154} INFO - [2023-12-02T13:20:49.353+0700] {dagbag.py:536} INFO - Filling up the DagBag from /home/phuc/Practice/DataScience/DSProject/venv/lib/python3.10/site-packages/airflow/example_dags/example_dynamic_task_mapping_with_no_taskflow_operators.py
[2023-12-02T13:20:49.360+0700] {processor.py:839} INFO - DAG(s) dict_keys(['example_dynamic_task_mapping_with_no_taskflow_operators']) retrieved from /home/phuc/Practice/DataScience/DSProject/venv/lib/python3.10/site-packages/airflow/example_dags/example_dynamic_task_mapping_with_no_taskflow_operators.py
[2023-12-02T13:20:49.368+0700] {logging_mixin.py:154} INFO - [2023-12-02T13:20:49.368+0700] {dag.py:2941} INFO - Sync 1 DAGs
[2023-12-02T13:20:49.377+0700] {logging_mixin.py:154} INFO - [2023-12-02T13:20:49.377+0700] {dag.py:3722} INFO - Setting next_dagrun for example_dynamic_task_mapping_with_no_taskflow_operators to 2023-12-01T06:20:49.377223+00:00, run_after=2023-12-02T06:20:49.377223+00:00
[2023-12-02T13:20:49.387+0700] {processor.py:179} INFO - Processing /home/phuc/Practice/DataScience/DSProject/venv/lib/python3.10/site-packages/airflow/example_dags/example_dynamic_task_mapping_with_no_taskflow_operators.py took 0.044 seconds
[2023-12-02T13:21:39.804+0700] {processor.py:157} INFO - Started process (PID=82018) to work on /home/phuc/Practice/DataScience/DSProject/venv/lib/python3.10/site-packages/airflow/example_dags/example_dynamic_task_mapping_with_no_taskflow_operators.py
[2023-12-02T13:21:39.805+0700] {processor.py:829} INFO - Processing file /home/phuc/Practice/DataScience/DSProject/venv/lib/python3.10/site-packages/airflow/example_dags/example_dynamic_task_mapping_with_no_taskflow_operators.py for tasks to queue
[2023-12-02T13:21:39.805+0700] {logging_mixin.py:154} INFO - [2023-12-02T13:21:39.805+0700] {dagbag.py:536} INFO - Filling up the DagBag from /home/phuc/Practice/DataScience/DSProject/venv/lib/python3.10/site-packages/airflow/example_dags/example_dynamic_task_mapping_with_no_taskflow_operators.py
[2023-12-02T13:21:39.812+0700] {processor.py:839} INFO - DAG(s) dict_keys(['example_dynamic_task_mapping_with_no_taskflow_operators']) retrieved from /home/phuc/Practice/DataScience/DSProject/venv/lib/python3.10/site-packages/airflow/example_dags/example_dynamic_task_mapping_with_no_taskflow_operators.py
[2023-12-02T13:21:39.823+0700] {logging_mixin.py:154} INFO - [2023-12-02T13:21:39.823+0700] {dag.py:2941} INFO - Sync 1 DAGs
[2023-12-02T13:21:39.835+0700] {logging_mixin.py:154} INFO - [2023-12-02T13:21:39.835+0700] {dag.py:3722} INFO - Setting next_dagrun for example_dynamic_task_mapping_with_no_taskflow_operators to 2023-12-01T06:21:39.835569+00:00, run_after=2023-12-02T06:21:39.835569+00:00
[2023-12-02T13:21:39.848+0700] {processor.py:179} INFO - Processing /home/phuc/Practice/DataScience/DSProject/venv/lib/python3.10/site-packages/airflow/example_dags/example_dynamic_task_mapping_with_no_taskflow_operators.py took 0.046 seconds
[2023-12-02T13:22:24.595+0700] {processor.py:157} INFO - Started process (PID=82377) to work on /home/phuc/Practice/DataScience/DSProject/venv/lib/python3.10/site-packages/airflow/example_dags/example_dynamic_task_mapping_with_no_taskflow_operators.py
[2023-12-02T13:22:24.602+0700] {processor.py:829} INFO - Processing file /home/phuc/Practice/DataScience/DSProject/venv/lib/python3.10/site-packages/airflow/example_dags/example_dynamic_task_mapping_with_no_taskflow_operators.py for tasks to queue
[2023-12-02T13:22:24.603+0700] {logging_mixin.py:154} INFO - [2023-12-02T13:22:24.602+0700] {dagbag.py:536} INFO - Filling up the DagBag from /home/phuc/Practice/DataScience/DSProject/venv/lib/python3.10/site-packages/airflow/example_dags/example_dynamic_task_mapping_with_no_taskflow_operators.py
[2023-12-02T13:22:24.614+0700] {processor.py:839} INFO - DAG(s) dict_keys(['example_dynamic_task_mapping_with_no_taskflow_operators']) retrieved from /home/phuc/Practice/DataScience/DSProject/venv/lib/python3.10/site-packages/airflow/example_dags/example_dynamic_task_mapping_with_no_taskflow_operators.py
[2023-12-02T13:22:24.624+0700] {logging_mixin.py:154} INFO - [2023-12-02T13:22:24.624+0700] {dag.py:2941} INFO - Sync 1 DAGs
[2023-12-02T13:22:24.636+0700] {logging_mixin.py:154} INFO - [2023-12-02T13:22:24.636+0700] {dag.py:3722} INFO - Setting next_dagrun for example_dynamic_task_mapping_with_no_taskflow_operators to 2023-12-01T06:22:24.635941+00:00, run_after=2023-12-02T06:22:24.635941+00:00
[2023-12-02T13:22:24.649+0700] {processor.py:179} INFO - Processing /home/phuc/Practice/DataScience/DSProject/venv/lib/python3.10/site-packages/airflow/example_dags/example_dynamic_task_mapping_with_no_taskflow_operators.py took 0.057 seconds
[2023-12-02T13:23:10.639+0700] {processor.py:157} INFO - Started process (PID=82685) to work on /home/phuc/Practice/DataScience/DSProject/venv/lib/python3.10/site-packages/airflow/example_dags/example_dynamic_task_mapping_with_no_taskflow_operators.py
[2023-12-02T13:23:10.646+0700] {processor.py:829} INFO - Processing file /home/phuc/Practice/DataScience/DSProject/venv/lib/python3.10/site-packages/airflow/example_dags/example_dynamic_task_mapping_with_no_taskflow_operators.py for tasks to queue
[2023-12-02T13:23:10.648+0700] {logging_mixin.py:154} INFO - [2023-12-02T13:23:10.647+0700] {dagbag.py:536} INFO - Filling up the DagBag from /home/phuc/Practice/DataScience/DSProject/venv/lib/python3.10/site-packages/airflow/example_dags/example_dynamic_task_mapping_with_no_taskflow_operators.py
[2023-12-02T13:23:10.656+0700] {processor.py:839} INFO - DAG(s) dict_keys(['example_dynamic_task_mapping_with_no_taskflow_operators']) retrieved from /home/phuc/Practice/DataScience/DSProject/venv/lib/python3.10/site-packages/airflow/example_dags/example_dynamic_task_mapping_with_no_taskflow_operators.py
[2023-12-02T13:23:10.669+0700] {logging_mixin.py:154} INFO - [2023-12-02T13:23:10.669+0700] {dag.py:2941} INFO - Sync 1 DAGs
[2023-12-02T13:23:10.686+0700] {logging_mixin.py:154} INFO - [2023-12-02T13:23:10.686+0700] {dag.py:3722} INFO - Setting next_dagrun for example_dynamic_task_mapping_with_no_taskflow_operators to 2023-12-01T06:23:10.685812+00:00, run_after=2023-12-02T06:23:10.685812+00:00
[2023-12-02T13:23:10.700+0700] {processor.py:179} INFO - Processing /home/phuc/Practice/DataScience/DSProject/venv/lib/python3.10/site-packages/airflow/example_dags/example_dynamic_task_mapping_with_no_taskflow_operators.py took 0.064 seconds
[2023-12-02T13:23:50.425+0700] {processor.py:157} INFO - Started process (PID=82870) to work on /home/phuc/Practice/DataScience/DSProject/venv/lib/python3.10/site-packages/airflow/example_dags/example_dynamic_task_mapping_with_no_taskflow_operators.py
[2023-12-02T13:23:50.432+0700] {processor.py:829} INFO - Processing file /home/phuc/Practice/DataScience/DSProject/venv/lib/python3.10/site-packages/airflow/example_dags/example_dynamic_task_mapping_with_no_taskflow_operators.py for tasks to queue
[2023-12-02T13:23:50.433+0700] {logging_mixin.py:154} INFO - [2023-12-02T13:23:50.432+0700] {dagbag.py:536} INFO - Filling up the DagBag from /home/phuc/Practice/DataScience/DSProject/venv/lib/python3.10/site-packages/airflow/example_dags/example_dynamic_task_mapping_with_no_taskflow_operators.py
[2023-12-02T13:23:50.444+0700] {processor.py:839} INFO - DAG(s) dict_keys(['example_dynamic_task_mapping_with_no_taskflow_operators']) retrieved from /home/phuc/Practice/DataScience/DSProject/venv/lib/python3.10/site-packages/airflow/example_dags/example_dynamic_task_mapping_with_no_taskflow_operators.py
[2023-12-02T13:23:50.454+0700] {logging_mixin.py:154} INFO - [2023-12-02T13:23:50.454+0700] {dag.py:2941} INFO - Sync 1 DAGs
[2023-12-02T13:23:50.465+0700] {logging_mixin.py:154} INFO - [2023-12-02T13:23:50.465+0700] {dag.py:3722} INFO - Setting next_dagrun for example_dynamic_task_mapping_with_no_taskflow_operators to 2023-12-01T06:23:50.465577+00:00, run_after=2023-12-02T06:23:50.465577+00:00
[2023-12-02T13:23:50.477+0700] {processor.py:179} INFO - Processing /home/phuc/Practice/DataScience/DSProject/venv/lib/python3.10/site-packages/airflow/example_dags/example_dynamic_task_mapping_with_no_taskflow_operators.py took 0.056 seconds
[2023-12-02T13:24:32.586+0700] {processor.py:157} INFO - Started process (PID=83058) to work on /home/phuc/Practice/DataScience/DSProject/venv/lib/python3.10/site-packages/airflow/example_dags/example_dynamic_task_mapping_with_no_taskflow_operators.py
[2023-12-02T13:24:32.594+0700] {processor.py:829} INFO - Processing file /home/phuc/Practice/DataScience/DSProject/venv/lib/python3.10/site-packages/airflow/example_dags/example_dynamic_task_mapping_with_no_taskflow_operators.py for tasks to queue
[2023-12-02T13:24:32.595+0700] {logging_mixin.py:154} INFO - [2023-12-02T13:24:32.595+0700] {dagbag.py:536} INFO - Filling up the DagBag from /home/phuc/Practice/DataScience/DSProject/venv/lib/python3.10/site-packages/airflow/example_dags/example_dynamic_task_mapping_with_no_taskflow_operators.py
[2023-12-02T13:24:32.606+0700] {processor.py:839} INFO - DAG(s) dict_keys(['example_dynamic_task_mapping_with_no_taskflow_operators']) retrieved from /home/phuc/Practice/DataScience/DSProject/venv/lib/python3.10/site-packages/airflow/example_dags/example_dynamic_task_mapping_with_no_taskflow_operators.py
[2023-12-02T13:24:32.617+0700] {logging_mixin.py:154} INFO - [2023-12-02T13:24:32.616+0700] {dag.py:2941} INFO - Sync 1 DAGs
[2023-12-02T13:24:32.628+0700] {logging_mixin.py:154} INFO - [2023-12-02T13:24:32.628+0700] {dag.py:3722} INFO - Setting next_dagrun for example_dynamic_task_mapping_with_no_taskflow_operators to 2023-12-01T06:24:32.628125+00:00, run_after=2023-12-02T06:24:32.628125+00:00
[2023-12-02T13:24:32.639+0700] {processor.py:179} INFO - Processing /home/phuc/Practice/DataScience/DSProject/venv/lib/python3.10/site-packages/airflow/example_dags/example_dynamic_task_mapping_with_no_taskflow_operators.py took 0.055 seconds
[2023-12-02T13:25:19.915+0700] {processor.py:157} INFO - Started process (PID=83392) to work on /home/phuc/Practice/DataScience/DSProject/venv/lib/python3.10/site-packages/airflow/example_dags/example_dynamic_task_mapping_with_no_taskflow_operators.py
[2023-12-02T13:25:19.922+0700] {processor.py:829} INFO - Processing file /home/phuc/Practice/DataScience/DSProject/venv/lib/python3.10/site-packages/airflow/example_dags/example_dynamic_task_mapping_with_no_taskflow_operators.py for tasks to queue
[2023-12-02T13:25:19.923+0700] {logging_mixin.py:154} INFO - [2023-12-02T13:25:19.923+0700] {dagbag.py:536} INFO - Filling up the DagBag from /home/phuc/Practice/DataScience/DSProject/venv/lib/python3.10/site-packages/airflow/example_dags/example_dynamic_task_mapping_with_no_taskflow_operators.py
[2023-12-02T13:25:19.931+0700] {processor.py:839} INFO - DAG(s) dict_keys(['example_dynamic_task_mapping_with_no_taskflow_operators']) retrieved from /home/phuc/Practice/DataScience/DSProject/venv/lib/python3.10/site-packages/airflow/example_dags/example_dynamic_task_mapping_with_no_taskflow_operators.py
[2023-12-02T13:25:19.946+0700] {logging_mixin.py:154} INFO - [2023-12-02T13:25:19.946+0700] {dag.py:2941} INFO - Sync 1 DAGs
[2023-12-02T13:25:19.966+0700] {logging_mixin.py:154} INFO - [2023-12-02T13:25:19.966+0700] {dag.py:3722} INFO - Setting next_dagrun for example_dynamic_task_mapping_with_no_taskflow_operators to 2023-12-01T06:25:19.965991+00:00, run_after=2023-12-02T06:25:19.965991+00:00
[2023-12-02T13:25:19.998+0700] {processor.py:179} INFO - Processing /home/phuc/Practice/DataScience/DSProject/venv/lib/python3.10/site-packages/airflow/example_dags/example_dynamic_task_mapping_with_no_taskflow_operators.py took 0.085 seconds
[2023-12-02T13:26:08.977+0700] {processor.py:157} INFO - Started process (PID=83609) to work on /home/phuc/Practice/DataScience/DSProject/venv/lib/python3.10/site-packages/airflow/example_dags/example_dynamic_task_mapping_with_no_taskflow_operators.py
[2023-12-02T13:26:08.984+0700] {processor.py:829} INFO - Processing file /home/phuc/Practice/DataScience/DSProject/venv/lib/python3.10/site-packages/airflow/example_dags/example_dynamic_task_mapping_with_no_taskflow_operators.py for tasks to queue
[2023-12-02T13:26:08.985+0700] {logging_mixin.py:154} INFO - [2023-12-02T13:26:08.985+0700] {dagbag.py:536} INFO - Filling up the DagBag from /home/phuc/Practice/DataScience/DSProject/venv/lib/python3.10/site-packages/airflow/example_dags/example_dynamic_task_mapping_with_no_taskflow_operators.py
[2023-12-02T13:26:08.992+0700] {processor.py:839} INFO - DAG(s) dict_keys(['example_dynamic_task_mapping_with_no_taskflow_operators']) retrieved from /home/phuc/Practice/DataScience/DSProject/venv/lib/python3.10/site-packages/airflow/example_dags/example_dynamic_task_mapping_with_no_taskflow_operators.py
[2023-12-02T13:26:09.005+0700] {logging_mixin.py:154} INFO - [2023-12-02T13:26:09.005+0700] {dag.py:2941} INFO - Sync 1 DAGs
[2023-12-02T13:26:09.022+0700] {logging_mixin.py:154} INFO - [2023-12-02T13:26:09.021+0700] {dag.py:3722} INFO - Setting next_dagrun for example_dynamic_task_mapping_with_no_taskflow_operators to 2023-12-01T06:26:09.021707+00:00, run_after=2023-12-02T06:26:09.021707+00:00
[2023-12-02T13:26:09.039+0700] {processor.py:179} INFO - Processing /home/phuc/Practice/DataScience/DSProject/venv/lib/python3.10/site-packages/airflow/example_dags/example_dynamic_task_mapping_with_no_taskflow_operators.py took 0.064 seconds
