[2023-12-02T13:18:44.874+0700] {processor.py:157} INFO - Started process (PID=80986) to work on /home/phuc/Practice/DataScience/DSProject/venv/lib/python3.10/site-packages/airflow/example_dags/example_time_delta_sensor_async.py
[2023-12-02T13:18:44.875+0700] {processor.py:829} INFO - Processing file /home/phuc/Practice/DataScience/DSProject/venv/lib/python3.10/site-packages/airflow/example_dags/example_time_delta_sensor_async.py for tasks to queue
[2023-12-02T13:18:44.876+0700] {logging_mixin.py:154} INFO - [2023-12-02T13:18:44.876+0700] {dagbag.py:536} INFO - Filling up the DagBag from /home/phuc/Practice/DataScience/DSProject/venv/lib/python3.10/site-packages/airflow/example_dags/example_time_delta_sensor_async.py
[2023-12-02T13:18:44.878+0700] {processor.py:839} INFO - DAG(s) dict_keys(['example_time_delta_sensor_async']) retrieved from /home/phuc/Practice/DataScience/DSProject/venv/lib/python3.10/site-packages/airflow/example_dags/example_time_delta_sensor_async.py
[2023-12-02T13:18:44.932+0700] {logging_mixin.py:154} INFO - [2023-12-02T13:18:44.932+0700] {manager.py:499} INFO - Created Permission View: %s
[2023-12-02T13:18:44.937+0700] {logging_mixin.py:154} INFO - [2023-12-02T13:18:44.937+0700] {manager.py:499} INFO - Created Permission View: %s
[2023-12-02T13:18:44.940+0700] {logging_mixin.py:154} INFO - [2023-12-02T13:18:44.940+0700] {manager.py:499} INFO - Created Permission View: %s
[2023-12-02T13:18:44.940+0700] {logging_mixin.py:154} INFO - [2023-12-02T13:18:44.940+0700] {dag.py:2941} INFO - Sync 1 DAGs
[2023-12-02T13:18:44.945+0700] {logging_mixin.py:154} INFO - [2023-12-02T13:18:44.945+0700] {dag.py:2963} INFO - Creating ORM DAG for example_time_delta_sensor_async
[2023-12-02T13:18:44.946+0700] {logging_mixin.py:154} INFO - [2023-12-02T13:18:44.946+0700] {dag.py:3722} INFO - Setting next_dagrun for example_time_delta_sensor_async to None, run_after=None
[2023-12-02T13:18:44.954+0700] {processor.py:179} INFO - Processing /home/phuc/Practice/DataScience/DSProject/venv/lib/python3.10/site-packages/airflow/example_dags/example_time_delta_sensor_async.py took 0.083 seconds
[2023-12-02T13:19:38.138+0700] {processor.py:157} INFO - Started process (PID=81299) to work on /home/phuc/Practice/DataScience/DSProject/venv/lib/python3.10/site-packages/airflow/example_dags/example_time_delta_sensor_async.py
[2023-12-02T13:19:38.145+0700] {processor.py:829} INFO - Processing file /home/phuc/Practice/DataScience/DSProject/venv/lib/python3.10/site-packages/airflow/example_dags/example_time_delta_sensor_async.py for tasks to queue
[2023-12-02T13:19:38.146+0700] {logging_mixin.py:154} INFO - [2023-12-02T13:19:38.146+0700] {dagbag.py:536} INFO - Filling up the DagBag from /home/phuc/Practice/DataScience/DSProject/venv/lib/python3.10/site-packages/airflow/example_dags/example_time_delta_sensor_async.py
[2023-12-02T13:19:38.150+0700] {processor.py:839} INFO - DAG(s) dict_keys(['example_time_delta_sensor_async']) retrieved from /home/phuc/Practice/DataScience/DSProject/venv/lib/python3.10/site-packages/airflow/example_dags/example_time_delta_sensor_async.py
[2023-12-02T13:19:38.168+0700] {logging_mixin.py:154} INFO - [2023-12-02T13:19:38.168+0700] {dag.py:2941} INFO - Sync 1 DAGs
[2023-12-02T13:19:38.181+0700] {logging_mixin.py:154} INFO - [2023-12-02T13:19:38.181+0700] {dag.py:3722} INFO - Setting next_dagrun for example_time_delta_sensor_async to None, run_after=None
[2023-12-02T13:19:38.204+0700] {processor.py:179} INFO - Processing /home/phuc/Practice/DataScience/DSProject/venv/lib/python3.10/site-packages/airflow/example_dags/example_time_delta_sensor_async.py took 0.069 seconds
[2023-12-02T13:20:23.362+0700] {processor.py:157} INFO - Started process (PID=81559) to work on /home/phuc/Practice/DataScience/DSProject/venv/lib/python3.10/site-packages/airflow/example_dags/example_time_delta_sensor_async.py
[2023-12-02T13:20:23.368+0700] {processor.py:829} INFO - Processing file /home/phuc/Practice/DataScience/DSProject/venv/lib/python3.10/site-packages/airflow/example_dags/example_time_delta_sensor_async.py for tasks to queue
[2023-12-02T13:20:23.369+0700] {logging_mixin.py:154} INFO - [2023-12-02T13:20:23.369+0700] {dagbag.py:536} INFO - Filling up the DagBag from /home/phuc/Practice/DataScience/DSProject/venv/lib/python3.10/site-packages/airflow/example_dags/example_time_delta_sensor_async.py
[2023-12-02T13:20:23.371+0700] {processor.py:839} INFO - DAG(s) dict_keys(['example_time_delta_sensor_async']) retrieved from /home/phuc/Practice/DataScience/DSProject/venv/lib/python3.10/site-packages/airflow/example_dags/example_time_delta_sensor_async.py
[2023-12-02T13:20:23.380+0700] {logging_mixin.py:154} INFO - [2023-12-02T13:20:23.379+0700] {dag.py:2941} INFO - Sync 1 DAGs
[2023-12-02T13:20:23.385+0700] {logging_mixin.py:154} INFO - [2023-12-02T13:20:23.385+0700] {dag.py:3722} INFO - Setting next_dagrun for example_time_delta_sensor_async to None, run_after=None
[2023-12-02T13:20:23.396+0700] {processor.py:179} INFO - Processing /home/phuc/Practice/DataScience/DSProject/venv/lib/python3.10/site-packages/airflow/example_dags/example_time_delta_sensor_async.py took 0.036 seconds
[2023-12-02T13:21:15.028+0700] {processor.py:157} INFO - Started process (PID=81849) to work on /home/phuc/Practice/DataScience/DSProject/venv/lib/python3.10/site-packages/airflow/example_dags/example_time_delta_sensor_async.py
[2023-12-02T13:21:15.035+0700] {processor.py:829} INFO - Processing file /home/phuc/Practice/DataScience/DSProject/venv/lib/python3.10/site-packages/airflow/example_dags/example_time_delta_sensor_async.py for tasks to queue
[2023-12-02T13:21:15.036+0700] {logging_mixin.py:154} INFO - [2023-12-02T13:21:15.036+0700] {dagbag.py:536} INFO - Filling up the DagBag from /home/phuc/Practice/DataScience/DSProject/venv/lib/python3.10/site-packages/airflow/example_dags/example_time_delta_sensor_async.py
[2023-12-02T13:21:15.040+0700] {processor.py:839} INFO - DAG(s) dict_keys(['example_time_delta_sensor_async']) retrieved from /home/phuc/Practice/DataScience/DSProject/venv/lib/python3.10/site-packages/airflow/example_dags/example_time_delta_sensor_async.py
[2023-12-02T13:21:15.056+0700] {logging_mixin.py:154} INFO - [2023-12-02T13:21:15.055+0700] {dag.py:2941} INFO - Sync 1 DAGs
[2023-12-02T13:21:15.067+0700] {logging_mixin.py:154} INFO - [2023-12-02T13:21:15.067+0700] {dag.py:3722} INFO - Setting next_dagrun for example_time_delta_sensor_async to None, run_after=None
[2023-12-02T13:21:15.088+0700] {processor.py:179} INFO - Processing /home/phuc/Practice/DataScience/DSProject/venv/lib/python3.10/site-packages/airflow/example_dags/example_time_delta_sensor_async.py took 0.062 seconds
[2023-12-02T13:22:02.142+0700] {processor.py:157} INFO - Started process (PID=82203) to work on /home/phuc/Practice/DataScience/DSProject/venv/lib/python3.10/site-packages/airflow/example_dags/example_time_delta_sensor_async.py
[2023-12-02T13:22:02.143+0700] {processor.py:829} INFO - Processing file /home/phuc/Practice/DataScience/DSProject/venv/lib/python3.10/site-packages/airflow/example_dags/example_time_delta_sensor_async.py for tasks to queue
[2023-12-02T13:22:02.143+0700] {logging_mixin.py:154} INFO - [2023-12-02T13:22:02.143+0700] {dagbag.py:536} INFO - Filling up the DagBag from /home/phuc/Practice/DataScience/DSProject/venv/lib/python3.10/site-packages/airflow/example_dags/example_time_delta_sensor_async.py
[2023-12-02T13:22:02.149+0700] {processor.py:839} INFO - DAG(s) dict_keys(['example_time_delta_sensor_async']) retrieved from /home/phuc/Practice/DataScience/DSProject/venv/lib/python3.10/site-packages/airflow/example_dags/example_time_delta_sensor_async.py
[2023-12-02T13:22:02.163+0700] {logging_mixin.py:154} INFO - [2023-12-02T13:22:02.162+0700] {dag.py:2941} INFO - Sync 1 DAGs
[2023-12-02T13:22:02.171+0700] {logging_mixin.py:154} INFO - [2023-12-02T13:22:02.171+0700] {dag.py:3722} INFO - Setting next_dagrun for example_time_delta_sensor_async to None, run_after=None
[2023-12-02T13:22:02.188+0700] {processor.py:179} INFO - Processing /home/phuc/Practice/DataScience/DSProject/venv/lib/python3.10/site-packages/airflow/example_dags/example_time_delta_sensor_async.py took 0.048 seconds
[2023-12-02T13:22:48.332+0700] {processor.py:157} INFO - Started process (PID=82540) to work on /home/phuc/Practice/DataScience/DSProject/venv/lib/python3.10/site-packages/airflow/example_dags/example_time_delta_sensor_async.py
[2023-12-02T13:22:48.339+0700] {processor.py:829} INFO - Processing file /home/phuc/Practice/DataScience/DSProject/venv/lib/python3.10/site-packages/airflow/example_dags/example_time_delta_sensor_async.py for tasks to queue
[2023-12-02T13:22:48.340+0700] {logging_mixin.py:154} INFO - [2023-12-02T13:22:48.340+0700] {dagbag.py:536} INFO - Filling up the DagBag from /home/phuc/Practice/DataScience/DSProject/venv/lib/python3.10/site-packages/airflow/example_dags/example_time_delta_sensor_async.py
[2023-12-02T13:22:48.347+0700] {processor.py:839} INFO - DAG(s) dict_keys(['example_time_delta_sensor_async']) retrieved from /home/phuc/Practice/DataScience/DSProject/venv/lib/python3.10/site-packages/airflow/example_dags/example_time_delta_sensor_async.py
[2023-12-02T13:22:48.362+0700] {logging_mixin.py:154} INFO - [2023-12-02T13:22:48.362+0700] {dag.py:2941} INFO - Sync 1 DAGs
[2023-12-02T13:22:48.373+0700] {logging_mixin.py:154} INFO - [2023-12-02T13:22:48.373+0700] {dag.py:3722} INFO - Setting next_dagrun for example_time_delta_sensor_async to None, run_after=None
[2023-12-02T13:22:48.389+0700] {processor.py:179} INFO - Processing /home/phuc/Practice/DataScience/DSProject/venv/lib/python3.10/site-packages/airflow/example_dags/example_time_delta_sensor_async.py took 0.060 seconds
[2023-12-02T13:23:32.121+0700] {processor.py:157} INFO - Started process (PID=82782) to work on /home/phuc/Practice/DataScience/DSProject/venv/lib/python3.10/site-packages/airflow/example_dags/example_time_delta_sensor_async.py
[2023-12-02T13:23:32.128+0700] {processor.py:829} INFO - Processing file /home/phuc/Practice/DataScience/DSProject/venv/lib/python3.10/site-packages/airflow/example_dags/example_time_delta_sensor_async.py for tasks to queue
[2023-12-02T13:23:32.129+0700] {logging_mixin.py:154} INFO - [2023-12-02T13:23:32.128+0700] {dagbag.py:536} INFO - Filling up the DagBag from /home/phuc/Practice/DataScience/DSProject/venv/lib/python3.10/site-packages/airflow/example_dags/example_time_delta_sensor_async.py
[2023-12-02T13:23:32.133+0700] {processor.py:839} INFO - DAG(s) dict_keys(['example_time_delta_sensor_async']) retrieved from /home/phuc/Practice/DataScience/DSProject/venv/lib/python3.10/site-packages/airflow/example_dags/example_time_delta_sensor_async.py
[2023-12-02T13:23:32.147+0700] {logging_mixin.py:154} INFO - [2023-12-02T13:23:32.147+0700] {dag.py:2941} INFO - Sync 1 DAGs
[2023-12-02T13:23:32.157+0700] {logging_mixin.py:154} INFO - [2023-12-02T13:23:32.157+0700] {dag.py:3722} INFO - Setting next_dagrun for example_time_delta_sensor_async to None, run_after=None
[2023-12-02T13:23:32.172+0700] {processor.py:179} INFO - Processing /home/phuc/Practice/DataScience/DSProject/venv/lib/python3.10/site-packages/airflow/example_dags/example_time_delta_sensor_async.py took 0.053 seconds
[2023-12-02T13:24:21.142+0700] {processor.py:157} INFO - Started process (PID=83012) to work on /home/phuc/Practice/DataScience/DSProject/venv/lib/python3.10/site-packages/airflow/example_dags/example_time_delta_sensor_async.py
[2023-12-02T13:24:21.149+0700] {processor.py:829} INFO - Processing file /home/phuc/Practice/DataScience/DSProject/venv/lib/python3.10/site-packages/airflow/example_dags/example_time_delta_sensor_async.py for tasks to queue
[2023-12-02T13:24:21.151+0700] {logging_mixin.py:154} INFO - [2023-12-02T13:24:21.150+0700] {dagbag.py:536} INFO - Filling up the DagBag from /home/phuc/Practice/DataScience/DSProject/venv/lib/python3.10/site-packages/airflow/example_dags/example_time_delta_sensor_async.py
[2023-12-02T13:24:21.157+0700] {processor.py:839} INFO - DAG(s) dict_keys(['example_time_delta_sensor_async']) retrieved from /home/phuc/Practice/DataScience/DSProject/venv/lib/python3.10/site-packages/airflow/example_dags/example_time_delta_sensor_async.py
[2023-12-02T13:24:21.172+0700] {logging_mixin.py:154} INFO - [2023-12-02T13:24:21.172+0700] {dag.py:2941} INFO - Sync 1 DAGs
[2023-12-02T13:24:21.184+0700] {logging_mixin.py:154} INFO - [2023-12-02T13:24:21.183+0700] {dag.py:3722} INFO - Setting next_dagrun for example_time_delta_sensor_async to None, run_after=None
[2023-12-02T13:24:21.207+0700] {processor.py:179} INFO - Processing /home/phuc/Practice/DataScience/DSProject/venv/lib/python3.10/site-packages/airflow/example_dags/example_time_delta_sensor_async.py took 0.067 seconds
[2023-12-02T13:25:08.468+0700] {processor.py:157} INFO - Started process (PID=83338) to work on /home/phuc/Practice/DataScience/DSProject/venv/lib/python3.10/site-packages/airflow/example_dags/example_time_delta_sensor_async.py
[2023-12-02T13:25:08.474+0700] {processor.py:829} INFO - Processing file /home/phuc/Practice/DataScience/DSProject/venv/lib/python3.10/site-packages/airflow/example_dags/example_time_delta_sensor_async.py for tasks to queue
[2023-12-02T13:25:08.475+0700] {logging_mixin.py:154} INFO - [2023-12-02T13:25:08.475+0700] {dagbag.py:536} INFO - Filling up the DagBag from /home/phuc/Practice/DataScience/DSProject/venv/lib/python3.10/site-packages/airflow/example_dags/example_time_delta_sensor_async.py
[2023-12-02T13:25:08.478+0700] {processor.py:839} INFO - DAG(s) dict_keys(['example_time_delta_sensor_async']) retrieved from /home/phuc/Practice/DataScience/DSProject/venv/lib/python3.10/site-packages/airflow/example_dags/example_time_delta_sensor_async.py
[2023-12-02T13:25:08.490+0700] {logging_mixin.py:154} INFO - [2023-12-02T13:25:08.490+0700] {dag.py:2941} INFO - Sync 1 DAGs
[2023-12-02T13:25:08.498+0700] {logging_mixin.py:154} INFO - [2023-12-02T13:25:08.498+0700] {dag.py:3722} INFO - Setting next_dagrun for example_time_delta_sensor_async to None, run_after=None
[2023-12-02T13:25:08.513+0700] {processor.py:179} INFO - Processing /home/phuc/Practice/DataScience/DSProject/venv/lib/python3.10/site-packages/airflow/example_dags/example_time_delta_sensor_async.py took 0.048 seconds
[2023-12-02T13:25:58.821+0700] {processor.py:157} INFO - Started process (PID=83566) to work on /home/phuc/Practice/DataScience/DSProject/venv/lib/python3.10/site-packages/airflow/example_dags/example_time_delta_sensor_async.py
[2023-12-02T13:25:58.828+0700] {processor.py:829} INFO - Processing file /home/phuc/Practice/DataScience/DSProject/venv/lib/python3.10/site-packages/airflow/example_dags/example_time_delta_sensor_async.py for tasks to queue
[2023-12-02T13:25:58.830+0700] {logging_mixin.py:154} INFO - [2023-12-02T13:25:58.829+0700] {dagbag.py:536} INFO - Filling up the DagBag from /home/phuc/Practice/DataScience/DSProject/venv/lib/python3.10/site-packages/airflow/example_dags/example_time_delta_sensor_async.py
[2023-12-02T13:25:58.834+0700] {processor.py:839} INFO - DAG(s) dict_keys(['example_time_delta_sensor_async']) retrieved from /home/phuc/Practice/DataScience/DSProject/venv/lib/python3.10/site-packages/airflow/example_dags/example_time_delta_sensor_async.py
[2023-12-02T13:25:58.848+0700] {logging_mixin.py:154} INFO - [2023-12-02T13:25:58.848+0700] {dag.py:2941} INFO - Sync 1 DAGs
[2023-12-02T13:25:58.859+0700] {logging_mixin.py:154} INFO - [2023-12-02T13:25:58.859+0700] {dag.py:3722} INFO - Setting next_dagrun for example_time_delta_sensor_async to None, run_after=None
[2023-12-02T13:25:58.880+0700] {processor.py:179} INFO - Processing /home/phuc/Practice/DataScience/DSProject/venv/lib/python3.10/site-packages/airflow/example_dags/example_time_delta_sensor_async.py took 0.061 seconds
