[2023-12-02T13:18:25.849+0700] {processor.py:157} INFO - Started process (PID=80899) to work on /home/phuc/Practice/DataScience/DSProject/venv/lib/python3.10/site-packages/airflow/example_dags/example_trigger_controller_dag.py
[2023-12-02T13:18:25.849+0700] {processor.py:829} INFO - Processing file /home/phuc/Practice/DataScience/DSProject/venv/lib/python3.10/site-packages/airflow/example_dags/example_trigger_controller_dag.py for tasks to queue
[2023-12-02T13:18:25.850+0700] {logging_mixin.py:154} INFO - [2023-12-02T13:18:25.849+0700] {dagbag.py:536} INFO - Filling up the DagBag from /home/phuc/Practice/DataScience/DSProject/venv/lib/python3.10/site-packages/airflow/example_dags/example_trigger_controller_dag.py
[2023-12-02T13:18:25.853+0700] {processor.py:839} INFO - DAG(s) dict_keys(['example_trigger_controller_dag']) retrieved from /home/phuc/Practice/DataScience/DSProject/venv/lib/python3.10/site-packages/airflow/example_dags/example_trigger_controller_dag.py
[2023-12-02T13:18:25.908+0700] {logging_mixin.py:154} INFO - [2023-12-02T13:18:25.908+0700] {manager.py:499} INFO - Created Permission View: %s
[2023-12-02T13:18:25.913+0700] {logging_mixin.py:154} INFO - [2023-12-02T13:18:25.913+0700] {manager.py:499} INFO - Created Permission View: %s
[2023-12-02T13:18:25.917+0700] {logging_mixin.py:154} INFO - [2023-12-02T13:18:25.917+0700] {manager.py:499} INFO - Created Permission View: %s
[2023-12-02T13:18:25.917+0700] {logging_mixin.py:154} INFO - [2023-12-02T13:18:25.917+0700] {dag.py:2941} INFO - Sync 1 DAGs
[2023-12-02T13:18:25.923+0700] {logging_mixin.py:154} INFO - [2023-12-02T13:18:25.923+0700] {dag.py:2963} INFO - Creating ORM DAG for example_trigger_controller_dag
[2023-12-02T13:18:25.927+0700] {logging_mixin.py:154} INFO - [2023-12-02T13:18:25.927+0700] {dag.py:3722} INFO - Setting next_dagrun for example_trigger_controller_dag to 2021-01-01T00:00:00+00:00, run_after=2021-01-01T00:00:00+00:00
[2023-12-02T13:18:25.936+0700] {processor.py:179} INFO - Processing /home/phuc/Practice/DataScience/DSProject/venv/lib/python3.10/site-packages/airflow/example_dags/example_trigger_controller_dag.py took 0.089 seconds
[2023-12-02T13:19:11.399+0700] {processor.py:157} INFO - Started process (PID=81097) to work on /home/phuc/Practice/DataScience/DSProject/venv/lib/python3.10/site-packages/airflow/example_dags/example_trigger_controller_dag.py
[2023-12-02T13:19:11.406+0700] {processor.py:829} INFO - Processing file /home/phuc/Practice/DataScience/DSProject/venv/lib/python3.10/site-packages/airflow/example_dags/example_trigger_controller_dag.py for tasks to queue
[2023-12-02T13:19:11.406+0700] {logging_mixin.py:154} INFO - [2023-12-02T13:19:11.406+0700] {dagbag.py:536} INFO - Filling up the DagBag from /home/phuc/Practice/DataScience/DSProject/venv/lib/python3.10/site-packages/airflow/example_dags/example_trigger_controller_dag.py
[2023-12-02T13:19:11.409+0700] {processor.py:839} INFO - DAG(s) dict_keys(['example_trigger_controller_dag']) retrieved from /home/phuc/Practice/DataScience/DSProject/venv/lib/python3.10/site-packages/airflow/example_dags/example_trigger_controller_dag.py
[2023-12-02T13:19:11.419+0700] {logging_mixin.py:154} INFO - [2023-12-02T13:19:11.419+0700] {dag.py:2941} INFO - Sync 1 DAGs
[2023-12-02T13:19:11.430+0700] {logging_mixin.py:154} INFO - [2023-12-02T13:19:11.430+0700] {dag.py:3722} INFO - Setting next_dagrun for example_trigger_controller_dag to 2021-01-01T00:00:00+00:00, run_after=2021-01-01T00:00:00+00:00
[2023-12-02T13:19:11.442+0700] {processor.py:179} INFO - Processing /home/phuc/Practice/DataScience/DSProject/venv/lib/python3.10/site-packages/airflow/example_dags/example_trigger_controller_dag.py took 0.045 seconds
[2023-12-02T13:20:01.329+0700] {processor.py:157} INFO - Started process (PID=81431) to work on /home/phuc/Practice/DataScience/DSProject/venv/lib/python3.10/site-packages/airflow/example_dags/example_trigger_controller_dag.py
[2023-12-02T13:20:01.335+0700] {processor.py:829} INFO - Processing file /home/phuc/Practice/DataScience/DSProject/venv/lib/python3.10/site-packages/airflow/example_dags/example_trigger_controller_dag.py for tasks to queue
[2023-12-02T13:20:01.336+0700] {logging_mixin.py:154} INFO - [2023-12-02T13:20:01.336+0700] {dagbag.py:536} INFO - Filling up the DagBag from /home/phuc/Practice/DataScience/DSProject/venv/lib/python3.10/site-packages/airflow/example_dags/example_trigger_controller_dag.py
[2023-12-02T13:20:01.342+0700] {processor.py:839} INFO - DAG(s) dict_keys(['example_trigger_controller_dag']) retrieved from /home/phuc/Practice/DataScience/DSProject/venv/lib/python3.10/site-packages/airflow/example_dags/example_trigger_controller_dag.py
[2023-12-02T13:20:01.354+0700] {logging_mixin.py:154} INFO - [2023-12-02T13:20:01.354+0700] {dag.py:2941} INFO - Sync 1 DAGs
[2023-12-02T13:20:01.363+0700] {logging_mixin.py:154} INFO - [2023-12-02T13:20:01.363+0700] {dag.py:3722} INFO - Setting next_dagrun for example_trigger_controller_dag to 2021-01-01T00:00:00+00:00, run_after=2021-01-01T00:00:00+00:00
[2023-12-02T13:20:01.373+0700] {processor.py:179} INFO - Processing /home/phuc/Practice/DataScience/DSProject/venv/lib/python3.10/site-packages/airflow/example_dags/example_trigger_controller_dag.py took 0.047 seconds
[2023-12-02T13:20:51.097+0700] {processor.py:157} INFO - Started process (PID=81727) to work on /home/phuc/Practice/DataScience/DSProject/venv/lib/python3.10/site-packages/airflow/example_dags/example_trigger_controller_dag.py
[2023-12-02T13:20:51.104+0700] {processor.py:829} INFO - Processing file /home/phuc/Practice/DataScience/DSProject/venv/lib/python3.10/site-packages/airflow/example_dags/example_trigger_controller_dag.py for tasks to queue
[2023-12-02T13:20:51.106+0700] {logging_mixin.py:154} INFO - [2023-12-02T13:20:51.105+0700] {dagbag.py:536} INFO - Filling up the DagBag from /home/phuc/Practice/DataScience/DSProject/venv/lib/python3.10/site-packages/airflow/example_dags/example_trigger_controller_dag.py
[2023-12-02T13:20:51.112+0700] {processor.py:839} INFO - DAG(s) dict_keys(['example_trigger_controller_dag']) retrieved from /home/phuc/Practice/DataScience/DSProject/venv/lib/python3.10/site-packages/airflow/example_dags/example_trigger_controller_dag.py
[2023-12-02T13:20:51.124+0700] {logging_mixin.py:154} INFO - [2023-12-02T13:20:51.124+0700] {dag.py:2941} INFO - Sync 1 DAGs
[2023-12-02T13:20:51.135+0700] {logging_mixin.py:154} INFO - [2023-12-02T13:20:51.135+0700] {dag.py:3722} INFO - Setting next_dagrun for example_trigger_controller_dag to 2021-01-01T00:00:00+00:00, run_after=2021-01-01T00:00:00+00:00
[2023-12-02T13:20:51.146+0700] {processor.py:179} INFO - Processing /home/phuc/Practice/DataScience/DSProject/venv/lib/python3.10/site-packages/airflow/example_dags/example_trigger_controller_dag.py took 0.053 seconds
[2023-12-02T13:21:41.532+0700] {processor.py:157} INFO - Started process (PID=82049) to work on /home/phuc/Practice/DataScience/DSProject/venv/lib/python3.10/site-packages/airflow/example_dags/example_trigger_controller_dag.py
[2023-12-02T13:21:41.539+0700] {processor.py:829} INFO - Processing file /home/phuc/Practice/DataScience/DSProject/venv/lib/python3.10/site-packages/airflow/example_dags/example_trigger_controller_dag.py for tasks to queue
[2023-12-02T13:21:41.539+0700] {logging_mixin.py:154} INFO - [2023-12-02T13:21:41.539+0700] {dagbag.py:536} INFO - Filling up the DagBag from /home/phuc/Practice/DataScience/DSProject/venv/lib/python3.10/site-packages/airflow/example_dags/example_trigger_controller_dag.py
[2023-12-02T13:21:41.543+0700] {processor.py:839} INFO - DAG(s) dict_keys(['example_trigger_controller_dag']) retrieved from /home/phuc/Practice/DataScience/DSProject/venv/lib/python3.10/site-packages/airflow/example_dags/example_trigger_controller_dag.py
[2023-12-02T13:21:41.557+0700] {logging_mixin.py:154} INFO - [2023-12-02T13:21:41.557+0700] {dag.py:2941} INFO - Sync 1 DAGs
[2023-12-02T13:21:41.568+0700] {logging_mixin.py:154} INFO - [2023-12-02T13:21:41.567+0700] {dag.py:3722} INFO - Setting next_dagrun for example_trigger_controller_dag to 2021-01-01T00:00:00+00:00, run_after=2021-01-01T00:00:00+00:00
[2023-12-02T13:21:41.579+0700] {processor.py:179} INFO - Processing /home/phuc/Practice/DataScience/DSProject/venv/lib/python3.10/site-packages/airflow/example_dags/example_trigger_controller_dag.py took 0.049 seconds
[2023-12-02T13:22:26.865+0700] {processor.py:157} INFO - Started process (PID=82382) to work on /home/phuc/Practice/DataScience/DSProject/venv/lib/python3.10/site-packages/airflow/example_dags/example_trigger_controller_dag.py
[2023-12-02T13:22:26.872+0700] {processor.py:829} INFO - Processing file /home/phuc/Practice/DataScience/DSProject/venv/lib/python3.10/site-packages/airflow/example_dags/example_trigger_controller_dag.py for tasks to queue
[2023-12-02T13:22:26.873+0700] {logging_mixin.py:154} INFO - [2023-12-02T13:22:26.873+0700] {dagbag.py:536} INFO - Filling up the DagBag from /home/phuc/Practice/DataScience/DSProject/venv/lib/python3.10/site-packages/airflow/example_dags/example_trigger_controller_dag.py
[2023-12-02T13:22:26.882+0700] {processor.py:839} INFO - DAG(s) dict_keys(['example_trigger_controller_dag']) retrieved from /home/phuc/Practice/DataScience/DSProject/venv/lib/python3.10/site-packages/airflow/example_dags/example_trigger_controller_dag.py
[2023-12-02T13:22:26.898+0700] {logging_mixin.py:154} INFO - [2023-12-02T13:22:26.898+0700] {dag.py:2941} INFO - Sync 1 DAGs
[2023-12-02T13:22:26.909+0700] {logging_mixin.py:154} INFO - [2023-12-02T13:22:26.909+0700] {dag.py:3722} INFO - Setting next_dagrun for example_trigger_controller_dag to 2021-01-01T00:00:00+00:00, run_after=2021-01-01T00:00:00+00:00
[2023-12-02T13:22:26.922+0700] {processor.py:179} INFO - Processing /home/phuc/Practice/DataScience/DSProject/venv/lib/python3.10/site-packages/airflow/example_dags/example_trigger_controller_dag.py took 0.060 seconds
[2023-12-02T13:23:12.316+0700] {processor.py:157} INFO - Started process (PID=82687) to work on /home/phuc/Practice/DataScience/DSProject/venv/lib/python3.10/site-packages/airflow/example_dags/example_trigger_controller_dag.py
[2023-12-02T13:23:12.319+0700] {processor.py:829} INFO - Processing file /home/phuc/Practice/DataScience/DSProject/venv/lib/python3.10/site-packages/airflow/example_dags/example_trigger_controller_dag.py for tasks to queue
[2023-12-02T13:23:12.320+0700] {logging_mixin.py:154} INFO - [2023-12-02T13:23:12.320+0700] {dagbag.py:536} INFO - Filling up the DagBag from /home/phuc/Practice/DataScience/DSProject/venv/lib/python3.10/site-packages/airflow/example_dags/example_trigger_controller_dag.py
[2023-12-02T13:23:12.326+0700] {processor.py:839} INFO - DAG(s) dict_keys(['example_trigger_controller_dag']) retrieved from /home/phuc/Practice/DataScience/DSProject/venv/lib/python3.10/site-packages/airflow/example_dags/example_trigger_controller_dag.py
[2023-12-02T13:23:12.340+0700] {logging_mixin.py:154} INFO - [2023-12-02T13:23:12.340+0700] {dag.py:2941} INFO - Sync 1 DAGs
[2023-12-02T13:23:12.357+0700] {logging_mixin.py:154} INFO - [2023-12-02T13:23:12.357+0700] {dag.py:3722} INFO - Setting next_dagrun for example_trigger_controller_dag to 2021-01-01T00:00:00+00:00, run_after=2021-01-01T00:00:00+00:00
[2023-12-02T13:23:12.373+0700] {processor.py:179} INFO - Processing /home/phuc/Practice/DataScience/DSProject/venv/lib/python3.10/site-packages/airflow/example_dags/example_trigger_controller_dag.py took 0.061 seconds
[2023-12-02T13:23:52.712+0700] {processor.py:157} INFO - Started process (PID=82872) to work on /home/phuc/Practice/DataScience/DSProject/venv/lib/python3.10/site-packages/airflow/example_dags/example_trigger_controller_dag.py
[2023-12-02T13:23:52.713+0700] {processor.py:829} INFO - Processing file /home/phuc/Practice/DataScience/DSProject/venv/lib/python3.10/site-packages/airflow/example_dags/example_trigger_controller_dag.py for tasks to queue
[2023-12-02T13:23:52.713+0700] {logging_mixin.py:154} INFO - [2023-12-02T13:23:52.713+0700] {dagbag.py:536} INFO - Filling up the DagBag from /home/phuc/Practice/DataScience/DSProject/venv/lib/python3.10/site-packages/airflow/example_dags/example_trigger_controller_dag.py
[2023-12-02T13:23:52.716+0700] {processor.py:839} INFO - DAG(s) dict_keys(['example_trigger_controller_dag']) retrieved from /home/phuc/Practice/DataScience/DSProject/venv/lib/python3.10/site-packages/airflow/example_dags/example_trigger_controller_dag.py
[2023-12-02T13:23:52.726+0700] {logging_mixin.py:154} INFO - [2023-12-02T13:23:52.725+0700] {dag.py:2941} INFO - Sync 1 DAGs
[2023-12-02T13:23:52.736+0700] {logging_mixin.py:154} INFO - [2023-12-02T13:23:52.736+0700] {dag.py:3722} INFO - Setting next_dagrun for example_trigger_controller_dag to 2021-01-01T00:00:00+00:00, run_after=2021-01-01T00:00:00+00:00
[2023-12-02T13:23:52.748+0700] {processor.py:179} INFO - Processing /home/phuc/Practice/DataScience/DSProject/venv/lib/python3.10/site-packages/airflow/example_dags/example_trigger_controller_dag.py took 0.038 seconds
[2023-12-02T13:24:34.857+0700] {processor.py:157} INFO - Started process (PID=83060) to work on /home/phuc/Practice/DataScience/DSProject/venv/lib/python3.10/site-packages/airflow/example_dags/example_trigger_controller_dag.py
[2023-12-02T13:24:34.865+0700] {processor.py:829} INFO - Processing file /home/phuc/Practice/DataScience/DSProject/venv/lib/python3.10/site-packages/airflow/example_dags/example_trigger_controller_dag.py for tasks to queue
[2023-12-02T13:24:34.866+0700] {logging_mixin.py:154} INFO - [2023-12-02T13:24:34.866+0700] {dagbag.py:536} INFO - Filling up the DagBag from /home/phuc/Practice/DataScience/DSProject/venv/lib/python3.10/site-packages/airflow/example_dags/example_trigger_controller_dag.py
[2023-12-02T13:24:34.870+0700] {processor.py:839} INFO - DAG(s) dict_keys(['example_trigger_controller_dag']) retrieved from /home/phuc/Practice/DataScience/DSProject/venv/lib/python3.10/site-packages/airflow/example_dags/example_trigger_controller_dag.py
[2023-12-02T13:24:34.882+0700] {logging_mixin.py:154} INFO - [2023-12-02T13:24:34.882+0700] {dag.py:2941} INFO - Sync 1 DAGs
[2023-12-02T13:24:34.897+0700] {logging_mixin.py:154} INFO - [2023-12-02T13:24:34.897+0700] {dag.py:3722} INFO - Setting next_dagrun for example_trigger_controller_dag to 2021-01-01T00:00:00+00:00, run_after=2021-01-01T00:00:00+00:00
[2023-12-02T13:24:34.912+0700] {processor.py:179} INFO - Processing /home/phuc/Practice/DataScience/DSProject/venv/lib/python3.10/site-packages/airflow/example_dags/example_trigger_controller_dag.py took 0.057 seconds
[2023-12-02T13:25:22.199+0700] {processor.py:157} INFO - Started process (PID=83409) to work on /home/phuc/Practice/DataScience/DSProject/venv/lib/python3.10/site-packages/airflow/example_dags/example_trigger_controller_dag.py
[2023-12-02T13:25:22.206+0700] {processor.py:829} INFO - Processing file /home/phuc/Practice/DataScience/DSProject/venv/lib/python3.10/site-packages/airflow/example_dags/example_trigger_controller_dag.py for tasks to queue
[2023-12-02T13:25:22.207+0700] {logging_mixin.py:154} INFO - [2023-12-02T13:25:22.207+0700] {dagbag.py:536} INFO - Filling up the DagBag from /home/phuc/Practice/DataScience/DSProject/venv/lib/python3.10/site-packages/airflow/example_dags/example_trigger_controller_dag.py
[2023-12-02T13:25:22.211+0700] {processor.py:839} INFO - DAG(s) dict_keys(['example_trigger_controller_dag']) retrieved from /home/phuc/Practice/DataScience/DSProject/venv/lib/python3.10/site-packages/airflow/example_dags/example_trigger_controller_dag.py
[2023-12-02T13:25:22.228+0700] {logging_mixin.py:154} INFO - [2023-12-02T13:25:22.228+0700] {dag.py:2941} INFO - Sync 1 DAGs
[2023-12-02T13:25:22.249+0700] {logging_mixin.py:154} INFO - [2023-12-02T13:25:22.249+0700] {dag.py:3722} INFO - Setting next_dagrun for example_trigger_controller_dag to 2021-01-01T00:00:00+00:00, run_after=2021-01-01T00:00:00+00:00
[2023-12-02T13:25:22.275+0700] {processor.py:179} INFO - Processing /home/phuc/Practice/DataScience/DSProject/venv/lib/python3.10/site-packages/airflow/example_dags/example_trigger_controller_dag.py took 0.079 seconds
[2023-12-02T13:26:11.004+0700] {processor.py:157} INFO - Started process (PID=83611) to work on /home/phuc/Practice/DataScience/DSProject/venv/lib/python3.10/site-packages/airflow/example_dags/example_trigger_controller_dag.py
[2023-12-02T13:26:11.011+0700] {processor.py:829} INFO - Processing file /home/phuc/Practice/DataScience/DSProject/venv/lib/python3.10/site-packages/airflow/example_dags/example_trigger_controller_dag.py for tasks to queue
[2023-12-02T13:26:11.012+0700] {logging_mixin.py:154} INFO - [2023-12-02T13:26:11.011+0700] {dagbag.py:536} INFO - Filling up the DagBag from /home/phuc/Practice/DataScience/DSProject/venv/lib/python3.10/site-packages/airflow/example_dags/example_trigger_controller_dag.py
[2023-12-02T13:26:11.015+0700] {processor.py:839} INFO - DAG(s) dict_keys(['example_trigger_controller_dag']) retrieved from /home/phuc/Practice/DataScience/DSProject/venv/lib/python3.10/site-packages/airflow/example_dags/example_trigger_controller_dag.py
[2023-12-02T13:26:11.030+0700] {logging_mixin.py:154} INFO - [2023-12-02T13:26:11.030+0700] {dag.py:2941} INFO - Sync 1 DAGs
[2023-12-02T13:26:11.048+0700] {logging_mixin.py:154} INFO - [2023-12-02T13:26:11.047+0700] {dag.py:3722} INFO - Setting next_dagrun for example_trigger_controller_dag to 2021-01-01T00:00:00+00:00, run_after=2021-01-01T00:00:00+00:00
[2023-12-02T13:26:11.065+0700] {processor.py:179} INFO - Processing /home/phuc/Practice/DataScience/DSProject/venv/lib/python3.10/site-packages/airflow/example_dags/example_trigger_controller_dag.py took 0.064 seconds
