[2023-12-02T13:18:25.617+0700] {processor.py:157} INFO - Started process (PID=80898) to work on /home/phuc/Practice/DataScience/DSProject/venv/lib/python3.10/site-packages/airflow/example_dags/example_xcom.py
[2023-12-02T13:18:25.617+0700] {processor.py:829} INFO - Processing file /home/phuc/Practice/DataScience/DSProject/venv/lib/python3.10/site-packages/airflow/example_dags/example_xcom.py for tasks to queue
[2023-12-02T13:18:25.618+0700] {logging_mixin.py:154} INFO - [2023-12-02T13:18:25.618+0700] {dagbag.py:536} INFO - Filling up the DagBag from /home/phuc/Practice/DataScience/DSProject/venv/lib/python3.10/site-packages/airflow/example_dags/example_xcom.py
[2023-12-02T13:18:25.623+0700] {processor.py:839} INFO - DAG(s) dict_keys(['example_xcom']) retrieved from /home/phuc/Practice/DataScience/DSProject/venv/lib/python3.10/site-packages/airflow/example_dags/example_xcom.py
[2023-12-02T13:18:25.682+0700] {logging_mixin.py:154} INFO - [2023-12-02T13:18:25.681+0700] {manager.py:499} INFO - Created Permission View: %s
[2023-12-02T13:18:25.687+0700] {logging_mixin.py:154} INFO - [2023-12-02T13:18:25.687+0700] {manager.py:499} INFO - Created Permission View: %s
[2023-12-02T13:18:25.691+0700] {logging_mixin.py:154} INFO - [2023-12-02T13:18:25.690+0700] {manager.py:499} INFO - Created Permission View: %s
[2023-12-02T13:18:25.691+0700] {logging_mixin.py:154} INFO - [2023-12-02T13:18:25.691+0700] {dag.py:2941} INFO - Sync 1 DAGs
[2023-12-02T13:18:25.696+0700] {logging_mixin.py:154} INFO - [2023-12-02T13:18:25.696+0700] {dag.py:2963} INFO - Creating ORM DAG for example_xcom
[2023-12-02T13:18:25.701+0700] {logging_mixin.py:154} INFO - [2023-12-02T13:18:25.701+0700] {dag.py:3722} INFO - Setting next_dagrun for example_xcom to 2021-01-01T00:00:00+00:00, run_after=2021-01-01T00:00:00+00:00
[2023-12-02T13:18:25.710+0700] {processor.py:179} INFO - Processing /home/phuc/Practice/DataScience/DSProject/venv/lib/python3.10/site-packages/airflow/example_dags/example_xcom.py took 0.096 seconds
[2023-12-02T13:19:11.112+0700] {processor.py:157} INFO - Started process (PID=81096) to work on /home/phuc/Practice/DataScience/DSProject/venv/lib/python3.10/site-packages/airflow/example_dags/example_xcom.py
[2023-12-02T13:19:11.118+0700] {processor.py:829} INFO - Processing file /home/phuc/Practice/DataScience/DSProject/venv/lib/python3.10/site-packages/airflow/example_dags/example_xcom.py for tasks to queue
[2023-12-02T13:19:11.119+0700] {logging_mixin.py:154} INFO - [2023-12-02T13:19:11.119+0700] {dagbag.py:536} INFO - Filling up the DagBag from /home/phuc/Practice/DataScience/DSProject/venv/lib/python3.10/site-packages/airflow/example_dags/example_xcom.py
[2023-12-02T13:19:11.123+0700] {processor.py:839} INFO - DAG(s) dict_keys(['example_xcom']) retrieved from /home/phuc/Practice/DataScience/DSProject/venv/lib/python3.10/site-packages/airflow/example_dags/example_xcom.py
[2023-12-02T13:19:11.131+0700] {logging_mixin.py:154} INFO - [2023-12-02T13:19:11.131+0700] {dag.py:2941} INFO - Sync 1 DAGs
[2023-12-02T13:19:11.140+0700] {logging_mixin.py:154} INFO - [2023-12-02T13:19:11.140+0700] {dag.py:3722} INFO - Setting next_dagrun for example_xcom to 2021-01-01T00:00:00+00:00, run_after=2021-01-01T00:00:00+00:00
[2023-12-02T13:19:11.150+0700] {processor.py:179} INFO - Processing /home/phuc/Practice/DataScience/DSProject/venv/lib/python3.10/site-packages/airflow/example_dags/example_xcom.py took 0.040 seconds
[2023-12-02T13:20:00.198+0700] {processor.py:157} INFO - Started process (PID=81430) to work on /home/phuc/Practice/DataScience/DSProject/venv/lib/python3.10/site-packages/airflow/example_dags/example_xcom.py
[2023-12-02T13:20:00.205+0700] {processor.py:829} INFO - Processing file /home/phuc/Practice/DataScience/DSProject/venv/lib/python3.10/site-packages/airflow/example_dags/example_xcom.py for tasks to queue
[2023-12-02T13:20:00.205+0700] {logging_mixin.py:154} INFO - [2023-12-02T13:20:00.205+0700] {dagbag.py:536} INFO - Filling up the DagBag from /home/phuc/Practice/DataScience/DSProject/venv/lib/python3.10/site-packages/airflow/example_dags/example_xcom.py
[2023-12-02T13:20:00.210+0700] {processor.py:839} INFO - DAG(s) dict_keys(['example_xcom']) retrieved from /home/phuc/Practice/DataScience/DSProject/venv/lib/python3.10/site-packages/airflow/example_dags/example_xcom.py
[2023-12-02T13:20:00.220+0700] {logging_mixin.py:154} INFO - [2023-12-02T13:20:00.220+0700] {dag.py:2941} INFO - Sync 1 DAGs
[2023-12-02T13:20:00.232+0700] {logging_mixin.py:154} INFO - [2023-12-02T13:20:00.232+0700] {dag.py:3722} INFO - Setting next_dagrun for example_xcom to 2021-01-01T00:00:00+00:00, run_after=2021-01-01T00:00:00+00:00
[2023-12-02T13:20:00.244+0700] {processor.py:179} INFO - Processing /home/phuc/Practice/DataScience/DSProject/venv/lib/python3.10/site-packages/airflow/example_dags/example_xcom.py took 0.048 seconds
[2023-12-02T13:20:49.947+0700] {processor.py:157} INFO - Started process (PID=81710) to work on /home/phuc/Practice/DataScience/DSProject/venv/lib/python3.10/site-packages/airflow/example_dags/example_xcom.py
[2023-12-02T13:20:49.947+0700] {processor.py:829} INFO - Processing file /home/phuc/Practice/DataScience/DSProject/venv/lib/python3.10/site-packages/airflow/example_dags/example_xcom.py for tasks to queue
[2023-12-02T13:20:49.948+0700] {logging_mixin.py:154} INFO - [2023-12-02T13:20:49.947+0700] {dagbag.py:536} INFO - Filling up the DagBag from /home/phuc/Practice/DataScience/DSProject/venv/lib/python3.10/site-packages/airflow/example_dags/example_xcom.py
[2023-12-02T13:20:49.952+0700] {processor.py:839} INFO - DAG(s) dict_keys(['example_xcom']) retrieved from /home/phuc/Practice/DataScience/DSProject/venv/lib/python3.10/site-packages/airflow/example_dags/example_xcom.py
[2023-12-02T13:20:49.961+0700] {logging_mixin.py:154} INFO - [2023-12-02T13:20:49.961+0700] {dag.py:2941} INFO - Sync 1 DAGs
[2023-12-02T13:20:49.971+0700] {logging_mixin.py:154} INFO - [2023-12-02T13:20:49.970+0700] {dag.py:3722} INFO - Setting next_dagrun for example_xcom to 2021-01-01T00:00:00+00:00, run_after=2021-01-01T00:00:00+00:00
[2023-12-02T13:20:49.981+0700] {processor.py:179} INFO - Processing /home/phuc/Practice/DataScience/DSProject/venv/lib/python3.10/site-packages/airflow/example_dags/example_xcom.py took 0.036 seconds
[2023-12-02T13:21:40.959+0700] {processor.py:157} INFO - Started process (PID=82022) to work on /home/phuc/Practice/DataScience/DSProject/venv/lib/python3.10/site-packages/airflow/example_dags/example_xcom.py
[2023-12-02T13:21:40.966+0700] {processor.py:829} INFO - Processing file /home/phuc/Practice/DataScience/DSProject/venv/lib/python3.10/site-packages/airflow/example_dags/example_xcom.py for tasks to queue
[2023-12-02T13:21:40.967+0700] {logging_mixin.py:154} INFO - [2023-12-02T13:21:40.966+0700] {dagbag.py:536} INFO - Filling up the DagBag from /home/phuc/Practice/DataScience/DSProject/venv/lib/python3.10/site-packages/airflow/example_dags/example_xcom.py
[2023-12-02T13:21:40.978+0700] {processor.py:839} INFO - DAG(s) dict_keys(['example_xcom']) retrieved from /home/phuc/Practice/DataScience/DSProject/venv/lib/python3.10/site-packages/airflow/example_dags/example_xcom.py
[2023-12-02T13:21:40.990+0700] {logging_mixin.py:154} INFO - [2023-12-02T13:21:40.990+0700] {dag.py:2941} INFO - Sync 1 DAGs
[2023-12-02T13:21:41.002+0700] {logging_mixin.py:154} INFO - [2023-12-02T13:21:41.002+0700] {dag.py:3722} INFO - Setting next_dagrun for example_xcom to 2021-01-01T00:00:00+00:00, run_after=2021-01-01T00:00:00+00:00
[2023-12-02T13:21:41.014+0700] {processor.py:179} INFO - Processing /home/phuc/Practice/DataScience/DSProject/venv/lib/python3.10/site-packages/airflow/example_dags/example_xcom.py took 0.058 seconds
[2023-12-02T13:22:25.730+0700] {processor.py:157} INFO - Started process (PID=82381) to work on /home/phuc/Practice/DataScience/DSProject/venv/lib/python3.10/site-packages/airflow/example_dags/example_xcom.py
[2023-12-02T13:22:25.738+0700] {processor.py:829} INFO - Processing file /home/phuc/Practice/DataScience/DSProject/venv/lib/python3.10/site-packages/airflow/example_dags/example_xcom.py for tasks to queue
[2023-12-02T13:22:25.739+0700] {logging_mixin.py:154} INFO - [2023-12-02T13:22:25.739+0700] {dagbag.py:536} INFO - Filling up the DagBag from /home/phuc/Practice/DataScience/DSProject/venv/lib/python3.10/site-packages/airflow/example_dags/example_xcom.py
[2023-12-02T13:22:25.752+0700] {processor.py:839} INFO - DAG(s) dict_keys(['example_xcom']) retrieved from /home/phuc/Practice/DataScience/DSProject/venv/lib/python3.10/site-packages/airflow/example_dags/example_xcom.py
[2023-12-02T13:22:25.767+0700] {logging_mixin.py:154} INFO - [2023-12-02T13:22:25.767+0700] {dag.py:2941} INFO - Sync 1 DAGs
[2023-12-02T13:22:25.779+0700] {logging_mixin.py:154} INFO - [2023-12-02T13:22:25.779+0700] {dag.py:3722} INFO - Setting next_dagrun for example_xcom to 2021-01-01T00:00:00+00:00, run_after=2021-01-01T00:00:00+00:00
[2023-12-02T13:22:25.792+0700] {processor.py:179} INFO - Processing /home/phuc/Practice/DataScience/DSProject/venv/lib/python3.10/site-packages/airflow/example_dags/example_xcom.py took 0.065 seconds
[2023-12-02T13:23:11.173+0700] {processor.py:157} INFO - Started process (PID=82686) to work on /home/phuc/Practice/DataScience/DSProject/venv/lib/python3.10/site-packages/airflow/example_dags/example_xcom.py
[2023-12-02T13:23:11.173+0700] {processor.py:829} INFO - Processing file /home/phuc/Practice/DataScience/DSProject/venv/lib/python3.10/site-packages/airflow/example_dags/example_xcom.py for tasks to queue
[2023-12-02T13:23:11.174+0700] {logging_mixin.py:154} INFO - [2023-12-02T13:23:11.174+0700] {dagbag.py:536} INFO - Filling up the DagBag from /home/phuc/Practice/DataScience/DSProject/venv/lib/python3.10/site-packages/airflow/example_dags/example_xcom.py
[2023-12-02T13:23:11.181+0700] {processor.py:839} INFO - DAG(s) dict_keys(['example_xcom']) retrieved from /home/phuc/Practice/DataScience/DSProject/venv/lib/python3.10/site-packages/airflow/example_dags/example_xcom.py
[2023-12-02T13:23:11.193+0700] {logging_mixin.py:154} INFO - [2023-12-02T13:23:11.193+0700] {dag.py:2941} INFO - Sync 1 DAGs
[2023-12-02T13:23:11.206+0700] {logging_mixin.py:154} INFO - [2023-12-02T13:23:11.205+0700] {dag.py:3722} INFO - Setting next_dagrun for example_xcom to 2021-01-01T00:00:00+00:00, run_after=2021-01-01T00:00:00+00:00
[2023-12-02T13:23:11.219+0700] {processor.py:179} INFO - Processing /home/phuc/Practice/DataScience/DSProject/venv/lib/python3.10/site-packages/airflow/example_dags/example_xcom.py took 0.049 seconds
[2023-12-02T13:23:51.566+0700] {processor.py:157} INFO - Started process (PID=82871) to work on /home/phuc/Practice/DataScience/DSProject/venv/lib/python3.10/site-packages/airflow/example_dags/example_xcom.py
[2023-12-02T13:23:51.573+0700] {processor.py:829} INFO - Processing file /home/phuc/Practice/DataScience/DSProject/venv/lib/python3.10/site-packages/airflow/example_dags/example_xcom.py for tasks to queue
[2023-12-02T13:23:51.574+0700] {logging_mixin.py:154} INFO - [2023-12-02T13:23:51.574+0700] {dagbag.py:536} INFO - Filling up the DagBag from /home/phuc/Practice/DataScience/DSProject/venv/lib/python3.10/site-packages/airflow/example_dags/example_xcom.py
[2023-12-02T13:23:51.581+0700] {processor.py:839} INFO - DAG(s) dict_keys(['example_xcom']) retrieved from /home/phuc/Practice/DataScience/DSProject/venv/lib/python3.10/site-packages/airflow/example_dags/example_xcom.py
[2023-12-02T13:23:51.590+0700] {logging_mixin.py:154} INFO - [2023-12-02T13:23:51.590+0700] {dag.py:2941} INFO - Sync 1 DAGs
[2023-12-02T13:23:51.601+0700] {logging_mixin.py:154} INFO - [2023-12-02T13:23:51.601+0700] {dag.py:3722} INFO - Setting next_dagrun for example_xcom to 2021-01-01T00:00:00+00:00, run_after=2021-01-01T00:00:00+00:00
[2023-12-02T13:23:51.613+0700] {processor.py:179} INFO - Processing /home/phuc/Practice/DataScience/DSProject/venv/lib/python3.10/site-packages/airflow/example_dags/example_xcom.py took 0.049 seconds
[2023-12-02T13:24:33.728+0700] {processor.py:157} INFO - Started process (PID=83059) to work on /home/phuc/Practice/DataScience/DSProject/venv/lib/python3.10/site-packages/airflow/example_dags/example_xcom.py
[2023-12-02T13:24:33.729+0700] {processor.py:829} INFO - Processing file /home/phuc/Practice/DataScience/DSProject/venv/lib/python3.10/site-packages/airflow/example_dags/example_xcom.py for tasks to queue
[2023-12-02T13:24:33.729+0700] {logging_mixin.py:154} INFO - [2023-12-02T13:24:33.729+0700] {dagbag.py:536} INFO - Filling up the DagBag from /home/phuc/Practice/DataScience/DSProject/venv/lib/python3.10/site-packages/airflow/example_dags/example_xcom.py
[2023-12-02T13:24:33.736+0700] {processor.py:839} INFO - DAG(s) dict_keys(['example_xcom']) retrieved from /home/phuc/Practice/DataScience/DSProject/venv/lib/python3.10/site-packages/airflow/example_dags/example_xcom.py
[2023-12-02T13:24:33.746+0700] {logging_mixin.py:154} INFO - [2023-12-02T13:24:33.746+0700] {dag.py:2941} INFO - Sync 1 DAGs
[2023-12-02T13:24:33.757+0700] {logging_mixin.py:154} INFO - [2023-12-02T13:24:33.757+0700] {dag.py:3722} INFO - Setting next_dagrun for example_xcom to 2021-01-01T00:00:00+00:00, run_after=2021-01-01T00:00:00+00:00
[2023-12-02T13:24:33.769+0700] {processor.py:179} INFO - Processing /home/phuc/Practice/DataScience/DSProject/venv/lib/python3.10/site-packages/airflow/example_dags/example_xcom.py took 0.044 seconds
[2023-12-02T13:25:21.059+0700] {processor.py:157} INFO - Started process (PID=83393) to work on /home/phuc/Practice/DataScience/DSProject/venv/lib/python3.10/site-packages/airflow/example_dags/example_xcom.py
[2023-12-02T13:25:21.066+0700] {processor.py:829} INFO - Processing file /home/phuc/Practice/DataScience/DSProject/venv/lib/python3.10/site-packages/airflow/example_dags/example_xcom.py for tasks to queue
[2023-12-02T13:25:21.067+0700] {logging_mixin.py:154} INFO - [2023-12-02T13:25:21.066+0700] {dagbag.py:536} INFO - Filling up the DagBag from /home/phuc/Practice/DataScience/DSProject/venv/lib/python3.10/site-packages/airflow/example_dags/example_xcom.py
[2023-12-02T13:25:21.073+0700] {processor.py:839} INFO - DAG(s) dict_keys(['example_xcom']) retrieved from /home/phuc/Practice/DataScience/DSProject/venv/lib/python3.10/site-packages/airflow/example_dags/example_xcom.py
[2023-12-02T13:25:21.090+0700] {logging_mixin.py:154} INFO - [2023-12-02T13:25:21.089+0700] {dag.py:2941} INFO - Sync 1 DAGs
[2023-12-02T13:25:21.117+0700] {logging_mixin.py:154} INFO - [2023-12-02T13:25:21.117+0700] {dag.py:3722} INFO - Setting next_dagrun for example_xcom to 2021-01-01T00:00:00+00:00, run_after=2021-01-01T00:00:00+00:00
[2023-12-02T13:25:21.137+0700] {processor.py:179} INFO - Processing /home/phuc/Practice/DataScience/DSProject/venv/lib/python3.10/site-packages/airflow/example_dags/example_xcom.py took 0.081 seconds
[2023-12-02T13:26:10.122+0700] {processor.py:157} INFO - Started process (PID=83610) to work on /home/phuc/Practice/DataScience/DSProject/venv/lib/python3.10/site-packages/airflow/example_dags/example_xcom.py
[2023-12-02T13:26:10.129+0700] {processor.py:829} INFO - Processing file /home/phuc/Practice/DataScience/DSProject/venv/lib/python3.10/site-packages/airflow/example_dags/example_xcom.py for tasks to queue
[2023-12-02T13:26:10.131+0700] {logging_mixin.py:154} INFO - [2023-12-02T13:26:10.130+0700] {dagbag.py:536} INFO - Filling up the DagBag from /home/phuc/Practice/DataScience/DSProject/venv/lib/python3.10/site-packages/airflow/example_dags/example_xcom.py
[2023-12-02T13:26:10.137+0700] {processor.py:839} INFO - DAG(s) dict_keys(['example_xcom']) retrieved from /home/phuc/Practice/DataScience/DSProject/venv/lib/python3.10/site-packages/airflow/example_dags/example_xcom.py
[2023-12-02T13:26:10.152+0700] {logging_mixin.py:154} INFO - [2023-12-02T13:26:10.152+0700] {dag.py:2941} INFO - Sync 1 DAGs
[2023-12-02T13:26:10.170+0700] {logging_mixin.py:154} INFO - [2023-12-02T13:26:10.170+0700] {dag.py:3722} INFO - Setting next_dagrun for example_xcom to 2021-01-01T00:00:00+00:00, run_after=2021-01-01T00:00:00+00:00
[2023-12-02T13:26:10.190+0700] {processor.py:179} INFO - Processing /home/phuc/Practice/DataScience/DSProject/venv/lib/python3.10/site-packages/airflow/example_dags/example_xcom.py took 0.070 seconds
