[2023-12-02T13:18:28.126+0700] {processor.py:157} INFO - Started process (PID=80918) to work on /home/phuc/Practice/DataScience/DSProject/venv/lib/python3.10/site-packages/airflow/example_dags/example_branch_day_of_week_operator.py
[2023-12-02T13:18:28.127+0700] {processor.py:829} INFO - Processing file /home/phuc/Practice/DataScience/DSProject/venv/lib/python3.10/site-packages/airflow/example_dags/example_branch_day_of_week_operator.py for tasks to queue
[2023-12-02T13:18:28.127+0700] {logging_mixin.py:154} INFO - [2023-12-02T13:18:28.127+0700] {dagbag.py:536} INFO - Filling up the DagBag from /home/phuc/Practice/DataScience/DSProject/venv/lib/python3.10/site-packages/airflow/example_dags/example_branch_day_of_week_operator.py
[2023-12-02T13:18:28.132+0700] {processor.py:839} INFO - DAG(s) dict_keys(['example_weekday_branch_operator']) retrieved from /home/phuc/Practice/DataScience/DSProject/venv/lib/python3.10/site-packages/airflow/example_dags/example_branch_day_of_week_operator.py
[2023-12-02T13:18:28.188+0700] {logging_mixin.py:154} INFO - [2023-12-02T13:18:28.188+0700] {manager.py:499} INFO - Created Permission View: %s
[2023-12-02T13:18:28.193+0700] {logging_mixin.py:154} INFO - [2023-12-02T13:18:28.193+0700] {manager.py:499} INFO - Created Permission View: %s
[2023-12-02T13:18:28.196+0700] {logging_mixin.py:154} INFO - [2023-12-02T13:18:28.196+0700] {manager.py:499} INFO - Created Permission View: %s
[2023-12-02T13:18:28.197+0700] {logging_mixin.py:154} INFO - [2023-12-02T13:18:28.197+0700] {dag.py:2941} INFO - Sync 1 DAGs
[2023-12-02T13:18:28.202+0700] {logging_mixin.py:154} INFO - [2023-12-02T13:18:28.202+0700] {dag.py:2963} INFO - Creating ORM DAG for example_weekday_branch_operator
[2023-12-02T13:18:28.207+0700] {logging_mixin.py:154} INFO - [2023-12-02T13:18:28.207+0700] {dag.py:3722} INFO - Setting next_dagrun for example_weekday_branch_operator to 2023-12-01T00:00:00+00:00, run_after=2023-12-02T00:00:00+00:00
[2023-12-02T13:18:28.217+0700] {processor.py:179} INFO - Processing /home/phuc/Practice/DataScience/DSProject/venv/lib/python3.10/site-packages/airflow/example_dags/example_branch_day_of_week_operator.py took 0.092 seconds
[2023-12-02T13:19:13.471+0700] {processor.py:157} INFO - Started process (PID=81119) to work on /home/phuc/Practice/DataScience/DSProject/venv/lib/python3.10/site-packages/airflow/example_dags/example_branch_day_of_week_operator.py
[2023-12-02T13:19:13.479+0700] {processor.py:829} INFO - Processing file /home/phuc/Practice/DataScience/DSProject/venv/lib/python3.10/site-packages/airflow/example_dags/example_branch_day_of_week_operator.py for tasks to queue
[2023-12-02T13:19:13.480+0700] {logging_mixin.py:154} INFO - [2023-12-02T13:19:13.480+0700] {dagbag.py:536} INFO - Filling up the DagBag from /home/phuc/Practice/DataScience/DSProject/venv/lib/python3.10/site-packages/airflow/example_dags/example_branch_day_of_week_operator.py
[2023-12-02T13:19:13.492+0700] {processor.py:839} INFO - DAG(s) dict_keys(['example_weekday_branch_operator']) retrieved from /home/phuc/Practice/DataScience/DSProject/venv/lib/python3.10/site-packages/airflow/example_dags/example_branch_day_of_week_operator.py
[2023-12-02T13:19:13.503+0700] {logging_mixin.py:154} INFO - [2023-12-02T13:19:13.503+0700] {dag.py:2941} INFO - Sync 1 DAGs
[2023-12-02T13:19:13.513+0700] {logging_mixin.py:154} INFO - [2023-12-02T13:19:13.512+0700] {dag.py:3722} INFO - Setting next_dagrun for example_weekday_branch_operator to 2023-12-01T00:00:00+00:00, run_after=2023-12-02T00:00:00+00:00
[2023-12-02T13:19:13.522+0700] {processor.py:179} INFO - Processing /home/phuc/Practice/DataScience/DSProject/venv/lib/python3.10/site-packages/airflow/example_dags/example_branch_day_of_week_operator.py took 0.054 seconds
[2023-12-02T13:20:03.218+0700] {processor.py:157} INFO - Started process (PID=81433) to work on /home/phuc/Practice/DataScience/DSProject/venv/lib/python3.10/site-packages/airflow/example_dags/example_branch_day_of_week_operator.py
[2023-12-02T13:20:03.225+0700] {processor.py:829} INFO - Processing file /home/phuc/Practice/DataScience/DSProject/venv/lib/python3.10/site-packages/airflow/example_dags/example_branch_day_of_week_operator.py for tasks to queue
[2023-12-02T13:20:03.226+0700] {logging_mixin.py:154} INFO - [2023-12-02T13:20:03.226+0700] {dagbag.py:536} INFO - Filling up the DagBag from /home/phuc/Practice/DataScience/DSProject/venv/lib/python3.10/site-packages/airflow/example_dags/example_branch_day_of_week_operator.py
[2023-12-02T13:20:03.230+0700] {processor.py:839} INFO - DAG(s) dict_keys(['example_weekday_branch_operator']) retrieved from /home/phuc/Practice/DataScience/DSProject/venv/lib/python3.10/site-packages/airflow/example_dags/example_branch_day_of_week_operator.py
[2023-12-02T13:20:03.240+0700] {logging_mixin.py:154} INFO - [2023-12-02T13:20:03.240+0700] {dag.py:2941} INFO - Sync 1 DAGs
[2023-12-02T13:20:03.252+0700] {logging_mixin.py:154} INFO - [2023-12-02T13:20:03.251+0700] {dag.py:3722} INFO - Setting next_dagrun for example_weekday_branch_operator to 2023-12-01T00:00:00+00:00, run_after=2023-12-02T00:00:00+00:00
[2023-12-02T13:20:03.263+0700] {processor.py:179} INFO - Processing /home/phuc/Practice/DataScience/DSProject/venv/lib/python3.10/site-packages/airflow/example_dags/example_branch_day_of_week_operator.py took 0.047 seconds
[2023-12-02T13:20:52.575+0700] {processor.py:157} INFO - Started process (PID=81729) to work on /home/phuc/Practice/DataScience/DSProject/venv/lib/python3.10/site-packages/airflow/example_dags/example_branch_day_of_week_operator.py
[2023-12-02T13:20:52.582+0700] {processor.py:829} INFO - Processing file /home/phuc/Practice/DataScience/DSProject/venv/lib/python3.10/site-packages/airflow/example_dags/example_branch_day_of_week_operator.py for tasks to queue
[2023-12-02T13:20:52.583+0700] {logging_mixin.py:154} INFO - [2023-12-02T13:20:52.582+0700] {dagbag.py:536} INFO - Filling up the DagBag from /home/phuc/Practice/DataScience/DSProject/venv/lib/python3.10/site-packages/airflow/example_dags/example_branch_day_of_week_operator.py
[2023-12-02T13:20:52.587+0700] {processor.py:839} INFO - DAG(s) dict_keys(['example_weekday_branch_operator']) retrieved from /home/phuc/Practice/DataScience/DSProject/venv/lib/python3.10/site-packages/airflow/example_dags/example_branch_day_of_week_operator.py
[2023-12-02T13:20:52.596+0700] {logging_mixin.py:154} INFO - [2023-12-02T13:20:52.596+0700] {dag.py:2941} INFO - Sync 1 DAGs
[2023-12-02T13:20:52.607+0700] {logging_mixin.py:154} INFO - [2023-12-02T13:20:52.607+0700] {dag.py:3722} INFO - Setting next_dagrun for example_weekday_branch_operator to 2023-12-01T00:00:00+00:00, run_after=2023-12-02T00:00:00+00:00
[2023-12-02T13:20:52.618+0700] {processor.py:179} INFO - Processing /home/phuc/Practice/DataScience/DSProject/venv/lib/python3.10/site-packages/airflow/example_dags/example_branch_day_of_week_operator.py took 0.044 seconds
[2023-12-02T13:21:43.039+0700] {processor.py:157} INFO - Started process (PID=82054) to work on /home/phuc/Practice/DataScience/DSProject/venv/lib/python3.10/site-packages/airflow/example_dags/example_branch_day_of_week_operator.py
[2023-12-02T13:21:43.046+0700] {processor.py:829} INFO - Processing file /home/phuc/Practice/DataScience/DSProject/venv/lib/python3.10/site-packages/airflow/example_dags/example_branch_day_of_week_operator.py for tasks to queue
[2023-12-02T13:21:43.047+0700] {logging_mixin.py:154} INFO - [2023-12-02T13:21:43.047+0700] {dagbag.py:536} INFO - Filling up the DagBag from /home/phuc/Practice/DataScience/DSProject/venv/lib/python3.10/site-packages/airflow/example_dags/example_branch_day_of_week_operator.py
[2023-12-02T13:21:43.055+0700] {processor.py:839} INFO - DAG(s) dict_keys(['example_weekday_branch_operator']) retrieved from /home/phuc/Practice/DataScience/DSProject/venv/lib/python3.10/site-packages/airflow/example_dags/example_branch_day_of_week_operator.py
[2023-12-02T13:21:43.069+0700] {logging_mixin.py:154} INFO - [2023-12-02T13:21:43.069+0700] {dag.py:2941} INFO - Sync 1 DAGs
[2023-12-02T13:21:43.087+0700] {logging_mixin.py:154} INFO - [2023-12-02T13:21:43.086+0700] {dag.py:3722} INFO - Setting next_dagrun for example_weekday_branch_operator to 2023-12-01T00:00:00+00:00, run_after=2023-12-02T00:00:00+00:00
[2023-12-02T13:21:43.102+0700] {processor.py:179} INFO - Processing /home/phuc/Practice/DataScience/DSProject/venv/lib/python3.10/site-packages/airflow/example_dags/example_branch_day_of_week_operator.py took 0.066 seconds
[2023-12-02T13:22:28.444+0700] {processor.py:157} INFO - Started process (PID=82401) to work on /home/phuc/Practice/DataScience/DSProject/venv/lib/python3.10/site-packages/airflow/example_dags/example_branch_day_of_week_operator.py
[2023-12-02T13:22:28.451+0700] {processor.py:829} INFO - Processing file /home/phuc/Practice/DataScience/DSProject/venv/lib/python3.10/site-packages/airflow/example_dags/example_branch_day_of_week_operator.py for tasks to queue
[2023-12-02T13:22:28.453+0700] {logging_mixin.py:154} INFO - [2023-12-02T13:22:28.452+0700] {dagbag.py:536} INFO - Filling up the DagBag from /home/phuc/Practice/DataScience/DSProject/venv/lib/python3.10/site-packages/airflow/example_dags/example_branch_day_of_week_operator.py
[2023-12-02T13:22:28.460+0700] {processor.py:839} INFO - DAG(s) dict_keys(['example_weekday_branch_operator']) retrieved from /home/phuc/Practice/DataScience/DSProject/venv/lib/python3.10/site-packages/airflow/example_dags/example_branch_day_of_week_operator.py
[2023-12-02T13:22:28.470+0700] {logging_mixin.py:154} INFO - [2023-12-02T13:22:28.469+0700] {dag.py:2941} INFO - Sync 1 DAGs
[2023-12-02T13:22:28.482+0700] {logging_mixin.py:154} INFO - [2023-12-02T13:22:28.482+0700] {dag.py:3722} INFO - Setting next_dagrun for example_weekday_branch_operator to 2023-12-01T00:00:00+00:00, run_after=2023-12-02T00:00:00+00:00
[2023-12-02T13:22:28.494+0700] {processor.py:179} INFO - Processing /home/phuc/Practice/DataScience/DSProject/venv/lib/python3.10/site-packages/airflow/example_dags/example_branch_day_of_week_operator.py took 0.052 seconds
[2023-12-02T13:23:13.789+0700] {processor.py:157} INFO - Started process (PID=82707) to work on /home/phuc/Practice/DataScience/DSProject/venv/lib/python3.10/site-packages/airflow/example_dags/example_branch_day_of_week_operator.py
[2023-12-02T13:23:13.790+0700] {processor.py:829} INFO - Processing file /home/phuc/Practice/DataScience/DSProject/venv/lib/python3.10/site-packages/airflow/example_dags/example_branch_day_of_week_operator.py for tasks to queue
[2023-12-02T13:23:13.791+0700] {logging_mixin.py:154} INFO - [2023-12-02T13:23:13.791+0700] {dagbag.py:536} INFO - Filling up the DagBag from /home/phuc/Practice/DataScience/DSProject/venv/lib/python3.10/site-packages/airflow/example_dags/example_branch_day_of_week_operator.py
[2023-12-02T13:23:13.798+0700] {processor.py:839} INFO - DAG(s) dict_keys(['example_weekday_branch_operator']) retrieved from /home/phuc/Practice/DataScience/DSProject/venv/lib/python3.10/site-packages/airflow/example_dags/example_branch_day_of_week_operator.py
[2023-12-02T13:23:13.814+0700] {logging_mixin.py:154} INFO - [2023-12-02T13:23:13.814+0700] {dag.py:2941} INFO - Sync 1 DAGs
[2023-12-02T13:23:13.834+0700] {logging_mixin.py:154} INFO - [2023-12-02T13:23:13.834+0700] {dag.py:3722} INFO - Setting next_dagrun for example_weekday_branch_operator to 2023-12-01T00:00:00+00:00, run_after=2023-12-02T00:00:00+00:00
[2023-12-02T13:23:13.855+0700] {processor.py:179} INFO - Processing /home/phuc/Practice/DataScience/DSProject/venv/lib/python3.10/site-packages/airflow/example_dags/example_branch_day_of_week_operator.py took 0.069 seconds
[2023-12-02T13:23:54.867+0700] {processor.py:157} INFO - Started process (PID=82889) to work on /home/phuc/Practice/DataScience/DSProject/venv/lib/python3.10/site-packages/airflow/example_dags/example_branch_day_of_week_operator.py
[2023-12-02T13:23:54.874+0700] {processor.py:829} INFO - Processing file /home/phuc/Practice/DataScience/DSProject/venv/lib/python3.10/site-packages/airflow/example_dags/example_branch_day_of_week_operator.py for tasks to queue
[2023-12-02T13:23:54.875+0700] {logging_mixin.py:154} INFO - [2023-12-02T13:23:54.875+0700] {dagbag.py:536} INFO - Filling up the DagBag from /home/phuc/Practice/DataScience/DSProject/venv/lib/python3.10/site-packages/airflow/example_dags/example_branch_day_of_week_operator.py
[2023-12-02T13:23:54.880+0700] {processor.py:839} INFO - DAG(s) dict_keys(['example_weekday_branch_operator']) retrieved from /home/phuc/Practice/DataScience/DSProject/venv/lib/python3.10/site-packages/airflow/example_dags/example_branch_day_of_week_operator.py
[2023-12-02T13:23:54.892+0700] {logging_mixin.py:154} INFO - [2023-12-02T13:23:54.892+0700] {dag.py:2941} INFO - Sync 1 DAGs
[2023-12-02T13:23:54.907+0700] {logging_mixin.py:154} INFO - [2023-12-02T13:23:54.907+0700] {dag.py:3722} INFO - Setting next_dagrun for example_weekday_branch_operator to 2023-12-01T00:00:00+00:00, run_after=2023-12-02T00:00:00+00:00
[2023-12-02T13:23:54.920+0700] {processor.py:179} INFO - Processing /home/phuc/Practice/DataScience/DSProject/venv/lib/python3.10/site-packages/airflow/example_dags/example_branch_day_of_week_operator.py took 0.055 seconds
[2023-12-02T13:24:36.577+0700] {processor.py:157} INFO - Started process (PID=83080) to work on /home/phuc/Practice/DataScience/DSProject/venv/lib/python3.10/site-packages/airflow/example_dags/example_branch_day_of_week_operator.py
[2023-12-02T13:24:36.585+0700] {processor.py:829} INFO - Processing file /home/phuc/Practice/DataScience/DSProject/venv/lib/python3.10/site-packages/airflow/example_dags/example_branch_day_of_week_operator.py for tasks to queue
[2023-12-02T13:24:36.586+0700] {logging_mixin.py:154} INFO - [2023-12-02T13:24:36.586+0700] {dagbag.py:536} INFO - Filling up the DagBag from /home/phuc/Practice/DataScience/DSProject/venv/lib/python3.10/site-packages/airflow/example_dags/example_branch_day_of_week_operator.py
[2023-12-02T13:24:36.593+0700] {processor.py:839} INFO - DAG(s) dict_keys(['example_weekday_branch_operator']) retrieved from /home/phuc/Practice/DataScience/DSProject/venv/lib/python3.10/site-packages/airflow/example_dags/example_branch_day_of_week_operator.py
[2023-12-02T13:24:36.604+0700] {logging_mixin.py:154} INFO - [2023-12-02T13:24:36.604+0700] {dag.py:2941} INFO - Sync 1 DAGs
[2023-12-02T13:24:36.617+0700] {logging_mixin.py:154} INFO - [2023-12-02T13:24:36.617+0700] {dag.py:3722} INFO - Setting next_dagrun for example_weekday_branch_operator to 2023-12-01T00:00:00+00:00, run_after=2023-12-02T00:00:00+00:00
[2023-12-02T13:24:36.636+0700] {processor.py:179} INFO - Processing /home/phuc/Practice/DataScience/DSProject/venv/lib/python3.10/site-packages/airflow/example_dags/example_branch_day_of_week_operator.py took 0.060 seconds
[2023-12-02T13:25:23.916+0700] {processor.py:157} INFO - Started process (PID=83412) to work on /home/phuc/Practice/DataScience/DSProject/venv/lib/python3.10/site-packages/airflow/example_dags/example_branch_day_of_week_operator.py
[2023-12-02T13:25:23.923+0700] {processor.py:829} INFO - Processing file /home/phuc/Practice/DataScience/DSProject/venv/lib/python3.10/site-packages/airflow/example_dags/example_branch_day_of_week_operator.py for tasks to queue
[2023-12-02T13:25:23.924+0700] {logging_mixin.py:154} INFO - [2023-12-02T13:25:23.924+0700] {dagbag.py:536} INFO - Filling up the DagBag from /home/phuc/Practice/DataScience/DSProject/venv/lib/python3.10/site-packages/airflow/example_dags/example_branch_day_of_week_operator.py
[2023-12-02T13:25:23.932+0700] {processor.py:839} INFO - DAG(s) dict_keys(['example_weekday_branch_operator']) retrieved from /home/phuc/Practice/DataScience/DSProject/venv/lib/python3.10/site-packages/airflow/example_dags/example_branch_day_of_week_operator.py
[2023-12-02T13:25:23.948+0700] {logging_mixin.py:154} INFO - [2023-12-02T13:25:23.948+0700] {dag.py:2941} INFO - Sync 1 DAGs
[2023-12-02T13:25:23.968+0700] {logging_mixin.py:154} INFO - [2023-12-02T13:25:23.968+0700] {dag.py:3722} INFO - Setting next_dagrun for example_weekday_branch_operator to 2023-12-01T00:00:00+00:00, run_after=2023-12-02T00:00:00+00:00
[2023-12-02T13:25:23.988+0700] {processor.py:179} INFO - Processing /home/phuc/Practice/DataScience/DSProject/venv/lib/python3.10/site-packages/airflow/example_dags/example_branch_day_of_week_operator.py took 0.074 seconds
[2023-12-02T13:26:12.746+0700] {processor.py:157} INFO - Started process (PID=83613) to work on /home/phuc/Practice/DataScience/DSProject/venv/lib/python3.10/site-packages/airflow/example_dags/example_branch_day_of_week_operator.py
[2023-12-02T13:26:12.753+0700] {processor.py:829} INFO - Processing file /home/phuc/Practice/DataScience/DSProject/venv/lib/python3.10/site-packages/airflow/example_dags/example_branch_day_of_week_operator.py for tasks to queue
[2023-12-02T13:26:12.754+0700] {logging_mixin.py:154} INFO - [2023-12-02T13:26:12.754+0700] {dagbag.py:536} INFO - Filling up the DagBag from /home/phuc/Practice/DataScience/DSProject/venv/lib/python3.10/site-packages/airflow/example_dags/example_branch_day_of_week_operator.py
[2023-12-02T13:26:12.760+0700] {processor.py:839} INFO - DAG(s) dict_keys(['example_weekday_branch_operator']) retrieved from /home/phuc/Practice/DataScience/DSProject/venv/lib/python3.10/site-packages/airflow/example_dags/example_branch_day_of_week_operator.py
[2023-12-02T13:26:12.776+0700] {logging_mixin.py:154} INFO - [2023-12-02T13:26:12.776+0700] {dag.py:2941} INFO - Sync 1 DAGs
[2023-12-02T13:26:12.796+0700] {logging_mixin.py:154} INFO - [2023-12-02T13:26:12.795+0700] {dag.py:3722} INFO - Setting next_dagrun for example_weekday_branch_operator to 2023-12-01T00:00:00+00:00, run_after=2023-12-02T00:00:00+00:00
[2023-12-02T13:26:12.815+0700] {processor.py:179} INFO - Processing /home/phuc/Practice/DataScience/DSProject/venv/lib/python3.10/site-packages/airflow/example_dags/example_branch_day_of_week_operator.py took 0.072 seconds
