[2023-12-02T13:18:29.256+0700] {processor.py:157} INFO - Started process (PID=80920) to work on /home/phuc/Practice/DataScience/DSProject/venv/lib/python3.10/site-packages/airflow/example_dags/example_datasets.py
[2023-12-02T13:18:29.257+0700] {processor.py:829} INFO - Processing file /home/phuc/Practice/DataScience/DSProject/venv/lib/python3.10/site-packages/airflow/example_dags/example_datasets.py for tasks to queue
[2023-12-02T13:18:29.257+0700] {logging_mixin.py:154} INFO - [2023-12-02T13:18:29.257+0700] {dagbag.py:536} INFO - Filling up the DagBag from /home/phuc/Practice/DataScience/DSProject/venv/lib/python3.10/site-packages/airflow/example_dags/example_datasets.py
[2023-12-02T13:18:29.263+0700] {processor.py:839} INFO - DAG(s) dict_keys(['dataset_consumes_1_and_2', 'dataset_produces_2', 'dataset_consumes_unknown_never_scheduled', 'dataset_produces_1', 'dataset_consumes_1', 'dataset_consumes_1_never_scheduled']) retrieved from /home/phuc/Practice/DataScience/DSProject/venv/lib/python3.10/site-packages/airflow/example_dags/example_datasets.py
[2023-12-02T13:18:29.317+0700] {logging_mixin.py:154} INFO - [2023-12-02T13:18:29.316+0700] {manager.py:499} INFO - Created Permission View: %s
[2023-12-02T13:18:29.322+0700] {logging_mixin.py:154} INFO - [2023-12-02T13:18:29.322+0700] {manager.py:499} INFO - Created Permission View: %s
[2023-12-02T13:18:29.325+0700] {logging_mixin.py:154} INFO - [2023-12-02T13:18:29.325+0700] {manager.py:499} INFO - Created Permission View: %s
[2023-12-02T13:18:29.333+0700] {logging_mixin.py:154} INFO - [2023-12-02T13:18:29.333+0700] {manager.py:499} INFO - Created Permission View: %s
[2023-12-02T13:18:29.336+0700] {logging_mixin.py:154} INFO - [2023-12-02T13:18:29.336+0700] {manager.py:499} INFO - Created Permission View: %s
[2023-12-02T13:18:29.340+0700] {logging_mixin.py:154} INFO - [2023-12-02T13:18:29.340+0700] {manager.py:499} INFO - Created Permission View: %s
[2023-12-02T13:18:29.347+0700] {logging_mixin.py:154} INFO - [2023-12-02T13:18:29.347+0700] {manager.py:499} INFO - Created Permission View: %s
[2023-12-02T13:18:29.351+0700] {logging_mixin.py:154} INFO - [2023-12-02T13:18:29.351+0700] {manager.py:499} INFO - Created Permission View: %s
[2023-12-02T13:18:29.354+0700] {logging_mixin.py:154} INFO - [2023-12-02T13:18:29.354+0700] {manager.py:499} INFO - Created Permission View: %s
[2023-12-02T13:18:29.362+0700] {logging_mixin.py:154} INFO - [2023-12-02T13:18:29.362+0700] {manager.py:499} INFO - Created Permission View: %s
[2023-12-02T13:18:29.365+0700] {logging_mixin.py:154} INFO - [2023-12-02T13:18:29.365+0700] {manager.py:499} INFO - Created Permission View: %s
[2023-12-02T13:18:29.369+0700] {logging_mixin.py:154} INFO - [2023-12-02T13:18:29.369+0700] {manager.py:499} INFO - Created Permission View: %s
[2023-12-02T13:18:29.376+0700] {logging_mixin.py:154} INFO - [2023-12-02T13:18:29.376+0700] {manager.py:499} INFO - Created Permission View: %s
[2023-12-02T13:18:29.380+0700] {logging_mixin.py:154} INFO - [2023-12-02T13:18:29.380+0700] {manager.py:499} INFO - Created Permission View: %s
[2023-12-02T13:18:29.384+0700] {logging_mixin.py:154} INFO - [2023-12-02T13:18:29.384+0700] {manager.py:499} INFO - Created Permission View: %s
[2023-12-02T13:18:29.391+0700] {logging_mixin.py:154} INFO - [2023-12-02T13:18:29.391+0700] {manager.py:499} INFO - Created Permission View: %s
[2023-12-02T13:18:29.395+0700] {logging_mixin.py:154} INFO - [2023-12-02T13:18:29.395+0700] {manager.py:499} INFO - Created Permission View: %s
[2023-12-02T13:18:29.398+0700] {logging_mixin.py:154} INFO - [2023-12-02T13:18:29.398+0700] {manager.py:499} INFO - Created Permission View: %s
[2023-12-02T13:18:29.398+0700] {logging_mixin.py:154} INFO - [2023-12-02T13:18:29.398+0700] {dag.py:2941} INFO - Sync 6 DAGs
[2023-12-02T13:18:29.404+0700] {logging_mixin.py:154} INFO - [2023-12-02T13:18:29.404+0700] {dag.py:2963} INFO - Creating ORM DAG for dataset_consumes_1_and_2
[2023-12-02T13:18:29.404+0700] {logging_mixin.py:154} INFO - [2023-12-02T13:18:29.404+0700] {dag.py:2963} INFO - Creating ORM DAG for dataset_consumes_unknown_never_scheduled
[2023-12-02T13:18:29.404+0700] {logging_mixin.py:154} INFO - [2023-12-02T13:18:29.404+0700] {dag.py:2963} INFO - Creating ORM DAG for dataset_produces_1
[2023-12-02T13:18:29.404+0700] {logging_mixin.py:154} INFO - [2023-12-02T13:18:29.404+0700] {dag.py:2963} INFO - Creating ORM DAG for dataset_consumes_1
[2023-12-02T13:18:29.405+0700] {logging_mixin.py:154} INFO - [2023-12-02T13:18:29.404+0700] {dag.py:2963} INFO - Creating ORM DAG for dataset_produces_2
[2023-12-02T13:18:29.405+0700] {logging_mixin.py:154} INFO - [2023-12-02T13:18:29.405+0700] {dag.py:2963} INFO - Creating ORM DAG for dataset_consumes_1_never_scheduled
[2023-12-02T13:18:29.409+0700] {logging_mixin.py:154} INFO - [2023-12-02T13:18:29.409+0700] {dag.py:3722} INFO - Setting next_dagrun for dataset_consumes_1 to None, run_after=None
[2023-12-02T13:18:29.409+0700] {logging_mixin.py:154} INFO - [2023-12-02T13:18:29.409+0700] {dag.py:3722} INFO - Setting next_dagrun for dataset_consumes_1_and_2 to None, run_after=None
[2023-12-02T13:18:29.409+0700] {logging_mixin.py:154} INFO - [2023-12-02T13:18:29.409+0700] {dag.py:3722} INFO - Setting next_dagrun for dataset_consumes_1_never_scheduled to None, run_after=None
[2023-12-02T13:18:29.410+0700] {logging_mixin.py:154} INFO - [2023-12-02T13:18:29.410+0700] {dag.py:3722} INFO - Setting next_dagrun for dataset_consumes_unknown_never_scheduled to None, run_after=None
[2023-12-02T13:18:29.411+0700] {logging_mixin.py:154} INFO - [2023-12-02T13:18:29.411+0700] {dag.py:3722} INFO - Setting next_dagrun for dataset_produces_1 to 2023-12-01T00:00:00+00:00, run_after=2023-12-02T00:00:00+00:00
[2023-12-02T13:18:29.411+0700] {logging_mixin.py:154} INFO - [2023-12-02T13:18:29.411+0700] {dag.py:3722} INFO - Setting next_dagrun for dataset_produces_2 to None, run_after=None
[2023-12-02T13:18:29.426+0700] {processor.py:179} INFO - Processing /home/phuc/Practice/DataScience/DSProject/venv/lib/python3.10/site-packages/airflow/example_dags/example_datasets.py took 0.174 seconds
[2023-12-02T13:19:14.603+0700] {processor.py:157} INFO - Started process (PID=81121) to work on /home/phuc/Practice/DataScience/DSProject/venv/lib/python3.10/site-packages/airflow/example_dags/example_datasets.py
[2023-12-02T13:19:14.610+0700] {processor.py:829} INFO - Processing file /home/phuc/Practice/DataScience/DSProject/venv/lib/python3.10/site-packages/airflow/example_dags/example_datasets.py for tasks to queue
[2023-12-02T13:19:14.612+0700] {logging_mixin.py:154} INFO - [2023-12-02T13:19:14.611+0700] {dagbag.py:536} INFO - Filling up the DagBag from /home/phuc/Practice/DataScience/DSProject/venv/lib/python3.10/site-packages/airflow/example_dags/example_datasets.py
[2023-12-02T13:19:14.624+0700] {processor.py:839} INFO - DAG(s) dict_keys(['dataset_produces_1', 'dataset_consumes_unknown_never_scheduled', 'dataset_consumes_1_and_2', 'dataset_consumes_1_never_scheduled', 'dataset_consumes_1', 'dataset_produces_2']) retrieved from /home/phuc/Practice/DataScience/DSProject/venv/lib/python3.10/site-packages/airflow/example_dags/example_datasets.py
[2023-12-02T13:19:14.639+0700] {logging_mixin.py:154} INFO - [2023-12-02T13:19:14.639+0700] {dag.py:2941} INFO - Sync 6 DAGs
[2023-12-02T13:19:14.649+0700] {logging_mixin.py:154} INFO - [2023-12-02T13:19:14.649+0700] {dag.py:3722} INFO - Setting next_dagrun for dataset_consumes_1 to None, run_after=None
[2023-12-02T13:19:14.651+0700] {logging_mixin.py:154} INFO - [2023-12-02T13:19:14.651+0700] {dag.py:3722} INFO - Setting next_dagrun for dataset_consumes_1_and_2 to None, run_after=None
[2023-12-02T13:19:14.651+0700] {logging_mixin.py:154} INFO - [2023-12-02T13:19:14.651+0700] {dag.py:3722} INFO - Setting next_dagrun for dataset_consumes_1_never_scheduled to None, run_after=None
[2023-12-02T13:19:14.652+0700] {logging_mixin.py:154} INFO - [2023-12-02T13:19:14.652+0700] {dag.py:3722} INFO - Setting next_dagrun for dataset_consumes_unknown_never_scheduled to None, run_after=None
[2023-12-02T13:19:14.653+0700] {logging_mixin.py:154} INFO - [2023-12-02T13:19:14.653+0700] {dag.py:3722} INFO - Setting next_dagrun for dataset_produces_1 to 2023-12-01T00:00:00+00:00, run_after=2023-12-02T00:00:00+00:00
[2023-12-02T13:19:14.653+0700] {logging_mixin.py:154} INFO - [2023-12-02T13:19:14.653+0700] {dag.py:3722} INFO - Setting next_dagrun for dataset_produces_2 to None, run_after=None
[2023-12-02T13:19:14.668+0700] {processor.py:179} INFO - Processing /home/phuc/Practice/DataScience/DSProject/venv/lib/python3.10/site-packages/airflow/example_dags/example_datasets.py took 0.066 seconds
[2023-12-02T13:20:04.199+0700] {processor.py:157} INFO - Started process (PID=81449) to work on /home/phuc/Practice/DataScience/DSProject/venv/lib/python3.10/site-packages/airflow/example_dags/example_datasets.py
[2023-12-02T13:20:04.203+0700] {processor.py:829} INFO - Processing file /home/phuc/Practice/DataScience/DSProject/venv/lib/python3.10/site-packages/airflow/example_dags/example_datasets.py for tasks to queue
[2023-12-02T13:20:04.203+0700] {logging_mixin.py:154} INFO - [2023-12-02T13:20:04.203+0700] {dagbag.py:536} INFO - Filling up the DagBag from /home/phuc/Practice/DataScience/DSProject/venv/lib/python3.10/site-packages/airflow/example_dags/example_datasets.py
[2023-12-02T13:20:04.209+0700] {processor.py:839} INFO - DAG(s) dict_keys(['dataset_consumes_1_and_2', 'dataset_consumes_1_never_scheduled', 'dataset_produces_2', 'dataset_consumes_1', 'dataset_consumes_unknown_never_scheduled', 'dataset_produces_1']) retrieved from /home/phuc/Practice/DataScience/DSProject/venv/lib/python3.10/site-packages/airflow/example_dags/example_datasets.py
[2023-12-02T13:20:04.226+0700] {logging_mixin.py:154} INFO - [2023-12-02T13:20:04.226+0700] {dag.py:2941} INFO - Sync 6 DAGs
[2023-12-02T13:20:04.238+0700] {logging_mixin.py:154} INFO - [2023-12-02T13:20:04.238+0700] {dag.py:3722} INFO - Setting next_dagrun for dataset_consumes_1 to None, run_after=None
[2023-12-02T13:20:04.240+0700] {logging_mixin.py:154} INFO - [2023-12-02T13:20:04.240+0700] {dag.py:3722} INFO - Setting next_dagrun for dataset_consumes_1_and_2 to None, run_after=None
[2023-12-02T13:20:04.240+0700] {logging_mixin.py:154} INFO - [2023-12-02T13:20:04.240+0700] {dag.py:3722} INFO - Setting next_dagrun for dataset_consumes_1_never_scheduled to None, run_after=None
[2023-12-02T13:20:04.241+0700] {logging_mixin.py:154} INFO - [2023-12-02T13:20:04.241+0700] {dag.py:3722} INFO - Setting next_dagrun for dataset_consumes_unknown_never_scheduled to None, run_after=None
[2023-12-02T13:20:04.242+0700] {logging_mixin.py:154} INFO - [2023-12-02T13:20:04.242+0700] {dag.py:3722} INFO - Setting next_dagrun for dataset_produces_1 to 2023-12-01T00:00:00+00:00, run_after=2023-12-02T00:00:00+00:00
[2023-12-02T13:20:04.243+0700] {logging_mixin.py:154} INFO - [2023-12-02T13:20:04.243+0700] {dag.py:3722} INFO - Setting next_dagrun for dataset_produces_2 to None, run_after=None
[2023-12-02T13:20:04.259+0700] {processor.py:179} INFO - Processing /home/phuc/Practice/DataScience/DSProject/venv/lib/python3.10/site-packages/airflow/example_dags/example_datasets.py took 0.062 seconds
[2023-12-02T13:20:53.840+0700] {processor.py:157} INFO - Started process (PID=81730) to work on /home/phuc/Practice/DataScience/DSProject/venv/lib/python3.10/site-packages/airflow/example_dags/example_datasets.py
[2023-12-02T13:20:53.852+0700] {processor.py:829} INFO - Processing file /home/phuc/Practice/DataScience/DSProject/venv/lib/python3.10/site-packages/airflow/example_dags/example_datasets.py for tasks to queue
[2023-12-02T13:20:53.860+0700] {logging_mixin.py:154} INFO - [2023-12-02T13:20:53.857+0700] {dagbag.py:536} INFO - Filling up the DagBag from /home/phuc/Practice/DataScience/DSProject/venv/lib/python3.10/site-packages/airflow/example_dags/example_datasets.py
[2023-12-02T13:20:53.969+0700] {processor.py:839} INFO - DAG(s) dict_keys(['dataset_consumes_1_never_scheduled', 'dataset_produces_2', 'dataset_produces_1', 'dataset_consumes_1_and_2', 'dataset_consumes_1', 'dataset_consumes_unknown_never_scheduled']) retrieved from /home/phuc/Practice/DataScience/DSProject/venv/lib/python3.10/site-packages/airflow/example_dags/example_datasets.py
[2023-12-02T13:20:54.221+0700] {logging_mixin.py:154} INFO - [2023-12-02T13:20:54.221+0700] {dag.py:2941} INFO - Sync 6 DAGs
[2023-12-02T13:20:54.263+0700] {logging_mixin.py:154} INFO - [2023-12-02T13:20:54.262+0700] {dag.py:3722} INFO - Setting next_dagrun for dataset_consumes_1 to None, run_after=None
[2023-12-02T13:20:54.270+0700] {logging_mixin.py:154} INFO - [2023-12-02T13:20:54.270+0700] {dag.py:3722} INFO - Setting next_dagrun for dataset_consumes_1_and_2 to None, run_after=None
[2023-12-02T13:20:54.272+0700] {logging_mixin.py:154} INFO - [2023-12-02T13:20:54.272+0700] {dag.py:3722} INFO - Setting next_dagrun for dataset_consumes_1_never_scheduled to None, run_after=None
[2023-12-02T13:20:54.274+0700] {logging_mixin.py:154} INFO - [2023-12-02T13:20:54.274+0700] {dag.py:3722} INFO - Setting next_dagrun for dataset_consumes_unknown_never_scheduled to None, run_after=None
[2023-12-02T13:20:54.279+0700] {logging_mixin.py:154} INFO - [2023-12-02T13:20:54.279+0700] {dag.py:3722} INFO - Setting next_dagrun for dataset_produces_1 to 2023-12-01T00:00:00+00:00, run_after=2023-12-02T00:00:00+00:00
[2023-12-02T13:20:54.281+0700] {logging_mixin.py:154} INFO - [2023-12-02T13:20:54.281+0700] {dag.py:3722} INFO - Setting next_dagrun for dataset_produces_2 to None, run_after=None
[2023-12-02T13:20:54.336+0700] {processor.py:179} INFO - Processing /home/phuc/Practice/DataScience/DSProject/venv/lib/python3.10/site-packages/airflow/example_dags/example_datasets.py took 0.524 seconds
[2023-12-02T13:21:44.196+0700] {processor.py:157} INFO - Started process (PID=82055) to work on /home/phuc/Practice/DataScience/DSProject/venv/lib/python3.10/site-packages/airflow/example_dags/example_datasets.py
[2023-12-02T13:21:44.203+0700] {processor.py:829} INFO - Processing file /home/phuc/Practice/DataScience/DSProject/venv/lib/python3.10/site-packages/airflow/example_dags/example_datasets.py for tasks to queue
[2023-12-02T13:21:44.204+0700] {logging_mixin.py:154} INFO - [2023-12-02T13:21:44.204+0700] {dagbag.py:536} INFO - Filling up the DagBag from /home/phuc/Practice/DataScience/DSProject/venv/lib/python3.10/site-packages/airflow/example_dags/example_datasets.py
[2023-12-02T13:21:44.217+0700] {processor.py:839} INFO - DAG(s) dict_keys(['dataset_produces_2', 'dataset_consumes_1_never_scheduled', 'dataset_consumes_unknown_never_scheduled', 'dataset_consumes_1', 'dataset_consumes_1_and_2', 'dataset_produces_1']) retrieved from /home/phuc/Practice/DataScience/DSProject/venv/lib/python3.10/site-packages/airflow/example_dags/example_datasets.py
[2023-12-02T13:21:44.235+0700] {logging_mixin.py:154} INFO - [2023-12-02T13:21:44.235+0700] {dag.py:2941} INFO - Sync 6 DAGs
[2023-12-02T13:21:44.246+0700] {logging_mixin.py:154} INFO - [2023-12-02T13:21:44.246+0700] {dag.py:3722} INFO - Setting next_dagrun for dataset_consumes_1 to None, run_after=None
[2023-12-02T13:21:44.248+0700] {logging_mixin.py:154} INFO - [2023-12-02T13:21:44.248+0700] {dag.py:3722} INFO - Setting next_dagrun for dataset_consumes_1_and_2 to None, run_after=None
[2023-12-02T13:21:44.248+0700] {logging_mixin.py:154} INFO - [2023-12-02T13:21:44.248+0700] {dag.py:3722} INFO - Setting next_dagrun for dataset_consumes_1_never_scheduled to None, run_after=None
[2023-12-02T13:21:44.249+0700] {logging_mixin.py:154} INFO - [2023-12-02T13:21:44.249+0700] {dag.py:3722} INFO - Setting next_dagrun for dataset_consumes_unknown_never_scheduled to None, run_after=None
[2023-12-02T13:21:44.250+0700] {logging_mixin.py:154} INFO - [2023-12-02T13:21:44.250+0700] {dag.py:3722} INFO - Setting next_dagrun for dataset_produces_1 to 2023-12-01T00:00:00+00:00, run_after=2023-12-02T00:00:00+00:00
[2023-12-02T13:21:44.251+0700] {logging_mixin.py:154} INFO - [2023-12-02T13:21:44.251+0700] {dag.py:3722} INFO - Setting next_dagrun for dataset_produces_2 to None, run_after=None
[2023-12-02T13:21:44.267+0700] {processor.py:179} INFO - Processing /home/phuc/Practice/DataScience/DSProject/venv/lib/python3.10/site-packages/airflow/example_dags/example_datasets.py took 0.075 seconds
[2023-12-02T13:22:29.584+0700] {processor.py:157} INFO - Started process (PID=82411) to work on /home/phuc/Practice/DataScience/DSProject/venv/lib/python3.10/site-packages/airflow/example_dags/example_datasets.py
[2023-12-02T13:22:29.591+0700] {processor.py:829} INFO - Processing file /home/phuc/Practice/DataScience/DSProject/venv/lib/python3.10/site-packages/airflow/example_dags/example_datasets.py for tasks to queue
[2023-12-02T13:22:29.592+0700] {logging_mixin.py:154} INFO - [2023-12-02T13:22:29.592+0700] {dagbag.py:536} INFO - Filling up the DagBag from /home/phuc/Practice/DataScience/DSProject/venv/lib/python3.10/site-packages/airflow/example_dags/example_datasets.py
[2023-12-02T13:22:29.605+0700] {processor.py:839} INFO - DAG(s) dict_keys(['dataset_consumes_unknown_never_scheduled', 'dataset_produces_1', 'dataset_consumes_1_and_2', 'dataset_consumes_1_never_scheduled', 'dataset_consumes_1', 'dataset_produces_2']) retrieved from /home/phuc/Practice/DataScience/DSProject/venv/lib/python3.10/site-packages/airflow/example_dags/example_datasets.py
[2023-12-02T13:22:29.622+0700] {logging_mixin.py:154} INFO - [2023-12-02T13:22:29.622+0700] {dag.py:2941} INFO - Sync 6 DAGs
[2023-12-02T13:22:29.634+0700] {logging_mixin.py:154} INFO - [2023-12-02T13:22:29.634+0700] {dag.py:3722} INFO - Setting next_dagrun for dataset_consumes_1 to None, run_after=None
[2023-12-02T13:22:29.636+0700] {logging_mixin.py:154} INFO - [2023-12-02T13:22:29.636+0700] {dag.py:3722} INFO - Setting next_dagrun for dataset_consumes_1_and_2 to None, run_after=None
[2023-12-02T13:22:29.636+0700] {logging_mixin.py:154} INFO - [2023-12-02T13:22:29.636+0700] {dag.py:3722} INFO - Setting next_dagrun for dataset_consumes_1_never_scheduled to None, run_after=None
[2023-12-02T13:22:29.637+0700] {logging_mixin.py:154} INFO - [2023-12-02T13:22:29.637+0700] {dag.py:3722} INFO - Setting next_dagrun for dataset_consumes_unknown_never_scheduled to None, run_after=None
[2023-12-02T13:22:29.638+0700] {logging_mixin.py:154} INFO - [2023-12-02T13:22:29.638+0700] {dag.py:3722} INFO - Setting next_dagrun for dataset_produces_1 to 2023-12-01T00:00:00+00:00, run_after=2023-12-02T00:00:00+00:00
[2023-12-02T13:22:29.639+0700] {logging_mixin.py:154} INFO - [2023-12-02T13:22:29.639+0700] {dag.py:3722} INFO - Setting next_dagrun for dataset_produces_2 to None, run_after=None
[2023-12-02T13:22:29.654+0700] {processor.py:179} INFO - Processing /home/phuc/Practice/DataScience/DSProject/venv/lib/python3.10/site-packages/airflow/example_dags/example_datasets.py took 0.074 seconds
[2023-12-02T13:23:14.185+0700] {processor.py:157} INFO - Started process (PID=82709) to work on /home/phuc/Practice/DataScience/DSProject/venv/lib/python3.10/site-packages/airflow/example_dags/example_datasets.py
[2023-12-02T13:23:14.192+0700] {processor.py:829} INFO - Processing file /home/phuc/Practice/DataScience/DSProject/venv/lib/python3.10/site-packages/airflow/example_dags/example_datasets.py for tasks to queue
[2023-12-02T13:23:14.193+0700] {logging_mixin.py:154} INFO - [2023-12-02T13:23:14.193+0700] {dagbag.py:536} INFO - Filling up the DagBag from /home/phuc/Practice/DataScience/DSProject/venv/lib/python3.10/site-packages/airflow/example_dags/example_datasets.py
[2023-12-02T13:23:14.203+0700] {processor.py:839} INFO - DAG(s) dict_keys(['dataset_produces_1', 'dataset_produces_2', 'dataset_consumes_1_never_scheduled', 'dataset_consumes_1_and_2', 'dataset_consumes_unknown_never_scheduled', 'dataset_consumes_1']) retrieved from /home/phuc/Practice/DataScience/DSProject/venv/lib/python3.10/site-packages/airflow/example_dags/example_datasets.py
[2023-12-02T13:23:14.233+0700] {logging_mixin.py:154} INFO - [2023-12-02T13:23:14.233+0700] {dag.py:2941} INFO - Sync 6 DAGs
[2023-12-02T13:23:14.253+0700] {logging_mixin.py:154} INFO - [2023-12-02T13:23:14.253+0700] {dag.py:3722} INFO - Setting next_dagrun for dataset_consumes_1 to None, run_after=None
[2023-12-02T13:23:14.257+0700] {logging_mixin.py:154} INFO - [2023-12-02T13:23:14.257+0700] {dag.py:3722} INFO - Setting next_dagrun for dataset_consumes_1_and_2 to None, run_after=None
[2023-12-02T13:23:14.258+0700] {logging_mixin.py:154} INFO - [2023-12-02T13:23:14.258+0700] {dag.py:3722} INFO - Setting next_dagrun for dataset_consumes_1_never_scheduled to None, run_after=None
[2023-12-02T13:23:14.259+0700] {logging_mixin.py:154} INFO - [2023-12-02T13:23:14.259+0700] {dag.py:3722} INFO - Setting next_dagrun for dataset_consumes_unknown_never_scheduled to None, run_after=None
[2023-12-02T13:23:14.261+0700] {logging_mixin.py:154} INFO - [2023-12-02T13:23:14.261+0700] {dag.py:3722} INFO - Setting next_dagrun for dataset_produces_1 to 2023-12-01T00:00:00+00:00, run_after=2023-12-02T00:00:00+00:00
[2023-12-02T13:23:14.262+0700] {logging_mixin.py:154} INFO - [2023-12-02T13:23:14.262+0700] {dag.py:3722} INFO - Setting next_dagrun for dataset_produces_2 to None, run_after=None
[2023-12-02T13:23:14.295+0700] {processor.py:179} INFO - Processing /home/phuc/Practice/DataScience/DSProject/venv/lib/python3.10/site-packages/airflow/example_dags/example_datasets.py took 0.113 seconds
[2023-12-02T13:23:55.565+0700] {processor.py:157} INFO - Started process (PID=82891) to work on /home/phuc/Practice/DataScience/DSProject/venv/lib/python3.10/site-packages/airflow/example_dags/example_datasets.py
[2023-12-02T13:23:55.572+0700] {processor.py:829} INFO - Processing file /home/phuc/Practice/DataScience/DSProject/venv/lib/python3.10/site-packages/airflow/example_dags/example_datasets.py for tasks to queue
[2023-12-02T13:23:55.573+0700] {logging_mixin.py:154} INFO - [2023-12-02T13:23:55.573+0700] {dagbag.py:536} INFO - Filling up the DagBag from /home/phuc/Practice/DataScience/DSProject/venv/lib/python3.10/site-packages/airflow/example_dags/example_datasets.py
[2023-12-02T13:23:55.580+0700] {processor.py:839} INFO - DAG(s) dict_keys(['dataset_consumes_1', 'dataset_consumes_unknown_never_scheduled', 'dataset_consumes_1_never_scheduled', 'dataset_produces_1', 'dataset_consumes_1_and_2', 'dataset_produces_2']) retrieved from /home/phuc/Practice/DataScience/DSProject/venv/lib/python3.10/site-packages/airflow/example_dags/example_datasets.py
[2023-12-02T13:23:55.596+0700] {logging_mixin.py:154} INFO - [2023-12-02T13:23:55.596+0700] {dag.py:2941} INFO - Sync 6 DAGs
[2023-12-02T13:23:55.607+0700] {logging_mixin.py:154} INFO - [2023-12-02T13:23:55.607+0700] {dag.py:3722} INFO - Setting next_dagrun for dataset_consumes_1 to None, run_after=None
[2023-12-02T13:23:55.609+0700] {logging_mixin.py:154} INFO - [2023-12-02T13:23:55.609+0700] {dag.py:3722} INFO - Setting next_dagrun for dataset_consumes_1_and_2 to None, run_after=None
[2023-12-02T13:23:55.609+0700] {logging_mixin.py:154} INFO - [2023-12-02T13:23:55.609+0700] {dag.py:3722} INFO - Setting next_dagrun for dataset_consumes_1_never_scheduled to None, run_after=None
[2023-12-02T13:23:55.610+0700] {logging_mixin.py:154} INFO - [2023-12-02T13:23:55.610+0700] {dag.py:3722} INFO - Setting next_dagrun for dataset_consumes_unknown_never_scheduled to None, run_after=None
[2023-12-02T13:23:55.611+0700] {logging_mixin.py:154} INFO - [2023-12-02T13:23:55.611+0700] {dag.py:3722} INFO - Setting next_dagrun for dataset_produces_1 to 2023-12-01T00:00:00+00:00, run_after=2023-12-02T00:00:00+00:00
[2023-12-02T13:23:55.612+0700] {logging_mixin.py:154} INFO - [2023-12-02T13:23:55.612+0700] {dag.py:3722} INFO - Setting next_dagrun for dataset_produces_2 to None, run_after=None
[2023-12-02T13:23:55.629+0700] {processor.py:179} INFO - Processing /home/phuc/Practice/DataScience/DSProject/venv/lib/python3.10/site-packages/airflow/example_dags/example_datasets.py took 0.066 seconds
[2023-12-02T13:24:37.719+0700] {processor.py:157} INFO - Started process (PID=83081) to work on /home/phuc/Practice/DataScience/DSProject/venv/lib/python3.10/site-packages/airflow/example_dags/example_datasets.py
[2023-12-02T13:24:37.726+0700] {processor.py:829} INFO - Processing file /home/phuc/Practice/DataScience/DSProject/venv/lib/python3.10/site-packages/airflow/example_dags/example_datasets.py for tasks to queue
[2023-12-02T13:24:37.727+0700] {logging_mixin.py:154} INFO - [2023-12-02T13:24:37.727+0700] {dagbag.py:536} INFO - Filling up the DagBag from /home/phuc/Practice/DataScience/DSProject/venv/lib/python3.10/site-packages/airflow/example_dags/example_datasets.py
[2023-12-02T13:24:37.734+0700] {processor.py:839} INFO - DAG(s) dict_keys(['dataset_consumes_1_and_2', 'dataset_consumes_1', 'dataset_consumes_1_never_scheduled', 'dataset_produces_1', 'dataset_produces_2', 'dataset_consumes_unknown_never_scheduled']) retrieved from /home/phuc/Practice/DataScience/DSProject/venv/lib/python3.10/site-packages/airflow/example_dags/example_datasets.py
[2023-12-02T13:24:37.752+0700] {logging_mixin.py:154} INFO - [2023-12-02T13:24:37.752+0700] {dag.py:2941} INFO - Sync 6 DAGs
[2023-12-02T13:24:37.767+0700] {logging_mixin.py:154} INFO - [2023-12-02T13:24:37.767+0700] {dag.py:3722} INFO - Setting next_dagrun for dataset_consumes_1 to None, run_after=None
[2023-12-02T13:24:37.769+0700] {logging_mixin.py:154} INFO - [2023-12-02T13:24:37.769+0700] {dag.py:3722} INFO - Setting next_dagrun for dataset_consumes_1_and_2 to None, run_after=None
[2023-12-02T13:24:37.770+0700] {logging_mixin.py:154} INFO - [2023-12-02T13:24:37.770+0700] {dag.py:3722} INFO - Setting next_dagrun for dataset_consumes_1_never_scheduled to None, run_after=None
[2023-12-02T13:24:37.771+0700] {logging_mixin.py:154} INFO - [2023-12-02T13:24:37.771+0700] {dag.py:3722} INFO - Setting next_dagrun for dataset_consumes_unknown_never_scheduled to None, run_after=None
[2023-12-02T13:24:37.773+0700] {logging_mixin.py:154} INFO - [2023-12-02T13:24:37.773+0700] {dag.py:3722} INFO - Setting next_dagrun for dataset_produces_1 to 2023-12-01T00:00:00+00:00, run_after=2023-12-02T00:00:00+00:00
[2023-12-02T13:24:37.773+0700] {logging_mixin.py:154} INFO - [2023-12-02T13:24:37.773+0700] {dag.py:3722} INFO - Setting next_dagrun for dataset_produces_2 to None, run_after=None
[2023-12-02T13:24:37.797+0700] {processor.py:179} INFO - Processing /home/phuc/Practice/DataScience/DSProject/venv/lib/python3.10/site-packages/airflow/example_dags/example_datasets.py took 0.080 seconds
[2023-12-02T13:25:25.056+0700] {processor.py:157} INFO - Started process (PID=83413) to work on /home/phuc/Practice/DataScience/DSProject/venv/lib/python3.10/site-packages/airflow/example_dags/example_datasets.py
[2023-12-02T13:25:25.057+0700] {processor.py:829} INFO - Processing file /home/phuc/Practice/DataScience/DSProject/venv/lib/python3.10/site-packages/airflow/example_dags/example_datasets.py for tasks to queue
[2023-12-02T13:25:25.058+0700] {logging_mixin.py:154} INFO - [2023-12-02T13:25:25.058+0700] {dagbag.py:536} INFO - Filling up the DagBag from /home/phuc/Practice/DataScience/DSProject/venv/lib/python3.10/site-packages/airflow/example_dags/example_datasets.py
[2023-12-02T13:25:25.068+0700] {processor.py:839} INFO - DAG(s) dict_keys(['dataset_produces_2', 'dataset_produces_1', 'dataset_consumes_1_never_scheduled', 'dataset_consumes_1_and_2', 'dataset_consumes_unknown_never_scheduled', 'dataset_consumes_1']) retrieved from /home/phuc/Practice/DataScience/DSProject/venv/lib/python3.10/site-packages/airflow/example_dags/example_datasets.py
[2023-12-02T13:25:25.097+0700] {logging_mixin.py:154} INFO - [2023-12-02T13:25:25.096+0700] {dag.py:2941} INFO - Sync 6 DAGs
[2023-12-02T13:25:25.116+0700] {logging_mixin.py:154} INFO - [2023-12-02T13:25:25.115+0700] {dag.py:3722} INFO - Setting next_dagrun for dataset_consumes_1 to None, run_after=None
[2023-12-02T13:25:25.118+0700] {logging_mixin.py:154} INFO - [2023-12-02T13:25:25.118+0700] {dag.py:3722} INFO - Setting next_dagrun for dataset_consumes_1_and_2 to None, run_after=None
[2023-12-02T13:25:25.119+0700] {logging_mixin.py:154} INFO - [2023-12-02T13:25:25.119+0700] {dag.py:3722} INFO - Setting next_dagrun for dataset_consumes_1_never_scheduled to None, run_after=None
[2023-12-02T13:25:25.120+0700] {logging_mixin.py:154} INFO - [2023-12-02T13:25:25.120+0700] {dag.py:3722} INFO - Setting next_dagrun for dataset_consumes_unknown_never_scheduled to None, run_after=None
[2023-12-02T13:25:25.123+0700] {logging_mixin.py:154} INFO - [2023-12-02T13:25:25.123+0700] {dag.py:3722} INFO - Setting next_dagrun for dataset_produces_1 to 2023-12-01T00:00:00+00:00, run_after=2023-12-02T00:00:00+00:00
[2023-12-02T13:25:25.124+0700] {logging_mixin.py:154} INFO - [2023-12-02T13:25:25.124+0700] {dag.py:3722} INFO - Setting next_dagrun for dataset_produces_2 to None, run_after=None
[2023-12-02T13:25:25.151+0700] {processor.py:179} INFO - Processing /home/phuc/Practice/DataScience/DSProject/venv/lib/python3.10/site-packages/airflow/example_dags/example_datasets.py took 0.097 seconds
[2023-12-02T13:26:13.889+0700] {processor.py:157} INFO - Started process (PID=83630) to work on /home/phuc/Practice/DataScience/DSProject/venv/lib/python3.10/site-packages/airflow/example_dags/example_datasets.py
[2023-12-02T13:26:13.896+0700] {processor.py:829} INFO - Processing file /home/phuc/Practice/DataScience/DSProject/venv/lib/python3.10/site-packages/airflow/example_dags/example_datasets.py for tasks to queue
[2023-12-02T13:26:13.897+0700] {logging_mixin.py:154} INFO - [2023-12-02T13:26:13.897+0700] {dagbag.py:536} INFO - Filling up the DagBag from /home/phuc/Practice/DataScience/DSProject/venv/lib/python3.10/site-packages/airflow/example_dags/example_datasets.py
[2023-12-02T13:26:13.906+0700] {processor.py:839} INFO - DAG(s) dict_keys(['dataset_consumes_1_never_scheduled', 'dataset_consumes_unknown_never_scheduled', 'dataset_produces_1', 'dataset_consumes_1', 'dataset_produces_2', 'dataset_consumes_1_and_2']) retrieved from /home/phuc/Practice/DataScience/DSProject/venv/lib/python3.10/site-packages/airflow/example_dags/example_datasets.py
[2023-12-02T13:26:13.930+0700] {logging_mixin.py:154} INFO - [2023-12-02T13:26:13.930+0700] {dag.py:2941} INFO - Sync 6 DAGs
[2023-12-02T13:26:13.948+0700] {logging_mixin.py:154} INFO - [2023-12-02T13:26:13.948+0700] {dag.py:3722} INFO - Setting next_dagrun for dataset_consumes_1 to None, run_after=None
[2023-12-02T13:26:13.951+0700] {logging_mixin.py:154} INFO - [2023-12-02T13:26:13.951+0700] {dag.py:3722} INFO - Setting next_dagrun for dataset_consumes_1_and_2 to None, run_after=None
[2023-12-02T13:26:13.952+0700] {logging_mixin.py:154} INFO - [2023-12-02T13:26:13.952+0700] {dag.py:3722} INFO - Setting next_dagrun for dataset_consumes_1_never_scheduled to None, run_after=None
[2023-12-02T13:26:13.952+0700] {logging_mixin.py:154} INFO - [2023-12-02T13:26:13.952+0700] {dag.py:3722} INFO - Setting next_dagrun for dataset_consumes_unknown_never_scheduled to None, run_after=None
[2023-12-02T13:26:13.956+0700] {logging_mixin.py:154} INFO - [2023-12-02T13:26:13.956+0700] {dag.py:3722} INFO - Setting next_dagrun for dataset_produces_1 to 2023-12-01T00:00:00+00:00, run_after=2023-12-02T00:00:00+00:00
[2023-12-02T13:26:13.957+0700] {logging_mixin.py:154} INFO - [2023-12-02T13:26:13.957+0700] {dag.py:3722} INFO - Setting next_dagrun for dataset_produces_2 to None, run_after=None
[2023-12-02T13:26:13.984+0700] {processor.py:179} INFO - Processing /home/phuc/Practice/DataScience/DSProject/venv/lib/python3.10/site-packages/airflow/example_dags/example_datasets.py took 0.097 seconds
