[2023-12-02T13:18:46.511+0700] {processor.py:157} INFO - Started process (PID=80988) to work on /home/phuc/Practice/DataScience/DSProject/venv/lib/python3.10/site-packages/airflow/example_dags/example_xcomargs.py
[2023-12-02T13:18:46.511+0700] {processor.py:829} INFO - Processing file /home/phuc/Practice/DataScience/DSProject/venv/lib/python3.10/site-packages/airflow/example_dags/example_xcomargs.py for tasks to queue
[2023-12-02T13:18:46.512+0700] {logging_mixin.py:154} INFO - [2023-12-02T13:18:46.512+0700] {dagbag.py:536} INFO - Filling up the DagBag from /home/phuc/Practice/DataScience/DSProject/venv/lib/python3.10/site-packages/airflow/example_dags/example_xcomargs.py
[2023-12-02T13:18:46.517+0700] {processor.py:839} INFO - DAG(s) dict_keys(['example_xcom_args', 'example_xcom_args_with_operators']) retrieved from /home/phuc/Practice/DataScience/DSProject/venv/lib/python3.10/site-packages/airflow/example_dags/example_xcomargs.py
[2023-12-02T13:18:46.570+0700] {logging_mixin.py:154} INFO - [2023-12-02T13:18:46.570+0700] {manager.py:499} INFO - Created Permission View: %s
[2023-12-02T13:18:46.576+0700] {logging_mixin.py:154} INFO - [2023-12-02T13:18:46.576+0700] {manager.py:499} INFO - Created Permission View: %s
[2023-12-02T13:18:46.580+0700] {logging_mixin.py:154} INFO - [2023-12-02T13:18:46.580+0700] {manager.py:499} INFO - Created Permission View: %s
[2023-12-02T13:18:46.588+0700] {logging_mixin.py:154} INFO - [2023-12-02T13:18:46.588+0700] {manager.py:499} INFO - Created Permission View: %s
[2023-12-02T13:18:46.591+0700] {logging_mixin.py:154} INFO - [2023-12-02T13:18:46.591+0700] {manager.py:499} INFO - Created Permission View: %s
[2023-12-02T13:18:46.595+0700] {logging_mixin.py:154} INFO - [2023-12-02T13:18:46.595+0700] {manager.py:499} INFO - Created Permission View: %s
[2023-12-02T13:18:46.595+0700] {logging_mixin.py:154} INFO - [2023-12-02T13:18:46.595+0700] {dag.py:2941} INFO - Sync 2 DAGs
[2023-12-02T13:18:46.600+0700] {logging_mixin.py:154} INFO - [2023-12-02T13:18:46.600+0700] {dag.py:2963} INFO - Creating ORM DAG for example_xcom_args_with_operators
[2023-12-02T13:18:46.600+0700] {logging_mixin.py:154} INFO - [2023-12-02T13:18:46.600+0700] {dag.py:2963} INFO - Creating ORM DAG for example_xcom_args
[2023-12-02T13:18:46.600+0700] {logging_mixin.py:154} INFO - [2023-12-02T13:18:46.600+0700] {dag.py:3722} INFO - Setting next_dagrun for example_xcom_args to None, run_after=None
[2023-12-02T13:18:46.601+0700] {logging_mixin.py:154} INFO - [2023-12-02T13:18:46.601+0700] {dag.py:3722} INFO - Setting next_dagrun for example_xcom_args_with_operators to None, run_after=None
[2023-12-02T13:18:46.610+0700] {processor.py:179} INFO - Processing /home/phuc/Practice/DataScience/DSProject/venv/lib/python3.10/site-packages/airflow/example_dags/example_xcomargs.py took 0.100 seconds
[2023-12-02T13:19:39.617+0700] {processor.py:157} INFO - Started process (PID=81317) to work on /home/phuc/Practice/DataScience/DSProject/venv/lib/python3.10/site-packages/airflow/example_dags/example_xcomargs.py
[2023-12-02T13:19:39.624+0700] {processor.py:829} INFO - Processing file /home/phuc/Practice/DataScience/DSProject/venv/lib/python3.10/site-packages/airflow/example_dags/example_xcomargs.py for tasks to queue
[2023-12-02T13:19:39.625+0700] {logging_mixin.py:154} INFO - [2023-12-02T13:19:39.624+0700] {dagbag.py:536} INFO - Filling up the DagBag from /home/phuc/Practice/DataScience/DSProject/venv/lib/python3.10/site-packages/airflow/example_dags/example_xcomargs.py
[2023-12-02T13:19:39.633+0700] {processor.py:839} INFO - DAG(s) dict_keys(['example_xcom_args_with_operators', 'example_xcom_args']) retrieved from /home/phuc/Practice/DataScience/DSProject/venv/lib/python3.10/site-packages/airflow/example_dags/example_xcomargs.py
[2023-12-02T13:19:39.654+0700] {logging_mixin.py:154} INFO - [2023-12-02T13:19:39.653+0700] {dag.py:2941} INFO - Sync 2 DAGs
[2023-12-02T13:19:39.669+0700] {logging_mixin.py:154} INFO - [2023-12-02T13:19:39.669+0700] {dag.py:3722} INFO - Setting next_dagrun for example_xcom_args to None, run_after=None
[2023-12-02T13:19:39.674+0700] {logging_mixin.py:154} INFO - [2023-12-02T13:19:39.674+0700] {dag.py:3722} INFO - Setting next_dagrun for example_xcom_args_with_operators to None, run_after=None
[2023-12-02T13:19:39.695+0700] {processor.py:179} INFO - Processing /home/phuc/Practice/DataScience/DSProject/venv/lib/python3.10/site-packages/airflow/example_dags/example_xcomargs.py took 0.082 seconds
[2023-12-02T13:20:31.840+0700] {processor.py:157} INFO - Started process (PID=81637) to work on /home/phuc/Practice/DataScience/DSProject/venv/lib/python3.10/site-packages/airflow/example_dags/example_xcomargs.py
[2023-12-02T13:20:31.846+0700] {processor.py:829} INFO - Processing file /home/phuc/Practice/DataScience/DSProject/venv/lib/python3.10/site-packages/airflow/example_dags/example_xcomargs.py for tasks to queue
[2023-12-02T13:20:31.847+0700] {logging_mixin.py:154} INFO - [2023-12-02T13:20:31.847+0700] {dagbag.py:536} INFO - Filling up the DagBag from /home/phuc/Practice/DataScience/DSProject/venv/lib/python3.10/site-packages/airflow/example_dags/example_xcomargs.py
[2023-12-02T13:20:31.855+0700] {processor.py:839} INFO - DAG(s) dict_keys(['example_xcom_args', 'example_xcom_args_with_operators']) retrieved from /home/phuc/Practice/DataScience/DSProject/venv/lib/python3.10/site-packages/airflow/example_dags/example_xcomargs.py
[2023-12-02T13:20:31.866+0700] {logging_mixin.py:154} INFO - [2023-12-02T13:20:31.865+0700] {dag.py:2941} INFO - Sync 2 DAGs
[2023-12-02T13:20:31.872+0700] {logging_mixin.py:154} INFO - [2023-12-02T13:20:31.872+0700] {dag.py:3722} INFO - Setting next_dagrun for example_xcom_args to None, run_after=None
[2023-12-02T13:20:31.874+0700] {logging_mixin.py:154} INFO - [2023-12-02T13:20:31.873+0700] {dag.py:3722} INFO - Setting next_dagrun for example_xcom_args_with_operators to None, run_after=None
[2023-12-02T13:20:31.885+0700] {processor.py:179} INFO - Processing /home/phuc/Practice/DataScience/DSProject/venv/lib/python3.10/site-packages/airflow/example_dags/example_xcomargs.py took 0.047 seconds
[2023-12-02T13:21:22.899+0700] {processor.py:157} INFO - Started process (PID=81892) to work on /home/phuc/Practice/DataScience/DSProject/venv/lib/python3.10/site-packages/airflow/example_dags/example_xcomargs.py
[2023-12-02T13:21:22.906+0700] {processor.py:829} INFO - Processing file /home/phuc/Practice/DataScience/DSProject/venv/lib/python3.10/site-packages/airflow/example_dags/example_xcomargs.py for tasks to queue
[2023-12-02T13:21:22.908+0700] {logging_mixin.py:154} INFO - [2023-12-02T13:21:22.907+0700] {dagbag.py:536} INFO - Filling up the DagBag from /home/phuc/Practice/DataScience/DSProject/venv/lib/python3.10/site-packages/airflow/example_dags/example_xcomargs.py
[2023-12-02T13:21:22.916+0700] {processor.py:839} INFO - DAG(s) dict_keys(['example_xcom_args_with_operators', 'example_xcom_args']) retrieved from /home/phuc/Practice/DataScience/DSProject/venv/lib/python3.10/site-packages/airflow/example_dags/example_xcomargs.py
[2023-12-02T13:21:22.931+0700] {logging_mixin.py:154} INFO - [2023-12-02T13:21:22.931+0700] {dag.py:2941} INFO - Sync 2 DAGs
[2023-12-02T13:21:22.939+0700] {logging_mixin.py:154} INFO - [2023-12-02T13:21:22.939+0700] {dag.py:3722} INFO - Setting next_dagrun for example_xcom_args to None, run_after=None
[2023-12-02T13:21:22.940+0700] {logging_mixin.py:154} INFO - [2023-12-02T13:21:22.940+0700] {dag.py:3722} INFO - Setting next_dagrun for example_xcom_args_with_operators to None, run_after=None
[2023-12-02T13:21:22.953+0700] {processor.py:179} INFO - Processing /home/phuc/Practice/DataScience/DSProject/venv/lib/python3.10/site-packages/airflow/example_dags/example_xcomargs.py took 0.058 seconds
[2023-12-02T13:22:10.704+0700] {processor.py:157} INFO - Started process (PID=82276) to work on /home/phuc/Practice/DataScience/DSProject/venv/lib/python3.10/site-packages/airflow/example_dags/example_xcomargs.py
[2023-12-02T13:22:10.712+0700] {processor.py:829} INFO - Processing file /home/phuc/Practice/DataScience/DSProject/venv/lib/python3.10/site-packages/airflow/example_dags/example_xcomargs.py for tasks to queue
[2023-12-02T13:22:10.713+0700] {logging_mixin.py:154} INFO - [2023-12-02T13:22:10.712+0700] {dagbag.py:536} INFO - Filling up the DagBag from /home/phuc/Practice/DataScience/DSProject/venv/lib/python3.10/site-packages/airflow/example_dags/example_xcomargs.py
[2023-12-02T13:22:10.724+0700] {processor.py:839} INFO - DAG(s) dict_keys(['example_xcom_args_with_operators', 'example_xcom_args']) retrieved from /home/phuc/Practice/DataScience/DSProject/venv/lib/python3.10/site-packages/airflow/example_dags/example_xcomargs.py
[2023-12-02T13:22:10.737+0700] {logging_mixin.py:154} INFO - [2023-12-02T13:22:10.737+0700] {dag.py:2941} INFO - Sync 2 DAGs
[2023-12-02T13:22:10.744+0700] {logging_mixin.py:154} INFO - [2023-12-02T13:22:10.744+0700] {dag.py:3722} INFO - Setting next_dagrun for example_xcom_args to None, run_after=None
[2023-12-02T13:22:10.746+0700] {logging_mixin.py:154} INFO - [2023-12-02T13:22:10.746+0700] {dag.py:3722} INFO - Setting next_dagrun for example_xcom_args_with_operators to None, run_after=None
[2023-12-02T13:22:10.757+0700] {processor.py:179} INFO - Processing /home/phuc/Practice/DataScience/DSProject/venv/lib/python3.10/site-packages/airflow/example_dags/example_xcomargs.py took 0.055 seconds
[2023-12-02T13:22:56.191+0700] {processor.py:157} INFO - Started process (PID=82605) to work on /home/phuc/Practice/DataScience/DSProject/venv/lib/python3.10/site-packages/airflow/example_dags/example_xcomargs.py
[2023-12-02T13:22:56.198+0700] {processor.py:829} INFO - Processing file /home/phuc/Practice/DataScience/DSProject/venv/lib/python3.10/site-packages/airflow/example_dags/example_xcomargs.py for tasks to queue
[2023-12-02T13:22:56.199+0700] {logging_mixin.py:154} INFO - [2023-12-02T13:22:56.198+0700] {dagbag.py:536} INFO - Filling up the DagBag from /home/phuc/Practice/DataScience/DSProject/venv/lib/python3.10/site-packages/airflow/example_dags/example_xcomargs.py
[2023-12-02T13:22:56.206+0700] {processor.py:839} INFO - DAG(s) dict_keys(['example_xcom_args_with_operators', 'example_xcom_args']) retrieved from /home/phuc/Practice/DataScience/DSProject/venv/lib/python3.10/site-packages/airflow/example_dags/example_xcomargs.py
[2023-12-02T13:22:56.220+0700] {logging_mixin.py:154} INFO - [2023-12-02T13:22:56.220+0700] {dag.py:2941} INFO - Sync 2 DAGs
[2023-12-02T13:22:56.228+0700] {logging_mixin.py:154} INFO - [2023-12-02T13:22:56.228+0700] {dag.py:3722} INFO - Setting next_dagrun for example_xcom_args to None, run_after=None
[2023-12-02T13:22:56.231+0700] {logging_mixin.py:154} INFO - [2023-12-02T13:22:56.230+0700] {dag.py:3722} INFO - Setting next_dagrun for example_xcom_args_with_operators to None, run_after=None
[2023-12-02T13:22:56.243+0700] {processor.py:179} INFO - Processing /home/phuc/Practice/DataScience/DSProject/venv/lib/python3.10/site-packages/airflow/example_dags/example_xcomargs.py took 0.055 seconds
[2023-12-02T13:23:39.564+0700] {processor.py:157} INFO - Started process (PID=82824) to work on /home/phuc/Practice/DataScience/DSProject/venv/lib/python3.10/site-packages/airflow/example_dags/example_xcomargs.py
[2023-12-02T13:23:39.565+0700] {processor.py:829} INFO - Processing file /home/phuc/Practice/DataScience/DSProject/venv/lib/python3.10/site-packages/airflow/example_dags/example_xcomargs.py for tasks to queue
[2023-12-02T13:23:39.565+0700] {logging_mixin.py:154} INFO - [2023-12-02T13:23:39.565+0700] {dagbag.py:536} INFO - Filling up the DagBag from /home/phuc/Practice/DataScience/DSProject/venv/lib/python3.10/site-packages/airflow/example_dags/example_xcomargs.py
[2023-12-02T13:23:39.574+0700] {processor.py:839} INFO - DAG(s) dict_keys(['example_xcom_args', 'example_xcom_args_with_operators']) retrieved from /home/phuc/Practice/DataScience/DSProject/venv/lib/python3.10/site-packages/airflow/example_dags/example_xcomargs.py
[2023-12-02T13:23:39.586+0700] {logging_mixin.py:154} INFO - [2023-12-02T13:23:39.586+0700] {dag.py:2941} INFO - Sync 2 DAGs
[2023-12-02T13:23:39.593+0700] {logging_mixin.py:154} INFO - [2023-12-02T13:23:39.592+0700] {dag.py:3722} INFO - Setting next_dagrun for example_xcom_args to None, run_after=None
[2023-12-02T13:23:39.594+0700] {logging_mixin.py:154} INFO - [2023-12-02T13:23:39.594+0700] {dag.py:3722} INFO - Setting next_dagrun for example_xcom_args_with_operators to None, run_after=None
[2023-12-02T13:23:39.606+0700] {processor.py:179} INFO - Processing /home/phuc/Practice/DataScience/DSProject/venv/lib/python3.10/site-packages/airflow/example_dags/example_xcomargs.py took 0.044 seconds
[2023-12-02T13:24:23.438+0700] {processor.py:157} INFO - Started process (PID=83015) to work on /home/phuc/Practice/DataScience/DSProject/venv/lib/python3.10/site-packages/airflow/example_dags/example_xcomargs.py
[2023-12-02T13:24:23.445+0700] {processor.py:829} INFO - Processing file /home/phuc/Practice/DataScience/DSProject/venv/lib/python3.10/site-packages/airflow/example_dags/example_xcomargs.py for tasks to queue
[2023-12-02T13:24:23.446+0700] {logging_mixin.py:154} INFO - [2023-12-02T13:24:23.445+0700] {dagbag.py:536} INFO - Filling up the DagBag from /home/phuc/Practice/DataScience/DSProject/venv/lib/python3.10/site-packages/airflow/example_dags/example_xcomargs.py
[2023-12-02T13:24:23.458+0700] {processor.py:839} INFO - DAG(s) dict_keys(['example_xcom_args_with_operators', 'example_xcom_args']) retrieved from /home/phuc/Practice/DataScience/DSProject/venv/lib/python3.10/site-packages/airflow/example_dags/example_xcomargs.py
[2023-12-02T13:24:23.470+0700] {logging_mixin.py:154} INFO - [2023-12-02T13:24:23.470+0700] {dag.py:2941} INFO - Sync 2 DAGs
[2023-12-02T13:24:23.477+0700] {logging_mixin.py:154} INFO - [2023-12-02T13:24:23.477+0700] {dag.py:3722} INFO - Setting next_dagrun for example_xcom_args to None, run_after=None
[2023-12-02T13:24:23.479+0700] {logging_mixin.py:154} INFO - [2023-12-02T13:24:23.479+0700] {dag.py:3722} INFO - Setting next_dagrun for example_xcom_args_with_operators to None, run_after=None
[2023-12-02T13:24:23.491+0700] {processor.py:179} INFO - Processing /home/phuc/Practice/DataScience/DSProject/venv/lib/python3.10/site-packages/airflow/example_dags/example_xcomargs.py took 0.056 seconds
[2023-12-02T13:25:10.740+0700] {processor.py:157} INFO - Started process (PID=83340) to work on /home/phuc/Practice/DataScience/DSProject/venv/lib/python3.10/site-packages/airflow/example_dags/example_xcomargs.py
[2023-12-02T13:25:10.747+0700] {processor.py:829} INFO - Processing file /home/phuc/Practice/DataScience/DSProject/venv/lib/python3.10/site-packages/airflow/example_dags/example_xcomargs.py for tasks to queue
[2023-12-02T13:25:10.748+0700] {logging_mixin.py:154} INFO - [2023-12-02T13:25:10.748+0700] {dagbag.py:536} INFO - Filling up the DagBag from /home/phuc/Practice/DataScience/DSProject/venv/lib/python3.10/site-packages/airflow/example_dags/example_xcomargs.py
[2023-12-02T13:25:10.755+0700] {processor.py:839} INFO - DAG(s) dict_keys(['example_xcom_args', 'example_xcom_args_with_operators']) retrieved from /home/phuc/Practice/DataScience/DSProject/venv/lib/python3.10/site-packages/airflow/example_dags/example_xcomargs.py
[2023-12-02T13:25:10.771+0700] {logging_mixin.py:154} INFO - [2023-12-02T13:25:10.771+0700] {dag.py:2941} INFO - Sync 2 DAGs
[2023-12-02T13:25:10.781+0700] {logging_mixin.py:154} INFO - [2023-12-02T13:25:10.781+0700] {dag.py:3722} INFO - Setting next_dagrun for example_xcom_args to None, run_after=None
[2023-12-02T13:25:10.783+0700] {logging_mixin.py:154} INFO - [2023-12-02T13:25:10.783+0700] {dag.py:3722} INFO - Setting next_dagrun for example_xcom_args_with_operators to None, run_after=None
[2023-12-02T13:25:10.798+0700] {processor.py:179} INFO - Processing /home/phuc/Practice/DataScience/DSProject/venv/lib/python3.10/site-packages/airflow/example_dags/example_xcomargs.py took 0.060 seconds
[2023-12-02T13:26:00.419+0700] {processor.py:157} INFO - Started process (PID=83568) to work on /home/phuc/Practice/DataScience/DSProject/venv/lib/python3.10/site-packages/airflow/example_dags/example_xcomargs.py
[2023-12-02T13:26:00.425+0700] {processor.py:829} INFO - Processing file /home/phuc/Practice/DataScience/DSProject/venv/lib/python3.10/site-packages/airflow/example_dags/example_xcomargs.py for tasks to queue
[2023-12-02T13:26:00.426+0700] {logging_mixin.py:154} INFO - [2023-12-02T13:26:00.426+0700] {dagbag.py:536} INFO - Filling up the DagBag from /home/phuc/Practice/DataScience/DSProject/venv/lib/python3.10/site-packages/airflow/example_dags/example_xcomargs.py
[2023-12-02T13:26:00.433+0700] {processor.py:839} INFO - DAG(s) dict_keys(['example_xcom_args_with_operators', 'example_xcom_args']) retrieved from /home/phuc/Practice/DataScience/DSProject/venv/lib/python3.10/site-packages/airflow/example_dags/example_xcomargs.py
[2023-12-02T13:26:00.451+0700] {logging_mixin.py:154} INFO - [2023-12-02T13:26:00.450+0700] {dag.py:2941} INFO - Sync 2 DAGs
[2023-12-02T13:26:00.461+0700] {logging_mixin.py:154} INFO - [2023-12-02T13:26:00.461+0700] {dag.py:3722} INFO - Setting next_dagrun for example_xcom_args to None, run_after=None
[2023-12-02T13:26:00.464+0700] {logging_mixin.py:154} INFO - [2023-12-02T13:26:00.464+0700] {dag.py:3722} INFO - Setting next_dagrun for example_xcom_args_with_operators to None, run_after=None
[2023-12-02T13:26:00.480+0700] {processor.py:179} INFO - Processing /home/phuc/Practice/DataScience/DSProject/venv/lib/python3.10/site-packages/airflow/example_dags/example_xcomargs.py took 0.064 seconds
