[2023-12-02T13:18:39.765+0700] {processor.py:157} INFO - Started process (PID=80962) to work on /home/phuc/Practice/DataScience/DSProject/venv/lib/python3.10/site-packages/airflow/example_dags/example_params_ui_tutorial.py
[2023-12-02T13:18:39.766+0700] {processor.py:829} INFO - Processing file /home/phuc/Practice/DataScience/DSProject/venv/lib/python3.10/site-packages/airflow/example_dags/example_params_ui_tutorial.py for tasks to queue
[2023-12-02T13:18:39.766+0700] {logging_mixin.py:154} INFO - [2023-12-02T13:18:39.766+0700] {dagbag.py:536} INFO - Filling up the DagBag from /home/phuc/Practice/DataScience/DSProject/venv/lib/python3.10/site-packages/airflow/example_dags/example_params_ui_tutorial.py
[2023-12-02T13:18:39.781+0700] {processor.py:839} INFO - DAG(s) dict_keys(['example_params_ui_tutorial']) retrieved from /home/phuc/Practice/DataScience/DSProject/venv/lib/python3.10/site-packages/airflow/example_dags/example_params_ui_tutorial.py
[2023-12-02T13:18:39.849+0700] {logging_mixin.py:154} INFO - [2023-12-02T13:18:39.849+0700] {manager.py:499} INFO - Created Permission View: %s
[2023-12-02T13:18:39.854+0700] {logging_mixin.py:154} INFO - [2023-12-02T13:18:39.854+0700] {manager.py:499} INFO - Created Permission View: %s
[2023-12-02T13:18:39.858+0700] {logging_mixin.py:154} INFO - [2023-12-02T13:18:39.858+0700] {manager.py:499} INFO - Created Permission View: %s
[2023-12-02T13:18:39.858+0700] {logging_mixin.py:154} INFO - [2023-12-02T13:18:39.858+0700] {dag.py:2941} INFO - Sync 1 DAGs
[2023-12-02T13:18:39.863+0700] {logging_mixin.py:154} INFO - [2023-12-02T13:18:39.863+0700] {dag.py:2963} INFO - Creating ORM DAG for example_params_ui_tutorial
[2023-12-02T13:18:39.863+0700] {logging_mixin.py:154} INFO - [2023-12-02T13:18:39.863+0700] {dag.py:3722} INFO - Setting next_dagrun for example_params_ui_tutorial to None, run_after=None
[2023-12-02T13:18:39.873+0700] {processor.py:179} INFO - Processing /home/phuc/Practice/DataScience/DSProject/venv/lib/python3.10/site-packages/airflow/example_dags/example_params_ui_tutorial.py took 0.110 seconds
[2023-12-02T13:19:26.152+0700] {processor.py:157} INFO - Started process (PID=81168) to work on /home/phuc/Practice/DataScience/DSProject/venv/lib/python3.10/site-packages/airflow/example_dags/example_params_ui_tutorial.py
[2023-12-02T13:19:26.166+0700] {processor.py:829} INFO - Processing file /home/phuc/Practice/DataScience/DSProject/venv/lib/python3.10/site-packages/airflow/example_dags/example_params_ui_tutorial.py for tasks to queue
[2023-12-02T13:19:26.176+0700] {logging_mixin.py:154} INFO - [2023-12-02T13:19:26.172+0700] {dagbag.py:536} INFO - Filling up the DagBag from /home/phuc/Practice/DataScience/DSProject/venv/lib/python3.10/site-packages/airflow/example_dags/example_params_ui_tutorial.py
[2023-12-02T13:19:26.538+0700] {processor.py:839} INFO - DAG(s) dict_keys(['example_params_ui_tutorial']) retrieved from /home/phuc/Practice/DataScience/DSProject/venv/lib/python3.10/site-packages/airflow/example_dags/example_params_ui_tutorial.py
[2023-12-02T13:19:26.685+0700] {logging_mixin.py:154} INFO - [2023-12-02T13:19:26.684+0700] {dag.py:2941} INFO - Sync 1 DAGs
[2023-12-02T13:19:26.706+0700] {logging_mixin.py:154} INFO - [2023-12-02T13:19:26.706+0700] {dag.py:3722} INFO - Setting next_dagrun for example_params_ui_tutorial to None, run_after=None
[2023-12-02T13:19:26.749+0700] {processor.py:179} INFO - Processing /home/phuc/Practice/DataScience/DSProject/venv/lib/python3.10/site-packages/airflow/example_dags/example_params_ui_tutorial.py took 0.624 seconds
[2023-12-02T13:20:17.774+0700] {processor.py:157} INFO - Started process (PID=81497) to work on /home/phuc/Practice/DataScience/DSProject/venv/lib/python3.10/site-packages/airflow/example_dags/example_params_ui_tutorial.py
[2023-12-02T13:20:17.781+0700] {processor.py:829} INFO - Processing file /home/phuc/Practice/DataScience/DSProject/venv/lib/python3.10/site-packages/airflow/example_dags/example_params_ui_tutorial.py for tasks to queue
[2023-12-02T13:20:17.782+0700] {logging_mixin.py:154} INFO - [2023-12-02T13:20:17.782+0700] {dagbag.py:536} INFO - Filling up the DagBag from /home/phuc/Practice/DataScience/DSProject/venv/lib/python3.10/site-packages/airflow/example_dags/example_params_ui_tutorial.py
[2023-12-02T13:20:17.805+0700] {processor.py:839} INFO - DAG(s) dict_keys(['example_params_ui_tutorial']) retrieved from /home/phuc/Practice/DataScience/DSProject/venv/lib/python3.10/site-packages/airflow/example_dags/example_params_ui_tutorial.py
[2023-12-02T13:20:17.828+0700] {logging_mixin.py:154} INFO - [2023-12-02T13:20:17.827+0700] {dag.py:2941} INFO - Sync 1 DAGs
[2023-12-02T13:20:17.833+0700] {logging_mixin.py:154} INFO - [2023-12-02T13:20:17.833+0700] {dag.py:3722} INFO - Setting next_dagrun for example_params_ui_tutorial to None, run_after=None
[2023-12-02T13:20:17.843+0700] {processor.py:179} INFO - Processing /home/phuc/Practice/DataScience/DSProject/venv/lib/python3.10/site-packages/airflow/example_dags/example_params_ui_tutorial.py took 0.071 seconds
[2023-12-02T13:21:10.095+0700] {processor.py:157} INFO - Started process (PID=81801) to work on /home/phuc/Practice/DataScience/DSProject/venv/lib/python3.10/site-packages/airflow/example_dags/example_params_ui_tutorial.py
[2023-12-02T13:21:10.096+0700] {processor.py:829} INFO - Processing file /home/phuc/Practice/DataScience/DSProject/venv/lib/python3.10/site-packages/airflow/example_dags/example_params_ui_tutorial.py for tasks to queue
[2023-12-02T13:21:10.096+0700] {logging_mixin.py:154} INFO - [2023-12-02T13:21:10.096+0700] {dagbag.py:536} INFO - Filling up the DagBag from /home/phuc/Practice/DataScience/DSProject/venv/lib/python3.10/site-packages/airflow/example_dags/example_params_ui_tutorial.py
[2023-12-02T13:21:10.121+0700] {processor.py:839} INFO - DAG(s) dict_keys(['example_params_ui_tutorial']) retrieved from /home/phuc/Practice/DataScience/DSProject/venv/lib/python3.10/site-packages/airflow/example_dags/example_params_ui_tutorial.py
[2023-12-02T13:21:10.152+0700] {logging_mixin.py:154} INFO - [2023-12-02T13:21:10.152+0700] {dag.py:2941} INFO - Sync 1 DAGs
[2023-12-02T13:21:10.159+0700] {logging_mixin.py:154} INFO - [2023-12-02T13:21:10.159+0700] {dag.py:3722} INFO - Setting next_dagrun for example_params_ui_tutorial to None, run_after=None
[2023-12-02T13:21:10.173+0700] {processor.py:179} INFO - Processing /home/phuc/Practice/DataScience/DSProject/venv/lib/python3.10/site-packages/airflow/example_dags/example_params_ui_tutorial.py took 0.082 seconds
[2023-12-02T13:21:56.620+0700] {processor.py:157} INFO - Started process (PID=82163) to work on /home/phuc/Practice/DataScience/DSProject/venv/lib/python3.10/site-packages/airflow/example_dags/example_params_ui_tutorial.py
[2023-12-02T13:21:56.627+0700] {processor.py:829} INFO - Processing file /home/phuc/Practice/DataScience/DSProject/venv/lib/python3.10/site-packages/airflow/example_dags/example_params_ui_tutorial.py for tasks to queue
[2023-12-02T13:21:56.628+0700] {logging_mixin.py:154} INFO - [2023-12-02T13:21:56.627+0700] {dagbag.py:536} INFO - Filling up the DagBag from /home/phuc/Practice/DataScience/DSProject/venv/lib/python3.10/site-packages/airflow/example_dags/example_params_ui_tutorial.py
[2023-12-02T13:21:56.652+0700] {processor.py:839} INFO - DAG(s) dict_keys(['example_params_ui_tutorial']) retrieved from /home/phuc/Practice/DataScience/DSProject/venv/lib/python3.10/site-packages/airflow/example_dags/example_params_ui_tutorial.py
[2023-12-02T13:21:56.690+0700] {logging_mixin.py:154} INFO - [2023-12-02T13:21:56.690+0700] {dag.py:2941} INFO - Sync 1 DAGs
[2023-12-02T13:21:56.700+0700] {logging_mixin.py:154} INFO - [2023-12-02T13:21:56.700+0700] {dag.py:3722} INFO - Setting next_dagrun for example_params_ui_tutorial to None, run_after=None
[2023-12-02T13:21:56.719+0700] {processor.py:179} INFO - Processing /home/phuc/Practice/DataScience/DSProject/venv/lib/python3.10/site-packages/airflow/example_dags/example_params_ui_tutorial.py took 0.102 seconds
[2023-12-02T13:22:43.285+0700] {processor.py:157} INFO - Started process (PID=82518) to work on /home/phuc/Practice/DataScience/DSProject/venv/lib/python3.10/site-packages/airflow/example_dags/example_params_ui_tutorial.py
[2023-12-02T13:22:43.292+0700] {processor.py:829} INFO - Processing file /home/phuc/Practice/DataScience/DSProject/venv/lib/python3.10/site-packages/airflow/example_dags/example_params_ui_tutorial.py for tasks to queue
[2023-12-02T13:22:43.293+0700] {logging_mixin.py:154} INFO - [2023-12-02T13:22:43.292+0700] {dagbag.py:536} INFO - Filling up the DagBag from /home/phuc/Practice/DataScience/DSProject/venv/lib/python3.10/site-packages/airflow/example_dags/example_params_ui_tutorial.py
[2023-12-02T13:22:43.317+0700] {processor.py:839} INFO - DAG(s) dict_keys(['example_params_ui_tutorial']) retrieved from /home/phuc/Practice/DataScience/DSProject/venv/lib/python3.10/site-packages/airflow/example_dags/example_params_ui_tutorial.py
[2023-12-02T13:22:43.344+0700] {logging_mixin.py:154} INFO - [2023-12-02T13:22:43.344+0700] {dag.py:2941} INFO - Sync 1 DAGs
[2023-12-02T13:22:43.351+0700] {logging_mixin.py:154} INFO - [2023-12-02T13:22:43.351+0700] {dag.py:3722} INFO - Setting next_dagrun for example_params_ui_tutorial to None, run_after=None
[2023-12-02T13:22:43.364+0700] {processor.py:179} INFO - Processing /home/phuc/Practice/DataScience/DSProject/venv/lib/python3.10/site-packages/airflow/example_dags/example_params_ui_tutorial.py took 0.081 seconds
[2023-12-02T13:23:25.832+0700] {processor.py:157} INFO - Started process (PID=82753) to work on /home/phuc/Practice/DataScience/DSProject/venv/lib/python3.10/site-packages/airflow/example_dags/example_params_ui_tutorial.py
[2023-12-02T13:23:25.839+0700] {processor.py:829} INFO - Processing file /home/phuc/Practice/DataScience/DSProject/venv/lib/python3.10/site-packages/airflow/example_dags/example_params_ui_tutorial.py for tasks to queue
[2023-12-02T13:23:25.841+0700] {logging_mixin.py:154} INFO - [2023-12-02T13:23:25.840+0700] {dagbag.py:536} INFO - Filling up the DagBag from /home/phuc/Practice/DataScience/DSProject/venv/lib/python3.10/site-packages/airflow/example_dags/example_params_ui_tutorial.py
[2023-12-02T13:23:25.867+0700] {processor.py:839} INFO - DAG(s) dict_keys(['example_params_ui_tutorial']) retrieved from /home/phuc/Practice/DataScience/DSProject/venv/lib/python3.10/site-packages/airflow/example_dags/example_params_ui_tutorial.py
[2023-12-02T13:23:25.893+0700] {logging_mixin.py:154} INFO - [2023-12-02T13:23:25.893+0700] {dag.py:2941} INFO - Sync 1 DAGs
[2023-12-02T13:23:25.901+0700] {logging_mixin.py:154} INFO - [2023-12-02T13:23:25.901+0700] {dag.py:3722} INFO - Setting next_dagrun for example_params_ui_tutorial to None, run_after=None
[2023-12-02T13:23:25.915+0700] {processor.py:179} INFO - Processing /home/phuc/Practice/DataScience/DSProject/venv/lib/python3.10/site-packages/airflow/example_dags/example_params_ui_tutorial.py took 0.086 seconds
[2023-12-02T13:24:10.415+0700] {processor.py:157} INFO - Started process (PID=82963) to work on /home/phuc/Practice/DataScience/DSProject/venv/lib/python3.10/site-packages/airflow/example_dags/example_params_ui_tutorial.py
[2023-12-02T13:24:10.416+0700] {processor.py:829} INFO - Processing file /home/phuc/Practice/DataScience/DSProject/venv/lib/python3.10/site-packages/airflow/example_dags/example_params_ui_tutorial.py for tasks to queue
[2023-12-02T13:24:10.417+0700] {logging_mixin.py:154} INFO - [2023-12-02T13:24:10.416+0700] {dagbag.py:536} INFO - Filling up the DagBag from /home/phuc/Practice/DataScience/DSProject/venv/lib/python3.10/site-packages/airflow/example_dags/example_params_ui_tutorial.py
[2023-12-02T13:24:10.438+0700] {processor.py:839} INFO - DAG(s) dict_keys(['example_params_ui_tutorial']) retrieved from /home/phuc/Practice/DataScience/DSProject/venv/lib/python3.10/site-packages/airflow/example_dags/example_params_ui_tutorial.py
[2023-12-02T13:24:10.464+0700] {logging_mixin.py:154} INFO - [2023-12-02T13:24:10.464+0700] {dag.py:2941} INFO - Sync 1 DAGs
[2023-12-02T13:24:10.470+0700] {logging_mixin.py:154} INFO - [2023-12-02T13:24:10.470+0700] {dag.py:3722} INFO - Setting next_dagrun for example_params_ui_tutorial to None, run_after=None
[2023-12-02T13:24:10.482+0700] {processor.py:179} INFO - Processing /home/phuc/Practice/DataScience/DSProject/venv/lib/python3.10/site-packages/airflow/example_dags/example_params_ui_tutorial.py took 0.069 seconds
[2023-12-02T13:24:54.167+0700] {processor.py:157} INFO - Started process (PID=83269) to work on /home/phuc/Practice/DataScience/DSProject/venv/lib/python3.10/site-packages/airflow/example_dags/example_params_ui_tutorial.py
[2023-12-02T13:24:54.174+0700] {processor.py:829} INFO - Processing file /home/phuc/Practice/DataScience/DSProject/venv/lib/python3.10/site-packages/airflow/example_dags/example_params_ui_tutorial.py for tasks to queue
[2023-12-02T13:24:54.176+0700] {logging_mixin.py:154} INFO - [2023-12-02T13:24:54.175+0700] {dagbag.py:536} INFO - Filling up the DagBag from /home/phuc/Practice/DataScience/DSProject/venv/lib/python3.10/site-packages/airflow/example_dags/example_params_ui_tutorial.py
[2023-12-02T13:24:54.201+0700] {processor.py:839} INFO - DAG(s) dict_keys(['example_params_ui_tutorial']) retrieved from /home/phuc/Practice/DataScience/DSProject/venv/lib/python3.10/site-packages/airflow/example_dags/example_params_ui_tutorial.py
[2023-12-02T13:24:54.228+0700] {logging_mixin.py:154} INFO - [2023-12-02T13:24:54.228+0700] {dag.py:2941} INFO - Sync 1 DAGs
[2023-12-02T13:24:54.235+0700] {logging_mixin.py:154} INFO - [2023-12-02T13:24:54.235+0700] {dag.py:3722} INFO - Setting next_dagrun for example_params_ui_tutorial to None, run_after=None
[2023-12-02T13:24:54.248+0700] {processor.py:179} INFO - Processing /home/phuc/Practice/DataScience/DSProject/venv/lib/python3.10/site-packages/airflow/example_dags/example_params_ui_tutorial.py took 0.083 seconds
[2023-12-02T13:25:41.646+0700] {processor.py:157} INFO - Started process (PID=83480) to work on /home/phuc/Practice/DataScience/DSProject/venv/lib/python3.10/site-packages/airflow/example_dags/example_params_ui_tutorial.py
[2023-12-02T13:25:41.653+0700] {processor.py:829} INFO - Processing file /home/phuc/Practice/DataScience/DSProject/venv/lib/python3.10/site-packages/airflow/example_dags/example_params_ui_tutorial.py for tasks to queue
[2023-12-02T13:25:41.654+0700] {logging_mixin.py:154} INFO - [2023-12-02T13:25:41.654+0700] {dagbag.py:536} INFO - Filling up the DagBag from /home/phuc/Practice/DataScience/DSProject/venv/lib/python3.10/site-packages/airflow/example_dags/example_params_ui_tutorial.py
[2023-12-02T13:25:41.680+0700] {processor.py:839} INFO - DAG(s) dict_keys(['example_params_ui_tutorial']) retrieved from /home/phuc/Practice/DataScience/DSProject/venv/lib/python3.10/site-packages/airflow/example_dags/example_params_ui_tutorial.py
[2023-12-02T13:25:41.719+0700] {logging_mixin.py:154} INFO - [2023-12-02T13:25:41.718+0700] {dag.py:2941} INFO - Sync 1 DAGs
[2023-12-02T13:25:41.729+0700] {logging_mixin.py:154} INFO - [2023-12-02T13:25:41.729+0700] {dag.py:3722} INFO - Setting next_dagrun for example_params_ui_tutorial to None, run_after=None
[2023-12-02T13:25:41.748+0700] {processor.py:179} INFO - Processing /home/phuc/Practice/DataScience/DSProject/venv/lib/python3.10/site-packages/airflow/example_dags/example_params_ui_tutorial.py took 0.104 seconds
[2023-12-02T13:26:31.864+0700] {processor.py:157} INFO - Started process (PID=83704) to work on /home/phuc/Practice/DataScience/DSProject/venv/lib/python3.10/site-packages/airflow/example_dags/example_params_ui_tutorial.py
[2023-12-02T13:26:31.871+0700] {processor.py:829} INFO - Processing file /home/phuc/Practice/DataScience/DSProject/venv/lib/python3.10/site-packages/airflow/example_dags/example_params_ui_tutorial.py for tasks to queue
[2023-12-02T13:26:31.872+0700] {logging_mixin.py:154} INFO - [2023-12-02T13:26:31.872+0700] {dagbag.py:536} INFO - Filling up the DagBag from /home/phuc/Practice/DataScience/DSProject/venv/lib/python3.10/site-packages/airflow/example_dags/example_params_ui_tutorial.py
[2023-12-02T13:26:31.900+0700] {processor.py:839} INFO - DAG(s) dict_keys(['example_params_ui_tutorial']) retrieved from /home/phuc/Practice/DataScience/DSProject/venv/lib/python3.10/site-packages/airflow/example_dags/example_params_ui_tutorial.py
[2023-12-02T13:26:31.940+0700] {logging_mixin.py:154} INFO - [2023-12-02T13:26:31.940+0700] {dag.py:2941} INFO - Sync 1 DAGs
[2023-12-02T13:26:31.950+0700] {logging_mixin.py:154} INFO - [2023-12-02T13:26:31.950+0700] {dag.py:3722} INFO - Setting next_dagrun for example_params_ui_tutorial to None, run_after=None
[2023-12-02T13:26:31.965+0700] {processor.py:179} INFO - Processing /home/phuc/Practice/DataScience/DSProject/venv/lib/python3.10/site-packages/airflow/example_dags/example_params_ui_tutorial.py took 0.103 seconds
