[2023-12-02T13:18:48.876+0700] {processor.py:157} INFO - Started process (PID=81006) to work on /home/phuc/Practice/DataScience/DSProject/venv/lib/python3.10/site-packages/airflow/example_dags/example_nested_branch_dag.py
[2023-12-02T13:18:48.877+0700] {processor.py:829} INFO - Processing file /home/phuc/Practice/DataScience/DSProject/venv/lib/python3.10/site-packages/airflow/example_dags/example_nested_branch_dag.py for tasks to queue
[2023-12-02T13:18:48.878+0700] {logging_mixin.py:154} INFO - [2023-12-02T13:18:48.878+0700] {dagbag.py:536} INFO - Filling up the DagBag from /home/phuc/Practice/DataScience/DSProject/venv/lib/python3.10/site-packages/airflow/example_dags/example_nested_branch_dag.py
[2023-12-02T13:18:48.884+0700] {processor.py:839} INFO - DAG(s) dict_keys(['example_nested_branch_dag']) retrieved from /home/phuc/Practice/DataScience/DSProject/venv/lib/python3.10/site-packages/airflow/example_dags/example_nested_branch_dag.py
[2023-12-02T13:18:48.941+0700] {logging_mixin.py:154} INFO - [2023-12-02T13:18:48.940+0700] {manager.py:499} INFO - Created Permission View: %s
[2023-12-02T13:18:48.946+0700] {logging_mixin.py:154} INFO - [2023-12-02T13:18:48.946+0700] {manager.py:499} INFO - Created Permission View: %s
[2023-12-02T13:18:48.950+0700] {logging_mixin.py:154} INFO - [2023-12-02T13:18:48.950+0700] {manager.py:499} INFO - Created Permission View: %s
[2023-12-02T13:18:48.950+0700] {logging_mixin.py:154} INFO - [2023-12-02T13:18:48.950+0700] {dag.py:2941} INFO - Sync 1 DAGs
[2023-12-02T13:18:48.955+0700] {logging_mixin.py:154} INFO - [2023-12-02T13:18:48.955+0700] {dag.py:2963} INFO - Creating ORM DAG for example_nested_branch_dag
[2023-12-02T13:18:48.960+0700] {logging_mixin.py:154} INFO - [2023-12-02T13:18:48.960+0700] {dag.py:3722} INFO - Setting next_dagrun for example_nested_branch_dag to 2023-12-01T00:00:00+00:00, run_after=2023-12-02T00:00:00+00:00
[2023-12-02T13:18:48.969+0700] {processor.py:179} INFO - Processing /home/phuc/Practice/DataScience/DSProject/venv/lib/python3.10/site-packages/airflow/example_dags/example_nested_branch_dag.py took 0.095 seconds
[2023-12-02T13:19:41.813+0700] {processor.py:157} INFO - Started process (PID=81319) to work on /home/phuc/Practice/DataScience/DSProject/venv/lib/python3.10/site-packages/airflow/example_dags/example_nested_branch_dag.py
[2023-12-02T13:19:41.820+0700] {processor.py:829} INFO - Processing file /home/phuc/Practice/DataScience/DSProject/venv/lib/python3.10/site-packages/airflow/example_dags/example_nested_branch_dag.py for tasks to queue
[2023-12-02T13:19:41.821+0700] {logging_mixin.py:154} INFO - [2023-12-02T13:19:41.820+0700] {dagbag.py:536} INFO - Filling up the DagBag from /home/phuc/Practice/DataScience/DSProject/venv/lib/python3.10/site-packages/airflow/example_dags/example_nested_branch_dag.py
[2023-12-02T13:19:41.829+0700] {processor.py:839} INFO - DAG(s) dict_keys(['example_nested_branch_dag']) retrieved from /home/phuc/Practice/DataScience/DSProject/venv/lib/python3.10/site-packages/airflow/example_dags/example_nested_branch_dag.py
[2023-12-02T13:19:41.844+0700] {logging_mixin.py:154} INFO - [2023-12-02T13:19:41.844+0700] {dag.py:2941} INFO - Sync 1 DAGs
[2023-12-02T13:19:41.864+0700] {logging_mixin.py:154} INFO - [2023-12-02T13:19:41.864+0700] {dag.py:3722} INFO - Setting next_dagrun for example_nested_branch_dag to 2023-12-01T00:00:00+00:00, run_after=2023-12-02T00:00:00+00:00
[2023-12-02T13:19:41.884+0700] {processor.py:179} INFO - Processing /home/phuc/Practice/DataScience/DSProject/venv/lib/python3.10/site-packages/airflow/example_dags/example_nested_branch_dag.py took 0.074 seconds
[2023-12-02T13:20:33.517+0700] {processor.py:157} INFO - Started process (PID=81642) to work on /home/phuc/Practice/DataScience/DSProject/venv/lib/python3.10/site-packages/airflow/example_dags/example_nested_branch_dag.py
[2023-12-02T13:20:33.524+0700] {processor.py:829} INFO - Processing file /home/phuc/Practice/DataScience/DSProject/venv/lib/python3.10/site-packages/airflow/example_dags/example_nested_branch_dag.py for tasks to queue
[2023-12-02T13:20:33.526+0700] {logging_mixin.py:154} INFO - [2023-12-02T13:20:33.525+0700] {dagbag.py:536} INFO - Filling up the DagBag from /home/phuc/Practice/DataScience/DSProject/venv/lib/python3.10/site-packages/airflow/example_dags/example_nested_branch_dag.py
[2023-12-02T13:20:33.539+0700] {processor.py:839} INFO - DAG(s) dict_keys(['example_nested_branch_dag']) retrieved from /home/phuc/Practice/DataScience/DSProject/venv/lib/python3.10/site-packages/airflow/example_dags/example_nested_branch_dag.py
[2023-12-02T13:20:33.548+0700] {logging_mixin.py:154} INFO - [2023-12-02T13:20:33.548+0700] {dag.py:2941} INFO - Sync 1 DAGs
[2023-12-02T13:20:33.559+0700] {logging_mixin.py:154} INFO - [2023-12-02T13:20:33.559+0700] {dag.py:3722} INFO - Setting next_dagrun for example_nested_branch_dag to 2023-12-01T00:00:00+00:00, run_after=2023-12-02T00:00:00+00:00
[2023-12-02T13:20:33.569+0700] {processor.py:179} INFO - Processing /home/phuc/Practice/DataScience/DSProject/venv/lib/python3.10/site-packages/airflow/example_dags/example_nested_branch_dag.py took 0.054 seconds
[2023-12-02T13:21:25.190+0700] {processor.py:157} INFO - Started process (PID=81894) to work on /home/phuc/Practice/DataScience/DSProject/venv/lib/python3.10/site-packages/airflow/example_dags/example_nested_branch_dag.py
[2023-12-02T13:21:25.191+0700] {processor.py:829} INFO - Processing file /home/phuc/Practice/DataScience/DSProject/venv/lib/python3.10/site-packages/airflow/example_dags/example_nested_branch_dag.py for tasks to queue
[2023-12-02T13:21:25.191+0700] {logging_mixin.py:154} INFO - [2023-12-02T13:21:25.191+0700] {dagbag.py:536} INFO - Filling up the DagBag from /home/phuc/Practice/DataScience/DSProject/venv/lib/python3.10/site-packages/airflow/example_dags/example_nested_branch_dag.py
[2023-12-02T13:21:25.199+0700] {processor.py:839} INFO - DAG(s) dict_keys(['example_nested_branch_dag']) retrieved from /home/phuc/Practice/DataScience/DSProject/venv/lib/python3.10/site-packages/airflow/example_dags/example_nested_branch_dag.py
[2023-12-02T13:21:25.210+0700] {logging_mixin.py:154} INFO - [2023-12-02T13:21:25.210+0700] {dag.py:2941} INFO - Sync 1 DAGs
[2023-12-02T13:21:25.222+0700] {logging_mixin.py:154} INFO - [2023-12-02T13:21:25.221+0700] {dag.py:3722} INFO - Setting next_dagrun for example_nested_branch_dag to 2023-12-01T00:00:00+00:00, run_after=2023-12-02T00:00:00+00:00
[2023-12-02T13:21:25.233+0700] {processor.py:179} INFO - Processing /home/phuc/Practice/DataScience/DSProject/venv/lib/python3.10/site-packages/airflow/example_dags/example_nested_branch_dag.py took 0.046 seconds
[2023-12-02T13:22:12.205+0700] {processor.py:157} INFO - Started process (PID=82306) to work on /home/phuc/Practice/DataScience/DSProject/venv/lib/python3.10/site-packages/airflow/example_dags/example_nested_branch_dag.py
[2023-12-02T13:22:12.212+0700] {processor.py:829} INFO - Processing file /home/phuc/Practice/DataScience/DSProject/venv/lib/python3.10/site-packages/airflow/example_dags/example_nested_branch_dag.py for tasks to queue
[2023-12-02T13:22:12.212+0700] {logging_mixin.py:154} INFO - [2023-12-02T13:22:12.212+0700] {dagbag.py:536} INFO - Filling up the DagBag from /home/phuc/Practice/DataScience/DSProject/venv/lib/python3.10/site-packages/airflow/example_dags/example_nested_branch_dag.py
[2023-12-02T13:22:12.220+0700] {processor.py:839} INFO - DAG(s) dict_keys(['example_nested_branch_dag']) retrieved from /home/phuc/Practice/DataScience/DSProject/venv/lib/python3.10/site-packages/airflow/example_dags/example_nested_branch_dag.py
[2023-12-02T13:22:12.232+0700] {logging_mixin.py:154} INFO - [2023-12-02T13:22:12.232+0700] {dag.py:2941} INFO - Sync 1 DAGs
[2023-12-02T13:22:12.248+0700] {logging_mixin.py:154} INFO - [2023-12-02T13:22:12.248+0700] {dag.py:3722} INFO - Setting next_dagrun for example_nested_branch_dag to 2023-12-01T00:00:00+00:00, run_after=2023-12-02T00:00:00+00:00
[2023-12-02T13:22:12.261+0700] {processor.py:179} INFO - Processing /home/phuc/Practice/DataScience/DSProject/venv/lib/python3.10/site-packages/airflow/example_dags/example_nested_branch_dag.py took 0.058 seconds
[2023-12-02T13:22:58.464+0700] {processor.py:157} INFO - Started process (PID=82632) to work on /home/phuc/Practice/DataScience/DSProject/venv/lib/python3.10/site-packages/airflow/example_dags/example_nested_branch_dag.py
[2023-12-02T13:22:58.464+0700] {processor.py:829} INFO - Processing file /home/phuc/Practice/DataScience/DSProject/venv/lib/python3.10/site-packages/airflow/example_dags/example_nested_branch_dag.py for tasks to queue
[2023-12-02T13:22:58.465+0700] {logging_mixin.py:154} INFO - [2023-12-02T13:22:58.465+0700] {dagbag.py:536} INFO - Filling up the DagBag from /home/phuc/Practice/DataScience/DSProject/venv/lib/python3.10/site-packages/airflow/example_dags/example_nested_branch_dag.py
[2023-12-02T13:22:58.471+0700] {processor.py:839} INFO - DAG(s) dict_keys(['example_nested_branch_dag']) retrieved from /home/phuc/Practice/DataScience/DSProject/venv/lib/python3.10/site-packages/airflow/example_dags/example_nested_branch_dag.py
[2023-12-02T13:22:58.481+0700] {logging_mixin.py:154} INFO - [2023-12-02T13:22:58.481+0700] {dag.py:2941} INFO - Sync 1 DAGs
[2023-12-02T13:22:58.493+0700] {logging_mixin.py:154} INFO - [2023-12-02T13:22:58.493+0700] {dag.py:3722} INFO - Setting next_dagrun for example_nested_branch_dag to 2023-12-01T00:00:00+00:00, run_after=2023-12-02T00:00:00+00:00
[2023-12-02T13:22:58.506+0700] {processor.py:179} INFO - Processing /home/phuc/Practice/DataScience/DSProject/venv/lib/python3.10/site-packages/airflow/example_dags/example_nested_branch_dag.py took 0.044 seconds
[2023-12-02T13:23:41.270+0700] {processor.py:157} INFO - Started process (PID=82826) to work on /home/phuc/Practice/DataScience/DSProject/venv/lib/python3.10/site-packages/airflow/example_dags/example_nested_branch_dag.py
[2023-12-02T13:23:41.277+0700] {processor.py:829} INFO - Processing file /home/phuc/Practice/DataScience/DSProject/venv/lib/python3.10/site-packages/airflow/example_dags/example_nested_branch_dag.py for tasks to queue
[2023-12-02T13:23:41.278+0700] {logging_mixin.py:154} INFO - [2023-12-02T13:23:41.278+0700] {dagbag.py:536} INFO - Filling up the DagBag from /home/phuc/Practice/DataScience/DSProject/venv/lib/python3.10/site-packages/airflow/example_dags/example_nested_branch_dag.py
[2023-12-02T13:23:41.292+0700] {processor.py:839} INFO - DAG(s) dict_keys(['example_nested_branch_dag']) retrieved from /home/phuc/Practice/DataScience/DSProject/venv/lib/python3.10/site-packages/airflow/example_dags/example_nested_branch_dag.py
[2023-12-02T13:23:41.303+0700] {logging_mixin.py:154} INFO - [2023-12-02T13:23:41.303+0700] {dag.py:2941} INFO - Sync 1 DAGs
[2023-12-02T13:23:41.315+0700] {logging_mixin.py:154} INFO - [2023-12-02T13:23:41.315+0700] {dag.py:3722} INFO - Setting next_dagrun for example_nested_branch_dag to 2023-12-01T00:00:00+00:00, run_after=2023-12-02T00:00:00+00:00
[2023-12-02T13:23:41.328+0700] {processor.py:179} INFO - Processing /home/phuc/Practice/DataScience/DSProject/venv/lib/python3.10/site-packages/airflow/example_dags/example_nested_branch_dag.py took 0.061 seconds
[2023-12-02T13:24:25.300+0700] {processor.py:157} INFO - Started process (PID=83017) to work on /home/phuc/Practice/DataScience/DSProject/venv/lib/python3.10/site-packages/airflow/example_dags/example_nested_branch_dag.py
[2023-12-02T13:24:25.308+0700] {processor.py:829} INFO - Processing file /home/phuc/Practice/DataScience/DSProject/venv/lib/python3.10/site-packages/airflow/example_dags/example_nested_branch_dag.py for tasks to queue
[2023-12-02T13:24:25.309+0700] {logging_mixin.py:154} INFO - [2023-12-02T13:24:25.308+0700] {dagbag.py:536} INFO - Filling up the DagBag from /home/phuc/Practice/DataScience/DSProject/venv/lib/python3.10/site-packages/airflow/example_dags/example_nested_branch_dag.py
[2023-12-02T13:24:25.320+0700] {processor.py:839} INFO - DAG(s) dict_keys(['example_nested_branch_dag']) retrieved from /home/phuc/Practice/DataScience/DSProject/venv/lib/python3.10/site-packages/airflow/example_dags/example_nested_branch_dag.py
[2023-12-02T13:24:25.332+0700] {logging_mixin.py:154} INFO - [2023-12-02T13:24:25.332+0700] {dag.py:2941} INFO - Sync 1 DAGs
[2023-12-02T13:24:25.347+0700] {logging_mixin.py:154} INFO - [2023-12-02T13:24:25.347+0700] {dag.py:3722} INFO - Setting next_dagrun for example_nested_branch_dag to 2023-12-01T00:00:00+00:00, run_after=2023-12-02T00:00:00+00:00
[2023-12-02T13:24:25.360+0700] {processor.py:179} INFO - Processing /home/phuc/Practice/DataScience/DSProject/venv/lib/python3.10/site-packages/airflow/example_dags/example_nested_branch_dag.py took 0.064 seconds
[2023-12-02T13:25:12.472+0700] {processor.py:157} INFO - Started process (PID=83361) to work on /home/phuc/Practice/DataScience/DSProject/venv/lib/python3.10/site-packages/airflow/example_dags/example_nested_branch_dag.py
[2023-12-02T13:25:12.473+0700] {processor.py:829} INFO - Processing file /home/phuc/Practice/DataScience/DSProject/venv/lib/python3.10/site-packages/airflow/example_dags/example_nested_branch_dag.py for tasks to queue
[2023-12-02T13:25:12.474+0700] {logging_mixin.py:154} INFO - [2023-12-02T13:25:12.473+0700] {dagbag.py:536} INFO - Filling up the DagBag from /home/phuc/Practice/DataScience/DSProject/venv/lib/python3.10/site-packages/airflow/example_dags/example_nested_branch_dag.py
[2023-12-02T13:25:12.484+0700] {processor.py:839} INFO - DAG(s) dict_keys(['example_nested_branch_dag']) retrieved from /home/phuc/Practice/DataScience/DSProject/venv/lib/python3.10/site-packages/airflow/example_dags/example_nested_branch_dag.py
[2023-12-02T13:25:12.501+0700] {logging_mixin.py:154} INFO - [2023-12-02T13:25:12.501+0700] {dag.py:2941} INFO - Sync 1 DAGs
[2023-12-02T13:25:12.521+0700] {logging_mixin.py:154} INFO - [2023-12-02T13:25:12.521+0700] {dag.py:3722} INFO - Setting next_dagrun for example_nested_branch_dag to 2023-12-01T00:00:00+00:00, run_after=2023-12-02T00:00:00+00:00
[2023-12-02T13:25:12.539+0700] {processor.py:179} INFO - Processing /home/phuc/Practice/DataScience/DSProject/venv/lib/python3.10/site-packages/airflow/example_dags/example_nested_branch_dag.py took 0.070 seconds
[2023-12-02T13:26:02.706+0700] {processor.py:157} INFO - Started process (PID=83570) to work on /home/phuc/Practice/DataScience/DSProject/venv/lib/python3.10/site-packages/airflow/example_dags/example_nested_branch_dag.py
[2023-12-02T13:26:02.713+0700] {processor.py:829} INFO - Processing file /home/phuc/Practice/DataScience/DSProject/venv/lib/python3.10/site-packages/airflow/example_dags/example_nested_branch_dag.py for tasks to queue
[2023-12-02T13:26:02.714+0700] {logging_mixin.py:154} INFO - [2023-12-02T13:26:02.714+0700] {dagbag.py:536} INFO - Filling up the DagBag from /home/phuc/Practice/DataScience/DSProject/venv/lib/python3.10/site-packages/airflow/example_dags/example_nested_branch_dag.py
[2023-12-02T13:26:02.723+0700] {processor.py:839} INFO - DAG(s) dict_keys(['example_nested_branch_dag']) retrieved from /home/phuc/Practice/DataScience/DSProject/venv/lib/python3.10/site-packages/airflow/example_dags/example_nested_branch_dag.py
[2023-12-02T13:26:02.739+0700] {logging_mixin.py:154} INFO - [2023-12-02T13:26:02.738+0700] {dag.py:2941} INFO - Sync 1 DAGs
[2023-12-02T13:26:02.757+0700] {logging_mixin.py:154} INFO - [2023-12-02T13:26:02.756+0700] {dag.py:3722} INFO - Setting next_dagrun for example_nested_branch_dag to 2023-12-01T00:00:00+00:00, run_after=2023-12-02T00:00:00+00:00
[2023-12-02T13:26:02.775+0700] {processor.py:179} INFO - Processing /home/phuc/Practice/DataScience/DSProject/venv/lib/python3.10/site-packages/airflow/example_dags/example_nested_branch_dag.py took 0.071 seconds
