[2023-12-02T13:18:42.514+0700] {processor.py:157} INFO - Started process (PID=80984) to work on /home/phuc/Practice/DataScience/DSProject/venv/lib/python3.10/site-packages/airflow/example_dags/example_subdag_operator.py
[2023-12-02T13:18:42.515+0700] {processor.py:829} INFO - Processing file /home/phuc/Practice/DataScience/DSProject/venv/lib/python3.10/site-packages/airflow/example_dags/example_subdag_operator.py for tasks to queue
[2023-12-02T13:18:42.515+0700] {logging_mixin.py:154} INFO - [2023-12-02T13:18:42.515+0700] {dagbag.py:536} INFO - Filling up the DagBag from /home/phuc/Practice/DataScience/DSProject/venv/lib/python3.10/site-packages/airflow/example_dags/example_subdag_operator.py
[2023-12-02T13:18:42.525+0700] {processor.py:839} INFO - DAG(s) dict_keys(['example_subdag_operator.section-1', 'example_subdag_operator.section-2', 'example_subdag_operator']) retrieved from /home/phuc/Practice/DataScience/DSProject/venv/lib/python3.10/site-packages/airflow/example_dags/example_subdag_operator.py
[2023-12-02T13:18:42.579+0700] {logging_mixin.py:154} INFO - [2023-12-02T13:18:42.578+0700] {manager.py:499} INFO - Created Permission View: %s
[2023-12-02T13:18:42.584+0700] {logging_mixin.py:154} INFO - [2023-12-02T13:18:42.584+0700] {manager.py:499} INFO - Created Permission View: %s
[2023-12-02T13:18:42.588+0700] {logging_mixin.py:154} INFO - [2023-12-02T13:18:42.587+0700] {manager.py:499} INFO - Created Permission View: %s
[2023-12-02T13:18:42.588+0700] {logging_mixin.py:154} INFO - [2023-12-02T13:18:42.588+0700] {dag.py:2941} INFO - Sync 3 DAGs
[2023-12-02T13:18:42.593+0700] {logging_mixin.py:154} INFO - [2023-12-02T13:18:42.592+0700] {dag.py:2963} INFO - Creating ORM DAG for example_subdag_operator.section-2
[2023-12-02T13:18:42.593+0700] {logging_mixin.py:154} INFO - [2023-12-02T13:18:42.593+0700] {dag.py:2963} INFO - Creating ORM DAG for example_subdag_operator
[2023-12-02T13:18:42.593+0700] {logging_mixin.py:154} INFO - [2023-12-02T13:18:42.593+0700] {dag.py:2963} INFO - Creating ORM DAG for example_subdag_operator.section-1
[2023-12-02T13:18:42.597+0700] {logging_mixin.py:154} INFO - [2023-12-02T13:18:42.597+0700] {dag.py:3722} INFO - Setting next_dagrun for example_subdag_operator to 2022-01-01T00:00:00+00:00, run_after=2022-01-01T00:00:00+00:00
[2023-12-02T13:18:42.597+0700] {logging_mixin.py:154} INFO - [2023-12-02T13:18:42.597+0700] {dag.py:3722} INFO - Setting next_dagrun for example_subdag_operator.section-1 to None, run_after=None
[2023-12-02T13:18:42.597+0700] {logging_mixin.py:154} INFO - [2023-12-02T13:18:42.597+0700] {dag.py:3722} INFO - Setting next_dagrun for example_subdag_operator.section-2 to None, run_after=None
[2023-12-02T13:18:42.600+0700] {logging_mixin.py:154} INFO - [2023-12-02T13:18:42.600+0700] {dag.py:2941} INFO - Sync 2 DAGs
[2023-12-02T13:18:42.602+0700] {logging_mixin.py:154} INFO - [2023-12-02T13:18:42.602+0700] {dag.py:3722} INFO - Setting next_dagrun for example_subdag_operator.section-1 to None, run_after=None
[2023-12-02T13:18:42.603+0700] {logging_mixin.py:154} INFO - [2023-12-02T13:18:42.603+0700] {dag.py:3722} INFO - Setting next_dagrun for example_subdag_operator.section-2 to None, run_after=None
[2023-12-02T13:18:42.610+0700] {processor.py:179} INFO - Processing /home/phuc/Practice/DataScience/DSProject/venv/lib/python3.10/site-packages/airflow/example_dags/example_subdag_operator.py took 0.100 seconds
[2023-12-02T13:19:35.734+0700] {processor.py:157} INFO - Started process (PID=81275) to work on /home/phuc/Practice/DataScience/DSProject/venv/lib/python3.10/site-packages/airflow/example_dags/example_subdag_operator.py
[2023-12-02T13:19:35.736+0700] {processor.py:829} INFO - Processing file /home/phuc/Practice/DataScience/DSProject/venv/lib/python3.10/site-packages/airflow/example_dags/example_subdag_operator.py for tasks to queue
[2023-12-02T13:19:35.737+0700] {logging_mixin.py:154} INFO - [2023-12-02T13:19:35.736+0700] {dagbag.py:536} INFO - Filling up the DagBag from /home/phuc/Practice/DataScience/DSProject/venv/lib/python3.10/site-packages/airflow/example_dags/example_subdag_operator.py
[2023-12-02T13:19:35.777+0700] {processor.py:839} INFO - DAG(s) dict_keys(['example_subdag_operator.section-1', 'example_subdag_operator.section-2', 'example_subdag_operator']) retrieved from /home/phuc/Practice/DataScience/DSProject/venv/lib/python3.10/site-packages/airflow/example_dags/example_subdag_operator.py
[2023-12-02T13:19:35.808+0700] {logging_mixin.py:154} INFO - [2023-12-02T13:19:35.808+0700] {dag.py:2941} INFO - Sync 3 DAGs
[2023-12-02T13:19:35.843+0700] {logging_mixin.py:154} INFO - [2023-12-02T13:19:35.842+0700] {dag.py:3722} INFO - Setting next_dagrun for example_subdag_operator to 2022-01-01T00:00:00+00:00, run_after=2022-01-01T00:00:00+00:00
[2023-12-02T13:19:35.847+0700] {logging_mixin.py:154} INFO - [2023-12-02T13:19:35.847+0700] {dag.py:3722} INFO - Setting next_dagrun for example_subdag_operator.section-1 to None, run_after=None
[2023-12-02T13:19:35.851+0700] {logging_mixin.py:154} INFO - [2023-12-02T13:19:35.851+0700] {dag.py:3722} INFO - Setting next_dagrun for example_subdag_operator.section-2 to None, run_after=None
[2023-12-02T13:19:35.862+0700] {logging_mixin.py:154} INFO - [2023-12-02T13:19:35.862+0700] {dag.py:2941} INFO - Sync 2 DAGs
[2023-12-02T13:19:35.870+0700] {logging_mixin.py:154} INFO - [2023-12-02T13:19:35.869+0700] {dag.py:3722} INFO - Setting next_dagrun for example_subdag_operator.section-1 to None, run_after=None
[2023-12-02T13:19:35.870+0700] {logging_mixin.py:154} INFO - [2023-12-02T13:19:35.870+0700] {dag.py:3722} INFO - Setting next_dagrun for example_subdag_operator.section-2 to None, run_after=None
[2023-12-02T13:19:35.898+0700] {processor.py:179} INFO - Processing /home/phuc/Practice/DataScience/DSProject/venv/lib/python3.10/site-packages/airflow/example_dags/example_subdag_operator.py took 0.169 seconds
[2023-12-02T13:20:21.769+0700] {processor.py:157} INFO - Started process (PID=81557) to work on /home/phuc/Practice/DataScience/DSProject/venv/lib/python3.10/site-packages/airflow/example_dags/example_subdag_operator.py
[2023-12-02T13:20:21.775+0700] {processor.py:829} INFO - Processing file /home/phuc/Practice/DataScience/DSProject/venv/lib/python3.10/site-packages/airflow/example_dags/example_subdag_operator.py for tasks to queue
[2023-12-02T13:20:21.776+0700] {logging_mixin.py:154} INFO - [2023-12-02T13:20:21.775+0700] {dagbag.py:536} INFO - Filling up the DagBag from /home/phuc/Practice/DataScience/DSProject/venv/lib/python3.10/site-packages/airflow/example_dags/example_subdag_operator.py
[2023-12-02T13:20:21.786+0700] {processor.py:839} INFO - DAG(s) dict_keys(['example_subdag_operator.section-1', 'example_subdag_operator.section-2', 'example_subdag_operator']) retrieved from /home/phuc/Practice/DataScience/DSProject/venv/lib/python3.10/site-packages/airflow/example_dags/example_subdag_operator.py
[2023-12-02T13:20:21.794+0700] {logging_mixin.py:154} INFO - [2023-12-02T13:20:21.794+0700] {dag.py:2941} INFO - Sync 3 DAGs
[2023-12-02T13:20:21.803+0700] {logging_mixin.py:154} INFO - [2023-12-02T13:20:21.803+0700] {dag.py:3722} INFO - Setting next_dagrun for example_subdag_operator to 2022-01-01T00:00:00+00:00, run_after=2022-01-01T00:00:00+00:00
[2023-12-02T13:20:21.805+0700] {logging_mixin.py:154} INFO - [2023-12-02T13:20:21.804+0700] {dag.py:3722} INFO - Setting next_dagrun for example_subdag_operator.section-1 to None, run_after=None
[2023-12-02T13:20:21.805+0700] {logging_mixin.py:154} INFO - [2023-12-02T13:20:21.805+0700] {dag.py:3722} INFO - Setting next_dagrun for example_subdag_operator.section-2 to None, run_after=None
[2023-12-02T13:20:21.808+0700] {logging_mixin.py:154} INFO - [2023-12-02T13:20:21.808+0700] {dag.py:2941} INFO - Sync 2 DAGs
[2023-12-02T13:20:21.810+0700] {logging_mixin.py:154} INFO - [2023-12-02T13:20:21.810+0700] {dag.py:3722} INFO - Setting next_dagrun for example_subdag_operator.section-1 to None, run_after=None
[2023-12-02T13:20:21.810+0700] {logging_mixin.py:154} INFO - [2023-12-02T13:20:21.810+0700] {dag.py:3722} INFO - Setting next_dagrun for example_subdag_operator.section-2 to None, run_after=None
[2023-12-02T13:20:21.818+0700] {processor.py:179} INFO - Processing /home/phuc/Practice/DataScience/DSProject/venv/lib/python3.10/site-packages/airflow/example_dags/example_subdag_operator.py took 0.051 seconds
[2023-12-02T13:21:12.731+0700] {processor.py:157} INFO - Started process (PID=81834) to work on /home/phuc/Practice/DataScience/DSProject/venv/lib/python3.10/site-packages/airflow/example_dags/example_subdag_operator.py
[2023-12-02T13:21:12.738+0700] {processor.py:829} INFO - Processing file /home/phuc/Practice/DataScience/DSProject/venv/lib/python3.10/site-packages/airflow/example_dags/example_subdag_operator.py for tasks to queue
[2023-12-02T13:21:12.739+0700] {logging_mixin.py:154} INFO - [2023-12-02T13:21:12.739+0700] {dagbag.py:536} INFO - Filling up the DagBag from /home/phuc/Practice/DataScience/DSProject/venv/lib/python3.10/site-packages/airflow/example_dags/example_subdag_operator.py
[2023-12-02T13:21:12.759+0700] {processor.py:839} INFO - DAG(s) dict_keys(['example_subdag_operator.section-1', 'example_subdag_operator.section-2', 'example_subdag_operator']) retrieved from /home/phuc/Practice/DataScience/DSProject/venv/lib/python3.10/site-packages/airflow/example_dags/example_subdag_operator.py
[2023-12-02T13:21:12.768+0700] {logging_mixin.py:154} INFO - [2023-12-02T13:21:12.768+0700] {dag.py:2941} INFO - Sync 3 DAGs
[2023-12-02T13:21:12.779+0700] {logging_mixin.py:154} INFO - [2023-12-02T13:21:12.779+0700] {dag.py:3722} INFO - Setting next_dagrun for example_subdag_operator to 2022-01-01T00:00:00+00:00, run_after=2022-01-01T00:00:00+00:00
[2023-12-02T13:21:12.781+0700] {logging_mixin.py:154} INFO - [2023-12-02T13:21:12.781+0700] {dag.py:3722} INFO - Setting next_dagrun for example_subdag_operator.section-1 to None, run_after=None
[2023-12-02T13:21:12.781+0700] {logging_mixin.py:154} INFO - [2023-12-02T13:21:12.781+0700] {dag.py:3722} INFO - Setting next_dagrun for example_subdag_operator.section-2 to None, run_after=None
[2023-12-02T13:21:12.785+0700] {logging_mixin.py:154} INFO - [2023-12-02T13:21:12.785+0700] {dag.py:2941} INFO - Sync 2 DAGs
[2023-12-02T13:21:12.787+0700] {logging_mixin.py:154} INFO - [2023-12-02T13:21:12.787+0700] {dag.py:3722} INFO - Setting next_dagrun for example_subdag_operator.section-1 to None, run_after=None
[2023-12-02T13:21:12.787+0700] {logging_mixin.py:154} INFO - [2023-12-02T13:21:12.787+0700] {dag.py:3722} INFO - Setting next_dagrun for example_subdag_operator.section-2 to None, run_after=None
[2023-12-02T13:21:12.796+0700] {processor.py:179} INFO - Processing /home/phuc/Practice/DataScience/DSProject/venv/lib/python3.10/site-packages/airflow/example_dags/example_subdag_operator.py took 0.068 seconds
[2023-12-02T13:22:00.423+0700] {processor.py:157} INFO - Started process (PID=82183) to work on /home/phuc/Practice/DataScience/DSProject/venv/lib/python3.10/site-packages/airflow/example_dags/example_subdag_operator.py
[2023-12-02T13:22:00.430+0700] {processor.py:829} INFO - Processing file /home/phuc/Practice/DataScience/DSProject/venv/lib/python3.10/site-packages/airflow/example_dags/example_subdag_operator.py for tasks to queue
[2023-12-02T13:22:00.431+0700] {logging_mixin.py:154} INFO - [2023-12-02T13:22:00.431+0700] {dagbag.py:536} INFO - Filling up the DagBag from /home/phuc/Practice/DataScience/DSProject/venv/lib/python3.10/site-packages/airflow/example_dags/example_subdag_operator.py
[2023-12-02T13:22:00.446+0700] {processor.py:839} INFO - DAG(s) dict_keys(['example_subdag_operator.section-1', 'example_subdag_operator.section-2', 'example_subdag_operator']) retrieved from /home/phuc/Practice/DataScience/DSProject/venv/lib/python3.10/site-packages/airflow/example_dags/example_subdag_operator.py
[2023-12-02T13:22:00.454+0700] {logging_mixin.py:154} INFO - [2023-12-02T13:22:00.454+0700] {dag.py:2941} INFO - Sync 3 DAGs
[2023-12-02T13:22:00.465+0700] {logging_mixin.py:154} INFO - [2023-12-02T13:22:00.464+0700] {dag.py:3722} INFO - Setting next_dagrun for example_subdag_operator to 2022-01-01T00:00:00+00:00, run_after=2022-01-01T00:00:00+00:00
[2023-12-02T13:22:00.466+0700] {logging_mixin.py:154} INFO - [2023-12-02T13:22:00.466+0700] {dag.py:3722} INFO - Setting next_dagrun for example_subdag_operator.section-1 to None, run_after=None
[2023-12-02T13:22:00.467+0700] {logging_mixin.py:154} INFO - [2023-12-02T13:22:00.467+0700] {dag.py:3722} INFO - Setting next_dagrun for example_subdag_operator.section-2 to None, run_after=None
[2023-12-02T13:22:00.470+0700] {logging_mixin.py:154} INFO - [2023-12-02T13:22:00.470+0700] {dag.py:2941} INFO - Sync 2 DAGs
[2023-12-02T13:22:00.472+0700] {logging_mixin.py:154} INFO - [2023-12-02T13:22:00.472+0700] {dag.py:3722} INFO - Setting next_dagrun for example_subdag_operator.section-1 to None, run_after=None
[2023-12-02T13:22:00.472+0700] {logging_mixin.py:154} INFO - [2023-12-02T13:22:00.472+0700] {dag.py:3722} INFO - Setting next_dagrun for example_subdag_operator.section-2 to None, run_after=None
[2023-12-02T13:22:00.481+0700] {processor.py:179} INFO - Processing /home/phuc/Practice/DataScience/DSProject/venv/lib/python3.10/site-packages/airflow/example_dags/example_subdag_operator.py took 0.061 seconds
[2023-12-02T13:22:46.052+0700] {processor.py:157} INFO - Started process (PID=82522) to work on /home/phuc/Practice/DataScience/DSProject/venv/lib/python3.10/site-packages/airflow/example_dags/example_subdag_operator.py
[2023-12-02T13:22:46.058+0700] {processor.py:829} INFO - Processing file /home/phuc/Practice/DataScience/DSProject/venv/lib/python3.10/site-packages/airflow/example_dags/example_subdag_operator.py for tasks to queue
[2023-12-02T13:22:46.060+0700] {logging_mixin.py:154} INFO - [2023-12-02T13:22:46.059+0700] {dagbag.py:536} INFO - Filling up the DagBag from /home/phuc/Practice/DataScience/DSProject/venv/lib/python3.10/site-packages/airflow/example_dags/example_subdag_operator.py
[2023-12-02T13:22:46.081+0700] {processor.py:839} INFO - DAG(s) dict_keys(['example_subdag_operator.section-1', 'example_subdag_operator.section-2', 'example_subdag_operator']) retrieved from /home/phuc/Practice/DataScience/DSProject/venv/lib/python3.10/site-packages/airflow/example_dags/example_subdag_operator.py
[2023-12-02T13:22:46.090+0700] {logging_mixin.py:154} INFO - [2023-12-02T13:22:46.090+0700] {dag.py:2941} INFO - Sync 3 DAGs
[2023-12-02T13:22:46.101+0700] {logging_mixin.py:154} INFO - [2023-12-02T13:22:46.100+0700] {dag.py:3722} INFO - Setting next_dagrun for example_subdag_operator to 2022-01-01T00:00:00+00:00, run_after=2022-01-01T00:00:00+00:00
[2023-12-02T13:22:46.102+0700] {logging_mixin.py:154} INFO - [2023-12-02T13:22:46.102+0700] {dag.py:3722} INFO - Setting next_dagrun for example_subdag_operator.section-1 to None, run_after=None
[2023-12-02T13:22:46.103+0700] {logging_mixin.py:154} INFO - [2023-12-02T13:22:46.103+0700] {dag.py:3722} INFO - Setting next_dagrun for example_subdag_operator.section-2 to None, run_after=None
[2023-12-02T13:22:46.106+0700] {logging_mixin.py:154} INFO - [2023-12-02T13:22:46.106+0700] {dag.py:2941} INFO - Sync 2 DAGs
[2023-12-02T13:22:46.108+0700] {logging_mixin.py:154} INFO - [2023-12-02T13:22:46.108+0700] {dag.py:3722} INFO - Setting next_dagrun for example_subdag_operator.section-1 to None, run_after=None
[2023-12-02T13:22:46.108+0700] {logging_mixin.py:154} INFO - [2023-12-02T13:22:46.108+0700] {dag.py:3722} INFO - Setting next_dagrun for example_subdag_operator.section-2 to None, run_after=None
[2023-12-02T13:22:46.117+0700] {processor.py:179} INFO - Processing /home/phuc/Practice/DataScience/DSProject/venv/lib/python3.10/site-packages/airflow/example_dags/example_subdag_operator.py took 0.069 seconds
[2023-12-02T13:23:29.836+0700] {processor.py:157} INFO - Started process (PID=82777) to work on /home/phuc/Practice/DataScience/DSProject/venv/lib/python3.10/site-packages/airflow/example_dags/example_subdag_operator.py
[2023-12-02T13:23:29.843+0700] {processor.py:829} INFO - Processing file /home/phuc/Practice/DataScience/DSProject/venv/lib/python3.10/site-packages/airflow/example_dags/example_subdag_operator.py for tasks to queue
[2023-12-02T13:23:29.844+0700] {logging_mixin.py:154} INFO - [2023-12-02T13:23:29.844+0700] {dagbag.py:536} INFO - Filling up the DagBag from /home/phuc/Practice/DataScience/DSProject/venv/lib/python3.10/site-packages/airflow/example_dags/example_subdag_operator.py
[2023-12-02T13:23:29.865+0700] {processor.py:839} INFO - DAG(s) dict_keys(['example_subdag_operator.section-1', 'example_subdag_operator.section-2', 'example_subdag_operator']) retrieved from /home/phuc/Practice/DataScience/DSProject/venv/lib/python3.10/site-packages/airflow/example_dags/example_subdag_operator.py
[2023-12-02T13:23:29.875+0700] {logging_mixin.py:154} INFO - [2023-12-02T13:23:29.875+0700] {dag.py:2941} INFO - Sync 3 DAGs
[2023-12-02T13:23:29.886+0700] {logging_mixin.py:154} INFO - [2023-12-02T13:23:29.885+0700] {dag.py:3722} INFO - Setting next_dagrun for example_subdag_operator to 2022-01-01T00:00:00+00:00, run_after=2022-01-01T00:00:00+00:00
[2023-12-02T13:23:29.888+0700] {logging_mixin.py:154} INFO - [2023-12-02T13:23:29.888+0700] {dag.py:3722} INFO - Setting next_dagrun for example_subdag_operator.section-1 to None, run_after=None
[2023-12-02T13:23:29.889+0700] {logging_mixin.py:154} INFO - [2023-12-02T13:23:29.889+0700] {dag.py:3722} INFO - Setting next_dagrun for example_subdag_operator.section-2 to None, run_after=None
[2023-12-02T13:23:29.892+0700] {logging_mixin.py:154} INFO - [2023-12-02T13:23:29.892+0700] {dag.py:2941} INFO - Sync 2 DAGs
[2023-12-02T13:23:29.895+0700] {logging_mixin.py:154} INFO - [2023-12-02T13:23:29.895+0700] {dag.py:3722} INFO - Setting next_dagrun for example_subdag_operator.section-1 to None, run_after=None
[2023-12-02T13:23:29.895+0700] {logging_mixin.py:154} INFO - [2023-12-02T13:23:29.895+0700] {dag.py:3722} INFO - Setting next_dagrun for example_subdag_operator.section-2 to None, run_after=None
[2023-12-02T13:23:29.906+0700] {processor.py:179} INFO - Processing /home/phuc/Practice/DataScience/DSProject/venv/lib/python3.10/site-packages/airflow/example_dags/example_subdag_operator.py took 0.071 seconds
[2023-12-02T13:24:19.440+0700] {processor.py:157} INFO - Started process (PID=82990) to work on /home/phuc/Practice/DataScience/DSProject/venv/lib/python3.10/site-packages/airflow/example_dags/example_subdag_operator.py
[2023-12-02T13:24:19.446+0700] {processor.py:829} INFO - Processing file /home/phuc/Practice/DataScience/DSProject/venv/lib/python3.10/site-packages/airflow/example_dags/example_subdag_operator.py for tasks to queue
[2023-12-02T13:24:19.448+0700] {logging_mixin.py:154} INFO - [2023-12-02T13:24:19.447+0700] {dagbag.py:536} INFO - Filling up the DagBag from /home/phuc/Practice/DataScience/DSProject/venv/lib/python3.10/site-packages/airflow/example_dags/example_subdag_operator.py
[2023-12-02T13:24:19.468+0700] {processor.py:839} INFO - DAG(s) dict_keys(['example_subdag_operator.section-1', 'example_subdag_operator.section-2', 'example_subdag_operator']) retrieved from /home/phuc/Practice/DataScience/DSProject/venv/lib/python3.10/site-packages/airflow/example_dags/example_subdag_operator.py
[2023-12-02T13:24:19.477+0700] {logging_mixin.py:154} INFO - [2023-12-02T13:24:19.477+0700] {dag.py:2941} INFO - Sync 3 DAGs
[2023-12-02T13:24:19.489+0700] {logging_mixin.py:154} INFO - [2023-12-02T13:24:19.489+0700] {dag.py:3722} INFO - Setting next_dagrun for example_subdag_operator to 2022-01-01T00:00:00+00:00, run_after=2022-01-01T00:00:00+00:00
[2023-12-02T13:24:19.490+0700] {logging_mixin.py:154} INFO - [2023-12-02T13:24:19.490+0700] {dag.py:3722} INFO - Setting next_dagrun for example_subdag_operator.section-1 to None, run_after=None
[2023-12-02T13:24:19.491+0700] {logging_mixin.py:154} INFO - [2023-12-02T13:24:19.491+0700] {dag.py:3722} INFO - Setting next_dagrun for example_subdag_operator.section-2 to None, run_after=None
[2023-12-02T13:24:19.494+0700] {logging_mixin.py:154} INFO - [2023-12-02T13:24:19.494+0700] {dag.py:2941} INFO - Sync 2 DAGs
[2023-12-02T13:24:19.497+0700] {logging_mixin.py:154} INFO - [2023-12-02T13:24:19.497+0700] {dag.py:3722} INFO - Setting next_dagrun for example_subdag_operator.section-1 to None, run_after=None
[2023-12-02T13:24:19.497+0700] {logging_mixin.py:154} INFO - [2023-12-02T13:24:19.497+0700] {dag.py:3722} INFO - Setting next_dagrun for example_subdag_operator.section-2 to None, run_after=None
[2023-12-02T13:24:19.505+0700] {processor.py:179} INFO - Processing /home/phuc/Practice/DataScience/DSProject/venv/lib/python3.10/site-packages/airflow/example_dags/example_subdag_operator.py took 0.068 seconds
[2023-12-02T13:25:07.030+0700] {processor.py:157} INFO - Started process (PID=83336) to work on /home/phuc/Practice/DataScience/DSProject/venv/lib/python3.10/site-packages/airflow/example_dags/example_subdag_operator.py
[2023-12-02T13:25:07.031+0700] {processor.py:829} INFO - Processing file /home/phuc/Practice/DataScience/DSProject/venv/lib/python3.10/site-packages/airflow/example_dags/example_subdag_operator.py for tasks to queue
[2023-12-02T13:25:07.032+0700] {logging_mixin.py:154} INFO - [2023-12-02T13:25:07.032+0700] {dagbag.py:536} INFO - Filling up the DagBag from /home/phuc/Practice/DataScience/DSProject/venv/lib/python3.10/site-packages/airflow/example_dags/example_subdag_operator.py
[2023-12-02T13:25:07.051+0700] {processor.py:839} INFO - DAG(s) dict_keys(['example_subdag_operator.section-1', 'example_subdag_operator.section-2', 'example_subdag_operator']) retrieved from /home/phuc/Practice/DataScience/DSProject/venv/lib/python3.10/site-packages/airflow/example_dags/example_subdag_operator.py
[2023-12-02T13:25:07.063+0700] {logging_mixin.py:154} INFO - [2023-12-02T13:25:07.063+0700] {dag.py:2941} INFO - Sync 3 DAGs
[2023-12-02T13:25:07.082+0700] {logging_mixin.py:154} INFO - [2023-12-02T13:25:07.081+0700] {dag.py:3722} INFO - Setting next_dagrun for example_subdag_operator to 2022-01-01T00:00:00+00:00, run_after=2022-01-01T00:00:00+00:00
[2023-12-02T13:25:07.084+0700] {logging_mixin.py:154} INFO - [2023-12-02T13:25:07.084+0700] {dag.py:3722} INFO - Setting next_dagrun for example_subdag_operator.section-1 to None, run_after=None
[2023-12-02T13:25:07.085+0700] {logging_mixin.py:154} INFO - [2023-12-02T13:25:07.085+0700] {dag.py:3722} INFO - Setting next_dagrun for example_subdag_operator.section-2 to None, run_after=None
[2023-12-02T13:25:07.090+0700] {logging_mixin.py:154} INFO - [2023-12-02T13:25:07.090+0700] {dag.py:2941} INFO - Sync 2 DAGs
[2023-12-02T13:25:07.093+0700] {logging_mixin.py:154} INFO - [2023-12-02T13:25:07.093+0700] {dag.py:3722} INFO - Setting next_dagrun for example_subdag_operator.section-1 to None, run_after=None
[2023-12-02T13:25:07.093+0700] {logging_mixin.py:154} INFO - [2023-12-02T13:25:07.093+0700] {dag.py:3722} INFO - Setting next_dagrun for example_subdag_operator.section-2 to None, run_after=None
[2023-12-02T13:25:07.103+0700] {processor.py:179} INFO - Processing /home/phuc/Practice/DataScience/DSProject/venv/lib/python3.10/site-packages/airflow/example_dags/example_subdag_operator.py took 0.076 seconds
[2023-12-02T13:25:56.562+0700] {processor.py:157} INFO - Started process (PID=83546) to work on /home/phuc/Practice/DataScience/DSProject/venv/lib/python3.10/site-packages/airflow/example_dags/example_subdag_operator.py
[2023-12-02T13:25:56.569+0700] {processor.py:829} INFO - Processing file /home/phuc/Practice/DataScience/DSProject/venv/lib/python3.10/site-packages/airflow/example_dags/example_subdag_operator.py for tasks to queue
[2023-12-02T13:25:56.570+0700] {logging_mixin.py:154} INFO - [2023-12-02T13:25:56.570+0700] {dagbag.py:536} INFO - Filling up the DagBag from /home/phuc/Practice/DataScience/DSProject/venv/lib/python3.10/site-packages/airflow/example_dags/example_subdag_operator.py
[2023-12-02T13:25:56.589+0700] {processor.py:839} INFO - DAG(s) dict_keys(['example_subdag_operator.section-1', 'example_subdag_operator.section-2', 'example_subdag_operator']) retrieved from /home/phuc/Practice/DataScience/DSProject/venv/lib/python3.10/site-packages/airflow/example_dags/example_subdag_operator.py
[2023-12-02T13:25:56.604+0700] {logging_mixin.py:154} INFO - [2023-12-02T13:25:56.603+0700] {dag.py:2941} INFO - Sync 3 DAGs
[2023-12-02T13:25:56.620+0700] {logging_mixin.py:154} INFO - [2023-12-02T13:25:56.620+0700] {dag.py:3722} INFO - Setting next_dagrun for example_subdag_operator to 2022-01-01T00:00:00+00:00, run_after=2022-01-01T00:00:00+00:00
[2023-12-02T13:25:56.623+0700] {logging_mixin.py:154} INFO - [2023-12-02T13:25:56.623+0700] {dag.py:3722} INFO - Setting next_dagrun for example_subdag_operator.section-1 to None, run_after=None
[2023-12-02T13:25:56.625+0700] {logging_mixin.py:154} INFO - [2023-12-02T13:25:56.625+0700] {dag.py:3722} INFO - Setting next_dagrun for example_subdag_operator.section-2 to None, run_after=None
[2023-12-02T13:25:56.630+0700] {logging_mixin.py:154} INFO - [2023-12-02T13:25:56.630+0700] {dag.py:2941} INFO - Sync 2 DAGs
[2023-12-02T13:25:56.635+0700] {logging_mixin.py:154} INFO - [2023-12-02T13:25:56.635+0700] {dag.py:3722} INFO - Setting next_dagrun for example_subdag_operator.section-1 to None, run_after=None
[2023-12-02T13:25:56.635+0700] {logging_mixin.py:154} INFO - [2023-12-02T13:25:56.635+0700] {dag.py:3722} INFO - Setting next_dagrun for example_subdag_operator.section-2 to None, run_after=None
[2023-12-02T13:25:56.647+0700] {processor.py:179} INFO - Processing /home/phuc/Practice/DataScience/DSProject/venv/lib/python3.10/site-packages/airflow/example_dags/example_subdag_operator.py took 0.088 seconds
[2023-12-02T13:26:44.177+0700] {processor.py:157} INFO - Started process (PID=83788) to work on /home/phuc/Practice/DataScience/DSProject/venv/lib/python3.10/site-packages/airflow/example_dags/example_subdag_operator.py
[2023-12-02T13:26:44.178+0700] {processor.py:829} INFO - Processing file /home/phuc/Practice/DataScience/DSProject/venv/lib/python3.10/site-packages/airflow/example_dags/example_subdag_operator.py for tasks to queue
[2023-12-02T13:26:44.179+0700] {logging_mixin.py:154} INFO - [2023-12-02T13:26:44.179+0700] {dagbag.py:536} INFO - Filling up the DagBag from /home/phuc/Practice/DataScience/DSProject/venv/lib/python3.10/site-packages/airflow/example_dags/example_subdag_operator.py
[2023-12-02T13:26:44.195+0700] {processor.py:839} INFO - DAG(s) dict_keys(['example_subdag_operator.section-1', 'example_subdag_operator.section-2', 'example_subdag_operator']) retrieved from /home/phuc/Practice/DataScience/DSProject/venv/lib/python3.10/site-packages/airflow/example_dags/example_subdag_operator.py
[2023-12-02T13:26:44.271+0700] {logging_mixin.py:154} INFO - [2023-12-02T13:26:44.270+0700] {manager.py:499} INFO - Created Permission View: %s
[2023-12-02T13:26:44.281+0700] {logging_mixin.py:154} INFO - [2023-12-02T13:26:44.281+0700] {manager.py:499} INFO - Created Permission View: %s
[2023-12-02T13:26:44.290+0700] {logging_mixin.py:154} INFO - [2023-12-02T13:26:44.289+0700] {manager.py:499} INFO - Created Permission View: %s
[2023-12-02T13:26:44.290+0700] {logging_mixin.py:154} INFO - [2023-12-02T13:26:44.290+0700] {dag.py:2941} INFO - Sync 3 DAGs
[2023-12-02T13:26:44.299+0700] {logging_mixin.py:154} INFO - [2023-12-02T13:26:44.299+0700] {dag.py:2963} INFO - Creating ORM DAG for example_subdag_operator.section-2
[2023-12-02T13:26:44.299+0700] {logging_mixin.py:154} INFO - [2023-12-02T13:26:44.299+0700] {dag.py:2963} INFO - Creating ORM DAG for example_subdag_operator
[2023-12-02T13:26:44.300+0700] {logging_mixin.py:154} INFO - [2023-12-02T13:26:44.299+0700] {dag.py:2963} INFO - Creating ORM DAG for example_subdag_operator.section-1
[2023-12-02T13:26:44.306+0700] {logging_mixin.py:154} INFO - [2023-12-02T13:26:44.306+0700] {dag.py:3722} INFO - Setting next_dagrun for example_subdag_operator to 2022-01-01T00:00:00+00:00, run_after=2022-01-01T00:00:00+00:00
[2023-12-02T13:26:44.307+0700] {logging_mixin.py:154} INFO - [2023-12-02T13:26:44.306+0700] {dag.py:3722} INFO - Setting next_dagrun for example_subdag_operator.section-1 to None, run_after=None
[2023-12-02T13:26:44.307+0700] {logging_mixin.py:154} INFO - [2023-12-02T13:26:44.307+0700] {dag.py:3722} INFO - Setting next_dagrun for example_subdag_operator.section-2 to None, run_after=None
[2023-12-02T13:26:44.312+0700] {logging_mixin.py:154} INFO - [2023-12-02T13:26:44.311+0700] {dag.py:2941} INFO - Sync 2 DAGs
[2023-12-02T13:26:44.315+0700] {logging_mixin.py:154} INFO - [2023-12-02T13:26:44.315+0700] {dag.py:3722} INFO - Setting next_dagrun for example_subdag_operator.section-1 to None, run_after=None
[2023-12-02T13:26:44.317+0700] {logging_mixin.py:154} INFO - [2023-12-02T13:26:44.317+0700] {dag.py:3722} INFO - Setting next_dagrun for example_subdag_operator.section-2 to None, run_after=None
[2023-12-02T13:26:44.332+0700] {processor.py:179} INFO - Processing /home/phuc/Practice/DataScience/DSProject/venv/lib/python3.10/site-packages/airflow/example_dags/example_subdag_operator.py took 0.157 seconds
