[2023-12-02T13:18:40.747+0700] {processor.py:157} INFO - Started process (PID=80963) to work on /home/phuc/Practice/DataScience/DSProject/venv/lib/python3.10/site-packages/airflow/example_dags/example_latest_only.py
[2023-12-02T13:18:40.748+0700] {processor.py:829} INFO - Processing file /home/phuc/Practice/DataScience/DSProject/venv/lib/python3.10/site-packages/airflow/example_dags/example_latest_only.py for tasks to queue
[2023-12-02T13:18:40.748+0700] {logging_mixin.py:154} INFO - [2023-12-02T13:18:40.748+0700] {dagbag.py:536} INFO - Filling up the DagBag from /home/phuc/Practice/DataScience/DSProject/venv/lib/python3.10/site-packages/airflow/example_dags/example_latest_only.py
[2023-12-02T13:18:40.753+0700] {processor.py:839} INFO - DAG(s) dict_keys(['latest_only']) retrieved from /home/phuc/Practice/DataScience/DSProject/venv/lib/python3.10/site-packages/airflow/example_dags/example_latest_only.py
[2023-12-02T13:18:40.811+0700] {logging_mixin.py:154} INFO - [2023-12-02T13:18:40.811+0700] {manager.py:499} INFO - Created Permission View: %s
[2023-12-02T13:18:40.818+0700] {logging_mixin.py:154} INFO - [2023-12-02T13:18:40.818+0700] {manager.py:499} INFO - Created Permission View: %s
[2023-12-02T13:18:40.822+0700] {logging_mixin.py:154} INFO - [2023-12-02T13:18:40.822+0700] {manager.py:499} INFO - Created Permission View: %s
[2023-12-02T13:18:40.822+0700] {logging_mixin.py:154} INFO - [2023-12-02T13:18:40.822+0700] {dag.py:2941} INFO - Sync 1 DAGs
[2023-12-02T13:18:40.828+0700] {logging_mixin.py:154} INFO - [2023-12-02T13:18:40.828+0700] {dag.py:2963} INFO - Creating ORM DAG for latest_only
[2023-12-02T13:18:40.832+0700] {logging_mixin.py:154} INFO - [2023-12-02T13:18:40.832+0700] {dag.py:3722} INFO - Setting next_dagrun for latest_only to 2023-12-02T02:18:40.832436+00:00, run_after=2023-12-02T06:18:40.832436+00:00
[2023-12-02T13:18:40.842+0700] {processor.py:179} INFO - Processing /home/phuc/Practice/DataScience/DSProject/venv/lib/python3.10/site-packages/airflow/example_dags/example_latest_only.py took 0.097 seconds
[2023-12-02T13:19:27.781+0700] {processor.py:157} INFO - Started process (PID=81182) to work on /home/phuc/Practice/DataScience/DSProject/venv/lib/python3.10/site-packages/airflow/example_dags/example_latest_only.py
[2023-12-02T13:19:27.789+0700] {processor.py:829} INFO - Processing file /home/phuc/Practice/DataScience/DSProject/venv/lib/python3.10/site-packages/airflow/example_dags/example_latest_only.py for tasks to queue
[2023-12-02T13:19:27.790+0700] {logging_mixin.py:154} INFO - [2023-12-02T13:19:27.790+0700] {dagbag.py:536} INFO - Filling up the DagBag from /home/phuc/Practice/DataScience/DSProject/venv/lib/python3.10/site-packages/airflow/example_dags/example_latest_only.py
[2023-12-02T13:19:27.802+0700] {processor.py:839} INFO - DAG(s) dict_keys(['latest_only']) retrieved from /home/phuc/Practice/DataScience/DSProject/venv/lib/python3.10/site-packages/airflow/example_dags/example_latest_only.py
[2023-12-02T13:19:27.833+0700] {logging_mixin.py:154} INFO - [2023-12-02T13:19:27.832+0700] {dag.py:2941} INFO - Sync 1 DAGs
[2023-12-02T13:19:27.872+0700] {logging_mixin.py:154} INFO - [2023-12-02T13:19:27.872+0700] {dag.py:3722} INFO - Setting next_dagrun for latest_only to 2023-12-02T02:19:27.871983+00:00, run_after=2023-12-02T06:19:27.871983+00:00
[2023-12-02T13:19:27.915+0700] {processor.py:179} INFO - Processing /home/phuc/Practice/DataScience/DSProject/venv/lib/python3.10/site-packages/airflow/example_dags/example_latest_only.py took 0.140 seconds
[2023-12-02T13:20:18.909+0700] {processor.py:157} INFO - Started process (PID=81498) to work on /home/phuc/Practice/DataScience/DSProject/venv/lib/python3.10/site-packages/airflow/example_dags/example_latest_only.py
[2023-12-02T13:20:18.913+0700] {processor.py:829} INFO - Processing file /home/phuc/Practice/DataScience/DSProject/venv/lib/python3.10/site-packages/airflow/example_dags/example_latest_only.py for tasks to queue
[2023-12-02T13:20:18.914+0700] {logging_mixin.py:154} INFO - [2023-12-02T13:20:18.914+0700] {dagbag.py:536} INFO - Filling up the DagBag from /home/phuc/Practice/DataScience/DSProject/venv/lib/python3.10/site-packages/airflow/example_dags/example_latest_only.py
[2023-12-02T13:20:18.917+0700] {processor.py:839} INFO - DAG(s) dict_keys(['latest_only']) retrieved from /home/phuc/Practice/DataScience/DSProject/venv/lib/python3.10/site-packages/airflow/example_dags/example_latest_only.py
[2023-12-02T13:20:18.925+0700] {logging_mixin.py:154} INFO - [2023-12-02T13:20:18.925+0700] {dag.py:2941} INFO - Sync 1 DAGs
[2023-12-02T13:20:18.935+0700] {logging_mixin.py:154} INFO - [2023-12-02T13:20:18.934+0700] {dag.py:3722} INFO - Setting next_dagrun for latest_only to 2023-12-02T02:20:18.934817+00:00, run_after=2023-12-02T06:20:18.934817+00:00
[2023-12-02T13:20:18.944+0700] {processor.py:179} INFO - Processing /home/phuc/Practice/DataScience/DSProject/venv/lib/python3.10/site-packages/airflow/example_dags/example_latest_only.py took 0.037 seconds
[2023-12-02T13:21:10.679+0700] {processor.py:157} INFO - Started process (PID=81818) to work on /home/phuc/Practice/DataScience/DSProject/venv/lib/python3.10/site-packages/airflow/example_dags/example_latest_only.py
[2023-12-02T13:21:10.680+0700] {processor.py:829} INFO - Processing file /home/phuc/Practice/DataScience/DSProject/venv/lib/python3.10/site-packages/airflow/example_dags/example_latest_only.py for tasks to queue
[2023-12-02T13:21:10.680+0700] {logging_mixin.py:154} INFO - [2023-12-02T13:21:10.680+0700] {dagbag.py:536} INFO - Filling up the DagBag from /home/phuc/Practice/DataScience/DSProject/venv/lib/python3.10/site-packages/airflow/example_dags/example_latest_only.py
[2023-12-02T13:21:10.685+0700] {processor.py:839} INFO - DAG(s) dict_keys(['latest_only']) retrieved from /home/phuc/Practice/DataScience/DSProject/venv/lib/python3.10/site-packages/airflow/example_dags/example_latest_only.py
[2023-12-02T13:21:10.695+0700] {logging_mixin.py:154} INFO - [2023-12-02T13:21:10.695+0700] {dag.py:2941} INFO - Sync 1 DAGs
[2023-12-02T13:21:10.710+0700] {logging_mixin.py:154} INFO - [2023-12-02T13:21:10.710+0700] {dag.py:3722} INFO - Setting next_dagrun for latest_only to 2023-12-02T02:21:10.710017+00:00, run_after=2023-12-02T06:21:10.710017+00:00
[2023-12-02T13:21:10.722+0700] {processor.py:179} INFO - Processing /home/phuc/Practice/DataScience/DSProject/venv/lib/python3.10/site-packages/airflow/example_dags/example_latest_only.py took 0.045 seconds
[2023-12-02T13:21:56.982+0700] {processor.py:157} INFO - Started process (PID=82180) to work on /home/phuc/Practice/DataScience/DSProject/venv/lib/python3.10/site-packages/airflow/example_dags/example_latest_only.py
[2023-12-02T13:21:56.989+0700] {processor.py:829} INFO - Processing file /home/phuc/Practice/DataScience/DSProject/venv/lib/python3.10/site-packages/airflow/example_dags/example_latest_only.py for tasks to queue
[2023-12-02T13:21:56.990+0700] {logging_mixin.py:154} INFO - [2023-12-02T13:21:56.990+0700] {dagbag.py:536} INFO - Filling up the DagBag from /home/phuc/Practice/DataScience/DSProject/venv/lib/python3.10/site-packages/airflow/example_dags/example_latest_only.py
[2023-12-02T13:21:56.995+0700] {processor.py:839} INFO - DAG(s) dict_keys(['latest_only']) retrieved from /home/phuc/Practice/DataScience/DSProject/venv/lib/python3.10/site-packages/airflow/example_dags/example_latest_only.py
[2023-12-02T13:21:57.008+0700] {logging_mixin.py:154} INFO - [2023-12-02T13:21:57.008+0700] {dag.py:2941} INFO - Sync 1 DAGs
[2023-12-02T13:21:57.024+0700] {logging_mixin.py:154} INFO - [2023-12-02T13:21:57.024+0700] {dag.py:3722} INFO - Setting next_dagrun for latest_only to 2023-12-02T02:21:57.024482+00:00, run_after=2023-12-02T06:21:57.024482+00:00
[2023-12-02T13:21:57.043+0700] {processor.py:179} INFO - Processing /home/phuc/Practice/DataScience/DSProject/venv/lib/python3.10/site-packages/airflow/example_dags/example_latest_only.py took 0.063 seconds
[2023-12-02T13:22:43.583+0700] {processor.py:157} INFO - Started process (PID=82519) to work on /home/phuc/Practice/DataScience/DSProject/venv/lib/python3.10/site-packages/airflow/example_dags/example_latest_only.py
[2023-12-02T13:22:43.590+0700] {processor.py:829} INFO - Processing file /home/phuc/Practice/DataScience/DSProject/venv/lib/python3.10/site-packages/airflow/example_dags/example_latest_only.py for tasks to queue
[2023-12-02T13:22:43.591+0700] {logging_mixin.py:154} INFO - [2023-12-02T13:22:43.591+0700] {dagbag.py:536} INFO - Filling up the DagBag from /home/phuc/Practice/DataScience/DSProject/venv/lib/python3.10/site-packages/airflow/example_dags/example_latest_only.py
[2023-12-02T13:22:43.600+0700] {processor.py:839} INFO - DAG(s) dict_keys(['latest_only']) retrieved from /home/phuc/Practice/DataScience/DSProject/venv/lib/python3.10/site-packages/airflow/example_dags/example_latest_only.py
[2023-12-02T13:22:43.612+0700] {logging_mixin.py:154} INFO - [2023-12-02T13:22:43.612+0700] {dag.py:2941} INFO - Sync 1 DAGs
[2023-12-02T13:22:43.623+0700] {logging_mixin.py:154} INFO - [2023-12-02T13:22:43.623+0700] {dag.py:3722} INFO - Setting next_dagrun for latest_only to 2023-12-02T02:22:43.623150+00:00, run_after=2023-12-02T06:22:43.623150+00:00
[2023-12-02T13:22:43.635+0700] {processor.py:179} INFO - Processing /home/phuc/Practice/DataScience/DSProject/venv/lib/python3.10/site-packages/airflow/example_dags/example_latest_only.py took 0.055 seconds
[2023-12-02T13:23:26.962+0700] {processor.py:157} INFO - Started process (PID=82755) to work on /home/phuc/Practice/DataScience/DSProject/venv/lib/python3.10/site-packages/airflow/example_dags/example_latest_only.py
[2023-12-02T13:23:26.969+0700] {processor.py:829} INFO - Processing file /home/phuc/Practice/DataScience/DSProject/venv/lib/python3.10/site-packages/airflow/example_dags/example_latest_only.py for tasks to queue
[2023-12-02T13:23:26.969+0700] {logging_mixin.py:154} INFO - [2023-12-02T13:23:26.969+0700] {dagbag.py:536} INFO - Filling up the DagBag from /home/phuc/Practice/DataScience/DSProject/venv/lib/python3.10/site-packages/airflow/example_dags/example_latest_only.py
[2023-12-02T13:23:26.975+0700] {processor.py:839} INFO - DAG(s) dict_keys(['latest_only']) retrieved from /home/phuc/Practice/DataScience/DSProject/venv/lib/python3.10/site-packages/airflow/example_dags/example_latest_only.py
[2023-12-02T13:23:26.988+0700] {logging_mixin.py:154} INFO - [2023-12-02T13:23:26.987+0700] {dag.py:2941} INFO - Sync 1 DAGs
[2023-12-02T13:23:27.002+0700] {logging_mixin.py:154} INFO - [2023-12-02T13:23:27.002+0700] {dag.py:3722} INFO - Setting next_dagrun for latest_only to 2023-12-02T02:23:27.002457+00:00, run_after=2023-12-02T06:23:27.002457+00:00
[2023-12-02T13:23:27.018+0700] {processor.py:179} INFO - Processing /home/phuc/Practice/DataScience/DSProject/venv/lib/python3.10/site-packages/airflow/example_dags/example_latest_only.py took 0.059 seconds
[2023-12-02T13:24:10.852+0700] {processor.py:157} INFO - Started process (PID=82964) to work on /home/phuc/Practice/DataScience/DSProject/venv/lib/python3.10/site-packages/airflow/example_dags/example_latest_only.py
[2023-12-02T13:24:10.859+0700] {processor.py:829} INFO - Processing file /home/phuc/Practice/DataScience/DSProject/venv/lib/python3.10/site-packages/airflow/example_dags/example_latest_only.py for tasks to queue
[2023-12-02T13:24:10.860+0700] {logging_mixin.py:154} INFO - [2023-12-02T13:24:10.860+0700] {dagbag.py:536} INFO - Filling up the DagBag from /home/phuc/Practice/DataScience/DSProject/venv/lib/python3.10/site-packages/airflow/example_dags/example_latest_only.py
[2023-12-02T13:24:10.869+0700] {processor.py:839} INFO - DAG(s) dict_keys(['latest_only']) retrieved from /home/phuc/Practice/DataScience/DSProject/venv/lib/python3.10/site-packages/airflow/example_dags/example_latest_only.py
[2023-12-02T13:24:10.881+0700] {logging_mixin.py:154} INFO - [2023-12-02T13:24:10.881+0700] {dag.py:2941} INFO - Sync 1 DAGs
[2023-12-02T13:24:10.893+0700] {logging_mixin.py:154} INFO - [2023-12-02T13:24:10.893+0700] {dag.py:3722} INFO - Setting next_dagrun for latest_only to 2023-12-02T02:24:10.893661+00:00, run_after=2023-12-02T06:24:10.893661+00:00
[2023-12-02T13:24:10.906+0700] {processor.py:179} INFO - Processing /home/phuc/Practice/DataScience/DSProject/venv/lib/python3.10/site-packages/airflow/example_dags/example_latest_only.py took 0.058 seconds
[2023-12-02T13:24:55.296+0700] {processor.py:157} INFO - Started process (PID=83271) to work on /home/phuc/Practice/DataScience/DSProject/venv/lib/python3.10/site-packages/airflow/example_dags/example_latest_only.py
[2023-12-02T13:24:55.303+0700] {processor.py:829} INFO - Processing file /home/phuc/Practice/DataScience/DSProject/venv/lib/python3.10/site-packages/airflow/example_dags/example_latest_only.py for tasks to queue
[2023-12-02T13:24:55.303+0700] {logging_mixin.py:154} INFO - [2023-12-02T13:24:55.303+0700] {dagbag.py:536} INFO - Filling up the DagBag from /home/phuc/Practice/DataScience/DSProject/venv/lib/python3.10/site-packages/airflow/example_dags/example_latest_only.py
[2023-12-02T13:24:55.307+0700] {processor.py:839} INFO - DAG(s) dict_keys(['latest_only']) retrieved from /home/phuc/Practice/DataScience/DSProject/venv/lib/python3.10/site-packages/airflow/example_dags/example_latest_only.py
[2023-12-02T13:24:55.317+0700] {logging_mixin.py:154} INFO - [2023-12-02T13:24:55.317+0700] {dag.py:2941} INFO - Sync 1 DAGs
[2023-12-02T13:24:55.329+0700] {logging_mixin.py:154} INFO - [2023-12-02T13:24:55.329+0700] {dag.py:3722} INFO - Setting next_dagrun for latest_only to 2023-12-02T02:24:55.329125+00:00, run_after=2023-12-02T06:24:55.329125+00:00
[2023-12-02T13:24:55.342+0700] {processor.py:179} INFO - Processing /home/phuc/Practice/DataScience/DSProject/venv/lib/python3.10/site-packages/airflow/example_dags/example_latest_only.py took 0.048 seconds
[2023-12-02T13:25:42.883+0700] {processor.py:157} INFO - Started process (PID=83497) to work on /home/phuc/Practice/DataScience/DSProject/venv/lib/python3.10/site-packages/airflow/example_dags/example_latest_only.py
[2023-12-02T13:25:42.884+0700] {processor.py:829} INFO - Processing file /home/phuc/Practice/DataScience/DSProject/venv/lib/python3.10/site-packages/airflow/example_dags/example_latest_only.py for tasks to queue
[2023-12-02T13:25:42.885+0700] {logging_mixin.py:154} INFO - [2023-12-02T13:25:42.885+0700] {dagbag.py:536} INFO - Filling up the DagBag from /home/phuc/Practice/DataScience/DSProject/venv/lib/python3.10/site-packages/airflow/example_dags/example_latest_only.py
[2023-12-02T13:25:42.890+0700] {processor.py:839} INFO - DAG(s) dict_keys(['latest_only']) retrieved from /home/phuc/Practice/DataScience/DSProject/venv/lib/python3.10/site-packages/airflow/example_dags/example_latest_only.py
[2023-12-02T13:25:42.904+0700] {logging_mixin.py:154} INFO - [2023-12-02T13:25:42.904+0700] {dag.py:2941} INFO - Sync 1 DAGs
[2023-12-02T13:25:42.922+0700] {logging_mixin.py:154} INFO - [2023-12-02T13:25:42.922+0700] {dag.py:3722} INFO - Setting next_dagrun for latest_only to 2023-12-02T02:25:42.922472+00:00, run_after=2023-12-02T06:25:42.922472+00:00
[2023-12-02T13:25:42.940+0700] {processor.py:179} INFO - Processing /home/phuc/Practice/DataScience/DSProject/venv/lib/python3.10/site-packages/airflow/example_dags/example_latest_only.py took 0.060 seconds
[2023-12-02T13:26:33.100+0700] {processor.py:157} INFO - Started process (PID=83705) to work on /home/phuc/Practice/DataScience/DSProject/venv/lib/python3.10/site-packages/airflow/example_dags/example_latest_only.py
[2023-12-02T13:26:33.107+0700] {processor.py:829} INFO - Processing file /home/phuc/Practice/DataScience/DSProject/venv/lib/python3.10/site-packages/airflow/example_dags/example_latest_only.py for tasks to queue
[2023-12-02T13:26:33.108+0700] {logging_mixin.py:154} INFO - [2023-12-02T13:26:33.107+0700] {dagbag.py:536} INFO - Filling up the DagBag from /home/phuc/Practice/DataScience/DSProject/venv/lib/python3.10/site-packages/airflow/example_dags/example_latest_only.py
[2023-12-02T13:26:33.114+0700] {processor.py:839} INFO - DAG(s) dict_keys(['latest_only']) retrieved from /home/phuc/Practice/DataScience/DSProject/venv/lib/python3.10/site-packages/airflow/example_dags/example_latest_only.py
[2023-12-02T13:26:33.128+0700] {logging_mixin.py:154} INFO - [2023-12-02T13:26:33.127+0700] {dag.py:2941} INFO - Sync 1 DAGs
[2023-12-02T13:26:33.146+0700] {logging_mixin.py:154} INFO - [2023-12-02T13:26:33.146+0700] {dag.py:3722} INFO - Setting next_dagrun for latest_only to 2023-12-02T02:26:33.146055+00:00, run_after=2023-12-02T06:26:33.146055+00:00
[2023-12-02T13:26:33.165+0700] {processor.py:179} INFO - Processing /home/phuc/Practice/DataScience/DSProject/venv/lib/python3.10/site-packages/airflow/example_dags/example_latest_only.py took 0.068 seconds
