[2023-12-02T13:18:37.275+0700] {processor.py:157} INFO - Started process (PID=80960) to work on /home/phuc/Practice/DataScience/DSProject/venv/lib/python3.10/site-packages/airflow/example_dags/example_task_group_decorator.py
[2023-12-02T13:18:37.276+0700] {processor.py:829} INFO - Processing file /home/phuc/Practice/DataScience/DSProject/venv/lib/python3.10/site-packages/airflow/example_dags/example_task_group_decorator.py for tasks to queue
[2023-12-02T13:18:37.276+0700] {logging_mixin.py:154} INFO - [2023-12-02T13:18:37.276+0700] {dagbag.py:536} INFO - Filling up the DagBag from /home/phuc/Practice/DataScience/DSProject/venv/lib/python3.10/site-packages/airflow/example_dags/example_task_group_decorator.py
[2023-12-02T13:18:37.285+0700] {processor.py:839} INFO - DAG(s) dict_keys(['example_task_group_decorator']) retrieved from /home/phuc/Practice/DataScience/DSProject/venv/lib/python3.10/site-packages/airflow/example_dags/example_task_group_decorator.py
[2023-12-02T13:18:37.341+0700] {logging_mixin.py:154} INFO - [2023-12-02T13:18:37.340+0700] {manager.py:499} INFO - Created Permission View: %s
[2023-12-02T13:18:37.347+0700] {logging_mixin.py:154} INFO - [2023-12-02T13:18:37.347+0700] {manager.py:499} INFO - Created Permission View: %s
[2023-12-02T13:18:37.352+0700] {logging_mixin.py:154} INFO - [2023-12-02T13:18:37.352+0700] {manager.py:499} INFO - Created Permission View: %s
[2023-12-02T13:18:37.352+0700] {logging_mixin.py:154} INFO - [2023-12-02T13:18:37.352+0700] {dag.py:2941} INFO - Sync 1 DAGs
[2023-12-02T13:18:37.357+0700] {logging_mixin.py:154} INFO - [2023-12-02T13:18:37.357+0700] {dag.py:2963} INFO - Creating ORM DAG for example_task_group_decorator
[2023-12-02T13:18:37.361+0700] {logging_mixin.py:154} INFO - [2023-12-02T13:18:37.361+0700] {dag.py:3722} INFO - Setting next_dagrun for example_task_group_decorator to 2023-12-01T06:18:37.361395+00:00, run_after=2023-12-02T06:18:37.361395+00:00
[2023-12-02T13:18:37.371+0700] {processor.py:179} INFO - Processing /home/phuc/Practice/DataScience/DSProject/venv/lib/python3.10/site-packages/airflow/example_dags/example_task_group_decorator.py took 0.099 seconds
[2023-12-02T13:19:23.761+0700] {processor.py:157} INFO - Started process (PID=81166) to work on /home/phuc/Practice/DataScience/DSProject/venv/lib/python3.10/site-packages/airflow/example_dags/example_task_group_decorator.py
[2023-12-02T13:19:23.768+0700] {processor.py:829} INFO - Processing file /home/phuc/Practice/DataScience/DSProject/venv/lib/python3.10/site-packages/airflow/example_dags/example_task_group_decorator.py for tasks to queue
[2023-12-02T13:19:23.769+0700] {logging_mixin.py:154} INFO - [2023-12-02T13:19:23.769+0700] {dagbag.py:536} INFO - Filling up the DagBag from /home/phuc/Practice/DataScience/DSProject/venv/lib/python3.10/site-packages/airflow/example_dags/example_task_group_decorator.py
[2023-12-02T13:19:23.778+0700] {processor.py:839} INFO - DAG(s) dict_keys(['example_task_group_decorator']) retrieved from /home/phuc/Practice/DataScience/DSProject/venv/lib/python3.10/site-packages/airflow/example_dags/example_task_group_decorator.py
[2023-12-02T13:19:23.789+0700] {logging_mixin.py:154} INFO - [2023-12-02T13:19:23.789+0700] {dag.py:2941} INFO - Sync 1 DAGs
[2023-12-02T13:19:23.801+0700] {logging_mixin.py:154} INFO - [2023-12-02T13:19:23.801+0700] {dag.py:3722} INFO - Setting next_dagrun for example_task_group_decorator to 2023-12-01T06:19:23.801679+00:00, run_after=2023-12-02T06:19:23.801679+00:00
[2023-12-02T13:19:23.814+0700] {processor.py:179} INFO - Processing /home/phuc/Practice/DataScience/DSProject/venv/lib/python3.10/site-packages/airflow/example_dags/example_task_group_decorator.py took 0.055 seconds
[2023-12-02T13:20:15.502+0700] {processor.py:157} INFO - Started process (PID=81495) to work on /home/phuc/Practice/DataScience/DSProject/venv/lib/python3.10/site-packages/airflow/example_dags/example_task_group_decorator.py
[2023-12-02T13:20:15.509+0700] {processor.py:829} INFO - Processing file /home/phuc/Practice/DataScience/DSProject/venv/lib/python3.10/site-packages/airflow/example_dags/example_task_group_decorator.py for tasks to queue
[2023-12-02T13:20:15.509+0700] {logging_mixin.py:154} INFO - [2023-12-02T13:20:15.509+0700] {dagbag.py:536} INFO - Filling up the DagBag from /home/phuc/Practice/DataScience/DSProject/venv/lib/python3.10/site-packages/airflow/example_dags/example_task_group_decorator.py
[2023-12-02T13:20:15.519+0700] {processor.py:839} INFO - DAG(s) dict_keys(['example_task_group_decorator']) retrieved from /home/phuc/Practice/DataScience/DSProject/venv/lib/python3.10/site-packages/airflow/example_dags/example_task_group_decorator.py
[2023-12-02T13:20:15.531+0700] {logging_mixin.py:154} INFO - [2023-12-02T13:20:15.531+0700] {dag.py:2941} INFO - Sync 1 DAGs
[2023-12-02T13:20:15.543+0700] {logging_mixin.py:154} INFO - [2023-12-02T13:20:15.543+0700] {dag.py:3722} INFO - Setting next_dagrun for example_task_group_decorator to 2023-12-01T06:20:15.543306+00:00, run_after=2023-12-02T06:20:15.543306+00:00
[2023-12-02T13:20:15.555+0700] {processor.py:179} INFO - Processing /home/phuc/Practice/DataScience/DSProject/venv/lib/python3.10/site-packages/airflow/example_dags/example_task_group_decorator.py took 0.055 seconds
[2023-12-02T13:21:07.816+0700] {processor.py:157} INFO - Started process (PID=81799) to work on /home/phuc/Practice/DataScience/DSProject/venv/lib/python3.10/site-packages/airflow/example_dags/example_task_group_decorator.py
[2023-12-02T13:21:07.823+0700] {processor.py:829} INFO - Processing file /home/phuc/Practice/DataScience/DSProject/venv/lib/python3.10/site-packages/airflow/example_dags/example_task_group_decorator.py for tasks to queue
[2023-12-02T13:21:07.825+0700] {logging_mixin.py:154} INFO - [2023-12-02T13:21:07.824+0700] {dagbag.py:536} INFO - Filling up the DagBag from /home/phuc/Practice/DataScience/DSProject/venv/lib/python3.10/site-packages/airflow/example_dags/example_task_group_decorator.py
[2023-12-02T13:21:07.842+0700] {processor.py:839} INFO - DAG(s) dict_keys(['example_task_group_decorator']) retrieved from /home/phuc/Practice/DataScience/DSProject/venv/lib/python3.10/site-packages/airflow/example_dags/example_task_group_decorator.py
[2023-12-02T13:21:07.854+0700] {logging_mixin.py:154} INFO - [2023-12-02T13:21:07.853+0700] {dag.py:2941} INFO - Sync 1 DAGs
[2023-12-02T13:21:07.865+0700] {logging_mixin.py:154} INFO - [2023-12-02T13:21:07.865+0700] {dag.py:3722} INFO - Setting next_dagrun for example_task_group_decorator to 2023-12-01T06:21:07.865642+00:00, run_after=2023-12-02T06:21:07.865642+00:00
[2023-12-02T13:21:07.879+0700] {processor.py:179} INFO - Processing /home/phuc/Practice/DataScience/DSProject/venv/lib/python3.10/site-packages/airflow/example_dags/example_task_group_decorator.py took 0.066 seconds
[2023-12-02T13:21:54.337+0700] {processor.py:157} INFO - Started process (PID=82138) to work on /home/phuc/Practice/DataScience/DSProject/venv/lib/python3.10/site-packages/airflow/example_dags/example_task_group_decorator.py
[2023-12-02T13:21:54.344+0700] {processor.py:829} INFO - Processing file /home/phuc/Practice/DataScience/DSProject/venv/lib/python3.10/site-packages/airflow/example_dags/example_task_group_decorator.py for tasks to queue
[2023-12-02T13:21:54.345+0700] {logging_mixin.py:154} INFO - [2023-12-02T13:21:54.344+0700] {dagbag.py:536} INFO - Filling up the DagBag from /home/phuc/Practice/DataScience/DSProject/venv/lib/python3.10/site-packages/airflow/example_dags/example_task_group_decorator.py
[2023-12-02T13:21:54.362+0700] {processor.py:839} INFO - DAG(s) dict_keys(['example_task_group_decorator']) retrieved from /home/phuc/Practice/DataScience/DSProject/venv/lib/python3.10/site-packages/airflow/example_dags/example_task_group_decorator.py
[2023-12-02T13:21:54.374+0700] {logging_mixin.py:154} INFO - [2023-12-02T13:21:54.373+0700] {dag.py:2941} INFO - Sync 1 DAGs
[2023-12-02T13:21:54.386+0700] {logging_mixin.py:154} INFO - [2023-12-02T13:21:54.385+0700] {dag.py:3722} INFO - Setting next_dagrun for example_task_group_decorator to 2023-12-01T06:21:54.385791+00:00, run_after=2023-12-02T06:21:54.385791+00:00
[2023-12-02T13:21:54.398+0700] {processor.py:179} INFO - Processing /home/phuc/Practice/DataScience/DSProject/venv/lib/python3.10/site-packages/airflow/example_dags/example_task_group_decorator.py took 0.063 seconds
[2023-12-02T13:22:41.563+0700] {processor.py:157} INFO - Started process (PID=82487) to work on /home/phuc/Practice/DataScience/DSProject/venv/lib/python3.10/site-packages/airflow/example_dags/example_task_group_decorator.py
[2023-12-02T13:22:41.570+0700] {processor.py:829} INFO - Processing file /home/phuc/Practice/DataScience/DSProject/venv/lib/python3.10/site-packages/airflow/example_dags/example_task_group_decorator.py for tasks to queue
[2023-12-02T13:22:41.572+0700] {logging_mixin.py:154} INFO - [2023-12-02T13:22:41.571+0700] {dagbag.py:536} INFO - Filling up the DagBag from /home/phuc/Practice/DataScience/DSProject/venv/lib/python3.10/site-packages/airflow/example_dags/example_task_group_decorator.py
[2023-12-02T13:22:41.583+0700] {processor.py:839} INFO - DAG(s) dict_keys(['example_task_group_decorator']) retrieved from /home/phuc/Practice/DataScience/DSProject/venv/lib/python3.10/site-packages/airflow/example_dags/example_task_group_decorator.py
[2023-12-02T13:22:41.595+0700] {logging_mixin.py:154} INFO - [2023-12-02T13:22:41.594+0700] {dag.py:2941} INFO - Sync 1 DAGs
[2023-12-02T13:22:41.606+0700] {logging_mixin.py:154} INFO - [2023-12-02T13:22:41.606+0700] {dag.py:3722} INFO - Setting next_dagrun for example_task_group_decorator to 2023-12-01T06:22:41.606154+00:00, run_after=2023-12-02T06:22:41.606154+00:00
[2023-12-02T13:22:41.618+0700] {processor.py:179} INFO - Processing /home/phuc/Practice/DataScience/DSProject/venv/lib/python3.10/site-packages/airflow/example_dags/example_task_group_decorator.py took 0.057 seconds
[2023-12-02T13:23:24.442+0700] {processor.py:157} INFO - Started process (PID=82751) to work on /home/phuc/Practice/DataScience/DSProject/venv/lib/python3.10/site-packages/airflow/example_dags/example_task_group_decorator.py
[2023-12-02T13:23:24.448+0700] {processor.py:829} INFO - Processing file /home/phuc/Practice/DataScience/DSProject/venv/lib/python3.10/site-packages/airflow/example_dags/example_task_group_decorator.py for tasks to queue
[2023-12-02T13:23:24.449+0700] {logging_mixin.py:154} INFO - [2023-12-02T13:23:24.449+0700] {dagbag.py:536} INFO - Filling up the DagBag from /home/phuc/Practice/DataScience/DSProject/venv/lib/python3.10/site-packages/airflow/example_dags/example_task_group_decorator.py
[2023-12-02T13:23:24.459+0700] {processor.py:839} INFO - DAG(s) dict_keys(['example_task_group_decorator']) retrieved from /home/phuc/Practice/DataScience/DSProject/venv/lib/python3.10/site-packages/airflow/example_dags/example_task_group_decorator.py
[2023-12-02T13:23:24.473+0700] {logging_mixin.py:154} INFO - [2023-12-02T13:23:24.472+0700] {dag.py:2941} INFO - Sync 1 DAGs
[2023-12-02T13:23:24.486+0700] {logging_mixin.py:154} INFO - [2023-12-02T13:23:24.486+0700] {dag.py:3722} INFO - Setting next_dagrun for example_task_group_decorator to 2023-12-01T06:23:24.485963+00:00, run_after=2023-12-02T06:23:24.485963+00:00
[2023-12-02T13:23:24.499+0700] {processor.py:179} INFO - Processing /home/phuc/Practice/DataScience/DSProject/venv/lib/python3.10/site-packages/airflow/example_dags/example_task_group_decorator.py took 0.059 seconds
[2023-12-02T13:24:08.135+0700] {processor.py:157} INFO - Started process (PID=82944) to work on /home/phuc/Practice/DataScience/DSProject/venv/lib/python3.10/site-packages/airflow/example_dags/example_task_group_decorator.py
[2023-12-02T13:24:08.136+0700] {processor.py:829} INFO - Processing file /home/phuc/Practice/DataScience/DSProject/venv/lib/python3.10/site-packages/airflow/example_dags/example_task_group_decorator.py for tasks to queue
[2023-12-02T13:24:08.136+0700] {logging_mixin.py:154} INFO - [2023-12-02T13:24:08.136+0700] {dagbag.py:536} INFO - Filling up the DagBag from /home/phuc/Practice/DataScience/DSProject/venv/lib/python3.10/site-packages/airflow/example_dags/example_task_group_decorator.py
[2023-12-02T13:24:08.149+0700] {processor.py:839} INFO - DAG(s) dict_keys(['example_task_group_decorator']) retrieved from /home/phuc/Practice/DataScience/DSProject/venv/lib/python3.10/site-packages/airflow/example_dags/example_task_group_decorator.py
[2023-12-02T13:24:08.160+0700] {logging_mixin.py:154} INFO - [2023-12-02T13:24:08.160+0700] {dag.py:2941} INFO - Sync 1 DAGs
[2023-12-02T13:24:08.175+0700] {logging_mixin.py:154} INFO - [2023-12-02T13:24:08.175+0700] {dag.py:3722} INFO - Setting next_dagrun for example_task_group_decorator to 2023-12-01T06:24:08.175439+00:00, run_after=2023-12-02T06:24:08.175439+00:00
[2023-12-02T13:24:08.190+0700] {processor.py:179} INFO - Processing /home/phuc/Practice/DataScience/DSProject/venv/lib/python3.10/site-packages/airflow/example_dags/example_task_group_decorator.py took 0.057 seconds
[2023-12-02T13:24:51.879+0700] {processor.py:157} INFO - Started process (PID=83266) to work on /home/phuc/Practice/DataScience/DSProject/venv/lib/python3.10/site-packages/airflow/example_dags/example_task_group_decorator.py
[2023-12-02T13:24:51.886+0700] {processor.py:829} INFO - Processing file /home/phuc/Practice/DataScience/DSProject/venv/lib/python3.10/site-packages/airflow/example_dags/example_task_group_decorator.py for tasks to queue
[2023-12-02T13:24:51.887+0700] {logging_mixin.py:154} INFO - [2023-12-02T13:24:51.887+0700] {dagbag.py:536} INFO - Filling up the DagBag from /home/phuc/Practice/DataScience/DSProject/venv/lib/python3.10/site-packages/airflow/example_dags/example_task_group_decorator.py
[2023-12-02T13:24:51.899+0700] {processor.py:839} INFO - DAG(s) dict_keys(['example_task_group_decorator']) retrieved from /home/phuc/Practice/DataScience/DSProject/venv/lib/python3.10/site-packages/airflow/example_dags/example_task_group_decorator.py
[2023-12-02T13:24:51.915+0700] {logging_mixin.py:154} INFO - [2023-12-02T13:24:51.915+0700] {dag.py:2941} INFO - Sync 1 DAGs
[2023-12-02T13:24:51.931+0700] {logging_mixin.py:154} INFO - [2023-12-02T13:24:51.931+0700] {dag.py:3722} INFO - Setting next_dagrun for example_task_group_decorator to 2023-12-01T06:24:51.931381+00:00, run_after=2023-12-02T06:24:51.931381+00:00
[2023-12-02T13:24:51.952+0700] {processor.py:179} INFO - Processing /home/phuc/Practice/DataScience/DSProject/venv/lib/python3.10/site-packages/airflow/example_dags/example_task_group_decorator.py took 0.075 seconds
[2023-12-02T13:25:39.372+0700] {processor.py:157} INFO - Started process (PID=83478) to work on /home/phuc/Practice/DataScience/DSProject/venv/lib/python3.10/site-packages/airflow/example_dags/example_task_group_decorator.py
[2023-12-02T13:25:39.379+0700] {processor.py:829} INFO - Processing file /home/phuc/Practice/DataScience/DSProject/venv/lib/python3.10/site-packages/airflow/example_dags/example_task_group_decorator.py for tasks to queue
[2023-12-02T13:25:39.380+0700] {logging_mixin.py:154} INFO - [2023-12-02T13:25:39.380+0700] {dagbag.py:536} INFO - Filling up the DagBag from /home/phuc/Practice/DataScience/DSProject/venv/lib/python3.10/site-packages/airflow/example_dags/example_task_group_decorator.py
[2023-12-02T13:25:39.395+0700] {processor.py:839} INFO - DAG(s) dict_keys(['example_task_group_decorator']) retrieved from /home/phuc/Practice/DataScience/DSProject/venv/lib/python3.10/site-packages/airflow/example_dags/example_task_group_decorator.py
[2023-12-02T13:25:39.414+0700] {logging_mixin.py:154} INFO - [2023-12-02T13:25:39.414+0700] {dag.py:2941} INFO - Sync 1 DAGs
[2023-12-02T13:25:39.433+0700] {logging_mixin.py:154} INFO - [2023-12-02T13:25:39.433+0700] {dag.py:3722} INFO - Setting next_dagrun for example_task_group_decorator to 2023-12-01T06:25:39.432854+00:00, run_after=2023-12-02T06:25:39.432854+00:00
[2023-12-02T13:25:39.456+0700] {processor.py:179} INFO - Processing /home/phuc/Practice/DataScience/DSProject/venv/lib/python3.10/site-packages/airflow/example_dags/example_task_group_decorator.py took 0.087 seconds
[2023-12-02T13:26:30.448+0700] {processor.py:157} INFO - Started process (PID=83699) to work on /home/phuc/Practice/DataScience/DSProject/venv/lib/python3.10/site-packages/airflow/example_dags/example_task_group_decorator.py
[2023-12-02T13:26:30.455+0700] {processor.py:829} INFO - Processing file /home/phuc/Practice/DataScience/DSProject/venv/lib/python3.10/site-packages/airflow/example_dags/example_task_group_decorator.py for tasks to queue
[2023-12-02T13:26:30.456+0700] {logging_mixin.py:154} INFO - [2023-12-02T13:26:30.455+0700] {dagbag.py:536} INFO - Filling up the DagBag from /home/phuc/Practice/DataScience/DSProject/venv/lib/python3.10/site-packages/airflow/example_dags/example_task_group_decorator.py
[2023-12-02T13:26:30.470+0700] {processor.py:839} INFO - DAG(s) dict_keys(['example_task_group_decorator']) retrieved from /home/phuc/Practice/DataScience/DSProject/venv/lib/python3.10/site-packages/airflow/example_dags/example_task_group_decorator.py
[2023-12-02T13:26:30.488+0700] {logging_mixin.py:154} INFO - [2023-12-02T13:26:30.488+0700] {dag.py:2941} INFO - Sync 1 DAGs
[2023-12-02T13:26:30.507+0700] {logging_mixin.py:154} INFO - [2023-12-02T13:26:30.507+0700] {dag.py:3722} INFO - Setting next_dagrun for example_task_group_decorator to 2023-12-01T06:26:30.507257+00:00, run_after=2023-12-02T06:26:30.507257+00:00
[2023-12-02T13:26:30.527+0700] {processor.py:179} INFO - Processing /home/phuc/Practice/DataScience/DSProject/venv/lib/python3.10/site-packages/airflow/example_dags/example_task_group_decorator.py took 0.083 seconds
