[2023-12-02T13:18:18.983+0700] {processor.py:157} INFO - Started process (PID=80875) to work on /home/phuc/Practice/DataScience/DSProject/venv/lib/python3.10/site-packages/airflow/example_dags/example_dynamic_task_mapping.py
[2023-12-02T13:18:18.983+0700] {processor.py:829} INFO - Processing file /home/phuc/Practice/DataScience/DSProject/venv/lib/python3.10/site-packages/airflow/example_dags/example_dynamic_task_mapping.py for tasks to queue
[2023-12-02T13:18:18.984+0700] {logging_mixin.py:154} INFO - [2023-12-02T13:18:18.984+0700] {dagbag.py:536} INFO - Filling up the DagBag from /home/phuc/Practice/DataScience/DSProject/venv/lib/python3.10/site-packages/airflow/example_dags/example_dynamic_task_mapping.py
[2023-12-02T13:18:18.989+0700] {processor.py:839} INFO - DAG(s) dict_keys(['example_dynamic_task_mapping']) retrieved from /home/phuc/Practice/DataScience/DSProject/venv/lib/python3.10/site-packages/airflow/example_dags/example_dynamic_task_mapping.py
[2023-12-02T13:18:19.045+0700] {logging_mixin.py:154} INFO - [2023-12-02T13:18:19.044+0700] {manager.py:499} INFO - Created Permission View: %s
[2023-12-02T13:18:19.050+0700] {logging_mixin.py:154} INFO - [2023-12-02T13:18:19.050+0700] {manager.py:499} INFO - Created Permission View: %s
[2023-12-02T13:18:19.054+0700] {logging_mixin.py:154} INFO - [2023-12-02T13:18:19.054+0700] {manager.py:499} INFO - Created Permission View: %s
[2023-12-02T13:18:19.054+0700] {logging_mixin.py:154} INFO - [2023-12-02T13:18:19.054+0700] {dag.py:2941} INFO - Sync 1 DAGs
[2023-12-02T13:18:19.060+0700] {logging_mixin.py:154} INFO - [2023-12-02T13:18:19.059+0700] {dag.py:2963} INFO - Creating ORM DAG for example_dynamic_task_mapping
[2023-12-02T13:18:19.064+0700] {logging_mixin.py:154} INFO - [2023-12-02T13:18:19.063+0700] {dag.py:3722} INFO - Setting next_dagrun for example_dynamic_task_mapping to 2022-03-04T00:00:00+00:00, run_after=2022-03-05T00:00:00+00:00
[2023-12-02T13:18:19.072+0700] {processor.py:179} INFO - Processing /home/phuc/Practice/DataScience/DSProject/venv/lib/python3.10/site-packages/airflow/example_dags/example_dynamic_task_mapping.py took 0.092 seconds
[2023-12-02T13:19:04.317+0700] {processor.py:157} INFO - Started process (PID=81073) to work on /home/phuc/Practice/DataScience/DSProject/venv/lib/python3.10/site-packages/airflow/example_dags/example_dynamic_task_mapping.py
[2023-12-02T13:19:04.325+0700] {processor.py:829} INFO - Processing file /home/phuc/Practice/DataScience/DSProject/venv/lib/python3.10/site-packages/airflow/example_dags/example_dynamic_task_mapping.py for tasks to queue
[2023-12-02T13:19:04.326+0700] {logging_mixin.py:154} INFO - [2023-12-02T13:19:04.325+0700] {dagbag.py:536} INFO - Filling up the DagBag from /home/phuc/Practice/DataScience/DSProject/venv/lib/python3.10/site-packages/airflow/example_dags/example_dynamic_task_mapping.py
[2023-12-02T13:19:04.333+0700] {processor.py:839} INFO - DAG(s) dict_keys(['example_dynamic_task_mapping']) retrieved from /home/phuc/Practice/DataScience/DSProject/venv/lib/python3.10/site-packages/airflow/example_dags/example_dynamic_task_mapping.py
[2023-12-02T13:19:04.340+0700] {logging_mixin.py:154} INFO - [2023-12-02T13:19:04.340+0700] {dag.py:2941} INFO - Sync 1 DAGs
[2023-12-02T13:19:04.350+0700] {logging_mixin.py:154} INFO - [2023-12-02T13:19:04.350+0700] {dag.py:3722} INFO - Setting next_dagrun for example_dynamic_task_mapping to 2022-03-04T00:00:00+00:00, run_after=2022-03-05T00:00:00+00:00
[2023-12-02T13:19:04.359+0700] {processor.py:179} INFO - Processing /home/phuc/Practice/DataScience/DSProject/venv/lib/python3.10/site-packages/airflow/example_dags/example_dynamic_task_mapping.py took 0.044 seconds
[2023-12-02T13:19:53.099+0700] {processor.py:157} INFO - Started process (PID=81391) to work on /home/phuc/Practice/DataScience/DSProject/venv/lib/python3.10/site-packages/airflow/example_dags/example_dynamic_task_mapping.py
[2023-12-02T13:19:53.106+0700] {processor.py:829} INFO - Processing file /home/phuc/Practice/DataScience/DSProject/venv/lib/python3.10/site-packages/airflow/example_dags/example_dynamic_task_mapping.py for tasks to queue
[2023-12-02T13:19:53.108+0700] {logging_mixin.py:154} INFO - [2023-12-02T13:19:53.107+0700] {dagbag.py:536} INFO - Filling up the DagBag from /home/phuc/Practice/DataScience/DSProject/venv/lib/python3.10/site-packages/airflow/example_dags/example_dynamic_task_mapping.py
[2023-12-02T13:19:53.115+0700] {processor.py:839} INFO - DAG(s) dict_keys(['example_dynamic_task_mapping']) retrieved from /home/phuc/Practice/DataScience/DSProject/venv/lib/python3.10/site-packages/airflow/example_dags/example_dynamic_task_mapping.py
[2023-12-02T13:19:53.125+0700] {logging_mixin.py:154} INFO - [2023-12-02T13:19:53.125+0700] {dag.py:2941} INFO - Sync 1 DAGs
[2023-12-02T13:19:53.135+0700] {logging_mixin.py:154} INFO - [2023-12-02T13:19:53.135+0700] {dag.py:3722} INFO - Setting next_dagrun for example_dynamic_task_mapping to 2022-03-04T00:00:00+00:00, run_after=2022-03-05T00:00:00+00:00
[2023-12-02T13:19:53.144+0700] {processor.py:179} INFO - Processing /home/phuc/Practice/DataScience/DSProject/venv/lib/python3.10/site-packages/airflow/example_dags/example_dynamic_task_mapping.py took 0.047 seconds
[2023-12-02T13:20:28.428+0700] {processor.py:157} INFO - Started process (PID=81618) to work on /home/phuc/Practice/DataScience/DSProject/venv/lib/python3.10/site-packages/airflow/example_dags/example_dynamic_task_mapping.py
[2023-12-02T13:20:28.434+0700] {processor.py:829} INFO - Processing file /home/phuc/Practice/DataScience/DSProject/venv/lib/python3.10/site-packages/airflow/example_dags/example_dynamic_task_mapping.py for tasks to queue
[2023-12-02T13:20:28.435+0700] {logging_mixin.py:154} INFO - [2023-12-02T13:20:28.435+0700] {dagbag.py:536} INFO - Filling up the DagBag from /home/phuc/Practice/DataScience/DSProject/venv/lib/python3.10/site-packages/airflow/example_dags/example_dynamic_task_mapping.py
[2023-12-02T13:20:28.444+0700] {processor.py:839} INFO - DAG(s) dict_keys(['example_dynamic_task_mapping']) retrieved from /home/phuc/Practice/DataScience/DSProject/venv/lib/python3.10/site-packages/airflow/example_dags/example_dynamic_task_mapping.py
[2023-12-02T13:20:28.455+0700] {logging_mixin.py:154} INFO - [2023-12-02T13:20:28.455+0700] {dag.py:2941} INFO - Sync 1 DAGs
[2023-12-02T13:20:28.468+0700] {logging_mixin.py:154} INFO - [2023-12-02T13:20:28.467+0700] {dag.py:3722} INFO - Setting next_dagrun for example_dynamic_task_mapping to 2022-03-04T00:00:00+00:00, run_after=2022-03-05T00:00:00+00:00
[2023-12-02T13:20:28.479+0700] {processor.py:179} INFO - Processing /home/phuc/Practice/DataScience/DSProject/venv/lib/python3.10/site-packages/airflow/example_dags/example_dynamic_task_mapping.py took 0.054 seconds
[2023-12-02T13:21:02.641+0700] {processor.py:157} INFO - Started process (PID=81774) to work on /home/phuc/Practice/DataScience/DSProject/venv/lib/python3.10/site-packages/airflow/example_dags/example_dynamic_task_mapping.py
[2023-12-02T13:21:02.649+0700] {processor.py:829} INFO - Processing file /home/phuc/Practice/DataScience/DSProject/venv/lib/python3.10/site-packages/airflow/example_dags/example_dynamic_task_mapping.py for tasks to queue
[2023-12-02T13:21:02.650+0700] {logging_mixin.py:154} INFO - [2023-12-02T13:21:02.649+0700] {dagbag.py:536} INFO - Filling up the DagBag from /home/phuc/Practice/DataScience/DSProject/venv/lib/python3.10/site-packages/airflow/example_dags/example_dynamic_task_mapping.py
[2023-12-02T13:21:02.656+0700] {processor.py:839} INFO - DAG(s) dict_keys(['example_dynamic_task_mapping']) retrieved from /home/phuc/Practice/DataScience/DSProject/venv/lib/python3.10/site-packages/airflow/example_dags/example_dynamic_task_mapping.py
[2023-12-02T13:21:02.669+0700] {logging_mixin.py:154} INFO - [2023-12-02T13:21:02.668+0700] {dag.py:2941} INFO - Sync 1 DAGs
[2023-12-02T13:21:02.684+0700] {logging_mixin.py:154} INFO - [2023-12-02T13:21:02.684+0700] {dag.py:3722} INFO - Setting next_dagrun for example_dynamic_task_mapping to 2022-03-04T00:00:00+00:00, run_after=2022-03-05T00:00:00+00:00
[2023-12-02T13:21:02.700+0700] {processor.py:179} INFO - Processing /home/phuc/Practice/DataScience/DSProject/venv/lib/python3.10/site-packages/airflow/example_dags/example_dynamic_task_mapping.py took 0.060 seconds
[2023-12-02T13:21:36.388+0700] {processor.py:157} INFO - Started process (PID=81973) to work on /home/phuc/Practice/DataScience/DSProject/venv/lib/python3.10/site-packages/airflow/example_dags/example_dynamic_task_mapping.py
[2023-12-02T13:21:36.397+0700] {processor.py:829} INFO - Processing file /home/phuc/Practice/DataScience/DSProject/venv/lib/python3.10/site-packages/airflow/example_dags/example_dynamic_task_mapping.py for tasks to queue
[2023-12-02T13:21:36.398+0700] {logging_mixin.py:154} INFO - [2023-12-02T13:21:36.398+0700] {dagbag.py:536} INFO - Filling up the DagBag from /home/phuc/Practice/DataScience/DSProject/venv/lib/python3.10/site-packages/airflow/example_dags/example_dynamic_task_mapping.py
[2023-12-02T13:21:36.409+0700] {processor.py:839} INFO - DAG(s) dict_keys(['example_dynamic_task_mapping']) retrieved from /home/phuc/Practice/DataScience/DSProject/venv/lib/python3.10/site-packages/airflow/example_dags/example_dynamic_task_mapping.py
[2023-12-02T13:21:36.420+0700] {logging_mixin.py:154} INFO - [2023-12-02T13:21:36.419+0700] {dag.py:2941} INFO - Sync 1 DAGs
[2023-12-02T13:21:36.433+0700] {logging_mixin.py:154} INFO - [2023-12-02T13:21:36.432+0700] {dag.py:3722} INFO - Setting next_dagrun for example_dynamic_task_mapping to 2022-03-04T00:00:00+00:00, run_after=2022-03-05T00:00:00+00:00
[2023-12-02T13:21:36.451+0700] {processor.py:179} INFO - Processing /home/phuc/Practice/DataScience/DSProject/venv/lib/python3.10/site-packages/airflow/example_dags/example_dynamic_task_mapping.py took 0.064 seconds
[2023-12-02T13:22:22.168+0700] {processor.py:157} INFO - Started process (PID=82349) to work on /home/phuc/Practice/DataScience/DSProject/venv/lib/python3.10/site-packages/airflow/example_dags/example_dynamic_task_mapping.py
[2023-12-02T13:22:22.175+0700] {processor.py:829} INFO - Processing file /home/phuc/Practice/DataScience/DSProject/venv/lib/python3.10/site-packages/airflow/example_dags/example_dynamic_task_mapping.py for tasks to queue
[2023-12-02T13:22:22.176+0700] {logging_mixin.py:154} INFO - [2023-12-02T13:22:22.175+0700] {dagbag.py:536} INFO - Filling up the DagBag from /home/phuc/Practice/DataScience/DSProject/venv/lib/python3.10/site-packages/airflow/example_dags/example_dynamic_task_mapping.py
[2023-12-02T13:22:22.187+0700] {processor.py:839} INFO - DAG(s) dict_keys(['example_dynamic_task_mapping']) retrieved from /home/phuc/Practice/DataScience/DSProject/venv/lib/python3.10/site-packages/airflow/example_dags/example_dynamic_task_mapping.py
[2023-12-02T13:22:22.199+0700] {logging_mixin.py:154} INFO - [2023-12-02T13:22:22.199+0700] {dag.py:2941} INFO - Sync 1 DAGs
[2023-12-02T13:22:22.216+0700] {logging_mixin.py:154} INFO - [2023-12-02T13:22:22.216+0700] {dag.py:3722} INFO - Setting next_dagrun for example_dynamic_task_mapping to 2022-03-04T00:00:00+00:00, run_after=2022-03-05T00:00:00+00:00
[2023-12-02T13:22:22.232+0700] {processor.py:179} INFO - Processing /home/phuc/Practice/DataScience/DSProject/venv/lib/python3.10/site-packages/airflow/example_dags/example_dynamic_task_mapping.py took 0.066 seconds
[2023-12-02T13:23:08.202+0700] {processor.py:157} INFO - Started process (PID=82665) to work on /home/phuc/Practice/DataScience/DSProject/venv/lib/python3.10/site-packages/airflow/example_dags/example_dynamic_task_mapping.py
[2023-12-02T13:23:08.209+0700] {processor.py:829} INFO - Processing file /home/phuc/Practice/DataScience/DSProject/venv/lib/python3.10/site-packages/airflow/example_dags/example_dynamic_task_mapping.py for tasks to queue
[2023-12-02T13:23:08.210+0700] {logging_mixin.py:154} INFO - [2023-12-02T13:23:08.210+0700] {dagbag.py:536} INFO - Filling up the DagBag from /home/phuc/Practice/DataScience/DSProject/venv/lib/python3.10/site-packages/airflow/example_dags/example_dynamic_task_mapping.py
[2023-12-02T13:23:08.223+0700] {processor.py:839} INFO - DAG(s) dict_keys(['example_dynamic_task_mapping']) retrieved from /home/phuc/Practice/DataScience/DSProject/venv/lib/python3.10/site-packages/airflow/example_dags/example_dynamic_task_mapping.py
[2023-12-02T13:23:08.246+0700] {logging_mixin.py:154} INFO - [2023-12-02T13:23:08.246+0700] {dag.py:2941} INFO - Sync 1 DAGs
[2023-12-02T13:23:08.270+0700] {logging_mixin.py:154} INFO - [2023-12-02T13:23:08.270+0700] {dag.py:3722} INFO - Setting next_dagrun for example_dynamic_task_mapping to 2022-03-04T00:00:00+00:00, run_after=2022-03-05T00:00:00+00:00
[2023-12-02T13:23:08.292+0700] {processor.py:179} INFO - Processing /home/phuc/Practice/DataScience/DSProject/venv/lib/python3.10/site-packages/airflow/example_dags/example_dynamic_task_mapping.py took 0.094 seconds
[2023-12-02T13:23:47.569+0700] {processor.py:157} INFO - Started process (PID=82850) to work on /home/phuc/Practice/DataScience/DSProject/venv/lib/python3.10/site-packages/airflow/example_dags/example_dynamic_task_mapping.py
[2023-12-02T13:23:47.575+0700] {processor.py:829} INFO - Processing file /home/phuc/Practice/DataScience/DSProject/venv/lib/python3.10/site-packages/airflow/example_dags/example_dynamic_task_mapping.py for tasks to queue
[2023-12-02T13:23:47.577+0700] {logging_mixin.py:154} INFO - [2023-12-02T13:23:47.576+0700] {dagbag.py:536} INFO - Filling up the DagBag from /home/phuc/Practice/DataScience/DSProject/venv/lib/python3.10/site-packages/airflow/example_dags/example_dynamic_task_mapping.py
[2023-12-02T13:23:47.588+0700] {processor.py:839} INFO - DAG(s) dict_keys(['example_dynamic_task_mapping']) retrieved from /home/phuc/Practice/DataScience/DSProject/venv/lib/python3.10/site-packages/airflow/example_dags/example_dynamic_task_mapping.py
[2023-12-02T13:23:47.598+0700] {logging_mixin.py:154} INFO - [2023-12-02T13:23:47.598+0700] {dag.py:2941} INFO - Sync 1 DAGs
[2023-12-02T13:23:47.609+0700] {logging_mixin.py:154} INFO - [2023-12-02T13:23:47.609+0700] {dag.py:3722} INFO - Setting next_dagrun for example_dynamic_task_mapping to 2022-03-04T00:00:00+00:00, run_after=2022-03-05T00:00:00+00:00
[2023-12-02T13:23:47.621+0700] {processor.py:179} INFO - Processing /home/phuc/Practice/DataScience/DSProject/venv/lib/python3.10/site-packages/airflow/example_dags/example_dynamic_task_mapping.py took 0.056 seconds
[2023-12-02T13:24:29.657+0700] {processor.py:157} INFO - Started process (PID=83039) to work on /home/phuc/Practice/DataScience/DSProject/venv/lib/python3.10/site-packages/airflow/example_dags/example_dynamic_task_mapping.py
[2023-12-02T13:24:29.665+0700] {processor.py:829} INFO - Processing file /home/phuc/Practice/DataScience/DSProject/venv/lib/python3.10/site-packages/airflow/example_dags/example_dynamic_task_mapping.py for tasks to queue
[2023-12-02T13:24:29.666+0700] {logging_mixin.py:154} INFO - [2023-12-02T13:24:29.666+0700] {dagbag.py:536} INFO - Filling up the DagBag from /home/phuc/Practice/DataScience/DSProject/venv/lib/python3.10/site-packages/airflow/example_dags/example_dynamic_task_mapping.py
[2023-12-02T13:24:29.675+0700] {processor.py:839} INFO - DAG(s) dict_keys(['example_dynamic_task_mapping']) retrieved from /home/phuc/Practice/DataScience/DSProject/venv/lib/python3.10/site-packages/airflow/example_dags/example_dynamic_task_mapping.py
[2023-12-02T13:24:29.688+0700] {logging_mixin.py:154} INFO - [2023-12-02T13:24:29.688+0700] {dag.py:2941} INFO - Sync 1 DAGs
[2023-12-02T13:24:29.706+0700] {logging_mixin.py:154} INFO - [2023-12-02T13:24:29.706+0700] {dag.py:3722} INFO - Setting next_dagrun for example_dynamic_task_mapping to 2022-03-04T00:00:00+00:00, run_after=2022-03-05T00:00:00+00:00
[2023-12-02T13:24:29.722+0700] {processor.py:179} INFO - Processing /home/phuc/Practice/DataScience/DSProject/venv/lib/python3.10/site-packages/airflow/example_dags/example_dynamic_task_mapping.py took 0.068 seconds
[2023-12-02T13:25:16.034+0700] {processor.py:157} INFO - Started process (PID=83372) to work on /home/phuc/Practice/DataScience/DSProject/venv/lib/python3.10/site-packages/airflow/example_dags/example_dynamic_task_mapping.py
[2023-12-02T13:25:16.034+0700] {processor.py:829} INFO - Processing file /home/phuc/Practice/DataScience/DSProject/venv/lib/python3.10/site-packages/airflow/example_dags/example_dynamic_task_mapping.py for tasks to queue
[2023-12-02T13:25:16.035+0700] {logging_mixin.py:154} INFO - [2023-12-02T13:25:16.035+0700] {dagbag.py:536} INFO - Filling up the DagBag from /home/phuc/Practice/DataScience/DSProject/venv/lib/python3.10/site-packages/airflow/example_dags/example_dynamic_task_mapping.py
[2023-12-02T13:25:16.043+0700] {processor.py:839} INFO - DAG(s) dict_keys(['example_dynamic_task_mapping']) retrieved from /home/phuc/Practice/DataScience/DSProject/venv/lib/python3.10/site-packages/airflow/example_dags/example_dynamic_task_mapping.py
[2023-12-02T13:25:16.057+0700] {logging_mixin.py:154} INFO - [2023-12-02T13:25:16.057+0700] {dag.py:2941} INFO - Sync 1 DAGs
[2023-12-02T13:25:16.077+0700] {logging_mixin.py:154} INFO - [2023-12-02T13:25:16.077+0700] {dag.py:3722} INFO - Setting next_dagrun for example_dynamic_task_mapping to 2022-03-04T00:00:00+00:00, run_after=2022-03-05T00:00:00+00:00
[2023-12-02T13:25:16.099+0700] {processor.py:179} INFO - Processing /home/phuc/Practice/DataScience/DSProject/venv/lib/python3.10/site-packages/airflow/example_dags/example_dynamic_task_mapping.py took 0.069 seconds
[2023-12-02T13:25:53.107+0700] {processor.py:157} INFO - Started process (PID=83539) to work on /home/phuc/Practice/DataScience/DSProject/venv/lib/python3.10/site-packages/airflow/example_dags/example_dynamic_task_mapping.py
[2023-12-02T13:25:53.108+0700] {processor.py:829} INFO - Processing file /home/phuc/Practice/DataScience/DSProject/venv/lib/python3.10/site-packages/airflow/example_dags/example_dynamic_task_mapping.py for tasks to queue
[2023-12-02T13:25:53.109+0700] {logging_mixin.py:154} INFO - [2023-12-02T13:25:53.108+0700] {dagbag.py:536} INFO - Filling up the DagBag from /home/phuc/Practice/DataScience/DSProject/venv/lib/python3.10/site-packages/airflow/example_dags/example_dynamic_task_mapping.py
[2023-12-02T13:25:53.117+0700] {processor.py:839} INFO - DAG(s) dict_keys(['example_dynamic_task_mapping']) retrieved from /home/phuc/Practice/DataScience/DSProject/venv/lib/python3.10/site-packages/airflow/example_dags/example_dynamic_task_mapping.py
[2023-12-02T13:25:53.134+0700] {logging_mixin.py:154} INFO - [2023-12-02T13:25:53.133+0700] {dag.py:2941} INFO - Sync 1 DAGs
[2023-12-02T13:25:53.153+0700] {logging_mixin.py:154} INFO - [2023-12-02T13:25:53.153+0700] {dag.py:3722} INFO - Setting next_dagrun for example_dynamic_task_mapping to 2022-03-04T00:00:00+00:00, run_after=2022-03-05T00:00:00+00:00
[2023-12-02T13:25:53.173+0700] {processor.py:179} INFO - Processing /home/phuc/Practice/DataScience/DSProject/venv/lib/python3.10/site-packages/airflow/example_dags/example_dynamic_task_mapping.py took 0.069 seconds
[2023-12-02T13:26:39.296+0700] {processor.py:157} INFO - Started process (PID=83730) to work on /home/phuc/Practice/DataScience/DSProject/venv/lib/python3.10/site-packages/airflow/example_dags/example_dynamic_task_mapping.py
[2023-12-02T13:26:39.303+0700] {processor.py:829} INFO - Processing file /home/phuc/Practice/DataScience/DSProject/venv/lib/python3.10/site-packages/airflow/example_dags/example_dynamic_task_mapping.py for tasks to queue
[2023-12-02T13:26:39.304+0700] {logging_mixin.py:154} INFO - [2023-12-02T13:26:39.304+0700] {dagbag.py:536} INFO - Filling up the DagBag from /home/phuc/Practice/DataScience/DSProject/venv/lib/python3.10/site-packages/airflow/example_dags/example_dynamic_task_mapping.py
[2023-12-02T13:26:39.311+0700] {processor.py:839} INFO - DAG(s) dict_keys(['example_dynamic_task_mapping']) retrieved from /home/phuc/Practice/DataScience/DSProject/venv/lib/python3.10/site-packages/airflow/example_dags/example_dynamic_task_mapping.py
[2023-12-02T13:26:39.325+0700] {logging_mixin.py:154} INFO - [2023-12-02T13:26:39.325+0700] {dag.py:2941} INFO - Sync 1 DAGs
[2023-12-02T13:26:39.339+0700] {logging_mixin.py:154} INFO - [2023-12-02T13:26:39.339+0700] {dag.py:3722} INFO - Setting next_dagrun for example_dynamic_task_mapping to 2022-03-04T00:00:00+00:00, run_after=2022-03-05T00:00:00+00:00
[2023-12-02T13:26:39.351+0700] {processor.py:179} INFO - Processing /home/phuc/Practice/DataScience/DSProject/venv/lib/python3.10/site-packages/airflow/example_dags/example_dynamic_task_mapping.py took 0.059 seconds
