[2023-12-02T13:18:17.751+0700] {processor.py:157} INFO - Started process (PID=80874) to work on /home/phuc/Practice/DataScience/DSProject/venv/lib/python3.10/site-packages/airflow/example_dags/example_branch_operator.py
[2023-12-02T13:18:17.751+0700] {processor.py:829} INFO - Processing file /home/phuc/Practice/DataScience/DSProject/venv/lib/python3.10/site-packages/airflow/example_dags/example_branch_operator.py for tasks to queue
[2023-12-02T13:18:17.752+0700] {logging_mixin.py:154} INFO - [2023-12-02T13:18:17.752+0700] {dagbag.py:536} INFO - Filling up the DagBag from /home/phuc/Practice/DataScience/DSProject/venv/lib/python3.10/site-packages/airflow/example_dags/example_branch_operator.py
[2023-12-02T13:18:17.759+0700] {processor.py:839} INFO - DAG(s) dict_keys(['example_branch_operator']) retrieved from /home/phuc/Practice/DataScience/DSProject/venv/lib/python3.10/site-packages/airflow/example_dags/example_branch_operator.py
[2023-12-02T13:18:17.820+0700] {logging_mixin.py:154} INFO - [2023-12-02T13:18:17.819+0700] {manager.py:499} INFO - Created Permission View: %s
[2023-12-02T13:18:17.825+0700] {logging_mixin.py:154} INFO - [2023-12-02T13:18:17.825+0700] {manager.py:499} INFO - Created Permission View: %s
[2023-12-02T13:18:17.830+0700] {logging_mixin.py:154} INFO - [2023-12-02T13:18:17.829+0700] {manager.py:499} INFO - Created Permission View: %s
[2023-12-02T13:18:17.830+0700] {logging_mixin.py:154} INFO - [2023-12-02T13:18:17.830+0700] {dag.py:2941} INFO - Sync 1 DAGs
[2023-12-02T13:18:17.836+0700] {logging_mixin.py:154} INFO - [2023-12-02T13:18:17.836+0700] {dag.py:2963} INFO - Creating ORM DAG for example_branch_operator
[2023-12-02T13:18:17.842+0700] {logging_mixin.py:154} INFO - [2023-12-02T13:18:17.842+0700] {dag.py:3722} INFO - Setting next_dagrun for example_branch_operator to 2023-12-01T00:00:00+00:00, run_after=2023-12-02T00:00:00+00:00
[2023-12-02T13:18:17.852+0700] {processor.py:179} INFO - Processing /home/phuc/Practice/DataScience/DSProject/venv/lib/python3.10/site-packages/airflow/example_dags/example_branch_operator.py took 0.102 seconds
[2023-12-02T13:19:03.184+0700] {processor.py:157} INFO - Started process (PID=81072) to work on /home/phuc/Practice/DataScience/DSProject/venv/lib/python3.10/site-packages/airflow/example_dags/example_branch_operator.py
[2023-12-02T13:19:03.191+0700] {processor.py:829} INFO - Processing file /home/phuc/Practice/DataScience/DSProject/venv/lib/python3.10/site-packages/airflow/example_dags/example_branch_operator.py for tasks to queue
[2023-12-02T13:19:03.193+0700] {logging_mixin.py:154} INFO - [2023-12-02T13:19:03.192+0700] {dagbag.py:536} INFO - Filling up the DagBag from /home/phuc/Practice/DataScience/DSProject/venv/lib/python3.10/site-packages/airflow/example_dags/example_branch_operator.py
[2023-12-02T13:19:03.199+0700] {processor.py:839} INFO - DAG(s) dict_keys(['example_branch_operator']) retrieved from /home/phuc/Practice/DataScience/DSProject/venv/lib/python3.10/site-packages/airflow/example_dags/example_branch_operator.py
[2023-12-02T13:19:03.208+0700] {logging_mixin.py:154} INFO - [2023-12-02T13:19:03.208+0700] {dag.py:2941} INFO - Sync 1 DAGs
[2023-12-02T13:19:03.218+0700] {logging_mixin.py:154} INFO - [2023-12-02T13:19:03.218+0700] {dag.py:3722} INFO - Setting next_dagrun for example_branch_operator to 2023-12-01T00:00:00+00:00, run_after=2023-12-02T00:00:00+00:00
[2023-12-02T13:19:03.228+0700] {processor.py:179} INFO - Processing /home/phuc/Practice/DataScience/DSProject/venv/lib/python3.10/site-packages/airflow/example_dags/example_branch_operator.py took 0.046 seconds
[2023-12-02T13:19:51.954+0700] {processor.py:157} INFO - Started process (PID=81390) to work on /home/phuc/Practice/DataScience/DSProject/venv/lib/python3.10/site-packages/airflow/example_dags/example_branch_operator.py
[2023-12-02T13:19:51.961+0700] {processor.py:829} INFO - Processing file /home/phuc/Practice/DataScience/DSProject/venv/lib/python3.10/site-packages/airflow/example_dags/example_branch_operator.py for tasks to queue
[2023-12-02T13:19:51.961+0700] {logging_mixin.py:154} INFO - [2023-12-02T13:19:51.961+0700] {dagbag.py:536} INFO - Filling up the DagBag from /home/phuc/Practice/DataScience/DSProject/venv/lib/python3.10/site-packages/airflow/example_dags/example_branch_operator.py
[2023-12-02T13:19:51.966+0700] {processor.py:839} INFO - DAG(s) dict_keys(['example_branch_operator']) retrieved from /home/phuc/Practice/DataScience/DSProject/venv/lib/python3.10/site-packages/airflow/example_dags/example_branch_operator.py
[2023-12-02T13:19:51.975+0700] {logging_mixin.py:154} INFO - [2023-12-02T13:19:51.975+0700] {dag.py:2941} INFO - Sync 1 DAGs
[2023-12-02T13:19:51.986+0700] {logging_mixin.py:154} INFO - [2023-12-02T13:19:51.985+0700] {dag.py:3722} INFO - Setting next_dagrun for example_branch_operator to 2023-12-01T00:00:00+00:00, run_after=2023-12-02T00:00:00+00:00
[2023-12-02T13:19:51.995+0700] {processor.py:179} INFO - Processing /home/phuc/Practice/DataScience/DSProject/venv/lib/python3.10/site-packages/airflow/example_dags/example_branch_operator.py took 0.043 seconds
[2023-12-02T13:20:27.241+0700] {processor.py:157} INFO - Started process (PID=81616) to work on /home/phuc/Practice/DataScience/DSProject/venv/lib/python3.10/site-packages/airflow/example_dags/example_branch_operator.py
[2023-12-02T13:20:27.248+0700] {processor.py:829} INFO - Processing file /home/phuc/Practice/DataScience/DSProject/venv/lib/python3.10/site-packages/airflow/example_dags/example_branch_operator.py for tasks to queue
[2023-12-02T13:20:27.249+0700] {logging_mixin.py:154} INFO - [2023-12-02T13:20:27.249+0700] {dagbag.py:536} INFO - Filling up the DagBag from /home/phuc/Practice/DataScience/DSProject/venv/lib/python3.10/site-packages/airflow/example_dags/example_branch_operator.py
[2023-12-02T13:20:27.262+0700] {processor.py:839} INFO - DAG(s) dict_keys(['example_branch_operator']) retrieved from /home/phuc/Practice/DataScience/DSProject/venv/lib/python3.10/site-packages/airflow/example_dags/example_branch_operator.py
[2023-12-02T13:20:27.273+0700] {logging_mixin.py:154} INFO - [2023-12-02T13:20:27.272+0700] {dag.py:2941} INFO - Sync 1 DAGs
[2023-12-02T13:20:27.283+0700] {logging_mixin.py:154} INFO - [2023-12-02T13:20:27.283+0700] {dag.py:3722} INFO - Setting next_dagrun for example_branch_operator to 2023-12-01T00:00:00+00:00, run_after=2023-12-02T00:00:00+00:00
[2023-12-02T13:20:27.293+0700] {processor.py:179} INFO - Processing /home/phuc/Practice/DataScience/DSProject/venv/lib/python3.10/site-packages/airflow/example_dags/example_branch_operator.py took 0.053 seconds
[2023-12-02T13:21:01.498+0700] {processor.py:157} INFO - Started process (PID=81773) to work on /home/phuc/Practice/DataScience/DSProject/venv/lib/python3.10/site-packages/airflow/example_dags/example_branch_operator.py
[2023-12-02T13:21:01.505+0700] {processor.py:829} INFO - Processing file /home/phuc/Practice/DataScience/DSProject/venv/lib/python3.10/site-packages/airflow/example_dags/example_branch_operator.py for tasks to queue
[2023-12-02T13:21:01.507+0700] {logging_mixin.py:154} INFO - [2023-12-02T13:21:01.506+0700] {dagbag.py:536} INFO - Filling up the DagBag from /home/phuc/Practice/DataScience/DSProject/venv/lib/python3.10/site-packages/airflow/example_dags/example_branch_operator.py
[2023-12-02T13:21:01.520+0700] {processor.py:839} INFO - DAG(s) dict_keys(['example_branch_operator']) retrieved from /home/phuc/Practice/DataScience/DSProject/venv/lib/python3.10/site-packages/airflow/example_dags/example_branch_operator.py
[2023-12-02T13:21:01.532+0700] {logging_mixin.py:154} INFO - [2023-12-02T13:21:01.532+0700] {dag.py:2941} INFO - Sync 1 DAGs
[2023-12-02T13:21:01.546+0700] {logging_mixin.py:154} INFO - [2023-12-02T13:21:01.546+0700] {dag.py:3722} INFO - Setting next_dagrun for example_branch_operator to 2023-12-01T00:00:00+00:00, run_after=2023-12-02T00:00:00+00:00
[2023-12-02T13:21:01.562+0700] {processor.py:179} INFO - Processing /home/phuc/Practice/DataScience/DSProject/venv/lib/python3.10/site-packages/airflow/example_dags/example_branch_operator.py took 0.067 seconds
[2023-12-02T13:21:35.324+0700] {processor.py:157} INFO - Started process (PID=81951) to work on /home/phuc/Practice/DataScience/DSProject/venv/lib/python3.10/site-packages/airflow/example_dags/example_branch_operator.py
[2023-12-02T13:21:35.330+0700] {processor.py:829} INFO - Processing file /home/phuc/Practice/DataScience/DSProject/venv/lib/python3.10/site-packages/airflow/example_dags/example_branch_operator.py for tasks to queue
[2023-12-02T13:21:35.332+0700] {logging_mixin.py:154} INFO - [2023-12-02T13:21:35.331+0700] {dagbag.py:536} INFO - Filling up the DagBag from /home/phuc/Practice/DataScience/DSProject/venv/lib/python3.10/site-packages/airflow/example_dags/example_branch_operator.py
[2023-12-02T13:21:35.345+0700] {processor.py:839} INFO - DAG(s) dict_keys(['example_branch_operator']) retrieved from /home/phuc/Practice/DataScience/DSProject/venv/lib/python3.10/site-packages/airflow/example_dags/example_branch_operator.py
[2023-12-02T13:21:35.357+0700] {logging_mixin.py:154} INFO - [2023-12-02T13:21:35.357+0700] {dag.py:2941} INFO - Sync 1 DAGs
[2023-12-02T13:21:35.370+0700] {logging_mixin.py:154} INFO - [2023-12-02T13:21:35.370+0700] {dag.py:3722} INFO - Setting next_dagrun for example_branch_operator to 2023-12-01T00:00:00+00:00, run_after=2023-12-02T00:00:00+00:00
[2023-12-02T13:21:35.382+0700] {processor.py:179} INFO - Processing /home/phuc/Practice/DataScience/DSProject/venv/lib/python3.10/site-packages/airflow/example_dags/example_branch_operator.py took 0.063 seconds
[2023-12-02T13:22:21.020+0700] {processor.py:157} INFO - Started process (PID=82345) to work on /home/phuc/Practice/DataScience/DSProject/venv/lib/python3.10/site-packages/airflow/example_dags/example_branch_operator.py
[2023-12-02T13:22:21.027+0700] {processor.py:829} INFO - Processing file /home/phuc/Practice/DataScience/DSProject/venv/lib/python3.10/site-packages/airflow/example_dags/example_branch_operator.py for tasks to queue
[2023-12-02T13:22:21.028+0700] {logging_mixin.py:154} INFO - [2023-12-02T13:22:21.028+0700] {dagbag.py:536} INFO - Filling up the DagBag from /home/phuc/Practice/DataScience/DSProject/venv/lib/python3.10/site-packages/airflow/example_dags/example_branch_operator.py
[2023-12-02T13:22:21.042+0700] {processor.py:839} INFO - DAG(s) dict_keys(['example_branch_operator']) retrieved from /home/phuc/Practice/DataScience/DSProject/venv/lib/python3.10/site-packages/airflow/example_dags/example_branch_operator.py
[2023-12-02T13:22:21.054+0700] {logging_mixin.py:154} INFO - [2023-12-02T13:22:21.054+0700] {dag.py:2941} INFO - Sync 1 DAGs
[2023-12-02T13:22:21.069+0700] {logging_mixin.py:154} INFO - [2023-12-02T13:22:21.069+0700] {dag.py:3722} INFO - Setting next_dagrun for example_branch_operator to 2023-12-01T00:00:00+00:00, run_after=2023-12-02T00:00:00+00:00
[2023-12-02T13:22:21.086+0700] {processor.py:179} INFO - Processing /home/phuc/Practice/DataScience/DSProject/venv/lib/python3.10/site-packages/airflow/example_dags/example_branch_operator.py took 0.069 seconds
[2023-12-02T13:23:06.954+0700] {processor.py:157} INFO - Started process (PID=82663) to work on /home/phuc/Practice/DataScience/DSProject/venv/lib/python3.10/site-packages/airflow/example_dags/example_branch_operator.py
[2023-12-02T13:23:06.956+0700] {processor.py:829} INFO - Processing file /home/phuc/Practice/DataScience/DSProject/venv/lib/python3.10/site-packages/airflow/example_dags/example_branch_operator.py for tasks to queue
[2023-12-02T13:23:06.957+0700] {logging_mixin.py:154} INFO - [2023-12-02T13:23:06.957+0700] {dagbag.py:536} INFO - Filling up the DagBag from /home/phuc/Practice/DataScience/DSProject/venv/lib/python3.10/site-packages/airflow/example_dags/example_branch_operator.py
[2023-12-02T13:23:06.974+0700] {processor.py:839} INFO - DAG(s) dict_keys(['example_branch_operator']) retrieved from /home/phuc/Practice/DataScience/DSProject/venv/lib/python3.10/site-packages/airflow/example_dags/example_branch_operator.py
[2023-12-02T13:23:07.008+0700] {logging_mixin.py:154} INFO - [2023-12-02T13:23:07.008+0700] {dag.py:2941} INFO - Sync 1 DAGs
[2023-12-02T13:23:07.047+0700] {logging_mixin.py:154} INFO - [2023-12-02T13:23:07.047+0700] {dag.py:3722} INFO - Setting next_dagrun for example_branch_operator to 2023-12-01T00:00:00+00:00, run_after=2023-12-02T00:00:00+00:00
[2023-12-02T13:23:07.088+0700] {processor.py:179} INFO - Processing /home/phuc/Practice/DataScience/DSProject/venv/lib/python3.10/site-packages/airflow/example_dags/example_branch_operator.py took 0.140 seconds
[2023-12-02T13:23:46.425+0700] {processor.py:157} INFO - Started process (PID=82849) to work on /home/phuc/Practice/DataScience/DSProject/venv/lib/python3.10/site-packages/airflow/example_dags/example_branch_operator.py
[2023-12-02T13:23:46.432+0700] {processor.py:829} INFO - Processing file /home/phuc/Practice/DataScience/DSProject/venv/lib/python3.10/site-packages/airflow/example_dags/example_branch_operator.py for tasks to queue
[2023-12-02T13:23:46.432+0700] {logging_mixin.py:154} INFO - [2023-12-02T13:23:46.432+0700] {dagbag.py:536} INFO - Filling up the DagBag from /home/phuc/Practice/DataScience/DSProject/venv/lib/python3.10/site-packages/airflow/example_dags/example_branch_operator.py
[2023-12-02T13:23:46.441+0700] {processor.py:839} INFO - DAG(s) dict_keys(['example_branch_operator']) retrieved from /home/phuc/Practice/DataScience/DSProject/venv/lib/python3.10/site-packages/airflow/example_dags/example_branch_operator.py
[2023-12-02T13:23:46.453+0700] {logging_mixin.py:154} INFO - [2023-12-02T13:23:46.453+0700] {dag.py:2941} INFO - Sync 1 DAGs
[2023-12-02T13:23:46.465+0700] {logging_mixin.py:154} INFO - [2023-12-02T13:23:46.465+0700] {dag.py:3722} INFO - Setting next_dagrun for example_branch_operator to 2023-12-01T00:00:00+00:00, run_after=2023-12-02T00:00:00+00:00
[2023-12-02T13:23:46.476+0700] {processor.py:179} INFO - Processing /home/phuc/Practice/DataScience/DSProject/venv/lib/python3.10/site-packages/airflow/example_dags/example_branch_operator.py took 0.055 seconds
[2023-12-02T13:24:28.572+0700] {processor.py:157} INFO - Started process (PID=83038) to work on /home/phuc/Practice/DataScience/DSProject/venv/lib/python3.10/site-packages/airflow/example_dags/example_branch_operator.py
[2023-12-02T13:24:28.580+0700] {processor.py:829} INFO - Processing file /home/phuc/Practice/DataScience/DSProject/venv/lib/python3.10/site-packages/airflow/example_dags/example_branch_operator.py for tasks to queue
[2023-12-02T13:24:28.581+0700] {logging_mixin.py:154} INFO - [2023-12-02T13:24:28.581+0700] {dagbag.py:536} INFO - Filling up the DagBag from /home/phuc/Practice/DataScience/DSProject/venv/lib/python3.10/site-packages/airflow/example_dags/example_branch_operator.py
[2023-12-02T13:24:28.591+0700] {processor.py:839} INFO - DAG(s) dict_keys(['example_branch_operator']) retrieved from /home/phuc/Practice/DataScience/DSProject/venv/lib/python3.10/site-packages/airflow/example_dags/example_branch_operator.py
[2023-12-02T13:24:28.609+0700] {logging_mixin.py:154} INFO - [2023-12-02T13:24:28.609+0700] {dag.py:2941} INFO - Sync 1 DAGs
[2023-12-02T13:24:28.630+0700] {logging_mixin.py:154} INFO - [2023-12-02T13:24:28.630+0700] {dag.py:3722} INFO - Setting next_dagrun for example_branch_operator to 2023-12-01T00:00:00+00:00, run_after=2023-12-02T00:00:00+00:00
[2023-12-02T13:24:28.653+0700] {processor.py:179} INFO - Processing /home/phuc/Practice/DataScience/DSProject/venv/lib/python3.10/site-packages/airflow/example_dags/example_branch_operator.py took 0.084 seconds
[2023-12-02T13:25:04.461+0700] {processor.py:157} INFO - Started process (PID=83317) to work on /home/phuc/Practice/DataScience/DSProject/venv/lib/python3.10/site-packages/airflow/example_dags/example_branch_operator.py
[2023-12-02T13:25:04.468+0700] {processor.py:829} INFO - Processing file /home/phuc/Practice/DataScience/DSProject/venv/lib/python3.10/site-packages/airflow/example_dags/example_branch_operator.py for tasks to queue
[2023-12-02T13:25:04.470+0700] {logging_mixin.py:154} INFO - [2023-12-02T13:25:04.469+0700] {dagbag.py:536} INFO - Filling up the DagBag from /home/phuc/Practice/DataScience/DSProject/venv/lib/python3.10/site-packages/airflow/example_dags/example_branch_operator.py
[2023-12-02T13:25:04.483+0700] {processor.py:839} INFO - DAG(s) dict_keys(['example_branch_operator']) retrieved from /home/phuc/Practice/DataScience/DSProject/venv/lib/python3.10/site-packages/airflow/example_dags/example_branch_operator.py
[2023-12-02T13:25:04.495+0700] {logging_mixin.py:154} INFO - [2023-12-02T13:25:04.495+0700] {dag.py:2941} INFO - Sync 1 DAGs
[2023-12-02T13:25:04.510+0700] {logging_mixin.py:154} INFO - [2023-12-02T13:25:04.509+0700] {dag.py:3722} INFO - Setting next_dagrun for example_branch_operator to 2023-12-01T00:00:00+00:00, run_after=2023-12-02T00:00:00+00:00
[2023-12-02T13:25:04.528+0700] {processor.py:179} INFO - Processing /home/phuc/Practice/DataScience/DSProject/venv/lib/python3.10/site-packages/airflow/example_dags/example_branch_operator.py took 0.070 seconds
[2023-12-02T13:25:51.963+0700] {processor.py:157} INFO - Started process (PID=83522) to work on /home/phuc/Practice/DataScience/DSProject/venv/lib/python3.10/site-packages/airflow/example_dags/example_branch_operator.py
[2023-12-02T13:25:51.971+0700] {processor.py:829} INFO - Processing file /home/phuc/Practice/DataScience/DSProject/venv/lib/python3.10/site-packages/airflow/example_dags/example_branch_operator.py for tasks to queue
[2023-12-02T13:25:51.972+0700] {logging_mixin.py:154} INFO - [2023-12-02T13:25:51.972+0700] {dagbag.py:536} INFO - Filling up the DagBag from /home/phuc/Practice/DataScience/DSProject/venv/lib/python3.10/site-packages/airflow/example_dags/example_branch_operator.py
[2023-12-02T13:25:51.982+0700] {processor.py:839} INFO - DAG(s) dict_keys(['example_branch_operator']) retrieved from /home/phuc/Practice/DataScience/DSProject/venv/lib/python3.10/site-packages/airflow/example_dags/example_branch_operator.py
[2023-12-02T13:25:52.001+0700] {logging_mixin.py:154} INFO - [2023-12-02T13:25:52.001+0700] {dag.py:2941} INFO - Sync 1 DAGs
[2023-12-02T13:25:52.025+0700] {logging_mixin.py:154} INFO - [2023-12-02T13:25:52.025+0700] {dag.py:3722} INFO - Setting next_dagrun for example_branch_operator to 2023-12-01T00:00:00+00:00, run_after=2023-12-02T00:00:00+00:00
[2023-12-02T13:25:52.055+0700] {processor.py:179} INFO - Processing /home/phuc/Practice/DataScience/DSProject/venv/lib/python3.10/site-packages/airflow/example_dags/example_branch_operator.py took 0.095 seconds
[2023-12-02T13:26:26.436+0700] {processor.py:157} INFO - Started process (PID=83677) to work on /home/phuc/Practice/DataScience/DSProject/venv/lib/python3.10/site-packages/airflow/example_dags/example_branch_operator.py
[2023-12-02T13:26:26.443+0700] {processor.py:829} INFO - Processing file /home/phuc/Practice/DataScience/DSProject/venv/lib/python3.10/site-packages/airflow/example_dags/example_branch_operator.py for tasks to queue
[2023-12-02T13:26:26.444+0700] {logging_mixin.py:154} INFO - [2023-12-02T13:26:26.444+0700] {dagbag.py:536} INFO - Filling up the DagBag from /home/phuc/Practice/DataScience/DSProject/venv/lib/python3.10/site-packages/airflow/example_dags/example_branch_operator.py
[2023-12-02T13:26:26.454+0700] {processor.py:839} INFO - DAG(s) dict_keys(['example_branch_operator']) retrieved from /home/phuc/Practice/DataScience/DSProject/venv/lib/python3.10/site-packages/airflow/example_dags/example_branch_operator.py
[2023-12-02T13:26:26.471+0700] {logging_mixin.py:154} INFO - [2023-12-02T13:26:26.471+0700] {dag.py:2941} INFO - Sync 1 DAGs
[2023-12-02T13:26:26.493+0700] {logging_mixin.py:154} INFO - [2023-12-02T13:26:26.493+0700] {dag.py:3722} INFO - Setting next_dagrun for example_branch_operator to 2023-12-01T00:00:00+00:00, run_after=2023-12-02T00:00:00+00:00
[2023-12-02T13:26:26.513+0700] {processor.py:179} INFO - Processing /home/phuc/Practice/DataScience/DSProject/venv/lib/python3.10/site-packages/airflow/example_dags/example_branch_operator.py took 0.079 seconds
