[2023-12-02T13:18:55.881+0700] {processor.py:157} INFO - Started process (PID=81030) to work on /home/phuc/Practice/DataScience/DSProject/venv/lib/python3.10/site-packages/airflow/example_dags/example_bash_operator.py
[2023-12-02T13:18:55.881+0700] {processor.py:829} INFO - Processing file /home/phuc/Practice/DataScience/DSProject/venv/lib/python3.10/site-packages/airflow/example_dags/example_bash_operator.py for tasks to queue
[2023-12-02T13:18:55.882+0700] {logging_mixin.py:154} INFO - [2023-12-02T13:18:55.881+0700] {dagbag.py:536} INFO - Filling up the DagBag from /home/phuc/Practice/DataScience/DSProject/venv/lib/python3.10/site-packages/airflow/example_dags/example_bash_operator.py
[2023-12-02T13:18:55.888+0700] {processor.py:839} INFO - DAG(s) dict_keys(['example_bash_operator']) retrieved from /home/phuc/Practice/DataScience/DSProject/venv/lib/python3.10/site-packages/airflow/example_dags/example_bash_operator.py
[2023-12-02T13:18:55.953+0700] {logging_mixin.py:154} INFO - [2023-12-02T13:18:55.953+0700] {manager.py:499} INFO - Created Permission View: %s
[2023-12-02T13:18:55.958+0700] {logging_mixin.py:154} INFO - [2023-12-02T13:18:55.958+0700] {manager.py:499} INFO - Created Permission View: %s
[2023-12-02T13:18:55.962+0700] {logging_mixin.py:154} INFO - [2023-12-02T13:18:55.962+0700] {manager.py:499} INFO - Created Permission View: %s
[2023-12-02T13:18:55.962+0700] {logging_mixin.py:154} INFO - [2023-12-02T13:18:55.962+0700] {dag.py:2941} INFO - Sync 1 DAGs
[2023-12-02T13:18:55.967+0700] {logging_mixin.py:154} INFO - [2023-12-02T13:18:55.967+0700] {dag.py:2963} INFO - Creating ORM DAG for example_bash_operator
[2023-12-02T13:18:55.972+0700] {logging_mixin.py:154} INFO - [2023-12-02T13:18:55.972+0700] {dag.py:3722} INFO - Setting next_dagrun for example_bash_operator to 2023-12-01T00:00:00+00:00, run_after=2023-12-02T00:00:00+00:00
[2023-12-02T13:18:55.981+0700] {processor.py:179} INFO - Processing /home/phuc/Practice/DataScience/DSProject/venv/lib/python3.10/site-packages/airflow/example_dags/example_bash_operator.py took 0.102 seconds
[2023-12-02T13:19:48.756+0700] {processor.py:157} INFO - Started process (PID=81385) to work on /home/phuc/Practice/DataScience/DSProject/venv/lib/python3.10/site-packages/airflow/example_dags/example_bash_operator.py
[2023-12-02T13:19:48.763+0700] {processor.py:829} INFO - Processing file /home/phuc/Practice/DataScience/DSProject/venv/lib/python3.10/site-packages/airflow/example_dags/example_bash_operator.py for tasks to queue
[2023-12-02T13:19:48.763+0700] {logging_mixin.py:154} INFO - [2023-12-02T13:19:48.763+0700] {dagbag.py:536} INFO - Filling up the DagBag from /home/phuc/Practice/DataScience/DSProject/venv/lib/python3.10/site-packages/airflow/example_dags/example_bash_operator.py
[2023-12-02T13:19:48.770+0700] {processor.py:839} INFO - DAG(s) dict_keys(['example_bash_operator']) retrieved from /home/phuc/Practice/DataScience/DSProject/venv/lib/python3.10/site-packages/airflow/example_dags/example_bash_operator.py
[2023-12-02T13:19:48.782+0700] {logging_mixin.py:154} INFO - [2023-12-02T13:19:48.782+0700] {dag.py:2941} INFO - Sync 1 DAGs
[2023-12-02T13:19:48.792+0700] {logging_mixin.py:154} INFO - [2023-12-02T13:19:48.792+0700] {dag.py:3722} INFO - Setting next_dagrun for example_bash_operator to 2023-12-01T00:00:00+00:00, run_after=2023-12-02T00:00:00+00:00
[2023-12-02T13:19:48.802+0700] {processor.py:179} INFO - Processing /home/phuc/Practice/DataScience/DSProject/venv/lib/python3.10/site-packages/airflow/example_dags/example_bash_operator.py took 0.048 seconds
[2023-12-02T13:20:40.915+0700] {processor.py:157} INFO - Started process (PID=81682) to work on /home/phuc/Practice/DataScience/DSProject/venv/lib/python3.10/site-packages/airflow/example_dags/example_bash_operator.py
[2023-12-02T13:20:40.922+0700] {processor.py:829} INFO - Processing file /home/phuc/Practice/DataScience/DSProject/venv/lib/python3.10/site-packages/airflow/example_dags/example_bash_operator.py for tasks to queue
[2023-12-02T13:20:40.924+0700] {logging_mixin.py:154} INFO - [2023-12-02T13:20:40.923+0700] {dagbag.py:536} INFO - Filling up the DagBag from /home/phuc/Practice/DataScience/DSProject/venv/lib/python3.10/site-packages/airflow/example_dags/example_bash_operator.py
[2023-12-02T13:20:40.939+0700] {processor.py:839} INFO - DAG(s) dict_keys(['example_bash_operator']) retrieved from /home/phuc/Practice/DataScience/DSProject/venv/lib/python3.10/site-packages/airflow/example_dags/example_bash_operator.py
[2023-12-02T13:20:40.951+0700] {logging_mixin.py:154} INFO - [2023-12-02T13:20:40.951+0700] {dag.py:2941} INFO - Sync 1 DAGs
[2023-12-02T13:20:40.961+0700] {logging_mixin.py:154} INFO - [2023-12-02T13:20:40.961+0700] {dag.py:3722} INFO - Setting next_dagrun for example_bash_operator to 2023-12-01T00:00:00+00:00, run_after=2023-12-02T00:00:00+00:00
[2023-12-02T13:20:40.971+0700] {processor.py:179} INFO - Processing /home/phuc/Practice/DataScience/DSProject/venv/lib/python3.10/site-packages/airflow/example_dags/example_bash_operator.py took 0.059 seconds
[2023-12-02T13:21:32.382+0700] {processor.py:157} INFO - Started process (PID=81939) to work on /home/phuc/Practice/DataScience/DSProject/venv/lib/python3.10/site-packages/airflow/example_dags/example_bash_operator.py
[2023-12-02T13:21:32.383+0700] {processor.py:829} INFO - Processing file /home/phuc/Practice/DataScience/DSProject/venv/lib/python3.10/site-packages/airflow/example_dags/example_bash_operator.py for tasks to queue
[2023-12-02T13:21:32.384+0700] {logging_mixin.py:154} INFO - [2023-12-02T13:21:32.383+0700] {dagbag.py:536} INFO - Filling up the DagBag from /home/phuc/Practice/DataScience/DSProject/venv/lib/python3.10/site-packages/airflow/example_dags/example_bash_operator.py
[2023-12-02T13:21:32.395+0700] {processor.py:839} INFO - DAG(s) dict_keys(['example_bash_operator']) retrieved from /home/phuc/Practice/DataScience/DSProject/venv/lib/python3.10/site-packages/airflow/example_dags/example_bash_operator.py
[2023-12-02T13:21:32.410+0700] {logging_mixin.py:154} INFO - [2023-12-02T13:21:32.410+0700] {dag.py:2941} INFO - Sync 1 DAGs
[2023-12-02T13:21:32.422+0700] {logging_mixin.py:154} INFO - [2023-12-02T13:21:32.422+0700] {dag.py:3722} INFO - Setting next_dagrun for example_bash_operator to 2023-12-01T00:00:00+00:00, run_after=2023-12-02T00:00:00+00:00
[2023-12-02T13:21:32.434+0700] {processor.py:179} INFO - Processing /home/phuc/Practice/DataScience/DSProject/venv/lib/python3.10/site-packages/airflow/example_dags/example_bash_operator.py took 0.055 seconds
[2023-12-02T13:22:18.741+0700] {processor.py:157} INFO - Started process (PID=82334) to work on /home/phuc/Practice/DataScience/DSProject/venv/lib/python3.10/site-packages/airflow/example_dags/example_bash_operator.py
[2023-12-02T13:22:18.748+0700] {processor.py:829} INFO - Processing file /home/phuc/Practice/DataScience/DSProject/venv/lib/python3.10/site-packages/airflow/example_dags/example_bash_operator.py for tasks to queue
[2023-12-02T13:22:18.749+0700] {logging_mixin.py:154} INFO - [2023-12-02T13:22:18.748+0700] {dagbag.py:536} INFO - Filling up the DagBag from /home/phuc/Practice/DataScience/DSProject/venv/lib/python3.10/site-packages/airflow/example_dags/example_bash_operator.py
[2023-12-02T13:22:18.757+0700] {processor.py:839} INFO - DAG(s) dict_keys(['example_bash_operator']) retrieved from /home/phuc/Practice/DataScience/DSProject/venv/lib/python3.10/site-packages/airflow/example_dags/example_bash_operator.py
[2023-12-02T13:22:18.771+0700] {logging_mixin.py:154} INFO - [2023-12-02T13:22:18.770+0700] {dag.py:2941} INFO - Sync 1 DAGs
[2023-12-02T13:22:18.783+0700] {logging_mixin.py:154} INFO - [2023-12-02T13:22:18.783+0700] {dag.py:3722} INFO - Setting next_dagrun for example_bash_operator to 2023-12-01T00:00:00+00:00, run_after=2023-12-02T00:00:00+00:00
[2023-12-02T13:22:18.795+0700] {processor.py:179} INFO - Processing /home/phuc/Practice/DataScience/DSProject/venv/lib/python3.10/site-packages/airflow/example_dags/example_bash_operator.py took 0.057 seconds
[2023-12-02T13:23:04.051+0700] {processor.py:157} INFO - Started process (PID=82661) to work on /home/phuc/Practice/DataScience/DSProject/venv/lib/python3.10/site-packages/airflow/example_dags/example_bash_operator.py
[2023-12-02T13:23:04.059+0700] {processor.py:829} INFO - Processing file /home/phuc/Practice/DataScience/DSProject/venv/lib/python3.10/site-packages/airflow/example_dags/example_bash_operator.py for tasks to queue
[2023-12-02T13:23:04.060+0700] {logging_mixin.py:154} INFO - [2023-12-02T13:23:04.059+0700] {dagbag.py:536} INFO - Filling up the DagBag from /home/phuc/Practice/DataScience/DSProject/venv/lib/python3.10/site-packages/airflow/example_dags/example_bash_operator.py
[2023-12-02T13:23:04.075+0700] {processor.py:839} INFO - DAG(s) dict_keys(['example_bash_operator']) retrieved from /home/phuc/Practice/DataScience/DSProject/venv/lib/python3.10/site-packages/airflow/example_dags/example_bash_operator.py
[2023-12-02T13:23:04.088+0700] {logging_mixin.py:154} INFO - [2023-12-02T13:23:04.088+0700] {dag.py:2941} INFO - Sync 1 DAGs
[2023-12-02T13:23:04.099+0700] {logging_mixin.py:154} INFO - [2023-12-02T13:23:04.099+0700] {dag.py:3722} INFO - Setting next_dagrun for example_bash_operator to 2023-12-01T00:00:00+00:00, run_after=2023-12-02T00:00:00+00:00
[2023-12-02T13:23:04.109+0700] {processor.py:179} INFO - Processing /home/phuc/Practice/DataScience/DSProject/venv/lib/python3.10/site-packages/airflow/example_dags/example_bash_operator.py took 0.062 seconds
[2023-12-02T13:23:58.991+0700] {processor.py:157} INFO - Started process (PID=82899) to work on /home/phuc/Practice/DataScience/DSProject/venv/lib/python3.10/site-packages/airflow/example_dags/example_bash_operator.py
[2023-12-02T13:23:58.992+0700] {processor.py:829} INFO - Processing file /home/phuc/Practice/DataScience/DSProject/venv/lib/python3.10/site-packages/airflow/example_dags/example_bash_operator.py for tasks to queue
[2023-12-02T13:23:58.993+0700] {logging_mixin.py:154} INFO - [2023-12-02T13:23:58.992+0700] {dagbag.py:536} INFO - Filling up the DagBag from /home/phuc/Practice/DataScience/DSProject/venv/lib/python3.10/site-packages/airflow/example_dags/example_bash_operator.py
[2023-12-02T13:23:59.007+0700] {processor.py:839} INFO - DAG(s) dict_keys(['example_bash_operator']) retrieved from /home/phuc/Practice/DataScience/DSProject/venv/lib/python3.10/site-packages/airflow/example_dags/example_bash_operator.py
[2023-12-02T13:23:59.032+0700] {logging_mixin.py:154} INFO - [2023-12-02T13:23:59.032+0700] {dag.py:2941} INFO - Sync 1 DAGs
[2023-12-02T13:23:59.052+0700] {logging_mixin.py:154} INFO - [2023-12-02T13:23:59.052+0700] {dag.py:3722} INFO - Setting next_dagrun for example_bash_operator to 2023-12-01T00:00:00+00:00, run_after=2023-12-02T00:00:00+00:00
[2023-12-02T13:23:59.072+0700] {processor.py:179} INFO - Processing /home/phuc/Practice/DataScience/DSProject/venv/lib/python3.10/site-packages/airflow/example_dags/example_bash_operator.py took 0.084 seconds
[2023-12-02T13:24:58.174+0700] {processor.py:157} INFO - Started process (PID=83291) to work on /home/phuc/Practice/DataScience/DSProject/venv/lib/python3.10/site-packages/airflow/example_dags/example_bash_operator.py
[2023-12-02T13:24:58.181+0700] {processor.py:829} INFO - Processing file /home/phuc/Practice/DataScience/DSProject/venv/lib/python3.10/site-packages/airflow/example_dags/example_bash_operator.py for tasks to queue
[2023-12-02T13:24:58.181+0700] {logging_mixin.py:154} INFO - [2023-12-02T13:24:58.181+0700] {dagbag.py:536} INFO - Filling up the DagBag from /home/phuc/Practice/DataScience/DSProject/venv/lib/python3.10/site-packages/airflow/example_dags/example_bash_operator.py
[2023-12-02T13:24:58.191+0700] {processor.py:839} INFO - DAG(s) dict_keys(['example_bash_operator']) retrieved from /home/phuc/Practice/DataScience/DSProject/venv/lib/python3.10/site-packages/airflow/example_dags/example_bash_operator.py
[2023-12-02T13:24:58.207+0700] {logging_mixin.py:154} INFO - [2023-12-02T13:24:58.207+0700] {dag.py:2941} INFO - Sync 1 DAGs
[2023-12-02T13:24:58.224+0700] {logging_mixin.py:154} INFO - [2023-12-02T13:24:58.224+0700] {dag.py:3722} INFO - Setting next_dagrun for example_bash_operator to 2023-12-01T00:00:00+00:00, run_after=2023-12-02T00:00:00+00:00
[2023-12-02T13:24:58.239+0700] {processor.py:179} INFO - Processing /home/phuc/Practice/DataScience/DSProject/venv/lib/python3.10/site-packages/airflow/example_dags/example_bash_operator.py took 0.069 seconds
[2023-12-02T13:25:46.419+0700] {processor.py:157} INFO - Started process (PID=83501) to work on /home/phuc/Practice/DataScience/DSProject/venv/lib/python3.10/site-packages/airflow/example_dags/example_bash_operator.py
[2023-12-02T13:25:46.426+0700] {processor.py:829} INFO - Processing file /home/phuc/Practice/DataScience/DSProject/venv/lib/python3.10/site-packages/airflow/example_dags/example_bash_operator.py for tasks to queue
[2023-12-02T13:25:46.427+0700] {logging_mixin.py:154} INFO - [2023-12-02T13:25:46.427+0700] {dagbag.py:536} INFO - Filling up the DagBag from /home/phuc/Practice/DataScience/DSProject/venv/lib/python3.10/site-packages/airflow/example_dags/example_bash_operator.py
[2023-12-02T13:25:46.437+0700] {processor.py:839} INFO - DAG(s) dict_keys(['example_bash_operator']) retrieved from /home/phuc/Practice/DataScience/DSProject/venv/lib/python3.10/site-packages/airflow/example_dags/example_bash_operator.py
[2023-12-02T13:25:46.458+0700] {logging_mixin.py:154} INFO - [2023-12-02T13:25:46.458+0700] {dag.py:2941} INFO - Sync 1 DAGs
[2023-12-02T13:25:46.477+0700] {logging_mixin.py:154} INFO - [2023-12-02T13:25:46.476+0700] {dag.py:3722} INFO - Setting next_dagrun for example_bash_operator to 2023-12-01T00:00:00+00:00, run_after=2023-12-02T00:00:00+00:00
[2023-12-02T13:25:46.496+0700] {processor.py:179} INFO - Processing /home/phuc/Practice/DataScience/DSProject/venv/lib/python3.10/site-packages/airflow/example_dags/example_bash_operator.py took 0.079 seconds
[2023-12-02T13:26:36.753+0700] {processor.py:157} INFO - Started process (PID=83727) to work on /home/phuc/Practice/DataScience/DSProject/venv/lib/python3.10/site-packages/airflow/example_dags/example_bash_operator.py
[2023-12-02T13:26:36.760+0700] {processor.py:829} INFO - Processing file /home/phuc/Practice/DataScience/DSProject/venv/lib/python3.10/site-packages/airflow/example_dags/example_bash_operator.py for tasks to queue
[2023-12-02T13:26:36.761+0700] {logging_mixin.py:154} INFO - [2023-12-02T13:26:36.761+0700] {dagbag.py:536} INFO - Filling up the DagBag from /home/phuc/Practice/DataScience/DSProject/venv/lib/python3.10/site-packages/airflow/example_dags/example_bash_operator.py
[2023-12-02T13:26:36.775+0700] {processor.py:839} INFO - DAG(s) dict_keys(['example_bash_operator']) retrieved from /home/phuc/Practice/DataScience/DSProject/venv/lib/python3.10/site-packages/airflow/example_dags/example_bash_operator.py
[2023-12-02T13:26:36.789+0700] {logging_mixin.py:154} INFO - [2023-12-02T13:26:36.789+0700] {dag.py:2941} INFO - Sync 1 DAGs
[2023-12-02T13:26:36.802+0700] {logging_mixin.py:154} INFO - [2023-12-02T13:26:36.802+0700] {dag.py:3722} INFO - Setting next_dagrun for example_bash_operator to 2023-12-01T00:00:00+00:00, run_after=2023-12-02T00:00:00+00:00
[2023-12-02T13:26:36.817+0700] {processor.py:179} INFO - Processing /home/phuc/Practice/DataScience/DSProject/venv/lib/python3.10/site-packages/airflow/example_dags/example_bash_operator.py took 0.069 seconds
