[2023-12-02T13:18:55.176+0700] {processor.py:157} INFO - Started process (PID=81029) to work on /home/phuc/Practice/DataScience/DSProject/venv/lib/python3.10/site-packages/airflow/example_dags/example_branch_datetime_operator.py
[2023-12-02T13:18:55.178+0700] {processor.py:829} INFO - Processing file /home/phuc/Practice/DataScience/DSProject/venv/lib/python3.10/site-packages/airflow/example_dags/example_branch_datetime_operator.py for tasks to queue
[2023-12-02T13:18:55.179+0700] {logging_mixin.py:154} INFO - [2023-12-02T13:18:55.179+0700] {dagbag.py:536} INFO - Filling up the DagBag from /home/phuc/Practice/DataScience/DSProject/venv/lib/python3.10/site-packages/airflow/example_dags/example_branch_datetime_operator.py
[2023-12-02T13:18:55.190+0700] {processor.py:839} INFO - DAG(s) dict_keys(['example_branch_datetime_operator_3', 'example_branch_datetime_operator_2', 'example_branch_datetime_operator']) retrieved from /home/phuc/Practice/DataScience/DSProject/venv/lib/python3.10/site-packages/airflow/example_dags/example_branch_datetime_operator.py
[2023-12-02T13:18:55.238+0700] {logging_mixin.py:154} INFO - [2023-12-02T13:18:55.238+0700] {manager.py:499} INFO - Created Permission View: %s
[2023-12-02T13:18:55.243+0700] {logging_mixin.py:154} INFO - [2023-12-02T13:18:55.243+0700] {manager.py:499} INFO - Created Permission View: %s
[2023-12-02T13:18:55.247+0700] {logging_mixin.py:154} INFO - [2023-12-02T13:18:55.247+0700] {manager.py:499} INFO - Created Permission View: %s
[2023-12-02T13:18:55.255+0700] {logging_mixin.py:154} INFO - [2023-12-02T13:18:55.255+0700] {manager.py:499} INFO - Created Permission View: %s
[2023-12-02T13:18:55.259+0700] {logging_mixin.py:154} INFO - [2023-12-02T13:18:55.259+0700] {manager.py:499} INFO - Created Permission View: %s
[2023-12-02T13:18:55.262+0700] {logging_mixin.py:154} INFO - [2023-12-02T13:18:55.262+0700] {manager.py:499} INFO - Created Permission View: %s
[2023-12-02T13:18:55.270+0700] {logging_mixin.py:154} INFO - [2023-12-02T13:18:55.269+0700] {manager.py:499} INFO - Created Permission View: %s
[2023-12-02T13:18:55.273+0700] {logging_mixin.py:154} INFO - [2023-12-02T13:18:55.273+0700] {manager.py:499} INFO - Created Permission View: %s
[2023-12-02T13:18:55.276+0700] {logging_mixin.py:154} INFO - [2023-12-02T13:18:55.276+0700] {manager.py:499} INFO - Created Permission View: %s
[2023-12-02T13:18:55.276+0700] {logging_mixin.py:154} INFO - [2023-12-02T13:18:55.276+0700] {dag.py:2941} INFO - Sync 3 DAGs
[2023-12-02T13:18:55.281+0700] {logging_mixin.py:154} INFO - [2023-12-02T13:18:55.281+0700] {dag.py:2963} INFO - Creating ORM DAG for example_branch_datetime_operator_2
[2023-12-02T13:18:55.282+0700] {logging_mixin.py:154} INFO - [2023-12-02T13:18:55.282+0700] {dag.py:2963} INFO - Creating ORM DAG for example_branch_datetime_operator
[2023-12-02T13:18:55.282+0700] {logging_mixin.py:154} INFO - [2023-12-02T13:18:55.282+0700] {dag.py:2963} INFO - Creating ORM DAG for example_branch_datetime_operator_3
[2023-12-02T13:18:55.287+0700] {logging_mixin.py:154} INFO - [2023-12-02T13:18:55.287+0700] {dag.py:3722} INFO - Setting next_dagrun for example_branch_datetime_operator to 2023-12-01T00:00:00+00:00, run_after=2023-12-02T00:00:00+00:00
[2023-12-02T13:18:55.288+0700] {logging_mixin.py:154} INFO - [2023-12-02T13:18:55.288+0700] {dag.py:3722} INFO - Setting next_dagrun for example_branch_datetime_operator_2 to 2023-12-01T00:00:00+00:00, run_after=2023-12-02T00:00:00+00:00
[2023-12-02T13:18:55.289+0700] {logging_mixin.py:154} INFO - [2023-12-02T13:18:55.289+0700] {dag.py:3722} INFO - Setting next_dagrun for example_branch_datetime_operator_3 to 2023-12-01T00:00:00+00:00, run_after=2023-12-02T00:00:00+00:00
[2023-12-02T13:18:55.297+0700] {processor.py:179} INFO - Processing /home/phuc/Practice/DataScience/DSProject/venv/lib/python3.10/site-packages/airflow/example_dags/example_branch_datetime_operator.py took 0.125 seconds
[2023-12-02T13:19:48.171+0700] {processor.py:157} INFO - Started process (PID=81362) to work on /home/phuc/Practice/DataScience/DSProject/venv/lib/python3.10/site-packages/airflow/example_dags/example_branch_datetime_operator.py
[2023-12-02T13:19:48.178+0700] {processor.py:829} INFO - Processing file /home/phuc/Practice/DataScience/DSProject/venv/lib/python3.10/site-packages/airflow/example_dags/example_branch_datetime_operator.py for tasks to queue
[2023-12-02T13:19:48.179+0700] {logging_mixin.py:154} INFO - [2023-12-02T13:19:48.178+0700] {dagbag.py:536} INFO - Filling up the DagBag from /home/phuc/Practice/DataScience/DSProject/venv/lib/python3.10/site-packages/airflow/example_dags/example_branch_datetime_operator.py
[2023-12-02T13:19:48.185+0700] {processor.py:839} INFO - DAG(s) dict_keys(['example_branch_datetime_operator', 'example_branch_datetime_operator_3', 'example_branch_datetime_operator_2']) retrieved from /home/phuc/Practice/DataScience/DSProject/venv/lib/python3.10/site-packages/airflow/example_dags/example_branch_datetime_operator.py
[2023-12-02T13:19:48.199+0700] {logging_mixin.py:154} INFO - [2023-12-02T13:19:48.199+0700] {dag.py:2941} INFO - Sync 3 DAGs
[2023-12-02T13:19:48.211+0700] {logging_mixin.py:154} INFO - [2023-12-02T13:19:48.211+0700] {dag.py:3722} INFO - Setting next_dagrun for example_branch_datetime_operator to 2023-12-01T00:00:00+00:00, run_after=2023-12-02T00:00:00+00:00
[2023-12-02T13:19:48.215+0700] {logging_mixin.py:154} INFO - [2023-12-02T13:19:48.215+0700] {dag.py:3722} INFO - Setting next_dagrun for example_branch_datetime_operator_2 to 2023-12-01T00:00:00+00:00, run_after=2023-12-02T00:00:00+00:00
[2023-12-02T13:19:48.216+0700] {logging_mixin.py:154} INFO - [2023-12-02T13:19:48.216+0700] {dag.py:3722} INFO - Setting next_dagrun for example_branch_datetime_operator_3 to 2023-12-01T00:00:00+00:00, run_after=2023-12-02T00:00:00+00:00
[2023-12-02T13:19:48.227+0700] {processor.py:179} INFO - Processing /home/phuc/Practice/DataScience/DSProject/venv/lib/python3.10/site-packages/airflow/example_dags/example_branch_datetime_operator.py took 0.058 seconds
[2023-12-02T13:20:39.776+0700] {processor.py:157} INFO - Started process (PID=81665) to work on /home/phuc/Practice/DataScience/DSProject/venv/lib/python3.10/site-packages/airflow/example_dags/example_branch_datetime_operator.py
[2023-12-02T13:20:39.777+0700] {processor.py:829} INFO - Processing file /home/phuc/Practice/DataScience/DSProject/venv/lib/python3.10/site-packages/airflow/example_dags/example_branch_datetime_operator.py for tasks to queue
[2023-12-02T13:20:39.777+0700] {logging_mixin.py:154} INFO - [2023-12-02T13:20:39.777+0700] {dagbag.py:536} INFO - Filling up the DagBag from /home/phuc/Practice/DataScience/DSProject/venv/lib/python3.10/site-packages/airflow/example_dags/example_branch_datetime_operator.py
[2023-12-02T13:20:39.782+0700] {processor.py:839} INFO - DAG(s) dict_keys(['example_branch_datetime_operator_2', 'example_branch_datetime_operator', 'example_branch_datetime_operator_3']) retrieved from /home/phuc/Practice/DataScience/DSProject/venv/lib/python3.10/site-packages/airflow/example_dags/example_branch_datetime_operator.py
[2023-12-02T13:20:39.797+0700] {logging_mixin.py:154} INFO - [2023-12-02T13:20:39.797+0700] {dag.py:2941} INFO - Sync 3 DAGs
[2023-12-02T13:20:39.810+0700] {logging_mixin.py:154} INFO - [2023-12-02T13:20:39.810+0700] {dag.py:3722} INFO - Setting next_dagrun for example_branch_datetime_operator to 2023-12-01T00:00:00+00:00, run_after=2023-12-02T00:00:00+00:00
[2023-12-02T13:20:39.813+0700] {logging_mixin.py:154} INFO - [2023-12-02T13:20:39.813+0700] {dag.py:3722} INFO - Setting next_dagrun for example_branch_datetime_operator_2 to 2023-12-01T00:00:00+00:00, run_after=2023-12-02T00:00:00+00:00
[2023-12-02T13:20:39.815+0700] {logging_mixin.py:154} INFO - [2023-12-02T13:20:39.814+0700] {dag.py:3722} INFO - Setting next_dagrun for example_branch_datetime_operator_3 to 2023-12-01T00:00:00+00:00, run_after=2023-12-02T00:00:00+00:00
[2023-12-02T13:20:39.825+0700] {processor.py:179} INFO - Processing /home/phuc/Practice/DataScience/DSProject/venv/lib/python3.10/site-packages/airflow/example_dags/example_branch_datetime_operator.py took 0.051 seconds
[2023-12-02T13:21:31.243+0700] {processor.py:157} INFO - Started process (PID=81938) to work on /home/phuc/Practice/DataScience/DSProject/venv/lib/python3.10/site-packages/airflow/example_dags/example_branch_datetime_operator.py
[2023-12-02T13:21:31.245+0700] {processor.py:829} INFO - Processing file /home/phuc/Practice/DataScience/DSProject/venv/lib/python3.10/site-packages/airflow/example_dags/example_branch_datetime_operator.py for tasks to queue
[2023-12-02T13:21:31.246+0700] {logging_mixin.py:154} INFO - [2023-12-02T13:21:31.245+0700] {dagbag.py:536} INFO - Filling up the DagBag from /home/phuc/Practice/DataScience/DSProject/venv/lib/python3.10/site-packages/airflow/example_dags/example_branch_datetime_operator.py
[2023-12-02T13:21:31.257+0700] {processor.py:839} INFO - DAG(s) dict_keys(['example_branch_datetime_operator_3', 'example_branch_datetime_operator', 'example_branch_datetime_operator_2']) retrieved from /home/phuc/Practice/DataScience/DSProject/venv/lib/python3.10/site-packages/airflow/example_dags/example_branch_datetime_operator.py
[2023-12-02T13:21:31.273+0700] {logging_mixin.py:154} INFO - [2023-12-02T13:21:31.273+0700] {dag.py:2941} INFO - Sync 3 DAGs
[2023-12-02T13:21:31.290+0700] {logging_mixin.py:154} INFO - [2023-12-02T13:21:31.289+0700] {dag.py:3722} INFO - Setting next_dagrun for example_branch_datetime_operator to 2023-12-01T00:00:00+00:00, run_after=2023-12-02T00:00:00+00:00
[2023-12-02T13:21:31.293+0700] {logging_mixin.py:154} INFO - [2023-12-02T13:21:31.292+0700] {dag.py:3722} INFO - Setting next_dagrun for example_branch_datetime_operator_2 to 2023-12-01T00:00:00+00:00, run_after=2023-12-02T00:00:00+00:00
[2023-12-02T13:21:31.294+0700] {logging_mixin.py:154} INFO - [2023-12-02T13:21:31.294+0700] {dag.py:3722} INFO - Setting next_dagrun for example_branch_datetime_operator_3 to 2023-12-01T00:00:00+00:00, run_after=2023-12-02T00:00:00+00:00
[2023-12-02T13:21:31.307+0700] {processor.py:179} INFO - Processing /home/phuc/Practice/DataScience/DSProject/venv/lib/python3.10/site-packages/airflow/example_dags/example_branch_datetime_operator.py took 0.067 seconds
[2023-12-02T13:22:17.598+0700] {processor.py:157} INFO - Started process (PID=82333) to work on /home/phuc/Practice/DataScience/DSProject/venv/lib/python3.10/site-packages/airflow/example_dags/example_branch_datetime_operator.py
[2023-12-02T13:22:17.605+0700] {processor.py:829} INFO - Processing file /home/phuc/Practice/DataScience/DSProject/venv/lib/python3.10/site-packages/airflow/example_dags/example_branch_datetime_operator.py for tasks to queue
[2023-12-02T13:22:17.606+0700] {logging_mixin.py:154} INFO - [2023-12-02T13:22:17.605+0700] {dagbag.py:536} INFO - Filling up the DagBag from /home/phuc/Practice/DataScience/DSProject/venv/lib/python3.10/site-packages/airflow/example_dags/example_branch_datetime_operator.py
[2023-12-02T13:22:17.619+0700] {processor.py:839} INFO - DAG(s) dict_keys(['example_branch_datetime_operator', 'example_branch_datetime_operator_2', 'example_branch_datetime_operator_3']) retrieved from /home/phuc/Practice/DataScience/DSProject/venv/lib/python3.10/site-packages/airflow/example_dags/example_branch_datetime_operator.py
[2023-12-02T13:22:17.634+0700] {logging_mixin.py:154} INFO - [2023-12-02T13:22:17.633+0700] {dag.py:2941} INFO - Sync 3 DAGs
[2023-12-02T13:22:17.646+0700] {logging_mixin.py:154} INFO - [2023-12-02T13:22:17.646+0700] {dag.py:3722} INFO - Setting next_dagrun for example_branch_datetime_operator to 2023-12-01T00:00:00+00:00, run_after=2023-12-02T00:00:00+00:00
[2023-12-02T13:22:17.648+0700] {logging_mixin.py:154} INFO - [2023-12-02T13:22:17.648+0700] {dag.py:3722} INFO - Setting next_dagrun for example_branch_datetime_operator_2 to 2023-12-01T00:00:00+00:00, run_after=2023-12-02T00:00:00+00:00
[2023-12-02T13:22:17.650+0700] {logging_mixin.py:154} INFO - [2023-12-02T13:22:17.650+0700] {dag.py:3722} INFO - Setting next_dagrun for example_branch_datetime_operator_3 to 2023-12-01T00:00:00+00:00, run_after=2023-12-02T00:00:00+00:00
[2023-12-02T13:22:17.661+0700] {processor.py:179} INFO - Processing /home/phuc/Practice/DataScience/DSProject/venv/lib/python3.10/site-packages/airflow/example_dags/example_branch_datetime_operator.py took 0.066 seconds
[2023-12-02T13:23:03.782+0700] {processor.py:157} INFO - Started process (PID=82660) to work on /home/phuc/Practice/DataScience/DSProject/venv/lib/python3.10/site-packages/airflow/example_dags/example_branch_datetime_operator.py
[2023-12-02T13:23:03.788+0700] {processor.py:829} INFO - Processing file /home/phuc/Practice/DataScience/DSProject/venv/lib/python3.10/site-packages/airflow/example_dags/example_branch_datetime_operator.py for tasks to queue
[2023-12-02T13:23:03.789+0700] {logging_mixin.py:154} INFO - [2023-12-02T13:23:03.789+0700] {dagbag.py:536} INFO - Filling up the DagBag from /home/phuc/Practice/DataScience/DSProject/venv/lib/python3.10/site-packages/airflow/example_dags/example_branch_datetime_operator.py
[2023-12-02T13:23:03.794+0700] {processor.py:839} INFO - DAG(s) dict_keys(['example_branch_datetime_operator_3', 'example_branch_datetime_operator', 'example_branch_datetime_operator_2']) retrieved from /home/phuc/Practice/DataScience/DSProject/venv/lib/python3.10/site-packages/airflow/example_dags/example_branch_datetime_operator.py
[2023-12-02T13:23:03.808+0700] {logging_mixin.py:154} INFO - [2023-12-02T13:23:03.808+0700] {dag.py:2941} INFO - Sync 3 DAGs
[2023-12-02T13:23:03.819+0700] {logging_mixin.py:154} INFO - [2023-12-02T13:23:03.819+0700] {dag.py:3722} INFO - Setting next_dagrun for example_branch_datetime_operator to 2023-12-01T00:00:00+00:00, run_after=2023-12-02T00:00:00+00:00
[2023-12-02T13:23:03.822+0700] {logging_mixin.py:154} INFO - [2023-12-02T13:23:03.822+0700] {dag.py:3722} INFO - Setting next_dagrun for example_branch_datetime_operator_2 to 2023-12-01T00:00:00+00:00, run_after=2023-12-02T00:00:00+00:00
[2023-12-02T13:23:03.823+0700] {logging_mixin.py:154} INFO - [2023-12-02T13:23:03.823+0700] {dag.py:3722} INFO - Setting next_dagrun for example_branch_datetime_operator_3 to 2023-12-01T00:00:00+00:00, run_after=2023-12-02T00:00:00+00:00
[2023-12-02T13:23:03.833+0700] {processor.py:179} INFO - Processing /home/phuc/Practice/DataScience/DSProject/venv/lib/python3.10/site-packages/airflow/example_dags/example_branch_datetime_operator.py took 0.054 seconds
[2023-12-02T13:23:57.855+0700] {processor.py:157} INFO - Started process (PID=82894) to work on /home/phuc/Practice/DataScience/DSProject/venv/lib/python3.10/site-packages/airflow/example_dags/example_branch_datetime_operator.py
[2023-12-02T13:23:57.855+0700] {processor.py:829} INFO - Processing file /home/phuc/Practice/DataScience/DSProject/venv/lib/python3.10/site-packages/airflow/example_dags/example_branch_datetime_operator.py for tasks to queue
[2023-12-02T13:23:57.856+0700] {logging_mixin.py:154} INFO - [2023-12-02T13:23:57.855+0700] {dagbag.py:536} INFO - Filling up the DagBag from /home/phuc/Practice/DataScience/DSProject/venv/lib/python3.10/site-packages/airflow/example_dags/example_branch_datetime_operator.py
[2023-12-02T13:23:57.867+0700] {processor.py:839} INFO - DAG(s) dict_keys(['example_branch_datetime_operator_3', 'example_branch_datetime_operator', 'example_branch_datetime_operator_2']) retrieved from /home/phuc/Practice/DataScience/DSProject/venv/lib/python3.10/site-packages/airflow/example_dags/example_branch_datetime_operator.py
[2023-12-02T13:23:57.881+0700] {logging_mixin.py:154} INFO - [2023-12-02T13:23:57.880+0700] {dag.py:2941} INFO - Sync 3 DAGs
[2023-12-02T13:23:57.892+0700] {logging_mixin.py:154} INFO - [2023-12-02T13:23:57.892+0700] {dag.py:3722} INFO - Setting next_dagrun for example_branch_datetime_operator to 2023-12-01T00:00:00+00:00, run_after=2023-12-02T00:00:00+00:00
[2023-12-02T13:23:57.895+0700] {logging_mixin.py:154} INFO - [2023-12-02T13:23:57.895+0700] {dag.py:3722} INFO - Setting next_dagrun for example_branch_datetime_operator_2 to 2023-12-01T00:00:00+00:00, run_after=2023-12-02T00:00:00+00:00
[2023-12-02T13:23:57.896+0700] {logging_mixin.py:154} INFO - [2023-12-02T13:23:57.896+0700] {dag.py:3722} INFO - Setting next_dagrun for example_branch_datetime_operator_3 to 2023-12-01T00:00:00+00:00, run_after=2023-12-02T00:00:00+00:00
[2023-12-02T13:23:57.908+0700] {processor.py:179} INFO - Processing /home/phuc/Practice/DataScience/DSProject/venv/lib/python3.10/site-packages/airflow/example_dags/example_branch_datetime_operator.py took 0.056 seconds
[2023-12-02T13:24:57.027+0700] {processor.py:157} INFO - Started process (PID=83290) to work on /home/phuc/Practice/DataScience/DSProject/venv/lib/python3.10/site-packages/airflow/example_dags/example_branch_datetime_operator.py
[2023-12-02T13:24:57.028+0700] {processor.py:829} INFO - Processing file /home/phuc/Practice/DataScience/DSProject/venv/lib/python3.10/site-packages/airflow/example_dags/example_branch_datetime_operator.py for tasks to queue
[2023-12-02T13:24:57.028+0700] {logging_mixin.py:154} INFO - [2023-12-02T13:24:57.028+0700] {dagbag.py:536} INFO - Filling up the DagBag from /home/phuc/Practice/DataScience/DSProject/venv/lib/python3.10/site-packages/airflow/example_dags/example_branch_datetime_operator.py
[2023-12-02T13:24:57.035+0700] {processor.py:839} INFO - DAG(s) dict_keys(['example_branch_datetime_operator_2', 'example_branch_datetime_operator', 'example_branch_datetime_operator_3']) retrieved from /home/phuc/Practice/DataScience/DSProject/venv/lib/python3.10/site-packages/airflow/example_dags/example_branch_datetime_operator.py
[2023-12-02T13:24:57.049+0700] {logging_mixin.py:154} INFO - [2023-12-02T13:24:57.049+0700] {dag.py:2941} INFO - Sync 3 DAGs
[2023-12-02T13:24:57.062+0700] {logging_mixin.py:154} INFO - [2023-12-02T13:24:57.062+0700] {dag.py:3722} INFO - Setting next_dagrun for example_branch_datetime_operator to 2023-12-01T00:00:00+00:00, run_after=2023-12-02T00:00:00+00:00
[2023-12-02T13:24:57.065+0700] {logging_mixin.py:154} INFO - [2023-12-02T13:24:57.065+0700] {dag.py:3722} INFO - Setting next_dagrun for example_branch_datetime_operator_2 to 2023-12-01T00:00:00+00:00, run_after=2023-12-02T00:00:00+00:00
[2023-12-02T13:24:57.066+0700] {logging_mixin.py:154} INFO - [2023-12-02T13:24:57.066+0700] {dag.py:3722} INFO - Setting next_dagrun for example_branch_datetime_operator_3 to 2023-12-01T00:00:00+00:00, run_after=2023-12-02T00:00:00+00:00
[2023-12-02T13:24:57.078+0700] {processor.py:179} INFO - Processing /home/phuc/Practice/DataScience/DSProject/venv/lib/python3.10/site-packages/airflow/example_dags/example_branch_datetime_operator.py took 0.053 seconds
[2023-12-02T13:25:45.270+0700] {processor.py:157} INFO - Started process (PID=83500) to work on /home/phuc/Practice/DataScience/DSProject/venv/lib/python3.10/site-packages/airflow/example_dags/example_branch_datetime_operator.py
[2023-12-02T13:25:45.277+0700] {processor.py:829} INFO - Processing file /home/phuc/Practice/DataScience/DSProject/venv/lib/python3.10/site-packages/airflow/example_dags/example_branch_datetime_operator.py for tasks to queue
[2023-12-02T13:25:45.277+0700] {logging_mixin.py:154} INFO - [2023-12-02T13:25:45.277+0700] {dagbag.py:536} INFO - Filling up the DagBag from /home/phuc/Practice/DataScience/DSProject/venv/lib/python3.10/site-packages/airflow/example_dags/example_branch_datetime_operator.py
[2023-12-02T13:25:45.284+0700] {processor.py:839} INFO - DAG(s) dict_keys(['example_branch_datetime_operator_3', 'example_branch_datetime_operator_2', 'example_branch_datetime_operator']) retrieved from /home/phuc/Practice/DataScience/DSProject/venv/lib/python3.10/site-packages/airflow/example_dags/example_branch_datetime_operator.py
[2023-12-02T13:25:45.302+0700] {logging_mixin.py:154} INFO - [2023-12-02T13:25:45.302+0700] {dag.py:2941} INFO - Sync 3 DAGs
[2023-12-02T13:25:45.322+0700] {logging_mixin.py:154} INFO - [2023-12-02T13:25:45.322+0700] {dag.py:3722} INFO - Setting next_dagrun for example_branch_datetime_operator to 2023-12-01T00:00:00+00:00, run_after=2023-12-02T00:00:00+00:00
[2023-12-02T13:25:45.326+0700] {logging_mixin.py:154} INFO - [2023-12-02T13:25:45.326+0700] {dag.py:3722} INFO - Setting next_dagrun for example_branch_datetime_operator_2 to 2023-12-01T00:00:00+00:00, run_after=2023-12-02T00:00:00+00:00
[2023-12-02T13:25:45.328+0700] {logging_mixin.py:154} INFO - [2023-12-02T13:25:45.328+0700] {dag.py:3722} INFO - Setting next_dagrun for example_branch_datetime_operator_3 to 2023-12-01T00:00:00+00:00, run_after=2023-12-02T00:00:00+00:00
[2023-12-02T13:25:45.345+0700] {processor.py:179} INFO - Processing /home/phuc/Practice/DataScience/DSProject/venv/lib/python3.10/site-packages/airflow/example_dags/example_branch_datetime_operator.py took 0.078 seconds
[2023-12-02T13:26:35.598+0700] {processor.py:157} INFO - Started process (PID=83725) to work on /home/phuc/Practice/DataScience/DSProject/venv/lib/python3.10/site-packages/airflow/example_dags/example_branch_datetime_operator.py
[2023-12-02T13:26:35.606+0700] {processor.py:829} INFO - Processing file /home/phuc/Practice/DataScience/DSProject/venv/lib/python3.10/site-packages/airflow/example_dags/example_branch_datetime_operator.py for tasks to queue
[2023-12-02T13:26:35.607+0700] {logging_mixin.py:154} INFO - [2023-12-02T13:26:35.607+0700] {dagbag.py:536} INFO - Filling up the DagBag from /home/phuc/Practice/DataScience/DSProject/venv/lib/python3.10/site-packages/airflow/example_dags/example_branch_datetime_operator.py
[2023-12-02T13:26:35.620+0700] {processor.py:839} INFO - DAG(s) dict_keys(['example_branch_datetime_operator_2', 'example_branch_datetime_operator', 'example_branch_datetime_operator_3']) retrieved from /home/phuc/Practice/DataScience/DSProject/venv/lib/python3.10/site-packages/airflow/example_dags/example_branch_datetime_operator.py
[2023-12-02T13:26:35.635+0700] {logging_mixin.py:154} INFO - [2023-12-02T13:26:35.635+0700] {dag.py:2941} INFO - Sync 3 DAGs
[2023-12-02T13:26:35.648+0700] {logging_mixin.py:154} INFO - [2023-12-02T13:26:35.647+0700] {dag.py:3722} INFO - Setting next_dagrun for example_branch_datetime_operator to 2023-12-01T00:00:00+00:00, run_after=2023-12-02T00:00:00+00:00
[2023-12-02T13:26:35.650+0700] {logging_mixin.py:154} INFO - [2023-12-02T13:26:35.650+0700] {dag.py:3722} INFO - Setting next_dagrun for example_branch_datetime_operator_2 to 2023-12-01T00:00:00+00:00, run_after=2023-12-02T00:00:00+00:00
[2023-12-02T13:26:35.651+0700] {logging_mixin.py:154} INFO - [2023-12-02T13:26:35.651+0700] {dag.py:3722} INFO - Setting next_dagrun for example_branch_datetime_operator_3 to 2023-12-01T00:00:00+00:00, run_after=2023-12-02T00:00:00+00:00
[2023-12-02T13:26:35.662+0700] {processor.py:179} INFO - Processing /home/phuc/Practice/DataScience/DSProject/venv/lib/python3.10/site-packages/airflow/example_dags/example_branch_datetime_operator.py took 0.068 seconds
