[2023-12-02T13:18:35.617+0700] {processor.py:157} INFO - Started process (PID=80942) to work on /home/phuc/Practice/DataScience/DSProject/venv/lib/python3.10/site-packages/airflow/example_dags/example_short_circuit_decorator.py
[2023-12-02T13:18:35.618+0700] {processor.py:829} INFO - Processing file /home/phuc/Practice/DataScience/DSProject/venv/lib/python3.10/site-packages/airflow/example_dags/example_short_circuit_decorator.py for tasks to queue
[2023-12-02T13:18:35.618+0700] {logging_mixin.py:154} INFO - [2023-12-02T13:18:35.618+0700] {dagbag.py:536} INFO - Filling up the DagBag from /home/phuc/Practice/DataScience/DSProject/venv/lib/python3.10/site-packages/airflow/example_dags/example_short_circuit_decorator.py
[2023-12-02T13:18:35.625+0700] {processor.py:839} INFO - DAG(s) dict_keys(['example_short_circuit_decorator']) retrieved from /home/phuc/Practice/DataScience/DSProject/venv/lib/python3.10/site-packages/airflow/example_dags/example_short_circuit_decorator.py
[2023-12-02T13:18:35.680+0700] {logging_mixin.py:154} INFO - [2023-12-02T13:18:35.679+0700] {manager.py:499} INFO - Created Permission View: %s
[2023-12-02T13:18:35.685+0700] {logging_mixin.py:154} INFO - [2023-12-02T13:18:35.684+0700] {manager.py:499} INFO - Created Permission View: %s
[2023-12-02T13:18:35.688+0700] {logging_mixin.py:154} INFO - [2023-12-02T13:18:35.688+0700] {manager.py:499} INFO - Created Permission View: %s
[2023-12-02T13:18:35.688+0700] {logging_mixin.py:154} INFO - [2023-12-02T13:18:35.688+0700] {dag.py:2941} INFO - Sync 1 DAGs
[2023-12-02T13:18:35.694+0700] {logging_mixin.py:154} INFO - [2023-12-02T13:18:35.694+0700] {dag.py:2963} INFO - Creating ORM DAG for example_short_circuit_decorator
[2023-12-02T13:18:35.698+0700] {logging_mixin.py:154} INFO - [2023-12-02T13:18:35.698+0700] {dag.py:3722} INFO - Setting next_dagrun for example_short_circuit_decorator to 2023-12-01T06:18:35.698007+00:00, run_after=2023-12-02T06:18:35.698007+00:00
[2023-12-02T13:18:35.707+0700] {processor.py:179} INFO - Processing /home/phuc/Practice/DataScience/DSProject/venv/lib/python3.10/site-packages/airflow/example_dags/example_short_circuit_decorator.py took 0.091 seconds
[2023-12-02T13:19:21.529+0700] {processor.py:157} INFO - Started process (PID=81148) to work on /home/phuc/Practice/DataScience/DSProject/venv/lib/python3.10/site-packages/airflow/example_dags/example_short_circuit_decorator.py
[2023-12-02T13:19:21.535+0700] {processor.py:829} INFO - Processing file /home/phuc/Practice/DataScience/DSProject/venv/lib/python3.10/site-packages/airflow/example_dags/example_short_circuit_decorator.py for tasks to queue
[2023-12-02T13:19:21.536+0700] {logging_mixin.py:154} INFO - [2023-12-02T13:19:21.536+0700] {dagbag.py:536} INFO - Filling up the DagBag from /home/phuc/Practice/DataScience/DSProject/venv/lib/python3.10/site-packages/airflow/example_dags/example_short_circuit_decorator.py
[2023-12-02T13:19:21.541+0700] {processor.py:839} INFO - DAG(s) dict_keys(['example_short_circuit_decorator']) retrieved from /home/phuc/Practice/DataScience/DSProject/venv/lib/python3.10/site-packages/airflow/example_dags/example_short_circuit_decorator.py
[2023-12-02T13:19:21.551+0700] {logging_mixin.py:154} INFO - [2023-12-02T13:19:21.551+0700] {dag.py:2941} INFO - Sync 1 DAGs
[2023-12-02T13:19:21.561+0700] {logging_mixin.py:154} INFO - [2023-12-02T13:19:21.561+0700] {dag.py:3722} INFO - Setting next_dagrun for example_short_circuit_decorator to 2023-12-01T06:19:21.561460+00:00, run_after=2023-12-02T06:19:21.561460+00:00
[2023-12-02T13:19:21.572+0700] {processor.py:179} INFO - Processing /home/phuc/Practice/DataScience/DSProject/venv/lib/python3.10/site-packages/airflow/example_dags/example_short_circuit_decorator.py took 0.045 seconds
[2023-12-02T13:20:13.231+0700] {processor.py:157} INFO - Started process (PID=81476) to work on /home/phuc/Practice/DataScience/DSProject/venv/lib/python3.10/site-packages/airflow/example_dags/example_short_circuit_decorator.py
[2023-12-02T13:20:13.237+0700] {processor.py:829} INFO - Processing file /home/phuc/Practice/DataScience/DSProject/venv/lib/python3.10/site-packages/airflow/example_dags/example_short_circuit_decorator.py for tasks to queue
[2023-12-02T13:20:13.238+0700] {logging_mixin.py:154} INFO - [2023-12-02T13:20:13.238+0700] {dagbag.py:536} INFO - Filling up the DagBag from /home/phuc/Practice/DataScience/DSProject/venv/lib/python3.10/site-packages/airflow/example_dags/example_short_circuit_decorator.py
[2023-12-02T13:20:13.243+0700] {processor.py:839} INFO - DAG(s) dict_keys(['example_short_circuit_decorator']) retrieved from /home/phuc/Practice/DataScience/DSProject/venv/lib/python3.10/site-packages/airflow/example_dags/example_short_circuit_decorator.py
[2023-12-02T13:20:13.252+0700] {logging_mixin.py:154} INFO - [2023-12-02T13:20:13.252+0700] {dag.py:2941} INFO - Sync 1 DAGs
[2023-12-02T13:20:13.264+0700] {logging_mixin.py:154} INFO - [2023-12-02T13:20:13.263+0700] {dag.py:3722} INFO - Setting next_dagrun for example_short_circuit_decorator to 2023-12-01T06:20:13.263838+00:00, run_after=2023-12-02T06:20:13.263838+00:00
[2023-12-02T13:20:13.275+0700] {processor.py:179} INFO - Processing /home/phuc/Practice/DataScience/DSProject/venv/lib/python3.10/site-packages/airflow/example_dags/example_short_circuit_decorator.py took 0.046 seconds
[2023-12-02T13:21:05.530+0700] {processor.py:157} INFO - Started process (PID=81795) to work on /home/phuc/Practice/DataScience/DSProject/venv/lib/python3.10/site-packages/airflow/example_dags/example_short_circuit_decorator.py
[2023-12-02T13:21:05.537+0700] {processor.py:829} INFO - Processing file /home/phuc/Practice/DataScience/DSProject/venv/lib/python3.10/site-packages/airflow/example_dags/example_short_circuit_decorator.py for tasks to queue
[2023-12-02T13:21:05.538+0700] {logging_mixin.py:154} INFO - [2023-12-02T13:21:05.537+0700] {dagbag.py:536} INFO - Filling up the DagBag from /home/phuc/Practice/DataScience/DSProject/venv/lib/python3.10/site-packages/airflow/example_dags/example_short_circuit_decorator.py
[2023-12-02T13:21:05.545+0700] {processor.py:839} INFO - DAG(s) dict_keys(['example_short_circuit_decorator']) retrieved from /home/phuc/Practice/DataScience/DSProject/venv/lib/python3.10/site-packages/airflow/example_dags/example_short_circuit_decorator.py
[2023-12-02T13:21:05.558+0700] {logging_mixin.py:154} INFO - [2023-12-02T13:21:05.558+0700] {dag.py:2941} INFO - Sync 1 DAGs
[2023-12-02T13:21:05.572+0700] {logging_mixin.py:154} INFO - [2023-12-02T13:21:05.572+0700] {dag.py:3722} INFO - Setting next_dagrun for example_short_circuit_decorator to 2023-12-01T06:21:05.572540+00:00, run_after=2023-12-02T06:21:05.572540+00:00
[2023-12-02T13:21:05.587+0700] {processor.py:179} INFO - Processing /home/phuc/Practice/DataScience/DSProject/venv/lib/python3.10/site-packages/airflow/example_dags/example_short_circuit_decorator.py took 0.059 seconds
[2023-12-02T13:21:52.986+0700] {processor.py:157} INFO - Started process (PID=82124) to work on /home/phuc/Practice/DataScience/DSProject/venv/lib/python3.10/site-packages/airflow/example_dags/example_short_circuit_decorator.py
[2023-12-02T13:21:52.993+0700] {processor.py:829} INFO - Processing file /home/phuc/Practice/DataScience/DSProject/venv/lib/python3.10/site-packages/airflow/example_dags/example_short_circuit_decorator.py for tasks to queue
[2023-12-02T13:21:52.994+0700] {logging_mixin.py:154} INFO - [2023-12-02T13:21:52.994+0700] {dagbag.py:536} INFO - Filling up the DagBag from /home/phuc/Practice/DataScience/DSProject/venv/lib/python3.10/site-packages/airflow/example_dags/example_short_circuit_decorator.py
[2023-12-02T13:21:53.007+0700] {processor.py:839} INFO - DAG(s) dict_keys(['example_short_circuit_decorator']) retrieved from /home/phuc/Practice/DataScience/DSProject/venv/lib/python3.10/site-packages/airflow/example_dags/example_short_circuit_decorator.py
[2023-12-02T13:21:53.020+0700] {logging_mixin.py:154} INFO - [2023-12-02T13:21:53.020+0700] {dag.py:2941} INFO - Sync 1 DAGs
[2023-12-02T13:21:53.035+0700] {logging_mixin.py:154} INFO - [2023-12-02T13:21:53.034+0700] {dag.py:3722} INFO - Setting next_dagrun for example_short_circuit_decorator to 2023-12-01T06:21:53.034765+00:00, run_after=2023-12-02T06:21:53.034765+00:00
[2023-12-02T13:21:53.049+0700] {processor.py:179} INFO - Processing /home/phuc/Practice/DataScience/DSProject/venv/lib/python3.10/site-packages/airflow/example_dags/example_short_circuit_decorator.py took 0.067 seconds
[2023-12-02T13:22:39.284+0700] {processor.py:157} INFO - Started process (PID=82482) to work on /home/phuc/Practice/DataScience/DSProject/venv/lib/python3.10/site-packages/airflow/example_dags/example_short_circuit_decorator.py
[2023-12-02T13:22:39.290+0700] {processor.py:829} INFO - Processing file /home/phuc/Practice/DataScience/DSProject/venv/lib/python3.10/site-packages/airflow/example_dags/example_short_circuit_decorator.py for tasks to queue
[2023-12-02T13:22:39.292+0700] {logging_mixin.py:154} INFO - [2023-12-02T13:22:39.291+0700] {dagbag.py:536} INFO - Filling up the DagBag from /home/phuc/Practice/DataScience/DSProject/venv/lib/python3.10/site-packages/airflow/example_dags/example_short_circuit_decorator.py
[2023-12-02T13:22:39.305+0700] {processor.py:839} INFO - DAG(s) dict_keys(['example_short_circuit_decorator']) retrieved from /home/phuc/Practice/DataScience/DSProject/venv/lib/python3.10/site-packages/airflow/example_dags/example_short_circuit_decorator.py
[2023-12-02T13:22:39.316+0700] {logging_mixin.py:154} INFO - [2023-12-02T13:22:39.316+0700] {dag.py:2941} INFO - Sync 1 DAGs
[2023-12-02T13:22:39.328+0700] {logging_mixin.py:154} INFO - [2023-12-02T13:22:39.328+0700] {dag.py:3722} INFO - Setting next_dagrun for example_short_circuit_decorator to 2023-12-01T06:22:39.327897+00:00, run_after=2023-12-02T06:22:39.327897+00:00
[2023-12-02T13:22:39.340+0700] {processor.py:179} INFO - Processing /home/phuc/Practice/DataScience/DSProject/venv/lib/python3.10/site-packages/airflow/example_dags/example_short_circuit_decorator.py took 0.058 seconds
[2023-12-02T13:23:22.943+0700] {processor.py:157} INFO - Started process (PID=82733) to work on /home/phuc/Practice/DataScience/DSProject/venv/lib/python3.10/site-packages/airflow/example_dags/example_short_circuit_decorator.py
[2023-12-02T13:23:22.950+0700] {processor.py:829} INFO - Processing file /home/phuc/Practice/DataScience/DSProject/venv/lib/python3.10/site-packages/airflow/example_dags/example_short_circuit_decorator.py for tasks to queue
[2023-12-02T13:23:22.950+0700] {logging_mixin.py:154} INFO - [2023-12-02T13:23:22.950+0700] {dagbag.py:536} INFO - Filling up the DagBag from /home/phuc/Practice/DataScience/DSProject/venv/lib/python3.10/site-packages/airflow/example_dags/example_short_circuit_decorator.py
[2023-12-02T13:23:22.956+0700] {processor.py:839} INFO - DAG(s) dict_keys(['example_short_circuit_decorator']) retrieved from /home/phuc/Practice/DataScience/DSProject/venv/lib/python3.10/site-packages/airflow/example_dags/example_short_circuit_decorator.py
[2023-12-02T13:23:22.967+0700] {logging_mixin.py:154} INFO - [2023-12-02T13:23:22.967+0700] {dag.py:2941} INFO - Sync 1 DAGs
[2023-12-02T13:23:22.979+0700] {logging_mixin.py:154} INFO - [2023-12-02T13:23:22.979+0700] {dag.py:3722} INFO - Setting next_dagrun for example_short_circuit_decorator to 2023-12-01T06:23:22.979264+00:00, run_after=2023-12-02T06:23:22.979264+00:00
[2023-12-02T13:23:22.992+0700] {processor.py:179} INFO - Processing /home/phuc/Practice/DataScience/DSProject/venv/lib/python3.10/site-packages/airflow/example_dags/example_short_circuit_decorator.py took 0.050 seconds
[2023-12-02T13:24:05.852+0700] {processor.py:157} INFO - Started process (PID=82942) to work on /home/phuc/Practice/DataScience/DSProject/venv/lib/python3.10/site-packages/airflow/example_dags/example_short_circuit_decorator.py
[2023-12-02T13:24:05.859+0700] {processor.py:829} INFO - Processing file /home/phuc/Practice/DataScience/DSProject/venv/lib/python3.10/site-packages/airflow/example_dags/example_short_circuit_decorator.py for tasks to queue
[2023-12-02T13:24:05.861+0700] {logging_mixin.py:154} INFO - [2023-12-02T13:24:05.860+0700] {dagbag.py:536} INFO - Filling up the DagBag from /home/phuc/Practice/DataScience/DSProject/venv/lib/python3.10/site-packages/airflow/example_dags/example_short_circuit_decorator.py
[2023-12-02T13:24:05.874+0700] {processor.py:839} INFO - DAG(s) dict_keys(['example_short_circuit_decorator']) retrieved from /home/phuc/Practice/DataScience/DSProject/venv/lib/python3.10/site-packages/airflow/example_dags/example_short_circuit_decorator.py
[2023-12-02T13:24:05.886+0700] {logging_mixin.py:154} INFO - [2023-12-02T13:24:05.886+0700] {dag.py:2941} INFO - Sync 1 DAGs
[2023-12-02T13:24:05.900+0700] {logging_mixin.py:154} INFO - [2023-12-02T13:24:05.900+0700] {dag.py:3722} INFO - Setting next_dagrun for example_short_circuit_decorator to 2023-12-01T06:24:05.900280+00:00, run_after=2023-12-02T06:24:05.900280+00:00
[2023-12-02T13:24:05.916+0700] {processor.py:179} INFO - Processing /home/phuc/Practice/DataScience/DSProject/venv/lib/python3.10/site-packages/airflow/example_dags/example_short_circuit_decorator.py took 0.066 seconds
[2023-12-02T13:24:50.152+0700] {processor.py:157} INFO - Started process (PID=83241) to work on /home/phuc/Practice/DataScience/DSProject/venv/lib/python3.10/site-packages/airflow/example_dags/example_short_circuit_decorator.py
[2023-12-02T13:24:50.158+0700] {processor.py:829} INFO - Processing file /home/phuc/Practice/DataScience/DSProject/venv/lib/python3.10/site-packages/airflow/example_dags/example_short_circuit_decorator.py for tasks to queue
[2023-12-02T13:24:50.159+0700] {logging_mixin.py:154} INFO - [2023-12-02T13:24:50.159+0700] {dagbag.py:536} INFO - Filling up the DagBag from /home/phuc/Practice/DataScience/DSProject/venv/lib/python3.10/site-packages/airflow/example_dags/example_short_circuit_decorator.py
[2023-12-02T13:24:50.168+0700] {processor.py:839} INFO - DAG(s) dict_keys(['example_short_circuit_decorator']) retrieved from /home/phuc/Practice/DataScience/DSProject/venv/lib/python3.10/site-packages/airflow/example_dags/example_short_circuit_decorator.py
[2023-12-02T13:24:50.184+0700] {logging_mixin.py:154} INFO - [2023-12-02T13:24:50.184+0700] {dag.py:2941} INFO - Sync 1 DAGs
[2023-12-02T13:24:50.199+0700] {logging_mixin.py:154} INFO - [2023-12-02T13:24:50.199+0700] {dag.py:3722} INFO - Setting next_dagrun for example_short_circuit_decorator to 2023-12-01T06:24:50.199056+00:00, run_after=2023-12-02T06:24:50.199056+00:00
[2023-12-02T13:24:50.218+0700] {processor.py:179} INFO - Processing /home/phuc/Practice/DataScience/DSProject/venv/lib/python3.10/site-packages/airflow/example_dags/example_short_circuit_decorator.py took 0.069 seconds
[2023-12-02T13:25:37.458+0700] {processor.py:157} INFO - Started process (PID=83459) to work on /home/phuc/Practice/DataScience/DSProject/venv/lib/python3.10/site-packages/airflow/example_dags/example_short_circuit_decorator.py
[2023-12-02T13:25:37.465+0700] {processor.py:829} INFO - Processing file /home/phuc/Practice/DataScience/DSProject/venv/lib/python3.10/site-packages/airflow/example_dags/example_short_circuit_decorator.py for tasks to queue
[2023-12-02T13:25:37.466+0700] {logging_mixin.py:154} INFO - [2023-12-02T13:25:37.465+0700] {dagbag.py:536} INFO - Filling up the DagBag from /home/phuc/Practice/DataScience/DSProject/venv/lib/python3.10/site-packages/airflow/example_dags/example_short_circuit_decorator.py
[2023-12-02T13:25:37.474+0700] {processor.py:839} INFO - DAG(s) dict_keys(['example_short_circuit_decorator']) retrieved from /home/phuc/Practice/DataScience/DSProject/venv/lib/python3.10/site-packages/airflow/example_dags/example_short_circuit_decorator.py
[2023-12-02T13:25:37.489+0700] {logging_mixin.py:154} INFO - [2023-12-02T13:25:37.489+0700] {dag.py:2941} INFO - Sync 1 DAGs
[2023-12-02T13:25:37.507+0700] {logging_mixin.py:154} INFO - [2023-12-02T13:25:37.506+0700] {dag.py:3722} INFO - Setting next_dagrun for example_short_circuit_decorator to 2023-12-01T06:25:37.506700+00:00, run_after=2023-12-02T06:25:37.506700+00:00
[2023-12-02T13:25:37.527+0700] {processor.py:179} INFO - Processing /home/phuc/Practice/DataScience/DSProject/venv/lib/python3.10/site-packages/airflow/example_dags/example_short_circuit_decorator.py took 0.072 seconds
[2023-12-02T13:26:29.147+0700] {processor.py:157} INFO - Started process (PID=83696) to work on /home/phuc/Practice/DataScience/DSProject/venv/lib/python3.10/site-packages/airflow/example_dags/example_short_circuit_decorator.py
[2023-12-02T13:26:29.148+0700] {processor.py:829} INFO - Processing file /home/phuc/Practice/DataScience/DSProject/venv/lib/python3.10/site-packages/airflow/example_dags/example_short_circuit_decorator.py for tasks to queue
[2023-12-02T13:26:29.148+0700] {logging_mixin.py:154} INFO - [2023-12-02T13:26:29.148+0700] {dagbag.py:536} INFO - Filling up the DagBag from /home/phuc/Practice/DataScience/DSProject/venv/lib/python3.10/site-packages/airflow/example_dags/example_short_circuit_decorator.py
[2023-12-02T13:26:29.158+0700] {processor.py:839} INFO - DAG(s) dict_keys(['example_short_circuit_decorator']) retrieved from /home/phuc/Practice/DataScience/DSProject/venv/lib/python3.10/site-packages/airflow/example_dags/example_short_circuit_decorator.py
[2023-12-02T13:26:29.178+0700] {logging_mixin.py:154} INFO - [2023-12-02T13:26:29.178+0700] {dag.py:2941} INFO - Sync 1 DAGs
[2023-12-02T13:26:29.198+0700] {logging_mixin.py:154} INFO - [2023-12-02T13:26:29.198+0700] {dag.py:3722} INFO - Setting next_dagrun for example_short_circuit_decorator to 2023-12-01T06:26:29.198065+00:00, run_after=2023-12-02T06:26:29.198065+00:00
[2023-12-02T13:26:29.216+0700] {processor.py:179} INFO - Processing /home/phuc/Practice/DataScience/DSProject/venv/lib/python3.10/site-packages/airflow/example_dags/example_short_circuit_decorator.py took 0.073 seconds
