[2023-12-02T13:18:38.520+0700] {processor.py:157} INFO - Started process (PID=80961) to work on /home/phuc/Practice/DataScience/DSProject/venv/lib/python3.10/site-packages/airflow/example_dags/example_external_task_marker_dag.py
[2023-12-02T13:18:38.521+0700] {processor.py:829} INFO - Processing file /home/phuc/Practice/DataScience/DSProject/venv/lib/python3.10/site-packages/airflow/example_dags/example_external_task_marker_dag.py for tasks to queue
[2023-12-02T13:18:38.521+0700] {logging_mixin.py:154} INFO - [2023-12-02T13:18:38.521+0700] {dagbag.py:536} INFO - Filling up the DagBag from /home/phuc/Practice/DataScience/DSProject/venv/lib/python3.10/site-packages/airflow/example_dags/example_external_task_marker_dag.py
[2023-12-02T13:18:38.526+0700] {processor.py:839} INFO - DAG(s) dict_keys(['example_external_task_marker_child', 'example_external_task_marker_parent']) retrieved from /home/phuc/Practice/DataScience/DSProject/venv/lib/python3.10/site-packages/airflow/example_dags/example_external_task_marker_dag.py
[2023-12-02T13:18:38.583+0700] {logging_mixin.py:154} INFO - [2023-12-02T13:18:38.583+0700] {manager.py:499} INFO - Created Permission View: %s
[2023-12-02T13:18:38.588+0700] {logging_mixin.py:154} INFO - [2023-12-02T13:18:38.588+0700] {manager.py:499} INFO - Created Permission View: %s
[2023-12-02T13:18:38.592+0700] {logging_mixin.py:154} INFO - [2023-12-02T13:18:38.592+0700] {manager.py:499} INFO - Created Permission View: %s
[2023-12-02T13:18:38.600+0700] {logging_mixin.py:154} INFO - [2023-12-02T13:18:38.600+0700] {manager.py:499} INFO - Created Permission View: %s
[2023-12-02T13:18:38.603+0700] {logging_mixin.py:154} INFO - [2023-12-02T13:18:38.603+0700] {manager.py:499} INFO - Created Permission View: %s
[2023-12-02T13:18:38.607+0700] {logging_mixin.py:154} INFO - [2023-12-02T13:18:38.607+0700] {manager.py:499} INFO - Created Permission View: %s
[2023-12-02T13:18:38.607+0700] {logging_mixin.py:154} INFO - [2023-12-02T13:18:38.607+0700] {dag.py:2941} INFO - Sync 2 DAGs
[2023-12-02T13:18:38.613+0700] {logging_mixin.py:154} INFO - [2023-12-02T13:18:38.613+0700] {dag.py:2963} INFO - Creating ORM DAG for example_external_task_marker_child
[2023-12-02T13:18:38.613+0700] {logging_mixin.py:154} INFO - [2023-12-02T13:18:38.613+0700] {dag.py:2963} INFO - Creating ORM DAG for example_external_task_marker_parent
[2023-12-02T13:18:38.614+0700] {logging_mixin.py:154} INFO - [2023-12-02T13:18:38.614+0700] {dag.py:3722} INFO - Setting next_dagrun for example_external_task_marker_child to None, run_after=None
[2023-12-02T13:18:38.614+0700] {logging_mixin.py:154} INFO - [2023-12-02T13:18:38.614+0700] {dag.py:3722} INFO - Setting next_dagrun for example_external_task_marker_parent to None, run_after=None
[2023-12-02T13:18:38.623+0700] {processor.py:179} INFO - Processing /home/phuc/Practice/DataScience/DSProject/venv/lib/python3.10/site-packages/airflow/example_dags/example_external_task_marker_dag.py took 0.105 seconds
[2023-12-02T13:19:24.888+0700] {processor.py:157} INFO - Started process (PID=81167) to work on /home/phuc/Practice/DataScience/DSProject/venv/lib/python3.10/site-packages/airflow/example_dags/example_external_task_marker_dag.py
[2023-12-02T13:19:24.895+0700] {processor.py:829} INFO - Processing file /home/phuc/Practice/DataScience/DSProject/venv/lib/python3.10/site-packages/airflow/example_dags/example_external_task_marker_dag.py for tasks to queue
[2023-12-02T13:19:24.895+0700] {logging_mixin.py:154} INFO - [2023-12-02T13:19:24.895+0700] {dagbag.py:536} INFO - Filling up the DagBag from /home/phuc/Practice/DataScience/DSProject/venv/lib/python3.10/site-packages/airflow/example_dags/example_external_task_marker_dag.py
[2023-12-02T13:19:24.901+0700] {processor.py:839} INFO - DAG(s) dict_keys(['example_external_task_marker_child', 'example_external_task_marker_parent']) retrieved from /home/phuc/Practice/DataScience/DSProject/venv/lib/python3.10/site-packages/airflow/example_dags/example_external_task_marker_dag.py
[2023-12-02T13:19:24.915+0700] {logging_mixin.py:154} INFO - [2023-12-02T13:19:24.915+0700] {dag.py:2941} INFO - Sync 2 DAGs
[2023-12-02T13:19:24.920+0700] {logging_mixin.py:154} INFO - [2023-12-02T13:19:24.920+0700] {dag.py:3722} INFO - Setting next_dagrun for example_external_task_marker_child to None, run_after=None
[2023-12-02T13:19:24.922+0700] {logging_mixin.py:154} INFO - [2023-12-02T13:19:24.922+0700] {dag.py:3722} INFO - Setting next_dagrun for example_external_task_marker_parent to None, run_after=None
[2023-12-02T13:19:24.931+0700] {processor.py:179} INFO - Processing /home/phuc/Practice/DataScience/DSProject/venv/lib/python3.10/site-packages/airflow/example_dags/example_external_task_marker_dag.py took 0.045 seconds
[2023-12-02T13:20:16.632+0700] {processor.py:157} INFO - Started process (PID=81496) to work on /home/phuc/Practice/DataScience/DSProject/venv/lib/python3.10/site-packages/airflow/example_dags/example_external_task_marker_dag.py
[2023-12-02T13:20:16.639+0700] {processor.py:829} INFO - Processing file /home/phuc/Practice/DataScience/DSProject/venv/lib/python3.10/site-packages/airflow/example_dags/example_external_task_marker_dag.py for tasks to queue
[2023-12-02T13:20:16.639+0700] {logging_mixin.py:154} INFO - [2023-12-02T13:20:16.639+0700] {dagbag.py:536} INFO - Filling up the DagBag from /home/phuc/Practice/DataScience/DSProject/venv/lib/python3.10/site-packages/airflow/example_dags/example_external_task_marker_dag.py
[2023-12-02T13:20:16.642+0700] {processor.py:839} INFO - DAG(s) dict_keys(['example_external_task_marker_parent', 'example_external_task_marker_child']) retrieved from /home/phuc/Practice/DataScience/DSProject/venv/lib/python3.10/site-packages/airflow/example_dags/example_external_task_marker_dag.py
[2023-12-02T13:20:16.654+0700] {logging_mixin.py:154} INFO - [2023-12-02T13:20:16.654+0700] {dag.py:2941} INFO - Sync 2 DAGs
[2023-12-02T13:20:16.660+0700] {logging_mixin.py:154} INFO - [2023-12-02T13:20:16.660+0700] {dag.py:3722} INFO - Setting next_dagrun for example_external_task_marker_child to None, run_after=None
[2023-12-02T13:20:16.662+0700] {logging_mixin.py:154} INFO - [2023-12-02T13:20:16.662+0700] {dag.py:3722} INFO - Setting next_dagrun for example_external_task_marker_parent to None, run_after=None
[2023-12-02T13:20:16.673+0700] {processor.py:179} INFO - Processing /home/phuc/Practice/DataScience/DSProject/venv/lib/python3.10/site-packages/airflow/example_dags/example_external_task_marker_dag.py took 0.042 seconds
[2023-12-02T13:21:08.953+0700] {processor.py:157} INFO - Started process (PID=81800) to work on /home/phuc/Practice/DataScience/DSProject/venv/lib/python3.10/site-packages/airflow/example_dags/example_external_task_marker_dag.py
[2023-12-02T13:21:08.960+0700] {processor.py:829} INFO - Processing file /home/phuc/Practice/DataScience/DSProject/venv/lib/python3.10/site-packages/airflow/example_dags/example_external_task_marker_dag.py for tasks to queue
[2023-12-02T13:21:08.961+0700] {logging_mixin.py:154} INFO - [2023-12-02T13:21:08.961+0700] {dagbag.py:536} INFO - Filling up the DagBag from /home/phuc/Practice/DataScience/DSProject/venv/lib/python3.10/site-packages/airflow/example_dags/example_external_task_marker_dag.py
[2023-12-02T13:21:08.967+0700] {processor.py:839} INFO - DAG(s) dict_keys(['example_external_task_marker_parent', 'example_external_task_marker_child']) retrieved from /home/phuc/Practice/DataScience/DSProject/venv/lib/python3.10/site-packages/airflow/example_dags/example_external_task_marker_dag.py
[2023-12-02T13:21:08.978+0700] {logging_mixin.py:154} INFO - [2023-12-02T13:21:08.978+0700] {dag.py:2941} INFO - Sync 2 DAGs
[2023-12-02T13:21:08.985+0700] {logging_mixin.py:154} INFO - [2023-12-02T13:21:08.985+0700] {dag.py:3722} INFO - Setting next_dagrun for example_external_task_marker_child to None, run_after=None
[2023-12-02T13:21:08.987+0700] {logging_mixin.py:154} INFO - [2023-12-02T13:21:08.987+0700] {dag.py:3722} INFO - Setting next_dagrun for example_external_task_marker_parent to None, run_after=None
[2023-12-02T13:21:08.998+0700] {processor.py:179} INFO - Processing /home/phuc/Practice/DataScience/DSProject/venv/lib/python3.10/site-packages/airflow/example_dags/example_external_task_marker_dag.py took 0.048 seconds
[2023-12-02T13:21:55.481+0700] {processor.py:157} INFO - Started process (PID=82158) to work on /home/phuc/Practice/DataScience/DSProject/venv/lib/python3.10/site-packages/airflow/example_dags/example_external_task_marker_dag.py
[2023-12-02T13:21:55.488+0700] {processor.py:829} INFO - Processing file /home/phuc/Practice/DataScience/DSProject/venv/lib/python3.10/site-packages/airflow/example_dags/example_external_task_marker_dag.py for tasks to queue
[2023-12-02T13:21:55.490+0700] {logging_mixin.py:154} INFO - [2023-12-02T13:21:55.489+0700] {dagbag.py:536} INFO - Filling up the DagBag from /home/phuc/Practice/DataScience/DSProject/venv/lib/python3.10/site-packages/airflow/example_dags/example_external_task_marker_dag.py
[2023-12-02T13:21:55.498+0700] {processor.py:839} INFO - DAG(s) dict_keys(['example_external_task_marker_parent', 'example_external_task_marker_child']) retrieved from /home/phuc/Practice/DataScience/DSProject/venv/lib/python3.10/site-packages/airflow/example_dags/example_external_task_marker_dag.py
[2023-12-02T13:21:55.511+0700] {logging_mixin.py:154} INFO - [2023-12-02T13:21:55.511+0700] {dag.py:2941} INFO - Sync 2 DAGs
[2023-12-02T13:21:55.518+0700] {logging_mixin.py:154} INFO - [2023-12-02T13:21:55.518+0700] {dag.py:3722} INFO - Setting next_dagrun for example_external_task_marker_child to None, run_after=None
[2023-12-02T13:21:55.520+0700] {logging_mixin.py:154} INFO - [2023-12-02T13:21:55.520+0700] {dag.py:3722} INFO - Setting next_dagrun for example_external_task_marker_parent to None, run_after=None
[2023-12-02T13:21:55.531+0700] {processor.py:179} INFO - Processing /home/phuc/Practice/DataScience/DSProject/venv/lib/python3.10/site-packages/airflow/example_dags/example_external_task_marker_dag.py took 0.055 seconds
[2023-12-02T13:22:42.706+0700] {processor.py:157} INFO - Started process (PID=82497) to work on /home/phuc/Practice/DataScience/DSProject/venv/lib/python3.10/site-packages/airflow/example_dags/example_external_task_marker_dag.py
[2023-12-02T13:22:42.713+0700] {processor.py:829} INFO - Processing file /home/phuc/Practice/DataScience/DSProject/venv/lib/python3.10/site-packages/airflow/example_dags/example_external_task_marker_dag.py for tasks to queue
[2023-12-02T13:22:42.714+0700] {logging_mixin.py:154} INFO - [2023-12-02T13:22:42.714+0700] {dagbag.py:536} INFO - Filling up the DagBag from /home/phuc/Practice/DataScience/DSProject/venv/lib/python3.10/site-packages/airflow/example_dags/example_external_task_marker_dag.py
[2023-12-02T13:22:42.723+0700] {processor.py:839} INFO - DAG(s) dict_keys(['example_external_task_marker_parent', 'example_external_task_marker_child']) retrieved from /home/phuc/Practice/DataScience/DSProject/venv/lib/python3.10/site-packages/airflow/example_dags/example_external_task_marker_dag.py
[2023-12-02T13:22:42.737+0700] {logging_mixin.py:154} INFO - [2023-12-02T13:22:42.737+0700] {dag.py:2941} INFO - Sync 2 DAGs
[2023-12-02T13:22:42.747+0700] {logging_mixin.py:154} INFO - [2023-12-02T13:22:42.746+0700] {dag.py:3722} INFO - Setting next_dagrun for example_external_task_marker_child to None, run_after=None
[2023-12-02T13:22:42.749+0700] {logging_mixin.py:154} INFO - [2023-12-02T13:22:42.748+0700] {dag.py:3722} INFO - Setting next_dagrun for example_external_task_marker_parent to None, run_after=None
[2023-12-02T13:22:42.761+0700] {processor.py:179} INFO - Processing /home/phuc/Practice/DataScience/DSProject/venv/lib/python3.10/site-packages/airflow/example_dags/example_external_task_marker_dag.py took 0.060 seconds
[2023-12-02T13:23:24.674+0700] {processor.py:157} INFO - Started process (PID=82752) to work on /home/phuc/Practice/DataScience/DSProject/venv/lib/python3.10/site-packages/airflow/example_dags/example_external_task_marker_dag.py
[2023-12-02T13:23:24.681+0700] {processor.py:829} INFO - Processing file /home/phuc/Practice/DataScience/DSProject/venv/lib/python3.10/site-packages/airflow/example_dags/example_external_task_marker_dag.py for tasks to queue
[2023-12-02T13:23:24.682+0700] {logging_mixin.py:154} INFO - [2023-12-02T13:23:24.682+0700] {dagbag.py:536} INFO - Filling up the DagBag from /home/phuc/Practice/DataScience/DSProject/venv/lib/python3.10/site-packages/airflow/example_dags/example_external_task_marker_dag.py
[2023-12-02T13:23:24.689+0700] {processor.py:839} INFO - DAG(s) dict_keys(['example_external_task_marker_child', 'example_external_task_marker_parent']) retrieved from /home/phuc/Practice/DataScience/DSProject/venv/lib/python3.10/site-packages/airflow/example_dags/example_external_task_marker_dag.py
[2023-12-02T13:23:24.700+0700] {logging_mixin.py:154} INFO - [2023-12-02T13:23:24.700+0700] {dag.py:2941} INFO - Sync 2 DAGs
[2023-12-02T13:23:24.707+0700] {logging_mixin.py:154} INFO - [2023-12-02T13:23:24.707+0700] {dag.py:3722} INFO - Setting next_dagrun for example_external_task_marker_child to None, run_after=None
[2023-12-02T13:23:24.709+0700] {logging_mixin.py:154} INFO - [2023-12-02T13:23:24.709+0700] {dag.py:3722} INFO - Setting next_dagrun for example_external_task_marker_parent to None, run_after=None
[2023-12-02T13:23:24.723+0700] {processor.py:179} INFO - Processing /home/phuc/Practice/DataScience/DSProject/venv/lib/python3.10/site-packages/airflow/example_dags/example_external_task_marker_dag.py took 0.051 seconds
[2023-12-02T13:24:09.270+0700] {processor.py:157} INFO - Started process (PID=82946) to work on /home/phuc/Practice/DataScience/DSProject/venv/lib/python3.10/site-packages/airflow/example_dags/example_external_task_marker_dag.py
[2023-12-02T13:24:09.277+0700] {processor.py:829} INFO - Processing file /home/phuc/Practice/DataScience/DSProject/venv/lib/python3.10/site-packages/airflow/example_dags/example_external_task_marker_dag.py for tasks to queue
[2023-12-02T13:24:09.278+0700] {logging_mixin.py:154} INFO - [2023-12-02T13:24:09.277+0700] {dagbag.py:536} INFO - Filling up the DagBag from /home/phuc/Practice/DataScience/DSProject/venv/lib/python3.10/site-packages/airflow/example_dags/example_external_task_marker_dag.py
[2023-12-02T13:24:09.287+0700] {processor.py:839} INFO - DAG(s) dict_keys(['example_external_task_marker_child', 'example_external_task_marker_parent']) retrieved from /home/phuc/Practice/DataScience/DSProject/venv/lib/python3.10/site-packages/airflow/example_dags/example_external_task_marker_dag.py
[2023-12-02T13:24:09.303+0700] {logging_mixin.py:154} INFO - [2023-12-02T13:24:09.303+0700] {dag.py:2941} INFO - Sync 2 DAGs
[2023-12-02T13:24:09.309+0700] {logging_mixin.py:154} INFO - [2023-12-02T13:24:09.309+0700] {dag.py:3722} INFO - Setting next_dagrun for example_external_task_marker_child to None, run_after=None
[2023-12-02T13:24:09.311+0700] {logging_mixin.py:154} INFO - [2023-12-02T13:24:09.311+0700] {dag.py:3722} INFO - Setting next_dagrun for example_external_task_marker_parent to None, run_after=None
[2023-12-02T13:24:09.323+0700] {processor.py:179} INFO - Processing /home/phuc/Practice/DataScience/DSProject/venv/lib/python3.10/site-packages/airflow/example_dags/example_external_task_marker_dag.py took 0.055 seconds
[2023-12-02T13:24:53.028+0700] {processor.py:157} INFO - Started process (PID=83268) to work on /home/phuc/Practice/DataScience/DSProject/venv/lib/python3.10/site-packages/airflow/example_dags/example_external_task_marker_dag.py
[2023-12-02T13:24:53.029+0700] {processor.py:829} INFO - Processing file /home/phuc/Practice/DataScience/DSProject/venv/lib/python3.10/site-packages/airflow/example_dags/example_external_task_marker_dag.py for tasks to queue
[2023-12-02T13:24:53.030+0700] {logging_mixin.py:154} INFO - [2023-12-02T13:24:53.029+0700] {dagbag.py:536} INFO - Filling up the DagBag from /home/phuc/Practice/DataScience/DSProject/venv/lib/python3.10/site-packages/airflow/example_dags/example_external_task_marker_dag.py
[2023-12-02T13:24:53.036+0700] {processor.py:839} INFO - DAG(s) dict_keys(['example_external_task_marker_child', 'example_external_task_marker_parent']) retrieved from /home/phuc/Practice/DataScience/DSProject/venv/lib/python3.10/site-packages/airflow/example_dags/example_external_task_marker_dag.py
[2023-12-02T13:24:53.048+0700] {logging_mixin.py:154} INFO - [2023-12-02T13:24:53.047+0700] {dag.py:2941} INFO - Sync 2 DAGs
[2023-12-02T13:24:53.054+0700] {logging_mixin.py:154} INFO - [2023-12-02T13:24:53.054+0700] {dag.py:3722} INFO - Setting next_dagrun for example_external_task_marker_child to None, run_after=None
[2023-12-02T13:24:53.056+0700] {logging_mixin.py:154} INFO - [2023-12-02T13:24:53.056+0700] {dag.py:3722} INFO - Setting next_dagrun for example_external_task_marker_parent to None, run_after=None
[2023-12-02T13:24:53.067+0700] {processor.py:179} INFO - Processing /home/phuc/Practice/DataScience/DSProject/venv/lib/python3.10/site-packages/airflow/example_dags/example_external_task_marker_dag.py took 0.041 seconds
[2023-12-02T13:25:40.508+0700] {processor.py:157} INFO - Started process (PID=83479) to work on /home/phuc/Practice/DataScience/DSProject/venv/lib/python3.10/site-packages/airflow/example_dags/example_external_task_marker_dag.py
[2023-12-02T13:25:40.515+0700] {processor.py:829} INFO - Processing file /home/phuc/Practice/DataScience/DSProject/venv/lib/python3.10/site-packages/airflow/example_dags/example_external_task_marker_dag.py for tasks to queue
[2023-12-02T13:25:40.515+0700] {logging_mixin.py:154} INFO - [2023-12-02T13:25:40.515+0700] {dagbag.py:536} INFO - Filling up the DagBag from /home/phuc/Practice/DataScience/DSProject/venv/lib/python3.10/site-packages/airflow/example_dags/example_external_task_marker_dag.py
[2023-12-02T13:25:40.522+0700] {processor.py:839} INFO - DAG(s) dict_keys(['example_external_task_marker_child', 'example_external_task_marker_parent']) retrieved from /home/phuc/Practice/DataScience/DSProject/venv/lib/python3.10/site-packages/airflow/example_dags/example_external_task_marker_dag.py
[2023-12-02T13:25:40.540+0700] {logging_mixin.py:154} INFO - [2023-12-02T13:25:40.540+0700] {dag.py:2941} INFO - Sync 2 DAGs
[2023-12-02T13:25:40.550+0700] {logging_mixin.py:154} INFO - [2023-12-02T13:25:40.550+0700] {dag.py:3722} INFO - Setting next_dagrun for example_external_task_marker_child to None, run_after=None
[2023-12-02T13:25:40.554+0700] {logging_mixin.py:154} INFO - [2023-12-02T13:25:40.553+0700] {dag.py:3722} INFO - Setting next_dagrun for example_external_task_marker_parent to None, run_after=None
[2023-12-02T13:25:40.570+0700] {processor.py:179} INFO - Processing /home/phuc/Practice/DataScience/DSProject/venv/lib/python3.10/site-packages/airflow/example_dags/example_external_task_marker_dag.py took 0.065 seconds
[2023-12-02T13:26:30.721+0700] {processor.py:157} INFO - Started process (PID=83700) to work on /home/phuc/Practice/DataScience/DSProject/venv/lib/python3.10/site-packages/airflow/example_dags/example_external_task_marker_dag.py
[2023-12-02T13:26:30.728+0700] {processor.py:829} INFO - Processing file /home/phuc/Practice/DataScience/DSProject/venv/lib/python3.10/site-packages/airflow/example_dags/example_external_task_marker_dag.py for tasks to queue
[2023-12-02T13:26:30.729+0700] {logging_mixin.py:154} INFO - [2023-12-02T13:26:30.729+0700] {dagbag.py:536} INFO - Filling up the DagBag from /home/phuc/Practice/DataScience/DSProject/venv/lib/python3.10/site-packages/airflow/example_dags/example_external_task_marker_dag.py
[2023-12-02T13:26:30.734+0700] {processor.py:839} INFO - DAG(s) dict_keys(['example_external_task_marker_child', 'example_external_task_marker_parent']) retrieved from /home/phuc/Practice/DataScience/DSProject/venv/lib/python3.10/site-packages/airflow/example_dags/example_external_task_marker_dag.py
[2023-12-02T13:26:30.751+0700] {logging_mixin.py:154} INFO - [2023-12-02T13:26:30.751+0700] {dag.py:2941} INFO - Sync 2 DAGs
[2023-12-02T13:26:30.762+0700] {logging_mixin.py:154} INFO - [2023-12-02T13:26:30.762+0700] {dag.py:3722} INFO - Setting next_dagrun for example_external_task_marker_child to None, run_after=None
[2023-12-02T13:26:30.765+0700] {logging_mixin.py:154} INFO - [2023-12-02T13:26:30.765+0700] {dag.py:3722} INFO - Setting next_dagrun for example_external_task_marker_parent to None, run_after=None
[2023-12-02T13:26:30.782+0700] {processor.py:179} INFO - Processing /home/phuc/Practice/DataScience/DSProject/venv/lib/python3.10/site-packages/airflow/example_dags/example_external_task_marker_dag.py took 0.064 seconds
