[2023-12-02T13:18:46.003+0700] {processor.py:157} INFO - Started process (PID=80987) to work on /home/phuc/Practice/DataScience/DSProject/venv/lib/python3.10/site-packages/airflow/example_dags/example_branch_python_dop_operator_3.py
[2023-12-02T13:18:46.004+0700] {processor.py:829} INFO - Processing file /home/phuc/Practice/DataScience/DSProject/venv/lib/python3.10/site-packages/airflow/example_dags/example_branch_python_dop_operator_3.py for tasks to queue
[2023-12-02T13:18:46.005+0700] {logging_mixin.py:154} INFO - [2023-12-02T13:18:46.005+0700] {dagbag.py:536} INFO - Filling up the DagBag from /home/phuc/Practice/DataScience/DSProject/venv/lib/python3.10/site-packages/airflow/example_dags/example_branch_python_dop_operator_3.py
[2023-12-02T13:18:46.011+0700] {processor.py:839} INFO - DAG(s) dict_keys(['example_branch_dop_operator_v3']) retrieved from /home/phuc/Practice/DataScience/DSProject/venv/lib/python3.10/site-packages/airflow/example_dags/example_branch_python_dop_operator_3.py
[2023-12-02T13:18:46.064+0700] {logging_mixin.py:154} INFO - [2023-12-02T13:18:46.064+0700] {manager.py:499} INFO - Created Permission View: %s
[2023-12-02T13:18:46.070+0700] {logging_mixin.py:154} INFO - [2023-12-02T13:18:46.069+0700] {manager.py:499} INFO - Created Permission View: %s
[2023-12-02T13:18:46.073+0700] {logging_mixin.py:154} INFO - [2023-12-02T13:18:46.073+0700] {manager.py:499} INFO - Created Permission View: %s
[2023-12-02T13:18:46.073+0700] {logging_mixin.py:154} INFO - [2023-12-02T13:18:46.073+0700] {dag.py:2941} INFO - Sync 1 DAGs
[2023-12-02T13:18:46.078+0700] {logging_mixin.py:154} INFO - [2023-12-02T13:18:46.078+0700] {dag.py:2963} INFO - Creating ORM DAG for example_branch_dop_operator_v3
[2023-12-02T13:18:46.084+0700] {logging_mixin.py:154} INFO - [2023-12-02T13:18:46.084+0700] {dag.py:3722} INFO - Setting next_dagrun for example_branch_dop_operator_v3 to 2023-12-02T06:17:00+00:00, run_after=2023-12-02T06:18:00+00:00
[2023-12-02T13:18:46.093+0700] {processor.py:179} INFO - Processing /home/phuc/Practice/DataScience/DSProject/venv/lib/python3.10/site-packages/airflow/example_dags/example_branch_python_dop_operator_3.py took 0.091 seconds
[2023-12-02T13:19:38.471+0700] {processor.py:157} INFO - Started process (PID=81315) to work on /home/phuc/Practice/DataScience/DSProject/venv/lib/python3.10/site-packages/airflow/example_dags/example_branch_python_dop_operator_3.py
[2023-12-02T13:19:38.478+0700] {processor.py:829} INFO - Processing file /home/phuc/Practice/DataScience/DSProject/venv/lib/python3.10/site-packages/airflow/example_dags/example_branch_python_dop_operator_3.py for tasks to queue
[2023-12-02T13:19:38.479+0700] {logging_mixin.py:154} INFO - [2023-12-02T13:19:38.478+0700] {dagbag.py:536} INFO - Filling up the DagBag from /home/phuc/Practice/DataScience/DSProject/venv/lib/python3.10/site-packages/airflow/example_dags/example_branch_python_dop_operator_3.py
[2023-12-02T13:19:38.488+0700] {processor.py:839} INFO - DAG(s) dict_keys(['example_branch_dop_operator_v3']) retrieved from /home/phuc/Practice/DataScience/DSProject/venv/lib/python3.10/site-packages/airflow/example_dags/example_branch_python_dop_operator_3.py
[2023-12-02T13:19:38.505+0700] {logging_mixin.py:154} INFO - [2023-12-02T13:19:38.504+0700] {dag.py:2941} INFO - Sync 1 DAGs
[2023-12-02T13:19:38.532+0700] {logging_mixin.py:154} INFO - [2023-12-02T13:19:38.532+0700] {dag.py:3722} INFO - Setting next_dagrun for example_branch_dop_operator_v3 to 2023-12-02T06:18:00+00:00, run_after=2023-12-02T06:19:00+00:00
[2023-12-02T13:19:38.556+0700] {processor.py:179} INFO - Processing /home/phuc/Practice/DataScience/DSProject/venv/lib/python3.10/site-packages/airflow/example_dags/example_branch_python_dop_operator_3.py took 0.089 seconds
[2023-12-02T13:20:24.504+0700] {processor.py:157} INFO - Started process (PID=81578) to work on /home/phuc/Practice/DataScience/DSProject/venv/lib/python3.10/site-packages/airflow/example_dags/example_branch_python_dop_operator_3.py
[2023-12-02T13:20:24.511+0700] {processor.py:829} INFO - Processing file /home/phuc/Practice/DataScience/DSProject/venv/lib/python3.10/site-packages/airflow/example_dags/example_branch_python_dop_operator_3.py for tasks to queue
[2023-12-02T13:20:24.513+0700] {logging_mixin.py:154} INFO - [2023-12-02T13:20:24.512+0700] {dagbag.py:536} INFO - Filling up the DagBag from /home/phuc/Practice/DataScience/DSProject/venv/lib/python3.10/site-packages/airflow/example_dags/example_branch_python_dop_operator_3.py
[2023-12-02T13:20:24.521+0700] {processor.py:839} INFO - DAG(s) dict_keys(['example_branch_dop_operator_v3']) retrieved from /home/phuc/Practice/DataScience/DSProject/venv/lib/python3.10/site-packages/airflow/example_dags/example_branch_python_dop_operator_3.py
[2023-12-02T13:20:24.532+0700] {logging_mixin.py:154} INFO - [2023-12-02T13:20:24.532+0700] {dag.py:2941} INFO - Sync 1 DAGs
[2023-12-02T13:20:24.544+0700] {logging_mixin.py:154} INFO - [2023-12-02T13:20:24.544+0700] {dag.py:3722} INFO - Setting next_dagrun for example_branch_dop_operator_v3 to 2023-12-02T06:19:00+00:00, run_after=2023-12-02T06:20:00+00:00
[2023-12-02T13:20:24.554+0700] {processor.py:179} INFO - Processing /home/phuc/Practice/DataScience/DSProject/venv/lib/python3.10/site-packages/airflow/example_dags/example_branch_python_dop_operator_3.py took 0.051 seconds
[2023-12-02T13:21:15.822+0700] {processor.py:157} INFO - Started process (PID=81866) to work on /home/phuc/Practice/DataScience/DSProject/venv/lib/python3.10/site-packages/airflow/example_dags/example_branch_python_dop_operator_3.py
[2023-12-02T13:21:15.823+0700] {processor.py:829} INFO - Processing file /home/phuc/Practice/DataScience/DSProject/venv/lib/python3.10/site-packages/airflow/example_dags/example_branch_python_dop_operator_3.py for tasks to queue
[2023-12-02T13:21:15.823+0700] {logging_mixin.py:154} INFO - [2023-12-02T13:21:15.823+0700] {dagbag.py:536} INFO - Filling up the DagBag from /home/phuc/Practice/DataScience/DSProject/venv/lib/python3.10/site-packages/airflow/example_dags/example_branch_python_dop_operator_3.py
[2023-12-02T13:21:15.831+0700] {processor.py:839} INFO - DAG(s) dict_keys(['example_branch_dop_operator_v3']) retrieved from /home/phuc/Practice/DataScience/DSProject/venv/lib/python3.10/site-packages/airflow/example_dags/example_branch_python_dop_operator_3.py
[2023-12-02T13:21:15.845+0700] {logging_mixin.py:154} INFO - [2023-12-02T13:21:15.844+0700] {dag.py:2941} INFO - Sync 1 DAGs
[2023-12-02T13:21:15.861+0700] {logging_mixin.py:154} INFO - [2023-12-02T13:21:15.861+0700] {dag.py:3722} INFO - Setting next_dagrun for example_branch_dop_operator_v3 to 2023-12-02T06:20:00+00:00, run_after=2023-12-02T06:21:00+00:00
[2023-12-02T13:21:15.873+0700] {processor.py:179} INFO - Processing /home/phuc/Practice/DataScience/DSProject/venv/lib/python3.10/site-packages/airflow/example_dags/example_branch_python_dop_operator_3.py took 0.053 seconds
[2023-12-02T13:22:03.285+0700] {processor.py:157} INFO - Started process (PID=82204) to work on /home/phuc/Practice/DataScience/DSProject/venv/lib/python3.10/site-packages/airflow/example_dags/example_branch_python_dop_operator_3.py
[2023-12-02T13:22:03.293+0700] {processor.py:829} INFO - Processing file /home/phuc/Practice/DataScience/DSProject/venv/lib/python3.10/site-packages/airflow/example_dags/example_branch_python_dop_operator_3.py for tasks to queue
[2023-12-02T13:22:03.294+0700] {logging_mixin.py:154} INFO - [2023-12-02T13:22:03.293+0700] {dagbag.py:536} INFO - Filling up the DagBag from /home/phuc/Practice/DataScience/DSProject/venv/lib/python3.10/site-packages/airflow/example_dags/example_branch_python_dop_operator_3.py
[2023-12-02T13:22:03.306+0700] {processor.py:839} INFO - DAG(s) dict_keys(['example_branch_dop_operator_v3']) retrieved from /home/phuc/Practice/DataScience/DSProject/venv/lib/python3.10/site-packages/airflow/example_dags/example_branch_python_dop_operator_3.py
[2023-12-02T13:22:03.321+0700] {logging_mixin.py:154} INFO - [2023-12-02T13:22:03.321+0700] {dag.py:2941} INFO - Sync 1 DAGs
[2023-12-02T13:22:03.344+0700] {logging_mixin.py:154} INFO - [2023-12-02T13:22:03.343+0700] {dag.py:3722} INFO - Setting next_dagrun for example_branch_dop_operator_v3 to 2023-12-02T06:21:00+00:00, run_after=2023-12-02T06:22:00+00:00
[2023-12-02T13:22:03.360+0700] {processor.py:179} INFO - Processing /home/phuc/Practice/DataScience/DSProject/venv/lib/python3.10/site-packages/airflow/example_dags/example_branch_python_dop_operator_3.py took 0.078 seconds
[2023-12-02T13:22:49.495+0700] {processor.py:157} INFO - Started process (PID=82541) to work on /home/phuc/Practice/DataScience/DSProject/venv/lib/python3.10/site-packages/airflow/example_dags/example_branch_python_dop_operator_3.py
[2023-12-02T13:22:49.503+0700] {processor.py:829} INFO - Processing file /home/phuc/Practice/DataScience/DSProject/venv/lib/python3.10/site-packages/airflow/example_dags/example_branch_python_dop_operator_3.py for tasks to queue
[2023-12-02T13:22:49.504+0700] {logging_mixin.py:154} INFO - [2023-12-02T13:22:49.503+0700] {dagbag.py:536} INFO - Filling up the DagBag from /home/phuc/Practice/DataScience/DSProject/venv/lib/python3.10/site-packages/airflow/example_dags/example_branch_python_dop_operator_3.py
[2023-12-02T13:22:49.516+0700] {processor.py:839} INFO - DAG(s) dict_keys(['example_branch_dop_operator_v3']) retrieved from /home/phuc/Practice/DataScience/DSProject/venv/lib/python3.10/site-packages/airflow/example_dags/example_branch_python_dop_operator_3.py
[2023-12-02T13:22:49.527+0700] {logging_mixin.py:154} INFO - [2023-12-02T13:22:49.527+0700] {dag.py:2941} INFO - Sync 1 DAGs
[2023-12-02T13:22:49.540+0700] {logging_mixin.py:154} INFO - [2023-12-02T13:22:49.540+0700] {dag.py:3722} INFO - Setting next_dagrun for example_branch_dop_operator_v3 to 2023-12-02T06:21:00+00:00, run_after=2023-12-02T06:22:00+00:00
[2023-12-02T13:22:49.552+0700] {processor.py:179} INFO - Processing /home/phuc/Practice/DataScience/DSProject/venv/lib/python3.10/site-packages/airflow/example_dags/example_branch_python_dop_operator_3.py took 0.062 seconds
[2023-12-02T13:23:38.416+0700] {processor.py:157} INFO - Started process (PID=82806) to work on /home/phuc/Practice/DataScience/DSProject/venv/lib/python3.10/site-packages/airflow/example_dags/example_branch_python_dop_operator_3.py
[2023-12-02T13:23:38.423+0700] {processor.py:829} INFO - Processing file /home/phuc/Practice/DataScience/DSProject/venv/lib/python3.10/site-packages/airflow/example_dags/example_branch_python_dop_operator_3.py for tasks to queue
[2023-12-02T13:23:38.424+0700] {logging_mixin.py:154} INFO - [2023-12-02T13:23:38.424+0700] {dagbag.py:536} INFO - Filling up the DagBag from /home/phuc/Practice/DataScience/DSProject/venv/lib/python3.10/site-packages/airflow/example_dags/example_branch_python_dop_operator_3.py
[2023-12-02T13:23:38.436+0700] {processor.py:839} INFO - DAG(s) dict_keys(['example_branch_dop_operator_v3']) retrieved from /home/phuc/Practice/DataScience/DSProject/venv/lib/python3.10/site-packages/airflow/example_dags/example_branch_python_dop_operator_3.py
[2023-12-02T13:23:38.447+0700] {logging_mixin.py:154} INFO - [2023-12-02T13:23:38.447+0700] {dag.py:2941} INFO - Sync 1 DAGs
[2023-12-02T13:23:38.461+0700] {logging_mixin.py:154} INFO - [2023-12-02T13:23:38.461+0700] {dag.py:3722} INFO - Setting next_dagrun for example_branch_dop_operator_v3 to 2023-12-02T06:22:00+00:00, run_after=2023-12-02T06:23:00+00:00
[2023-12-02T13:23:38.473+0700] {processor.py:179} INFO - Processing /home/phuc/Practice/DataScience/DSProject/venv/lib/python3.10/site-packages/airflow/example_dags/example_branch_python_dop_operator_3.py took 0.059 seconds
[2023-12-02T13:24:22.291+0700] {processor.py:157} INFO - Started process (PID=83013) to work on /home/phuc/Practice/DataScience/DSProject/venv/lib/python3.10/site-packages/airflow/example_dags/example_branch_python_dop_operator_3.py
[2023-12-02T13:24:22.298+0700] {processor.py:829} INFO - Processing file /home/phuc/Practice/DataScience/DSProject/venv/lib/python3.10/site-packages/airflow/example_dags/example_branch_python_dop_operator_3.py for tasks to queue
[2023-12-02T13:24:22.300+0700] {logging_mixin.py:154} INFO - [2023-12-02T13:24:22.299+0700] {dagbag.py:536} INFO - Filling up the DagBag from /home/phuc/Practice/DataScience/DSProject/venv/lib/python3.10/site-packages/airflow/example_dags/example_branch_python_dop_operator_3.py
[2023-12-02T13:24:22.307+0700] {processor.py:839} INFO - DAG(s) dict_keys(['example_branch_dop_operator_v3']) retrieved from /home/phuc/Practice/DataScience/DSProject/venv/lib/python3.10/site-packages/airflow/example_dags/example_branch_python_dop_operator_3.py
[2023-12-02T13:24:22.316+0700] {logging_mixin.py:154} INFO - [2023-12-02T13:24:22.316+0700] {dag.py:2941} INFO - Sync 1 DAGs
[2023-12-02T13:24:22.331+0700] {logging_mixin.py:154} INFO - [2023-12-02T13:24:22.331+0700] {dag.py:3722} INFO - Setting next_dagrun for example_branch_dop_operator_v3 to 2023-12-02T06:23:00+00:00, run_after=2023-12-02T06:24:00+00:00
[2023-12-02T13:24:22.344+0700] {processor.py:179} INFO - Processing /home/phuc/Practice/DataScience/DSProject/venv/lib/python3.10/site-packages/airflow/example_dags/example_branch_python_dop_operator_3.py took 0.055 seconds
[2023-12-02T13:25:09.607+0700] {processor.py:157} INFO - Started process (PID=83339) to work on /home/phuc/Practice/DataScience/DSProject/venv/lib/python3.10/site-packages/airflow/example_dags/example_branch_python_dop_operator_3.py
[2023-12-02T13:25:09.608+0700] {processor.py:829} INFO - Processing file /home/phuc/Practice/DataScience/DSProject/venv/lib/python3.10/site-packages/airflow/example_dags/example_branch_python_dop_operator_3.py for tasks to queue
[2023-12-02T13:25:09.608+0700] {logging_mixin.py:154} INFO - [2023-12-02T13:25:09.608+0700] {dagbag.py:536} INFO - Filling up the DagBag from /home/phuc/Practice/DataScience/DSProject/venv/lib/python3.10/site-packages/airflow/example_dags/example_branch_python_dop_operator_3.py
[2023-12-02T13:25:09.616+0700] {processor.py:839} INFO - DAG(s) dict_keys(['example_branch_dop_operator_v3']) retrieved from /home/phuc/Practice/DataScience/DSProject/venv/lib/python3.10/site-packages/airflow/example_dags/example_branch_python_dop_operator_3.py
[2023-12-02T13:25:09.627+0700] {logging_mixin.py:154} INFO - [2023-12-02T13:25:09.627+0700] {dag.py:2941} INFO - Sync 1 DAGs
[2023-12-02T13:25:09.642+0700] {logging_mixin.py:154} INFO - [2023-12-02T13:25:09.641+0700] {dag.py:3722} INFO - Setting next_dagrun for example_branch_dop_operator_v3 to 2023-12-02T06:24:00+00:00, run_after=2023-12-02T06:25:00+00:00
[2023-12-02T13:25:09.655+0700] {processor.py:179} INFO - Processing /home/phuc/Practice/DataScience/DSProject/venv/lib/python3.10/site-packages/airflow/example_dags/example_branch_python_dop_operator_3.py took 0.051 seconds
[2023-12-02T13:25:59.971+0700] {processor.py:157} INFO - Started process (PID=83567) to work on /home/phuc/Practice/DataScience/DSProject/venv/lib/python3.10/site-packages/airflow/example_dags/example_branch_python_dop_operator_3.py
[2023-12-02T13:25:59.978+0700] {processor.py:829} INFO - Processing file /home/phuc/Practice/DataScience/DSProject/venv/lib/python3.10/site-packages/airflow/example_dags/example_branch_python_dop_operator_3.py for tasks to queue
[2023-12-02T13:25:59.979+0700] {logging_mixin.py:154} INFO - [2023-12-02T13:25:59.978+0700] {dagbag.py:536} INFO - Filling up the DagBag from /home/phuc/Practice/DataScience/DSProject/venv/lib/python3.10/site-packages/airflow/example_dags/example_branch_python_dop_operator_3.py
[2023-12-02T13:25:59.986+0700] {processor.py:839} INFO - DAG(s) dict_keys(['example_branch_dop_operator_v3']) retrieved from /home/phuc/Practice/DataScience/DSProject/venv/lib/python3.10/site-packages/airflow/example_dags/example_branch_python_dop_operator_3.py
[2023-12-02T13:26:00.000+0700] {logging_mixin.py:154} INFO - [2023-12-02T13:26:00.000+0700] {dag.py:2941} INFO - Sync 1 DAGs
[2023-12-02T13:26:00.022+0700] {logging_mixin.py:154} INFO - [2023-12-02T13:26:00.021+0700] {dag.py:3722} INFO - Setting next_dagrun for example_branch_dop_operator_v3 to 2023-12-02T06:25:00+00:00, run_after=2023-12-02T06:26:00+00:00
[2023-12-02T13:26:00.041+0700] {processor.py:179} INFO - Processing /home/phuc/Practice/DataScience/DSProject/venv/lib/python3.10/site-packages/airflow/example_dags/example_branch_python_dop_operator_3.py took 0.072 seconds
