[2023-12-02T13:18:26.989+0700] {processor.py:157} INFO - Started process (PID=80917) to work on /home/phuc/Practice/DataScience/DSProject/venv/lib/python3.10/site-packages/airflow/example_dags/example_branch_labels.py
[2023-12-02T13:18:26.990+0700] {processor.py:829} INFO - Processing file /home/phuc/Practice/DataScience/DSProject/venv/lib/python3.10/site-packages/airflow/example_dags/example_branch_labels.py for tasks to queue
[2023-12-02T13:18:26.990+0700] {logging_mixin.py:154} INFO - [2023-12-02T13:18:26.990+0700] {dagbag.py:536} INFO - Filling up the DagBag from /home/phuc/Practice/DataScience/DSProject/venv/lib/python3.10/site-packages/airflow/example_dags/example_branch_labels.py
[2023-12-02T13:18:26.995+0700] {processor.py:839} INFO - DAG(s) dict_keys(['example_branch_labels']) retrieved from /home/phuc/Practice/DataScience/DSProject/venv/lib/python3.10/site-packages/airflow/example_dags/example_branch_labels.py
[2023-12-02T13:18:27.050+0700] {logging_mixin.py:154} INFO - [2023-12-02T13:18:27.050+0700] {manager.py:499} INFO - Created Permission View: %s
[2023-12-02T13:18:27.056+0700] {logging_mixin.py:154} INFO - [2023-12-02T13:18:27.055+0700] {manager.py:499} INFO - Created Permission View: %s
[2023-12-02T13:18:27.059+0700] {logging_mixin.py:154} INFO - [2023-12-02T13:18:27.059+0700] {manager.py:499} INFO - Created Permission View: %s
[2023-12-02T13:18:27.060+0700] {logging_mixin.py:154} INFO - [2023-12-02T13:18:27.060+0700] {dag.py:2941} INFO - Sync 1 DAGs
[2023-12-02T13:18:27.065+0700] {logging_mixin.py:154} INFO - [2023-12-02T13:18:27.065+0700] {dag.py:2963} INFO - Creating ORM DAG for example_branch_labels
[2023-12-02T13:18:27.070+0700] {logging_mixin.py:154} INFO - [2023-12-02T13:18:27.070+0700] {dag.py:3722} INFO - Setting next_dagrun for example_branch_labels to 2023-12-01T00:00:00+00:00, run_after=2023-12-02T00:00:00+00:00
[2023-12-02T13:18:27.078+0700] {processor.py:179} INFO - Processing /home/phuc/Practice/DataScience/DSProject/venv/lib/python3.10/site-packages/airflow/example_dags/example_branch_labels.py took 0.093 seconds
[2023-12-02T13:19:12.329+0700] {processor.py:157} INFO - Started process (PID=81098) to work on /home/phuc/Practice/DataScience/DSProject/venv/lib/python3.10/site-packages/airflow/example_dags/example_branch_labels.py
[2023-12-02T13:19:12.336+0700] {processor.py:829} INFO - Processing file /home/phuc/Practice/DataScience/DSProject/venv/lib/python3.10/site-packages/airflow/example_dags/example_branch_labels.py for tasks to queue
[2023-12-02T13:19:12.336+0700] {logging_mixin.py:154} INFO - [2023-12-02T13:19:12.336+0700] {dagbag.py:536} INFO - Filling up the DagBag from /home/phuc/Practice/DataScience/DSProject/venv/lib/python3.10/site-packages/airflow/example_dags/example_branch_labels.py
[2023-12-02T13:19:12.345+0700] {processor.py:839} INFO - DAG(s) dict_keys(['example_branch_labels']) retrieved from /home/phuc/Practice/DataScience/DSProject/venv/lib/python3.10/site-packages/airflow/example_dags/example_branch_labels.py
[2023-12-02T13:19:12.357+0700] {logging_mixin.py:154} INFO - [2023-12-02T13:19:12.357+0700] {dag.py:2941} INFO - Sync 1 DAGs
[2023-12-02T13:19:12.368+0700] {logging_mixin.py:154} INFO - [2023-12-02T13:19:12.368+0700] {dag.py:3722} INFO - Setting next_dagrun for example_branch_labels to 2023-12-01T00:00:00+00:00, run_after=2023-12-02T00:00:00+00:00
[2023-12-02T13:19:12.378+0700] {processor.py:179} INFO - Processing /home/phuc/Practice/DataScience/DSProject/venv/lib/python3.10/site-packages/airflow/example_dags/example_branch_labels.py took 0.050 seconds
[2023-12-02T13:20:02.088+0700] {processor.py:157} INFO - Started process (PID=81432) to work on /home/phuc/Practice/DataScience/DSProject/venv/lib/python3.10/site-packages/airflow/example_dags/example_branch_labels.py
[2023-12-02T13:20:02.095+0700] {processor.py:829} INFO - Processing file /home/phuc/Practice/DataScience/DSProject/venv/lib/python3.10/site-packages/airflow/example_dags/example_branch_labels.py for tasks to queue
[2023-12-02T13:20:02.095+0700] {logging_mixin.py:154} INFO - [2023-12-02T13:20:02.095+0700] {dagbag.py:536} INFO - Filling up the DagBag from /home/phuc/Practice/DataScience/DSProject/venv/lib/python3.10/site-packages/airflow/example_dags/example_branch_labels.py
[2023-12-02T13:20:02.100+0700] {processor.py:839} INFO - DAG(s) dict_keys(['example_branch_labels']) retrieved from /home/phuc/Practice/DataScience/DSProject/venv/lib/python3.10/site-packages/airflow/example_dags/example_branch_labels.py
[2023-12-02T13:20:02.110+0700] {logging_mixin.py:154} INFO - [2023-12-02T13:20:02.110+0700] {dag.py:2941} INFO - Sync 1 DAGs
[2023-12-02T13:20:02.122+0700] {logging_mixin.py:154} INFO - [2023-12-02T13:20:02.121+0700] {dag.py:3722} INFO - Setting next_dagrun for example_branch_labels to 2023-12-01T00:00:00+00:00, run_after=2023-12-02T00:00:00+00:00
[2023-12-02T13:20:02.133+0700] {processor.py:179} INFO - Processing /home/phuc/Practice/DataScience/DSProject/venv/lib/python3.10/site-packages/airflow/example_dags/example_branch_labels.py took 0.047 seconds
[2023-12-02T13:20:52.238+0700] {processor.py:157} INFO - Started process (PID=81728) to work on /home/phuc/Practice/DataScience/DSProject/venv/lib/python3.10/site-packages/airflow/example_dags/example_branch_labels.py
[2023-12-02T13:20:52.245+0700] {processor.py:829} INFO - Processing file /home/phuc/Practice/DataScience/DSProject/venv/lib/python3.10/site-packages/airflow/example_dags/example_branch_labels.py for tasks to queue
[2023-12-02T13:20:52.247+0700] {logging_mixin.py:154} INFO - [2023-12-02T13:20:52.246+0700] {dagbag.py:536} INFO - Filling up the DagBag from /home/phuc/Practice/DataScience/DSProject/venv/lib/python3.10/site-packages/airflow/example_dags/example_branch_labels.py
[2023-12-02T13:20:52.258+0700] {processor.py:839} INFO - DAG(s) dict_keys(['example_branch_labels']) retrieved from /home/phuc/Practice/DataScience/DSProject/venv/lib/python3.10/site-packages/airflow/example_dags/example_branch_labels.py
[2023-12-02T13:20:52.268+0700] {logging_mixin.py:154} INFO - [2023-12-02T13:20:52.268+0700] {dag.py:2941} INFO - Sync 1 DAGs
[2023-12-02T13:20:52.278+0700] {logging_mixin.py:154} INFO - [2023-12-02T13:20:52.278+0700] {dag.py:3722} INFO - Setting next_dagrun for example_branch_labels to 2023-12-01T00:00:00+00:00, run_after=2023-12-02T00:00:00+00:00
[2023-12-02T13:20:52.288+0700] {processor.py:179} INFO - Processing /home/phuc/Practice/DataScience/DSProject/venv/lib/python3.10/site-packages/airflow/example_dags/example_branch_labels.py took 0.053 seconds
[2023-12-02T13:21:42.675+0700] {processor.py:157} INFO - Started process (PID=82053) to work on /home/phuc/Practice/DataScience/DSProject/venv/lib/python3.10/site-packages/airflow/example_dags/example_branch_labels.py
[2023-12-02T13:21:42.682+0700] {processor.py:829} INFO - Processing file /home/phuc/Practice/DataScience/DSProject/venv/lib/python3.10/site-packages/airflow/example_dags/example_branch_labels.py for tasks to queue
[2023-12-02T13:21:42.683+0700] {logging_mixin.py:154} INFO - [2023-12-02T13:21:42.683+0700] {dagbag.py:536} INFO - Filling up the DagBag from /home/phuc/Practice/DataScience/DSProject/venv/lib/python3.10/site-packages/airflow/example_dags/example_branch_labels.py
[2023-12-02T13:21:42.690+0700] {processor.py:839} INFO - DAG(s) dict_keys(['example_branch_labels']) retrieved from /home/phuc/Practice/DataScience/DSProject/venv/lib/python3.10/site-packages/airflow/example_dags/example_branch_labels.py
[2023-12-02T13:21:42.706+0700] {logging_mixin.py:154} INFO - [2023-12-02T13:21:42.706+0700] {dag.py:2941} INFO - Sync 1 DAGs
[2023-12-02T13:21:42.719+0700] {logging_mixin.py:154} INFO - [2023-12-02T13:21:42.719+0700] {dag.py:3722} INFO - Setting next_dagrun for example_branch_labels to 2023-12-01T00:00:00+00:00, run_after=2023-12-02T00:00:00+00:00
[2023-12-02T13:21:42.739+0700] {processor.py:179} INFO - Processing /home/phuc/Practice/DataScience/DSProject/venv/lib/python3.10/site-packages/airflow/example_dags/example_branch_labels.py took 0.067 seconds
[2023-12-02T13:22:27.888+0700] {processor.py:157} INFO - Started process (PID=82400) to work on /home/phuc/Practice/DataScience/DSProject/venv/lib/python3.10/site-packages/airflow/example_dags/example_branch_labels.py
[2023-12-02T13:22:27.895+0700] {processor.py:829} INFO - Processing file /home/phuc/Practice/DataScience/DSProject/venv/lib/python3.10/site-packages/airflow/example_dags/example_branch_labels.py for tasks to queue
[2023-12-02T13:22:27.897+0700] {logging_mixin.py:154} INFO - [2023-12-02T13:22:27.896+0700] {dagbag.py:536} INFO - Filling up the DagBag from /home/phuc/Practice/DataScience/DSProject/venv/lib/python3.10/site-packages/airflow/example_dags/example_branch_labels.py
[2023-12-02T13:22:27.908+0700] {processor.py:839} INFO - DAG(s) dict_keys(['example_branch_labels']) retrieved from /home/phuc/Practice/DataScience/DSProject/venv/lib/python3.10/site-packages/airflow/example_dags/example_branch_labels.py
[2023-12-02T13:22:27.920+0700] {logging_mixin.py:154} INFO - [2023-12-02T13:22:27.920+0700] {dag.py:2941} INFO - Sync 1 DAGs
[2023-12-02T13:22:27.933+0700] {logging_mixin.py:154} INFO - [2023-12-02T13:22:27.932+0700] {dag.py:3722} INFO - Setting next_dagrun for example_branch_labels to 2023-12-01T00:00:00+00:00, run_after=2023-12-02T00:00:00+00:00
[2023-12-02T13:22:27.944+0700] {processor.py:179} INFO - Processing /home/phuc/Practice/DataScience/DSProject/venv/lib/python3.10/site-packages/airflow/example_dags/example_branch_labels.py took 0.058 seconds
[2023-12-02T13:23:13.453+0700] {processor.py:157} INFO - Started process (PID=82689) to work on /home/phuc/Practice/DataScience/DSProject/venv/lib/python3.10/site-packages/airflow/example_dags/example_branch_labels.py
[2023-12-02T13:23:13.460+0700] {processor.py:829} INFO - Processing file /home/phuc/Practice/DataScience/DSProject/venv/lib/python3.10/site-packages/airflow/example_dags/example_branch_labels.py for tasks to queue
[2023-12-02T13:23:13.461+0700] {logging_mixin.py:154} INFO - [2023-12-02T13:23:13.461+0700] {dagbag.py:536} INFO - Filling up the DagBag from /home/phuc/Practice/DataScience/DSProject/venv/lib/python3.10/site-packages/airflow/example_dags/example_branch_labels.py
[2023-12-02T13:23:13.469+0700] {processor.py:839} INFO - DAG(s) dict_keys(['example_branch_labels']) retrieved from /home/phuc/Practice/DataScience/DSProject/venv/lib/python3.10/site-packages/airflow/example_dags/example_branch_labels.py
[2023-12-02T13:23:13.486+0700] {logging_mixin.py:154} INFO - [2023-12-02T13:23:13.485+0700] {dag.py:2941} INFO - Sync 1 DAGs
[2023-12-02T13:23:13.506+0700] {logging_mixin.py:154} INFO - [2023-12-02T13:23:13.506+0700] {dag.py:3722} INFO - Setting next_dagrun for example_branch_labels to 2023-12-01T00:00:00+00:00, run_after=2023-12-02T00:00:00+00:00
[2023-12-02T13:23:13.525+0700] {processor.py:179} INFO - Processing /home/phuc/Practice/DataScience/DSProject/venv/lib/python3.10/site-packages/airflow/example_dags/example_branch_labels.py took 0.075 seconds
[2023-12-02T13:23:53.843+0700] {processor.py:157} INFO - Started process (PID=82873) to work on /home/phuc/Practice/DataScience/DSProject/venv/lib/python3.10/site-packages/airflow/example_dags/example_branch_labels.py
[2023-12-02T13:23:53.850+0700] {processor.py:829} INFO - Processing file /home/phuc/Practice/DataScience/DSProject/venv/lib/python3.10/site-packages/airflow/example_dags/example_branch_labels.py for tasks to queue
[2023-12-02T13:23:53.850+0700] {logging_mixin.py:154} INFO - [2023-12-02T13:23:53.850+0700] {dagbag.py:536} INFO - Filling up the DagBag from /home/phuc/Practice/DataScience/DSProject/venv/lib/python3.10/site-packages/airflow/example_dags/example_branch_labels.py
[2023-12-02T13:23:53.857+0700] {processor.py:839} INFO - DAG(s) dict_keys(['example_branch_labels']) retrieved from /home/phuc/Practice/DataScience/DSProject/venv/lib/python3.10/site-packages/airflow/example_dags/example_branch_labels.py
[2023-12-02T13:23:53.867+0700] {logging_mixin.py:154} INFO - [2023-12-02T13:23:53.867+0700] {dag.py:2941} INFO - Sync 1 DAGs
[2023-12-02T13:23:53.879+0700] {logging_mixin.py:154} INFO - [2023-12-02T13:23:53.879+0700] {dag.py:3722} INFO - Setting next_dagrun for example_branch_labels to 2023-12-01T00:00:00+00:00, run_after=2023-12-02T00:00:00+00:00
[2023-12-02T13:23:53.891+0700] {processor.py:179} INFO - Processing /home/phuc/Practice/DataScience/DSProject/venv/lib/python3.10/site-packages/airflow/example_dags/example_branch_labels.py took 0.050 seconds
[2023-12-02T13:24:35.447+0700] {processor.py:157} INFO - Started process (PID=83061) to work on /home/phuc/Practice/DataScience/DSProject/venv/lib/python3.10/site-packages/airflow/example_dags/example_branch_labels.py
[2023-12-02T13:24:35.455+0700] {processor.py:829} INFO - Processing file /home/phuc/Practice/DataScience/DSProject/venv/lib/python3.10/site-packages/airflow/example_dags/example_branch_labels.py for tasks to queue
[2023-12-02T13:24:35.455+0700] {logging_mixin.py:154} INFO - [2023-12-02T13:24:35.455+0700] {dagbag.py:536} INFO - Filling up the DagBag from /home/phuc/Practice/DataScience/DSProject/venv/lib/python3.10/site-packages/airflow/example_dags/example_branch_labels.py
[2023-12-02T13:24:35.462+0700] {processor.py:839} INFO - DAG(s) dict_keys(['example_branch_labels']) retrieved from /home/phuc/Practice/DataScience/DSProject/venv/lib/python3.10/site-packages/airflow/example_dags/example_branch_labels.py
[2023-12-02T13:24:35.477+0700] {logging_mixin.py:154} INFO - [2023-12-02T13:24:35.477+0700] {dag.py:2941} INFO - Sync 1 DAGs
[2023-12-02T13:24:35.496+0700] {logging_mixin.py:154} INFO - [2023-12-02T13:24:35.495+0700] {dag.py:3722} INFO - Setting next_dagrun for example_branch_labels to 2023-12-01T00:00:00+00:00, run_after=2023-12-02T00:00:00+00:00
[2023-12-02T13:24:35.512+0700] {processor.py:179} INFO - Processing /home/phuc/Practice/DataScience/DSProject/venv/lib/python3.10/site-packages/airflow/example_dags/example_branch_labels.py took 0.068 seconds
[2023-12-02T13:25:22.768+0700] {processor.py:157} INFO - Started process (PID=83411) to work on /home/phuc/Practice/DataScience/DSProject/venv/lib/python3.10/site-packages/airflow/example_dags/example_branch_labels.py
[2023-12-02T13:25:22.775+0700] {processor.py:829} INFO - Processing file /home/phuc/Practice/DataScience/DSProject/venv/lib/python3.10/site-packages/airflow/example_dags/example_branch_labels.py for tasks to queue
[2023-12-02T13:25:22.776+0700] {logging_mixin.py:154} INFO - [2023-12-02T13:25:22.776+0700] {dagbag.py:536} INFO - Filling up the DagBag from /home/phuc/Practice/DataScience/DSProject/venv/lib/python3.10/site-packages/airflow/example_dags/example_branch_labels.py
[2023-12-02T13:25:22.783+0700] {processor.py:839} INFO - DAG(s) dict_keys(['example_branch_labels']) retrieved from /home/phuc/Practice/DataScience/DSProject/venv/lib/python3.10/site-packages/airflow/example_dags/example_branch_labels.py
[2023-12-02T13:25:22.798+0700] {logging_mixin.py:154} INFO - [2023-12-02T13:25:22.798+0700] {dag.py:2941} INFO - Sync 1 DAGs
[2023-12-02T13:25:22.816+0700] {logging_mixin.py:154} INFO - [2023-12-02T13:25:22.815+0700] {dag.py:3722} INFO - Setting next_dagrun for example_branch_labels to 2023-12-01T00:00:00+00:00, run_after=2023-12-02T00:00:00+00:00
[2023-12-02T13:25:22.834+0700] {processor.py:179} INFO - Processing /home/phuc/Practice/DataScience/DSProject/venv/lib/python3.10/site-packages/airflow/example_dags/example_branch_labels.py took 0.068 seconds
[2023-12-02T13:26:11.604+0700] {processor.py:157} INFO - Started process (PID=83612) to work on /home/phuc/Practice/DataScience/DSProject/venv/lib/python3.10/site-packages/airflow/example_dags/example_branch_labels.py
[2023-12-02T13:26:11.611+0700] {processor.py:829} INFO - Processing file /home/phuc/Practice/DataScience/DSProject/venv/lib/python3.10/site-packages/airflow/example_dags/example_branch_labels.py for tasks to queue
[2023-12-02T13:26:11.612+0700] {logging_mixin.py:154} INFO - [2023-12-02T13:26:11.612+0700] {dagbag.py:536} INFO - Filling up the DagBag from /home/phuc/Practice/DataScience/DSProject/venv/lib/python3.10/site-packages/airflow/example_dags/example_branch_labels.py
[2023-12-02T13:26:11.619+0700] {processor.py:839} INFO - DAG(s) dict_keys(['example_branch_labels']) retrieved from /home/phuc/Practice/DataScience/DSProject/venv/lib/python3.10/site-packages/airflow/example_dags/example_branch_labels.py
[2023-12-02T13:26:11.635+0700] {logging_mixin.py:154} INFO - [2023-12-02T13:26:11.635+0700] {dag.py:2941} INFO - Sync 1 DAGs
[2023-12-02T13:26:11.653+0700] {logging_mixin.py:154} INFO - [2023-12-02T13:26:11.653+0700] {dag.py:3722} INFO - Setting next_dagrun for example_branch_labels to 2023-12-01T00:00:00+00:00, run_after=2023-12-02T00:00:00+00:00
[2023-12-02T13:26:11.670+0700] {processor.py:179} INFO - Processing /home/phuc/Practice/DataScience/DSProject/venv/lib/python3.10/site-packages/airflow/example_dags/example_branch_labels.py took 0.068 seconds
