[2023-12-02T13:18:30.486+0700] {processor.py:157} INFO - Started process (PID=80921) to work on /home/phuc/Practice/DataScience/DSProject/venv/lib/python3.10/site-packages/airflow/example_dags/example_task_group.py
[2023-12-02T13:18:30.487+0700] {processor.py:829} INFO - Processing file /home/phuc/Practice/DataScience/DSProject/venv/lib/python3.10/site-packages/airflow/example_dags/example_task_group.py for tasks to queue
[2023-12-02T13:18:30.487+0700] {logging_mixin.py:154} INFO - [2023-12-02T13:18:30.487+0700] {dagbag.py:536} INFO - Filling up the DagBag from /home/phuc/Practice/DataScience/DSProject/venv/lib/python3.10/site-packages/airflow/example_dags/example_task_group.py
[2023-12-02T13:18:30.494+0700] {processor.py:839} INFO - DAG(s) dict_keys(['example_task_group']) retrieved from /home/phuc/Practice/DataScience/DSProject/venv/lib/python3.10/site-packages/airflow/example_dags/example_task_group.py
[2023-12-02T13:18:30.549+0700] {logging_mixin.py:154} INFO - [2023-12-02T13:18:30.548+0700] {manager.py:499} INFO - Created Permission View: %s
[2023-12-02T13:18:30.554+0700] {logging_mixin.py:154} INFO - [2023-12-02T13:18:30.554+0700] {manager.py:499} INFO - Created Permission View: %s
[2023-12-02T13:18:30.558+0700] {logging_mixin.py:154} INFO - [2023-12-02T13:18:30.558+0700] {manager.py:499} INFO - Created Permission View: %s
[2023-12-02T13:18:30.558+0700] {logging_mixin.py:154} INFO - [2023-12-02T13:18:30.558+0700] {dag.py:2941} INFO - Sync 1 DAGs
[2023-12-02T13:18:30.563+0700] {logging_mixin.py:154} INFO - [2023-12-02T13:18:30.563+0700] {dag.py:2963} INFO - Creating ORM DAG for example_task_group
[2023-12-02T13:18:30.568+0700] {logging_mixin.py:154} INFO - [2023-12-02T13:18:30.567+0700] {dag.py:3722} INFO - Setting next_dagrun for example_task_group to 2023-12-01T06:18:30.567808+00:00, run_after=2023-12-02T06:18:30.567808+00:00
[2023-12-02T13:18:30.577+0700] {processor.py:179} INFO - Processing /home/phuc/Practice/DataScience/DSProject/venv/lib/python3.10/site-packages/airflow/example_dags/example_task_group.py took 0.092 seconds
[2023-12-02T13:19:15.847+0700] {processor.py:157} INFO - Started process (PID=81125) to work on /home/phuc/Practice/DataScience/DSProject/venv/lib/python3.10/site-packages/airflow/example_dags/example_task_group.py
[2023-12-02T13:19:15.854+0700] {processor.py:829} INFO - Processing file /home/phuc/Practice/DataScience/DSProject/venv/lib/python3.10/site-packages/airflow/example_dags/example_task_group.py for tasks to queue
[2023-12-02T13:19:15.861+0700] {logging_mixin.py:154} INFO - [2023-12-02T13:19:15.858+0700] {dagbag.py:536} INFO - Filling up the DagBag from /home/phuc/Practice/DataScience/DSProject/venv/lib/python3.10/site-packages/airflow/example_dags/example_task_group.py
[2023-12-02T13:19:15.931+0700] {processor.py:839} INFO - DAG(s) dict_keys(['example_task_group']) retrieved from /home/phuc/Practice/DataScience/DSProject/venv/lib/python3.10/site-packages/airflow/example_dags/example_task_group.py
[2023-12-02T13:19:16.083+0700] {logging_mixin.py:154} INFO - [2023-12-02T13:19:16.081+0700] {dag.py:2941} INFO - Sync 1 DAGs
[2023-12-02T13:19:16.266+0700] {logging_mixin.py:154} INFO - [2023-12-02T13:19:16.266+0700] {dag.py:3722} INFO - Setting next_dagrun for example_task_group to 2023-12-01T06:19:16.265526+00:00, run_after=2023-12-02T06:19:16.265526+00:00
[2023-12-02T13:19:16.314+0700] {processor.py:179} INFO - Processing /home/phuc/Practice/DataScience/DSProject/venv/lib/python3.10/site-packages/airflow/example_dags/example_task_group.py took 0.491 seconds
[2023-12-02T13:20:05.331+0700] {processor.py:157} INFO - Started process (PID=81451) to work on /home/phuc/Practice/DataScience/DSProject/venv/lib/python3.10/site-packages/airflow/example_dags/example_task_group.py
[2023-12-02T13:20:05.337+0700] {processor.py:829} INFO - Processing file /home/phuc/Practice/DataScience/DSProject/venv/lib/python3.10/site-packages/airflow/example_dags/example_task_group.py for tasks to queue
[2023-12-02T13:20:05.338+0700] {logging_mixin.py:154} INFO - [2023-12-02T13:20:05.338+0700] {dagbag.py:536} INFO - Filling up the DagBag from /home/phuc/Practice/DataScience/DSProject/venv/lib/python3.10/site-packages/airflow/example_dags/example_task_group.py
[2023-12-02T13:20:05.343+0700] {processor.py:839} INFO - DAG(s) dict_keys(['example_task_group']) retrieved from /home/phuc/Practice/DataScience/DSProject/venv/lib/python3.10/site-packages/airflow/example_dags/example_task_group.py
[2023-12-02T13:20:05.353+0700] {logging_mixin.py:154} INFO - [2023-12-02T13:20:05.352+0700] {dag.py:2941} INFO - Sync 1 DAGs
[2023-12-02T13:20:05.364+0700] {logging_mixin.py:154} INFO - [2023-12-02T13:20:05.364+0700] {dag.py:3722} INFO - Setting next_dagrun for example_task_group to 2023-12-01T06:20:05.364245+00:00, run_after=2023-12-02T06:20:05.364245+00:00
[2023-12-02T13:20:05.375+0700] {processor.py:179} INFO - Processing /home/phuc/Practice/DataScience/DSProject/venv/lib/python3.10/site-packages/airflow/example_dags/example_task_group.py took 0.047 seconds
[2023-12-02T13:20:55.103+0700] {processor.py:157} INFO - Started process (PID=81733) to work on /home/phuc/Practice/DataScience/DSProject/venv/lib/python3.10/site-packages/airflow/example_dags/example_task_group.py
[2023-12-02T13:20:55.105+0700] {processor.py:829} INFO - Processing file /home/phuc/Practice/DataScience/DSProject/venv/lib/python3.10/site-packages/airflow/example_dags/example_task_group.py for tasks to queue
[2023-12-02T13:20:55.106+0700] {logging_mixin.py:154} INFO - [2023-12-02T13:20:55.106+0700] {dagbag.py:536} INFO - Filling up the DagBag from /home/phuc/Practice/DataScience/DSProject/venv/lib/python3.10/site-packages/airflow/example_dags/example_task_group.py
[2023-12-02T13:20:55.122+0700] {processor.py:839} INFO - DAG(s) dict_keys(['example_task_group']) retrieved from /home/phuc/Practice/DataScience/DSProject/venv/lib/python3.10/site-packages/airflow/example_dags/example_task_group.py
[2023-12-02T13:20:55.155+0700] {logging_mixin.py:154} INFO - [2023-12-02T13:20:55.155+0700] {dag.py:2941} INFO - Sync 1 DAGs
[2023-12-02T13:20:55.195+0700] {logging_mixin.py:154} INFO - [2023-12-02T13:20:55.195+0700] {dag.py:3722} INFO - Setting next_dagrun for example_task_group to 2023-12-01T06:20:55.194700+00:00, run_after=2023-12-02T06:20:55.194700+00:00
[2023-12-02T13:20:55.243+0700] {processor.py:179} INFO - Processing /home/phuc/Practice/DataScience/DSProject/venv/lib/python3.10/site-packages/airflow/example_dags/example_task_group.py took 0.145 seconds
[2023-12-02T13:21:45.343+0700] {processor.py:157} INFO - Started process (PID=82065) to work on /home/phuc/Practice/DataScience/DSProject/venv/lib/python3.10/site-packages/airflow/example_dags/example_task_group.py
[2023-12-02T13:21:45.350+0700] {processor.py:829} INFO - Processing file /home/phuc/Practice/DataScience/DSProject/venv/lib/python3.10/site-packages/airflow/example_dags/example_task_group.py for tasks to queue
[2023-12-02T13:21:45.352+0700] {logging_mixin.py:154} INFO - [2023-12-02T13:21:45.351+0700] {dagbag.py:536} INFO - Filling up the DagBag from /home/phuc/Practice/DataScience/DSProject/venv/lib/python3.10/site-packages/airflow/example_dags/example_task_group.py
[2023-12-02T13:21:45.363+0700] {processor.py:839} INFO - DAG(s) dict_keys(['example_task_group']) retrieved from /home/phuc/Practice/DataScience/DSProject/venv/lib/python3.10/site-packages/airflow/example_dags/example_task_group.py
[2023-12-02T13:21:45.374+0700] {logging_mixin.py:154} INFO - [2023-12-02T13:21:45.374+0700] {dag.py:2941} INFO - Sync 1 DAGs
[2023-12-02T13:21:45.385+0700] {logging_mixin.py:154} INFO - [2023-12-02T13:21:45.385+0700] {dag.py:3722} INFO - Setting next_dagrun for example_task_group to 2023-12-01T06:21:45.385195+00:00, run_after=2023-12-02T06:21:45.385195+00:00
[2023-12-02T13:21:45.397+0700] {processor.py:179} INFO - Processing /home/phuc/Practice/DataScience/DSProject/venv/lib/python3.10/site-packages/airflow/example_dags/example_task_group.py took 0.055 seconds
[2023-12-02T13:22:30.716+0700] {processor.py:157} INFO - Started process (PID=82415) to work on /home/phuc/Practice/DataScience/DSProject/venv/lib/python3.10/site-packages/airflow/example_dags/example_task_group.py
[2023-12-02T13:22:30.723+0700] {processor.py:829} INFO - Processing file /home/phuc/Practice/DataScience/DSProject/venv/lib/python3.10/site-packages/airflow/example_dags/example_task_group.py for tasks to queue
[2023-12-02T13:22:30.724+0700] {logging_mixin.py:154} INFO - [2023-12-02T13:22:30.723+0700] {dagbag.py:536} INFO - Filling up the DagBag from /home/phuc/Practice/DataScience/DSProject/venv/lib/python3.10/site-packages/airflow/example_dags/example_task_group.py
[2023-12-02T13:22:30.735+0700] {processor.py:839} INFO - DAG(s) dict_keys(['example_task_group']) retrieved from /home/phuc/Practice/DataScience/DSProject/venv/lib/python3.10/site-packages/airflow/example_dags/example_task_group.py
[2023-12-02T13:22:30.746+0700] {logging_mixin.py:154} INFO - [2023-12-02T13:22:30.746+0700] {dag.py:2941} INFO - Sync 1 DAGs
[2023-12-02T13:22:30.757+0700] {logging_mixin.py:154} INFO - [2023-12-02T13:22:30.757+0700] {dag.py:3722} INFO - Setting next_dagrun for example_task_group to 2023-12-01T06:22:30.757421+00:00, run_after=2023-12-02T06:22:30.757421+00:00
[2023-12-02T13:22:30.769+0700] {processor.py:179} INFO - Processing /home/phuc/Practice/DataScience/DSProject/venv/lib/python3.10/site-packages/airflow/example_dags/example_task_group.py took 0.057 seconds
[2023-12-02T13:23:15.446+0700] {processor.py:157} INFO - Started process (PID=82710) to work on /home/phuc/Practice/DataScience/DSProject/venv/lib/python3.10/site-packages/airflow/example_dags/example_task_group.py
[2023-12-02T13:23:15.453+0700] {processor.py:829} INFO - Processing file /home/phuc/Practice/DataScience/DSProject/venv/lib/python3.10/site-packages/airflow/example_dags/example_task_group.py for tasks to queue
[2023-12-02T13:23:15.454+0700] {logging_mixin.py:154} INFO - [2023-12-02T13:23:15.454+0700] {dagbag.py:536} INFO - Filling up the DagBag from /home/phuc/Practice/DataScience/DSProject/venv/lib/python3.10/site-packages/airflow/example_dags/example_task_group.py
[2023-12-02T13:23:15.466+0700] {processor.py:839} INFO - DAG(s) dict_keys(['example_task_group']) retrieved from /home/phuc/Practice/DataScience/DSProject/venv/lib/python3.10/site-packages/airflow/example_dags/example_task_group.py
[2023-12-02T13:23:15.477+0700] {logging_mixin.py:154} INFO - [2023-12-02T13:23:15.477+0700] {dag.py:2941} INFO - Sync 1 DAGs
[2023-12-02T13:23:15.489+0700] {logging_mixin.py:154} INFO - [2023-12-02T13:23:15.488+0700] {dag.py:3722} INFO - Setting next_dagrun for example_task_group to 2023-12-01T06:23:15.488812+00:00, run_after=2023-12-02T06:23:15.488812+00:00
[2023-12-02T13:23:15.501+0700] {processor.py:179} INFO - Processing /home/phuc/Practice/DataScience/DSProject/venv/lib/python3.10/site-packages/airflow/example_dags/example_task_group.py took 0.059 seconds
[2023-12-02T13:24:00.710+0700] {processor.py:157} INFO - Started process (PID=82920) to work on /home/phuc/Practice/DataScience/DSProject/venv/lib/python3.10/site-packages/airflow/example_dags/example_task_group.py
[2023-12-02T13:24:00.717+0700] {processor.py:829} INFO - Processing file /home/phuc/Practice/DataScience/DSProject/venv/lib/python3.10/site-packages/airflow/example_dags/example_task_group.py for tasks to queue
[2023-12-02T13:24:00.717+0700] {logging_mixin.py:154} INFO - [2023-12-02T13:24:00.717+0700] {dagbag.py:536} INFO - Filling up the DagBag from /home/phuc/Practice/DataScience/DSProject/venv/lib/python3.10/site-packages/airflow/example_dags/example_task_group.py
[2023-12-02T13:24:00.724+0700] {processor.py:839} INFO - DAG(s) dict_keys(['example_task_group']) retrieved from /home/phuc/Practice/DataScience/DSProject/venv/lib/python3.10/site-packages/airflow/example_dags/example_task_group.py
[2023-12-02T13:24:00.735+0700] {logging_mixin.py:154} INFO - [2023-12-02T13:24:00.735+0700] {dag.py:2941} INFO - Sync 1 DAGs
[2023-12-02T13:24:00.747+0700] {logging_mixin.py:154} INFO - [2023-12-02T13:24:00.747+0700] {dag.py:3722} INFO - Setting next_dagrun for example_task_group to 2023-12-01T06:24:00.746983+00:00, run_after=2023-12-02T06:24:00.746983+00:00
[2023-12-02T13:24:00.760+0700] {processor.py:179} INFO - Processing /home/phuc/Practice/DataScience/DSProject/venv/lib/python3.10/site-packages/airflow/example_dags/example_task_group.py took 0.052 seconds
[2023-12-02T13:24:44.797+0700] {processor.py:157} INFO - Started process (PID=83138) to work on /home/phuc/Practice/DataScience/DSProject/venv/lib/python3.10/site-packages/airflow/example_dags/example_task_group.py
[2023-12-02T13:24:44.798+0700] {processor.py:829} INFO - Processing file /home/phuc/Practice/DataScience/DSProject/venv/lib/python3.10/site-packages/airflow/example_dags/example_task_group.py for tasks to queue
[2023-12-02T13:24:44.799+0700] {logging_mixin.py:154} INFO - [2023-12-02T13:24:44.798+0700] {dagbag.py:536} INFO - Filling up the DagBag from /home/phuc/Practice/DataScience/DSProject/venv/lib/python3.10/site-packages/airflow/example_dags/example_task_group.py
[2023-12-02T13:24:44.806+0700] {processor.py:839} INFO - DAG(s) dict_keys(['example_task_group']) retrieved from /home/phuc/Practice/DataScience/DSProject/venv/lib/python3.10/site-packages/airflow/example_dags/example_task_group.py
[2023-12-02T13:24:44.822+0700] {logging_mixin.py:154} INFO - [2023-12-02T13:24:44.822+0700] {dag.py:2941} INFO - Sync 1 DAGs
[2023-12-02T13:24:44.840+0700] {logging_mixin.py:154} INFO - [2023-12-02T13:24:44.840+0700] {dag.py:3722} INFO - Setting next_dagrun for example_task_group to 2023-12-01T06:24:44.840085+00:00, run_after=2023-12-02T06:24:44.840085+00:00
[2023-12-02T13:24:44.859+0700] {processor.py:179} INFO - Processing /home/phuc/Practice/DataScience/DSProject/venv/lib/python3.10/site-packages/airflow/example_dags/example_task_group.py took 0.065 seconds
[2023-12-02T13:25:32.408+0700] {processor.py:157} INFO - Started process (PID=83437) to work on /home/phuc/Practice/DataScience/DSProject/venv/lib/python3.10/site-packages/airflow/example_dags/example_task_group.py
[2023-12-02T13:25:32.415+0700] {processor.py:829} INFO - Processing file /home/phuc/Practice/DataScience/DSProject/venv/lib/python3.10/site-packages/airflow/example_dags/example_task_group.py for tasks to queue
[2023-12-02T13:25:32.416+0700] {logging_mixin.py:154} INFO - [2023-12-02T13:25:32.416+0700] {dagbag.py:536} INFO - Filling up the DagBag from /home/phuc/Practice/DataScience/DSProject/venv/lib/python3.10/site-packages/airflow/example_dags/example_task_group.py
[2023-12-02T13:25:32.427+0700] {processor.py:839} INFO - DAG(s) dict_keys(['example_task_group']) retrieved from /home/phuc/Practice/DataScience/DSProject/venv/lib/python3.10/site-packages/airflow/example_dags/example_task_group.py
[2023-12-02T13:25:32.446+0700] {logging_mixin.py:154} INFO - [2023-12-02T13:25:32.446+0700] {dag.py:2941} INFO - Sync 1 DAGs
[2023-12-02T13:25:32.465+0700] {logging_mixin.py:154} INFO - [2023-12-02T13:25:32.465+0700] {dag.py:3722} INFO - Setting next_dagrun for example_task_group to 2023-12-01T06:25:32.464735+00:00, run_after=2023-12-02T06:25:32.464735+00:00
[2023-12-02T13:25:32.482+0700] {processor.py:179} INFO - Processing /home/phuc/Practice/DataScience/DSProject/venv/lib/python3.10/site-packages/airflow/example_dags/example_task_group.py took 0.077 seconds
[2023-12-02T13:26:15.141+0700] {processor.py:157} INFO - Started process (PID=83632) to work on /home/phuc/Practice/DataScience/DSProject/venv/lib/python3.10/site-packages/airflow/example_dags/example_task_group.py
[2023-12-02T13:26:15.148+0700] {processor.py:829} INFO - Processing file /home/phuc/Practice/DataScience/DSProject/venv/lib/python3.10/site-packages/airflow/example_dags/example_task_group.py for tasks to queue
[2023-12-02T13:26:15.150+0700] {logging_mixin.py:154} INFO - [2023-12-02T13:26:15.149+0700] {dagbag.py:536} INFO - Filling up the DagBag from /home/phuc/Practice/DataScience/DSProject/venv/lib/python3.10/site-packages/airflow/example_dags/example_task_group.py
[2023-12-02T13:26:15.158+0700] {processor.py:839} INFO - DAG(s) dict_keys(['example_task_group']) retrieved from /home/phuc/Practice/DataScience/DSProject/venv/lib/python3.10/site-packages/airflow/example_dags/example_task_group.py
[2023-12-02T13:26:15.172+0700] {logging_mixin.py:154} INFO - [2023-12-02T13:26:15.172+0700] {dag.py:2941} INFO - Sync 1 DAGs
[2023-12-02T13:26:15.192+0700] {logging_mixin.py:154} INFO - [2023-12-02T13:26:15.192+0700] {dag.py:3722} INFO - Setting next_dagrun for example_task_group to 2023-12-01T06:26:15.191805+00:00, run_after=2023-12-02T06:26:15.191805+00:00
[2023-12-02T13:26:15.211+0700] {processor.py:179} INFO - Processing /home/phuc/Practice/DataScience/DSProject/venv/lib/python3.10/site-packages/airflow/example_dags/example_task_group.py took 0.073 seconds
