[2023-12-02T13:18:23.090+0700] {processor.py:157} INFO - Started process (PID=80895) to work on /home/phuc/Practice/DataScience/DSProject/venv/lib/python3.10/site-packages/airflow/example_dags/example_setup_teardown.py
[2023-12-02T13:18:23.090+0700] {processor.py:829} INFO - Processing file /home/phuc/Practice/DataScience/DSProject/venv/lib/python3.10/site-packages/airflow/example_dags/example_setup_teardown.py for tasks to queue
[2023-12-02T13:18:23.091+0700] {logging_mixin.py:154} INFO - [2023-12-02T13:18:23.090+0700] {dagbag.py:536} INFO - Filling up the DagBag from /home/phuc/Practice/DataScience/DSProject/venv/lib/python3.10/site-packages/airflow/example_dags/example_setup_teardown.py
[2023-12-02T13:18:23.096+0700] {processor.py:839} INFO - DAG(s) dict_keys(['example_setup_teardown']) retrieved from /home/phuc/Practice/DataScience/DSProject/venv/lib/python3.10/site-packages/airflow/example_dags/example_setup_teardown.py
[2023-12-02T13:18:23.153+0700] {logging_mixin.py:154} INFO - [2023-12-02T13:18:23.153+0700] {manager.py:499} INFO - Created Permission View: %s
[2023-12-02T13:18:23.158+0700] {logging_mixin.py:154} INFO - [2023-12-02T13:18:23.158+0700] {manager.py:499} INFO - Created Permission View: %s
[2023-12-02T13:18:23.162+0700] {logging_mixin.py:154} INFO - [2023-12-02T13:18:23.162+0700] {manager.py:499} INFO - Created Permission View: %s
[2023-12-02T13:18:23.162+0700] {logging_mixin.py:154} INFO - [2023-12-02T13:18:23.162+0700] {dag.py:2941} INFO - Sync 1 DAGs
[2023-12-02T13:18:23.168+0700] {logging_mixin.py:154} INFO - [2023-12-02T13:18:23.168+0700] {dag.py:2963} INFO - Creating ORM DAG for example_setup_teardown
[2023-12-02T13:18:23.172+0700] {logging_mixin.py:154} INFO - [2023-12-02T13:18:23.172+0700] {dag.py:3722} INFO - Setting next_dagrun for example_setup_teardown to 2023-12-01T06:18:23.172393+00:00, run_after=2023-12-02T06:18:23.172393+00:00
[2023-12-02T13:18:23.182+0700] {processor.py:179} INFO - Processing /home/phuc/Practice/DataScience/DSProject/venv/lib/python3.10/site-packages/airflow/example_dags/example_setup_teardown.py took 0.097 seconds
[2023-12-02T13:19:08.334+0700] {processor.py:157} INFO - Started process (PID=81093) to work on /home/phuc/Practice/DataScience/DSProject/venv/lib/python3.10/site-packages/airflow/example_dags/example_setup_teardown.py
[2023-12-02T13:19:08.342+0700] {processor.py:829} INFO - Processing file /home/phuc/Practice/DataScience/DSProject/venv/lib/python3.10/site-packages/airflow/example_dags/example_setup_teardown.py for tasks to queue
[2023-12-02T13:19:08.343+0700] {logging_mixin.py:154} INFO - [2023-12-02T13:19:08.343+0700] {dagbag.py:536} INFO - Filling up the DagBag from /home/phuc/Practice/DataScience/DSProject/venv/lib/python3.10/site-packages/airflow/example_dags/example_setup_teardown.py
[2023-12-02T13:19:08.354+0700] {processor.py:839} INFO - DAG(s) dict_keys(['example_setup_teardown']) retrieved from /home/phuc/Practice/DataScience/DSProject/venv/lib/python3.10/site-packages/airflow/example_dags/example_setup_teardown.py
[2023-12-02T13:19:08.365+0700] {logging_mixin.py:154} INFO - [2023-12-02T13:19:08.365+0700] {dag.py:2941} INFO - Sync 1 DAGs
[2023-12-02T13:19:08.374+0700] {logging_mixin.py:154} INFO - [2023-12-02T13:19:08.374+0700] {dag.py:3722} INFO - Setting next_dagrun for example_setup_teardown to 2023-12-01T06:19:08.374303+00:00, run_after=2023-12-02T06:19:08.374303+00:00
[2023-12-02T13:19:08.384+0700] {processor.py:179} INFO - Processing /home/phuc/Practice/DataScience/DSProject/venv/lib/python3.10/site-packages/airflow/example_dags/example_setup_teardown.py took 0.054 seconds
[2023-12-02T13:19:56.969+0700] {processor.py:157} INFO - Started process (PID=81411) to work on /home/phuc/Practice/DataScience/DSProject/venv/lib/python3.10/site-packages/airflow/example_dags/example_setup_teardown.py
[2023-12-02T13:19:56.970+0700] {processor.py:829} INFO - Processing file /home/phuc/Practice/DataScience/DSProject/venv/lib/python3.10/site-packages/airflow/example_dags/example_setup_teardown.py for tasks to queue
[2023-12-02T13:19:56.970+0700] {logging_mixin.py:154} INFO - [2023-12-02T13:19:56.970+0700] {dagbag.py:536} INFO - Filling up the DagBag from /home/phuc/Practice/DataScience/DSProject/venv/lib/python3.10/site-packages/airflow/example_dags/example_setup_teardown.py
[2023-12-02T13:19:56.974+0700] {processor.py:839} INFO - DAG(s) dict_keys(['example_setup_teardown']) retrieved from /home/phuc/Practice/DataScience/DSProject/venv/lib/python3.10/site-packages/airflow/example_dags/example_setup_teardown.py
[2023-12-02T13:19:56.982+0700] {logging_mixin.py:154} INFO - [2023-12-02T13:19:56.982+0700] {dag.py:2941} INFO - Sync 1 DAGs
[2023-12-02T13:19:56.992+0700] {logging_mixin.py:154} INFO - [2023-12-02T13:19:56.992+0700] {dag.py:3722} INFO - Setting next_dagrun for example_setup_teardown to 2023-12-01T06:19:56.991934+00:00, run_after=2023-12-02T06:19:56.991934+00:00
[2023-12-02T13:19:57.002+0700] {processor.py:179} INFO - Processing /home/phuc/Practice/DataScience/DSProject/venv/lib/python3.10/site-packages/airflow/example_dags/example_setup_teardown.py took 0.034 seconds
[2023-12-02T13:20:47.082+0700] {processor.py:157} INFO - Started process (PID=81705) to work on /home/phuc/Practice/DataScience/DSProject/venv/lib/python3.10/site-packages/airflow/example_dags/example_setup_teardown.py
[2023-12-02T13:20:47.089+0700] {processor.py:829} INFO - Processing file /home/phuc/Practice/DataScience/DSProject/venv/lib/python3.10/site-packages/airflow/example_dags/example_setup_teardown.py for tasks to queue
[2023-12-02T13:20:47.091+0700] {logging_mixin.py:154} INFO - [2023-12-02T13:20:47.090+0700] {dagbag.py:536} INFO - Filling up the DagBag from /home/phuc/Practice/DataScience/DSProject/venv/lib/python3.10/site-packages/airflow/example_dags/example_setup_teardown.py
[2023-12-02T13:20:47.102+0700] {processor.py:839} INFO - DAG(s) dict_keys(['example_setup_teardown']) retrieved from /home/phuc/Practice/DataScience/DSProject/venv/lib/python3.10/site-packages/airflow/example_dags/example_setup_teardown.py
[2023-12-02T13:20:47.112+0700] {logging_mixin.py:154} INFO - [2023-12-02T13:20:47.112+0700] {dag.py:2941} INFO - Sync 1 DAGs
[2023-12-02T13:20:47.122+0700] {logging_mixin.py:154} INFO - [2023-12-02T13:20:47.122+0700] {dag.py:3722} INFO - Setting next_dagrun for example_setup_teardown to 2023-12-01T06:20:47.122042+00:00, run_after=2023-12-02T06:20:47.122042+00:00
[2023-12-02T13:20:47.131+0700] {processor.py:179} INFO - Processing /home/phuc/Practice/DataScience/DSProject/venv/lib/python3.10/site-packages/airflow/example_dags/example_setup_teardown.py took 0.053 seconds
[2023-12-02T13:21:37.534+0700] {processor.py:157} INFO - Started process (PID=81974) to work on /home/phuc/Practice/DataScience/DSProject/venv/lib/python3.10/site-packages/airflow/example_dags/example_setup_teardown.py
[2023-12-02T13:21:37.541+0700] {processor.py:829} INFO - Processing file /home/phuc/Practice/DataScience/DSProject/venv/lib/python3.10/site-packages/airflow/example_dags/example_setup_teardown.py for tasks to queue
[2023-12-02T13:21:37.543+0700] {logging_mixin.py:154} INFO - [2023-12-02T13:21:37.542+0700] {dagbag.py:536} INFO - Filling up the DagBag from /home/phuc/Practice/DataScience/DSProject/venv/lib/python3.10/site-packages/airflow/example_dags/example_setup_teardown.py
[2023-12-02T13:21:37.554+0700] {processor.py:839} INFO - DAG(s) dict_keys(['example_setup_teardown']) retrieved from /home/phuc/Practice/DataScience/DSProject/venv/lib/python3.10/site-packages/airflow/example_dags/example_setup_teardown.py
[2023-12-02T13:21:37.567+0700] {logging_mixin.py:154} INFO - [2023-12-02T13:21:37.566+0700] {dag.py:2941} INFO - Sync 1 DAGs
[2023-12-02T13:21:37.584+0700] {logging_mixin.py:154} INFO - [2023-12-02T13:21:37.583+0700] {dag.py:3722} INFO - Setting next_dagrun for example_setup_teardown to 2023-12-01T06:21:37.583622+00:00, run_after=2023-12-02T06:21:37.583622+00:00
[2023-12-02T13:21:37.597+0700] {processor.py:179} INFO - Processing /home/phuc/Practice/DataScience/DSProject/venv/lib/python3.10/site-packages/airflow/example_dags/example_setup_teardown.py took 0.065 seconds
[2023-12-02T13:22:22.748+0700] {processor.py:157} INFO - Started process (PID=82366) to work on /home/phuc/Practice/DataScience/DSProject/venv/lib/python3.10/site-packages/airflow/example_dags/example_setup_teardown.py
[2023-12-02T13:22:22.755+0700] {processor.py:829} INFO - Processing file /home/phuc/Practice/DataScience/DSProject/venv/lib/python3.10/site-packages/airflow/example_dags/example_setup_teardown.py for tasks to queue
[2023-12-02T13:22:22.756+0700] {logging_mixin.py:154} INFO - [2023-12-02T13:22:22.756+0700] {dagbag.py:536} INFO - Filling up the DagBag from /home/phuc/Practice/DataScience/DSProject/venv/lib/python3.10/site-packages/airflow/example_dags/example_setup_teardown.py
[2023-12-02T13:22:22.767+0700] {processor.py:839} INFO - DAG(s) dict_keys(['example_setup_teardown']) retrieved from /home/phuc/Practice/DataScience/DSProject/venv/lib/python3.10/site-packages/airflow/example_dags/example_setup_teardown.py
[2023-12-02T13:22:22.777+0700] {logging_mixin.py:154} INFO - [2023-12-02T13:22:22.777+0700] {dag.py:2941} INFO - Sync 1 DAGs
[2023-12-02T13:22:22.788+0700] {logging_mixin.py:154} INFO - [2023-12-02T13:22:22.788+0700] {dag.py:3722} INFO - Setting next_dagrun for example_setup_teardown to 2023-12-01T06:22:22.788741+00:00, run_after=2023-12-02T06:22:22.788741+00:00
[2023-12-02T13:22:22.801+0700] {processor.py:179} INFO - Processing /home/phuc/Practice/DataScience/DSProject/venv/lib/python3.10/site-packages/airflow/example_dags/example_setup_teardown.py took 0.057 seconds
[2023-12-02T13:23:08.928+0700] {processor.py:157} INFO - Started process (PID=82683) to work on /home/phuc/Practice/DataScience/DSProject/venv/lib/python3.10/site-packages/airflow/example_dags/example_setup_teardown.py
[2023-12-02T13:23:08.935+0700] {processor.py:829} INFO - Processing file /home/phuc/Practice/DataScience/DSProject/venv/lib/python3.10/site-packages/airflow/example_dags/example_setup_teardown.py for tasks to queue
[2023-12-02T13:23:08.937+0700] {logging_mixin.py:154} INFO - [2023-12-02T13:23:08.936+0700] {dagbag.py:536} INFO - Filling up the DagBag from /home/phuc/Practice/DataScience/DSProject/venv/lib/python3.10/site-packages/airflow/example_dags/example_setup_teardown.py
[2023-12-02T13:23:08.946+0700] {processor.py:839} INFO - DAG(s) dict_keys(['example_setup_teardown']) retrieved from /home/phuc/Practice/DataScience/DSProject/venv/lib/python3.10/site-packages/airflow/example_dags/example_setup_teardown.py
[2023-12-02T13:23:08.968+0700] {logging_mixin.py:154} INFO - [2023-12-02T13:23:08.968+0700] {dag.py:2941} INFO - Sync 1 DAGs
[2023-12-02T13:23:08.995+0700] {logging_mixin.py:154} INFO - [2023-12-02T13:23:08.994+0700] {dag.py:3722} INFO - Setting next_dagrun for example_setup_teardown to 2023-12-01T06:23:08.994576+00:00, run_after=2023-12-02T06:23:08.994576+00:00
[2023-12-02T13:23:09.022+0700] {processor.py:179} INFO - Processing /home/phuc/Practice/DataScience/DSProject/venv/lib/python3.10/site-packages/airflow/example_dags/example_setup_teardown.py took 0.099 seconds
[2023-12-02T13:23:48.711+0700] {processor.py:157} INFO - Started process (PID=82851) to work on /home/phuc/Practice/DataScience/DSProject/venv/lib/python3.10/site-packages/airflow/example_dags/example_setup_teardown.py
[2023-12-02T13:23:48.718+0700] {processor.py:829} INFO - Processing file /home/phuc/Practice/DataScience/DSProject/venv/lib/python3.10/site-packages/airflow/example_dags/example_setup_teardown.py for tasks to queue
[2023-12-02T13:23:48.719+0700] {logging_mixin.py:154} INFO - [2023-12-02T13:23:48.719+0700] {dagbag.py:536} INFO - Filling up the DagBag from /home/phuc/Practice/DataScience/DSProject/venv/lib/python3.10/site-packages/airflow/example_dags/example_setup_teardown.py
[2023-12-02T13:23:48.730+0700] {processor.py:839} INFO - DAG(s) dict_keys(['example_setup_teardown']) retrieved from /home/phuc/Practice/DataScience/DSProject/venv/lib/python3.10/site-packages/airflow/example_dags/example_setup_teardown.py
[2023-12-02T13:23:48.741+0700] {logging_mixin.py:154} INFO - [2023-12-02T13:23:48.741+0700] {dag.py:2941} INFO - Sync 1 DAGs
[2023-12-02T13:23:48.753+0700] {logging_mixin.py:154} INFO - [2023-12-02T13:23:48.753+0700] {dag.py:3722} INFO - Setting next_dagrun for example_setup_teardown to 2023-12-01T06:23:48.752898+00:00, run_after=2023-12-02T06:23:48.752898+00:00
[2023-12-02T13:23:48.765+0700] {processor.py:179} INFO - Processing /home/phuc/Practice/DataScience/DSProject/venv/lib/python3.10/site-packages/airflow/example_dags/example_setup_teardown.py took 0.057 seconds
[2023-12-02T13:24:30.812+0700] {processor.py:157} INFO - Started process (PID=83055) to work on /home/phuc/Practice/DataScience/DSProject/venv/lib/python3.10/site-packages/airflow/example_dags/example_setup_teardown.py
[2023-12-02T13:24:30.820+0700] {processor.py:829} INFO - Processing file /home/phuc/Practice/DataScience/DSProject/venv/lib/python3.10/site-packages/airflow/example_dags/example_setup_teardown.py for tasks to queue
[2023-12-02T13:24:30.821+0700] {logging_mixin.py:154} INFO - [2023-12-02T13:24:30.821+0700] {dagbag.py:536} INFO - Filling up the DagBag from /home/phuc/Practice/DataScience/DSProject/venv/lib/python3.10/site-packages/airflow/example_dags/example_setup_teardown.py
[2023-12-02T13:24:30.827+0700] {processor.py:839} INFO - DAG(s) dict_keys(['example_setup_teardown']) retrieved from /home/phuc/Practice/DataScience/DSProject/venv/lib/python3.10/site-packages/airflow/example_dags/example_setup_teardown.py
[2023-12-02T13:24:30.839+0700] {logging_mixin.py:154} INFO - [2023-12-02T13:24:30.839+0700] {dag.py:2941} INFO - Sync 1 DAGs
[2023-12-02T13:24:30.854+0700] {logging_mixin.py:154} INFO - [2023-12-02T13:24:30.853+0700] {dag.py:3722} INFO - Setting next_dagrun for example_setup_teardown to 2023-12-01T06:24:30.853661+00:00, run_after=2023-12-02T06:24:30.853661+00:00
[2023-12-02T13:24:30.875+0700] {processor.py:179} INFO - Processing /home/phuc/Practice/DataScience/DSProject/venv/lib/python3.10/site-packages/airflow/example_dags/example_setup_teardown.py took 0.066 seconds
[2023-12-02T13:25:17.621+0700] {processor.py:157} INFO - Started process (PID=83390) to work on /home/phuc/Practice/DataScience/DSProject/venv/lib/python3.10/site-packages/airflow/example_dags/example_setup_teardown.py
[2023-12-02T13:25:17.628+0700] {processor.py:829} INFO - Processing file /home/phuc/Practice/DataScience/DSProject/venv/lib/python3.10/site-packages/airflow/example_dags/example_setup_teardown.py for tasks to queue
[2023-12-02T13:25:17.629+0700] {logging_mixin.py:154} INFO - [2023-12-02T13:25:17.629+0700] {dagbag.py:536} INFO - Filling up the DagBag from /home/phuc/Practice/DataScience/DSProject/venv/lib/python3.10/site-packages/airflow/example_dags/example_setup_teardown.py
[2023-12-02T13:25:17.637+0700] {processor.py:839} INFO - DAG(s) dict_keys(['example_setup_teardown']) retrieved from /home/phuc/Practice/DataScience/DSProject/venv/lib/python3.10/site-packages/airflow/example_dags/example_setup_teardown.py
[2023-12-02T13:25:17.652+0700] {logging_mixin.py:154} INFO - [2023-12-02T13:25:17.652+0700] {dag.py:2941} INFO - Sync 1 DAGs
[2023-12-02T13:25:17.676+0700] {logging_mixin.py:154} INFO - [2023-12-02T13:25:17.675+0700] {dag.py:3722} INFO - Setting next_dagrun for example_setup_teardown to 2023-12-01T06:25:17.675452+00:00, run_after=2023-12-02T06:25:17.675452+00:00
[2023-12-02T13:25:17.700+0700] {processor.py:179} INFO - Processing /home/phuc/Practice/DataScience/DSProject/venv/lib/python3.10/site-packages/airflow/example_dags/example_setup_teardown.py took 0.082 seconds
[2023-12-02T13:26:06.702+0700] {processor.py:157} INFO - Started process (PID=83591) to work on /home/phuc/Practice/DataScience/DSProject/venv/lib/python3.10/site-packages/airflow/example_dags/example_setup_teardown.py
[2023-12-02T13:26:06.709+0700] {processor.py:829} INFO - Processing file /home/phuc/Practice/DataScience/DSProject/venv/lib/python3.10/site-packages/airflow/example_dags/example_setup_teardown.py for tasks to queue
[2023-12-02T13:26:06.710+0700] {logging_mixin.py:154} INFO - [2023-12-02T13:26:06.710+0700] {dagbag.py:536} INFO - Filling up the DagBag from /home/phuc/Practice/DataScience/DSProject/venv/lib/python3.10/site-packages/airflow/example_dags/example_setup_teardown.py
[2023-12-02T13:26:06.717+0700] {processor.py:839} INFO - DAG(s) dict_keys(['example_setup_teardown']) retrieved from /home/phuc/Practice/DataScience/DSProject/venv/lib/python3.10/site-packages/airflow/example_dags/example_setup_teardown.py
[2023-12-02T13:26:06.731+0700] {logging_mixin.py:154} INFO - [2023-12-02T13:26:06.730+0700] {dag.py:2941} INFO - Sync 1 DAGs
[2023-12-02T13:26:06.748+0700] {logging_mixin.py:154} INFO - [2023-12-02T13:26:06.747+0700] {dag.py:3722} INFO - Setting next_dagrun for example_setup_teardown to 2023-12-01T06:26:06.747670+00:00, run_after=2023-12-02T06:26:06.747670+00:00
[2023-12-02T13:26:06.765+0700] {processor.py:179} INFO - Processing /home/phuc/Practice/DataScience/DSProject/venv/lib/python3.10/site-packages/airflow/example_dags/example_setup_teardown.py took 0.066 seconds
[2023-12-02T13:26:43.036+0700] {processor.py:157} INFO - Started process (PID=83782) to work on /home/phuc/Practice/DataScience/DSProject/venv/lib/python3.10/site-packages/airflow/example_dags/example_setup_teardown.py
[2023-12-02T13:26:43.043+0700] {processor.py:829} INFO - Processing file /home/phuc/Practice/DataScience/DSProject/venv/lib/python3.10/site-packages/airflow/example_dags/example_setup_teardown.py for tasks to queue
[2023-12-02T13:26:43.045+0700] {logging_mixin.py:154} INFO - [2023-12-02T13:26:43.044+0700] {dagbag.py:536} INFO - Filling up the DagBag from /home/phuc/Practice/DataScience/DSProject/venv/lib/python3.10/site-packages/airflow/example_dags/example_setup_teardown.py
[2023-12-02T13:26:43.056+0700] {processor.py:839} INFO - DAG(s) dict_keys(['example_setup_teardown']) retrieved from /home/phuc/Practice/DataScience/DSProject/venv/lib/python3.10/site-packages/airflow/example_dags/example_setup_teardown.py
[2023-12-02T13:26:43.067+0700] {logging_mixin.py:154} INFO - [2023-12-02T13:26:43.066+0700] {dag.py:2941} INFO - Sync 1 DAGs
[2023-12-02T13:26:43.079+0700] {logging_mixin.py:154} INFO - [2023-12-02T13:26:43.079+0700] {dag.py:3722} INFO - Setting next_dagrun for example_setup_teardown to 2023-12-01T06:26:43.079535+00:00, run_after=2023-12-02T06:26:43.079535+00:00
[2023-12-02T13:26:43.092+0700] {processor.py:179} INFO - Processing /home/phuc/Practice/DataScience/DSProject/venv/lib/python3.10/site-packages/airflow/example_dags/example_setup_teardown.py took 0.061 seconds
