[2023-12-02T13:18:12.909+0700] {processor.py:157} INFO - Started process (PID=80839) to work on /home/phuc/Practice/DataScience/DSProject/venv/lib/python3.10/site-packages/airflow/example_dags/example_dag_decorator.py
[2023-12-02T13:18:12.909+0700] {processor.py:829} INFO - Processing file /home/phuc/Practice/DataScience/DSProject/venv/lib/python3.10/site-packages/airflow/example_dags/example_dag_decorator.py for tasks to queue
[2023-12-02T13:18:12.910+0700] {logging_mixin.py:154} INFO - [2023-12-02T13:18:12.909+0700] {dagbag.py:536} INFO - Filling up the DagBag from /home/phuc/Practice/DataScience/DSProject/venv/lib/python3.10/site-packages/airflow/example_dags/example_dag_decorator.py
[2023-12-02T13:18:12.947+0700] {processor.py:839} INFO - DAG(s) dict_keys(['example_dag_decorator']) retrieved from /home/phuc/Practice/DataScience/DSProject/venv/lib/python3.10/site-packages/airflow/example_dags/example_dag_decorator.py
[2023-12-02T13:18:13.004+0700] {logging_mixin.py:154} INFO - [2023-12-02T13:18:13.004+0700] {manager.py:499} INFO - Created Permission View: %s
[2023-12-02T13:18:13.010+0700] {logging_mixin.py:154} INFO - [2023-12-02T13:18:13.009+0700] {manager.py:499} INFO - Created Permission View: %s
[2023-12-02T13:18:13.013+0700] {logging_mixin.py:154} INFO - [2023-12-02T13:18:13.013+0700] {manager.py:499} INFO - Created Permission View: %s
[2023-12-02T13:18:13.013+0700] {logging_mixin.py:154} INFO - [2023-12-02T13:18:13.013+0700] {dag.py:2941} INFO - Sync 1 DAGs
[2023-12-02T13:18:13.018+0700] {logging_mixin.py:154} INFO - [2023-12-02T13:18:13.018+0700] {dag.py:2963} INFO - Creating ORM DAG for example_dag_decorator
[2023-12-02T13:18:13.018+0700] {logging_mixin.py:154} INFO - [2023-12-02T13:18:13.018+0700] {dag.py:3722} INFO - Setting next_dagrun for example_dag_decorator to None, run_after=None
[2023-12-02T13:18:13.027+0700] {processor.py:179} INFO - Processing /home/phuc/Practice/DataScience/DSProject/venv/lib/python3.10/site-packages/airflow/example_dags/example_dag_decorator.py took 0.120 seconds
[2023-12-02T13:18:59.177+0700] {processor.py:157} INFO - Started process (PID=81050) to work on /home/phuc/Practice/DataScience/DSProject/venv/lib/python3.10/site-packages/airflow/example_dags/example_dag_decorator.py
[2023-12-02T13:18:59.185+0700] {processor.py:829} INFO - Processing file /home/phuc/Practice/DataScience/DSProject/venv/lib/python3.10/site-packages/airflow/example_dags/example_dag_decorator.py for tasks to queue
[2023-12-02T13:18:59.187+0700] {logging_mixin.py:154} INFO - [2023-12-02T13:18:59.186+0700] {dagbag.py:536} INFO - Filling up the DagBag from /home/phuc/Practice/DataScience/DSProject/venv/lib/python3.10/site-packages/airflow/example_dags/example_dag_decorator.py
[2023-12-02T13:18:59.228+0700] {processor.py:839} INFO - DAG(s) dict_keys(['example_dag_decorator']) retrieved from /home/phuc/Practice/DataScience/DSProject/venv/lib/python3.10/site-packages/airflow/example_dags/example_dag_decorator.py
[2023-12-02T13:18:59.273+0700] {logging_mixin.py:154} INFO - [2023-12-02T13:18:59.273+0700] {dag.py:2941} INFO - Sync 1 DAGs
[2023-12-02T13:18:59.278+0700] {logging_mixin.py:154} INFO - [2023-12-02T13:18:59.278+0700] {dag.py:3722} INFO - Setting next_dagrun for example_dag_decorator to None, run_after=None
[2023-12-02T13:18:59.288+0700] {processor.py:179} INFO - Processing /home/phuc/Practice/DataScience/DSProject/venv/lib/python3.10/site-packages/airflow/example_dags/example_dag_decorator.py took 0.114 seconds
[2023-12-02T13:19:32.930+0700] {processor.py:157} INFO - Started process (PID=81239) to work on /home/phuc/Practice/DataScience/DSProject/venv/lib/python3.10/site-packages/airflow/example_dags/example_dag_decorator.py
[2023-12-02T13:19:32.939+0700] {processor.py:829} INFO - Processing file /home/phuc/Practice/DataScience/DSProject/venv/lib/python3.10/site-packages/airflow/example_dags/example_dag_decorator.py for tasks to queue
[2023-12-02T13:19:32.940+0700] {logging_mixin.py:154} INFO - [2023-12-02T13:19:32.940+0700] {dagbag.py:536} INFO - Filling up the DagBag from /home/phuc/Practice/DataScience/DSProject/venv/lib/python3.10/site-packages/airflow/example_dags/example_dag_decorator.py
[2023-12-02T13:19:33.077+0700] {processor.py:839} INFO - DAG(s) dict_keys(['example_dag_decorator']) retrieved from /home/phuc/Practice/DataScience/DSProject/venv/lib/python3.10/site-packages/airflow/example_dags/example_dag_decorator.py
[2023-12-02T13:19:33.287+0700] {logging_mixin.py:154} INFO - [2023-12-02T13:19:33.287+0700] {dag.py:2941} INFO - Sync 1 DAGs
[2023-12-02T13:19:33.311+0700] {logging_mixin.py:154} INFO - [2023-12-02T13:19:33.310+0700] {dag.py:3722} INFO - Setting next_dagrun for example_dag_decorator to None, run_after=None
[2023-12-02T13:19:33.363+0700] {processor.py:179} INFO - Processing /home/phuc/Practice/DataScience/DSProject/venv/lib/python3.10/site-packages/airflow/example_dags/example_dag_decorator.py took 0.445 seconds
[2023-12-02T13:20:10.463+0700] {processor.py:157} INFO - Started process (PID=81472) to work on /home/phuc/Practice/DataScience/DSProject/venv/lib/python3.10/site-packages/airflow/example_dags/example_dag_decorator.py
[2023-12-02T13:20:10.470+0700] {processor.py:829} INFO - Processing file /home/phuc/Practice/DataScience/DSProject/venv/lib/python3.10/site-packages/airflow/example_dags/example_dag_decorator.py for tasks to queue
[2023-12-02T13:20:10.470+0700] {logging_mixin.py:154} INFO - [2023-12-02T13:20:10.470+0700] {dagbag.py:536} INFO - Filling up the DagBag from /home/phuc/Practice/DataScience/DSProject/venv/lib/python3.10/site-packages/airflow/example_dags/example_dag_decorator.py
[2023-12-02T13:20:10.506+0700] {processor.py:839} INFO - DAG(s) dict_keys(['example_dag_decorator']) retrieved from /home/phuc/Practice/DataScience/DSProject/venv/lib/python3.10/site-packages/airflow/example_dags/example_dag_decorator.py
[2023-12-02T13:20:10.556+0700] {logging_mixin.py:154} INFO - [2023-12-02T13:20:10.556+0700] {dag.py:2941} INFO - Sync 1 DAGs
[2023-12-02T13:20:10.562+0700] {logging_mixin.py:154} INFO - [2023-12-02T13:20:10.562+0700] {dag.py:3722} INFO - Setting next_dagrun for example_dag_decorator to None, run_after=None
[2023-12-02T13:20:10.572+0700] {processor.py:179} INFO - Processing /home/phuc/Practice/DataScience/DSProject/venv/lib/python3.10/site-packages/airflow/example_dags/example_dag_decorator.py took 0.111 seconds
[2023-12-02T13:20:43.583+0700] {processor.py:157} INFO - Started process (PID=81686) to work on /home/phuc/Practice/DataScience/DSProject/venv/lib/python3.10/site-packages/airflow/example_dags/example_dag_decorator.py
[2023-12-02T13:20:43.590+0700] {processor.py:829} INFO - Processing file /home/phuc/Practice/DataScience/DSProject/venv/lib/python3.10/site-packages/airflow/example_dags/example_dag_decorator.py for tasks to queue
[2023-12-02T13:20:43.591+0700] {logging_mixin.py:154} INFO - [2023-12-02T13:20:43.591+0700] {dagbag.py:536} INFO - Filling up the DagBag from /home/phuc/Practice/DataScience/DSProject/venv/lib/python3.10/site-packages/airflow/example_dags/example_dag_decorator.py
[2023-12-02T13:20:43.634+0700] {processor.py:839} INFO - DAG(s) dict_keys(['example_dag_decorator']) retrieved from /home/phuc/Practice/DataScience/DSProject/venv/lib/python3.10/site-packages/airflow/example_dags/example_dag_decorator.py
[2023-12-02T13:20:43.682+0700] {logging_mixin.py:154} INFO - [2023-12-02T13:20:43.682+0700] {dag.py:2941} INFO - Sync 1 DAGs
[2023-12-02T13:20:43.687+0700] {logging_mixin.py:154} INFO - [2023-12-02T13:20:43.687+0700] {dag.py:3722} INFO - Setting next_dagrun for example_dag_decorator to None, run_after=None
[2023-12-02T13:20:43.697+0700] {processor.py:179} INFO - Processing /home/phuc/Practice/DataScience/DSProject/venv/lib/python3.10/site-packages/airflow/example_dags/example_dag_decorator.py took 0.119 seconds
[2023-12-02T13:21:19.231+0700] {processor.py:157} INFO - Started process (PID=81870) to work on /home/phuc/Practice/DataScience/DSProject/venv/lib/python3.10/site-packages/airflow/example_dags/example_dag_decorator.py
[2023-12-02T13:21:19.238+0700] {processor.py:829} INFO - Processing file /home/phuc/Practice/DataScience/DSProject/venv/lib/python3.10/site-packages/airflow/example_dags/example_dag_decorator.py for tasks to queue
[2023-12-02T13:21:19.239+0700] {logging_mixin.py:154} INFO - [2023-12-02T13:21:19.238+0700] {dagbag.py:536} INFO - Filling up the DagBag from /home/phuc/Practice/DataScience/DSProject/venv/lib/python3.10/site-packages/airflow/example_dags/example_dag_decorator.py
[2023-12-02T13:21:19.289+0700] {processor.py:839} INFO - DAG(s) dict_keys(['example_dag_decorator']) retrieved from /home/phuc/Practice/DataScience/DSProject/venv/lib/python3.10/site-packages/airflow/example_dags/example_dag_decorator.py
[2023-12-02T13:21:19.361+0700] {logging_mixin.py:154} INFO - [2023-12-02T13:21:19.361+0700] {dag.py:2941} INFO - Sync 1 DAGs
[2023-12-02T13:21:19.369+0700] {logging_mixin.py:154} INFO - [2023-12-02T13:21:19.369+0700] {dag.py:3722} INFO - Setting next_dagrun for example_dag_decorator to None, run_after=None
[2023-12-02T13:21:19.390+0700] {processor.py:179} INFO - Processing /home/phuc/Practice/DataScience/DSProject/venv/lib/python3.10/site-packages/airflow/example_dags/example_dag_decorator.py took 0.162 seconds
[2023-12-02T13:22:04.420+0700] {processor.py:157} INFO - Started process (PID=82205) to work on /home/phuc/Practice/DataScience/DSProject/venv/lib/python3.10/site-packages/airflow/example_dags/example_dag_decorator.py
[2023-12-02T13:22:04.427+0700] {processor.py:829} INFO - Processing file /home/phuc/Practice/DataScience/DSProject/venv/lib/python3.10/site-packages/airflow/example_dags/example_dag_decorator.py for tasks to queue
[2023-12-02T13:22:04.428+0700] {logging_mixin.py:154} INFO - [2023-12-02T13:22:04.428+0700] {dagbag.py:536} INFO - Filling up the DagBag from /home/phuc/Practice/DataScience/DSProject/venv/lib/python3.10/site-packages/airflow/example_dags/example_dag_decorator.py
[2023-12-02T13:22:04.473+0700] {processor.py:839} INFO - DAG(s) dict_keys(['example_dag_decorator']) retrieved from /home/phuc/Practice/DataScience/DSProject/venv/lib/python3.10/site-packages/airflow/example_dags/example_dag_decorator.py
[2023-12-02T13:22:04.528+0700] {logging_mixin.py:154} INFO - [2023-12-02T13:22:04.528+0700] {dag.py:2941} INFO - Sync 1 DAGs
[2023-12-02T13:22:04.533+0700] {logging_mixin.py:154} INFO - [2023-12-02T13:22:04.533+0700] {dag.py:3722} INFO - Setting next_dagrun for example_dag_decorator to None, run_after=None
[2023-12-02T13:22:04.552+0700] {processor.py:179} INFO - Processing /home/phuc/Practice/DataScience/DSProject/venv/lib/python3.10/site-packages/airflow/example_dags/example_dag_decorator.py took 0.134 seconds
[2023-12-02T13:22:35.885+0700] {processor.py:157} INFO - Started process (PID=82452) to work on /home/phuc/Practice/DataScience/DSProject/venv/lib/python3.10/site-packages/airflow/example_dags/example_dag_decorator.py
[2023-12-02T13:22:35.891+0700] {processor.py:829} INFO - Processing file /home/phuc/Practice/DataScience/DSProject/venv/lib/python3.10/site-packages/airflow/example_dags/example_dag_decorator.py for tasks to queue
[2023-12-02T13:22:35.892+0700] {logging_mixin.py:154} INFO - [2023-12-02T13:22:35.892+0700] {dagbag.py:536} INFO - Filling up the DagBag from /home/phuc/Practice/DataScience/DSProject/venv/lib/python3.10/site-packages/airflow/example_dags/example_dag_decorator.py
[2023-12-02T13:22:35.936+0700] {processor.py:839} INFO - DAG(s) dict_keys(['example_dag_decorator']) retrieved from /home/phuc/Practice/DataScience/DSProject/venv/lib/python3.10/site-packages/airflow/example_dags/example_dag_decorator.py
[2023-12-02T13:22:35.990+0700] {logging_mixin.py:154} INFO - [2023-12-02T13:22:35.990+0700] {dag.py:2941} INFO - Sync 1 DAGs
[2023-12-02T13:22:35.996+0700] {logging_mixin.py:154} INFO - [2023-12-02T13:22:35.996+0700] {dag.py:3722} INFO - Setting next_dagrun for example_dag_decorator to None, run_after=None
[2023-12-02T13:22:36.014+0700] {processor.py:179} INFO - Processing /home/phuc/Practice/DataScience/DSProject/venv/lib/python3.10/site-packages/airflow/example_dags/example_dag_decorator.py took 0.131 seconds
[2023-12-02T13:23:19.438+0700] {processor.py:157} INFO - Started process (PID=82730) to work on /home/phuc/Practice/DataScience/DSProject/venv/lib/python3.10/site-packages/airflow/example_dags/example_dag_decorator.py
[2023-12-02T13:23:19.445+0700] {processor.py:829} INFO - Processing file /home/phuc/Practice/DataScience/DSProject/venv/lib/python3.10/site-packages/airflow/example_dags/example_dag_decorator.py for tasks to queue
[2023-12-02T13:23:19.445+0700] {logging_mixin.py:154} INFO - [2023-12-02T13:23:19.445+0700] {dagbag.py:536} INFO - Filling up the DagBag from /home/phuc/Practice/DataScience/DSProject/venv/lib/python3.10/site-packages/airflow/example_dags/example_dag_decorator.py
[2023-12-02T13:23:19.485+0700] {processor.py:839} INFO - DAG(s) dict_keys(['example_dag_decorator']) retrieved from /home/phuc/Practice/DataScience/DSProject/venv/lib/python3.10/site-packages/airflow/example_dags/example_dag_decorator.py
[2023-12-02T13:23:19.542+0700] {logging_mixin.py:154} INFO - [2023-12-02T13:23:19.542+0700] {dag.py:2941} INFO - Sync 1 DAGs
[2023-12-02T13:23:19.548+0700] {logging_mixin.py:154} INFO - [2023-12-02T13:23:19.548+0700] {dag.py:3722} INFO - Setting next_dagrun for example_dag_decorator to None, run_after=None
[2023-12-02T13:23:19.566+0700] {processor.py:179} INFO - Processing /home/phuc/Practice/DataScience/DSProject/venv/lib/python3.10/site-packages/airflow/example_dags/example_dag_decorator.py took 0.130 seconds
[2023-12-02T13:23:59.254+0700] {processor.py:157} INFO - Started process (PID=82901) to work on /home/phuc/Practice/DataScience/DSProject/venv/lib/python3.10/site-packages/airflow/example_dags/example_dag_decorator.py
[2023-12-02T13:23:59.262+0700] {processor.py:829} INFO - Processing file /home/phuc/Practice/DataScience/DSProject/venv/lib/python3.10/site-packages/airflow/example_dags/example_dag_decorator.py for tasks to queue
[2023-12-02T13:23:59.263+0700] {logging_mixin.py:154} INFO - [2023-12-02T13:23:59.263+0700] {dagbag.py:536} INFO - Filling up the DagBag from /home/phuc/Practice/DataScience/DSProject/venv/lib/python3.10/site-packages/airflow/example_dags/example_dag_decorator.py
[2023-12-02T13:23:59.316+0700] {processor.py:839} INFO - DAG(s) dict_keys(['example_dag_decorator']) retrieved from /home/phuc/Practice/DataScience/DSProject/venv/lib/python3.10/site-packages/airflow/example_dags/example_dag_decorator.py
[2023-12-02T13:23:59.384+0700] {logging_mixin.py:154} INFO - [2023-12-02T13:23:59.383+0700] {dag.py:2941} INFO - Sync 1 DAGs
[2023-12-02T13:23:59.392+0700] {logging_mixin.py:154} INFO - [2023-12-02T13:23:59.392+0700] {dag.py:3722} INFO - Setting next_dagrun for example_dag_decorator to None, run_after=None
[2023-12-02T13:23:59.412+0700] {processor.py:179} INFO - Processing /home/phuc/Practice/DataScience/DSProject/venv/lib/python3.10/site-packages/airflow/example_dags/example_dag_decorator.py took 0.162 seconds
[2023-12-02T13:24:42.875+0700] {processor.py:157} INFO - Started process (PID=83102) to work on /home/phuc/Practice/DataScience/DSProject/venv/lib/python3.10/site-packages/airflow/example_dags/example_dag_decorator.py
[2023-12-02T13:24:42.882+0700] {processor.py:829} INFO - Processing file /home/phuc/Practice/DataScience/DSProject/venv/lib/python3.10/site-packages/airflow/example_dags/example_dag_decorator.py for tasks to queue
[2023-12-02T13:24:42.884+0700] {logging_mixin.py:154} INFO - [2023-12-02T13:24:42.883+0700] {dagbag.py:536} INFO - Filling up the DagBag from /home/phuc/Practice/DataScience/DSProject/venv/lib/python3.10/site-packages/airflow/example_dags/example_dag_decorator.py
[2023-12-02T13:24:42.929+0700] {processor.py:839} INFO - DAG(s) dict_keys(['example_dag_decorator']) retrieved from /home/phuc/Practice/DataScience/DSProject/venv/lib/python3.10/site-packages/airflow/example_dags/example_dag_decorator.py
[2023-12-02T13:24:42.941+0700] {logging_mixin.py:154} INFO - [2023-12-02T13:24:42.941+0700] {dag.py:2941} INFO - Sync 1 DAGs
[2023-12-02T13:24:42.947+0700] {logging_mixin.py:154} INFO - [2023-12-02T13:24:42.947+0700] {dag.py:3722} INFO - Setting next_dagrun for example_dag_decorator to None, run_after=None
[2023-12-02T13:24:42.960+0700] {processor.py:179} INFO - Processing /home/phuc/Practice/DataScience/DSProject/venv/lib/python3.10/site-packages/airflow/example_dags/example_dag_decorator.py took 0.087 seconds
[2023-12-02T13:25:14.772+0700] {processor.py:157} INFO - Started process (PID=83371) to work on /home/phuc/Practice/DataScience/DSProject/venv/lib/python3.10/site-packages/airflow/example_dags/example_dag_decorator.py
[2023-12-02T13:25:14.773+0700] {processor.py:829} INFO - Processing file /home/phuc/Practice/DataScience/DSProject/venv/lib/python3.10/site-packages/airflow/example_dags/example_dag_decorator.py for tasks to queue
[2023-12-02T13:25:14.774+0700] {logging_mixin.py:154} INFO - [2023-12-02T13:25:14.773+0700] {dagbag.py:536} INFO - Filling up the DagBag from /home/phuc/Practice/DataScience/DSProject/venv/lib/python3.10/site-packages/airflow/example_dags/example_dag_decorator.py
[2023-12-02T13:25:14.842+0700] {processor.py:839} INFO - DAG(s) dict_keys(['example_dag_decorator']) retrieved from /home/phuc/Practice/DataScience/DSProject/venv/lib/python3.10/site-packages/airflow/example_dags/example_dag_decorator.py
[2023-12-02T13:25:14.935+0700] {logging_mixin.py:154} INFO - [2023-12-02T13:25:14.935+0700] {dag.py:2941} INFO - Sync 1 DAGs
[2023-12-02T13:25:14.948+0700] {logging_mixin.py:154} INFO - [2023-12-02T13:25:14.947+0700] {dag.py:3722} INFO - Setting next_dagrun for example_dag_decorator to None, run_after=None
[2023-12-02T13:25:14.968+0700] {processor.py:179} INFO - Processing /home/phuc/Practice/DataScience/DSProject/venv/lib/python3.10/site-packages/airflow/example_dags/example_dag_decorator.py took 0.199 seconds
[2023-12-02T13:25:47.561+0700] {processor.py:157} INFO - Started process (PID=83502) to work on /home/phuc/Practice/DataScience/DSProject/venv/lib/python3.10/site-packages/airflow/example_dags/example_dag_decorator.py
[2023-12-02T13:25:47.568+0700] {processor.py:829} INFO - Processing file /home/phuc/Practice/DataScience/DSProject/venv/lib/python3.10/site-packages/airflow/example_dags/example_dag_decorator.py for tasks to queue
[2023-12-02T13:25:47.569+0700] {logging_mixin.py:154} INFO - [2023-12-02T13:25:47.568+0700] {dagbag.py:536} INFO - Filling up the DagBag from /home/phuc/Practice/DataScience/DSProject/venv/lib/python3.10/site-packages/airflow/example_dags/example_dag_decorator.py
[2023-12-02T13:25:47.628+0700] {processor.py:839} INFO - DAG(s) dict_keys(['example_dag_decorator']) retrieved from /home/phuc/Practice/DataScience/DSProject/venv/lib/python3.10/site-packages/airflow/example_dags/example_dag_decorator.py
[2023-12-02T13:25:47.710+0700] {logging_mixin.py:154} INFO - [2023-12-02T13:25:47.710+0700] {dag.py:2941} INFO - Sync 1 DAGs
[2023-12-02T13:25:47.718+0700] {logging_mixin.py:154} INFO - [2023-12-02T13:25:47.718+0700] {dag.py:3722} INFO - Setting next_dagrun for example_dag_decorator to None, run_after=None
[2023-12-02T13:25:47.743+0700] {processor.py:179} INFO - Processing /home/phuc/Practice/DataScience/DSProject/venv/lib/python3.10/site-packages/airflow/example_dags/example_dag_decorator.py took 0.185 seconds
[2023-12-02T13:26:22.442+0700] {processor.py:157} INFO - Started process (PID=83657) to work on /home/phuc/Practice/DataScience/DSProject/venv/lib/python3.10/site-packages/airflow/example_dags/example_dag_decorator.py
[2023-12-02T13:26:22.449+0700] {processor.py:829} INFO - Processing file /home/phuc/Practice/DataScience/DSProject/venv/lib/python3.10/site-packages/airflow/example_dags/example_dag_decorator.py for tasks to queue
[2023-12-02T13:26:22.450+0700] {logging_mixin.py:154} INFO - [2023-12-02T13:26:22.450+0700] {dagbag.py:536} INFO - Filling up the DagBag from /home/phuc/Practice/DataScience/DSProject/venv/lib/python3.10/site-packages/airflow/example_dags/example_dag_decorator.py
[2023-12-02T13:26:22.510+0700] {processor.py:839} INFO - DAG(s) dict_keys(['example_dag_decorator']) retrieved from /home/phuc/Practice/DataScience/DSProject/venv/lib/python3.10/site-packages/airflow/example_dags/example_dag_decorator.py
[2023-12-02T13:26:22.596+0700] {logging_mixin.py:154} INFO - [2023-12-02T13:26:22.596+0700] {dag.py:2941} INFO - Sync 1 DAGs
[2023-12-02T13:26:22.605+0700] {logging_mixin.py:154} INFO - [2023-12-02T13:26:22.605+0700] {dag.py:3722} INFO - Setting next_dagrun for example_dag_decorator to None, run_after=None
[2023-12-02T13:26:22.630+0700] {processor.py:179} INFO - Processing /home/phuc/Practice/DataScience/DSProject/venv/lib/python3.10/site-packages/airflow/example_dags/example_dag_decorator.py took 0.191 seconds
