[2023-12-02T13:18:21.855+0700] {processor.py:157} INFO - Started process (PID=80894) to work on /home/phuc/Practice/DataScience/DSProject/venv/lib/python3.10/site-packages/airflow/example_dags/example_params_trigger_ui.py
[2023-12-02T13:18:21.855+0700] {processor.py:829} INFO - Processing file /home/phuc/Practice/DataScience/DSProject/venv/lib/python3.10/site-packages/airflow/example_dags/example_params_trigger_ui.py for tasks to queue
[2023-12-02T13:18:21.856+0700] {logging_mixin.py:154} INFO - [2023-12-02T13:18:21.856+0700] {dagbag.py:536} INFO - Filling up the DagBag from /home/phuc/Practice/DataScience/DSProject/venv/lib/python3.10/site-packages/airflow/example_dags/example_params_trigger_ui.py
[2023-12-02T13:18:21.865+0700] {processor.py:839} INFO - DAG(s) dict_keys(['example_params_trigger_ui']) retrieved from /home/phuc/Practice/DataScience/DSProject/venv/lib/python3.10/site-packages/airflow/example_dags/example_params_trigger_ui.py
[2023-12-02T13:18:21.933+0700] {logging_mixin.py:154} INFO - [2023-12-02T13:18:21.933+0700] {manager.py:499} INFO - Created Permission View: %s
[2023-12-02T13:18:21.939+0700] {logging_mixin.py:154} INFO - [2023-12-02T13:18:21.939+0700] {manager.py:499} INFO - Created Permission View: %s
[2023-12-02T13:18:21.943+0700] {logging_mixin.py:154} INFO - [2023-12-02T13:18:21.943+0700] {manager.py:499} INFO - Created Permission View: %s
[2023-12-02T13:18:21.943+0700] {logging_mixin.py:154} INFO - [2023-12-02T13:18:21.943+0700] {dag.py:2941} INFO - Sync 1 DAGs
[2023-12-02T13:18:21.949+0700] {logging_mixin.py:154} INFO - [2023-12-02T13:18:21.949+0700] {dag.py:2963} INFO - Creating ORM DAG for example_params_trigger_ui
[2023-12-02T13:18:21.949+0700] {logging_mixin.py:154} INFO - [2023-12-02T13:18:21.949+0700] {dag.py:3722} INFO - Setting next_dagrun for example_params_trigger_ui to None, run_after=None
[2023-12-02T13:18:21.958+0700] {processor.py:179} INFO - Processing /home/phuc/Practice/DataScience/DSProject/venv/lib/python3.10/site-packages/airflow/example_dags/example_params_trigger_ui.py took 0.107 seconds
[2023-12-02T13:19:07.184+0700] {processor.py:157} INFO - Started process (PID=81076) to work on /home/phuc/Practice/DataScience/DSProject/venv/lib/python3.10/site-packages/airflow/example_dags/example_params_trigger_ui.py
[2023-12-02T13:19:07.191+0700] {processor.py:829} INFO - Processing file /home/phuc/Practice/DataScience/DSProject/venv/lib/python3.10/site-packages/airflow/example_dags/example_params_trigger_ui.py for tasks to queue
[2023-12-02T13:19:07.193+0700] {logging_mixin.py:154} INFO - [2023-12-02T13:19:07.192+0700] {dagbag.py:536} INFO - Filling up the DagBag from /home/phuc/Practice/DataScience/DSProject/venv/lib/python3.10/site-packages/airflow/example_dags/example_params_trigger_ui.py
[2023-12-02T13:19:07.202+0700] {processor.py:839} INFO - DAG(s) dict_keys(['example_params_trigger_ui']) retrieved from /home/phuc/Practice/DataScience/DSProject/venv/lib/python3.10/site-packages/airflow/example_dags/example_params_trigger_ui.py
[2023-12-02T13:19:07.223+0700] {logging_mixin.py:154} INFO - [2023-12-02T13:19:07.223+0700] {dag.py:2941} INFO - Sync 1 DAGs
[2023-12-02T13:19:07.228+0700] {logging_mixin.py:154} INFO - [2023-12-02T13:19:07.228+0700] {dag.py:3722} INFO - Setting next_dagrun for example_params_trigger_ui to None, run_after=None
[2023-12-02T13:19:07.238+0700] {processor.py:179} INFO - Processing /home/phuc/Practice/DataScience/DSProject/venv/lib/python3.10/site-packages/airflow/example_dags/example_params_trigger_ui.py took 0.056 seconds
[2023-12-02T13:19:56.159+0700] {processor.py:157} INFO - Started process (PID=81410) to work on /home/phuc/Practice/DataScience/DSProject/venv/lib/python3.10/site-packages/airflow/example_dags/example_params_trigger_ui.py
[2023-12-02T13:19:56.166+0700] {processor.py:829} INFO - Processing file /home/phuc/Practice/DataScience/DSProject/venv/lib/python3.10/site-packages/airflow/example_dags/example_params_trigger_ui.py for tasks to queue
[2023-12-02T13:19:56.168+0700] {logging_mixin.py:154} INFO - [2023-12-02T13:19:56.167+0700] {dagbag.py:536} INFO - Filling up the DagBag from /home/phuc/Practice/DataScience/DSProject/venv/lib/python3.10/site-packages/airflow/example_dags/example_params_trigger_ui.py
[2023-12-02T13:19:56.185+0700] {processor.py:839} INFO - DAG(s) dict_keys(['example_params_trigger_ui']) retrieved from /home/phuc/Practice/DataScience/DSProject/venv/lib/python3.10/site-packages/airflow/example_dags/example_params_trigger_ui.py
[2023-12-02T13:19:56.206+0700] {logging_mixin.py:154} INFO - [2023-12-02T13:19:56.205+0700] {dag.py:2941} INFO - Sync 1 DAGs
[2023-12-02T13:19:56.211+0700] {logging_mixin.py:154} INFO - [2023-12-02T13:19:56.211+0700] {dag.py:3722} INFO - Setting next_dagrun for example_params_trigger_ui to None, run_after=None
[2023-12-02T13:19:56.222+0700] {processor.py:179} INFO - Processing /home/phuc/Practice/DataScience/DSProject/venv/lib/python3.10/site-packages/airflow/example_dags/example_params_trigger_ui.py took 0.066 seconds
[2023-12-02T13:20:45.952+0700] {processor.py:157} INFO - Started process (PID=81704) to work on /home/phuc/Practice/DataScience/DSProject/venv/lib/python3.10/site-packages/airflow/example_dags/example_params_trigger_ui.py
[2023-12-02T13:20:45.960+0700] {processor.py:829} INFO - Processing file /home/phuc/Practice/DataScience/DSProject/venv/lib/python3.10/site-packages/airflow/example_dags/example_params_trigger_ui.py for tasks to queue
[2023-12-02T13:20:45.961+0700] {logging_mixin.py:154} INFO - [2023-12-02T13:20:45.960+0700] {dagbag.py:536} INFO - Filling up the DagBag from /home/phuc/Practice/DataScience/DSProject/venv/lib/python3.10/site-packages/airflow/example_dags/example_params_trigger_ui.py
[2023-12-02T13:20:45.979+0700] {processor.py:839} INFO - DAG(s) dict_keys(['example_params_trigger_ui']) retrieved from /home/phuc/Practice/DataScience/DSProject/venv/lib/python3.10/site-packages/airflow/example_dags/example_params_trigger_ui.py
[2023-12-02T13:20:45.999+0700] {logging_mixin.py:154} INFO - [2023-12-02T13:20:45.999+0700] {dag.py:2941} INFO - Sync 1 DAGs
[2023-12-02T13:20:46.005+0700] {logging_mixin.py:154} INFO - [2023-12-02T13:20:46.005+0700] {dag.py:3722} INFO - Setting next_dagrun for example_params_trigger_ui to None, run_after=None
[2023-12-02T13:20:46.014+0700] {processor.py:179} INFO - Processing /home/phuc/Practice/DataScience/DSProject/venv/lib/python3.10/site-packages/airflow/example_dags/example_params_trigger_ui.py took 0.066 seconds
[2023-12-02T13:21:22.107+0700] {processor.py:157} INFO - Started process (PID=81890) to work on /home/phuc/Practice/DataScience/DSProject/venv/lib/python3.10/site-packages/airflow/example_dags/example_params_trigger_ui.py
[2023-12-02T13:21:22.114+0700] {processor.py:829} INFO - Processing file /home/phuc/Practice/DataScience/DSProject/venv/lib/python3.10/site-packages/airflow/example_dags/example_params_trigger_ui.py for tasks to queue
[2023-12-02T13:21:22.115+0700] {logging_mixin.py:154} INFO - [2023-12-02T13:21:22.115+0700] {dagbag.py:536} INFO - Filling up the DagBag from /home/phuc/Practice/DataScience/DSProject/venv/lib/python3.10/site-packages/airflow/example_dags/example_params_trigger_ui.py
[2023-12-02T13:21:22.133+0700] {processor.py:839} INFO - DAG(s) dict_keys(['example_params_trigger_ui']) retrieved from /home/phuc/Practice/DataScience/DSProject/venv/lib/python3.10/site-packages/airflow/example_dags/example_params_trigger_ui.py
[2023-12-02T13:21:22.166+0700] {logging_mixin.py:154} INFO - [2023-12-02T13:21:22.166+0700] {dag.py:2941} INFO - Sync 1 DAGs
[2023-12-02T13:21:22.176+0700] {logging_mixin.py:154} INFO - [2023-12-02T13:21:22.176+0700] {dag.py:3722} INFO - Setting next_dagrun for example_params_trigger_ui to None, run_after=None
[2023-12-02T13:21:22.191+0700] {processor.py:179} INFO - Processing /home/phuc/Practice/DataScience/DSProject/venv/lib/python3.10/site-packages/airflow/example_dags/example_params_trigger_ui.py took 0.087 seconds
[2023-12-02T13:22:09.584+0700] {processor.py:157} INFO - Started process (PID=82261) to work on /home/phuc/Practice/DataScience/DSProject/venv/lib/python3.10/site-packages/airflow/example_dags/example_params_trigger_ui.py
[2023-12-02T13:22:09.591+0700] {processor.py:829} INFO - Processing file /home/phuc/Practice/DataScience/DSProject/venv/lib/python3.10/site-packages/airflow/example_dags/example_params_trigger_ui.py for tasks to queue
[2023-12-02T13:22:09.592+0700] {logging_mixin.py:154} INFO - [2023-12-02T13:22:09.592+0700] {dagbag.py:536} INFO - Filling up the DagBag from /home/phuc/Practice/DataScience/DSProject/venv/lib/python3.10/site-packages/airflow/example_dags/example_params_trigger_ui.py
[2023-12-02T13:22:09.610+0700] {processor.py:839} INFO - DAG(s) dict_keys(['example_params_trigger_ui']) retrieved from /home/phuc/Practice/DataScience/DSProject/venv/lib/python3.10/site-packages/airflow/example_dags/example_params_trigger_ui.py
[2023-12-02T13:22:09.636+0700] {logging_mixin.py:154} INFO - [2023-12-02T13:22:09.636+0700] {dag.py:2941} INFO - Sync 1 DAGs
[2023-12-02T13:22:09.643+0700] {logging_mixin.py:154} INFO - [2023-12-02T13:22:09.643+0700] {dag.py:3722} INFO - Setting next_dagrun for example_params_trigger_ui to None, run_after=None
[2023-12-02T13:22:09.655+0700] {processor.py:179} INFO - Processing /home/phuc/Practice/DataScience/DSProject/venv/lib/python3.10/site-packages/airflow/example_dags/example_params_trigger_ui.py took 0.076 seconds
[2023-12-02T13:22:55.052+0700] {processor.py:157} INFO - Started process (PID=82604) to work on /home/phuc/Practice/DataScience/DSProject/venv/lib/python3.10/site-packages/airflow/example_dags/example_params_trigger_ui.py
[2023-12-02T13:22:55.059+0700] {processor.py:829} INFO - Processing file /home/phuc/Practice/DataScience/DSProject/venv/lib/python3.10/site-packages/airflow/example_dags/example_params_trigger_ui.py for tasks to queue
[2023-12-02T13:22:55.060+0700] {logging_mixin.py:154} INFO - [2023-12-02T13:22:55.060+0700] {dagbag.py:536} INFO - Filling up the DagBag from /home/phuc/Practice/DataScience/DSProject/venv/lib/python3.10/site-packages/airflow/example_dags/example_params_trigger_ui.py
[2023-12-02T13:22:55.073+0700] {processor.py:839} INFO - DAG(s) dict_keys(['example_params_trigger_ui']) retrieved from /home/phuc/Practice/DataScience/DSProject/venv/lib/python3.10/site-packages/airflow/example_dags/example_params_trigger_ui.py
[2023-12-02T13:22:55.101+0700] {logging_mixin.py:154} INFO - [2023-12-02T13:22:55.100+0700] {dag.py:2941} INFO - Sync 1 DAGs
[2023-12-02T13:22:55.108+0700] {logging_mixin.py:154} INFO - [2023-12-02T13:22:55.108+0700] {dag.py:3722} INFO - Setting next_dagrun for example_params_trigger_ui to None, run_after=None
[2023-12-02T13:22:55.122+0700] {processor.py:179} INFO - Processing /home/phuc/Practice/DataScience/DSProject/venv/lib/python3.10/site-packages/airflow/example_dags/example_params_trigger_ui.py took 0.072 seconds
[2023-12-02T13:23:37.271+0700] {processor.py:157} INFO - Started process (PID=82805) to work on /home/phuc/Practice/DataScience/DSProject/venv/lib/python3.10/site-packages/airflow/example_dags/example_params_trigger_ui.py
[2023-12-02T13:23:37.278+0700] {processor.py:829} INFO - Processing file /home/phuc/Practice/DataScience/DSProject/venv/lib/python3.10/site-packages/airflow/example_dags/example_params_trigger_ui.py for tasks to queue
[2023-12-02T13:23:37.280+0700] {logging_mixin.py:154} INFO - [2023-12-02T13:23:37.279+0700] {dagbag.py:536} INFO - Filling up the DagBag from /home/phuc/Practice/DataScience/DSProject/venv/lib/python3.10/site-packages/airflow/example_dags/example_params_trigger_ui.py
[2023-12-02T13:23:37.297+0700] {processor.py:839} INFO - DAG(s) dict_keys(['example_params_trigger_ui']) retrieved from /home/phuc/Practice/DataScience/DSProject/venv/lib/python3.10/site-packages/airflow/example_dags/example_params_trigger_ui.py
[2023-12-02T13:23:37.322+0700] {logging_mixin.py:154} INFO - [2023-12-02T13:23:37.322+0700] {dag.py:2941} INFO - Sync 1 DAGs
[2023-12-02T13:23:37.329+0700] {logging_mixin.py:154} INFO - [2023-12-02T13:23:37.329+0700] {dag.py:3722} INFO - Setting next_dagrun for example_params_trigger_ui to None, run_after=None
[2023-12-02T13:23:37.341+0700] {processor.py:179} INFO - Processing /home/phuc/Practice/DataScience/DSProject/venv/lib/python3.10/site-packages/airflow/example_dags/example_params_trigger_ui.py took 0.075 seconds
[2023-12-02T13:24:18.293+0700] {processor.py:157} INFO - Started process (PID=82989) to work on /home/phuc/Practice/DataScience/DSProject/venv/lib/python3.10/site-packages/airflow/example_dags/example_params_trigger_ui.py
[2023-12-02T13:24:18.300+0700] {processor.py:829} INFO - Processing file /home/phuc/Practice/DataScience/DSProject/venv/lib/python3.10/site-packages/airflow/example_dags/example_params_trigger_ui.py for tasks to queue
[2023-12-02T13:24:18.301+0700] {logging_mixin.py:154} INFO - [2023-12-02T13:24:18.300+0700] {dagbag.py:536} INFO - Filling up the DagBag from /home/phuc/Practice/DataScience/DSProject/venv/lib/python3.10/site-packages/airflow/example_dags/example_params_trigger_ui.py
[2023-12-02T13:24:18.314+0700] {processor.py:839} INFO - DAG(s) dict_keys(['example_params_trigger_ui']) retrieved from /home/phuc/Practice/DataScience/DSProject/venv/lib/python3.10/site-packages/airflow/example_dags/example_params_trigger_ui.py
[2023-12-02T13:24:18.338+0700] {logging_mixin.py:154} INFO - [2023-12-02T13:24:18.338+0700] {dag.py:2941} INFO - Sync 1 DAGs
[2023-12-02T13:24:18.345+0700] {logging_mixin.py:154} INFO - [2023-12-02T13:24:18.345+0700] {dag.py:3722} INFO - Setting next_dagrun for example_params_trigger_ui to None, run_after=None
[2023-12-02T13:24:18.357+0700] {processor.py:179} INFO - Processing /home/phuc/Practice/DataScience/DSProject/venv/lib/python3.10/site-packages/airflow/example_dags/example_params_trigger_ui.py took 0.066 seconds
[2023-12-02T13:25:05.889+0700] {processor.py:157} INFO - Started process (PID=83320) to work on /home/phuc/Practice/DataScience/DSProject/venv/lib/python3.10/site-packages/airflow/example_dags/example_params_trigger_ui.py
[2023-12-02T13:25:05.895+0700] {processor.py:829} INFO - Processing file /home/phuc/Practice/DataScience/DSProject/venv/lib/python3.10/site-packages/airflow/example_dags/example_params_trigger_ui.py for tasks to queue
[2023-12-02T13:25:05.897+0700] {logging_mixin.py:154} INFO - [2023-12-02T13:25:05.896+0700] {dagbag.py:536} INFO - Filling up the DagBag from /home/phuc/Practice/DataScience/DSProject/venv/lib/python3.10/site-packages/airflow/example_dags/example_params_trigger_ui.py
[2023-12-02T13:25:05.916+0700] {processor.py:839} INFO - DAG(s) dict_keys(['example_params_trigger_ui']) retrieved from /home/phuc/Practice/DataScience/DSProject/venv/lib/python3.10/site-packages/airflow/example_dags/example_params_trigger_ui.py
[2023-12-02T13:25:05.944+0700] {logging_mixin.py:154} INFO - [2023-12-02T13:25:05.944+0700] {dag.py:2941} INFO - Sync 1 DAGs
[2023-12-02T13:25:05.950+0700] {logging_mixin.py:154} INFO - [2023-12-02T13:25:05.950+0700] {dag.py:3722} INFO - Setting next_dagrun for example_params_trigger_ui to None, run_after=None
[2023-12-02T13:25:05.962+0700] {processor.py:179} INFO - Processing /home/phuc/Practice/DataScience/DSProject/venv/lib/python3.10/site-packages/airflow/example_dags/example_params_trigger_ui.py took 0.076 seconds
[2023-12-02T13:25:55.964+0700] {processor.py:157} INFO - Started process (PID=83545) to work on /home/phuc/Practice/DataScience/DSProject/venv/lib/python3.10/site-packages/airflow/example_dags/example_params_trigger_ui.py
[2023-12-02T13:25:55.972+0700] {processor.py:829} INFO - Processing file /home/phuc/Practice/DataScience/DSProject/venv/lib/python3.10/site-packages/airflow/example_dags/example_params_trigger_ui.py for tasks to queue
[2023-12-02T13:25:55.973+0700] {logging_mixin.py:154} INFO - [2023-12-02T13:25:55.972+0700] {dagbag.py:536} INFO - Filling up the DagBag from /home/phuc/Practice/DataScience/DSProject/venv/lib/python3.10/site-packages/airflow/example_dags/example_params_trigger_ui.py
[2023-12-02T13:25:55.989+0700] {processor.py:839} INFO - DAG(s) dict_keys(['example_params_trigger_ui']) retrieved from /home/phuc/Practice/DataScience/DSProject/venv/lib/python3.10/site-packages/airflow/example_dags/example_params_trigger_ui.py
[2023-12-02T13:25:56.032+0700] {logging_mixin.py:154} INFO - [2023-12-02T13:25:56.032+0700] {dag.py:2941} INFO - Sync 1 DAGs
[2023-12-02T13:25:56.044+0700] {logging_mixin.py:154} INFO - [2023-12-02T13:25:56.044+0700] {dag.py:3722} INFO - Setting next_dagrun for example_params_trigger_ui to None, run_after=None
[2023-12-02T13:25:56.066+0700] {processor.py:179} INFO - Processing /home/phuc/Practice/DataScience/DSProject/venv/lib/python3.10/site-packages/airflow/example_dags/example_params_trigger_ui.py took 0.104 seconds
[2023-12-02T13:26:41.895+0700] {processor.py:157} INFO - Started process (PID=83771) to work on /home/phuc/Practice/DataScience/DSProject/venv/lib/python3.10/site-packages/airflow/example_dags/example_params_trigger_ui.py
[2023-12-02T13:26:41.902+0700] {processor.py:829} INFO - Processing file /home/phuc/Practice/DataScience/DSProject/venv/lib/python3.10/site-packages/airflow/example_dags/example_params_trigger_ui.py for tasks to queue
[2023-12-02T13:26:41.902+0700] {logging_mixin.py:154} INFO - [2023-12-02T13:26:41.902+0700] {dagbag.py:536} INFO - Filling up the DagBag from /home/phuc/Practice/DataScience/DSProject/venv/lib/python3.10/site-packages/airflow/example_dags/example_params_trigger_ui.py
[2023-12-02T13:26:41.915+0700] {processor.py:839} INFO - DAG(s) dict_keys(['example_params_trigger_ui']) retrieved from /home/phuc/Practice/DataScience/DSProject/venv/lib/python3.10/site-packages/airflow/example_dags/example_params_trigger_ui.py
[2023-12-02T13:26:41.942+0700] {logging_mixin.py:154} INFO - [2023-12-02T13:26:41.942+0700] {dag.py:2941} INFO - Sync 1 DAGs
[2023-12-02T13:26:41.949+0700] {logging_mixin.py:154} INFO - [2023-12-02T13:26:41.949+0700] {dag.py:3722} INFO - Setting next_dagrun for example_params_trigger_ui to None, run_after=None
[2023-12-02T13:26:41.964+0700] {processor.py:179} INFO - Processing /home/phuc/Practice/DataScience/DSProject/venv/lib/python3.10/site-packages/airflow/example_dags/example_params_trigger_ui.py took 0.071 seconds
