[2023-12-02T13:18:20.607+0700] {processor.py:157} INFO - Started process (PID=80877) to work on /home/phuc/Practice/DataScience/DSProject/venv/lib/python3.10/site-packages/airflow/example_dags/example_python_operator.py
[2023-12-02T13:18:20.608+0700] {processor.py:829} INFO - Processing file /home/phuc/Practice/DataScience/DSProject/venv/lib/python3.10/site-packages/airflow/example_dags/example_python_operator.py for tasks to queue
[2023-12-02T13:18:20.609+0700] {logging_mixin.py:154} INFO - [2023-12-02T13:18:20.609+0700] {dagbag.py:536} INFO - Filling up the DagBag from /home/phuc/Practice/DataScience/DSProject/venv/lib/python3.10/site-packages/airflow/example_dags/example_python_operator.py
[2023-12-02T13:18:20.621+0700] {processor.py:839} INFO - DAG(s) dict_keys(['example_python_operator']) retrieved from /home/phuc/Practice/DataScience/DSProject/venv/lib/python3.10/site-packages/airflow/example_dags/example_python_operator.py
[2023-12-02T13:18:20.680+0700] {logging_mixin.py:154} INFO - [2023-12-02T13:18:20.680+0700] {manager.py:499} INFO - Created Permission View: %s
[2023-12-02T13:18:20.685+0700] {logging_mixin.py:154} INFO - [2023-12-02T13:18:20.685+0700] {manager.py:499} INFO - Created Permission View: %s
[2023-12-02T13:18:20.689+0700] {logging_mixin.py:154} INFO - [2023-12-02T13:18:20.689+0700] {manager.py:499} INFO - Created Permission View: %s
[2023-12-02T13:18:20.689+0700] {logging_mixin.py:154} INFO - [2023-12-02T13:18:20.689+0700] {dag.py:2941} INFO - Sync 1 DAGs
[2023-12-02T13:18:20.695+0700] {logging_mixin.py:154} INFO - [2023-12-02T13:18:20.695+0700] {dag.py:2963} INFO - Creating ORM DAG for example_python_operator
[2023-12-02T13:18:20.695+0700] {logging_mixin.py:154} INFO - [2023-12-02T13:18:20.695+0700] {dag.py:3722} INFO - Setting next_dagrun for example_python_operator to None, run_after=None
[2023-12-02T13:18:20.706+0700] {processor.py:179} INFO - Processing /home/phuc/Practice/DataScience/DSProject/venv/lib/python3.10/site-packages/airflow/example_dags/example_python_operator.py took 0.103 seconds
[2023-12-02T13:19:06.581+0700] {processor.py:157} INFO - Started process (PID=81075) to work on /home/phuc/Practice/DataScience/DSProject/venv/lib/python3.10/site-packages/airflow/example_dags/example_python_operator.py
[2023-12-02T13:19:06.589+0700] {processor.py:829} INFO - Processing file /home/phuc/Practice/DataScience/DSProject/venv/lib/python3.10/site-packages/airflow/example_dags/example_python_operator.py for tasks to queue
[2023-12-02T13:19:06.590+0700] {logging_mixin.py:154} INFO - [2023-12-02T13:19:06.589+0700] {dagbag.py:536} INFO - Filling up the DagBag from /home/phuc/Practice/DataScience/DSProject/venv/lib/python3.10/site-packages/airflow/example_dags/example_python_operator.py
[2023-12-02T13:19:06.597+0700] {processor.py:839} INFO - DAG(s) dict_keys(['example_python_operator']) retrieved from /home/phuc/Practice/DataScience/DSProject/venv/lib/python3.10/site-packages/airflow/example_dags/example_python_operator.py
[2023-12-02T13:19:06.606+0700] {logging_mixin.py:154} INFO - [2023-12-02T13:19:06.606+0700] {dag.py:2941} INFO - Sync 1 DAGs
[2023-12-02T13:19:06.612+0700] {logging_mixin.py:154} INFO - [2023-12-02T13:19:06.612+0700] {dag.py:3722} INFO - Setting next_dagrun for example_python_operator to None, run_after=None
[2023-12-02T13:19:06.622+0700] {processor.py:179} INFO - Processing /home/phuc/Practice/DataScience/DSProject/venv/lib/python3.10/site-packages/airflow/example_dags/example_python_operator.py took 0.042 seconds
[2023-12-02T13:19:55.029+0700] {processor.py:157} INFO - Started process (PID=81409) to work on /home/phuc/Practice/DataScience/DSProject/venv/lib/python3.10/site-packages/airflow/example_dags/example_python_operator.py
[2023-12-02T13:19:55.036+0700] {processor.py:829} INFO - Processing file /home/phuc/Practice/DataScience/DSProject/venv/lib/python3.10/site-packages/airflow/example_dags/example_python_operator.py for tasks to queue
[2023-12-02T13:19:55.037+0700] {logging_mixin.py:154} INFO - [2023-12-02T13:19:55.037+0700] {dagbag.py:536} INFO - Filling up the DagBag from /home/phuc/Practice/DataScience/DSProject/venv/lib/python3.10/site-packages/airflow/example_dags/example_python_operator.py
[2023-12-02T13:19:55.049+0700] {processor.py:839} INFO - DAG(s) dict_keys(['example_python_operator']) retrieved from /home/phuc/Practice/DataScience/DSProject/venv/lib/python3.10/site-packages/airflow/example_dags/example_python_operator.py
[2023-12-02T13:19:55.060+0700] {logging_mixin.py:154} INFO - [2023-12-02T13:19:55.060+0700] {dag.py:2941} INFO - Sync 1 DAGs
[2023-12-02T13:19:55.067+0700] {logging_mixin.py:154} INFO - [2023-12-02T13:19:55.067+0700] {dag.py:3722} INFO - Setting next_dagrun for example_python_operator to None, run_after=None
[2023-12-02T13:19:55.078+0700] {processor.py:179} INFO - Processing /home/phuc/Practice/DataScience/DSProject/venv/lib/python3.10/site-packages/airflow/example_dags/example_python_operator.py took 0.051 seconds
[2023-12-02T13:20:30.694+0700] {processor.py:157} INFO - Started process (PID=81636) to work on /home/phuc/Practice/DataScience/DSProject/venv/lib/python3.10/site-packages/airflow/example_dags/example_python_operator.py
[2023-12-02T13:20:30.700+0700] {processor.py:829} INFO - Processing file /home/phuc/Practice/DataScience/DSProject/venv/lib/python3.10/site-packages/airflow/example_dags/example_python_operator.py for tasks to queue
[2023-12-02T13:20:30.701+0700] {logging_mixin.py:154} INFO - [2023-12-02T13:20:30.701+0700] {dagbag.py:536} INFO - Filling up the DagBag from /home/phuc/Practice/DataScience/DSProject/venv/lib/python3.10/site-packages/airflow/example_dags/example_python_operator.py
[2023-12-02T13:20:30.707+0700] {processor.py:839} INFO - DAG(s) dict_keys(['example_python_operator']) retrieved from /home/phuc/Practice/DataScience/DSProject/venv/lib/python3.10/site-packages/airflow/example_dags/example_python_operator.py
[2023-12-02T13:20:30.716+0700] {logging_mixin.py:154} INFO - [2023-12-02T13:20:30.716+0700] {dag.py:2941} INFO - Sync 1 DAGs
[2023-12-02T13:20:30.722+0700] {logging_mixin.py:154} INFO - [2023-12-02T13:20:30.722+0700] {dag.py:3722} INFO - Setting next_dagrun for example_python_operator to None, run_after=None
[2023-12-02T13:20:30.732+0700] {processor.py:179} INFO - Processing /home/phuc/Practice/DataScience/DSProject/venv/lib/python3.10/site-packages/airflow/example_dags/example_python_operator.py took 0.040 seconds
[2023-12-02T13:21:20.961+0700] {processor.py:157} INFO - Started process (PID=81889) to work on /home/phuc/Practice/DataScience/DSProject/venv/lib/python3.10/site-packages/airflow/example_dags/example_python_operator.py
[2023-12-02T13:21:20.962+0700] {processor.py:829} INFO - Processing file /home/phuc/Practice/DataScience/DSProject/venv/lib/python3.10/site-packages/airflow/example_dags/example_python_operator.py for tasks to queue
[2023-12-02T13:21:20.963+0700] {logging_mixin.py:154} INFO - [2023-12-02T13:21:20.962+0700] {dagbag.py:536} INFO - Filling up the DagBag from /home/phuc/Practice/DataScience/DSProject/venv/lib/python3.10/site-packages/airflow/example_dags/example_python_operator.py
[2023-12-02T13:21:20.969+0700] {processor.py:839} INFO - DAG(s) dict_keys(['example_python_operator']) retrieved from /home/phuc/Practice/DataScience/DSProject/venv/lib/python3.10/site-packages/airflow/example_dags/example_python_operator.py
[2023-12-02T13:21:20.982+0700] {logging_mixin.py:154} INFO - [2023-12-02T13:21:20.982+0700] {dag.py:2941} INFO - Sync 1 DAGs
[2023-12-02T13:21:20.990+0700] {logging_mixin.py:154} INFO - [2023-12-02T13:21:20.990+0700] {dag.py:3722} INFO - Setting next_dagrun for example_python_operator to None, run_after=None
[2023-12-02T13:21:21.003+0700] {processor.py:179} INFO - Processing /home/phuc/Practice/DataScience/DSProject/venv/lib/python3.10/site-packages/airflow/example_dags/example_python_operator.py took 0.044 seconds
[2023-12-02T13:22:08.438+0700] {processor.py:157} INFO - Started process (PID=82250) to work on /home/phuc/Practice/DataScience/DSProject/venv/lib/python3.10/site-packages/airflow/example_dags/example_python_operator.py
[2023-12-02T13:22:08.445+0700] {processor.py:829} INFO - Processing file /home/phuc/Practice/DataScience/DSProject/venv/lib/python3.10/site-packages/airflow/example_dags/example_python_operator.py for tasks to queue
[2023-12-02T13:22:08.446+0700] {logging_mixin.py:154} INFO - [2023-12-02T13:22:08.445+0700] {dagbag.py:536} INFO - Filling up the DagBag from /home/phuc/Practice/DataScience/DSProject/venv/lib/python3.10/site-packages/airflow/example_dags/example_python_operator.py
[2023-12-02T13:22:08.460+0700] {processor.py:839} INFO - DAG(s) dict_keys(['example_python_operator']) retrieved from /home/phuc/Practice/DataScience/DSProject/venv/lib/python3.10/site-packages/airflow/example_dags/example_python_operator.py
[2023-12-02T13:22:08.471+0700] {logging_mixin.py:154} INFO - [2023-12-02T13:22:08.471+0700] {dag.py:2941} INFO - Sync 1 DAGs
[2023-12-02T13:22:08.477+0700] {logging_mixin.py:154} INFO - [2023-12-02T13:22:08.477+0700] {dag.py:3722} INFO - Setting next_dagrun for example_python_operator to None, run_after=None
[2023-12-02T13:22:08.490+0700] {processor.py:179} INFO - Processing /home/phuc/Practice/DataScience/DSProject/venv/lib/python3.10/site-packages/airflow/example_dags/example_python_operator.py took 0.055 seconds
[2023-12-02T13:22:53.906+0700] {processor.py:157} INFO - Started process (PID=82599) to work on /home/phuc/Practice/DataScience/DSProject/venv/lib/python3.10/site-packages/airflow/example_dags/example_python_operator.py
[2023-12-02T13:22:53.913+0700] {processor.py:829} INFO - Processing file /home/phuc/Practice/DataScience/DSProject/venv/lib/python3.10/site-packages/airflow/example_dags/example_python_operator.py for tasks to queue
[2023-12-02T13:22:53.914+0700] {logging_mixin.py:154} INFO - [2023-12-02T13:22:53.914+0700] {dagbag.py:536} INFO - Filling up the DagBag from /home/phuc/Practice/DataScience/DSProject/venv/lib/python3.10/site-packages/airflow/example_dags/example_python_operator.py
[2023-12-02T13:22:53.928+0700] {processor.py:839} INFO - DAG(s) dict_keys(['example_python_operator']) retrieved from /home/phuc/Practice/DataScience/DSProject/venv/lib/python3.10/site-packages/airflow/example_dags/example_python_operator.py
[2023-12-02T13:22:53.940+0700] {logging_mixin.py:154} INFO - [2023-12-02T13:22:53.939+0700] {dag.py:2941} INFO - Sync 1 DAGs
[2023-12-02T13:22:53.946+0700] {logging_mixin.py:154} INFO - [2023-12-02T13:22:53.946+0700] {dag.py:3722} INFO - Setting next_dagrun for example_python_operator to None, run_after=None
[2023-12-02T13:22:53.958+0700] {processor.py:179} INFO - Processing /home/phuc/Practice/DataScience/DSProject/venv/lib/python3.10/site-packages/airflow/example_dags/example_python_operator.py took 0.057 seconds
[2023-12-02T13:23:36.127+0700] {processor.py:157} INFO - Started process (PID=82804) to work on /home/phuc/Practice/DataScience/DSProject/venv/lib/python3.10/site-packages/airflow/example_dags/example_python_operator.py
[2023-12-02T13:23:36.134+0700] {processor.py:829} INFO - Processing file /home/phuc/Practice/DataScience/DSProject/venv/lib/python3.10/site-packages/airflow/example_dags/example_python_operator.py for tasks to queue
[2023-12-02T13:23:36.135+0700] {logging_mixin.py:154} INFO - [2023-12-02T13:23:36.134+0700] {dagbag.py:536} INFO - Filling up the DagBag from /home/phuc/Practice/DataScience/DSProject/venv/lib/python3.10/site-packages/airflow/example_dags/example_python_operator.py
[2023-12-02T13:23:36.148+0700] {processor.py:839} INFO - DAG(s) dict_keys(['example_python_operator']) retrieved from /home/phuc/Practice/DataScience/DSProject/venv/lib/python3.10/site-packages/airflow/example_dags/example_python_operator.py
[2023-12-02T13:23:36.162+0700] {logging_mixin.py:154} INFO - [2023-12-02T13:23:36.162+0700] {dag.py:2941} INFO - Sync 1 DAGs
[2023-12-02T13:23:36.171+0700] {logging_mixin.py:154} INFO - [2023-12-02T13:23:36.170+0700] {dag.py:3722} INFO - Setting next_dagrun for example_python_operator to None, run_after=None
[2023-12-02T13:23:36.184+0700] {processor.py:179} INFO - Processing /home/phuc/Practice/DataScience/DSProject/venv/lib/python3.10/site-packages/airflow/example_dags/example_python_operator.py took 0.060 seconds
[2023-12-02T13:24:17.152+0700] {processor.py:157} INFO - Started process (PID=82988) to work on /home/phuc/Practice/DataScience/DSProject/venv/lib/python3.10/site-packages/airflow/example_dags/example_python_operator.py
[2023-12-02T13:24:17.159+0700] {processor.py:829} INFO - Processing file /home/phuc/Practice/DataScience/DSProject/venv/lib/python3.10/site-packages/airflow/example_dags/example_python_operator.py for tasks to queue
[2023-12-02T13:24:17.160+0700] {logging_mixin.py:154} INFO - [2023-12-02T13:24:17.159+0700] {dagbag.py:536} INFO - Filling up the DagBag from /home/phuc/Practice/DataScience/DSProject/venv/lib/python3.10/site-packages/airflow/example_dags/example_python_operator.py
[2023-12-02T13:24:17.173+0700] {processor.py:839} INFO - DAG(s) dict_keys(['example_python_operator']) retrieved from /home/phuc/Practice/DataScience/DSProject/venv/lib/python3.10/site-packages/airflow/example_dags/example_python_operator.py
[2023-12-02T13:24:17.185+0700] {logging_mixin.py:154} INFO - [2023-12-02T13:24:17.185+0700] {dag.py:2941} INFO - Sync 1 DAGs
[2023-12-02T13:24:17.191+0700] {logging_mixin.py:154} INFO - [2023-12-02T13:24:17.191+0700] {dag.py:3722} INFO - Setting next_dagrun for example_python_operator to None, run_after=None
[2023-12-02T13:24:17.204+0700] {processor.py:179} INFO - Processing /home/phuc/Practice/DataScience/DSProject/venv/lib/python3.10/site-packages/airflow/example_dags/example_python_operator.py took 0.054 seconds
[2023-12-02T13:25:05.602+0700] {processor.py:157} INFO - Started process (PID=83319) to work on /home/phuc/Practice/DataScience/DSProject/venv/lib/python3.10/site-packages/airflow/example_dags/example_python_operator.py
[2023-12-02T13:25:05.609+0700] {processor.py:829} INFO - Processing file /home/phuc/Practice/DataScience/DSProject/venv/lib/python3.10/site-packages/airflow/example_dags/example_python_operator.py for tasks to queue
[2023-12-02T13:25:05.611+0700] {logging_mixin.py:154} INFO - [2023-12-02T13:25:05.610+0700] {dagbag.py:536} INFO - Filling up the DagBag from /home/phuc/Practice/DataScience/DSProject/venv/lib/python3.10/site-packages/airflow/example_dags/example_python_operator.py
[2023-12-02T13:25:05.624+0700] {processor.py:839} INFO - DAG(s) dict_keys(['example_python_operator']) retrieved from /home/phuc/Practice/DataScience/DSProject/venv/lib/python3.10/site-packages/airflow/example_dags/example_python_operator.py
[2023-12-02T13:25:05.636+0700] {logging_mixin.py:154} INFO - [2023-12-02T13:25:05.635+0700] {dag.py:2941} INFO - Sync 1 DAGs
[2023-12-02T13:25:05.642+0700] {logging_mixin.py:154} INFO - [2023-12-02T13:25:05.642+0700] {dag.py:3722} INFO - Setting next_dagrun for example_python_operator to None, run_after=None
[2023-12-02T13:25:05.654+0700] {processor.py:179} INFO - Processing /home/phuc/Practice/DataScience/DSProject/venv/lib/python3.10/site-packages/airflow/example_dags/example_python_operator.py took 0.055 seconds
[2023-12-02T13:25:54.824+0700] {processor.py:157} INFO - Started process (PID=83543) to work on /home/phuc/Practice/DataScience/DSProject/venv/lib/python3.10/site-packages/airflow/example_dags/example_python_operator.py
[2023-12-02T13:25:54.831+0700] {processor.py:829} INFO - Processing file /home/phuc/Practice/DataScience/DSProject/venv/lib/python3.10/site-packages/airflow/example_dags/example_python_operator.py for tasks to queue
[2023-12-02T13:25:54.832+0700] {logging_mixin.py:154} INFO - [2023-12-02T13:25:54.832+0700] {dagbag.py:536} INFO - Filling up the DagBag from /home/phuc/Practice/DataScience/DSProject/venv/lib/python3.10/site-packages/airflow/example_dags/example_python_operator.py
[2023-12-02T13:25:54.842+0700] {processor.py:839} INFO - DAG(s) dict_keys(['example_python_operator']) retrieved from /home/phuc/Practice/DataScience/DSProject/venv/lib/python3.10/site-packages/airflow/example_dags/example_python_operator.py
[2023-12-02T13:25:54.861+0700] {logging_mixin.py:154} INFO - [2023-12-02T13:25:54.861+0700] {dag.py:2941} INFO - Sync 1 DAGs
[2023-12-02T13:25:54.873+0700] {logging_mixin.py:154} INFO - [2023-12-02T13:25:54.872+0700] {dag.py:3722} INFO - Setting next_dagrun for example_python_operator to None, run_after=None
[2023-12-02T13:25:54.895+0700] {processor.py:179} INFO - Processing /home/phuc/Practice/DataScience/DSProject/venv/lib/python3.10/site-packages/airflow/example_dags/example_python_operator.py took 0.074 seconds
[2023-12-02T13:26:40.755+0700] {processor.py:157} INFO - Started process (PID=83768) to work on /home/phuc/Practice/DataScience/DSProject/venv/lib/python3.10/site-packages/airflow/example_dags/example_python_operator.py
[2023-12-02T13:26:40.762+0700] {processor.py:829} INFO - Processing file /home/phuc/Practice/DataScience/DSProject/venv/lib/python3.10/site-packages/airflow/example_dags/example_python_operator.py for tasks to queue
[2023-12-02T13:26:40.763+0700] {logging_mixin.py:154} INFO - [2023-12-02T13:26:40.763+0700] {dagbag.py:536} INFO - Filling up the DagBag from /home/phuc/Practice/DataScience/DSProject/venv/lib/python3.10/site-packages/airflow/example_dags/example_python_operator.py
[2023-12-02T13:26:40.777+0700] {processor.py:839} INFO - DAG(s) dict_keys(['example_python_operator']) retrieved from /home/phuc/Practice/DataScience/DSProject/venv/lib/python3.10/site-packages/airflow/example_dags/example_python_operator.py
[2023-12-02T13:26:40.789+0700] {logging_mixin.py:154} INFO - [2023-12-02T13:26:40.789+0700] {dag.py:2941} INFO - Sync 1 DAGs
[2023-12-02T13:26:40.797+0700] {logging_mixin.py:154} INFO - [2023-12-02T13:26:40.797+0700] {dag.py:3722} INFO - Setting next_dagrun for example_python_operator to None, run_after=None
[2023-12-02T13:26:40.810+0700] {processor.py:179} INFO - Processing /home/phuc/Practice/DataScience/DSProject/venv/lib/python3.10/site-packages/airflow/example_dags/example_python_operator.py took 0.060 seconds
