[2023-12-02T13:18:11.777+0700] {processor.py:157} INFO - Started process (PID=80838) to work on /home/phuc/Practice/DataScience/DSProject/venv/lib/python3.10/site-packages/airflow/example_dags/example_short_circuit_operator.py
[2023-12-02T13:18:11.777+0700] {processor.py:829} INFO - Processing file /home/phuc/Practice/DataScience/DSProject/venv/lib/python3.10/site-packages/airflow/example_dags/example_short_circuit_operator.py for tasks to queue
[2023-12-02T13:18:11.778+0700] {logging_mixin.py:154} INFO - [2023-12-02T13:18:11.778+0700] {dagbag.py:536} INFO - Filling up the DagBag from /home/phuc/Practice/DataScience/DSProject/venv/lib/python3.10/site-packages/airflow/example_dags/example_short_circuit_operator.py
[2023-12-02T13:18:11.784+0700] {processor.py:839} INFO - DAG(s) dict_keys(['example_short_circuit_operator']) retrieved from /home/phuc/Practice/DataScience/DSProject/venv/lib/python3.10/site-packages/airflow/example_dags/example_short_circuit_operator.py
[2023-12-02T13:18:11.841+0700] {logging_mixin.py:154} INFO - [2023-12-02T13:18:11.841+0700] {manager.py:499} INFO - Created Permission View: %s
[2023-12-02T13:18:11.846+0700] {logging_mixin.py:154} INFO - [2023-12-02T13:18:11.846+0700] {manager.py:499} INFO - Created Permission View: %s
[2023-12-02T13:18:11.850+0700] {logging_mixin.py:154} INFO - [2023-12-02T13:18:11.849+0700] {manager.py:499} INFO - Created Permission View: %s
[2023-12-02T13:18:11.850+0700] {logging_mixin.py:154} INFO - [2023-12-02T13:18:11.850+0700] {dag.py:2941} INFO - Sync 1 DAGs
[2023-12-02T13:18:11.855+0700] {logging_mixin.py:154} INFO - [2023-12-02T13:18:11.855+0700] {dag.py:2963} INFO - Creating ORM DAG for example_short_circuit_operator
[2023-12-02T13:18:11.859+0700] {logging_mixin.py:154} INFO - [2023-12-02T13:18:11.859+0700] {dag.py:3722} INFO - Setting next_dagrun for example_short_circuit_operator to 2023-12-01T06:18:11.859187+00:00, run_after=2023-12-02T06:18:11.859187+00:00
[2023-12-02T13:18:11.868+0700] {processor.py:179} INFO - Processing /home/phuc/Practice/DataScience/DSProject/venv/lib/python3.10/site-packages/airflow/example_dags/example_short_circuit_operator.py took 0.094 seconds
[2023-12-02T13:18:58.043+0700] {processor.py:157} INFO - Started process (PID=81049) to work on /home/phuc/Practice/DataScience/DSProject/venv/lib/python3.10/site-packages/airflow/example_dags/example_short_circuit_operator.py
[2023-12-02T13:18:58.050+0700] {processor.py:829} INFO - Processing file /home/phuc/Practice/DataScience/DSProject/venv/lib/python3.10/site-packages/airflow/example_dags/example_short_circuit_operator.py for tasks to queue
[2023-12-02T13:18:58.052+0700] {logging_mixin.py:154} INFO - [2023-12-02T13:18:58.051+0700] {dagbag.py:536} INFO - Filling up the DagBag from /home/phuc/Practice/DataScience/DSProject/venv/lib/python3.10/site-packages/airflow/example_dags/example_short_circuit_operator.py
[2023-12-02T13:18:58.057+0700] {processor.py:839} INFO - DAG(s) dict_keys(['example_short_circuit_operator']) retrieved from /home/phuc/Practice/DataScience/DSProject/venv/lib/python3.10/site-packages/airflow/example_dags/example_short_circuit_operator.py
[2023-12-02T13:18:58.067+0700] {logging_mixin.py:154} INFO - [2023-12-02T13:18:58.066+0700] {dag.py:2941} INFO - Sync 1 DAGs
[2023-12-02T13:18:58.076+0700] {logging_mixin.py:154} INFO - [2023-12-02T13:18:58.076+0700] {dag.py:3722} INFO - Setting next_dagrun for example_short_circuit_operator to 2023-12-01T06:18:58.075945+00:00, run_after=2023-12-02T06:18:58.075945+00:00
[2023-12-02T13:18:58.085+0700] {processor.py:179} INFO - Processing /home/phuc/Practice/DataScience/DSProject/venv/lib/python3.10/site-packages/airflow/example_dags/example_short_circuit_operator.py took 0.043 seconds
[2023-12-02T13:19:31.668+0700] {processor.py:157} INFO - Started process (PID=81229) to work on /home/phuc/Practice/DataScience/DSProject/venv/lib/python3.10/site-packages/airflow/example_dags/example_short_circuit_operator.py
[2023-12-02T13:19:31.675+0700] {processor.py:829} INFO - Processing file /home/phuc/Practice/DataScience/DSProject/venv/lib/python3.10/site-packages/airflow/example_dags/example_short_circuit_operator.py for tasks to queue
[2023-12-02T13:19:31.677+0700] {logging_mixin.py:154} INFO - [2023-12-02T13:19:31.676+0700] {dagbag.py:536} INFO - Filling up the DagBag from /home/phuc/Practice/DataScience/DSProject/venv/lib/python3.10/site-packages/airflow/example_dags/example_short_circuit_operator.py
[2023-12-02T13:19:31.688+0700] {processor.py:839} INFO - DAG(s) dict_keys(['example_short_circuit_operator']) retrieved from /home/phuc/Practice/DataScience/DSProject/venv/lib/python3.10/site-packages/airflow/example_dags/example_short_circuit_operator.py
[2023-12-02T13:19:31.700+0700] {logging_mixin.py:154} INFO - [2023-12-02T13:19:31.699+0700] {dag.py:2941} INFO - Sync 1 DAGs
[2023-12-02T13:19:31.709+0700] {logging_mixin.py:154} INFO - [2023-12-02T13:19:31.709+0700] {dag.py:3722} INFO - Setting next_dagrun for example_short_circuit_operator to 2023-12-01T06:19:31.709474+00:00, run_after=2023-12-02T06:19:31.709474+00:00
[2023-12-02T13:19:31.720+0700] {processor.py:179} INFO - Processing /home/phuc/Practice/DataScience/DSProject/venv/lib/python3.10/site-packages/airflow/example_dags/example_short_circuit_operator.py took 0.055 seconds
[2023-12-02T13:20:09.331+0700] {processor.py:157} INFO - Started process (PID=81471) to work on /home/phuc/Practice/DataScience/DSProject/venv/lib/python3.10/site-packages/airflow/example_dags/example_short_circuit_operator.py
[2023-12-02T13:20:09.331+0700] {processor.py:829} INFO - Processing file /home/phuc/Practice/DataScience/DSProject/venv/lib/python3.10/site-packages/airflow/example_dags/example_short_circuit_operator.py for tasks to queue
[2023-12-02T13:20:09.332+0700] {logging_mixin.py:154} INFO - [2023-12-02T13:20:09.332+0700] {dagbag.py:536} INFO - Filling up the DagBag from /home/phuc/Practice/DataScience/DSProject/venv/lib/python3.10/site-packages/airflow/example_dags/example_short_circuit_operator.py
[2023-12-02T13:20:09.337+0700] {processor.py:839} INFO - DAG(s) dict_keys(['example_short_circuit_operator']) retrieved from /home/phuc/Practice/DataScience/DSProject/venv/lib/python3.10/site-packages/airflow/example_dags/example_short_circuit_operator.py
[2023-12-02T13:20:09.348+0700] {logging_mixin.py:154} INFO - [2023-12-02T13:20:09.347+0700] {dag.py:2941} INFO - Sync 1 DAGs
[2023-12-02T13:20:09.359+0700] {logging_mixin.py:154} INFO - [2023-12-02T13:20:09.359+0700] {dag.py:3722} INFO - Setting next_dagrun for example_short_circuit_operator to 2023-12-01T06:20:09.359611+00:00, run_after=2023-12-02T06:20:09.359611+00:00
[2023-12-02T13:20:09.371+0700] {processor.py:179} INFO - Processing /home/phuc/Practice/DataScience/DSProject/venv/lib/python3.10/site-packages/airflow/example_dags/example_short_circuit_operator.py took 0.042 seconds
[2023-12-02T13:20:42.431+0700] {processor.py:157} INFO - Started process (PID=81685) to work on /home/phuc/Practice/DataScience/DSProject/venv/lib/python3.10/site-packages/airflow/example_dags/example_short_circuit_operator.py
[2023-12-02T13:20:42.438+0700] {processor.py:829} INFO - Processing file /home/phuc/Practice/DataScience/DSProject/venv/lib/python3.10/site-packages/airflow/example_dags/example_short_circuit_operator.py for tasks to queue
[2023-12-02T13:20:42.440+0700] {logging_mixin.py:154} INFO - [2023-12-02T13:20:42.439+0700] {dagbag.py:536} INFO - Filling up the DagBag from /home/phuc/Practice/DataScience/DSProject/venv/lib/python3.10/site-packages/airflow/example_dags/example_short_circuit_operator.py
[2023-12-02T13:20:42.452+0700] {processor.py:839} INFO - DAG(s) dict_keys(['example_short_circuit_operator']) retrieved from /home/phuc/Practice/DataScience/DSProject/venv/lib/python3.10/site-packages/airflow/example_dags/example_short_circuit_operator.py
[2023-12-02T13:20:42.462+0700] {logging_mixin.py:154} INFO - [2023-12-02T13:20:42.462+0700] {dag.py:2941} INFO - Sync 1 DAGs
[2023-12-02T13:20:42.472+0700] {logging_mixin.py:154} INFO - [2023-12-02T13:20:42.472+0700] {dag.py:3722} INFO - Setting next_dagrun for example_short_circuit_operator to 2023-12-01T06:20:42.471899+00:00, run_after=2023-12-02T06:20:42.471899+00:00
[2023-12-02T13:20:42.481+0700] {processor.py:179} INFO - Processing /home/phuc/Practice/DataScience/DSProject/venv/lib/python3.10/site-packages/airflow/example_dags/example_short_circuit_operator.py took 0.051 seconds
[2023-12-02T13:21:18.096+0700] {processor.py:157} INFO - Started process (PID=81869) to work on /home/phuc/Practice/DataScience/DSProject/venv/lib/python3.10/site-packages/airflow/example_dags/example_short_circuit_operator.py
[2023-12-02T13:21:18.103+0700] {processor.py:829} INFO - Processing file /home/phuc/Practice/DataScience/DSProject/venv/lib/python3.10/site-packages/airflow/example_dags/example_short_circuit_operator.py for tasks to queue
[2023-12-02T13:21:18.105+0700] {logging_mixin.py:154} INFO - [2023-12-02T13:21:18.104+0700] {dagbag.py:536} INFO - Filling up the DagBag from /home/phuc/Practice/DataScience/DSProject/venv/lib/python3.10/site-packages/airflow/example_dags/example_short_circuit_operator.py
[2023-12-02T13:21:18.116+0700] {processor.py:839} INFO - DAG(s) dict_keys(['example_short_circuit_operator']) retrieved from /home/phuc/Practice/DataScience/DSProject/venv/lib/python3.10/site-packages/airflow/example_dags/example_short_circuit_operator.py
[2023-12-02T13:21:18.128+0700] {logging_mixin.py:154} INFO - [2023-12-02T13:21:18.128+0700] {dag.py:2941} INFO - Sync 1 DAGs
[2023-12-02T13:21:18.140+0700] {logging_mixin.py:154} INFO - [2023-12-02T13:21:18.140+0700] {dag.py:3722} INFO - Setting next_dagrun for example_short_circuit_operator to 2023-12-01T06:21:18.140564+00:00, run_after=2023-12-02T06:21:18.140564+00:00
[2023-12-02T13:21:18.153+0700] {processor.py:179} INFO - Processing /home/phuc/Practice/DataScience/DSProject/venv/lib/python3.10/site-packages/airflow/example_dags/example_short_circuit_operator.py took 0.059 seconds
[2023-12-02T13:21:50.111+0700] {processor.py:157} INFO - Started process (PID=82089) to work on /home/phuc/Practice/DataScience/DSProject/venv/lib/python3.10/site-packages/airflow/example_dags/example_short_circuit_operator.py
[2023-12-02T13:21:50.112+0700] {processor.py:829} INFO - Processing file /home/phuc/Practice/DataScience/DSProject/venv/lib/python3.10/site-packages/airflow/example_dags/example_short_circuit_operator.py for tasks to queue
[2023-12-02T13:21:50.113+0700] {logging_mixin.py:154} INFO - [2023-12-02T13:21:50.112+0700] {dagbag.py:536} INFO - Filling up the DagBag from /home/phuc/Practice/DataScience/DSProject/venv/lib/python3.10/site-packages/airflow/example_dags/example_short_circuit_operator.py
[2023-12-02T13:21:50.120+0700] {processor.py:839} INFO - DAG(s) dict_keys(['example_short_circuit_operator']) retrieved from /home/phuc/Practice/DataScience/DSProject/venv/lib/python3.10/site-packages/airflow/example_dags/example_short_circuit_operator.py
[2023-12-02T13:21:50.138+0700] {logging_mixin.py:154} INFO - [2023-12-02T13:21:50.137+0700] {dag.py:2941} INFO - Sync 1 DAGs
[2023-12-02T13:21:50.156+0700] {logging_mixin.py:154} INFO - [2023-12-02T13:21:50.155+0700] {dag.py:3722} INFO - Setting next_dagrun for example_short_circuit_operator to 2023-12-01T06:21:50.155722+00:00, run_after=2023-12-02T06:21:50.155722+00:00
[2023-12-02T13:21:50.174+0700] {processor.py:179} INFO - Processing /home/phuc/Practice/DataScience/DSProject/venv/lib/python3.10/site-packages/airflow/example_dags/example_short_circuit_operator.py took 0.066 seconds
[2023-12-02T13:22:34.756+0700] {processor.py:157} INFO - Started process (PID=82448) to work on /home/phuc/Practice/DataScience/DSProject/venv/lib/python3.10/site-packages/airflow/example_dags/example_short_circuit_operator.py
[2023-12-02T13:22:34.764+0700] {processor.py:829} INFO - Processing file /home/phuc/Practice/DataScience/DSProject/venv/lib/python3.10/site-packages/airflow/example_dags/example_short_circuit_operator.py for tasks to queue
[2023-12-02T13:22:34.765+0700] {logging_mixin.py:154} INFO - [2023-12-02T13:22:34.765+0700] {dagbag.py:536} INFO - Filling up the DagBag from /home/phuc/Practice/DataScience/DSProject/venv/lib/python3.10/site-packages/airflow/example_dags/example_short_circuit_operator.py
[2023-12-02T13:22:34.777+0700] {processor.py:839} INFO - DAG(s) dict_keys(['example_short_circuit_operator']) retrieved from /home/phuc/Practice/DataScience/DSProject/venv/lib/python3.10/site-packages/airflow/example_dags/example_short_circuit_operator.py
[2023-12-02T13:22:34.789+0700] {logging_mixin.py:154} INFO - [2023-12-02T13:22:34.789+0700] {dag.py:2941} INFO - Sync 1 DAGs
[2023-12-02T13:22:34.800+0700] {logging_mixin.py:154} INFO - [2023-12-02T13:22:34.800+0700] {dag.py:3722} INFO - Setting next_dagrun for example_short_circuit_operator to 2023-12-01T06:22:34.800230+00:00, run_after=2023-12-02T06:22:34.800230+00:00
[2023-12-02T13:22:34.812+0700] {processor.py:179} INFO - Processing /home/phuc/Practice/DataScience/DSProject/venv/lib/python3.10/site-packages/airflow/example_dags/example_short_circuit_operator.py took 0.060 seconds
[2023-12-02T13:23:05.320+0700] {processor.py:157} INFO - Started process (PID=82662) to work on /home/phuc/Practice/DataScience/DSProject/venv/lib/python3.10/site-packages/airflow/example_dags/example_short_circuit_operator.py
[2023-12-02T13:23:05.333+0700] {processor.py:829} INFO - Processing file /home/phuc/Practice/DataScience/DSProject/venv/lib/python3.10/site-packages/airflow/example_dags/example_short_circuit_operator.py for tasks to queue
[2023-12-02T13:23:05.340+0700] {logging_mixin.py:154} INFO - [2023-12-02T13:23:05.337+0700] {dagbag.py:536} INFO - Filling up the DagBag from /home/phuc/Practice/DataScience/DSProject/venv/lib/python3.10/site-packages/airflow/example_dags/example_short_circuit_operator.py
[2023-12-02T13:23:05.416+0700] {processor.py:839} INFO - DAG(s) dict_keys(['example_short_circuit_operator']) retrieved from /home/phuc/Practice/DataScience/DSProject/venv/lib/python3.10/site-packages/airflow/example_dags/example_short_circuit_operator.py
[2023-12-02T13:23:05.620+0700] {logging_mixin.py:154} INFO - [2023-12-02T13:23:05.619+0700] {dag.py:2941} INFO - Sync 1 DAGs
[2023-12-02T13:23:05.800+0700] {logging_mixin.py:154} INFO - [2023-12-02T13:23:05.800+0700] {dag.py:3722} INFO - Setting next_dagrun for example_short_circuit_operator to 2023-12-01T06:23:05.800009+00:00, run_after=2023-12-02T06:23:05.800009+00:00
[2023-12-02T13:23:05.843+0700] {processor.py:179} INFO - Processing /home/phuc/Practice/DataScience/DSProject/venv/lib/python3.10/site-packages/airflow/example_dags/example_short_circuit_operator.py took 0.549 seconds
[2023-12-02T13:23:45.269+0700] {processor.py:157} INFO - Started process (PID=82848) to work on /home/phuc/Practice/DataScience/DSProject/venv/lib/python3.10/site-packages/airflow/example_dags/example_short_circuit_operator.py
[2023-12-02T13:23:45.276+0700] {processor.py:829} INFO - Processing file /home/phuc/Practice/DataScience/DSProject/venv/lib/python3.10/site-packages/airflow/example_dags/example_short_circuit_operator.py for tasks to queue
[2023-12-02T13:23:45.277+0700] {logging_mixin.py:154} INFO - [2023-12-02T13:23:45.277+0700] {dagbag.py:536} INFO - Filling up the DagBag from /home/phuc/Practice/DataScience/DSProject/venv/lib/python3.10/site-packages/airflow/example_dags/example_short_circuit_operator.py
[2023-12-02T13:23:45.285+0700] {processor.py:839} INFO - DAG(s) dict_keys(['example_short_circuit_operator']) retrieved from /home/phuc/Practice/DataScience/DSProject/venv/lib/python3.10/site-packages/airflow/example_dags/example_short_circuit_operator.py
[2023-12-02T13:23:45.296+0700] {logging_mixin.py:154} INFO - [2023-12-02T13:23:45.295+0700] {dag.py:2941} INFO - Sync 1 DAGs
[2023-12-02T13:23:45.307+0700] {logging_mixin.py:154} INFO - [2023-12-02T13:23:45.307+0700] {dag.py:3722} INFO - Setting next_dagrun for example_short_circuit_operator to 2023-12-01T06:23:45.306881+00:00, run_after=2023-12-02T06:23:45.306881+00:00
[2023-12-02T13:23:45.319+0700] {processor.py:179} INFO - Processing /home/phuc/Practice/DataScience/DSProject/venv/lib/python3.10/site-packages/airflow/example_dags/example_short_circuit_operator.py took 0.052 seconds
[2023-12-02T13:24:27.432+0700] {processor.py:157} INFO - Started process (PID=83037) to work on /home/phuc/Practice/DataScience/DSProject/venv/lib/python3.10/site-packages/airflow/example_dags/example_short_circuit_operator.py
[2023-12-02T13:24:27.440+0700] {processor.py:829} INFO - Processing file /home/phuc/Practice/DataScience/DSProject/venv/lib/python3.10/site-packages/airflow/example_dags/example_short_circuit_operator.py for tasks to queue
[2023-12-02T13:24:27.441+0700] {logging_mixin.py:154} INFO - [2023-12-02T13:24:27.440+0700] {dagbag.py:536} INFO - Filling up the DagBag from /home/phuc/Practice/DataScience/DSProject/venv/lib/python3.10/site-packages/airflow/example_dags/example_short_circuit_operator.py
[2023-12-02T13:24:27.448+0700] {processor.py:839} INFO - DAG(s) dict_keys(['example_short_circuit_operator']) retrieved from /home/phuc/Practice/DataScience/DSProject/venv/lib/python3.10/site-packages/airflow/example_dags/example_short_circuit_operator.py
[2023-12-02T13:24:27.467+0700] {logging_mixin.py:154} INFO - [2023-12-02T13:24:27.467+0700] {dag.py:2941} INFO - Sync 1 DAGs
[2023-12-02T13:24:27.486+0700] {logging_mixin.py:154} INFO - [2023-12-02T13:24:27.486+0700] {dag.py:3722} INFO - Setting next_dagrun for example_short_circuit_operator to 2023-12-01T06:24:27.486335+00:00, run_after=2023-12-02T06:24:27.486335+00:00
[2023-12-02T13:24:27.506+0700] {processor.py:179} INFO - Processing /home/phuc/Practice/DataScience/DSProject/venv/lib/python3.10/site-packages/airflow/example_dags/example_short_circuit_operator.py took 0.077 seconds
[2023-12-02T13:24:59.947+0700] {processor.py:157} INFO - Started process (PID=83293) to work on /home/phuc/Practice/DataScience/DSProject/venv/lib/python3.10/site-packages/airflow/example_dags/example_short_circuit_operator.py
[2023-12-02T13:24:59.954+0700] {processor.py:829} INFO - Processing file /home/phuc/Practice/DataScience/DSProject/venv/lib/python3.10/site-packages/airflow/example_dags/example_short_circuit_operator.py for tasks to queue
[2023-12-02T13:24:59.955+0700] {logging_mixin.py:154} INFO - [2023-12-02T13:24:59.955+0700] {dagbag.py:536} INFO - Filling up the DagBag from /home/phuc/Practice/DataScience/DSProject/venv/lib/python3.10/site-packages/airflow/example_dags/example_short_circuit_operator.py
[2023-12-02T13:24:59.967+0700] {processor.py:839} INFO - DAG(s) dict_keys(['example_short_circuit_operator']) retrieved from /home/phuc/Practice/DataScience/DSProject/venv/lib/python3.10/site-packages/airflow/example_dags/example_short_circuit_operator.py
[2023-12-02T13:24:59.978+0700] {logging_mixin.py:154} INFO - [2023-12-02T13:24:59.978+0700] {dag.py:2941} INFO - Sync 1 DAGs
[2023-12-02T13:24:59.991+0700] {logging_mixin.py:154} INFO - [2023-12-02T13:24:59.991+0700] {dag.py:3722} INFO - Setting next_dagrun for example_short_circuit_operator to 2023-12-01T06:24:59.991494+00:00, run_after=2023-12-02T06:24:59.991494+00:00
[2023-12-02T13:25:00.004+0700] {processor.py:179} INFO - Processing /home/phuc/Practice/DataScience/DSProject/venv/lib/python3.10/site-packages/airflow/example_dags/example_short_circuit_operator.py took 0.060 seconds
[2023-12-02T13:25:31.271+0700] {processor.py:157} INFO - Started process (PID=83436) to work on /home/phuc/Practice/DataScience/DSProject/venv/lib/python3.10/site-packages/airflow/example_dags/example_short_circuit_operator.py
[2023-12-02T13:25:31.278+0700] {processor.py:829} INFO - Processing file /home/phuc/Practice/DataScience/DSProject/venv/lib/python3.10/site-packages/airflow/example_dags/example_short_circuit_operator.py for tasks to queue
[2023-12-02T13:25:31.279+0700] {logging_mixin.py:154} INFO - [2023-12-02T13:25:31.278+0700] {dagbag.py:536} INFO - Filling up the DagBag from /home/phuc/Practice/DataScience/DSProject/venv/lib/python3.10/site-packages/airflow/example_dags/example_short_circuit_operator.py
[2023-12-02T13:25:31.286+0700] {processor.py:839} INFO - DAG(s) dict_keys(['example_short_circuit_operator']) retrieved from /home/phuc/Practice/DataScience/DSProject/venv/lib/python3.10/site-packages/airflow/example_dags/example_short_circuit_operator.py
[2023-12-02T13:25:31.303+0700] {logging_mixin.py:154} INFO - [2023-12-02T13:25:31.303+0700] {dag.py:2941} INFO - Sync 1 DAGs
[2023-12-02T13:25:31.320+0700] {logging_mixin.py:154} INFO - [2023-12-02T13:25:31.320+0700] {dag.py:3722} INFO - Setting next_dagrun for example_short_circuit_operator to 2023-12-01T06:25:31.320294+00:00, run_after=2023-12-02T06:25:31.320294+00:00
[2023-12-02T13:25:31.339+0700] {processor.py:179} INFO - Processing /home/phuc/Practice/DataScience/DSProject/venv/lib/python3.10/site-packages/airflow/example_dags/example_short_circuit_operator.py took 0.070 seconds
[2023-12-02T13:26:06.124+0700] {processor.py:157} INFO - Started process (PID=83590) to work on /home/phuc/Practice/DataScience/DSProject/venv/lib/python3.10/site-packages/airflow/example_dags/example_short_circuit_operator.py
[2023-12-02T13:26:06.131+0700] {processor.py:829} INFO - Processing file /home/phuc/Practice/DataScience/DSProject/venv/lib/python3.10/site-packages/airflow/example_dags/example_short_circuit_operator.py for tasks to queue
[2023-12-02T13:26:06.132+0700] {logging_mixin.py:154} INFO - [2023-12-02T13:26:06.131+0700] {dagbag.py:536} INFO - Filling up the DagBag from /home/phuc/Practice/DataScience/DSProject/venv/lib/python3.10/site-packages/airflow/example_dags/example_short_circuit_operator.py
[2023-12-02T13:26:06.139+0700] {processor.py:839} INFO - DAG(s) dict_keys(['example_short_circuit_operator']) retrieved from /home/phuc/Practice/DataScience/DSProject/venv/lib/python3.10/site-packages/airflow/example_dags/example_short_circuit_operator.py
[2023-12-02T13:26:06.154+0700] {logging_mixin.py:154} INFO - [2023-12-02T13:26:06.154+0700] {dag.py:2941} INFO - Sync 1 DAGs
[2023-12-02T13:26:06.172+0700] {logging_mixin.py:154} INFO - [2023-12-02T13:26:06.172+0700] {dag.py:3722} INFO - Setting next_dagrun for example_short_circuit_operator to 2023-12-01T06:26:06.172382+00:00, run_after=2023-12-02T06:26:06.172382+00:00
[2023-12-02T13:26:06.191+0700] {processor.py:179} INFO - Processing /home/phuc/Practice/DataScience/DSProject/venv/lib/python3.10/site-packages/airflow/example_dags/example_short_circuit_operator.py took 0.070 seconds
[2023-12-02T13:26:38.160+0700] {processor.py:157} INFO - Started process (PID=83729) to work on /home/phuc/Practice/DataScience/DSProject/venv/lib/python3.10/site-packages/airflow/example_dags/example_short_circuit_operator.py
[2023-12-02T13:26:38.167+0700] {processor.py:829} INFO - Processing file /home/phuc/Practice/DataScience/DSProject/venv/lib/python3.10/site-packages/airflow/example_dags/example_short_circuit_operator.py for tasks to queue
[2023-12-02T13:26:38.168+0700] {logging_mixin.py:154} INFO - [2023-12-02T13:26:38.167+0700] {dagbag.py:536} INFO - Filling up the DagBag from /home/phuc/Practice/DataScience/DSProject/venv/lib/python3.10/site-packages/airflow/example_dags/example_short_circuit_operator.py
[2023-12-02T13:26:38.179+0700] {processor.py:839} INFO - DAG(s) dict_keys(['example_short_circuit_operator']) retrieved from /home/phuc/Practice/DataScience/DSProject/venv/lib/python3.10/site-packages/airflow/example_dags/example_short_circuit_operator.py
[2023-12-02T13:26:38.191+0700] {logging_mixin.py:154} INFO - [2023-12-02T13:26:38.191+0700] {dag.py:2941} INFO - Sync 1 DAGs
[2023-12-02T13:26:38.202+0700] {logging_mixin.py:154} INFO - [2023-12-02T13:26:38.202+0700] {dag.py:3722} INFO - Setting next_dagrun for example_short_circuit_operator to 2023-12-01T06:26:38.202259+00:00, run_after=2023-12-02T06:26:38.202259+00:00
[2023-12-02T13:26:38.214+0700] {processor.py:179} INFO - Processing /home/phuc/Practice/DataScience/DSProject/venv/lib/python3.10/site-packages/airflow/example_dags/example_short_circuit_operator.py took 0.057 seconds
