[2023-12-02T13:18:50.006+0700] {processor.py:157} INFO - Started process (PID=81007) to work on /home/phuc/Practice/DataScience/DSProject/venv/lib/python3.10/site-packages/airflow/example_dags/tutorial_taskflow_api_virtualenv.py
[2023-12-02T13:18:50.007+0700] {processor.py:829} INFO - Processing file /home/phuc/Practice/DataScience/DSProject/venv/lib/python3.10/site-packages/airflow/example_dags/tutorial_taskflow_api_virtualenv.py for tasks to queue
[2023-12-02T13:18:50.008+0700] {logging_mixin.py:154} INFO - [2023-12-02T13:18:50.007+0700] {dagbag.py:536} INFO - Filling up the DagBag from /home/phuc/Practice/DataScience/DSProject/venv/lib/python3.10/site-packages/airflow/example_dags/tutorial_taskflow_api_virtualenv.py
[2023-12-02T13:18:50.012+0700] {processor.py:839} INFO - DAG(s) dict_keys(['tutorial_taskflow_api_virtualenv']) retrieved from /home/phuc/Practice/DataScience/DSProject/venv/lib/python3.10/site-packages/airflow/example_dags/tutorial_taskflow_api_virtualenv.py
[2023-12-02T13:18:50.066+0700] {logging_mixin.py:154} INFO - [2023-12-02T13:18:50.066+0700] {manager.py:499} INFO - Created Permission View: %s
[2023-12-02T13:18:50.072+0700] {logging_mixin.py:154} INFO - [2023-12-02T13:18:50.071+0700] {manager.py:499} INFO - Created Permission View: %s
[2023-12-02T13:18:50.075+0700] {logging_mixin.py:154} INFO - [2023-12-02T13:18:50.075+0700] {manager.py:499} INFO - Created Permission View: %s
[2023-12-02T13:18:50.076+0700] {logging_mixin.py:154} INFO - [2023-12-02T13:18:50.075+0700] {dag.py:2941} INFO - Sync 1 DAGs
[2023-12-02T13:18:50.080+0700] {logging_mixin.py:154} INFO - [2023-12-02T13:18:50.080+0700] {dag.py:2963} INFO - Creating ORM DAG for tutorial_taskflow_api_virtualenv
[2023-12-02T13:18:50.081+0700] {logging_mixin.py:154} INFO - [2023-12-02T13:18:50.081+0700] {dag.py:3722} INFO - Setting next_dagrun for tutorial_taskflow_api_virtualenv to None, run_after=None
[2023-12-02T13:18:50.090+0700] {processor.py:179} INFO - Processing /home/phuc/Practice/DataScience/DSProject/venv/lib/python3.10/site-packages/airflow/example_dags/tutorial_taskflow_api_virtualenv.py took 0.085 seconds
[2023-12-02T13:19:42.960+0700] {processor.py:157} INFO - Started process (PID=81320) to work on /home/phuc/Practice/DataScience/DSProject/venv/lib/python3.10/site-packages/airflow/example_dags/tutorial_taskflow_api_virtualenv.py
[2023-12-02T13:19:42.967+0700] {processor.py:829} INFO - Processing file /home/phuc/Practice/DataScience/DSProject/venv/lib/python3.10/site-packages/airflow/example_dags/tutorial_taskflow_api_virtualenv.py for tasks to queue
[2023-12-02T13:19:42.968+0700] {logging_mixin.py:154} INFO - [2023-12-02T13:19:42.968+0700] {dagbag.py:536} INFO - Filling up the DagBag from /home/phuc/Practice/DataScience/DSProject/venv/lib/python3.10/site-packages/airflow/example_dags/tutorial_taskflow_api_virtualenv.py
[2023-12-02T13:19:42.974+0700] {processor.py:839} INFO - DAG(s) dict_keys(['tutorial_taskflow_api_virtualenv']) retrieved from /home/phuc/Practice/DataScience/DSProject/venv/lib/python3.10/site-packages/airflow/example_dags/tutorial_taskflow_api_virtualenv.py
[2023-12-02T13:19:42.986+0700] {logging_mixin.py:154} INFO - [2023-12-02T13:19:42.985+0700] {dag.py:2941} INFO - Sync 1 DAGs
[2023-12-02T13:19:42.994+0700] {logging_mixin.py:154} INFO - [2023-12-02T13:19:42.994+0700] {dag.py:3722} INFO - Setting next_dagrun for tutorial_taskflow_api_virtualenv to None, run_after=None
[2023-12-02T13:19:43.013+0700] {processor.py:179} INFO - Processing /home/phuc/Practice/DataScience/DSProject/venv/lib/python3.10/site-packages/airflow/example_dags/tutorial_taskflow_api_virtualenv.py took 0.055 seconds
[2023-12-02T13:20:34.644+0700] {processor.py:157} INFO - Started process (PID=81643) to work on /home/phuc/Practice/DataScience/DSProject/venv/lib/python3.10/site-packages/airflow/example_dags/tutorial_taskflow_api_virtualenv.py
[2023-12-02T13:20:34.644+0700] {processor.py:829} INFO - Processing file /home/phuc/Practice/DataScience/DSProject/venv/lib/python3.10/site-packages/airflow/example_dags/tutorial_taskflow_api_virtualenv.py for tasks to queue
[2023-12-02T13:20:34.645+0700] {logging_mixin.py:154} INFO - [2023-12-02T13:20:34.645+0700] {dagbag.py:536} INFO - Filling up the DagBag from /home/phuc/Practice/DataScience/DSProject/venv/lib/python3.10/site-packages/airflow/example_dags/tutorial_taskflow_api_virtualenv.py
[2023-12-02T13:20:34.648+0700] {processor.py:839} INFO - DAG(s) dict_keys(['tutorial_taskflow_api_virtualenv']) retrieved from /home/phuc/Practice/DataScience/DSProject/venv/lib/python3.10/site-packages/airflow/example_dags/tutorial_taskflow_api_virtualenv.py
[2023-12-02T13:20:34.657+0700] {logging_mixin.py:154} INFO - [2023-12-02T13:20:34.657+0700] {dag.py:2941} INFO - Sync 1 DAGs
[2023-12-02T13:20:34.663+0700] {logging_mixin.py:154} INFO - [2023-12-02T13:20:34.662+0700] {dag.py:3722} INFO - Setting next_dagrun for tutorial_taskflow_api_virtualenv to None, run_after=None
[2023-12-02T13:20:34.672+0700] {processor.py:179} INFO - Processing /home/phuc/Practice/DataScience/DSProject/venv/lib/python3.10/site-packages/airflow/example_dags/tutorial_taskflow_api_virtualenv.py took 0.030 seconds
[2023-12-02T13:21:26.104+0700] {processor.py:157} INFO - Started process (PID=81911) to work on /home/phuc/Practice/DataScience/DSProject/venv/lib/python3.10/site-packages/airflow/example_dags/tutorial_taskflow_api_virtualenv.py
[2023-12-02T13:21:26.104+0700] {processor.py:829} INFO - Processing file /home/phuc/Practice/DataScience/DSProject/venv/lib/python3.10/site-packages/airflow/example_dags/tutorial_taskflow_api_virtualenv.py for tasks to queue
[2023-12-02T13:21:26.105+0700] {logging_mixin.py:154} INFO - [2023-12-02T13:21:26.104+0700] {dagbag.py:536} INFO - Filling up the DagBag from /home/phuc/Practice/DataScience/DSProject/venv/lib/python3.10/site-packages/airflow/example_dags/tutorial_taskflow_api_virtualenv.py
[2023-12-02T13:21:26.112+0700] {processor.py:839} INFO - DAG(s) dict_keys(['tutorial_taskflow_api_virtualenv']) retrieved from /home/phuc/Practice/DataScience/DSProject/venv/lib/python3.10/site-packages/airflow/example_dags/tutorial_taskflow_api_virtualenv.py
[2023-12-02T13:21:26.123+0700] {logging_mixin.py:154} INFO - [2023-12-02T13:21:26.123+0700] {dag.py:2941} INFO - Sync 1 DAGs
[2023-12-02T13:21:26.130+0700] {logging_mixin.py:154} INFO - [2023-12-02T13:21:26.130+0700] {dag.py:3722} INFO - Setting next_dagrun for tutorial_taskflow_api_virtualenv to None, run_after=None
[2023-12-02T13:21:26.142+0700] {processor.py:179} INFO - Processing /home/phuc/Practice/DataScience/DSProject/venv/lib/python3.10/site-packages/airflow/example_dags/tutorial_taskflow_api_virtualenv.py took 0.041 seconds
[2023-12-02T13:22:12.447+0700] {processor.py:157} INFO - Started process (PID=82308) to work on /home/phuc/Practice/DataScience/DSProject/venv/lib/python3.10/site-packages/airflow/example_dags/tutorial_taskflow_api_virtualenv.py
[2023-12-02T13:22:12.449+0700] {processor.py:829} INFO - Processing file /home/phuc/Practice/DataScience/DSProject/venv/lib/python3.10/site-packages/airflow/example_dags/tutorial_taskflow_api_virtualenv.py for tasks to queue
[2023-12-02T13:22:12.450+0700] {logging_mixin.py:154} INFO - [2023-12-02T13:22:12.450+0700] {dagbag.py:536} INFO - Filling up the DagBag from /home/phuc/Practice/DataScience/DSProject/venv/lib/python3.10/site-packages/airflow/example_dags/tutorial_taskflow_api_virtualenv.py
[2023-12-02T13:22:12.459+0700] {processor.py:839} INFO - DAG(s) dict_keys(['tutorial_taskflow_api_virtualenv']) retrieved from /home/phuc/Practice/DataScience/DSProject/venv/lib/python3.10/site-packages/airflow/example_dags/tutorial_taskflow_api_virtualenv.py
[2023-12-02T13:22:12.470+0700] {logging_mixin.py:154} INFO - [2023-12-02T13:22:12.469+0700] {dag.py:2941} INFO - Sync 1 DAGs
[2023-12-02T13:22:12.476+0700] {logging_mixin.py:154} INFO - [2023-12-02T13:22:12.476+0700] {dag.py:3722} INFO - Setting next_dagrun for tutorial_taskflow_api_virtualenv to None, run_after=None
[2023-12-02T13:22:12.488+0700] {processor.py:179} INFO - Processing /home/phuc/Practice/DataScience/DSProject/venv/lib/python3.10/site-packages/airflow/example_dags/tutorial_taskflow_api_virtualenv.py took 0.045 seconds
[2023-12-02T13:22:58.636+0700] {processor.py:157} INFO - Started process (PID=82633) to work on /home/phuc/Practice/DataScience/DSProject/venv/lib/python3.10/site-packages/airflow/example_dags/tutorial_taskflow_api_virtualenv.py
[2023-12-02T13:22:58.643+0700] {processor.py:829} INFO - Processing file /home/phuc/Practice/DataScience/DSProject/venv/lib/python3.10/site-packages/airflow/example_dags/tutorial_taskflow_api_virtualenv.py for tasks to queue
[2023-12-02T13:22:58.644+0700] {logging_mixin.py:154} INFO - [2023-12-02T13:22:58.643+0700] {dagbag.py:536} INFO - Filling up the DagBag from /home/phuc/Practice/DataScience/DSProject/venv/lib/python3.10/site-packages/airflow/example_dags/tutorial_taskflow_api_virtualenv.py
[2023-12-02T13:22:58.654+0700] {processor.py:839} INFO - DAG(s) dict_keys(['tutorial_taskflow_api_virtualenv']) retrieved from /home/phuc/Practice/DataScience/DSProject/venv/lib/python3.10/site-packages/airflow/example_dags/tutorial_taskflow_api_virtualenv.py
[2023-12-02T13:22:58.665+0700] {logging_mixin.py:154} INFO - [2023-12-02T13:22:58.665+0700] {dag.py:2941} INFO - Sync 1 DAGs
[2023-12-02T13:22:58.672+0700] {logging_mixin.py:154} INFO - [2023-12-02T13:22:58.672+0700] {dag.py:3722} INFO - Setting next_dagrun for tutorial_taskflow_api_virtualenv to None, run_after=None
[2023-12-02T13:22:58.684+0700] {processor.py:179} INFO - Processing /home/phuc/Practice/DataScience/DSProject/venv/lib/python3.10/site-packages/airflow/example_dags/tutorial_taskflow_api_virtualenv.py took 0.051 seconds
[2023-12-02T13:23:42.404+0700] {processor.py:157} INFO - Started process (PID=82827) to work on /home/phuc/Practice/DataScience/DSProject/venv/lib/python3.10/site-packages/airflow/example_dags/tutorial_taskflow_api_virtualenv.py
[2023-12-02T13:23:42.405+0700] {processor.py:829} INFO - Processing file /home/phuc/Practice/DataScience/DSProject/venv/lib/python3.10/site-packages/airflow/example_dags/tutorial_taskflow_api_virtualenv.py for tasks to queue
[2023-12-02T13:23:42.406+0700] {logging_mixin.py:154} INFO - [2023-12-02T13:23:42.405+0700] {dagbag.py:536} INFO - Filling up the DagBag from /home/phuc/Practice/DataScience/DSProject/venv/lib/python3.10/site-packages/airflow/example_dags/tutorial_taskflow_api_virtualenv.py
[2023-12-02T13:23:42.410+0700] {processor.py:839} INFO - DAG(s) dict_keys(['tutorial_taskflow_api_virtualenv']) retrieved from /home/phuc/Practice/DataScience/DSProject/venv/lib/python3.10/site-packages/airflow/example_dags/tutorial_taskflow_api_virtualenv.py
[2023-12-02T13:23:42.420+0700] {logging_mixin.py:154} INFO - [2023-12-02T13:23:42.420+0700] {dag.py:2941} INFO - Sync 1 DAGs
[2023-12-02T13:23:42.427+0700] {logging_mixin.py:154} INFO - [2023-12-02T13:23:42.427+0700] {dag.py:3722} INFO - Setting next_dagrun for tutorial_taskflow_api_virtualenv to None, run_after=None
[2023-12-02T13:23:42.439+0700] {processor.py:179} INFO - Processing /home/phuc/Practice/DataScience/DSProject/venv/lib/python3.10/site-packages/airflow/example_dags/tutorial_taskflow_api_virtualenv.py took 0.038 seconds
[2023-12-02T13:24:26.290+0700] {processor.py:157} INFO - Started process (PID=83035) to work on /home/phuc/Practice/DataScience/DSProject/venv/lib/python3.10/site-packages/airflow/example_dags/tutorial_taskflow_api_virtualenv.py
[2023-12-02T13:24:26.298+0700] {processor.py:829} INFO - Processing file /home/phuc/Practice/DataScience/DSProject/venv/lib/python3.10/site-packages/airflow/example_dags/tutorial_taskflow_api_virtualenv.py for tasks to queue
[2023-12-02T13:24:26.298+0700] {logging_mixin.py:154} INFO - [2023-12-02T13:24:26.298+0700] {dagbag.py:536} INFO - Filling up the DagBag from /home/phuc/Practice/DataScience/DSProject/venv/lib/python3.10/site-packages/airflow/example_dags/tutorial_taskflow_api_virtualenv.py
[2023-12-02T13:24:26.304+0700] {processor.py:839} INFO - DAG(s) dict_keys(['tutorial_taskflow_api_virtualenv']) retrieved from /home/phuc/Practice/DataScience/DSProject/venv/lib/python3.10/site-packages/airflow/example_dags/tutorial_taskflow_api_virtualenv.py
[2023-12-02T13:24:26.316+0700] {logging_mixin.py:154} INFO - [2023-12-02T13:24:26.316+0700] {dag.py:2941} INFO - Sync 1 DAGs
[2023-12-02T13:24:26.326+0700] {logging_mixin.py:154} INFO - [2023-12-02T13:24:26.325+0700] {dag.py:3722} INFO - Setting next_dagrun for tutorial_taskflow_api_virtualenv to None, run_after=None
[2023-12-02T13:24:26.343+0700] {processor.py:179} INFO - Processing /home/phuc/Practice/DataScience/DSProject/venv/lib/python3.10/site-packages/airflow/example_dags/tutorial_taskflow_api_virtualenv.py took 0.055 seconds
[2023-12-02T13:25:13.626+0700] {processor.py:157} INFO - Started process (PID=83362) to work on /home/phuc/Practice/DataScience/DSProject/venv/lib/python3.10/site-packages/airflow/example_dags/tutorial_taskflow_api_virtualenv.py
[2023-12-02T13:25:13.626+0700] {processor.py:829} INFO - Processing file /home/phuc/Practice/DataScience/DSProject/venv/lib/python3.10/site-packages/airflow/example_dags/tutorial_taskflow_api_virtualenv.py for tasks to queue
[2023-12-02T13:25:13.627+0700] {logging_mixin.py:154} INFO - [2023-12-02T13:25:13.627+0700] {dagbag.py:536} INFO - Filling up the DagBag from /home/phuc/Practice/DataScience/DSProject/venv/lib/python3.10/site-packages/airflow/example_dags/tutorial_taskflow_api_virtualenv.py
[2023-12-02T13:25:13.634+0700] {processor.py:839} INFO - DAG(s) dict_keys(['tutorial_taskflow_api_virtualenv']) retrieved from /home/phuc/Practice/DataScience/DSProject/venv/lib/python3.10/site-packages/airflow/example_dags/tutorial_taskflow_api_virtualenv.py
[2023-12-02T13:25:13.649+0700] {logging_mixin.py:154} INFO - [2023-12-02T13:25:13.649+0700] {dag.py:2941} INFO - Sync 1 DAGs
[2023-12-02T13:25:13.660+0700] {logging_mixin.py:154} INFO - [2023-12-02T13:25:13.660+0700] {dag.py:3722} INFO - Setting next_dagrun for tutorial_taskflow_api_virtualenv to None, run_after=None
[2023-12-02T13:25:13.681+0700] {processor.py:179} INFO - Processing /home/phuc/Practice/DataScience/DSProject/venv/lib/python3.10/site-packages/airflow/example_dags/tutorial_taskflow_api_virtualenv.py took 0.059 seconds
[2023-12-02T13:26:03.843+0700] {processor.py:157} INFO - Started process (PID=83588) to work on /home/phuc/Practice/DataScience/DSProject/venv/lib/python3.10/site-packages/airflow/example_dags/tutorial_taskflow_api_virtualenv.py
[2023-12-02T13:26:03.850+0700] {processor.py:829} INFO - Processing file /home/phuc/Practice/DataScience/DSProject/venv/lib/python3.10/site-packages/airflow/example_dags/tutorial_taskflow_api_virtualenv.py for tasks to queue
[2023-12-02T13:26:03.851+0700] {logging_mixin.py:154} INFO - [2023-12-02T13:26:03.851+0700] {dagbag.py:536} INFO - Filling up the DagBag from /home/phuc/Practice/DataScience/DSProject/venv/lib/python3.10/site-packages/airflow/example_dags/tutorial_taskflow_api_virtualenv.py
[2023-12-02T13:26:03.857+0700] {processor.py:839} INFO - DAG(s) dict_keys(['tutorial_taskflow_api_virtualenv']) retrieved from /home/phuc/Practice/DataScience/DSProject/venv/lib/python3.10/site-packages/airflow/example_dags/tutorial_taskflow_api_virtualenv.py
[2023-12-02T13:26:03.877+0700] {logging_mixin.py:154} INFO - [2023-12-02T13:26:03.876+0700] {dag.py:2941} INFO - Sync 1 DAGs
[2023-12-02T13:26:03.889+0700] {logging_mixin.py:154} INFO - [2023-12-02T13:26:03.889+0700] {dag.py:3722} INFO - Setting next_dagrun for tutorial_taskflow_api_virtualenv to None, run_after=None
[2023-12-02T13:26:03.906+0700] {processor.py:179} INFO - Processing /home/phuc/Practice/DataScience/DSProject/venv/lib/python3.10/site-packages/airflow/example_dags/tutorial_taskflow_api_virtualenv.py took 0.065 seconds
