[2023-12-02T13:18:43.747+0700] {processor.py:157} INFO - Started process (PID=80985) to work on /home/phuc/Practice/DataScience/DSProject/venv/lib/python3.10/site-packages/airflow/example_dags/tutorial_dag.py
[2023-12-02T13:18:43.748+0700] {processor.py:829} INFO - Processing file /home/phuc/Practice/DataScience/DSProject/venv/lib/python3.10/site-packages/airflow/example_dags/tutorial_dag.py for tasks to queue
[2023-12-02T13:18:43.748+0700] {logging_mixin.py:154} INFO - [2023-12-02T13:18:43.748+0700] {dagbag.py:536} INFO - Filling up the DagBag from /home/phuc/Practice/DataScience/DSProject/venv/lib/python3.10/site-packages/airflow/example_dags/tutorial_dag.py
[2023-12-02T13:18:43.751+0700] {processor.py:839} INFO - DAG(s) dict_keys(['tutorial_dag']) retrieved from /home/phuc/Practice/DataScience/DSProject/venv/lib/python3.10/site-packages/airflow/example_dags/tutorial_dag.py
[2023-12-02T13:18:43.805+0700] {logging_mixin.py:154} INFO - [2023-12-02T13:18:43.804+0700] {manager.py:499} INFO - Created Permission View: %s
[2023-12-02T13:18:43.810+0700] {logging_mixin.py:154} INFO - [2023-12-02T13:18:43.809+0700] {manager.py:499} INFO - Created Permission View: %s
[2023-12-02T13:18:43.813+0700] {logging_mixin.py:154} INFO - [2023-12-02T13:18:43.813+0700] {manager.py:499} INFO - Created Permission View: %s
[2023-12-02T13:18:43.813+0700] {logging_mixin.py:154} INFO - [2023-12-02T13:18:43.813+0700] {dag.py:2941} INFO - Sync 1 DAGs
[2023-12-02T13:18:43.818+0700] {logging_mixin.py:154} INFO - [2023-12-02T13:18:43.818+0700] {dag.py:2963} INFO - Creating ORM DAG for tutorial_dag
[2023-12-02T13:18:43.818+0700] {logging_mixin.py:154} INFO - [2023-12-02T13:18:43.818+0700] {dag.py:3722} INFO - Setting next_dagrun for tutorial_dag to None, run_after=None
[2023-12-02T13:18:43.827+0700] {processor.py:179} INFO - Processing /home/phuc/Practice/DataScience/DSProject/venv/lib/python3.10/site-packages/airflow/example_dags/tutorial_dag.py took 0.084 seconds
[2023-12-02T13:19:36.992+0700] {processor.py:157} INFO - Started process (PID=81283) to work on /home/phuc/Practice/DataScience/DSProject/venv/lib/python3.10/site-packages/airflow/example_dags/tutorial_dag.py
[2023-12-02T13:19:36.999+0700] {processor.py:829} INFO - Processing file /home/phuc/Practice/DataScience/DSProject/venv/lib/python3.10/site-packages/airflow/example_dags/tutorial_dag.py for tasks to queue
[2023-12-02T13:19:37.001+0700] {logging_mixin.py:154} INFO - [2023-12-02T13:19:37.000+0700] {dagbag.py:536} INFO - Filling up the DagBag from /home/phuc/Practice/DataScience/DSProject/venv/lib/python3.10/site-packages/airflow/example_dags/tutorial_dag.py
[2023-12-02T13:19:37.008+0700] {processor.py:839} INFO - DAG(s) dict_keys(['tutorial_dag']) retrieved from /home/phuc/Practice/DataScience/DSProject/venv/lib/python3.10/site-packages/airflow/example_dags/tutorial_dag.py
[2023-12-02T13:19:37.034+0700] {logging_mixin.py:154} INFO - [2023-12-02T13:19:37.034+0700] {dag.py:2941} INFO - Sync 1 DAGs
[2023-12-02T13:19:37.052+0700] {logging_mixin.py:154} INFO - [2023-12-02T13:19:37.052+0700] {dag.py:3722} INFO - Setting next_dagrun for tutorial_dag to None, run_after=None
[2023-12-02T13:19:37.080+0700] {processor.py:179} INFO - Processing /home/phuc/Practice/DataScience/DSProject/venv/lib/python3.10/site-packages/airflow/example_dags/tutorial_dag.py took 0.095 seconds
[2023-12-02T13:20:22.230+0700] {processor.py:157} INFO - Started process (PID=81558) to work on /home/phuc/Practice/DataScience/DSProject/venv/lib/python3.10/site-packages/airflow/example_dags/tutorial_dag.py
[2023-12-02T13:20:22.237+0700] {processor.py:829} INFO - Processing file /home/phuc/Practice/DataScience/DSProject/venv/lib/python3.10/site-packages/airflow/example_dags/tutorial_dag.py for tasks to queue
[2023-12-02T13:20:22.237+0700] {logging_mixin.py:154} INFO - [2023-12-02T13:20:22.237+0700] {dagbag.py:536} INFO - Filling up the DagBag from /home/phuc/Practice/DataScience/DSProject/venv/lib/python3.10/site-packages/airflow/example_dags/tutorial_dag.py
[2023-12-02T13:20:22.240+0700] {processor.py:839} INFO - DAG(s) dict_keys(['tutorial_dag']) retrieved from /home/phuc/Practice/DataScience/DSProject/venv/lib/python3.10/site-packages/airflow/example_dags/tutorial_dag.py
[2023-12-02T13:20:22.249+0700] {logging_mixin.py:154} INFO - [2023-12-02T13:20:22.248+0700] {dag.py:2941} INFO - Sync 1 DAGs
[2023-12-02T13:20:22.254+0700] {logging_mixin.py:154} INFO - [2023-12-02T13:20:22.254+0700] {dag.py:3722} INFO - Setting next_dagrun for tutorial_dag to None, run_after=None
[2023-12-02T13:20:22.264+0700] {processor.py:179} INFO - Processing /home/phuc/Practice/DataScience/DSProject/venv/lib/python3.10/site-packages/airflow/example_dags/tutorial_dag.py took 0.036 seconds
[2023-12-02T13:21:13.890+0700] {processor.py:157} INFO - Started process (PID=81847) to work on /home/phuc/Practice/DataScience/DSProject/venv/lib/python3.10/site-packages/airflow/example_dags/tutorial_dag.py
[2023-12-02T13:21:13.891+0700] {processor.py:829} INFO - Processing file /home/phuc/Practice/DataScience/DSProject/venv/lib/python3.10/site-packages/airflow/example_dags/tutorial_dag.py for tasks to queue
[2023-12-02T13:21:13.892+0700] {logging_mixin.py:154} INFO - [2023-12-02T13:21:13.891+0700] {dagbag.py:536} INFO - Filling up the DagBag from /home/phuc/Practice/DataScience/DSProject/venv/lib/python3.10/site-packages/airflow/example_dags/tutorial_dag.py
[2023-12-02T13:21:13.895+0700] {processor.py:839} INFO - DAG(s) dict_keys(['tutorial_dag']) retrieved from /home/phuc/Practice/DataScience/DSProject/venv/lib/python3.10/site-packages/airflow/example_dags/tutorial_dag.py
[2023-12-02T13:21:13.907+0700] {logging_mixin.py:154} INFO - [2023-12-02T13:21:13.907+0700] {dag.py:2941} INFO - Sync 1 DAGs
[2023-12-02T13:21:13.915+0700] {logging_mixin.py:154} INFO - [2023-12-02T13:21:13.914+0700] {dag.py:3722} INFO - Setting next_dagrun for tutorial_dag to None, run_after=None
[2023-12-02T13:21:13.927+0700] {processor.py:179} INFO - Processing /home/phuc/Practice/DataScience/DSProject/venv/lib/python3.10/site-packages/airflow/example_dags/tutorial_dag.py took 0.039 seconds
[2023-12-02T13:22:01.560+0700] {processor.py:157} INFO - Started process (PID=82184) to work on /home/phuc/Practice/DataScience/DSProject/venv/lib/python3.10/site-packages/airflow/example_dags/tutorial_dag.py
[2023-12-02T13:22:01.567+0700] {processor.py:829} INFO - Processing file /home/phuc/Practice/DataScience/DSProject/venv/lib/python3.10/site-packages/airflow/example_dags/tutorial_dag.py for tasks to queue
[2023-12-02T13:22:01.568+0700] {logging_mixin.py:154} INFO - [2023-12-02T13:22:01.568+0700] {dagbag.py:536} INFO - Filling up the DagBag from /home/phuc/Practice/DataScience/DSProject/venv/lib/python3.10/site-packages/airflow/example_dags/tutorial_dag.py
[2023-12-02T13:22:01.572+0700] {processor.py:839} INFO - DAG(s) dict_keys(['tutorial_dag']) retrieved from /home/phuc/Practice/DataScience/DSProject/venv/lib/python3.10/site-packages/airflow/example_dags/tutorial_dag.py
[2023-12-02T13:22:01.586+0700] {logging_mixin.py:154} INFO - [2023-12-02T13:22:01.586+0700] {dag.py:2941} INFO - Sync 1 DAGs
[2023-12-02T13:22:01.596+0700] {logging_mixin.py:154} INFO - [2023-12-02T13:22:01.596+0700] {dag.py:3722} INFO - Setting next_dagrun for tutorial_dag to None, run_after=None
[2023-12-02T13:22:01.612+0700] {processor.py:179} INFO - Processing /home/phuc/Practice/DataScience/DSProject/venv/lib/python3.10/site-packages/airflow/example_dags/tutorial_dag.py took 0.054 seconds
[2023-12-02T13:22:47.192+0700] {processor.py:157} INFO - Started process (PID=82523) to work on /home/phuc/Practice/DataScience/DSProject/venv/lib/python3.10/site-packages/airflow/example_dags/tutorial_dag.py
[2023-12-02T13:22:47.199+0700] {processor.py:829} INFO - Processing file /home/phuc/Practice/DataScience/DSProject/venv/lib/python3.10/site-packages/airflow/example_dags/tutorial_dag.py for tasks to queue
[2023-12-02T13:22:47.201+0700] {logging_mixin.py:154} INFO - [2023-12-02T13:22:47.200+0700] {dagbag.py:536} INFO - Filling up the DagBag from /home/phuc/Practice/DataScience/DSProject/venv/lib/python3.10/site-packages/airflow/example_dags/tutorial_dag.py
[2023-12-02T13:22:47.209+0700] {processor.py:839} INFO - DAG(s) dict_keys(['tutorial_dag']) retrieved from /home/phuc/Practice/DataScience/DSProject/venv/lib/python3.10/site-packages/airflow/example_dags/tutorial_dag.py
[2023-12-02T13:22:47.222+0700] {logging_mixin.py:154} INFO - [2023-12-02T13:22:47.222+0700] {dag.py:2941} INFO - Sync 1 DAGs
[2023-12-02T13:22:47.229+0700] {logging_mixin.py:154} INFO - [2023-12-02T13:22:47.229+0700] {dag.py:3722} INFO - Setting next_dagrun for tutorial_dag to None, run_after=None
[2023-12-02T13:22:47.241+0700] {processor.py:179} INFO - Processing /home/phuc/Practice/DataScience/DSProject/venv/lib/python3.10/site-packages/airflow/example_dags/tutorial_dag.py took 0.052 seconds
[2023-12-02T13:23:30.983+0700] {processor.py:157} INFO - Started process (PID=82779) to work on /home/phuc/Practice/DataScience/DSProject/venv/lib/python3.10/site-packages/airflow/example_dags/tutorial_dag.py
[2023-12-02T13:23:30.991+0700] {processor.py:829} INFO - Processing file /home/phuc/Practice/DataScience/DSProject/venv/lib/python3.10/site-packages/airflow/example_dags/tutorial_dag.py for tasks to queue
[2023-12-02T13:23:30.992+0700] {logging_mixin.py:154} INFO - [2023-12-02T13:23:30.992+0700] {dagbag.py:536} INFO - Filling up the DagBag from /home/phuc/Practice/DataScience/DSProject/venv/lib/python3.10/site-packages/airflow/example_dags/tutorial_dag.py
[2023-12-02T13:23:30.998+0700] {processor.py:839} INFO - DAG(s) dict_keys(['tutorial_dag']) retrieved from /home/phuc/Practice/DataScience/DSProject/venv/lib/python3.10/site-packages/airflow/example_dags/tutorial_dag.py
[2023-12-02T13:23:31.017+0700] {logging_mixin.py:154} INFO - [2023-12-02T13:23:31.016+0700] {dag.py:2941} INFO - Sync 1 DAGs
[2023-12-02T13:23:31.030+0700] {logging_mixin.py:154} INFO - [2023-12-02T13:23:31.030+0700] {dag.py:3722} INFO - Setting next_dagrun for tutorial_dag to None, run_after=None
[2023-12-02T13:23:31.051+0700] {processor.py:179} INFO - Processing /home/phuc/Practice/DataScience/DSProject/venv/lib/python3.10/site-packages/airflow/example_dags/tutorial_dag.py took 0.073 seconds
[2023-12-02T13:24:20.573+0700] {processor.py:157} INFO - Started process (PID=83011) to work on /home/phuc/Practice/DataScience/DSProject/venv/lib/python3.10/site-packages/airflow/example_dags/tutorial_dag.py
[2023-12-02T13:24:20.574+0700] {processor.py:829} INFO - Processing file /home/phuc/Practice/DataScience/DSProject/venv/lib/python3.10/site-packages/airflow/example_dags/tutorial_dag.py for tasks to queue
[2023-12-02T13:24:20.575+0700] {logging_mixin.py:154} INFO - [2023-12-02T13:24:20.575+0700] {dagbag.py:536} INFO - Filling up the DagBag from /home/phuc/Practice/DataScience/DSProject/venv/lib/python3.10/site-packages/airflow/example_dags/tutorial_dag.py
[2023-12-02T13:24:20.579+0700] {processor.py:839} INFO - DAG(s) dict_keys(['tutorial_dag']) retrieved from /home/phuc/Practice/DataScience/DSProject/venv/lib/python3.10/site-packages/airflow/example_dags/tutorial_dag.py
[2023-12-02T13:24:20.591+0700] {logging_mixin.py:154} INFO - [2023-12-02T13:24:20.591+0700] {dag.py:2941} INFO - Sync 1 DAGs
[2023-12-02T13:24:20.599+0700] {logging_mixin.py:154} INFO - [2023-12-02T13:24:20.599+0700] {dag.py:3722} INFO - Setting next_dagrun for tutorial_dag to None, run_after=None
[2023-12-02T13:24:20.611+0700] {processor.py:179} INFO - Processing /home/phuc/Practice/DataScience/DSProject/venv/lib/python3.10/site-packages/airflow/example_dags/tutorial_dag.py took 0.041 seconds
[2023-12-02T13:25:07.331+0700] {processor.py:157} INFO - Started process (PID=83337) to work on /home/phuc/Practice/DataScience/DSProject/venv/lib/python3.10/site-packages/airflow/example_dags/tutorial_dag.py
[2023-12-02T13:25:07.338+0700] {processor.py:829} INFO - Processing file /home/phuc/Practice/DataScience/DSProject/venv/lib/python3.10/site-packages/airflow/example_dags/tutorial_dag.py for tasks to queue
[2023-12-02T13:25:07.339+0700] {logging_mixin.py:154} INFO - [2023-12-02T13:25:07.339+0700] {dagbag.py:536} INFO - Filling up the DagBag from /home/phuc/Practice/DataScience/DSProject/venv/lib/python3.10/site-packages/airflow/example_dags/tutorial_dag.py
[2023-12-02T13:25:07.346+0700] {processor.py:839} INFO - DAG(s) dict_keys(['tutorial_dag']) retrieved from /home/phuc/Practice/DataScience/DSProject/venv/lib/python3.10/site-packages/airflow/example_dags/tutorial_dag.py
[2023-12-02T13:25:07.359+0700] {logging_mixin.py:154} INFO - [2023-12-02T13:25:07.359+0700] {dag.py:2941} INFO - Sync 1 DAGs
[2023-12-02T13:25:07.366+0700] {logging_mixin.py:154} INFO - [2023-12-02T13:25:07.366+0700] {dag.py:3722} INFO - Setting next_dagrun for tutorial_dag to None, run_after=None
[2023-12-02T13:25:07.379+0700] {processor.py:179} INFO - Processing /home/phuc/Practice/DataScience/DSProject/venv/lib/python3.10/site-packages/airflow/example_dags/tutorial_dag.py took 0.052 seconds
[2023-12-02T13:25:57.702+0700] {processor.py:157} INFO - Started process (PID=83547) to work on /home/phuc/Practice/DataScience/DSProject/venv/lib/python3.10/site-packages/airflow/example_dags/tutorial_dag.py
[2023-12-02T13:25:57.710+0700] {processor.py:829} INFO - Processing file /home/phuc/Practice/DataScience/DSProject/venv/lib/python3.10/site-packages/airflow/example_dags/tutorial_dag.py for tasks to queue
[2023-12-02T13:25:57.711+0700] {logging_mixin.py:154} INFO - [2023-12-02T13:25:57.710+0700] {dagbag.py:536} INFO - Filling up the DagBag from /home/phuc/Practice/DataScience/DSProject/venv/lib/python3.10/site-packages/airflow/example_dags/tutorial_dag.py
[2023-12-02T13:25:57.715+0700] {processor.py:839} INFO - DAG(s) dict_keys(['tutorial_dag']) retrieved from /home/phuc/Practice/DataScience/DSProject/venv/lib/python3.10/site-packages/airflow/example_dags/tutorial_dag.py
[2023-12-02T13:25:57.730+0700] {logging_mixin.py:154} INFO - [2023-12-02T13:25:57.730+0700] {dag.py:2941} INFO - Sync 1 DAGs
[2023-12-02T13:25:57.741+0700] {logging_mixin.py:154} INFO - [2023-12-02T13:25:57.740+0700] {dag.py:3722} INFO - Setting next_dagrun for tutorial_dag to None, run_after=None
[2023-12-02T13:25:57.759+0700] {processor.py:179} INFO - Processing /home/phuc/Practice/DataScience/DSProject/venv/lib/python3.10/site-packages/airflow/example_dags/tutorial_dag.py took 0.060 seconds
[2023-12-02T13:26:44.742+0700] {processor.py:157} INFO - Started process (PID=83817) to work on /home/phuc/Practice/DataScience/DSProject/venv/lib/python3.10/site-packages/airflow/example_dags/tutorial_dag.py
[2023-12-02T13:26:44.743+0700] {processor.py:829} INFO - Processing file /home/phuc/Practice/DataScience/DSProject/venv/lib/python3.10/site-packages/airflow/example_dags/tutorial_dag.py for tasks to queue
[2023-12-02T13:26:44.744+0700] {logging_mixin.py:154} INFO - [2023-12-02T13:26:44.743+0700] {dagbag.py:536} INFO - Filling up the DagBag from /home/phuc/Practice/DataScience/DSProject/venv/lib/python3.10/site-packages/airflow/example_dags/tutorial_dag.py
[2023-12-02T13:26:44.748+0700] {processor.py:839} INFO - DAG(s) dict_keys(['tutorial_dag']) retrieved from /home/phuc/Practice/DataScience/DSProject/venv/lib/python3.10/site-packages/airflow/example_dags/tutorial_dag.py
[2023-12-02T13:26:44.823+0700] {logging_mixin.py:154} INFO - [2023-12-02T13:26:44.822+0700] {manager.py:499} INFO - Created Permission View: %s
[2023-12-02T13:26:44.833+0700] {logging_mixin.py:154} INFO - [2023-12-02T13:26:44.833+0700] {manager.py:499} INFO - Created Permission View: %s
[2023-12-02T13:26:44.839+0700] {logging_mixin.py:154} INFO - [2023-12-02T13:26:44.838+0700] {manager.py:499} INFO - Created Permission View: %s
[2023-12-02T13:26:44.839+0700] {logging_mixin.py:154} INFO - [2023-12-02T13:26:44.839+0700] {dag.py:2941} INFO - Sync 1 DAGs
[2023-12-02T13:26:44.848+0700] {logging_mixin.py:154} INFO - [2023-12-02T13:26:44.848+0700] {dag.py:2963} INFO - Creating ORM DAG for tutorial_dag
[2023-12-02T13:26:44.848+0700] {logging_mixin.py:154} INFO - [2023-12-02T13:26:44.848+0700] {dag.py:3722} INFO - Setting next_dagrun for tutorial_dag to None, run_after=None
[2023-12-02T13:26:44.863+0700] {processor.py:179} INFO - Processing /home/phuc/Practice/DataScience/DSProject/venv/lib/python3.10/site-packages/airflow/example_dags/tutorial_dag.py took 0.123 seconds
