[2023-12-02T13:18:32.129+0700] {processor.py:157} INFO - Started process (PID=80939) to work on /home/phuc/Practice/DataScience/DSProject/venv/lib/python3.10/site-packages/airflow/example_dags/tutorial.py
[2023-12-02T13:18:32.130+0700] {processor.py:829} INFO - Processing file /home/phuc/Practice/DataScience/DSProject/venv/lib/python3.10/site-packages/airflow/example_dags/tutorial.py for tasks to queue
[2023-12-02T13:18:32.130+0700] {logging_mixin.py:154} INFO - [2023-12-02T13:18:32.130+0700] {dagbag.py:536} INFO - Filling up the DagBag from /home/phuc/Practice/DataScience/DSProject/venv/lib/python3.10/site-packages/airflow/example_dags/tutorial.py
[2023-12-02T13:18:32.134+0700] {processor.py:839} INFO - DAG(s) dict_keys(['tutorial']) retrieved from /home/phuc/Practice/DataScience/DSProject/venv/lib/python3.10/site-packages/airflow/example_dags/tutorial.py
[2023-12-02T13:18:32.188+0700] {logging_mixin.py:154} INFO - [2023-12-02T13:18:32.188+0700] {manager.py:499} INFO - Created Permission View: %s
[2023-12-02T13:18:32.193+0700] {logging_mixin.py:154} INFO - [2023-12-02T13:18:32.193+0700] {manager.py:499} INFO - Created Permission View: %s
[2023-12-02T13:18:32.197+0700] {logging_mixin.py:154} INFO - [2023-12-02T13:18:32.197+0700] {manager.py:499} INFO - Created Permission View: %s
[2023-12-02T13:18:32.197+0700] {logging_mixin.py:154} INFO - [2023-12-02T13:18:32.197+0700] {dag.py:2941} INFO - Sync 1 DAGs
[2023-12-02T13:18:32.203+0700] {logging_mixin.py:154} INFO - [2023-12-02T13:18:32.203+0700] {dag.py:2963} INFO - Creating ORM DAG for tutorial
[2023-12-02T13:18:32.207+0700] {logging_mixin.py:154} INFO - [2023-12-02T13:18:32.207+0700] {dag.py:3722} INFO - Setting next_dagrun for tutorial to 2023-12-01T06:18:32.207415+00:00, run_after=2023-12-02T06:18:32.207415+00:00
[2023-12-02T13:18:32.216+0700] {processor.py:179} INFO - Processing /home/phuc/Practice/DataScience/DSProject/venv/lib/python3.10/site-packages/airflow/example_dags/tutorial.py took 0.089 seconds
[2023-12-02T13:19:18.606+0700] {processor.py:157} INFO - Started process (PID=81144) to work on /home/phuc/Practice/DataScience/DSProject/venv/lib/python3.10/site-packages/airflow/example_dags/tutorial.py
[2023-12-02T13:19:18.613+0700] {processor.py:829} INFO - Processing file /home/phuc/Practice/DataScience/DSProject/venv/lib/python3.10/site-packages/airflow/example_dags/tutorial.py for tasks to queue
[2023-12-02T13:19:18.614+0700] {logging_mixin.py:154} INFO - [2023-12-02T13:19:18.613+0700] {dagbag.py:536} INFO - Filling up the DagBag from /home/phuc/Practice/DataScience/DSProject/venv/lib/python3.10/site-packages/airflow/example_dags/tutorial.py
[2023-12-02T13:19:18.618+0700] {processor.py:839} INFO - DAG(s) dict_keys(['tutorial']) retrieved from /home/phuc/Practice/DataScience/DSProject/venv/lib/python3.10/site-packages/airflow/example_dags/tutorial.py
[2023-12-02T13:19:18.628+0700] {logging_mixin.py:154} INFO - [2023-12-02T13:19:18.628+0700] {dag.py:2941} INFO - Sync 1 DAGs
[2023-12-02T13:19:18.639+0700] {logging_mixin.py:154} INFO - [2023-12-02T13:19:18.639+0700] {dag.py:3722} INFO - Setting next_dagrun for tutorial to 2023-12-01T06:19:18.639411+00:00, run_after=2023-12-02T06:19:18.639411+00:00
[2023-12-02T13:19:18.650+0700] {processor.py:179} INFO - Processing /home/phuc/Practice/DataScience/DSProject/venv/lib/python3.10/site-packages/airflow/example_dags/tutorial.py took 0.046 seconds
[2023-12-02T13:20:07.590+0700] {processor.py:157} INFO - Started process (PID=81453) to work on /home/phuc/Practice/DataScience/DSProject/venv/lib/python3.10/site-packages/airflow/example_dags/tutorial.py
[2023-12-02T13:20:07.597+0700] {processor.py:829} INFO - Processing file /home/phuc/Practice/DataScience/DSProject/venv/lib/python3.10/site-packages/airflow/example_dags/tutorial.py for tasks to queue
[2023-12-02T13:20:07.597+0700] {logging_mixin.py:154} INFO - [2023-12-02T13:20:07.597+0700] {dagbag.py:536} INFO - Filling up the DagBag from /home/phuc/Practice/DataScience/DSProject/venv/lib/python3.10/site-packages/airflow/example_dags/tutorial.py
[2023-12-02T13:20:07.601+0700] {processor.py:839} INFO - DAG(s) dict_keys(['tutorial']) retrieved from /home/phuc/Practice/DataScience/DSProject/venv/lib/python3.10/site-packages/airflow/example_dags/tutorial.py
[2023-12-02T13:20:07.610+0700] {logging_mixin.py:154} INFO - [2023-12-02T13:20:07.609+0700] {dag.py:2941} INFO - Sync 1 DAGs
[2023-12-02T13:20:07.620+0700] {logging_mixin.py:154} INFO - [2023-12-02T13:20:07.620+0700] {dag.py:3722} INFO - Setting next_dagrun for tutorial to 2023-12-01T06:20:07.620113+00:00, run_after=2023-12-02T06:20:07.620113+00:00
[2023-12-02T13:20:07.630+0700] {processor.py:179} INFO - Processing /home/phuc/Practice/DataScience/DSProject/venv/lib/python3.10/site-packages/airflow/example_dags/tutorial.py took 0.042 seconds
[2023-12-02T13:20:57.593+0700] {processor.py:157} INFO - Started process (PID=81752) to work on /home/phuc/Practice/DataScience/DSProject/venv/lib/python3.10/site-packages/airflow/example_dags/tutorial.py
[2023-12-02T13:20:57.601+0700] {processor.py:829} INFO - Processing file /home/phuc/Practice/DataScience/DSProject/venv/lib/python3.10/site-packages/airflow/example_dags/tutorial.py for tasks to queue
[2023-12-02T13:20:57.602+0700] {logging_mixin.py:154} INFO - [2023-12-02T13:20:57.601+0700] {dagbag.py:536} INFO - Filling up the DagBag from /home/phuc/Practice/DataScience/DSProject/venv/lib/python3.10/site-packages/airflow/example_dags/tutorial.py
[2023-12-02T13:20:57.612+0700] {processor.py:839} INFO - DAG(s) dict_keys(['tutorial']) retrieved from /home/phuc/Practice/DataScience/DSProject/venv/lib/python3.10/site-packages/airflow/example_dags/tutorial.py
[2023-12-02T13:20:57.630+0700] {logging_mixin.py:154} INFO - [2023-12-02T13:20:57.630+0700] {dag.py:2941} INFO - Sync 1 DAGs
[2023-12-02T13:20:57.652+0700] {logging_mixin.py:154} INFO - [2023-12-02T13:20:57.652+0700] {dag.py:3722} INFO - Setting next_dagrun for tutorial to 2023-12-01T06:20:57.652037+00:00, run_after=2023-12-02T06:20:57.652037+00:00
[2023-12-02T13:20:57.676+0700] {processor.py:179} INFO - Processing /home/phuc/Practice/DataScience/DSProject/venv/lib/python3.10/site-packages/airflow/example_dags/tutorial.py took 0.089 seconds
[2023-12-02T13:21:46.685+0700] {processor.py:157} INFO - Started process (PID=82086) to work on /home/phuc/Practice/DataScience/DSProject/venv/lib/python3.10/site-packages/airflow/example_dags/tutorial.py
[2023-12-02T13:21:46.692+0700] {processor.py:829} INFO - Processing file /home/phuc/Practice/DataScience/DSProject/venv/lib/python3.10/site-packages/airflow/example_dags/tutorial.py for tasks to queue
[2023-12-02T13:21:46.693+0700] {logging_mixin.py:154} INFO - [2023-12-02T13:21:46.693+0700] {dagbag.py:536} INFO - Filling up the DagBag from /home/phuc/Practice/DataScience/DSProject/venv/lib/python3.10/site-packages/airflow/example_dags/tutorial.py
[2023-12-02T13:21:46.703+0700] {processor.py:839} INFO - DAG(s) dict_keys(['tutorial']) retrieved from /home/phuc/Practice/DataScience/DSProject/venv/lib/python3.10/site-packages/airflow/example_dags/tutorial.py
[2023-12-02T13:21:46.714+0700] {logging_mixin.py:154} INFO - [2023-12-02T13:21:46.713+0700] {dag.py:2941} INFO - Sync 1 DAGs
[2023-12-02T13:21:46.724+0700] {logging_mixin.py:154} INFO - [2023-12-02T13:21:46.724+0700] {dag.py:3722} INFO - Setting next_dagrun for tutorial to 2023-12-01T06:21:46.724669+00:00, run_after=2023-12-02T06:21:46.724669+00:00
[2023-12-02T13:21:46.736+0700] {processor.py:179} INFO - Processing /home/phuc/Practice/DataScience/DSProject/venv/lib/python3.10/site-packages/airflow/example_dags/tutorial.py took 0.056 seconds
[2023-12-02T13:22:32.992+0700] {processor.py:157} INFO - Started process (PID=82434) to work on /home/phuc/Practice/DataScience/DSProject/venv/lib/python3.10/site-packages/airflow/example_dags/tutorial.py
[2023-12-02T13:22:32.999+0700] {processor.py:829} INFO - Processing file /home/phuc/Practice/DataScience/DSProject/venv/lib/python3.10/site-packages/airflow/example_dags/tutorial.py for tasks to queue
[2023-12-02T13:22:32.999+0700] {logging_mixin.py:154} INFO - [2023-12-02T13:22:32.999+0700] {dagbag.py:536} INFO - Filling up the DagBag from /home/phuc/Practice/DataScience/DSProject/venv/lib/python3.10/site-packages/airflow/example_dags/tutorial.py
[2023-12-02T13:22:33.006+0700] {processor.py:839} INFO - DAG(s) dict_keys(['tutorial']) retrieved from /home/phuc/Practice/DataScience/DSProject/venv/lib/python3.10/site-packages/airflow/example_dags/tutorial.py
[2023-12-02T13:22:33.019+0700] {logging_mixin.py:154} INFO - [2023-12-02T13:22:33.019+0700] {dag.py:2941} INFO - Sync 1 DAGs
[2023-12-02T13:22:33.032+0700] {logging_mixin.py:154} INFO - [2023-12-02T13:22:33.032+0700] {dag.py:3722} INFO - Setting next_dagrun for tutorial to 2023-12-01T06:22:33.032496+00:00, run_after=2023-12-02T06:22:33.032496+00:00
[2023-12-02T13:22:33.051+0700] {processor.py:179} INFO - Processing /home/phuc/Practice/DataScience/DSProject/venv/lib/python3.10/site-packages/airflow/example_dags/tutorial.py took 0.062 seconds
[2023-12-02T13:23:17.722+0700] {processor.py:157} INFO - Started process (PID=82712) to work on /home/phuc/Practice/DataScience/DSProject/venv/lib/python3.10/site-packages/airflow/example_dags/tutorial.py
[2023-12-02T13:23:17.729+0700] {processor.py:829} INFO - Processing file /home/phuc/Practice/DataScience/DSProject/venv/lib/python3.10/site-packages/airflow/example_dags/tutorial.py for tasks to queue
[2023-12-02T13:23:17.730+0700] {logging_mixin.py:154} INFO - [2023-12-02T13:23:17.729+0700] {dagbag.py:536} INFO - Filling up the DagBag from /home/phuc/Practice/DataScience/DSProject/venv/lib/python3.10/site-packages/airflow/example_dags/tutorial.py
[2023-12-02T13:23:17.735+0700] {processor.py:839} INFO - DAG(s) dict_keys(['tutorial']) retrieved from /home/phuc/Practice/DataScience/DSProject/venv/lib/python3.10/site-packages/airflow/example_dags/tutorial.py
[2023-12-02T13:23:17.747+0700] {logging_mixin.py:154} INFO - [2023-12-02T13:23:17.747+0700] {dag.py:2941} INFO - Sync 1 DAGs
[2023-12-02T13:23:17.765+0700] {logging_mixin.py:154} INFO - [2023-12-02T13:23:17.765+0700] {dag.py:3722} INFO - Setting next_dagrun for tutorial to 2023-12-01T06:23:17.765100+00:00, run_after=2023-12-02T06:23:17.765100+00:00
[2023-12-02T13:23:17.781+0700] {processor.py:179} INFO - Processing /home/phuc/Practice/DataScience/DSProject/venv/lib/python3.10/site-packages/airflow/example_dags/tutorial.py took 0.061 seconds
[2023-12-02T13:24:03.001+0700] {processor.py:157} INFO - Started process (PID=82923) to work on /home/phuc/Practice/DataScience/DSProject/venv/lib/python3.10/site-packages/airflow/example_dags/tutorial.py
[2023-12-02T13:24:03.002+0700] {processor.py:829} INFO - Processing file /home/phuc/Practice/DataScience/DSProject/venv/lib/python3.10/site-packages/airflow/example_dags/tutorial.py for tasks to queue
[2023-12-02T13:24:03.002+0700] {logging_mixin.py:154} INFO - [2023-12-02T13:24:03.002+0700] {dagbag.py:536} INFO - Filling up the DagBag from /home/phuc/Practice/DataScience/DSProject/venv/lib/python3.10/site-packages/airflow/example_dags/tutorial.py
[2023-12-02T13:24:03.009+0700] {processor.py:839} INFO - DAG(s) dict_keys(['tutorial']) retrieved from /home/phuc/Practice/DataScience/DSProject/venv/lib/python3.10/site-packages/airflow/example_dags/tutorial.py
[2023-12-02T13:24:03.021+0700] {logging_mixin.py:154} INFO - [2023-12-02T13:24:03.021+0700] {dag.py:2941} INFO - Sync 1 DAGs
[2023-12-02T13:24:03.039+0700] {logging_mixin.py:154} INFO - [2023-12-02T13:24:03.038+0700] {dag.py:3722} INFO - Setting next_dagrun for tutorial to 2023-12-01T06:24:03.038770+00:00, run_after=2023-12-02T06:24:03.038770+00:00
[2023-12-02T13:24:03.053+0700] {processor.py:179} INFO - Processing /home/phuc/Practice/DataScience/DSProject/venv/lib/python3.10/site-packages/airflow/example_dags/tutorial.py took 0.054 seconds
[2023-12-02T13:24:46.734+0700] {processor.py:157} INFO - Started process (PID=83167) to work on /home/phuc/Practice/DataScience/DSProject/venv/lib/python3.10/site-packages/airflow/example_dags/tutorial.py
[2023-12-02T13:24:46.735+0700] {processor.py:829} INFO - Processing file /home/phuc/Practice/DataScience/DSProject/venv/lib/python3.10/site-packages/airflow/example_dags/tutorial.py for tasks to queue
[2023-12-02T13:24:46.736+0700] {logging_mixin.py:154} INFO - [2023-12-02T13:24:46.736+0700] {dagbag.py:536} INFO - Filling up the DagBag from /home/phuc/Practice/DataScience/DSProject/venv/lib/python3.10/site-packages/airflow/example_dags/tutorial.py
[2023-12-02T13:24:46.746+0700] {processor.py:839} INFO - DAG(s) dict_keys(['tutorial']) retrieved from /home/phuc/Practice/DataScience/DSProject/venv/lib/python3.10/site-packages/airflow/example_dags/tutorial.py
[2023-12-02T13:24:46.763+0700] {logging_mixin.py:154} INFO - [2023-12-02T13:24:46.763+0700] {dag.py:2941} INFO - Sync 1 DAGs
[2023-12-02T13:24:46.786+0700] {logging_mixin.py:154} INFO - [2023-12-02T13:24:46.786+0700] {dag.py:3722} INFO - Setting next_dagrun for tutorial to 2023-12-01T06:24:46.786308+00:00, run_after=2023-12-02T06:24:46.786308+00:00
[2023-12-02T13:24:46.808+0700] {processor.py:179} INFO - Processing /home/phuc/Practice/DataScience/DSProject/venv/lib/python3.10/site-packages/airflow/example_dags/tutorial.py took 0.078 seconds
[2023-12-02T13:25:34.216+0700] {processor.py:157} INFO - Started process (PID=83456) to work on /home/phuc/Practice/DataScience/DSProject/venv/lib/python3.10/site-packages/airflow/example_dags/tutorial.py
[2023-12-02T13:25:34.224+0700] {processor.py:829} INFO - Processing file /home/phuc/Practice/DataScience/DSProject/venv/lib/python3.10/site-packages/airflow/example_dags/tutorial.py for tasks to queue
[2023-12-02T13:25:34.225+0700] {logging_mixin.py:154} INFO - [2023-12-02T13:25:34.224+0700] {dagbag.py:536} INFO - Filling up the DagBag from /home/phuc/Practice/DataScience/DSProject/venv/lib/python3.10/site-packages/airflow/example_dags/tutorial.py
[2023-12-02T13:25:34.233+0700] {processor.py:839} INFO - DAG(s) dict_keys(['tutorial']) retrieved from /home/phuc/Practice/DataScience/DSProject/venv/lib/python3.10/site-packages/airflow/example_dags/tutorial.py
[2023-12-02T13:25:34.245+0700] {logging_mixin.py:154} INFO - [2023-12-02T13:25:34.245+0700] {dag.py:2941} INFO - Sync 1 DAGs
[2023-12-02T13:25:34.263+0700] {logging_mixin.py:154} INFO - [2023-12-02T13:25:34.263+0700] {dag.py:3722} INFO - Setting next_dagrun for tutorial to 2023-12-01T06:25:34.263212+00:00, run_after=2023-12-02T06:25:34.263212+00:00
[2023-12-02T13:25:34.281+0700] {processor.py:179} INFO - Processing /home/phuc/Practice/DataScience/DSProject/venv/lib/python3.10/site-packages/airflow/example_dags/tutorial.py took 0.069 seconds
[2023-12-02T13:26:16.718+0700] {processor.py:157} INFO - Started process (PID=83634) to work on /home/phuc/Practice/DataScience/DSProject/venv/lib/python3.10/site-packages/airflow/example_dags/tutorial.py
[2023-12-02T13:26:16.725+0700] {processor.py:829} INFO - Processing file /home/phuc/Practice/DataScience/DSProject/venv/lib/python3.10/site-packages/airflow/example_dags/tutorial.py for tasks to queue
[2023-12-02T13:26:16.726+0700] {logging_mixin.py:154} INFO - [2023-12-02T13:26:16.726+0700] {dagbag.py:536} INFO - Filling up the DagBag from /home/phuc/Practice/DataScience/DSProject/venv/lib/python3.10/site-packages/airflow/example_dags/tutorial.py
[2023-12-02T13:26:16.732+0700] {processor.py:839} INFO - DAG(s) dict_keys(['tutorial']) retrieved from /home/phuc/Practice/DataScience/DSProject/venv/lib/python3.10/site-packages/airflow/example_dags/tutorial.py
[2023-12-02T13:26:16.745+0700] {logging_mixin.py:154} INFO - [2023-12-02T13:26:16.745+0700] {dag.py:2941} INFO - Sync 1 DAGs
[2023-12-02T13:26:16.763+0700] {logging_mixin.py:154} INFO - [2023-12-02T13:26:16.763+0700] {dag.py:3722} INFO - Setting next_dagrun for tutorial to 2023-12-01T06:26:16.763188+00:00, run_after=2023-12-02T06:26:16.763188+00:00
[2023-12-02T13:26:16.781+0700] {processor.py:179} INFO - Processing /home/phuc/Practice/DataScience/DSProject/venv/lib/python3.10/site-packages/airflow/example_dags/tutorial.py took 0.065 seconds
