[2023-12-02T13:18:51.139+0700] {processor.py:157} INFO - Started process (PID=81008) to work on /home/phuc/Practice/DataScience/DSProject/venv/lib/python3.10/site-packages/airflow/example_dags/tutorial_taskflow_api.py
[2023-12-02T13:18:51.139+0700] {processor.py:829} INFO - Processing file /home/phuc/Practice/DataScience/DSProject/venv/lib/python3.10/site-packages/airflow/example_dags/tutorial_taskflow_api.py for tasks to queue
[2023-12-02T13:18:51.140+0700] {logging_mixin.py:154} INFO - [2023-12-02T13:18:51.140+0700] {dagbag.py:536} INFO - Filling up the DagBag from /home/phuc/Practice/DataScience/DSProject/venv/lib/python3.10/site-packages/airflow/example_dags/tutorial_taskflow_api.py
[2023-12-02T13:18:51.143+0700] {processor.py:839} INFO - DAG(s) dict_keys(['tutorial_taskflow_api']) retrieved from /home/phuc/Practice/DataScience/DSProject/venv/lib/python3.10/site-packages/airflow/example_dags/tutorial_taskflow_api.py
[2023-12-02T13:18:51.201+0700] {logging_mixin.py:154} INFO - [2023-12-02T13:18:51.200+0700] {manager.py:499} INFO - Created Permission View: %s
[2023-12-02T13:18:51.206+0700] {logging_mixin.py:154} INFO - [2023-12-02T13:18:51.206+0700] {manager.py:499} INFO - Created Permission View: %s
[2023-12-02T13:18:51.210+0700] {logging_mixin.py:154} INFO - [2023-12-02T13:18:51.209+0700] {manager.py:499} INFO - Created Permission View: %s
[2023-12-02T13:18:51.210+0700] {logging_mixin.py:154} INFO - [2023-12-02T13:18:51.210+0700] {dag.py:2941} INFO - Sync 1 DAGs
[2023-12-02T13:18:51.215+0700] {logging_mixin.py:154} INFO - [2023-12-02T13:18:51.214+0700] {dag.py:2963} INFO - Creating ORM DAG for tutorial_taskflow_api
[2023-12-02T13:18:51.215+0700] {logging_mixin.py:154} INFO - [2023-12-02T13:18:51.215+0700] {dag.py:3722} INFO - Setting next_dagrun for tutorial_taskflow_api to None, run_after=None
[2023-12-02T13:18:51.224+0700] {processor.py:179} INFO - Processing /home/phuc/Practice/DataScience/DSProject/venv/lib/python3.10/site-packages/airflow/example_dags/tutorial_taskflow_api.py took 0.089 seconds
[2023-12-02T13:19:43.617+0700] {processor.py:157} INFO - Started process (PID=81337) to work on /home/phuc/Practice/DataScience/DSProject/venv/lib/python3.10/site-packages/airflow/example_dags/tutorial_taskflow_api.py
[2023-12-02T13:19:43.618+0700] {processor.py:829} INFO - Processing file /home/phuc/Practice/DataScience/DSProject/venv/lib/python3.10/site-packages/airflow/example_dags/tutorial_taskflow_api.py for tasks to queue
[2023-12-02T13:19:43.619+0700] {logging_mixin.py:154} INFO - [2023-12-02T13:19:43.619+0700] {dagbag.py:536} INFO - Filling up the DagBag from /home/phuc/Practice/DataScience/DSProject/venv/lib/python3.10/site-packages/airflow/example_dags/tutorial_taskflow_api.py
[2023-12-02T13:19:43.625+0700] {processor.py:839} INFO - DAG(s) dict_keys(['tutorial_taskflow_api']) retrieved from /home/phuc/Practice/DataScience/DSProject/venv/lib/python3.10/site-packages/airflow/example_dags/tutorial_taskflow_api.py
[2023-12-02T13:19:43.640+0700] {logging_mixin.py:154} INFO - [2023-12-02T13:19:43.640+0700] {dag.py:2941} INFO - Sync 1 DAGs
[2023-12-02T13:19:43.650+0700] {logging_mixin.py:154} INFO - [2023-12-02T13:19:43.650+0700] {dag.py:3722} INFO - Setting next_dagrun for tutorial_taskflow_api to None, run_after=None
[2023-12-02T13:19:43.667+0700] {processor.py:179} INFO - Processing /home/phuc/Practice/DataScience/DSProject/venv/lib/python3.10/site-packages/airflow/example_dags/tutorial_taskflow_api.py took 0.053 seconds
[2023-12-02T13:20:35.776+0700] {processor.py:157} INFO - Started process (PID=81661) to work on /home/phuc/Practice/DataScience/DSProject/venv/lib/python3.10/site-packages/airflow/example_dags/tutorial_taskflow_api.py
[2023-12-02T13:20:35.783+0700] {processor.py:829} INFO - Processing file /home/phuc/Practice/DataScience/DSProject/venv/lib/python3.10/site-packages/airflow/example_dags/tutorial_taskflow_api.py for tasks to queue
[2023-12-02T13:20:35.784+0700] {logging_mixin.py:154} INFO - [2023-12-02T13:20:35.784+0700] {dagbag.py:536} INFO - Filling up the DagBag from /home/phuc/Practice/DataScience/DSProject/venv/lib/python3.10/site-packages/airflow/example_dags/tutorial_taskflow_api.py
[2023-12-02T13:20:35.788+0700] {processor.py:839} INFO - DAG(s) dict_keys(['tutorial_taskflow_api']) retrieved from /home/phuc/Practice/DataScience/DSProject/venv/lib/python3.10/site-packages/airflow/example_dags/tutorial_taskflow_api.py
[2023-12-02T13:20:35.800+0700] {logging_mixin.py:154} INFO - [2023-12-02T13:20:35.800+0700] {dag.py:2941} INFO - Sync 1 DAGs
[2023-12-02T13:20:35.807+0700] {logging_mixin.py:154} INFO - [2023-12-02T13:20:35.807+0700] {dag.py:3722} INFO - Setting next_dagrun for tutorial_taskflow_api to None, run_after=None
[2023-12-02T13:20:35.821+0700] {processor.py:179} INFO - Processing /home/phuc/Practice/DataScience/DSProject/venv/lib/python3.10/site-packages/airflow/example_dags/tutorial_taskflow_api.py took 0.046 seconds
[2023-12-02T13:21:27.246+0700] {processor.py:157} INFO - Started process (PID=81912) to work on /home/phuc/Practice/DataScience/DSProject/venv/lib/python3.10/site-packages/airflow/example_dags/tutorial_taskflow_api.py
[2023-12-02T13:21:27.253+0700] {processor.py:829} INFO - Processing file /home/phuc/Practice/DataScience/DSProject/venv/lib/python3.10/site-packages/airflow/example_dags/tutorial_taskflow_api.py for tasks to queue
[2023-12-02T13:21:27.254+0700] {logging_mixin.py:154} INFO - [2023-12-02T13:21:27.254+0700] {dagbag.py:536} INFO - Filling up the DagBag from /home/phuc/Practice/DataScience/DSProject/venv/lib/python3.10/site-packages/airflow/example_dags/tutorial_taskflow_api.py
[2023-12-02T13:21:27.264+0700] {processor.py:839} INFO - DAG(s) dict_keys(['tutorial_taskflow_api']) retrieved from /home/phuc/Practice/DataScience/DSProject/venv/lib/python3.10/site-packages/airflow/example_dags/tutorial_taskflow_api.py
[2023-12-02T13:21:27.276+0700] {logging_mixin.py:154} INFO - [2023-12-02T13:21:27.276+0700] {dag.py:2941} INFO - Sync 1 DAGs
[2023-12-02T13:21:27.283+0700] {logging_mixin.py:154} INFO - [2023-12-02T13:21:27.282+0700] {dag.py:3722} INFO - Setting next_dagrun for tutorial_taskflow_api to None, run_after=None
[2023-12-02T13:21:27.294+0700] {processor.py:179} INFO - Processing /home/phuc/Practice/DataScience/DSProject/venv/lib/python3.10/site-packages/airflow/example_dags/tutorial_taskflow_api.py took 0.052 seconds
[2023-12-02T13:22:13.284+0700] {processor.py:157} INFO - Started process (PID=82312) to work on /home/phuc/Practice/DataScience/DSProject/venv/lib/python3.10/site-packages/airflow/example_dags/tutorial_taskflow_api.py
[2023-12-02T13:22:13.292+0700] {processor.py:829} INFO - Processing file /home/phuc/Practice/DataScience/DSProject/venv/lib/python3.10/site-packages/airflow/example_dags/tutorial_taskflow_api.py for tasks to queue
[2023-12-02T13:22:13.293+0700] {logging_mixin.py:154} INFO - [2023-12-02T13:22:13.292+0700] {dagbag.py:536} INFO - Filling up the DagBag from /home/phuc/Practice/DataScience/DSProject/venv/lib/python3.10/site-packages/airflow/example_dags/tutorial_taskflow_api.py
[2023-12-02T13:22:13.303+0700] {processor.py:839} INFO - DAG(s) dict_keys(['tutorial_taskflow_api']) retrieved from /home/phuc/Practice/DataScience/DSProject/venv/lib/python3.10/site-packages/airflow/example_dags/tutorial_taskflow_api.py
[2023-12-02T13:22:13.315+0700] {logging_mixin.py:154} INFO - [2023-12-02T13:22:13.315+0700] {dag.py:2941} INFO - Sync 1 DAGs
[2023-12-02T13:22:13.321+0700] {logging_mixin.py:154} INFO - [2023-12-02T13:22:13.321+0700] {dag.py:3722} INFO - Setting next_dagrun for tutorial_taskflow_api to None, run_after=None
[2023-12-02T13:22:13.333+0700] {processor.py:179} INFO - Processing /home/phuc/Practice/DataScience/DSProject/venv/lib/python3.10/site-packages/airflow/example_dags/tutorial_taskflow_api.py took 0.052 seconds
[2023-12-02T13:22:59.788+0700] {processor.py:157} INFO - Started process (PID=82637) to work on /home/phuc/Practice/DataScience/DSProject/venv/lib/python3.10/site-packages/airflow/example_dags/tutorial_taskflow_api.py
[2023-12-02T13:22:59.795+0700] {processor.py:829} INFO - Processing file /home/phuc/Practice/DataScience/DSProject/venv/lib/python3.10/site-packages/airflow/example_dags/tutorial_taskflow_api.py for tasks to queue
[2023-12-02T13:22:59.797+0700] {logging_mixin.py:154} INFO - [2023-12-02T13:22:59.796+0700] {dagbag.py:536} INFO - Filling up the DagBag from /home/phuc/Practice/DataScience/DSProject/venv/lib/python3.10/site-packages/airflow/example_dags/tutorial_taskflow_api.py
[2023-12-02T13:22:59.806+0700] {processor.py:839} INFO - DAG(s) dict_keys(['tutorial_taskflow_api']) retrieved from /home/phuc/Practice/DataScience/DSProject/venv/lib/python3.10/site-packages/airflow/example_dags/tutorial_taskflow_api.py
[2023-12-02T13:22:59.819+0700] {logging_mixin.py:154} INFO - [2023-12-02T13:22:59.819+0700] {dag.py:2941} INFO - Sync 1 DAGs
[2023-12-02T13:22:59.826+0700] {logging_mixin.py:154} INFO - [2023-12-02T13:22:59.826+0700] {dag.py:3722} INFO - Setting next_dagrun for tutorial_taskflow_api to None, run_after=None
[2023-12-02T13:22:59.838+0700] {processor.py:179} INFO - Processing /home/phuc/Practice/DataScience/DSProject/venv/lib/python3.10/site-packages/airflow/example_dags/tutorial_taskflow_api.py took 0.053 seconds
[2023-12-02T13:23:43.550+0700] {processor.py:157} INFO - Started process (PID=82828) to work on /home/phuc/Practice/DataScience/DSProject/venv/lib/python3.10/site-packages/airflow/example_dags/tutorial_taskflow_api.py
[2023-12-02T13:23:43.558+0700] {processor.py:829} INFO - Processing file /home/phuc/Practice/DataScience/DSProject/venv/lib/python3.10/site-packages/airflow/example_dags/tutorial_taskflow_api.py for tasks to queue
[2023-12-02T13:23:43.559+0700] {logging_mixin.py:154} INFO - [2023-12-02T13:23:43.558+0700] {dagbag.py:536} INFO - Filling up the DagBag from /home/phuc/Practice/DataScience/DSProject/venv/lib/python3.10/site-packages/airflow/example_dags/tutorial_taskflow_api.py
[2023-12-02T13:23:43.568+0700] {processor.py:839} INFO - DAG(s) dict_keys(['tutorial_taskflow_api']) retrieved from /home/phuc/Practice/DataScience/DSProject/venv/lib/python3.10/site-packages/airflow/example_dags/tutorial_taskflow_api.py
[2023-12-02T13:23:43.579+0700] {logging_mixin.py:154} INFO - [2023-12-02T13:23:43.579+0700] {dag.py:2941} INFO - Sync 1 DAGs
[2023-12-02T13:23:43.586+0700] {logging_mixin.py:154} INFO - [2023-12-02T13:23:43.586+0700] {dag.py:3722} INFO - Setting next_dagrun for tutorial_taskflow_api to None, run_after=None
[2023-12-02T13:23:43.599+0700] {processor.py:179} INFO - Processing /home/phuc/Practice/DataScience/DSProject/venv/lib/python3.10/site-packages/airflow/example_dags/tutorial_taskflow_api.py took 0.053 seconds
[2023-12-02T13:24:38.854+0700] {processor.py:157} INFO - Started process (PID=83082) to work on /home/phuc/Practice/DataScience/DSProject/venv/lib/python3.10/site-packages/airflow/example_dags/tutorial_taskflow_api.py
[2023-12-02T13:24:38.861+0700] {processor.py:829} INFO - Processing file /home/phuc/Practice/DataScience/DSProject/venv/lib/python3.10/site-packages/airflow/example_dags/tutorial_taskflow_api.py for tasks to queue
[2023-12-02T13:24:38.862+0700] {logging_mixin.py:154} INFO - [2023-12-02T13:24:38.862+0700] {dagbag.py:536} INFO - Filling up the DagBag from /home/phuc/Practice/DataScience/DSProject/venv/lib/python3.10/site-packages/airflow/example_dags/tutorial_taskflow_api.py
[2023-12-02T13:24:38.868+0700] {processor.py:839} INFO - DAG(s) dict_keys(['tutorial_taskflow_api']) retrieved from /home/phuc/Practice/DataScience/DSProject/venv/lib/python3.10/site-packages/airflow/example_dags/tutorial_taskflow_api.py
[2023-12-02T13:24:38.884+0700] {logging_mixin.py:154} INFO - [2023-12-02T13:24:38.883+0700] {dag.py:2941} INFO - Sync 1 DAGs
[2023-12-02T13:24:38.899+0700] {logging_mixin.py:154} INFO - [2023-12-02T13:24:38.899+0700] {dag.py:3722} INFO - Setting next_dagrun for tutorial_taskflow_api to None, run_after=None
[2023-12-02T13:24:38.926+0700] {processor.py:179} INFO - Processing /home/phuc/Practice/DataScience/DSProject/venv/lib/python3.10/site-packages/airflow/example_dags/tutorial_taskflow_api.py took 0.075 seconds
[2023-12-02T13:25:26.175+0700] {processor.py:157} INFO - Started process (PID=83414) to work on /home/phuc/Practice/DataScience/DSProject/venv/lib/python3.10/site-packages/airflow/example_dags/tutorial_taskflow_api.py
[2023-12-02T13:25:26.182+0700] {processor.py:829} INFO - Processing file /home/phuc/Practice/DataScience/DSProject/venv/lib/python3.10/site-packages/airflow/example_dags/tutorial_taskflow_api.py for tasks to queue
[2023-12-02T13:25:26.183+0700] {logging_mixin.py:154} INFO - [2023-12-02T13:25:26.183+0700] {dagbag.py:536} INFO - Filling up the DagBag from /home/phuc/Practice/DataScience/DSProject/venv/lib/python3.10/site-packages/airflow/example_dags/tutorial_taskflow_api.py
[2023-12-02T13:25:26.189+0700] {processor.py:839} INFO - DAG(s) dict_keys(['tutorial_taskflow_api']) retrieved from /home/phuc/Practice/DataScience/DSProject/venv/lib/python3.10/site-packages/airflow/example_dags/tutorial_taskflow_api.py
[2023-12-02T13:25:26.205+0700] {logging_mixin.py:154} INFO - [2023-12-02T13:25:26.205+0700] {dag.py:2941} INFO - Sync 1 DAGs
[2023-12-02T13:25:26.216+0700] {logging_mixin.py:154} INFO - [2023-12-02T13:25:26.216+0700] {dag.py:3722} INFO - Setting next_dagrun for tutorial_taskflow_api to None, run_after=None
[2023-12-02T13:25:26.236+0700] {processor.py:179} INFO - Processing /home/phuc/Practice/DataScience/DSProject/venv/lib/python3.10/site-packages/airflow/example_dags/tutorial_taskflow_api.py took 0.064 seconds
[2023-12-02T13:26:17.860+0700] {processor.py:157} INFO - Started process (PID=83635) to work on /home/phuc/Practice/DataScience/DSProject/venv/lib/python3.10/site-packages/airflow/example_dags/tutorial_taskflow_api.py
[2023-12-02T13:26:17.867+0700] {processor.py:829} INFO - Processing file /home/phuc/Practice/DataScience/DSProject/venv/lib/python3.10/site-packages/airflow/example_dags/tutorial_taskflow_api.py for tasks to queue
[2023-12-02T13:26:17.868+0700] {logging_mixin.py:154} INFO - [2023-12-02T13:26:17.867+0700] {dagbag.py:536} INFO - Filling up the DagBag from /home/phuc/Practice/DataScience/DSProject/venv/lib/python3.10/site-packages/airflow/example_dags/tutorial_taskflow_api.py
[2023-12-02T13:26:17.873+0700] {processor.py:839} INFO - DAG(s) dict_keys(['tutorial_taskflow_api']) retrieved from /home/phuc/Practice/DataScience/DSProject/venv/lib/python3.10/site-packages/airflow/example_dags/tutorial_taskflow_api.py
[2023-12-02T13:26:17.887+0700] {logging_mixin.py:154} INFO - [2023-12-02T13:26:17.887+0700] {dag.py:2941} INFO - Sync 1 DAGs
[2023-12-02T13:26:17.898+0700] {logging_mixin.py:154} INFO - [2023-12-02T13:26:17.897+0700] {dag.py:3722} INFO - Setting next_dagrun for tutorial_taskflow_api to None, run_after=None
[2023-12-02T13:26:17.916+0700] {processor.py:179} INFO - Processing /home/phuc/Practice/DataScience/DSProject/venv/lib/python3.10/site-packages/airflow/example_dags/tutorial_taskflow_api.py took 0.059 seconds
