[2023-12-02T13:18:51.749+0700] {processor.py:157} INFO - Started process (PID=81009) to work on /home/phuc/Practice/DataScience/DSProject/venv/lib/python3.10/site-packages/airflow/example_dags/plugins/listener_plugin.py
[2023-12-02T13:18:51.750+0700] {processor.py:829} INFO - Processing file /home/phuc/Practice/DataScience/DSProject/venv/lib/python3.10/site-packages/airflow/example_dags/plugins/listener_plugin.py for tasks to queue
[2023-12-02T13:18:51.750+0700] {logging_mixin.py:154} INFO - [2023-12-02T13:18:51.750+0700] {dagbag.py:536} INFO - Filling up the DagBag from /home/phuc/Practice/DataScience/DSProject/venv/lib/python3.10/site-packages/airflow/example_dags/plugins/listener_plugin.py
[2023-12-02T13:18:51.751+0700] {processor.py:841} WARNING - No viable dags retrieved from /home/phuc/Practice/DataScience/DSProject/venv/lib/python3.10/site-packages/airflow/example_dags/plugins/listener_plugin.py
[2023-12-02T13:18:51.756+0700] {processor.py:179} INFO - Processing /home/phuc/Practice/DataScience/DSProject/venv/lib/python3.10/site-packages/airflow/example_dags/plugins/listener_plugin.py took 0.011 seconds
[2023-12-02T13:19:44.760+0700] {processor.py:157} INFO - Started process (PID=81339) to work on /home/phuc/Practice/DataScience/DSProject/venv/lib/python3.10/site-packages/airflow/example_dags/plugins/listener_plugin.py
[2023-12-02T13:19:44.767+0700] {processor.py:829} INFO - Processing file /home/phuc/Practice/DataScience/DSProject/venv/lib/python3.10/site-packages/airflow/example_dags/plugins/listener_plugin.py for tasks to queue
[2023-12-02T13:19:44.768+0700] {logging_mixin.py:154} INFO - [2023-12-02T13:19:44.767+0700] {dagbag.py:536} INFO - Filling up the DagBag from /home/phuc/Practice/DataScience/DSProject/venv/lib/python3.10/site-packages/airflow/example_dags/plugins/listener_plugin.py
[2023-12-02T13:19:44.770+0700] {processor.py:841} WARNING - No viable dags retrieved from /home/phuc/Practice/DataScience/DSProject/venv/lib/python3.10/site-packages/airflow/example_dags/plugins/listener_plugin.py
[2023-12-02T13:19:44.778+0700] {processor.py:179} INFO - Processing /home/phuc/Practice/DataScience/DSProject/venv/lib/python3.10/site-packages/airflow/example_dags/plugins/listener_plugin.py took 0.020 seconds
[2023-12-02T13:20:36.907+0700] {processor.py:157} INFO - Started process (PID=81662) to work on /home/phuc/Practice/DataScience/DSProject/venv/lib/python3.10/site-packages/airflow/example_dags/plugins/listener_plugin.py
[2023-12-02T13:20:36.914+0700] {processor.py:829} INFO - Processing file /home/phuc/Practice/DataScience/DSProject/venv/lib/python3.10/site-packages/airflow/example_dags/plugins/listener_plugin.py for tasks to queue
[2023-12-02T13:20:36.915+0700] {logging_mixin.py:154} INFO - [2023-12-02T13:20:36.915+0700] {dagbag.py:536} INFO - Filling up the DagBag from /home/phuc/Practice/DataScience/DSProject/venv/lib/python3.10/site-packages/airflow/example_dags/plugins/listener_plugin.py
[2023-12-02T13:20:36.917+0700] {processor.py:841} WARNING - No viable dags retrieved from /home/phuc/Practice/DataScience/DSProject/venv/lib/python3.10/site-packages/airflow/example_dags/plugins/listener_plugin.py
[2023-12-02T13:20:36.924+0700] {processor.py:179} INFO - Processing /home/phuc/Practice/DataScience/DSProject/venv/lib/python3.10/site-packages/airflow/example_dags/plugins/listener_plugin.py took 0.019 seconds
[2023-12-02T13:21:27.895+0700] {processor.py:157} INFO - Started process (PID=81913) to work on /home/phuc/Practice/DataScience/DSProject/venv/lib/python3.10/site-packages/airflow/example_dags/plugins/listener_plugin.py
[2023-12-02T13:21:27.902+0700] {processor.py:829} INFO - Processing file /home/phuc/Practice/DataScience/DSProject/venv/lib/python3.10/site-packages/airflow/example_dags/plugins/listener_plugin.py for tasks to queue
[2023-12-02T13:21:27.903+0700] {logging_mixin.py:154} INFO - [2023-12-02T13:21:27.902+0700] {dagbag.py:536} INFO - Filling up the DagBag from /home/phuc/Practice/DataScience/DSProject/venv/lib/python3.10/site-packages/airflow/example_dags/plugins/listener_plugin.py
[2023-12-02T13:21:27.907+0700] {processor.py:841} WARNING - No viable dags retrieved from /home/phuc/Practice/DataScience/DSProject/venv/lib/python3.10/site-packages/airflow/example_dags/plugins/listener_plugin.py
[2023-12-02T13:21:27.919+0700] {processor.py:179} INFO - Processing /home/phuc/Practice/DataScience/DSProject/venv/lib/python3.10/site-packages/airflow/example_dags/plugins/listener_plugin.py took 0.026 seconds
[2023-12-02T13:22:14.448+0700] {processor.py:157} INFO - Started process (PID=82314) to work on /home/phuc/Practice/DataScience/DSProject/venv/lib/python3.10/site-packages/airflow/example_dags/plugins/listener_plugin.py
[2023-12-02T13:22:14.455+0700] {processor.py:829} INFO - Processing file /home/phuc/Practice/DataScience/DSProject/venv/lib/python3.10/site-packages/airflow/example_dags/plugins/listener_plugin.py for tasks to queue
[2023-12-02T13:22:14.457+0700] {logging_mixin.py:154} INFO - [2023-12-02T13:22:14.456+0700] {dagbag.py:536} INFO - Filling up the DagBag from /home/phuc/Practice/DataScience/DSProject/venv/lib/python3.10/site-packages/airflow/example_dags/plugins/listener_plugin.py
[2023-12-02T13:22:14.461+0700] {processor.py:841} WARNING - No viable dags retrieved from /home/phuc/Practice/DataScience/DSProject/venv/lib/python3.10/site-packages/airflow/example_dags/plugins/listener_plugin.py
[2023-12-02T13:22:14.473+0700] {processor.py:179} INFO - Processing /home/phuc/Practice/DataScience/DSProject/venv/lib/python3.10/site-packages/airflow/example_dags/plugins/listener_plugin.py took 0.027 seconds
[2023-12-02T13:23:00.927+0700] {processor.py:157} INFO - Started process (PID=82640) to work on /home/phuc/Practice/DataScience/DSProject/venv/lib/python3.10/site-packages/airflow/example_dags/plugins/listener_plugin.py
[2023-12-02T13:23:00.934+0700] {processor.py:829} INFO - Processing file /home/phuc/Practice/DataScience/DSProject/venv/lib/python3.10/site-packages/airflow/example_dags/plugins/listener_plugin.py for tasks to queue
[2023-12-02T13:23:00.936+0700] {logging_mixin.py:154} INFO - [2023-12-02T13:23:00.935+0700] {dagbag.py:536} INFO - Filling up the DagBag from /home/phuc/Practice/DataScience/DSProject/venv/lib/python3.10/site-packages/airflow/example_dags/plugins/listener_plugin.py
[2023-12-02T13:23:00.940+0700] {processor.py:841} WARNING - No viable dags retrieved from /home/phuc/Practice/DataScience/DSProject/venv/lib/python3.10/site-packages/airflow/example_dags/plugins/listener_plugin.py
[2023-12-02T13:23:00.949+0700] {processor.py:179} INFO - Processing /home/phuc/Practice/DataScience/DSProject/venv/lib/python3.10/site-packages/airflow/example_dags/plugins/listener_plugin.py took 0.026 seconds
[2023-12-02T13:23:44.092+0700] {processor.py:157} INFO - Started process (PID=82829) to work on /home/phuc/Practice/DataScience/DSProject/venv/lib/python3.10/site-packages/airflow/example_dags/plugins/listener_plugin.py
[2023-12-02T13:23:44.099+0700] {processor.py:829} INFO - Processing file /home/phuc/Practice/DataScience/DSProject/venv/lib/python3.10/site-packages/airflow/example_dags/plugins/listener_plugin.py for tasks to queue
[2023-12-02T13:23:44.101+0700] {logging_mixin.py:154} INFO - [2023-12-02T13:23:44.100+0700] {dagbag.py:536} INFO - Filling up the DagBag from /home/phuc/Practice/DataScience/DSProject/venv/lib/python3.10/site-packages/airflow/example_dags/plugins/listener_plugin.py
[2023-12-02T13:23:44.105+0700] {processor.py:841} WARNING - No viable dags retrieved from /home/phuc/Practice/DataScience/DSProject/venv/lib/python3.10/site-packages/airflow/example_dags/plugins/listener_plugin.py
[2023-12-02T13:23:44.116+0700] {processor.py:179} INFO - Processing /home/phuc/Practice/DataScience/DSProject/venv/lib/python3.10/site-packages/airflow/example_dags/plugins/listener_plugin.py took 0.028 seconds
[2023-12-02T13:24:40.036+0700] {processor.py:157} INFO - Started process (PID=83083) to work on /home/phuc/Practice/DataScience/DSProject/venv/lib/python3.10/site-packages/airflow/example_dags/plugins/listener_plugin.py
[2023-12-02T13:24:40.043+0700] {processor.py:829} INFO - Processing file /home/phuc/Practice/DataScience/DSProject/venv/lib/python3.10/site-packages/airflow/example_dags/plugins/listener_plugin.py for tasks to queue
[2023-12-02T13:24:40.044+0700] {logging_mixin.py:154} INFO - [2023-12-02T13:24:40.044+0700] {dagbag.py:536} INFO - Filling up the DagBag from /home/phuc/Practice/DataScience/DSProject/venv/lib/python3.10/site-packages/airflow/example_dags/plugins/listener_plugin.py
[2023-12-02T13:24:40.047+0700] {processor.py:841} WARNING - No viable dags retrieved from /home/phuc/Practice/DataScience/DSProject/venv/lib/python3.10/site-packages/airflow/example_dags/plugins/listener_plugin.py
[2023-12-02T13:24:40.056+0700] {processor.py:179} INFO - Processing /home/phuc/Practice/DataScience/DSProject/venv/lib/python3.10/site-packages/airflow/example_dags/plugins/listener_plugin.py took 0.023 seconds
[2023-12-02T13:25:27.318+0700] {processor.py:157} INFO - Started process (PID=83426) to work on /home/phuc/Practice/DataScience/DSProject/venv/lib/python3.10/site-packages/airflow/example_dags/plugins/listener_plugin.py
[2023-12-02T13:25:27.325+0700] {processor.py:829} INFO - Processing file /home/phuc/Practice/DataScience/DSProject/venv/lib/python3.10/site-packages/airflow/example_dags/plugins/listener_plugin.py for tasks to queue
[2023-12-02T13:25:27.325+0700] {logging_mixin.py:154} INFO - [2023-12-02T13:25:27.325+0700] {dagbag.py:536} INFO - Filling up the DagBag from /home/phuc/Practice/DataScience/DSProject/venv/lib/python3.10/site-packages/airflow/example_dags/plugins/listener_plugin.py
[2023-12-02T13:25:27.328+0700] {processor.py:841} WARNING - No viable dags retrieved from /home/phuc/Practice/DataScience/DSProject/venv/lib/python3.10/site-packages/airflow/example_dags/plugins/listener_plugin.py
[2023-12-02T13:25:27.338+0700] {processor.py:179} INFO - Processing /home/phuc/Practice/DataScience/DSProject/venv/lib/python3.10/site-packages/airflow/example_dags/plugins/listener_plugin.py took 0.023 seconds
[2023-12-02T13:26:18.997+0700] {processor.py:157} INFO - Started process (PID=83653) to work on /home/phuc/Practice/DataScience/DSProject/venv/lib/python3.10/site-packages/airflow/example_dags/plugins/listener_plugin.py
[2023-12-02T13:26:19.005+0700] {processor.py:829} INFO - Processing file /home/phuc/Practice/DataScience/DSProject/venv/lib/python3.10/site-packages/airflow/example_dags/plugins/listener_plugin.py for tasks to queue
[2023-12-02T13:26:19.005+0700] {logging_mixin.py:154} INFO - [2023-12-02T13:26:19.005+0700] {dagbag.py:536} INFO - Filling up the DagBag from /home/phuc/Practice/DataScience/DSProject/venv/lib/python3.10/site-packages/airflow/example_dags/plugins/listener_plugin.py
[2023-12-02T13:26:19.007+0700] {processor.py:841} WARNING - No viable dags retrieved from /home/phuc/Practice/DataScience/DSProject/venv/lib/python3.10/site-packages/airflow/example_dags/plugins/listener_plugin.py
[2023-12-02T13:26:19.016+0700] {processor.py:179} INFO - Processing /home/phuc/Practice/DataScience/DSProject/venv/lib/python3.10/site-packages/airflow/example_dags/plugins/listener_plugin.py took 0.021 seconds
