[2023-12-02T13:18:54.033+0700] {processor.py:157} INFO - Started process (PID=81028) to work on /home/phuc/Practice/DataScience/DSProject/venv/lib/python3.10/site-packages/airflow/example_dags/plugins/workday.py
[2023-12-02T13:18:54.033+0700] {processor.py:829} INFO - Processing file /home/phuc/Practice/DataScience/DSProject/venv/lib/python3.10/site-packages/airflow/example_dags/plugins/workday.py for tasks to queue
[2023-12-02T13:18:54.034+0700] {logging_mixin.py:154} INFO - [2023-12-02T13:18:54.033+0700] {dagbag.py:536} INFO - Filling up the DagBag from /home/phuc/Practice/DataScience/DSProject/venv/lib/python3.10/site-packages/airflow/example_dags/plugins/workday.py
[2023-12-02T13:18:54.035+0700] {logging_mixin.py:154} INFO - [2023-12-02T13:18:54.035+0700] {workday.py:36} WARNING - Could not import pandas. Holidays will not be considered.
[2023-12-02T13:18:54.035+0700] {processor.py:841} WARNING - No viable dags retrieved from /home/phuc/Practice/DataScience/DSProject/venv/lib/python3.10/site-packages/airflow/example_dags/plugins/workday.py
[2023-12-02T13:18:54.040+0700] {processor.py:179} INFO - Processing /home/phuc/Practice/DataScience/DSProject/venv/lib/python3.10/site-packages/airflow/example_dags/plugins/workday.py took 0.011 seconds
[2023-12-02T13:19:47.036+0700] {processor.py:157} INFO - Started process (PID=81351) to work on /home/phuc/Practice/DataScience/DSProject/venv/lib/python3.10/site-packages/airflow/example_dags/plugins/workday.py
[2023-12-02T13:19:47.043+0700] {processor.py:829} INFO - Processing file /home/phuc/Practice/DataScience/DSProject/venv/lib/python3.10/site-packages/airflow/example_dags/plugins/workday.py for tasks to queue
[2023-12-02T13:19:47.044+0700] {logging_mixin.py:154} INFO - [2023-12-02T13:19:47.044+0700] {dagbag.py:536} INFO - Filling up the DagBag from /home/phuc/Practice/DataScience/DSProject/venv/lib/python3.10/site-packages/airflow/example_dags/plugins/workday.py
[2023-12-02T13:19:47.047+0700] {logging_mixin.py:154} INFO - [2023-12-02T13:19:47.047+0700] {workday.py:36} WARNING - Could not import pandas. Holidays will not be considered.
[2023-12-02T13:19:47.047+0700] {processor.py:841} WARNING - No viable dags retrieved from /home/phuc/Practice/DataScience/DSProject/venv/lib/python3.10/site-packages/airflow/example_dags/plugins/workday.py
[2023-12-02T13:19:47.056+0700] {processor.py:179} INFO - Processing /home/phuc/Practice/DataScience/DSProject/venv/lib/python3.10/site-packages/airflow/example_dags/plugins/workday.py took 0.021 seconds
[2023-12-02T13:20:39.165+0700] {processor.py:157} INFO - Started process (PID=81664) to work on /home/phuc/Practice/DataScience/DSProject/venv/lib/python3.10/site-packages/airflow/example_dags/plugins/workday.py
[2023-12-02T13:20:39.172+0700] {processor.py:829} INFO - Processing file /home/phuc/Practice/DataScience/DSProject/venv/lib/python3.10/site-packages/airflow/example_dags/plugins/workday.py for tasks to queue
[2023-12-02T13:20:39.172+0700] {logging_mixin.py:154} INFO - [2023-12-02T13:20:39.172+0700] {dagbag.py:536} INFO - Filling up the DagBag from /home/phuc/Practice/DataScience/DSProject/venv/lib/python3.10/site-packages/airflow/example_dags/plugins/workday.py
[2023-12-02T13:20:39.174+0700] {logging_mixin.py:154} INFO - [2023-12-02T13:20:39.174+0700] {workday.py:36} WARNING - Could not import pandas. Holidays will not be considered.
[2023-12-02T13:20:39.174+0700] {processor.py:841} WARNING - No viable dags retrieved from /home/phuc/Practice/DataScience/DSProject/venv/lib/python3.10/site-packages/airflow/example_dags/plugins/workday.py
[2023-12-02T13:20:39.180+0700] {processor.py:179} INFO - Processing /home/phuc/Practice/DataScience/DSProject/venv/lib/python3.10/site-packages/airflow/example_dags/plugins/workday.py took 0.016 seconds
[2023-12-02T13:21:30.184+0700] {processor.py:157} INFO - Started process (PID=81919) to work on /home/phuc/Practice/DataScience/DSProject/venv/lib/python3.10/site-packages/airflow/example_dags/plugins/workday.py
[2023-12-02T13:21:30.191+0700] {processor.py:829} INFO - Processing file /home/phuc/Practice/DataScience/DSProject/venv/lib/python3.10/site-packages/airflow/example_dags/plugins/workday.py for tasks to queue
[2023-12-02T13:21:30.193+0700] {logging_mixin.py:154} INFO - [2023-12-02T13:21:30.192+0700] {dagbag.py:536} INFO - Filling up the DagBag from /home/phuc/Practice/DataScience/DSProject/venv/lib/python3.10/site-packages/airflow/example_dags/plugins/workday.py
[2023-12-02T13:21:30.197+0700] {logging_mixin.py:154} INFO - [2023-12-02T13:21:30.197+0700] {workday.py:36} WARNING - Could not import pandas. Holidays will not be considered.
[2023-12-02T13:21:30.197+0700] {processor.py:841} WARNING - No viable dags retrieved from /home/phuc/Practice/DataScience/DSProject/venv/lib/python3.10/site-packages/airflow/example_dags/plugins/workday.py
[2023-12-02T13:21:30.208+0700] {processor.py:179} INFO - Processing /home/phuc/Practice/DataScience/DSProject/venv/lib/python3.10/site-packages/airflow/example_dags/plugins/workday.py took 0.026 seconds
[2023-12-02T13:22:16.724+0700] {processor.py:157} INFO - Started process (PID=82316) to work on /home/phuc/Practice/DataScience/DSProject/venv/lib/python3.10/site-packages/airflow/example_dags/plugins/workday.py
[2023-12-02T13:22:16.732+0700] {processor.py:829} INFO - Processing file /home/phuc/Practice/DataScience/DSProject/venv/lib/python3.10/site-packages/airflow/example_dags/plugins/workday.py for tasks to queue
[2023-12-02T13:22:16.733+0700] {logging_mixin.py:154} INFO - [2023-12-02T13:22:16.732+0700] {dagbag.py:536} INFO - Filling up the DagBag from /home/phuc/Practice/DataScience/DSProject/venv/lib/python3.10/site-packages/airflow/example_dags/plugins/workday.py
[2023-12-02T13:22:16.736+0700] {logging_mixin.py:154} INFO - [2023-12-02T13:22:16.736+0700] {workday.py:36} WARNING - Could not import pandas. Holidays will not be considered.
[2023-12-02T13:22:16.737+0700] {processor.py:841} WARNING - No viable dags retrieved from /home/phuc/Practice/DataScience/DSProject/venv/lib/python3.10/site-packages/airflow/example_dags/plugins/workday.py
[2023-12-02T13:22:16.745+0700] {processor.py:179} INFO - Processing /home/phuc/Practice/DataScience/DSProject/venv/lib/python3.10/site-packages/airflow/example_dags/plugins/workday.py took 0.024 seconds
[2023-12-02T13:23:03.187+0700] {processor.py:157} INFO - Started process (PID=82642) to work on /home/phuc/Practice/DataScience/DSProject/venv/lib/python3.10/site-packages/airflow/example_dags/plugins/workday.py
[2023-12-02T13:23:03.194+0700] {processor.py:829} INFO - Processing file /home/phuc/Practice/DataScience/DSProject/venv/lib/python3.10/site-packages/airflow/example_dags/plugins/workday.py for tasks to queue
[2023-12-02T13:23:03.195+0700] {logging_mixin.py:154} INFO - [2023-12-02T13:23:03.195+0700] {dagbag.py:536} INFO - Filling up the DagBag from /home/phuc/Practice/DataScience/DSProject/venv/lib/python3.10/site-packages/airflow/example_dags/plugins/workday.py
[2023-12-02T13:23:03.197+0700] {logging_mixin.py:154} INFO - [2023-12-02T13:23:03.197+0700] {workday.py:36} WARNING - Could not import pandas. Holidays will not be considered.
[2023-12-02T13:23:03.197+0700] {processor.py:841} WARNING - No viable dags retrieved from /home/phuc/Practice/DataScience/DSProject/venv/lib/python3.10/site-packages/airflow/example_dags/plugins/workday.py
[2023-12-02T13:23:03.204+0700] {processor.py:179} INFO - Processing /home/phuc/Practice/DataScience/DSProject/venv/lib/python3.10/site-packages/airflow/example_dags/plugins/workday.py took 0.019 seconds
[2023-12-02T13:23:56.718+0700] {processor.py:157} INFO - Started process (PID=82892) to work on /home/phuc/Practice/DataScience/DSProject/venv/lib/python3.10/site-packages/airflow/example_dags/plugins/workday.py
[2023-12-02T13:23:56.725+0700] {processor.py:829} INFO - Processing file /home/phuc/Practice/DataScience/DSProject/venv/lib/python3.10/site-packages/airflow/example_dags/plugins/workday.py for tasks to queue
[2023-12-02T13:23:56.727+0700] {logging_mixin.py:154} INFO - [2023-12-02T13:23:56.726+0700] {dagbag.py:536} INFO - Filling up the DagBag from /home/phuc/Practice/DataScience/DSProject/venv/lib/python3.10/site-packages/airflow/example_dags/plugins/workday.py
[2023-12-02T13:23:56.731+0700] {logging_mixin.py:154} INFO - [2023-12-02T13:23:56.731+0700] {workday.py:36} WARNING - Could not import pandas. Holidays will not be considered.
[2023-12-02T13:23:56.732+0700] {processor.py:841} WARNING - No viable dags retrieved from /home/phuc/Practice/DataScience/DSProject/venv/lib/python3.10/site-packages/airflow/example_dags/plugins/workday.py
[2023-12-02T13:23:56.741+0700] {processor.py:179} INFO - Processing /home/phuc/Practice/DataScience/DSProject/venv/lib/python3.10/site-packages/airflow/example_dags/plugins/workday.py took 0.025 seconds
[2023-12-02T13:24:41.730+0700] {processor.py:157} INFO - Started process (PID=83101) to work on /home/phuc/Practice/DataScience/DSProject/venv/lib/python3.10/site-packages/airflow/example_dags/plugins/workday.py
[2023-12-02T13:24:41.737+0700] {processor.py:829} INFO - Processing file /home/phuc/Practice/DataScience/DSProject/venv/lib/python3.10/site-packages/airflow/example_dags/plugins/workday.py for tasks to queue
[2023-12-02T13:24:41.738+0700] {logging_mixin.py:154} INFO - [2023-12-02T13:24:41.738+0700] {dagbag.py:536} INFO - Filling up the DagBag from /home/phuc/Practice/DataScience/DSProject/venv/lib/python3.10/site-packages/airflow/example_dags/plugins/workday.py
[2023-12-02T13:24:41.740+0700] {logging_mixin.py:154} INFO - [2023-12-02T13:24:41.740+0700] {workday.py:36} WARNING - Could not import pandas. Holidays will not be considered.
[2023-12-02T13:24:41.740+0700] {processor.py:841} WARNING - No viable dags retrieved from /home/phuc/Practice/DataScience/DSProject/venv/lib/python3.10/site-packages/airflow/example_dags/plugins/workday.py
[2023-12-02T13:24:41.746+0700] {processor.py:179} INFO - Processing /home/phuc/Practice/DataScience/DSProject/venv/lib/python3.10/site-packages/airflow/example_dags/plugins/workday.py took 0.019 seconds
[2023-12-02T13:25:29.065+0700] {processor.py:157} INFO - Started process (PID=83434) to work on /home/phuc/Practice/DataScience/DSProject/venv/lib/python3.10/site-packages/airflow/example_dags/plugins/workday.py
[2023-12-02T13:25:29.071+0700] {processor.py:829} INFO - Processing file /home/phuc/Practice/DataScience/DSProject/venv/lib/python3.10/site-packages/airflow/example_dags/plugins/workday.py for tasks to queue
[2023-12-02T13:25:29.072+0700] {logging_mixin.py:154} INFO - [2023-12-02T13:25:29.072+0700] {dagbag.py:536} INFO - Filling up the DagBag from /home/phuc/Practice/DataScience/DSProject/venv/lib/python3.10/site-packages/airflow/example_dags/plugins/workday.py
[2023-12-02T13:25:29.075+0700] {logging_mixin.py:154} INFO - [2023-12-02T13:25:29.075+0700] {workday.py:36} WARNING - Could not import pandas. Holidays will not be considered.
[2023-12-02T13:25:29.075+0700] {processor.py:841} WARNING - No viable dags retrieved from /home/phuc/Practice/DataScience/DSProject/venv/lib/python3.10/site-packages/airflow/example_dags/plugins/workday.py
[2023-12-02T13:25:29.084+0700] {processor.py:179} INFO - Processing /home/phuc/Practice/DataScience/DSProject/venv/lib/python3.10/site-packages/airflow/example_dags/plugins/workday.py took 0.022 seconds
[2023-12-02T13:26:21.300+0700] {processor.py:157} INFO - Started process (PID=83655) to work on /home/phuc/Practice/DataScience/DSProject/venv/lib/python3.10/site-packages/airflow/example_dags/plugins/workday.py
[2023-12-02T13:26:21.307+0700] {processor.py:829} INFO - Processing file /home/phuc/Practice/DataScience/DSProject/venv/lib/python3.10/site-packages/airflow/example_dags/plugins/workday.py for tasks to queue
[2023-12-02T13:26:21.308+0700] {logging_mixin.py:154} INFO - [2023-12-02T13:26:21.308+0700] {dagbag.py:536} INFO - Filling up the DagBag from /home/phuc/Practice/DataScience/DSProject/venv/lib/python3.10/site-packages/airflow/example_dags/plugins/workday.py
[2023-12-02T13:26:21.311+0700] {logging_mixin.py:154} INFO - [2023-12-02T13:26:21.311+0700] {workday.py:36} WARNING - Could not import pandas. Holidays will not be considered.
[2023-12-02T13:26:21.311+0700] {processor.py:841} WARNING - No viable dags retrieved from /home/phuc/Practice/DataScience/DSProject/venv/lib/python3.10/site-packages/airflow/example_dags/plugins/workday.py
[2023-12-02T13:26:21.320+0700] {processor.py:179} INFO - Processing /home/phuc/Practice/DataScience/DSProject/venv/lib/python3.10/site-packages/airflow/example_dags/plugins/workday.py took 0.022 seconds
