[2023-12-17T08:05:19.600+0700] {taskinstance.py:1159} INFO - Dependencies all met for dep_context=non-requeueable deps ti=<TaskInstance: careerlink_pipeline.clean_data_and_ingest manual__2023-12-17T01:03:52.502924+00:00 [queued]>
[2023-12-17T08:05:19.604+0700] {taskinstance.py:1159} INFO - Dependencies all met for dep_context=requeueable deps ti=<TaskInstance: careerlink_pipeline.clean_data_and_ingest manual__2023-12-17T01:03:52.502924+00:00 [queued]>
[2023-12-17T08:05:19.604+0700] {taskinstance.py:1361} INFO - Starting attempt 1 of 4
[2023-12-17T08:05:19.615+0700] {taskinstance.py:1382} INFO - Executing <Task(BashOperator): clean_data_and_ingest> on 2023-12-17 01:03:52.502924+00:00
[2023-12-17T08:05:19.618+0700] {standard_task_runner.py:57} INFO - Started process 310806 to run task
[2023-12-17T08:05:19.621+0700] {standard_task_runner.py:84} INFO - Running: ['airflow', 'tasks', 'run', 'careerlink_pipeline', 'clean_data_and_ingest', 'manual__2023-12-17T01:03:52.502924+00:00', '--job-id', '4', '--raw', '--subdir', 'DAGS_FOLDER/create_dag.py', '--cfg-path', '/tmp/tmpf9kj8sj_']
[2023-12-17T08:05:19.621+0700] {standard_task_runner.py:85} INFO - Job 4: Subtask clean_data_and_ingest
[2023-12-17T08:05:19.649+0700] {task_command.py:416} INFO - Running <TaskInstance: careerlink_pipeline.clean_data_and_ingest manual__2023-12-17T01:03:52.502924+00:00 [running]> on host phuc-ASUS
[2023-12-17T08:05:19.693+0700] {taskinstance.py:1662} INFO - Exporting env vars: AIRFLOW_CTX_DAG_OWNER='airflow' AIRFLOW_CTX_DAG_ID='careerlink_pipeline' AIRFLOW_CTX_TASK_ID='clean_data_and_ingest' AIRFLOW_CTX_EXECUTION_DATE='2023-12-17T01:03:52.502924+00:00' AIRFLOW_CTX_TRY_NUMBER='1' AIRFLOW_CTX_DAG_RUN_ID='manual__2023-12-17T01:03:52.502924+00:00'
[2023-12-17T08:05:19.694+0700] {subprocess.py:63} INFO - Tmp dir root location: /tmp
[2023-12-17T08:05:19.694+0700] {subprocess.py:75} INFO - Running command: ['/usr/bin/bash', '-c', 'python3 careerlink/transformation_and_ingestion.py $daily_table /home/phuc/Practice/DataScience/DSProject/data/ingestion/careerlink']
[2023-12-17T08:05:19.700+0700] {subprocess.py:86} INFO - Output:
[2023-12-17T08:05:19.775+0700] {subprocess.py:93} INFO - Traceback (most recent call last):
[2023-12-17T08:05:19.775+0700] {subprocess.py:93} INFO -   File "/home/phuc/Practice/DataScience/DSProject/job_transformation/careerlink/transformation_and_ingestion.py", line 1, in <module>
[2023-12-17T08:05:19.775+0700] {subprocess.py:93} INFO -     import typer
[2023-12-17T08:05:19.775+0700] {subprocess.py:93} INFO - ModuleNotFoundError: No module named 'typer'
[2023-12-17T08:05:19.786+0700] {subprocess.py:97} INFO - Command exited with return code 1
[2023-12-17T08:05:19.793+0700] {taskinstance.py:1937} ERROR - Task failed with exception
Traceback (most recent call last):
  File "/home/phuc/Practice/DataScience/DSProject/venv/lib/python3.10/site-packages/airflow/operators/bash.py", line 210, in execute
    raise AirflowException(
airflow.exceptions.AirflowException: Bash command failed. The command returned a non-zero exit code 1.
[2023-12-17T08:05:19.795+0700] {taskinstance.py:1400} INFO - Marking task as UP_FOR_RETRY. dag_id=careerlink_pipeline, task_id=clean_data_and_ingest, execution_date=20231217T010352, start_date=20231217T010519, end_date=20231217T010519
[2023-12-17T08:05:19.810+0700] {standard_task_runner.py:104} ERROR - Failed to execute job 4 for task clean_data_and_ingest (Bash command failed. The command returned a non-zero exit code 1.; 310806)
[2023-12-17T08:05:19.833+0700] {local_task_job_runner.py:228} INFO - Task exited with return code 1
[2023-12-17T08:05:19.856+0700] {taskinstance.py:2778} INFO - 0 downstream tasks scheduled from follow-on schedule check
