[2023-12-03T09:24:25.516+0700] {taskinstance.py:1159} INFO - Dependencies all met for dep_context=non-requeueable deps ti=<TaskInstance: my_first_dag.save_data manual__2023-12-03T02:24:15.469689+00:00 [queued]>
[2023-12-03T09:24:25.524+0700] {taskinstance.py:1159} INFO - Dependencies all met for dep_context=requeueable deps ti=<TaskInstance: my_first_dag.save_data manual__2023-12-03T02:24:15.469689+00:00 [queued]>
[2023-12-03T09:24:25.524+0700] {taskinstance.py:1361} INFO - Starting attempt 1 of 3
[2023-12-03T09:24:25.535+0700] {taskinstance.py:1382} INFO - Executing <Task(BashOperator): save_data> on 2023-12-03 02:24:15.469689+00:00
[2023-12-03T09:24:25.538+0700] {standard_task_runner.py:57} INFO - Started process 71302 to run task
[2023-12-03T09:24:25.541+0700] {standard_task_runner.py:84} INFO - Running: ['airflow', 'tasks', 'run', 'my_first_dag', 'save_data', 'manual__2023-12-03T02:24:15.469689+00:00', '--job-id', '12', '--raw', '--subdir', 'DAGS_FOLDER/test_dag.py', '--cfg-path', '/tmp/tmpyk92dtiv']
[2023-12-03T09:24:25.542+0700] {standard_task_runner.py:85} INFO - Job 12: Subtask save_data
[2023-12-03T09:24:25.571+0700] {task_command.py:416} INFO - Running <TaskInstance: my_first_dag.save_data manual__2023-12-03T02:24:15.469689+00:00 [running]> on host phuc-ASUS
[2023-12-03T09:24:25.616+0700] {taskinstance.py:1662} INFO - Exporting env vars: AIRFLOW_CTX_DAG_OWNER='airflow' AIRFLOW_CTX_DAG_ID='my_first_dag' AIRFLOW_CTX_TASK_ID='save_data' AIRFLOW_CTX_EXECUTION_DATE='2023-12-03T02:24:15.469689+00:00' AIRFLOW_CTX_TRY_NUMBER='1' AIRFLOW_CTX_DAG_RUN_ID='manual__2023-12-03T02:24:15.469689+00:00'
[2023-12-03T09:24:25.617+0700] {subprocess.py:63} INFO - Tmp dir root location: /tmp
[2023-12-03T09:24:25.617+0700] {subprocess.py:75} INFO - Running command: ['/usr/bin/bash', '-c', 'cd /home/phuc/Practice/DataScience/DSProject/job_transformation && python3 test_spark.py write-to-delta-table']
[2023-12-03T09:24:25.624+0700] {subprocess.py:86} INFO - Output:
[2023-12-03T09:24:27.750+0700] {subprocess.py:93} INFO - 23/12/03 09:24:27 WARN Utils: Your hostname, phuc-ASUS resolves to a loopback address: 127.0.1.1; using 192.168.0.103 instead (on interface wlp45s0)
[2023-12-03T09:24:27.753+0700] {subprocess.py:93} INFO - 23/12/03 09:24:27 WARN Utils: Set SPARK_LOCAL_IP if you need to bind to another address
[2023-12-03T09:24:28.067+0700] {subprocess.py:93} INFO - :: loading settings :: url = jar:file:/home/phuc/Practice/DataScience/DSProject/venv/lib/python3.10/site-packages/pyspark/jars/ivy-2.5.1.jar!/org/apache/ivy/core/settings/ivysettings.xml
[2023-12-03T09:24:28.170+0700] {subprocess.py:93} INFO - Ivy Default Cache set to: /home/phuc/.ivy2/cache
[2023-12-03T09:24:28.171+0700] {subprocess.py:93} INFO - The jars for the packages stored in: /home/phuc/.ivy2/jars
[2023-12-03T09:24:28.176+0700] {subprocess.py:93} INFO - io.delta#delta-spark_2.12 added as a dependency
[2023-12-03T09:24:28.177+0700] {subprocess.py:93} INFO - :: resolving dependencies :: org.apache.spark#spark-submit-parent-96437df8-8407-4c37-a739-4183663d1e78;1.0
[2023-12-03T09:24:28.177+0700] {subprocess.py:93} INFO - 	confs: [default]
[2023-12-03T09:24:28.305+0700] {subprocess.py:93} INFO - 	found io.delta#delta-spark_2.12;3.0.0 in central
[2023-12-03T09:24:28.334+0700] {subprocess.py:93} INFO - 	found io.delta#delta-storage;3.0.0 in central
[2023-12-03T09:24:28.367+0700] {subprocess.py:93} INFO - 	found org.antlr#antlr4-runtime;4.9.3 in central
[2023-12-03T09:24:28.391+0700] {subprocess.py:93} INFO - :: resolution report :: resolve 202ms :: artifacts dl 12ms
[2023-12-03T09:24:28.392+0700] {subprocess.py:93} INFO - 	:: modules in use:
[2023-12-03T09:24:28.392+0700] {subprocess.py:93} INFO - 	io.delta#delta-spark_2.12;3.0.0 from central in [default]
[2023-12-03T09:24:28.392+0700] {subprocess.py:93} INFO - 	io.delta#delta-storage;3.0.0 from central in [default]
[2023-12-03T09:24:28.392+0700] {subprocess.py:93} INFO - 	org.antlr#antlr4-runtime;4.9.3 from central in [default]
[2023-12-03T09:24:28.392+0700] {subprocess.py:93} INFO - 	---------------------------------------------------------------------
[2023-12-03T09:24:28.392+0700] {subprocess.py:93} INFO - 	|                  |            modules            ||   artifacts   |
[2023-12-03T09:24:28.392+0700] {subprocess.py:93} INFO - 	|       conf       | number| search|dwnlded|evicted|| number|dwnlded|
[2023-12-03T09:24:28.393+0700] {subprocess.py:93} INFO - 	---------------------------------------------------------------------
[2023-12-03T09:24:28.393+0700] {subprocess.py:93} INFO - 	|      default     |   3   |   0   |   0   |   0   ||   3   |   0   |
[2023-12-03T09:24:28.393+0700] {subprocess.py:93} INFO - 	---------------------------------------------------------------------
[2023-12-03T09:24:28.396+0700] {subprocess.py:93} INFO - :: retrieving :: org.apache.spark#spark-submit-parent-96437df8-8407-4c37-a739-4183663d1e78
[2023-12-03T09:24:28.396+0700] {subprocess.py:93} INFO - 	confs: [default]
[2023-12-03T09:24:28.402+0700] {subprocess.py:93} INFO - 	0 artifacts copied, 3 already retrieved (0kB/7ms)
[2023-12-03T09:24:28.634+0700] {subprocess.py:93} INFO - 23/12/03 09:24:28 WARN NativeCodeLoader: Unable to load native-hadoop library for your platform... using builtin-java classes where applicable
[2023-12-03T09:24:28.867+0700] {subprocess.py:93} INFO - Setting default log level to "WARN".
[2023-12-03T09:24:28.868+0700] {subprocess.py:93} INFO - To adjust logging level use sc.setLogLevel(newLevel). For SparkR, use setLogLevel(newLevel).
[2023-12-03T09:24:40.543+0700] {subprocess.py:93} INFO - [Stage 0:>                                                          (0 + 1) / 1]                                                                                [Stage 1:>                                                          (0 + 1) / 1]                                                                                23/12/03 09:24:40 WARN SparkStringUtils: Truncated the string representation of a plan since it was too large. This behavior can be adjusted by setting 'spark.sql.debug.maxToStringFields'.
[2023-12-03T09:24:44.979+0700] {subprocess.py:93} INFO - [Stage 5:>                                                        (0 + 12) / 50][Stage 5:=============>                                          (12 + 12) / 50][Stage 5:====================>                                   (18 + 13) / 50][Stage 5:=============================>                          (26 + 12) / 50][Stage 5:========================================>               (36 + 12) / 50][Stage 5:=======================================================> (49 + 1) / 50]
[2023-12-03T09:24:44.980+0700] {subprocess.py:97} INFO - Command exited with return code 0
[2023-12-03T09:24:44.995+0700] {taskinstance.py:1400} INFO - Marking task as SUCCESS. dag_id=my_first_dag, task_id=save_data, execution_date=20231203T022415, start_date=20231203T022425, end_date=20231203T022444
[2023-12-03T09:24:45.009+0700] {local_task_job_runner.py:228} INFO - Task exited with return code 0
[2023-12-03T09:24:45.017+0700] {taskinstance.py:2778} INFO - 0 downstream tasks scheduled from follow-on schedule check
