[2023-12-03T09:46:14.919+0700] {taskinstance.py:1159} INFO - Dependencies all met for dep_context=non-requeueable deps ti=<TaskInstance: my_first_dag.save_data scheduled__2023-12-03T02:16:07.288425+00:00 [queued]>
[2023-12-03T09:46:14.923+0700] {taskinstance.py:1159} INFO - Dependencies all met for dep_context=requeueable deps ti=<TaskInstance: my_first_dag.save_data scheduled__2023-12-03T02:16:07.288425+00:00 [queued]>
[2023-12-03T09:46:14.923+0700] {taskinstance.py:1361} INFO - Starting attempt 1 of 3
[2023-12-03T09:46:14.930+0700] {taskinstance.py:1382} INFO - Executing <Task(BashOperator): save_data> on 2023-12-03 02:16:07.288425+00:00
[2023-12-03T09:46:14.932+0700] {standard_task_runner.py:57} INFO - Started process 77324 to run task
[2023-12-03T09:46:14.934+0700] {standard_task_runner.py:84} INFO - Running: ['airflow', 'tasks', 'run', 'my_first_dag', 'save_data', 'scheduled__2023-12-03T02:16:07.288425+00:00', '--job-id', '15', '--raw', '--subdir', 'DAGS_FOLDER/test_dag.py', '--cfg-path', '/tmp/tmp3c2t2h4d']
[2023-12-03T09:46:14.934+0700] {standard_task_runner.py:85} INFO - Job 15: Subtask save_data
[2023-12-03T09:46:14.952+0700] {task_command.py:416} INFO - Running <TaskInstance: my_first_dag.save_data scheduled__2023-12-03T02:16:07.288425+00:00 [running]> on host phuc-ASUS
[2023-12-03T09:46:14.978+0700] {taskinstance.py:1662} INFO - Exporting env vars: AIRFLOW_CTX_DAG_OWNER='airflow' AIRFLOW_CTX_DAG_ID='my_first_dag' AIRFLOW_CTX_TASK_ID='save_data' AIRFLOW_CTX_EXECUTION_DATE='2023-12-03T02:16:07.288425+00:00' AIRFLOW_CTX_TRY_NUMBER='1' AIRFLOW_CTX_DAG_RUN_ID='scheduled__2023-12-03T02:16:07.288425+00:00'
[2023-12-03T09:46:14.979+0700] {subprocess.py:63} INFO - Tmp dir root location: /tmp
[2023-12-03T09:46:14.979+0700] {subprocess.py:75} INFO - Running command: ['/usr/bin/bash', '-c', 'cd /home/phuc/Practice/DataScience/DSProject/job_transformation && python3 test_spark.py write-to-delta-table']
[2023-12-03T09:46:14.983+0700] {subprocess.py:86} INFO - Output:
[2023-12-03T09:46:15.994+0700] {subprocess.py:93} INFO - 23/12/03 09:46:15 WARN Utils: Your hostname, phuc-ASUS resolves to a loopback address: 127.0.1.1; using 192.168.0.103 instead (on interface wlp45s0)
[2023-12-03T09:46:15.995+0700] {subprocess.py:93} INFO - 23/12/03 09:46:15 WARN Utils: Set SPARK_LOCAL_IP if you need to bind to another address
[2023-12-03T09:46:16.164+0700] {subprocess.py:93} INFO - :: loading settings :: url = jar:file:/home/phuc/Practice/DataScience/DSProject/venv/lib/python3.10/site-packages/pyspark/jars/ivy-2.5.1.jar!/org/apache/ivy/core/settings/ivysettings.xml
[2023-12-03T09:46:16.221+0700] {subprocess.py:93} INFO - Ivy Default Cache set to: /home/phuc/.ivy2/cache
[2023-12-03T09:46:16.221+0700] {subprocess.py:93} INFO - The jars for the packages stored in: /home/phuc/.ivy2/jars
[2023-12-03T09:46:16.224+0700] {subprocess.py:93} INFO - io.delta#delta-spark_2.12 added as a dependency
[2023-12-03T09:46:16.225+0700] {subprocess.py:93} INFO - :: resolving dependencies :: org.apache.spark#spark-submit-parent-7ccc05b3-c13d-4ee9-9978-bffadd84630f;1.0
[2023-12-03T09:46:16.225+0700] {subprocess.py:93} INFO - 	confs: [default]
[2023-12-03T09:46:16.306+0700] {subprocess.py:93} INFO - 	found io.delta#delta-spark_2.12;3.0.0 in central
[2023-12-03T09:46:16.329+0700] {subprocess.py:93} INFO - 	found io.delta#delta-storage;3.0.0 in central
[2023-12-03T09:46:16.349+0700] {subprocess.py:93} INFO - 	found org.antlr#antlr4-runtime;4.9.3 in central
[2023-12-03T09:46:16.364+0700] {subprocess.py:93} INFO - :: resolution report :: resolve 135ms :: artifacts dl 4ms
[2023-12-03T09:46:16.364+0700] {subprocess.py:93} INFO - 	:: modules in use:
[2023-12-03T09:46:16.364+0700] {subprocess.py:93} INFO - 	io.delta#delta-spark_2.12;3.0.0 from central in [default]
[2023-12-03T09:46:16.364+0700] {subprocess.py:93} INFO - 	io.delta#delta-storage;3.0.0 from central in [default]
[2023-12-03T09:46:16.364+0700] {subprocess.py:93} INFO - 	org.antlr#antlr4-runtime;4.9.3 from central in [default]
[2023-12-03T09:46:16.364+0700] {subprocess.py:93} INFO - 	---------------------------------------------------------------------
[2023-12-03T09:46:16.364+0700] {subprocess.py:93} INFO - 	|                  |            modules            ||   artifacts   |
[2023-12-03T09:46:16.364+0700] {subprocess.py:93} INFO - 	|       conf       | number| search|dwnlded|evicted|| number|dwnlded|
[2023-12-03T09:46:16.364+0700] {subprocess.py:93} INFO - 	---------------------------------------------------------------------
[2023-12-03T09:46:16.364+0700] {subprocess.py:93} INFO - 	|      default     |   3   |   0   |   0   |   0   ||   3   |   0   |
[2023-12-03T09:46:16.364+0700] {subprocess.py:93} INFO - 	---------------------------------------------------------------------
[2023-12-03T09:46:16.366+0700] {subprocess.py:93} INFO - :: retrieving :: org.apache.spark#spark-submit-parent-7ccc05b3-c13d-4ee9-9978-bffadd84630f
[2023-12-03T09:46:16.366+0700] {subprocess.py:93} INFO - 	confs: [default]
[2023-12-03T09:46:16.370+0700] {subprocess.py:93} INFO - 	0 artifacts copied, 3 already retrieved (0kB/4ms)
[2023-12-03T09:46:16.501+0700] {subprocess.py:93} INFO - 23/12/03 09:46:16 WARN NativeCodeLoader: Unable to load native-hadoop library for your platform... using builtin-java classes where applicable
[2023-12-03T09:46:16.626+0700] {subprocess.py:93} INFO - Setting default log level to "WARN".
[2023-12-03T09:46:16.626+0700] {subprocess.py:93} INFO - To adjust logging level use sc.setLogLevel(newLevel). For SparkR, use setLogLevel(newLevel).
[2023-12-03T09:46:22.063+0700] {subprocess.py:93} INFO - ╭───────────────────── Traceback (most recent call last) ──────────────────────╮
[2023-12-03T09:46:22.063+0700] {subprocess.py:93} INFO - │ /home/phuc/Practice/DataScience/DSProject/job_transformation/test_spark.py:2 │
[2023-12-03T09:46:22.063+0700] {subprocess.py:93} INFO - │ 6 in write_to_delta_table                                                    │
[2023-12-03T09:46:22.063+0700] {subprocess.py:93} INFO - │                                                                              │
[2023-12-03T09:46:22.063+0700] {subprocess.py:93} INFO - │   23 │   quote = spark.read.format("json").load("/home/phuc/Practice/DataSci │
[2023-12-03T09:46:22.063+0700] {subprocess.py:93} INFO - │   24 │   quote = quote.select(F.col("author"), F.col("tags"), F.col("text")) │
[2023-12-03T09:46:22.063+0700] {subprocess.py:93} INFO - │   25 │   quote = quote.dropna()                                              │
[2023-12-03T09:46:22.063+0700] {subprocess.py:93} INFO - │ ❱ 26 │   quote.write.format("delta").save("/home/phuc/Practice/DataScience/D │
[2023-12-03T09:46:22.063+0700] {subprocess.py:93} INFO - │   27                                                                         │
[2023-12-03T09:46:22.063+0700] {subprocess.py:93} INFO - │   28                                                                         │
[2023-12-03T09:46:22.063+0700] {subprocess.py:93} INFO - │   29 if __name__ == "__main__":                                              │
[2023-12-03T09:46:22.063+0700] {subprocess.py:93} INFO - │                                                                              │
[2023-12-03T09:46:22.063+0700] {subprocess.py:93} INFO - │ ╭───────────────────────────────── locals ─────────────────────────────────╮ │
[2023-12-03T09:46:22.064+0700] {subprocess.py:93} INFO - │ │ builder = <pyspark.sql.session.SparkSession.Builder object at            │ │
[2023-12-03T09:46:22.064+0700] {subprocess.py:93} INFO - │ │           0x7fd860f035e0>                                                │ │
[2023-12-03T09:46:22.064+0700] {subprocess.py:93} INFO - │ │   quote = DataFrame[author: string, tags: array<string>, text: string]   │ │
[2023-12-03T09:46:22.064+0700] {subprocess.py:93} INFO - │ │   spark = <pyspark.sql.session.SparkSession object at 0x7fd860d28850>    │ │
[2023-12-03T09:46:22.064+0700] {subprocess.py:93} INFO - │ ╰──────────────────────────────────────────────────────────────────────────╯ │
[2023-12-03T09:46:22.064+0700] {subprocess.py:93} INFO - │                                                                              │
[2023-12-03T09:46:22.064+0700] {subprocess.py:93} INFO - │ /home/phuc/Practice/DataScience/DSProject/venv/lib/python3.10/site-packages/ │
[2023-12-03T09:46:22.064+0700] {subprocess.py:93} INFO - │ pyspark/sql/readwriter.py:1463 in save                                       │
[2023-12-03T09:46:22.064+0700] {subprocess.py:93} INFO - │                                                                              │
[2023-12-03T09:46:22.064+0700] {subprocess.py:93} INFO - │   1460 │   │   if path is None:                                              │
[2023-12-03T09:46:22.064+0700] {subprocess.py:93} INFO - │   1461 │   │   │   self._jwrite.save()                                       │
[2023-12-03T09:46:22.064+0700] {subprocess.py:93} INFO - │   1462 │   │   else:                                                         │
[2023-12-03T09:46:22.064+0700] {subprocess.py:93} INFO - │ ❱ 1463 │   │   │   self._jwrite.save(path)                                   │
[2023-12-03T09:46:22.064+0700] {subprocess.py:93} INFO - │   1464 │                                                                     │
[2023-12-03T09:46:22.064+0700] {subprocess.py:93} INFO - │   1465 │   def insertInto(self, tableName: str, overwrite: Optional[bool] =  │
[2023-12-03T09:46:22.064+0700] {subprocess.py:93} INFO - │   1466 │   │   """Inserts the content of the :class:`DataFrame` to the speci │
[2023-12-03T09:46:22.064+0700] {subprocess.py:93} INFO - │                                                                              │
[2023-12-03T09:46:22.064+0700] {subprocess.py:93} INFO - │ ╭───────────────────────────────── locals ─────────────────────────────────╮ │
[2023-12-03T09:46:22.064+0700] {subprocess.py:93} INFO - │ │      format = None                                                       │ │
[2023-12-03T09:46:22.064+0700] {subprocess.py:93} INFO - │ │        mode = None                                                       │ │
[2023-12-03T09:46:22.065+0700] {subprocess.py:93} INFO - │ │     options = {}                                                         │ │
[2023-12-03T09:46:22.065+0700] {subprocess.py:93} INFO - │ │ partitionBy = None                                                       │ │
[2023-12-03T09:46:22.065+0700] {subprocess.py:93} INFO - │ │        path = '/home/phuc/Practice/DataScience/DSProject/data/delta/quo… │ │
[2023-12-03T09:46:22.065+0700] {subprocess.py:93} INFO - │ │        self = <pyspark.sql.readwriter.DataFrameWriter object at          │ │
[2023-12-03T09:46:22.065+0700] {subprocess.py:93} INFO - │ │               0x7fd860e07d90>                                            │ │
[2023-12-03T09:46:22.065+0700] {subprocess.py:93} INFO - │ ╰──────────────────────────────────────────────────────────────────────────╯ │
[2023-12-03T09:46:22.065+0700] {subprocess.py:93} INFO - │                                                                              │
[2023-12-03T09:46:22.065+0700] {subprocess.py:93} INFO - │ /home/phuc/Practice/DataScience/DSProject/venv/lib/python3.10/site-packages/ │
[2023-12-03T09:46:22.065+0700] {subprocess.py:93} INFO - │ py4j/java_gateway.py:1322 in __call__                                        │
[2023-12-03T09:46:22.065+0700] {subprocess.py:93} INFO - │                                                                              │
[2023-12-03T09:46:22.065+0700] {subprocess.py:93} INFO - │   1319 │   │   │   proto.END_COMMAND_PART                                    │
[2023-12-03T09:46:22.065+0700] {subprocess.py:93} INFO - │   1320 │   │                                                                 │
[2023-12-03T09:46:22.065+0700] {subprocess.py:93} INFO - │   1321 │   │   answer = self.gateway_client.send_command(command)            │
[2023-12-03T09:46:22.065+0700] {subprocess.py:93} INFO - │ ❱ 1322 │   │   return_value = get_return_value(                              │
[2023-12-03T09:46:22.065+0700] {subprocess.py:93} INFO - │   1323 │   │   │   answer, self.gateway_client, self.target_id, self.name)   │
[2023-12-03T09:46:22.065+0700] {subprocess.py:93} INFO - │   1324 │   │                                                                 │
[2023-12-03T09:46:22.065+0700] {subprocess.py:93} INFO - │   1325 │   │   for temp_arg in temp_args:                                    │
[2023-12-03T09:46:22.065+0700] {subprocess.py:93} INFO - │                                                                              │
[2023-12-03T09:46:22.065+0700] {subprocess.py:93} INFO - │ ╭───────────────────────────────── locals ─────────────────────────────────╮ │
[2023-12-03T09:46:22.065+0700] {subprocess.py:93} INFO - │ │       answer = 'xro49'                                                   │ │
[2023-12-03T09:46:22.065+0700] {subprocess.py:93} INFO - │ │         args = (                                                         │ │
[2023-12-03T09:46:22.065+0700] {subprocess.py:93} INFO - │ │                │                                                         │ │
[2023-12-03T09:46:22.065+0700] {subprocess.py:93} INFO - │ │                '/home/phuc/Practice/DataScience/DSProject/data/delta/qu… │ │
[2023-12-03T09:46:22.065+0700] {subprocess.py:93} INFO - │ │                )                                                         │ │
[2023-12-03T09:46:22.065+0700] {subprocess.py:93} INFO - │ │ args_command = 's/home/phuc/Practice/DataScience/DSProject/data/delta/q… │ │
[2023-12-03T09:46:22.065+0700] {subprocess.py:93} INFO - │ │      command = 'c\no48\nsave\ns/home/phuc/Practice/DataScience/DSProjec… │ │
[2023-12-03T09:46:22.065+0700] {subprocess.py:93} INFO - │ │         self = <py4j.java_gateway.JavaMember object at 0x7fd860e07c40>   │ │
[2023-12-03T09:46:22.066+0700] {subprocess.py:93} INFO - │ │    temp_args = []                                                        │ │
[2023-12-03T09:46:22.066+0700] {subprocess.py:93} INFO - │ ╰──────────────────────────────────────────────────────────────────────────╯ │
[2023-12-03T09:46:22.066+0700] {subprocess.py:93} INFO - │                                                                              │
[2023-12-03T09:46:22.066+0700] {subprocess.py:93} INFO - │ /home/phuc/Practice/DataScience/DSProject/venv/lib/python3.10/site-packages/ │
[2023-12-03T09:46:22.066+0700] {subprocess.py:93} INFO - │ pyspark/errors/exceptions/captured.py:185 in deco                            │
[2023-12-03T09:46:22.066+0700] {subprocess.py:93} INFO - │                                                                              │
[2023-12-03T09:46:22.066+0700] {subprocess.py:93} INFO - │   182 │   │   │   if not isinstance(converted, UnknownException):            │
[2023-12-03T09:46:22.066+0700] {subprocess.py:93} INFO - │   183 │   │   │   │   # Hide where the exception came from that shows a non- │
[2023-12-03T09:46:22.066+0700] {subprocess.py:93} INFO - │   184 │   │   │   │   # JVM exception message.                               │
[2023-12-03T09:46:22.066+0700] {subprocess.py:93} INFO - │ ❱ 185 │   │   │   │   raise converted from None                              │
[2023-12-03T09:46:22.066+0700] {subprocess.py:93} INFO - │   186 │   │   │   else:                                                      │
[2023-12-03T09:46:22.066+0700] {subprocess.py:93} INFO - │   187 │   │   │   │   raise                                                  │
[2023-12-03T09:46:22.066+0700] {subprocess.py:93} INFO - │   188                                                                        │
[2023-12-03T09:46:22.066+0700] {subprocess.py:93} INFO - │                                                                              │
[2023-12-03T09:46:22.066+0700] {subprocess.py:93} INFO - │ ╭───────────────────────────────── locals ─────────────────────────────────╮ │
[2023-12-03T09:46:22.066+0700] {subprocess.py:93} INFO - │ │         a = (                                                            │ │
[2023-12-03T09:46:22.066+0700] {subprocess.py:93} INFO - │ │             │   'xro49',                                                 │ │
[2023-12-03T09:46:22.066+0700] {subprocess.py:93} INFO - │ │             │   <py4j.clientserver.JavaClient object at 0x7fd860e07760>, │ │
[2023-12-03T09:46:22.066+0700] {subprocess.py:93} INFO - │ │             │   'o48',                                                   │ │
[2023-12-03T09:46:22.066+0700] {subprocess.py:93} INFO - │ │             │   'save'                                                   │ │
[2023-12-03T09:46:22.066+0700] {subprocess.py:93} INFO - │ │             )                                                            │ │
[2023-12-03T09:46:22.066+0700] {subprocess.py:93} INFO - │ │ converted = AnalysisException()                                          │ │
[2023-12-03T09:46:22.066+0700] {subprocess.py:93} INFO - │ │         f = <function get_return_value at 0x7fd8615ce680>                │ │
[2023-12-03T09:46:22.067+0700] {subprocess.py:93} INFO - │ │        kw = {}                                                           │ │
[2023-12-03T09:46:22.067+0700] {subprocess.py:93} INFO - │ ╰──────────────────────────────────────────────────────────────────────────╯ │
[2023-12-03T09:46:22.067+0700] {subprocess.py:93} INFO - ╰──────────────────────────────────────────────────────────────────────────────╯
[2023-12-03T09:46:22.067+0700] {subprocess.py:93} INFO - AnalysisException: [DELTA_PATH_EXISTS] Cannot write to already existent path
[2023-12-03T09:46:22.067+0700] {subprocess.py:93} INFO - file:/home/phuc/Practice/DataScience/DSProject/data/delta/quotes without setting
[2023-12-03T09:46:22.067+0700] {subprocess.py:93} INFO - OVERWRITE = 'true'.
[2023-12-03T09:46:22.498+0700] {subprocess.py:97} INFO - Command exited with return code 1
[2023-12-03T09:46:22.503+0700] {taskinstance.py:1937} ERROR - Task failed with exception
Traceback (most recent call last):
  File "/home/phuc/Practice/DataScience/DSProject/venv/lib/python3.10/site-packages/airflow/operators/bash.py", line 210, in execute
    raise AirflowException(
airflow.exceptions.AirflowException: Bash command failed. The command returned a non-zero exit code 1.
[2023-12-03T09:46:22.504+0700] {taskinstance.py:1400} INFO - Marking task as UP_FOR_RETRY. dag_id=my_first_dag, task_id=save_data, execution_date=20231203T021607, start_date=20231203T024614, end_date=20231203T024622
[2023-12-03T09:46:22.516+0700] {standard_task_runner.py:104} ERROR - Failed to execute job 15 for task save_data (Bash command failed. The command returned a non-zero exit code 1.; 77324)
[2023-12-03T09:46:22.550+0700] {local_task_job_runner.py:228} INFO - Task exited with return code 1
[2023-12-03T09:46:22.565+0700] {taskinstance.py:2778} INFO - 0 downstream tasks scheduled from follow-on schedule check
