[2023-12-17T10:34:29.532+0700] {taskinstance.py:1159} INFO - Dependencies all met for dep_context=non-requeueable deps ti=<TaskInstance: careerlink_pipeline.clean_data_and_ingest manual__2023-12-17T03:34:03.627009+00:00 [queued]>
[2023-12-17T10:34:29.537+0700] {taskinstance.py:1159} INFO - Dependencies all met for dep_context=requeueable deps ti=<TaskInstance: careerlink_pipeline.clean_data_and_ingest manual__2023-12-17T03:34:03.627009+00:00 [queued]>
[2023-12-17T10:34:29.537+0700] {taskinstance.py:1361} INFO - Starting attempt 1 of 4
[2023-12-17T10:34:29.544+0700] {taskinstance.py:1382} INFO - Executing <Task(BashOperator): clean_data_and_ingest> on 2023-12-17 03:34:03.627009+00:00
[2023-12-17T10:34:29.546+0700] {standard_task_runner.py:57} INFO - Started process 377027 to run task
[2023-12-17T10:34:29.547+0700] {standard_task_runner.py:84} INFO - Running: ['airflow', 'tasks', 'run', 'careerlink_pipeline', 'clean_data_and_ingest', 'manual__2023-12-17T03:34:03.627009+00:00', '--job-id', '50', '--raw', '--subdir', 'DAGS_FOLDER/pipeline_dags.py', '--cfg-path', '/tmp/tmp2osrb1g0']
[2023-12-17T10:34:29.548+0700] {standard_task_runner.py:85} INFO - Job 50: Subtask clean_data_and_ingest
[2023-12-17T10:34:29.566+0700] {task_command.py:416} INFO - Running <TaskInstance: careerlink_pipeline.clean_data_and_ingest manual__2023-12-17T03:34:03.627009+00:00 [running]> on host phuc-ASUS
[2023-12-17T10:34:29.598+0700] {taskinstance.py:1662} INFO - Exporting env vars: AIRFLOW_CTX_DAG_OWNER='airflow' AIRFLOW_CTX_DAG_ID='careerlink_pipeline' AIRFLOW_CTX_TASK_ID='clean_data_and_ingest' AIRFLOW_CTX_EXECUTION_DATE='2023-12-17T03:34:03.627009+00:00' AIRFLOW_CTX_TRY_NUMBER='1' AIRFLOW_CTX_DAG_RUN_ID='manual__2023-12-17T03:34:03.627009+00:00'
[2023-12-17T10:34:29.598+0700] {subprocess.py:63} INFO - Tmp dir root location: /tmp
[2023-12-17T10:34:29.598+0700] {subprocess.py:75} INFO - Running command: ['/usr/bin/bash', '-c', 'python3 careerlink/transformation_and_ingestion.py $daily_table /home/phuc/Practice/DataScience/DSProject/data/ingestion/careerlink']
[2023-12-17T10:34:29.603+0700] {subprocess.py:86} INFO - Output:
[2023-12-17T10:34:30.650+0700] {subprocess.py:93} INFO - 23/12/17 10:34:30 WARN Utils: Your hostname, phuc-ASUS resolves to a loopback address: 127.0.1.1; using 192.168.0.103 instead (on interface wlp45s0)
[2023-12-17T10:34:30.651+0700] {subprocess.py:93} INFO - 23/12/17 10:34:30 WARN Utils: Set SPARK_LOCAL_IP if you need to bind to another address
[2023-12-17T10:34:30.804+0700] {subprocess.py:93} INFO - :: loading settings :: url = jar:file:/home/phuc/Practice/DataScience/DSProject/venv/lib/python3.10/site-packages/pyspark/jars/ivy-2.5.1.jar!/org/apache/ivy/core/settings/ivysettings.xml
[2023-12-17T10:34:30.856+0700] {subprocess.py:93} INFO - Ivy Default Cache set to: /home/phuc/.ivy2/cache
[2023-12-17T10:34:30.856+0700] {subprocess.py:93} INFO - The jars for the packages stored in: /home/phuc/.ivy2/jars
[2023-12-17T10:34:30.859+0700] {subprocess.py:93} INFO - io.delta#delta-spark_2.12 added as a dependency
[2023-12-17T10:34:30.859+0700] {subprocess.py:93} INFO - :: resolving dependencies :: org.apache.spark#spark-submit-parent-d9ec40d5-4ccf-499f-88f8-eb02854c8209;1.0
[2023-12-17T10:34:30.860+0700] {subprocess.py:93} INFO - 	confs: [default]
[2023-12-17T10:34:30.936+0700] {subprocess.py:93} INFO - 	found io.delta#delta-spark_2.12;3.0.0 in central
[2023-12-17T10:34:30.956+0700] {subprocess.py:93} INFO - 	found io.delta#delta-storage;3.0.0 in central
[2023-12-17T10:34:30.969+0700] {subprocess.py:93} INFO - 	found org.antlr#antlr4-runtime;4.9.3 in central
[2023-12-17T10:34:30.979+0700] {subprocess.py:93} INFO - :: resolution report :: resolve 116ms :: artifacts dl 4ms
[2023-12-17T10:34:30.979+0700] {subprocess.py:93} INFO - 	:: modules in use:
[2023-12-17T10:34:30.979+0700] {subprocess.py:93} INFO - 	io.delta#delta-spark_2.12;3.0.0 from central in [default]
[2023-12-17T10:34:30.979+0700] {subprocess.py:93} INFO - 	io.delta#delta-storage;3.0.0 from central in [default]
[2023-12-17T10:34:30.979+0700] {subprocess.py:93} INFO - 	org.antlr#antlr4-runtime;4.9.3 from central in [default]
[2023-12-17T10:34:30.980+0700] {subprocess.py:93} INFO - 	---------------------------------------------------------------------
[2023-12-17T10:34:30.980+0700] {subprocess.py:93} INFO - 	|                  |            modules            ||   artifacts   |
[2023-12-17T10:34:30.980+0700] {subprocess.py:93} INFO - 	|       conf       | number| search|dwnlded|evicted|| number|dwnlded|
[2023-12-17T10:34:30.980+0700] {subprocess.py:93} INFO - 	---------------------------------------------------------------------
[2023-12-17T10:34:30.980+0700] {subprocess.py:93} INFO - 	|      default     |   3   |   0   |   0   |   0   ||   3   |   0   |
[2023-12-17T10:34:30.980+0700] {subprocess.py:93} INFO - 	---------------------------------------------------------------------
[2023-12-17T10:34:30.981+0700] {subprocess.py:93} INFO - :: retrieving :: org.apache.spark#spark-submit-parent-d9ec40d5-4ccf-499f-88f8-eb02854c8209
[2023-12-17T10:34:30.981+0700] {subprocess.py:93} INFO - 	confs: [default]
[2023-12-17T10:34:30.985+0700] {subprocess.py:93} INFO - 	0 artifacts copied, 3 already retrieved (0kB/4ms)
[2023-12-17T10:34:31.105+0700] {subprocess.py:93} INFO - 23/12/17 10:34:31 WARN NativeCodeLoader: Unable to load native-hadoop library for your platform... using builtin-java classes where applicable
[2023-12-17T10:34:31.230+0700] {subprocess.py:93} INFO - Setting default log level to "WARN".
[2023-12-17T10:34:31.230+0700] {subprocess.py:93} INFO - To adjust logging level use sc.setLogLevel(newLevel). For SparkR, use setLogLevel(newLevel).
[2023-12-17T10:34:31.817+0700] {subprocess.py:93} INFO - 23/12/17 10:34:31 WARN Utils: Service 'SparkUI' could not bind on port 4040. Attempting port 4041.
[2023-12-17T10:34:37.186+0700] {subprocess.py:93} INFO - 23/12/17 10:34:37 WARN SparkStringUtils: Truncated the string representation of a plan since it was too large. This behavior can be adjusted by setting 'spark.sql.debug.maxToStringFields'.
[2023-12-17T10:34:40.080+0700] {subprocess.py:93} INFO - [Stage 4:>                                                        (0 + 12) / 50][Stage 4:====================>                                   (18 + 13) / 50][Stage 4:========================================>               (36 + 12) / 50]
[2023-12-17T10:34:40.080+0700] {subprocess.py:97} INFO - Command exited with return code 0
[2023-12-17T10:34:40.090+0700] {taskinstance.py:1400} INFO - Marking task as SUCCESS. dag_id=careerlink_pipeline, task_id=clean_data_and_ingest, execution_date=20231217T033403, start_date=20231217T033429, end_date=20231217T033440
[2023-12-17T10:34:40.105+0700] {local_task_job_runner.py:228} INFO - Task exited with return code 0
[2023-12-17T10:34:40.113+0700] {taskinstance.py:2778} INFO - 1 downstream tasks scheduled from follow-on schedule check
