[2023-12-17T10:34:18.166+0700] {taskinstance.py:1159} INFO - Dependencies all met for dep_context=non-requeueable deps ti=<TaskInstance: careerlink_pipeline.clean_data_and_ingest scheduled__2023-12-16T07:33:42.740911+00:00 [queued]>
[2023-12-17T10:34:18.171+0700] {taskinstance.py:1159} INFO - Dependencies all met for dep_context=requeueable deps ti=<TaskInstance: careerlink_pipeline.clean_data_and_ingest scheduled__2023-12-16T07:33:42.740911+00:00 [queued]>
[2023-12-17T10:34:18.171+0700] {taskinstance.py:1361} INFO - Starting attempt 1 of 4
[2023-12-17T10:34:18.177+0700] {taskinstance.py:1382} INFO - Executing <Task(BashOperator): clean_data_and_ingest> on 2023-12-16 07:33:42.740911+00:00
[2023-12-17T10:34:18.179+0700] {standard_task_runner.py:57} INFO - Started process 376676 to run task
[2023-12-17T10:34:18.181+0700] {standard_task_runner.py:84} INFO - Running: ['airflow', 'tasks', 'run', 'careerlink_pipeline', 'clean_data_and_ingest', 'scheduled__2023-12-16T07:33:42.740911+00:00', '--job-id', '49', '--raw', '--subdir', 'DAGS_FOLDER/pipeline_dags.py', '--cfg-path', '/tmp/tmpz6ajchxg']
[2023-12-17T10:34:18.182+0700] {standard_task_runner.py:85} INFO - Job 49: Subtask clean_data_and_ingest
[2023-12-17T10:34:18.200+0700] {task_command.py:416} INFO - Running <TaskInstance: careerlink_pipeline.clean_data_and_ingest scheduled__2023-12-16T07:33:42.740911+00:00 [running]> on host phuc-ASUS
[2023-12-17T10:34:18.231+0700] {taskinstance.py:1662} INFO - Exporting env vars: AIRFLOW_CTX_DAG_OWNER='airflow' AIRFLOW_CTX_DAG_ID='careerlink_pipeline' AIRFLOW_CTX_TASK_ID='clean_data_and_ingest' AIRFLOW_CTX_EXECUTION_DATE='2023-12-16T07:33:42.740911+00:00' AIRFLOW_CTX_TRY_NUMBER='1' AIRFLOW_CTX_DAG_RUN_ID='scheduled__2023-12-16T07:33:42.740911+00:00'
[2023-12-17T10:34:18.232+0700] {subprocess.py:63} INFO - Tmp dir root location: /tmp
[2023-12-17T10:34:18.232+0700] {subprocess.py:75} INFO - Running command: ['/usr/bin/bash', '-c', 'python3 careerlink/transformation_and_ingestion.py $daily_table /home/phuc/Practice/DataScience/DSProject/data/ingestion/careerlink']
[2023-12-17T10:34:18.236+0700] {subprocess.py:86} INFO - Output:
[2023-12-17T10:34:19.247+0700] {subprocess.py:93} INFO - 23/12/17 10:34:19 WARN Utils: Your hostname, phuc-ASUS resolves to a loopback address: 127.0.1.1; using 192.168.0.103 instead (on interface wlp45s0)
[2023-12-17T10:34:19.248+0700] {subprocess.py:93} INFO - 23/12/17 10:34:19 WARN Utils: Set SPARK_LOCAL_IP if you need to bind to another address
[2023-12-17T10:34:19.497+0700] {subprocess.py:93} INFO - :: loading settings :: url = jar:file:/home/phuc/Practice/DataScience/DSProject/venv/lib/python3.10/site-packages/pyspark/jars/ivy-2.5.1.jar!/org/apache/ivy/core/settings/ivysettings.xml
[2023-12-17T10:34:19.547+0700] {subprocess.py:93} INFO - Ivy Default Cache set to: /home/phuc/.ivy2/cache
[2023-12-17T10:34:19.547+0700] {subprocess.py:93} INFO - The jars for the packages stored in: /home/phuc/.ivy2/jars
[2023-12-17T10:34:19.549+0700] {subprocess.py:93} INFO - io.delta#delta-spark_2.12 added as a dependency
[2023-12-17T10:34:19.550+0700] {subprocess.py:93} INFO - :: resolving dependencies :: org.apache.spark#spark-submit-parent-234d9e2b-de56-4ec5-82c2-9342a10cbfe9;1.0
[2023-12-17T10:34:19.550+0700] {subprocess.py:93} INFO - 	confs: [default]
[2023-12-17T10:34:19.609+0700] {subprocess.py:93} INFO - 	found io.delta#delta-spark_2.12;3.0.0 in central
[2023-12-17T10:34:19.625+0700] {subprocess.py:93} INFO - 	found io.delta#delta-storage;3.0.0 in central
[2023-12-17T10:34:19.637+0700] {subprocess.py:93} INFO - 	found org.antlr#antlr4-runtime;4.9.3 in central
[2023-12-17T10:34:19.647+0700] {subprocess.py:93} INFO - :: resolution report :: resolve 93ms :: artifacts dl 4ms
[2023-12-17T10:34:19.647+0700] {subprocess.py:93} INFO - 	:: modules in use:
[2023-12-17T10:34:19.647+0700] {subprocess.py:93} INFO - 	io.delta#delta-spark_2.12;3.0.0 from central in [default]
[2023-12-17T10:34:19.647+0700] {subprocess.py:93} INFO - 	io.delta#delta-storage;3.0.0 from central in [default]
[2023-12-17T10:34:19.647+0700] {subprocess.py:93} INFO - 	org.antlr#antlr4-runtime;4.9.3 from central in [default]
[2023-12-17T10:34:19.647+0700] {subprocess.py:93} INFO - 	---------------------------------------------------------------------
[2023-12-17T10:34:19.648+0700] {subprocess.py:93} INFO - 	|                  |            modules            ||   artifacts   |
[2023-12-17T10:34:19.648+0700] {subprocess.py:93} INFO - 	|       conf       | number| search|dwnlded|evicted|| number|dwnlded|
[2023-12-17T10:34:19.648+0700] {subprocess.py:93} INFO - 	---------------------------------------------------------------------
[2023-12-17T10:34:19.648+0700] {subprocess.py:93} INFO - 	|      default     |   3   |   0   |   0   |   0   ||   3   |   0   |
[2023-12-17T10:34:19.648+0700] {subprocess.py:93} INFO - 	---------------------------------------------------------------------
[2023-12-17T10:34:19.649+0700] {subprocess.py:93} INFO - :: retrieving :: org.apache.spark#spark-submit-parent-234d9e2b-de56-4ec5-82c2-9342a10cbfe9
[2023-12-17T10:34:19.649+0700] {subprocess.py:93} INFO - 	confs: [default]
[2023-12-17T10:34:19.652+0700] {subprocess.py:93} INFO - 	0 artifacts copied, 3 already retrieved (0kB/3ms)
[2023-12-17T10:34:19.764+0700] {subprocess.py:93} INFO - 23/12/17 10:34:19 WARN NativeCodeLoader: Unable to load native-hadoop library for your platform... using builtin-java classes where applicable
[2023-12-17T10:34:19.885+0700] {subprocess.py:93} INFO - Setting default log level to "WARN".
[2023-12-17T10:34:19.885+0700] {subprocess.py:93} INFO - To adjust logging level use sc.setLogLevel(newLevel). For SparkR, use setLogLevel(newLevel).
[2023-12-17T10:34:20.479+0700] {subprocess.py:93} INFO - 23/12/17 10:34:20 WARN Utils: Service 'SparkUI' could not bind on port 4040. Attempting port 4041.
[2023-12-17T10:34:25.734+0700] {subprocess.py:93} INFO - 23/12/17 10:34:25 WARN SparkStringUtils: Truncated the string representation of a plan since it was too large. This behavior can be adjusted by setting 'spark.sql.debug.maxToStringFields'.
[2023-12-17T10:34:28.618+0700] {subprocess.py:93} INFO - [Stage 4:>                                                        (0 + 12) / 50][Stage 4:=============>                                          (12 + 12) / 50][Stage 4:==========================>                             (24 + 12) / 50][Stage 4:===========================================>            (39 + 11) / 50]
[2023-12-17T10:34:28.618+0700] {subprocess.py:97} INFO - Command exited with return code 0
[2023-12-17T10:34:28.628+0700] {taskinstance.py:1400} INFO - Marking task as SUCCESS. dag_id=careerlink_pipeline, task_id=clean_data_and_ingest, execution_date=20231216T073342, start_date=20231217T033418, end_date=20231217T033428
[2023-12-17T10:34:28.657+0700] {local_task_job_runner.py:228} INFO - Task exited with return code 0
[2023-12-17T10:34:28.665+0700] {taskinstance.py:2778} INFO - 1 downstream tasks scheduled from follow-on schedule check
