[2023-12-03T09:16:28.374+0700] {taskinstance.py:1159} INFO - Dependencies all met for dep_context=non-requeueable deps ti=<TaskInstance: my_first_dag.crawl_data scheduled__2023-12-03T01:46:07.288425+00:00 [queued]>
[2023-12-03T09:16:28.380+0700] {taskinstance.py:1159} INFO - Dependencies all met for dep_context=requeueable deps ti=<TaskInstance: my_first_dag.crawl_data scheduled__2023-12-03T01:46:07.288425+00:00 [queued]>
[2023-12-03T09:16:28.380+0700] {taskinstance.py:1361} INFO - Starting attempt 1 of 3
[2023-12-03T09:16:28.390+0700] {taskinstance.py:1382} INFO - Executing <Task(BashOperator): crawl_data> on 2023-12-03 01:46:07.288425+00:00
[2023-12-03T09:16:28.392+0700] {standard_task_runner.py:57} INFO - Started process 66864 to run task
[2023-12-03T09:16:28.395+0700] {standard_task_runner.py:84} INFO - Running: ['airflow', 'tasks', 'run', 'my_first_dag', 'crawl_data', 'scheduled__2023-12-03T01:46:07.288425+00:00', '--job-id', '4', '--raw', '--subdir', 'DAGS_FOLDER/test_dag.py', '--cfg-path', '/tmp/tmpps_o1_ja']
[2023-12-03T09:16:28.396+0700] {standard_task_runner.py:85} INFO - Job 4: Subtask crawl_data
[2023-12-03T09:16:28.421+0700] {task_command.py:416} INFO - Running <TaskInstance: my_first_dag.crawl_data scheduled__2023-12-03T01:46:07.288425+00:00 [running]> on host phuc-ASUS
[2023-12-03T09:16:28.462+0700] {taskinstance.py:1662} INFO - Exporting env vars: AIRFLOW_CTX_DAG_OWNER='airflow' AIRFLOW_CTX_DAG_ID='my_first_dag' AIRFLOW_CTX_TASK_ID='crawl_data' AIRFLOW_CTX_EXECUTION_DATE='2023-12-03T01:46:07.288425+00:00' AIRFLOW_CTX_TRY_NUMBER='1' AIRFLOW_CTX_DAG_RUN_ID='scheduled__2023-12-03T01:46:07.288425+00:00'
[2023-12-03T09:16:28.463+0700] {subprocess.py:63} INFO - Tmp dir root location: /tmp
[2023-12-03T09:16:28.463+0700] {subprocess.py:75} INFO - Running command: ['/usr/bin/bash', '-c', 'cd /home/phuc/Practice/DataScience/DSProject/job_airflow/dags && scrapy crawl quotes']
[2023-12-03T09:16:28.468+0700] {subprocess.py:86} INFO - Output:
[2023-12-03T09:16:28.908+0700] {subprocess.py:93} INFO - 2023-12-03 09:16:28 [scrapy.utils.log] INFO: Scrapy 2.11.0 started (bot: job_cralwer)
[2023-12-03T09:16:28.909+0700] {subprocess.py:93} INFO - 2023-12-03 09:16:28 [scrapy.utils.log] INFO: Versions: lxml 4.9.3.0, libxml2 2.10.3, cssselect 1.2.0, parsel 1.8.1, w3lib 2.1.2, Twisted 22.10.0, Python 3.10.12 (main, Nov 20 2023, 15:14:05) [GCC 11.4.0], pyOpenSSL 23.3.0 (OpenSSL 3.1.4 24 Oct 2023), cryptography 41.0.5, Platform Linux-6.2.0-37-generic-x86_64-with-glibc2.35
[2023-12-03T09:16:28.912+0700] {subprocess.py:93} INFO - 2023-12-03 09:16:28 [scrapy.addons] INFO: Enabled addons:
[2023-12-03T09:16:28.912+0700] {subprocess.py:93} INFO - []
[2023-12-03T09:16:28.912+0700] {subprocess.py:93} INFO - 2023-12-03 09:16:28 [asyncio] DEBUG: Using selector: EpollSelector
[2023-12-03T09:16:28.913+0700] {subprocess.py:93} INFO - 2023-12-03 09:16:28 [scrapy.utils.log] DEBUG: Using reactor: twisted.internet.asyncioreactor.AsyncioSelectorReactor
[2023-12-03T09:16:28.913+0700] {subprocess.py:93} INFO - 2023-12-03 09:16:28 [scrapy.utils.log] DEBUG: Using asyncio event loop: asyncio.unix_events._UnixSelectorEventLoop
[2023-12-03T09:16:28.922+0700] {subprocess.py:93} INFO - 2023-12-03 09:16:28 [scrapy.extensions.telnet] INFO: Telnet Password: 2fc087e82c1fa878
[2023-12-03T09:16:28.956+0700] {subprocess.py:93} INFO - 2023-12-03 09:16:28 [scrapy.middleware] INFO: Enabled extensions:
[2023-12-03T09:16:28.957+0700] {subprocess.py:93} INFO - ['scrapy.extensions.corestats.CoreStats',
[2023-12-03T09:16:28.957+0700] {subprocess.py:93} INFO -  'scrapy.extensions.telnet.TelnetConsole',
[2023-12-03T09:16:28.957+0700] {subprocess.py:93} INFO -  'scrapy.extensions.memusage.MemoryUsage',
[2023-12-03T09:16:28.957+0700] {subprocess.py:93} INFO -  'scrapy.extensions.feedexport.FeedExporter',
[2023-12-03T09:16:28.957+0700] {subprocess.py:93} INFO -  'scrapy.extensions.logstats.LogStats']
[2023-12-03T09:16:28.957+0700] {subprocess.py:93} INFO - 2023-12-03 09:16:28 [scrapy.crawler] INFO: Overridden settings:
[2023-12-03T09:16:28.957+0700] {subprocess.py:93} INFO - {'BOT_NAME': 'job_cralwer',
[2023-12-03T09:16:28.957+0700] {subprocess.py:93} INFO -  'FEED_EXPORT_ENCODING': 'utf-8',
[2023-12-03T09:16:28.958+0700] {subprocess.py:93} INFO -  'NEWSPIDER_MODULE': 'job_cralwer.spiders',
[2023-12-03T09:16:28.958+0700] {subprocess.py:93} INFO -  'REQUEST_FINGERPRINTER_IMPLEMENTATION': '2.7',
[2023-12-03T09:16:28.958+0700] {subprocess.py:93} INFO -  'ROBOTSTXT_OBEY': True,
[2023-12-03T09:16:28.958+0700] {subprocess.py:93} INFO -  'SPIDER_MODULES': ['job_cralwer.spiders'],
[2023-12-03T09:16:28.958+0700] {subprocess.py:93} INFO -  'TWISTED_REACTOR': 'twisted.internet.asyncioreactor.AsyncioSelectorReactor'}
[2023-12-03T09:16:29.024+0700] {subprocess.py:93} INFO - 2023-12-03 09:16:29 [scrapy.middleware] INFO: Enabled downloader middlewares:
[2023-12-03T09:16:29.025+0700] {subprocess.py:93} INFO - ['scrapy.downloadermiddlewares.robotstxt.RobotsTxtMiddleware',
[2023-12-03T09:16:29.025+0700] {subprocess.py:93} INFO -  'scrapy.downloadermiddlewares.httpauth.HttpAuthMiddleware',
[2023-12-03T09:16:29.025+0700] {subprocess.py:93} INFO -  'scrapy.downloadermiddlewares.downloadtimeout.DownloadTimeoutMiddleware',
[2023-12-03T09:16:29.025+0700] {subprocess.py:93} INFO -  'scrapy.downloadermiddlewares.defaultheaders.DefaultHeadersMiddleware',
[2023-12-03T09:16:29.025+0700] {subprocess.py:93} INFO -  'scrapy.downloadermiddlewares.useragent.UserAgentMiddleware',
[2023-12-03T09:16:29.025+0700] {subprocess.py:93} INFO -  'scrapy.downloadermiddlewares.retry.RetryMiddleware',
[2023-12-03T09:16:29.025+0700] {subprocess.py:93} INFO -  'scrapy.downloadermiddlewares.redirect.MetaRefreshMiddleware',
[2023-12-03T09:16:29.025+0700] {subprocess.py:93} INFO -  'scrapy.downloadermiddlewares.httpcompression.HttpCompressionMiddleware',
[2023-12-03T09:16:29.025+0700] {subprocess.py:93} INFO -  'scrapy.downloadermiddlewares.redirect.RedirectMiddleware',
[2023-12-03T09:16:29.025+0700] {subprocess.py:93} INFO -  'scrapy.downloadermiddlewares.cookies.CookiesMiddleware',
[2023-12-03T09:16:29.025+0700] {subprocess.py:93} INFO -  'scrapy.downloadermiddlewares.httpproxy.HttpProxyMiddleware',
[2023-12-03T09:16:29.025+0700] {subprocess.py:93} INFO -  'scrapy.downloadermiddlewares.stats.DownloaderStats']
[2023-12-03T09:16:29.026+0700] {subprocess.py:93} INFO - 2023-12-03 09:16:29 [scrapy.middleware] INFO: Enabled spider middlewares:
[2023-12-03T09:16:29.027+0700] {subprocess.py:93} INFO - ['scrapy.spidermiddlewares.httperror.HttpErrorMiddleware',
[2023-12-03T09:16:29.027+0700] {subprocess.py:93} INFO -  'scrapy.spidermiddlewares.offsite.OffsiteMiddleware',
[2023-12-03T09:16:29.027+0700] {subprocess.py:93} INFO -  'scrapy.spidermiddlewares.referer.RefererMiddleware',
[2023-12-03T09:16:29.027+0700] {subprocess.py:93} INFO -  'scrapy.spidermiddlewares.urllength.UrlLengthMiddleware',
[2023-12-03T09:16:29.027+0700] {subprocess.py:93} INFO -  'scrapy.spidermiddlewares.depth.DepthMiddleware']
[2023-12-03T09:16:29.027+0700] {subprocess.py:93} INFO - 2023-12-03 09:16:29 [scrapy.middleware] INFO: Enabled item pipelines:
[2023-12-03T09:16:29.027+0700] {subprocess.py:93} INFO - []
[2023-12-03T09:16:29.027+0700] {subprocess.py:93} INFO - 2023-12-03 09:16:29 [scrapy.core.engine] INFO: Spider opened
[2023-12-03T09:16:29.032+0700] {subprocess.py:93} INFO - 2023-12-03 09:16:29 [scrapy.extensions.logstats] INFO: Crawled 0 pages (at 0 pages/min), scraped 0 items (at 0 items/min)
[2023-12-03T09:16:29.033+0700] {subprocess.py:93} INFO - 2023-12-03 09:16:29 [scrapy.extensions.telnet] INFO: Telnet console listening on 127.0.0.1:6023
[2023-12-03T09:16:31.274+0700] {subprocess.py:93} INFO - 2023-12-03 09:16:31 [scrapy.core.engine] DEBUG: Crawled (404) <GET https://quotes.toscrape.com/robots.txt> (referer: None)
[2023-12-03T09:16:31.788+0700] {subprocess.py:93} INFO - 2023-12-03 09:16:31 [scrapy.core.engine] DEBUG: Crawled (200) <GET https://quotes.toscrape.com/page/1/> (referer: None)
[2023-12-03T09:16:31.902+0700] {subprocess.py:93} INFO - 2023-12-03 09:16:31 [scrapy.core.scraper] DEBUG: Scraped from <200 https://quotes.toscrape.com/page/1/>
[2023-12-03T09:16:31.902+0700] {subprocess.py:93} INFO - {'text': '“The world as we have created it is a process of our thinking. It cannot be changed without changing our thinking.”', 'author': 'Albert Einstein', 'tags': ['change', 'deep-thoughts', 'thinking', 'world']}
[2023-12-03T09:16:31.904+0700] {subprocess.py:93} INFO - 2023-12-03 09:16:31 [scrapy.core.scraper] DEBUG: Scraped from <200 https://quotes.toscrape.com/page/1/>
[2023-12-03T09:16:31.905+0700] {subprocess.py:93} INFO - {'text': '“It is our choices, Harry, that show what we truly are, far more than our abilities.”', 'author': 'J.K. Rowling', 'tags': ['abilities', 'choices']}
[2023-12-03T09:16:31.905+0700] {subprocess.py:93} INFO - 2023-12-03 09:16:31 [scrapy.core.scraper] DEBUG: Scraped from <200 https://quotes.toscrape.com/page/1/>
[2023-12-03T09:16:31.906+0700] {subprocess.py:93} INFO - {'text': '“There are only two ways to live your life. One is as though nothing is a miracle. The other is as though everything is a miracle.”', 'author': 'Albert Einstein', 'tags': ['inspirational', 'life', 'live', 'miracle', 'miracles']}
[2023-12-03T09:16:31.906+0700] {subprocess.py:93} INFO - 2023-12-03 09:16:31 [scrapy.core.scraper] DEBUG: Scraped from <200 https://quotes.toscrape.com/page/1/>
[2023-12-03T09:16:31.907+0700] {subprocess.py:93} INFO - {'text': '“The person, be it gentleman or lady, who has not pleasure in a good novel, must be intolerably stupid.”', 'author': 'Jane Austen', 'tags': ['aliteracy', 'books', 'classic', 'humor']}
[2023-12-03T09:16:31.907+0700] {subprocess.py:93} INFO - 2023-12-03 09:16:31 [scrapy.core.scraper] DEBUG: Scraped from <200 https://quotes.toscrape.com/page/1/>
[2023-12-03T09:16:31.908+0700] {subprocess.py:93} INFO - {'text': "“Imperfection is beauty, madness is genius and it's better to be absolutely ridiculous than absolutely boring.”", 'author': 'Marilyn Monroe', 'tags': ['be-yourself', 'inspirational']}
[2023-12-03T09:16:31.908+0700] {subprocess.py:93} INFO - 2023-12-03 09:16:31 [scrapy.core.scraper] DEBUG: Scraped from <200 https://quotes.toscrape.com/page/1/>
[2023-12-03T09:16:31.908+0700] {subprocess.py:93} INFO - {'text': '“Try not to become a man of success. Rather become a man of value.”', 'author': 'Albert Einstein', 'tags': ['adulthood', 'success', 'value']}
[2023-12-03T09:16:31.909+0700] {subprocess.py:93} INFO - 2023-12-03 09:16:31 [scrapy.core.scraper] DEBUG: Scraped from <200 https://quotes.toscrape.com/page/1/>
[2023-12-03T09:16:31.909+0700] {subprocess.py:93} INFO - {'text': '“It is better to be hated for what you are than to be loved for what you are not.”', 'author': 'André Gide', 'tags': ['life', 'love']}
[2023-12-03T09:16:31.910+0700] {subprocess.py:93} INFO - 2023-12-03 09:16:31 [scrapy.core.scraper] DEBUG: Scraped from <200 https://quotes.toscrape.com/page/1/>
[2023-12-03T09:16:31.910+0700] {subprocess.py:93} INFO - {'text': "“I have not failed. I've just found 10,000 ways that won't work.”", 'author': 'Thomas A. Edison', 'tags': ['edison', 'failure', 'inspirational', 'paraphrased']}
[2023-12-03T09:16:31.911+0700] {subprocess.py:93} INFO - 2023-12-03 09:16:31 [scrapy.core.scraper] DEBUG: Scraped from <200 https://quotes.toscrape.com/page/1/>
[2023-12-03T09:16:31.911+0700] {subprocess.py:93} INFO - {'text': "“A woman is like a tea bag; you never know how strong it is until it's in hot water.”", 'author': 'Eleanor Roosevelt', 'tags': ['misattributed-eleanor-roosevelt']}
[2023-12-03T09:16:31.912+0700] {subprocess.py:93} INFO - 2023-12-03 09:16:31 [scrapy.core.scraper] DEBUG: Scraped from <200 https://quotes.toscrape.com/page/1/>
[2023-12-03T09:16:31.912+0700] {subprocess.py:93} INFO - {'text': '“A day without sunshine is like, you know, night.”', 'author': 'Steve Martin', 'tags': ['humor', 'obvious', 'simile']}
[2023-12-03T09:16:33.194+0700] {subprocess.py:93} INFO - 2023-12-03 09:16:33 [scrapy.core.engine] DEBUG: Crawled (200) <GET https://quotes.toscrape.com/page/2/> (referer: None)
[2023-12-03T09:16:33.296+0700] {subprocess.py:93} INFO - 2023-12-03 09:16:33 [scrapy.core.scraper] DEBUG: Scraped from <200 https://quotes.toscrape.com/page/2/>
[2023-12-03T09:16:33.297+0700] {subprocess.py:93} INFO - {'text': "“This life is what you make it. No matter what, you're going to mess up sometimes, it's a universal truth. But the good part is you get to decide how you're going to mess it up. Girls will be your friends - they'll act like it anyway. But just remember, some come, some go. The ones that stay with you through everything - they're your true best friends. Don't let go of them. Also remember, sisters make the best friends in the world. As for lovers, well, they'll come and go too. And baby, I hate to say it, most of them - actually pretty much all of them are going to break your heart, but you can't give up because if you give up, you'll never find your soulmate. You'll never find that half who makes you whole and that goes for everything. Just because you fail once, doesn't mean you're gonna fail at everything. Keep trying, hold on, and always, always, always believe in yourself, because if you don't, then who will, sweetie? So keep your head high, keep your chin up, and most importantly, keep smiling, because life's a beautiful thing and there's so much to smile about.”", 'author': 'Marilyn Monroe', 'tags': ['friends', 'heartbreak', 'inspirational', 'life', 'love', 'sisters']}
[2023-12-03T09:16:33.297+0700] {subprocess.py:93} INFO - 2023-12-03 09:16:33 [scrapy.core.scraper] DEBUG: Scraped from <200 https://quotes.toscrape.com/page/2/>
[2023-12-03T09:16:33.297+0700] {subprocess.py:93} INFO - {'text': '“It takes a great deal of bravery to stand up to our enemies, but just as much to stand up to our friends.”', 'author': 'J.K. Rowling', 'tags': ['courage', 'friends']}
[2023-12-03T09:16:33.297+0700] {subprocess.py:93} INFO - 2023-12-03 09:16:33 [scrapy.core.scraper] DEBUG: Scraped from <200 https://quotes.toscrape.com/page/2/>
[2023-12-03T09:16:33.297+0700] {subprocess.py:93} INFO - {'text': "“If you can't explain it to a six year old, you don't understand it yourself.”", 'author': 'Albert Einstein', 'tags': ['simplicity', 'understand']}
[2023-12-03T09:16:33.298+0700] {subprocess.py:93} INFO - 2023-12-03 09:16:33 [scrapy.core.scraper] DEBUG: Scraped from <200 https://quotes.toscrape.com/page/2/>
[2023-12-03T09:16:33.298+0700] {subprocess.py:93} INFO - {'text': "“You may not be her first, her last, or her only. She loved before she may love again. But if she loves you now, what else matters? She's not perfect—you aren't either, and the two of you may never be perfect together but if she can make you laugh, cause you to think twice, and admit to being human and making mistakes, hold onto her and give her the most you can. She may not be thinking about you every second of the day, but she will give you a part of her that she knows you can break—her heart. So don't hurt her, don't change her, don't analyze and don't expect more than she can give. Smile when she makes you happy, let her know when she makes you mad, and miss her when she's not there.”", 'author': 'Bob Marley', 'tags': ['love']}
[2023-12-03T09:16:33.298+0700] {subprocess.py:93} INFO - 2023-12-03 09:16:33 [scrapy.core.scraper] DEBUG: Scraped from <200 https://quotes.toscrape.com/page/2/>
[2023-12-03T09:16:33.298+0700] {subprocess.py:93} INFO - {'text': '“I like nonsense, it wakes up the brain cells. Fantasy is a necessary ingredient in living.”', 'author': 'Dr. Seuss', 'tags': ['fantasy']}
[2023-12-03T09:16:33.298+0700] {subprocess.py:93} INFO - 2023-12-03 09:16:33 [scrapy.core.scraper] DEBUG: Scraped from <200 https://quotes.toscrape.com/page/2/>
[2023-12-03T09:16:33.298+0700] {subprocess.py:93} INFO - {'text': '“I may not have gone where I intended to go, but I think I have ended up where I needed to be.”', 'author': 'Douglas Adams', 'tags': ['life', 'navigation']}
[2023-12-03T09:16:33.299+0700] {subprocess.py:93} INFO - 2023-12-03 09:16:33 [scrapy.core.scraper] DEBUG: Scraped from <200 https://quotes.toscrape.com/page/2/>
[2023-12-03T09:16:33.299+0700] {subprocess.py:93} INFO - {'text': "“The opposite of love is not hate, it's indifference. The opposite of art is not ugliness, it's indifference. The opposite of faith is not heresy, it's indifference. And the opposite of life is not death, it's indifference.”", 'author': 'Elie Wiesel', 'tags': ['activism', 'apathy', 'hate', 'indifference', 'inspirational', 'love', 'opposite', 'philosophy']}
[2023-12-03T09:16:33.299+0700] {subprocess.py:93} INFO - 2023-12-03 09:16:33 [scrapy.core.scraper] DEBUG: Scraped from <200 https://quotes.toscrape.com/page/2/>
[2023-12-03T09:16:33.299+0700] {subprocess.py:93} INFO - {'text': '“It is not a lack of love, but a lack of friendship that makes unhappy marriages.”', 'author': 'Friedrich Nietzsche', 'tags': ['friendship', 'lack-of-friendship', 'lack-of-love', 'love', 'marriage', 'unhappy-marriage']}
[2023-12-03T09:16:33.300+0700] {subprocess.py:93} INFO - 2023-12-03 09:16:33 [scrapy.core.scraper] DEBUG: Scraped from <200 https://quotes.toscrape.com/page/2/>
[2023-12-03T09:16:33.300+0700] {subprocess.py:93} INFO - {'text': '“Good friends, good books, and a sleepy conscience: this is the ideal life.”', 'author': 'Mark Twain', 'tags': ['books', 'contentment', 'friends', 'friendship', 'life']}
[2023-12-03T09:16:33.300+0700] {subprocess.py:93} INFO - 2023-12-03 09:16:33 [scrapy.core.scraper] DEBUG: Scraped from <200 https://quotes.toscrape.com/page/2/>
[2023-12-03T09:16:33.300+0700] {subprocess.py:93} INFO - {'text': '“Life is what happens to us while we are making other plans.”', 'author': 'Allen Saunders', 'tags': ['fate', 'life', 'misattributed-john-lennon', 'planning', 'plans']}
[2023-12-03T09:16:33.302+0700] {subprocess.py:93} INFO - 2023-12-03 09:16:33 [scrapy.core.engine] INFO: Closing spider (finished)
[2023-12-03T09:16:33.302+0700] {subprocess.py:93} INFO - 2023-12-03 09:16:33 [scrapy.extensions.feedexport] INFO: Stored json feed (20 items) in: /home/phuc/Practice/DataScience/DSProject/data/raw/quotes/quotes_2023-12-03T02-16-29+00-00.json
[2023-12-03T09:16:33.303+0700] {subprocess.py:93} INFO - 2023-12-03 09:16:33 [scrapy.statscollectors] INFO: Dumping Scrapy stats:
[2023-12-03T09:16:33.303+0700] {subprocess.py:93} INFO - {'downloader/request_bytes': 684,
[2023-12-03T09:16:33.303+0700] {subprocess.py:93} INFO -  'downloader/request_count': 3,
[2023-12-03T09:16:33.303+0700] {subprocess.py:93} INFO -  'downloader/request_method_count/GET': 3,
[2023-12-03T09:16:33.304+0700] {subprocess.py:93} INFO -  'downloader/response_bytes': 25556,
[2023-12-03T09:16:33.304+0700] {subprocess.py:93} INFO -  'downloader/response_count': 3,
[2023-12-03T09:16:33.304+0700] {subprocess.py:93} INFO -  'downloader/response_status_count/200': 2,
[2023-12-03T09:16:33.304+0700] {subprocess.py:93} INFO -  'downloader/response_status_count/404': 1,
[2023-12-03T09:16:33.304+0700] {subprocess.py:93} INFO -  'elapsed_time_seconds': 4.270163,
[2023-12-03T09:16:33.304+0700] {subprocess.py:93} INFO -  'feedexport/success_count/FileFeedStorage': 1,
[2023-12-03T09:16:33.304+0700] {subprocess.py:93} INFO -  'finish_reason': 'finished',
[2023-12-03T09:16:33.304+0700] {subprocess.py:93} INFO -  'finish_time': datetime.datetime(2023, 12, 3, 2, 16, 33, 302454, tzinfo=datetime.timezone.utc),
[2023-12-03T09:16:33.304+0700] {subprocess.py:93} INFO -  'item_scraped_count': 20,
[2023-12-03T09:16:33.304+0700] {subprocess.py:93} INFO -  'log_count/DEBUG': 26,
[2023-12-03T09:16:33.305+0700] {subprocess.py:93} INFO -  'log_count/INFO': 11,
[2023-12-03T09:16:33.305+0700] {subprocess.py:93} INFO -  'memusage/max': 76394496,
[2023-12-03T09:16:33.305+0700] {subprocess.py:93} INFO -  'memusage/startup': 76394496,
[2023-12-03T09:16:33.305+0700] {subprocess.py:93} INFO -  'response_received_count': 3,
[2023-12-03T09:16:33.305+0700] {subprocess.py:93} INFO -  'robotstxt/request_count': 1,
[2023-12-03T09:16:33.305+0700] {subprocess.py:93} INFO -  'robotstxt/response_count': 1,
[2023-12-03T09:16:33.305+0700] {subprocess.py:93} INFO -  'robotstxt/response_status_count/404': 1,
[2023-12-03T09:16:33.305+0700] {subprocess.py:93} INFO -  'scheduler/dequeued': 2,
[2023-12-03T09:16:33.305+0700] {subprocess.py:93} INFO -  'scheduler/dequeued/memory': 2,
[2023-12-03T09:16:33.305+0700] {subprocess.py:93} INFO -  'scheduler/enqueued': 2,
[2023-12-03T09:16:33.305+0700] {subprocess.py:93} INFO -  'scheduler/enqueued/memory': 2,
[2023-12-03T09:16:33.305+0700] {subprocess.py:93} INFO -  'start_time': datetime.datetime(2023, 12, 3, 2, 16, 29, 32291, tzinfo=datetime.timezone.utc)}
[2023-12-03T09:16:33.305+0700] {subprocess.py:93} INFO - 2023-12-03 09:16:33 [scrapy.core.engine] INFO: Spider closed (finished)
[2023-12-03T09:16:33.710+0700] {subprocess.py:97} INFO - Command exited with return code 0
[2023-12-03T09:16:33.731+0700] {taskinstance.py:1400} INFO - Marking task as SUCCESS. dag_id=my_first_dag, task_id=crawl_data, execution_date=20231203T014607, start_date=20231203T021628, end_date=20231203T021633
[2023-12-03T09:16:33.764+0700] {local_task_job_runner.py:228} INFO - Task exited with return code 0
[2023-12-03T09:16:33.779+0700] {taskinstance.py:2778} INFO - 1 downstream tasks scheduled from follow-on schedule check
