[2023-12-17T08:52:53.657+0700] {taskinstance.py:1159} INFO - Dependencies all met for dep_context=non-requeueable deps ti=<TaskInstance: sjvlksdnv.clean_data_and_ingest manual__2023-12-17T01:52:50.516305+00:00 [queued]>
[2023-12-17T08:52:53.660+0700] {taskinstance.py:1159} INFO - Dependencies all met for dep_context=requeueable deps ti=<TaskInstance: sjvlksdnv.clean_data_and_ingest manual__2023-12-17T01:52:50.516305+00:00 [queued]>
[2023-12-17T08:52:53.661+0700] {taskinstance.py:1361} INFO - Starting attempt 1 of 4
[2023-12-17T08:52:53.667+0700] {taskinstance.py:1382} INFO - Executing <Task(BashOperator): clean_data_and_ingest> on 2023-12-17 01:52:50.516305+00:00
[2023-12-17T08:52:53.669+0700] {standard_task_runner.py:57} INFO - Started process 331472 to run task
[2023-12-17T08:52:53.671+0700] {standard_task_runner.py:84} INFO - Running: ['airflow', 'tasks', 'run', 'sjvlksdnv', 'clean_data_and_ingest', 'manual__2023-12-17T01:52:50.516305+00:00', '--job-id', '17', '--raw', '--subdir', 'DAGS_FOLDER/sjdkj.py', '--cfg-path', '/tmp/tmp9ygoi0sr']
[2023-12-17T08:52:53.672+0700] {standard_task_runner.py:85} INFO - Job 17: Subtask clean_data_and_ingest
[2023-12-17T08:52:53.690+0700] {task_command.py:416} INFO - Running <TaskInstance: sjvlksdnv.clean_data_and_ingest manual__2023-12-17T01:52:50.516305+00:00 [running]> on host phuc-ASUS
[2023-12-17T08:52:53.721+0700] {taskinstance.py:1662} INFO - Exporting env vars: AIRFLOW_CTX_DAG_OWNER='airflow' AIRFLOW_CTX_DAG_ID='sjvlksdnv' AIRFLOW_CTX_TASK_ID='clean_data_and_ingest' AIRFLOW_CTX_EXECUTION_DATE='2023-12-17T01:52:50.516305+00:00' AIRFLOW_CTX_TRY_NUMBER='1' AIRFLOW_CTX_DAG_RUN_ID='manual__2023-12-17T01:52:50.516305+00:00'
[2023-12-17T08:52:53.722+0700] {subprocess.py:63} INFO - Tmp dir root location: /tmp
[2023-12-17T08:52:53.722+0700] {subprocess.py:75} INFO - Running command: ['/usr/bin/bash', '-c', 'python3 careerlink/transformation_and_ingestion.py $daily_table /home/phuc/Practice/DataScience/DSProject/data/ingestion/careerlink']
[2023-12-17T08:52:53.726+0700] {subprocess.py:86} INFO - Output:
[2023-12-17T08:52:53.776+0700] {subprocess.py:93} INFO - Traceback (most recent call last):
[2023-12-17T08:52:53.776+0700] {subprocess.py:93} INFO -   File "/home/phuc/Practice/DataScience/DSProject/job_transformation/careerlink/transformation_and_ingestion.py", line 1, in <module>
[2023-12-17T08:52:53.776+0700] {subprocess.py:93} INFO -     import typer
[2023-12-17T08:52:53.777+0700] {subprocess.py:93} INFO - ModuleNotFoundError: No module named 'typer'
[2023-12-17T08:52:53.784+0700] {subprocess.py:97} INFO - Command exited with return code 1
[2023-12-17T08:52:53.788+0700] {taskinstance.py:1937} ERROR - Task failed with exception
Traceback (most recent call last):
  File "/home/phuc/Practice/DataScience/DSProject/venv/lib/python3.10/site-packages/airflow/operators/bash.py", line 210, in execute
    raise AirflowException(
airflow.exceptions.AirflowException: Bash command failed. The command returned a non-zero exit code 1.
[2023-12-17T08:52:53.790+0700] {taskinstance.py:1400} INFO - Marking task as UP_FOR_RETRY. dag_id=sjvlksdnv, task_id=clean_data_and_ingest, execution_date=20231217T015250, start_date=20231217T015253, end_date=20231217T015253
[2023-12-17T08:52:53.795+0700] {standard_task_runner.py:104} ERROR - Failed to execute job 17 for task clean_data_and_ingest (Bash command failed. The command returned a non-zero exit code 1.; 331472)
[2023-12-17T08:52:53.803+0700] {local_task_job_runner.py:228} INFO - Task exited with return code 1
[2023-12-17T08:52:53.815+0700] {taskinstance.py:2778} INFO - 0 downstream tasks scheduled from follow-on schedule check
