[2023-12-17T08:03:42.407+0700] {processor.py:157} INFO - Started process (PID=309899) to work on /home/phuc/Practice/DataScience/DSProject/venv/lib/python3.10/site-packages/airflow/example_dags/example_complex.py
[2023-12-17T08:03:42.408+0700] {processor.py:829} INFO - Processing file /home/phuc/Practice/DataScience/DSProject/venv/lib/python3.10/site-packages/airflow/example_dags/example_complex.py for tasks to queue
[2023-12-17T08:03:42.408+0700] {logging_mixin.py:154} INFO - [2023-12-17T08:03:42.408+0700] {dagbag.py:536} INFO - Filling up the DagBag from /home/phuc/Practice/DataScience/DSProject/venv/lib/python3.10/site-packages/airflow/example_dags/example_complex.py
[2023-12-17T08:03:42.414+0700] {processor.py:839} INFO - DAG(s) dict_keys(['example_complex']) retrieved from /home/phuc/Practice/DataScience/DSProject/venv/lib/python3.10/site-packages/airflow/example_dags/example_complex.py
[2023-12-17T08:03:42.486+0700] {logging_mixin.py:154} INFO - [2023-12-17T08:03:42.485+0700] {manager.py:499} INFO - Created Permission View: %s
[2023-12-17T08:03:42.495+0700] {logging_mixin.py:154} INFO - [2023-12-17T08:03:42.495+0700] {manager.py:499} INFO - Created Permission View: %s
[2023-12-17T08:03:42.500+0700] {logging_mixin.py:154} INFO - [2023-12-17T08:03:42.500+0700] {manager.py:499} INFO - Created Permission View: %s
[2023-12-17T08:03:42.501+0700] {logging_mixin.py:154} INFO - [2023-12-17T08:03:42.501+0700] {dag.py:2941} INFO - Sync 1 DAGs
[2023-12-17T08:03:42.508+0700] {logging_mixin.py:154} INFO - [2023-12-17T08:03:42.508+0700] {dag.py:2963} INFO - Creating ORM DAG for example_complex
[2023-12-17T08:03:42.508+0700] {logging_mixin.py:154} INFO - [2023-12-17T08:03:42.508+0700] {dag.py:3722} INFO - Setting next_dagrun for example_complex to None, run_after=None
[2023-12-17T08:03:42.522+0700] {processor.py:179} INFO - Processing /home/phuc/Practice/DataScience/DSProject/venv/lib/python3.10/site-packages/airflow/example_dags/example_complex.py took 0.117 seconds
[2023-12-17T08:05:57.152+0700] {processor.py:157} INFO - Started process (PID=311189) to work on /home/phuc/Practice/DataScience/DSProject/venv/lib/python3.10/site-packages/airflow/example_dags/example_complex.py
[2023-12-17T08:05:57.159+0700] {processor.py:829} INFO - Processing file /home/phuc/Practice/DataScience/DSProject/venv/lib/python3.10/site-packages/airflow/example_dags/example_complex.py for tasks to queue
[2023-12-17T08:05:57.160+0700] {logging_mixin.py:154} INFO - [2023-12-17T08:05:57.160+0700] {dagbag.py:536} INFO - Filling up the DagBag from /home/phuc/Practice/DataScience/DSProject/venv/lib/python3.10/site-packages/airflow/example_dags/example_complex.py
[2023-12-17T08:05:57.169+0700] {processor.py:839} INFO - DAG(s) dict_keys(['example_complex']) retrieved from /home/phuc/Practice/DataScience/DSProject/venv/lib/python3.10/site-packages/airflow/example_dags/example_complex.py
[2023-12-17T08:05:57.194+0700] {logging_mixin.py:154} INFO - [2023-12-17T08:05:57.193+0700] {dag.py:2941} INFO - Sync 1 DAGs
[2023-12-17T08:05:57.203+0700] {logging_mixin.py:154} INFO - [2023-12-17T08:05:57.203+0700] {dag.py:3722} INFO - Setting next_dagrun for example_complex to None, run_after=None
[2023-12-17T08:05:57.221+0700] {processor.py:179} INFO - Processing /home/phuc/Practice/DataScience/DSProject/venv/lib/python3.10/site-packages/airflow/example_dags/example_complex.py took 0.071 seconds
[2023-12-17T08:06:53.826+0700] {processor.py:157} INFO - Started process (PID=311800) to work on /home/phuc/Practice/DataScience/DSProject/venv/lib/python3.10/site-packages/airflow/example_dags/example_complex.py
[2023-12-17T08:06:53.833+0700] {processor.py:829} INFO - Processing file /home/phuc/Practice/DataScience/DSProject/venv/lib/python3.10/site-packages/airflow/example_dags/example_complex.py for tasks to queue
[2023-12-17T08:06:53.834+0700] {logging_mixin.py:154} INFO - [2023-12-17T08:06:53.833+0700] {dagbag.py:536} INFO - Filling up the DagBag from /home/phuc/Practice/DataScience/DSProject/venv/lib/python3.10/site-packages/airflow/example_dags/example_complex.py
[2023-12-17T08:06:53.846+0700] {processor.py:839} INFO - DAG(s) dict_keys(['example_complex']) retrieved from /home/phuc/Practice/DataScience/DSProject/venv/lib/python3.10/site-packages/airflow/example_dags/example_complex.py
[2023-12-17T08:06:53.865+0700] {logging_mixin.py:154} INFO - [2023-12-17T08:06:53.865+0700] {dag.py:2941} INFO - Sync 1 DAGs
[2023-12-17T08:06:53.873+0700] {logging_mixin.py:154} INFO - [2023-12-17T08:06:53.873+0700] {dag.py:3722} INFO - Setting next_dagrun for example_complex to None, run_after=None
[2023-12-17T08:06:53.890+0700] {processor.py:179} INFO - Processing /home/phuc/Practice/DataScience/DSProject/venv/lib/python3.10/site-packages/airflow/example_dags/example_complex.py took 0.067 seconds
[2023-12-17T08:08:46.772+0700] {processor.py:157} INFO - Started process (PID=313172) to work on /home/phuc/Practice/DataScience/DSProject/venv/lib/python3.10/site-packages/airflow/example_dags/example_complex.py
[2023-12-17T08:08:46.779+0700] {processor.py:829} INFO - Processing file /home/phuc/Practice/DataScience/DSProject/venv/lib/python3.10/site-packages/airflow/example_dags/example_complex.py for tasks to queue
[2023-12-17T08:08:46.780+0700] {logging_mixin.py:154} INFO - [2023-12-17T08:08:46.779+0700] {dagbag.py:536} INFO - Filling up the DagBag from /home/phuc/Practice/DataScience/DSProject/venv/lib/python3.10/site-packages/airflow/example_dags/example_complex.py
[2023-12-17T08:08:46.793+0700] {processor.py:839} INFO - DAG(s) dict_keys(['example_complex']) retrieved from /home/phuc/Practice/DataScience/DSProject/venv/lib/python3.10/site-packages/airflow/example_dags/example_complex.py
[2023-12-17T08:08:46.807+0700] {logging_mixin.py:154} INFO - [2023-12-17T08:08:46.807+0700] {dag.py:2941} INFO - Sync 1 DAGs
[2023-12-17T08:08:46.813+0700] {logging_mixin.py:154} INFO - [2023-12-17T08:08:46.813+0700] {dag.py:3722} INFO - Setting next_dagrun for example_complex to None, run_after=None
[2023-12-17T08:08:46.825+0700] {processor.py:179} INFO - Processing /home/phuc/Practice/DataScience/DSProject/venv/lib/python3.10/site-packages/airflow/example_dags/example_complex.py took 0.056 seconds
[2023-12-17T08:09:37.036+0700] {processor.py:157} INFO - Started process (PID=313513) to work on /home/phuc/Practice/DataScience/DSProject/venv/lib/python3.10/site-packages/airflow/example_dags/example_complex.py
[2023-12-17T08:09:37.043+0700] {processor.py:829} INFO - Processing file /home/phuc/Practice/DataScience/DSProject/venv/lib/python3.10/site-packages/airflow/example_dags/example_complex.py for tasks to queue
[2023-12-17T08:09:37.044+0700] {logging_mixin.py:154} INFO - [2023-12-17T08:09:37.044+0700] {dagbag.py:536} INFO - Filling up the DagBag from /home/phuc/Practice/DataScience/DSProject/venv/lib/python3.10/site-packages/airflow/example_dags/example_complex.py
[2023-12-17T08:09:37.052+0700] {processor.py:839} INFO - DAG(s) dict_keys(['example_complex']) retrieved from /home/phuc/Practice/DataScience/DSProject/venv/lib/python3.10/site-packages/airflow/example_dags/example_complex.py
[2023-12-17T08:09:37.066+0700] {logging_mixin.py:154} INFO - [2023-12-17T08:09:37.066+0700] {dag.py:2941} INFO - Sync 1 DAGs
[2023-12-17T08:09:37.072+0700] {logging_mixin.py:154} INFO - [2023-12-17T08:09:37.072+0700] {dag.py:3722} INFO - Setting next_dagrun for example_complex to None, run_after=None
[2023-12-17T08:09:37.084+0700] {processor.py:179} INFO - Processing /home/phuc/Practice/DataScience/DSProject/venv/lib/python3.10/site-packages/airflow/example_dags/example_complex.py took 0.049 seconds
[2023-12-17T08:10:26.973+0700] {processor.py:157} INFO - Started process (PID=313862) to work on /home/phuc/Practice/DataScience/DSProject/venv/lib/python3.10/site-packages/airflow/example_dags/example_complex.py
[2023-12-17T08:10:26.980+0700] {processor.py:829} INFO - Processing file /home/phuc/Practice/DataScience/DSProject/venv/lib/python3.10/site-packages/airflow/example_dags/example_complex.py for tasks to queue
[2023-12-17T08:10:26.982+0700] {logging_mixin.py:154} INFO - [2023-12-17T08:10:26.981+0700] {dagbag.py:536} INFO - Filling up the DagBag from /home/phuc/Practice/DataScience/DSProject/venv/lib/python3.10/site-packages/airflow/example_dags/example_complex.py
[2023-12-17T08:10:26.996+0700] {processor.py:839} INFO - DAG(s) dict_keys(['example_complex']) retrieved from /home/phuc/Practice/DataScience/DSProject/venv/lib/python3.10/site-packages/airflow/example_dags/example_complex.py
[2023-12-17T08:10:27.010+0700] {logging_mixin.py:154} INFO - [2023-12-17T08:10:27.010+0700] {dag.py:2941} INFO - Sync 1 DAGs
[2023-12-17T08:10:27.016+0700] {logging_mixin.py:154} INFO - [2023-12-17T08:10:27.016+0700] {dag.py:3722} INFO - Setting next_dagrun for example_complex to None, run_after=None
[2023-12-17T08:10:27.029+0700] {processor.py:179} INFO - Processing /home/phuc/Practice/DataScience/DSProject/venv/lib/python3.10/site-packages/airflow/example_dags/example_complex.py took 0.059 seconds
[2023-12-17T08:11:16.821+0700] {processor.py:157} INFO - Started process (PID=314080) to work on /home/phuc/Practice/DataScience/DSProject/venv/lib/python3.10/site-packages/airflow/example_dags/example_complex.py
[2023-12-17T08:11:16.828+0700] {processor.py:829} INFO - Processing file /home/phuc/Practice/DataScience/DSProject/venv/lib/python3.10/site-packages/airflow/example_dags/example_complex.py for tasks to queue
[2023-12-17T08:11:16.829+0700] {logging_mixin.py:154} INFO - [2023-12-17T08:11:16.829+0700] {dagbag.py:536} INFO - Filling up the DagBag from /home/phuc/Practice/DataScience/DSProject/venv/lib/python3.10/site-packages/airflow/example_dags/example_complex.py
[2023-12-17T08:11:16.843+0700] {processor.py:839} INFO - DAG(s) dict_keys(['example_complex']) retrieved from /home/phuc/Practice/DataScience/DSProject/venv/lib/python3.10/site-packages/airflow/example_dags/example_complex.py
[2023-12-17T08:11:16.858+0700] {logging_mixin.py:154} INFO - [2023-12-17T08:11:16.858+0700] {dag.py:2941} INFO - Sync 1 DAGs
[2023-12-17T08:11:16.864+0700] {logging_mixin.py:154} INFO - [2023-12-17T08:11:16.864+0700] {dag.py:3722} INFO - Setting next_dagrun for example_complex to None, run_after=None
[2023-12-17T08:11:16.876+0700] {processor.py:179} INFO - Processing /home/phuc/Practice/DataScience/DSProject/venv/lib/python3.10/site-packages/airflow/example_dags/example_complex.py took 0.058 seconds
[2023-12-17T08:12:06.094+0700] {processor.py:157} INFO - Started process (PID=314339) to work on /home/phuc/Practice/DataScience/DSProject/venv/lib/python3.10/site-packages/airflow/example_dags/example_complex.py
[2023-12-17T08:12:06.094+0700] {processor.py:829} INFO - Processing file /home/phuc/Practice/DataScience/DSProject/venv/lib/python3.10/site-packages/airflow/example_dags/example_complex.py for tasks to queue
[2023-12-17T08:12:06.095+0700] {logging_mixin.py:154} INFO - [2023-12-17T08:12:06.095+0700] {dagbag.py:536} INFO - Filling up the DagBag from /home/phuc/Practice/DataScience/DSProject/venv/lib/python3.10/site-packages/airflow/example_dags/example_complex.py
[2023-12-17T08:12:06.104+0700] {processor.py:839} INFO - DAG(s) dict_keys(['example_complex']) retrieved from /home/phuc/Practice/DataScience/DSProject/venv/lib/python3.10/site-packages/airflow/example_dags/example_complex.py
[2023-12-17T08:12:06.119+0700] {logging_mixin.py:154} INFO - [2023-12-17T08:12:06.119+0700] {dag.py:2941} INFO - Sync 1 DAGs
[2023-12-17T08:12:06.125+0700] {logging_mixin.py:154} INFO - [2023-12-17T08:12:06.125+0700] {dag.py:3722} INFO - Setting next_dagrun for example_complex to None, run_after=None
[2023-12-17T08:12:06.137+0700] {processor.py:179} INFO - Processing /home/phuc/Practice/DataScience/DSProject/venv/lib/python3.10/site-packages/airflow/example_dags/example_complex.py took 0.047 seconds
[2023-12-17T08:12:57.098+0700] {processor.py:157} INFO - Started process (PID=314564) to work on /home/phuc/Practice/DataScience/DSProject/venv/lib/python3.10/site-packages/airflow/example_dags/example_complex.py
[2023-12-17T08:12:57.105+0700] {processor.py:829} INFO - Processing file /home/phuc/Practice/DataScience/DSProject/venv/lib/python3.10/site-packages/airflow/example_dags/example_complex.py for tasks to queue
[2023-12-17T08:12:57.106+0700] {logging_mixin.py:154} INFO - [2023-12-17T08:12:57.106+0700] {dagbag.py:536} INFO - Filling up the DagBag from /home/phuc/Practice/DataScience/DSProject/venv/lib/python3.10/site-packages/airflow/example_dags/example_complex.py
[2023-12-17T08:12:57.119+0700] {processor.py:839} INFO - DAG(s) dict_keys(['example_complex']) retrieved from /home/phuc/Practice/DataScience/DSProject/venv/lib/python3.10/site-packages/airflow/example_dags/example_complex.py
[2023-12-17T08:12:57.136+0700] {logging_mixin.py:154} INFO - [2023-12-17T08:12:57.136+0700] {dag.py:2941} INFO - Sync 1 DAGs
[2023-12-17T08:12:57.143+0700] {logging_mixin.py:154} INFO - [2023-12-17T08:12:57.143+0700] {dag.py:3722} INFO - Setting next_dagrun for example_complex to None, run_after=None
[2023-12-17T08:12:57.157+0700] {processor.py:179} INFO - Processing /home/phuc/Practice/DataScience/DSProject/venv/lib/python3.10/site-packages/airflow/example_dags/example_complex.py took 0.062 seconds
[2023-12-17T08:13:41.398+0700] {processor.py:157} INFO - Started process (PID=314823) to work on /home/phuc/Practice/DataScience/DSProject/venv/lib/python3.10/site-packages/airflow/example_dags/example_complex.py
[2023-12-17T08:13:41.406+0700] {processor.py:829} INFO - Processing file /home/phuc/Practice/DataScience/DSProject/venv/lib/python3.10/site-packages/airflow/example_dags/example_complex.py for tasks to queue
[2023-12-17T08:13:41.407+0700] {logging_mixin.py:154} INFO - [2023-12-17T08:13:41.406+0700] {dagbag.py:536} INFO - Filling up the DagBag from /home/phuc/Practice/DataScience/DSProject/venv/lib/python3.10/site-packages/airflow/example_dags/example_complex.py
[2023-12-17T08:13:41.420+0700] {processor.py:839} INFO - DAG(s) dict_keys(['example_complex']) retrieved from /home/phuc/Practice/DataScience/DSProject/venv/lib/python3.10/site-packages/airflow/example_dags/example_complex.py
[2023-12-17T08:13:41.435+0700] {logging_mixin.py:154} INFO - [2023-12-17T08:13:41.435+0700] {dag.py:2941} INFO - Sync 1 DAGs
[2023-12-17T08:13:41.441+0700] {logging_mixin.py:154} INFO - [2023-12-17T08:13:41.441+0700] {dag.py:3722} INFO - Setting next_dagrun for example_complex to None, run_after=None
[2023-12-17T08:13:41.454+0700] {processor.py:179} INFO - Processing /home/phuc/Practice/DataScience/DSProject/venv/lib/python3.10/site-packages/airflow/example_dags/example_complex.py took 0.060 seconds
[2023-12-17T08:14:34.677+0700] {processor.py:157} INFO - Started process (PID=315049) to work on /home/phuc/Practice/DataScience/DSProject/venv/lib/python3.10/site-packages/airflow/example_dags/example_complex.py
[2023-12-17T08:14:34.684+0700] {processor.py:829} INFO - Processing file /home/phuc/Practice/DataScience/DSProject/venv/lib/python3.10/site-packages/airflow/example_dags/example_complex.py for tasks to queue
[2023-12-17T08:14:34.686+0700] {logging_mixin.py:154} INFO - [2023-12-17T08:14:34.685+0700] {dagbag.py:536} INFO - Filling up the DagBag from /home/phuc/Practice/DataScience/DSProject/venv/lib/python3.10/site-packages/airflow/example_dags/example_complex.py
[2023-12-17T08:14:34.694+0700] {processor.py:839} INFO - DAG(s) dict_keys(['example_complex']) retrieved from /home/phuc/Practice/DataScience/DSProject/venv/lib/python3.10/site-packages/airflow/example_dags/example_complex.py
[2023-12-17T08:14:34.708+0700] {logging_mixin.py:154} INFO - [2023-12-17T08:14:34.708+0700] {dag.py:2941} INFO - Sync 1 DAGs
[2023-12-17T08:14:34.714+0700] {logging_mixin.py:154} INFO - [2023-12-17T08:14:34.714+0700] {dag.py:3722} INFO - Setting next_dagrun for example_complex to None, run_after=None
[2023-12-17T08:14:34.726+0700] {processor.py:179} INFO - Processing /home/phuc/Practice/DataScience/DSProject/venv/lib/python3.10/site-packages/airflow/example_dags/example_complex.py took 0.051 seconds
[2023-12-17T08:15:28.588+0700] {processor.py:157} INFO - Started process (PID=315293) to work on /home/phuc/Practice/DataScience/DSProject/venv/lib/python3.10/site-packages/airflow/example_dags/example_complex.py
[2023-12-17T08:15:28.595+0700] {processor.py:829} INFO - Processing file /home/phuc/Practice/DataScience/DSProject/venv/lib/python3.10/site-packages/airflow/example_dags/example_complex.py for tasks to queue
[2023-12-17T08:15:28.596+0700] {logging_mixin.py:154} INFO - [2023-12-17T08:15:28.595+0700] {dagbag.py:536} INFO - Filling up the DagBag from /home/phuc/Practice/DataScience/DSProject/venv/lib/python3.10/site-packages/airflow/example_dags/example_complex.py
[2023-12-17T08:15:28.611+0700] {processor.py:839} INFO - DAG(s) dict_keys(['example_complex']) retrieved from /home/phuc/Practice/DataScience/DSProject/venv/lib/python3.10/site-packages/airflow/example_dags/example_complex.py
[2023-12-17T08:15:28.627+0700] {logging_mixin.py:154} INFO - [2023-12-17T08:15:28.627+0700] {dag.py:2941} INFO - Sync 1 DAGs
[2023-12-17T08:15:28.633+0700] {logging_mixin.py:154} INFO - [2023-12-17T08:15:28.633+0700] {dag.py:3722} INFO - Setting next_dagrun for example_complex to None, run_after=None
[2023-12-17T08:15:28.645+0700] {processor.py:179} INFO - Processing /home/phuc/Practice/DataScience/DSProject/venv/lib/python3.10/site-packages/airflow/example_dags/example_complex.py took 0.059 seconds
[2023-12-17T08:18:13.173+0700] {processor.py:157} INFO - Started process (PID=316504) to work on /home/phuc/Practice/DataScience/DSProject/venv/lib/python3.10/site-packages/airflow/example_dags/example_complex.py
[2023-12-17T08:18:13.181+0700] {processor.py:829} INFO - Processing file /home/phuc/Practice/DataScience/DSProject/venv/lib/python3.10/site-packages/airflow/example_dags/example_complex.py for tasks to queue
[2023-12-17T08:18:13.182+0700] {logging_mixin.py:154} INFO - [2023-12-17T08:18:13.181+0700] {dagbag.py:536} INFO - Filling up the DagBag from /home/phuc/Practice/DataScience/DSProject/venv/lib/python3.10/site-packages/airflow/example_dags/example_complex.py
[2023-12-17T08:18:13.191+0700] {processor.py:839} INFO - DAG(s) dict_keys(['example_complex']) retrieved from /home/phuc/Practice/DataScience/DSProject/venv/lib/python3.10/site-packages/airflow/example_dags/example_complex.py
[2023-12-17T08:18:13.212+0700] {logging_mixin.py:154} INFO - [2023-12-17T08:18:13.212+0700] {dag.py:2941} INFO - Sync 1 DAGs
[2023-12-17T08:18:13.222+0700] {logging_mixin.py:154} INFO - [2023-12-17T08:18:13.222+0700] {dag.py:3722} INFO - Setting next_dagrun for example_complex to None, run_after=None
[2023-12-17T08:18:13.239+0700] {processor.py:179} INFO - Processing /home/phuc/Practice/DataScience/DSProject/venv/lib/python3.10/site-packages/airflow/example_dags/example_complex.py took 0.068 seconds
[2023-12-17T08:19:05.747+0700] {processor.py:157} INFO - Started process (PID=316973) to work on /home/phuc/Practice/DataScience/DSProject/venv/lib/python3.10/site-packages/airflow/example_dags/example_complex.py
[2023-12-17T08:19:05.754+0700] {processor.py:829} INFO - Processing file /home/phuc/Practice/DataScience/DSProject/venv/lib/python3.10/site-packages/airflow/example_dags/example_complex.py for tasks to queue
[2023-12-17T08:19:05.755+0700] {logging_mixin.py:154} INFO - [2023-12-17T08:19:05.755+0700] {dagbag.py:536} INFO - Filling up the DagBag from /home/phuc/Practice/DataScience/DSProject/venv/lib/python3.10/site-packages/airflow/example_dags/example_complex.py
[2023-12-17T08:19:05.770+0700] {processor.py:839} INFO - DAG(s) dict_keys(['example_complex']) retrieved from /home/phuc/Practice/DataScience/DSProject/venv/lib/python3.10/site-packages/airflow/example_dags/example_complex.py
[2023-12-17T08:19:05.785+0700] {logging_mixin.py:154} INFO - [2023-12-17T08:19:05.785+0700] {dag.py:2941} INFO - Sync 1 DAGs
[2023-12-17T08:19:05.791+0700] {logging_mixin.py:154} INFO - [2023-12-17T08:19:05.791+0700] {dag.py:3722} INFO - Setting next_dagrun for example_complex to None, run_after=None
[2023-12-17T08:19:05.802+0700] {processor.py:179} INFO - Processing /home/phuc/Practice/DataScience/DSProject/venv/lib/python3.10/site-packages/airflow/example_dags/example_complex.py took 0.058 seconds
[2023-12-17T08:19:58.646+0700] {processor.py:157} INFO - Started process (PID=317518) to work on /home/phuc/Practice/DataScience/DSProject/venv/lib/python3.10/site-packages/airflow/example_dags/example_complex.py
[2023-12-17T08:19:58.653+0700] {processor.py:829} INFO - Processing file /home/phuc/Practice/DataScience/DSProject/venv/lib/python3.10/site-packages/airflow/example_dags/example_complex.py for tasks to queue
[2023-12-17T08:19:58.654+0700] {logging_mixin.py:154} INFO - [2023-12-17T08:19:58.653+0700] {dagbag.py:536} INFO - Filling up the DagBag from /home/phuc/Practice/DataScience/DSProject/venv/lib/python3.10/site-packages/airflow/example_dags/example_complex.py
[2023-12-17T08:19:58.662+0700] {processor.py:839} INFO - DAG(s) dict_keys(['example_complex']) retrieved from /home/phuc/Practice/DataScience/DSProject/venv/lib/python3.10/site-packages/airflow/example_dags/example_complex.py
[2023-12-17T08:19:58.683+0700] {logging_mixin.py:154} INFO - [2023-12-17T08:19:58.682+0700] {dag.py:2941} INFO - Sync 1 DAGs
[2023-12-17T08:19:58.692+0700] {logging_mixin.py:154} INFO - [2023-12-17T08:19:58.692+0700] {dag.py:3722} INFO - Setting next_dagrun for example_complex to None, run_after=None
[2023-12-17T08:19:58.707+0700] {processor.py:179} INFO - Processing /home/phuc/Practice/DataScience/DSProject/venv/lib/python3.10/site-packages/airflow/example_dags/example_complex.py took 0.064 seconds
[2023-12-17T08:23:13.635+0700] {processor.py:157} INFO - Started process (PID=319380) to work on /home/phuc/Practice/DataScience/DSProject/venv/lib/python3.10/site-packages/airflow/example_dags/example_complex.py
[2023-12-17T08:23:13.642+0700] {processor.py:829} INFO - Processing file /home/phuc/Practice/DataScience/DSProject/venv/lib/python3.10/site-packages/airflow/example_dags/example_complex.py for tasks to queue
[2023-12-17T08:23:13.642+0700] {logging_mixin.py:154} INFO - [2023-12-17T08:23:13.642+0700] {dagbag.py:536} INFO - Filling up the DagBag from /home/phuc/Practice/DataScience/DSProject/venv/lib/python3.10/site-packages/airflow/example_dags/example_complex.py
[2023-12-17T08:23:13.652+0700] {processor.py:839} INFO - DAG(s) dict_keys(['example_complex']) retrieved from /home/phuc/Practice/DataScience/DSProject/venv/lib/python3.10/site-packages/airflow/example_dags/example_complex.py
[2023-12-17T08:23:13.673+0700] {logging_mixin.py:154} INFO - [2023-12-17T08:23:13.673+0700] {dag.py:2941} INFO - Sync 1 DAGs
[2023-12-17T08:23:13.682+0700] {logging_mixin.py:154} INFO - [2023-12-17T08:23:13.682+0700] {dag.py:3722} INFO - Setting next_dagrun for example_complex to None, run_after=None
[2023-12-17T08:23:13.699+0700] {processor.py:179} INFO - Processing /home/phuc/Practice/DataScience/DSProject/venv/lib/python3.10/site-packages/airflow/example_dags/example_complex.py took 0.066 seconds
[2023-12-17T08:24:00.076+0700] {processor.py:157} INFO - Started process (PID=319703) to work on /home/phuc/Practice/DataScience/DSProject/venv/lib/python3.10/site-packages/airflow/example_dags/example_complex.py
[2023-12-17T08:24:00.084+0700] {processor.py:829} INFO - Processing file /home/phuc/Practice/DataScience/DSProject/venv/lib/python3.10/site-packages/airflow/example_dags/example_complex.py for tasks to queue
[2023-12-17T08:24:00.085+0700] {logging_mixin.py:154} INFO - [2023-12-17T08:24:00.084+0700] {dagbag.py:536} INFO - Filling up the DagBag from /home/phuc/Practice/DataScience/DSProject/venv/lib/python3.10/site-packages/airflow/example_dags/example_complex.py
[2023-12-17T08:24:00.098+0700] {processor.py:839} INFO - DAG(s) dict_keys(['example_complex']) retrieved from /home/phuc/Practice/DataScience/DSProject/venv/lib/python3.10/site-packages/airflow/example_dags/example_complex.py
[2023-12-17T08:24:00.115+0700] {logging_mixin.py:154} INFO - [2023-12-17T08:24:00.115+0700] {dag.py:2941} INFO - Sync 1 DAGs
[2023-12-17T08:24:00.122+0700] {logging_mixin.py:154} INFO - [2023-12-17T08:24:00.122+0700] {dag.py:3722} INFO - Setting next_dagrun for example_complex to None, run_after=None
[2023-12-17T08:24:00.134+0700] {processor.py:179} INFO - Processing /home/phuc/Practice/DataScience/DSProject/venv/lib/python3.10/site-packages/airflow/example_dags/example_complex.py took 0.061 seconds
[2023-12-17T08:24:53.110+0700] {processor.py:157} INFO - Started process (PID=319941) to work on /home/phuc/Practice/DataScience/DSProject/venv/lib/python3.10/site-packages/airflow/example_dags/example_complex.py
[2023-12-17T08:24:53.117+0700] {processor.py:829} INFO - Processing file /home/phuc/Practice/DataScience/DSProject/venv/lib/python3.10/site-packages/airflow/example_dags/example_complex.py for tasks to queue
[2023-12-17T08:24:53.119+0700] {logging_mixin.py:154} INFO - [2023-12-17T08:24:53.118+0700] {dagbag.py:536} INFO - Filling up the DagBag from /home/phuc/Practice/DataScience/DSProject/venv/lib/python3.10/site-packages/airflow/example_dags/example_complex.py
[2023-12-17T08:24:53.132+0700] {processor.py:839} INFO - DAG(s) dict_keys(['example_complex']) retrieved from /home/phuc/Practice/DataScience/DSProject/venv/lib/python3.10/site-packages/airflow/example_dags/example_complex.py
[2023-12-17T08:24:53.147+0700] {logging_mixin.py:154} INFO - [2023-12-17T08:24:53.146+0700] {dag.py:2941} INFO - Sync 1 DAGs
[2023-12-17T08:24:53.152+0700] {logging_mixin.py:154} INFO - [2023-12-17T08:24:53.152+0700] {dag.py:3722} INFO - Setting next_dagrun for example_complex to None, run_after=None
[2023-12-17T08:24:53.164+0700] {processor.py:179} INFO - Processing /home/phuc/Practice/DataScience/DSProject/venv/lib/python3.10/site-packages/airflow/example_dags/example_complex.py took 0.057 seconds
[2023-12-17T08:25:47.974+0700] {processor.py:157} INFO - Started process (PID=320187) to work on /home/phuc/Practice/DataScience/DSProject/venv/lib/python3.10/site-packages/airflow/example_dags/example_complex.py
[2023-12-17T08:25:47.974+0700] {processor.py:829} INFO - Processing file /home/phuc/Practice/DataScience/DSProject/venv/lib/python3.10/site-packages/airflow/example_dags/example_complex.py for tasks to queue
[2023-12-17T08:25:47.975+0700] {logging_mixin.py:154} INFO - [2023-12-17T08:25:47.975+0700] {dagbag.py:536} INFO - Filling up the DagBag from /home/phuc/Practice/DataScience/DSProject/venv/lib/python3.10/site-packages/airflow/example_dags/example_complex.py
[2023-12-17T08:25:47.981+0700] {processor.py:839} INFO - DAG(s) dict_keys(['example_complex']) retrieved from /home/phuc/Practice/DataScience/DSProject/venv/lib/python3.10/site-packages/airflow/example_dags/example_complex.py
[2023-12-17T08:25:47.995+0700] {logging_mixin.py:154} INFO - [2023-12-17T08:25:47.995+0700] {dag.py:2941} INFO - Sync 1 DAGs
[2023-12-17T08:25:48.001+0700] {logging_mixin.py:154} INFO - [2023-12-17T08:25:48.001+0700] {dag.py:3722} INFO - Setting next_dagrun for example_complex to None, run_after=None
[2023-12-17T08:25:48.014+0700] {processor.py:179} INFO - Processing /home/phuc/Practice/DataScience/DSProject/venv/lib/python3.10/site-packages/airflow/example_dags/example_complex.py took 0.043 seconds
[2023-12-17T08:26:35.907+0700] {processor.py:157} INFO - Started process (PID=320397) to work on /home/phuc/Practice/DataScience/DSProject/venv/lib/python3.10/site-packages/airflow/example_dags/example_complex.py
[2023-12-17T08:26:35.914+0700] {processor.py:829} INFO - Processing file /home/phuc/Practice/DataScience/DSProject/venv/lib/python3.10/site-packages/airflow/example_dags/example_complex.py for tasks to queue
[2023-12-17T08:26:35.915+0700] {logging_mixin.py:154} INFO - [2023-12-17T08:26:35.914+0700] {dagbag.py:536} INFO - Filling up the DagBag from /home/phuc/Practice/DataScience/DSProject/venv/lib/python3.10/site-packages/airflow/example_dags/example_complex.py
[2023-12-17T08:26:35.928+0700] {processor.py:839} INFO - DAG(s) dict_keys(['example_complex']) retrieved from /home/phuc/Practice/DataScience/DSProject/venv/lib/python3.10/site-packages/airflow/example_dags/example_complex.py
[2023-12-17T08:26:35.943+0700] {logging_mixin.py:154} INFO - [2023-12-17T08:26:35.943+0700] {dag.py:2941} INFO - Sync 1 DAGs
[2023-12-17T08:26:35.949+0700] {logging_mixin.py:154} INFO - [2023-12-17T08:26:35.949+0700] {dag.py:3722} INFO - Setting next_dagrun for example_complex to None, run_after=None
[2023-12-17T08:26:35.960+0700] {processor.py:179} INFO - Processing /home/phuc/Practice/DataScience/DSProject/venv/lib/python3.10/site-packages/airflow/example_dags/example_complex.py took 0.057 seconds
[2023-12-17T08:27:27.043+0700] {processor.py:157} INFO - Started process (PID=320695) to work on /home/phuc/Practice/DataScience/DSProject/venv/lib/python3.10/site-packages/airflow/example_dags/example_complex.py
[2023-12-17T08:27:27.050+0700] {processor.py:829} INFO - Processing file /home/phuc/Practice/DataScience/DSProject/venv/lib/python3.10/site-packages/airflow/example_dags/example_complex.py for tasks to queue
[2023-12-17T08:27:27.051+0700] {logging_mixin.py:154} INFO - [2023-12-17T08:27:27.051+0700] {dagbag.py:536} INFO - Filling up the DagBag from /home/phuc/Practice/DataScience/DSProject/venv/lib/python3.10/site-packages/airflow/example_dags/example_complex.py
[2023-12-17T08:27:27.065+0700] {processor.py:839} INFO - DAG(s) dict_keys(['example_complex']) retrieved from /home/phuc/Practice/DataScience/DSProject/venv/lib/python3.10/site-packages/airflow/example_dags/example_complex.py
[2023-12-17T08:27:27.082+0700] {logging_mixin.py:154} INFO - [2023-12-17T08:27:27.082+0700] {dag.py:2941} INFO - Sync 1 DAGs
[2023-12-17T08:27:27.089+0700] {logging_mixin.py:154} INFO - [2023-12-17T08:27:27.089+0700] {dag.py:3722} INFO - Setting next_dagrun for example_complex to None, run_after=None
[2023-12-17T08:27:27.105+0700] {processor.py:179} INFO - Processing /home/phuc/Practice/DataScience/DSProject/venv/lib/python3.10/site-packages/airflow/example_dags/example_complex.py took 0.064 seconds
[2023-12-17T08:28:17.018+0700] {processor.py:157} INFO - Started process (PID=320913) to work on /home/phuc/Practice/DataScience/DSProject/venv/lib/python3.10/site-packages/airflow/example_dags/example_complex.py
[2023-12-17T08:28:17.025+0700] {processor.py:829} INFO - Processing file /home/phuc/Practice/DataScience/DSProject/venv/lib/python3.10/site-packages/airflow/example_dags/example_complex.py for tasks to queue
[2023-12-17T08:28:17.026+0700] {logging_mixin.py:154} INFO - [2023-12-17T08:28:17.026+0700] {dagbag.py:536} INFO - Filling up the DagBag from /home/phuc/Practice/DataScience/DSProject/venv/lib/python3.10/site-packages/airflow/example_dags/example_complex.py
[2023-12-17T08:28:17.040+0700] {processor.py:839} INFO - DAG(s) dict_keys(['example_complex']) retrieved from /home/phuc/Practice/DataScience/DSProject/venv/lib/python3.10/site-packages/airflow/example_dags/example_complex.py
[2023-12-17T08:28:17.061+0700] {logging_mixin.py:154} INFO - [2023-12-17T08:28:17.061+0700] {dag.py:2941} INFO - Sync 1 DAGs
[2023-12-17T08:28:17.070+0700] {logging_mixin.py:154} INFO - [2023-12-17T08:28:17.069+0700] {dag.py:3722} INFO - Setting next_dagrun for example_complex to None, run_after=None
[2023-12-17T08:28:17.089+0700] {processor.py:179} INFO - Processing /home/phuc/Practice/DataScience/DSProject/venv/lib/python3.10/site-packages/airflow/example_dags/example_complex.py took 0.074 seconds
[2023-12-17T08:29:03.876+0700] {processor.py:157} INFO - Started process (PID=321116) to work on /home/phuc/Practice/DataScience/DSProject/venv/lib/python3.10/site-packages/airflow/example_dags/example_complex.py
[2023-12-17T08:29:03.883+0700] {processor.py:829} INFO - Processing file /home/phuc/Practice/DataScience/DSProject/venv/lib/python3.10/site-packages/airflow/example_dags/example_complex.py for tasks to queue
[2023-12-17T08:29:03.884+0700] {logging_mixin.py:154} INFO - [2023-12-17T08:29:03.884+0700] {dagbag.py:536} INFO - Filling up the DagBag from /home/phuc/Practice/DataScience/DSProject/venv/lib/python3.10/site-packages/airflow/example_dags/example_complex.py
[2023-12-17T08:29:03.898+0700] {processor.py:839} INFO - DAG(s) dict_keys(['example_complex']) retrieved from /home/phuc/Practice/DataScience/DSProject/venv/lib/python3.10/site-packages/airflow/example_dags/example_complex.py
[2023-12-17T08:29:03.913+0700] {logging_mixin.py:154} INFO - [2023-12-17T08:29:03.913+0700] {dag.py:2941} INFO - Sync 1 DAGs
[2023-12-17T08:29:03.920+0700] {logging_mixin.py:154} INFO - [2023-12-17T08:29:03.919+0700] {dag.py:3722} INFO - Setting next_dagrun for example_complex to None, run_after=None
[2023-12-17T08:29:03.931+0700] {processor.py:179} INFO - Processing /home/phuc/Practice/DataScience/DSProject/venv/lib/python3.10/site-packages/airflow/example_dags/example_complex.py took 0.058 seconds
[2023-12-17T08:29:55.309+0700] {processor.py:157} INFO - Started process (PID=321342) to work on /home/phuc/Practice/DataScience/DSProject/venv/lib/python3.10/site-packages/airflow/example_dags/example_complex.py
[2023-12-17T08:29:55.316+0700] {processor.py:829} INFO - Processing file /home/phuc/Practice/DataScience/DSProject/venv/lib/python3.10/site-packages/airflow/example_dags/example_complex.py for tasks to queue
[2023-12-17T08:29:55.317+0700] {logging_mixin.py:154} INFO - [2023-12-17T08:29:55.317+0700] {dagbag.py:536} INFO - Filling up the DagBag from /home/phuc/Practice/DataScience/DSProject/venv/lib/python3.10/site-packages/airflow/example_dags/example_complex.py
[2023-12-17T08:29:55.325+0700] {processor.py:839} INFO - DAG(s) dict_keys(['example_complex']) retrieved from /home/phuc/Practice/DataScience/DSProject/venv/lib/python3.10/site-packages/airflow/example_dags/example_complex.py
[2023-12-17T08:29:55.337+0700] {logging_mixin.py:154} INFO - [2023-12-17T08:29:55.337+0700] {dag.py:2941} INFO - Sync 1 DAGs
[2023-12-17T08:29:55.342+0700] {logging_mixin.py:154} INFO - [2023-12-17T08:29:55.342+0700] {dag.py:3722} INFO - Setting next_dagrun for example_complex to None, run_after=None
[2023-12-17T08:29:55.352+0700] {processor.py:179} INFO - Processing /home/phuc/Practice/DataScience/DSProject/venv/lib/python3.10/site-packages/airflow/example_dags/example_complex.py took 0.045 seconds
[2023-12-17T08:30:46.470+0700] {processor.py:157} INFO - Started process (PID=321620) to work on /home/phuc/Practice/DataScience/DSProject/venv/lib/python3.10/site-packages/airflow/example_dags/example_complex.py
[2023-12-17T08:30:46.477+0700] {processor.py:829} INFO - Processing file /home/phuc/Practice/DataScience/DSProject/venv/lib/python3.10/site-packages/airflow/example_dags/example_complex.py for tasks to queue
[2023-12-17T08:30:46.477+0700] {logging_mixin.py:154} INFO - [2023-12-17T08:30:46.477+0700] {dagbag.py:536} INFO - Filling up the DagBag from /home/phuc/Practice/DataScience/DSProject/venv/lib/python3.10/site-packages/airflow/example_dags/example_complex.py
[2023-12-17T08:30:46.483+0700] {processor.py:839} INFO - DAG(s) dict_keys(['example_complex']) retrieved from /home/phuc/Practice/DataScience/DSProject/venv/lib/python3.10/site-packages/airflow/example_dags/example_complex.py
[2023-12-17T08:30:46.497+0700] {logging_mixin.py:154} INFO - [2023-12-17T08:30:46.497+0700] {dag.py:2941} INFO - Sync 1 DAGs
[2023-12-17T08:30:46.503+0700] {logging_mixin.py:154} INFO - [2023-12-17T08:30:46.503+0700] {dag.py:3722} INFO - Setting next_dagrun for example_complex to None, run_after=None
[2023-12-17T08:30:46.515+0700] {processor.py:179} INFO - Processing /home/phuc/Practice/DataScience/DSProject/venv/lib/python3.10/site-packages/airflow/example_dags/example_complex.py took 0.047 seconds
[2023-12-17T08:31:37.881+0700] {processor.py:157} INFO - Started process (PID=321975) to work on /home/phuc/Practice/DataScience/DSProject/venv/lib/python3.10/site-packages/airflow/example_dags/example_complex.py
[2023-12-17T08:31:37.888+0700] {processor.py:829} INFO - Processing file /home/phuc/Practice/DataScience/DSProject/venv/lib/python3.10/site-packages/airflow/example_dags/example_complex.py for tasks to queue
[2023-12-17T08:31:37.889+0700] {logging_mixin.py:154} INFO - [2023-12-17T08:31:37.889+0700] {dagbag.py:536} INFO - Filling up the DagBag from /home/phuc/Practice/DataScience/DSProject/venv/lib/python3.10/site-packages/airflow/example_dags/example_complex.py
[2023-12-17T08:31:37.903+0700] {processor.py:839} INFO - DAG(s) dict_keys(['example_complex']) retrieved from /home/phuc/Practice/DataScience/DSProject/venv/lib/python3.10/site-packages/airflow/example_dags/example_complex.py
[2023-12-17T08:31:37.916+0700] {logging_mixin.py:154} INFO - [2023-12-17T08:31:37.916+0700] {dag.py:2941} INFO - Sync 1 DAGs
[2023-12-17T08:31:37.921+0700] {logging_mixin.py:154} INFO - [2023-12-17T08:31:37.921+0700] {dag.py:3722} INFO - Setting next_dagrun for example_complex to None, run_after=None
[2023-12-17T08:31:37.932+0700] {processor.py:179} INFO - Processing /home/phuc/Practice/DataScience/DSProject/venv/lib/python3.10/site-packages/airflow/example_dags/example_complex.py took 0.053 seconds
[2023-12-17T08:32:59.822+0700] {processor.py:157} INFO - Started process (PID=323058) to work on /home/phuc/Practice/DataScience/DSProject/venv/lib/python3.10/site-packages/airflow/example_dags/example_complex.py
[2023-12-17T08:32:59.829+0700] {processor.py:829} INFO - Processing file /home/phuc/Practice/DataScience/DSProject/venv/lib/python3.10/site-packages/airflow/example_dags/example_complex.py for tasks to queue
[2023-12-17T08:32:59.829+0700] {logging_mixin.py:154} INFO - [2023-12-17T08:32:59.829+0700] {dagbag.py:536} INFO - Filling up the DagBag from /home/phuc/Practice/DataScience/DSProject/venv/lib/python3.10/site-packages/airflow/example_dags/example_complex.py
[2023-12-17T08:32:59.835+0700] {processor.py:839} INFO - DAG(s) dict_keys(['example_complex']) retrieved from /home/phuc/Practice/DataScience/DSProject/venv/lib/python3.10/site-packages/airflow/example_dags/example_complex.py
[2023-12-17T08:32:59.849+0700] {logging_mixin.py:154} INFO - [2023-12-17T08:32:59.849+0700] {dag.py:2941} INFO - Sync 1 DAGs
[2023-12-17T08:32:59.855+0700] {logging_mixin.py:154} INFO - [2023-12-17T08:32:59.854+0700] {dag.py:3722} INFO - Setting next_dagrun for example_complex to None, run_after=None
[2023-12-17T08:32:59.866+0700] {processor.py:179} INFO - Processing /home/phuc/Practice/DataScience/DSProject/venv/lib/python3.10/site-packages/airflow/example_dags/example_complex.py took 0.045 seconds
[2023-12-17T08:33:46.377+0700] {processor.py:157} INFO - Started process (PID=323278) to work on /home/phuc/Practice/DataScience/DSProject/venv/lib/python3.10/site-packages/airflow/example_dags/example_complex.py
[2023-12-17T08:33:46.378+0700] {processor.py:829} INFO - Processing file /home/phuc/Practice/DataScience/DSProject/venv/lib/python3.10/site-packages/airflow/example_dags/example_complex.py for tasks to queue
[2023-12-17T08:33:46.379+0700] {logging_mixin.py:154} INFO - [2023-12-17T08:33:46.379+0700] {dagbag.py:536} INFO - Filling up the DagBag from /home/phuc/Practice/DataScience/DSProject/venv/lib/python3.10/site-packages/airflow/example_dags/example_complex.py
[2023-12-17T08:33:46.390+0700] {processor.py:839} INFO - DAG(s) dict_keys(['example_complex']) retrieved from /home/phuc/Practice/DataScience/DSProject/venv/lib/python3.10/site-packages/airflow/example_dags/example_complex.py
[2023-12-17T08:33:46.403+0700] {logging_mixin.py:154} INFO - [2023-12-17T08:33:46.403+0700] {dag.py:2941} INFO - Sync 1 DAGs
[2023-12-17T08:33:46.408+0700] {logging_mixin.py:154} INFO - [2023-12-17T08:33:46.408+0700] {dag.py:3722} INFO - Setting next_dagrun for example_complex to None, run_after=None
[2023-12-17T08:33:46.418+0700] {processor.py:179} INFO - Processing /home/phuc/Practice/DataScience/DSProject/venv/lib/python3.10/site-packages/airflow/example_dags/example_complex.py took 0.045 seconds
[2023-12-17T08:34:42.722+0700] {processor.py:157} INFO - Started process (PID=323773) to work on /home/phuc/Practice/DataScience/DSProject/venv/lib/python3.10/site-packages/airflow/example_dags/example_complex.py
[2023-12-17T08:34:42.729+0700] {processor.py:829} INFO - Processing file /home/phuc/Practice/DataScience/DSProject/venv/lib/python3.10/site-packages/airflow/example_dags/example_complex.py for tasks to queue
[2023-12-17T08:34:42.729+0700] {logging_mixin.py:154} INFO - [2023-12-17T08:34:42.729+0700] {dagbag.py:536} INFO - Filling up the DagBag from /home/phuc/Practice/DataScience/DSProject/venv/lib/python3.10/site-packages/airflow/example_dags/example_complex.py
[2023-12-17T08:34:42.735+0700] {processor.py:839} INFO - DAG(s) dict_keys(['example_complex']) retrieved from /home/phuc/Practice/DataScience/DSProject/venv/lib/python3.10/site-packages/airflow/example_dags/example_complex.py
[2023-12-17T08:34:42.748+0700] {logging_mixin.py:154} INFO - [2023-12-17T08:34:42.748+0700] {dag.py:2941} INFO - Sync 1 DAGs
[2023-12-17T08:34:42.753+0700] {logging_mixin.py:154} INFO - [2023-12-17T08:34:42.753+0700] {dag.py:3722} INFO - Setting next_dagrun for example_complex to None, run_after=None
[2023-12-17T08:34:42.763+0700] {processor.py:179} INFO - Processing /home/phuc/Practice/DataScience/DSProject/venv/lib/python3.10/site-packages/airflow/example_dags/example_complex.py took 0.043 seconds
[2023-12-17T08:35:37.937+0700] {processor.py:157} INFO - Started process (PID=324170) to work on /home/phuc/Practice/DataScience/DSProject/venv/lib/python3.10/site-packages/airflow/example_dags/example_complex.py
[2023-12-17T08:35:37.944+0700] {processor.py:829} INFO - Processing file /home/phuc/Practice/DataScience/DSProject/venv/lib/python3.10/site-packages/airflow/example_dags/example_complex.py for tasks to queue
[2023-12-17T08:35:37.945+0700] {logging_mixin.py:154} INFO - [2023-12-17T08:35:37.945+0700] {dagbag.py:536} INFO - Filling up the DagBag from /home/phuc/Practice/DataScience/DSProject/venv/lib/python3.10/site-packages/airflow/example_dags/example_complex.py
[2023-12-17T08:35:37.959+0700] {processor.py:839} INFO - DAG(s) dict_keys(['example_complex']) retrieved from /home/phuc/Practice/DataScience/DSProject/venv/lib/python3.10/site-packages/airflow/example_dags/example_complex.py
[2023-12-17T08:35:37.973+0700] {logging_mixin.py:154} INFO - [2023-12-17T08:35:37.972+0700] {dag.py:2941} INFO - Sync 1 DAGs
[2023-12-17T08:35:37.978+0700] {logging_mixin.py:154} INFO - [2023-12-17T08:35:37.978+0700] {dag.py:3722} INFO - Setting next_dagrun for example_complex to None, run_after=None
[2023-12-17T08:35:37.987+0700] {processor.py:179} INFO - Processing /home/phuc/Practice/DataScience/DSProject/venv/lib/python3.10/site-packages/airflow/example_dags/example_complex.py took 0.053 seconds
