[2023-12-17T08:03:41.704+0700] {processor.py:157} INFO - Started process (PID=309898) to work on /home/phuc/Practice/DataScience/DSProject/venv/lib/python3.10/site-packages/airflow/example_dags/example_dag_decorator.py
[2023-12-17T08:03:41.705+0700] {processor.py:829} INFO - Processing file /home/phuc/Practice/DataScience/DSProject/venv/lib/python3.10/site-packages/airflow/example_dags/example_dag_decorator.py for tasks to queue
[2023-12-17T08:03:41.706+0700] {logging_mixin.py:154} INFO - [2023-12-17T08:03:41.706+0700] {dagbag.py:536} INFO - Filling up the DagBag from /home/phuc/Practice/DataScience/DSProject/venv/lib/python3.10/site-packages/airflow/example_dags/example_dag_decorator.py
[2023-12-17T08:03:41.751+0700] {processor.py:839} INFO - DAG(s) dict_keys(['example_dag_decorator']) retrieved from /home/phuc/Practice/DataScience/DSProject/venv/lib/python3.10/site-packages/airflow/example_dags/example_dag_decorator.py
[2023-12-17T08:03:41.817+0700] {logging_mixin.py:154} INFO - [2023-12-17T08:03:41.817+0700] {manager.py:499} INFO - Created Permission View: %s
[2023-12-17T08:03:41.824+0700] {logging_mixin.py:154} INFO - [2023-12-17T08:03:41.824+0700] {manager.py:499} INFO - Created Permission View: %s
[2023-12-17T08:03:41.830+0700] {logging_mixin.py:154} INFO - [2023-12-17T08:03:41.830+0700] {manager.py:499} INFO - Created Permission View: %s
[2023-12-17T08:03:41.830+0700] {logging_mixin.py:154} INFO - [2023-12-17T08:03:41.830+0700] {dag.py:2941} INFO - Sync 1 DAGs
[2023-12-17T08:03:41.837+0700] {logging_mixin.py:154} INFO - [2023-12-17T08:03:41.837+0700] {dag.py:2963} INFO - Creating ORM DAG for example_dag_decorator
[2023-12-17T08:03:41.837+0700] {logging_mixin.py:154} INFO - [2023-12-17T08:03:41.837+0700] {dag.py:3722} INFO - Setting next_dagrun for example_dag_decorator to None, run_after=None
[2023-12-17T08:03:41.850+0700] {processor.py:179} INFO - Processing /home/phuc/Practice/DataScience/DSProject/venv/lib/python3.10/site-packages/airflow/example_dags/example_dag_decorator.py took 0.149 seconds
[2023-12-17T08:05:56.610+0700] {processor.py:157} INFO - Started process (PID=311171) to work on /home/phuc/Practice/DataScience/DSProject/venv/lib/python3.10/site-packages/airflow/example_dags/example_dag_decorator.py
[2023-12-17T08:05:56.617+0700] {processor.py:829} INFO - Processing file /home/phuc/Practice/DataScience/DSProject/venv/lib/python3.10/site-packages/airflow/example_dags/example_dag_decorator.py for tasks to queue
[2023-12-17T08:05:56.617+0700] {logging_mixin.py:154} INFO - [2023-12-17T08:05:56.617+0700] {dagbag.py:536} INFO - Filling up the DagBag from /home/phuc/Practice/DataScience/DSProject/venv/lib/python3.10/site-packages/airflow/example_dags/example_dag_decorator.py
[2023-12-17T08:05:56.672+0700] {processor.py:839} INFO - DAG(s) dict_keys(['example_dag_decorator']) retrieved from /home/phuc/Practice/DataScience/DSProject/venv/lib/python3.10/site-packages/airflow/example_dags/example_dag_decorator.py
[2023-12-17T08:05:56.739+0700] {logging_mixin.py:154} INFO - [2023-12-17T08:05:56.739+0700] {dag.py:2941} INFO - Sync 1 DAGs
[2023-12-17T08:05:56.747+0700] {logging_mixin.py:154} INFO - [2023-12-17T08:05:56.746+0700] {dag.py:3722} INFO - Setting next_dagrun for example_dag_decorator to None, run_after=None
[2023-12-17T08:05:56.771+0700] {processor.py:179} INFO - Processing /home/phuc/Practice/DataScience/DSProject/venv/lib/python3.10/site-packages/airflow/example_dags/example_dag_decorator.py took 0.163 seconds
[2023-12-17T08:06:53.288+0700] {processor.py:157} INFO - Started process (PID=311799) to work on /home/phuc/Practice/DataScience/DSProject/venv/lib/python3.10/site-packages/airflow/example_dags/example_dag_decorator.py
[2023-12-17T08:06:53.295+0700] {processor.py:829} INFO - Processing file /home/phuc/Practice/DataScience/DSProject/venv/lib/python3.10/site-packages/airflow/example_dags/example_dag_decorator.py for tasks to queue
[2023-12-17T08:06:53.297+0700] {logging_mixin.py:154} INFO - [2023-12-17T08:06:53.296+0700] {dagbag.py:536} INFO - Filling up the DagBag from /home/phuc/Practice/DataScience/DSProject/venv/lib/python3.10/site-packages/airflow/example_dags/example_dag_decorator.py
[2023-12-17T08:06:53.352+0700] {processor.py:839} INFO - DAG(s) dict_keys(['example_dag_decorator']) retrieved from /home/phuc/Practice/DataScience/DSProject/venv/lib/python3.10/site-packages/airflow/example_dags/example_dag_decorator.py
[2023-12-17T08:06:53.423+0700] {logging_mixin.py:154} INFO - [2023-12-17T08:06:53.423+0700] {dag.py:2941} INFO - Sync 1 DAGs
[2023-12-17T08:06:53.431+0700] {logging_mixin.py:154} INFO - [2023-12-17T08:06:53.430+0700] {dag.py:3722} INFO - Setting next_dagrun for example_dag_decorator to None, run_after=None
[2023-12-17T08:06:53.453+0700] {processor.py:179} INFO - Processing /home/phuc/Practice/DataScience/DSProject/venv/lib/python3.10/site-packages/airflow/example_dags/example_dag_decorator.py took 0.168 seconds
[2023-12-17T08:08:45.511+0700] {processor.py:157} INFO - Started process (PID=313171) to work on /home/phuc/Practice/DataScience/DSProject/venv/lib/python3.10/site-packages/airflow/example_dags/example_dag_decorator.py
[2023-12-17T08:08:45.512+0700] {processor.py:829} INFO - Processing file /home/phuc/Practice/DataScience/DSProject/venv/lib/python3.10/site-packages/airflow/example_dags/example_dag_decorator.py for tasks to queue
[2023-12-17T08:08:45.512+0700] {logging_mixin.py:154} INFO - [2023-12-17T08:08:45.512+0700] {dagbag.py:536} INFO - Filling up the DagBag from /home/phuc/Practice/DataScience/DSProject/venv/lib/python3.10/site-packages/airflow/example_dags/example_dag_decorator.py
[2023-12-17T08:08:45.561+0700] {processor.py:839} INFO - DAG(s) dict_keys(['example_dag_decorator']) retrieved from /home/phuc/Practice/DataScience/DSProject/venv/lib/python3.10/site-packages/airflow/example_dags/example_dag_decorator.py
[2023-12-17T08:08:45.619+0700] {logging_mixin.py:154} INFO - [2023-12-17T08:08:45.619+0700] {dag.py:2941} INFO - Sync 1 DAGs
[2023-12-17T08:08:45.625+0700] {logging_mixin.py:154} INFO - [2023-12-17T08:08:45.624+0700] {dag.py:3722} INFO - Setting next_dagrun for example_dag_decorator to None, run_after=None
[2023-12-17T08:08:45.637+0700] {processor.py:179} INFO - Processing /home/phuc/Practice/DataScience/DSProject/venv/lib/python3.10/site-packages/airflow/example_dags/example_dag_decorator.py took 0.128 seconds
[2023-12-17T08:09:36.479+0700] {processor.py:157} INFO - Started process (PID=313512) to work on /home/phuc/Practice/DataScience/DSProject/venv/lib/python3.10/site-packages/airflow/example_dags/example_dag_decorator.py
[2023-12-17T08:09:36.480+0700] {processor.py:829} INFO - Processing file /home/phuc/Practice/DataScience/DSProject/venv/lib/python3.10/site-packages/airflow/example_dags/example_dag_decorator.py for tasks to queue
[2023-12-17T08:09:36.481+0700] {logging_mixin.py:154} INFO - [2023-12-17T08:09:36.481+0700] {dagbag.py:536} INFO - Filling up the DagBag from /home/phuc/Practice/DataScience/DSProject/venv/lib/python3.10/site-packages/airflow/example_dags/example_dag_decorator.py
[2023-12-17T08:09:36.528+0700] {processor.py:839} INFO - DAG(s) dict_keys(['example_dag_decorator']) retrieved from /home/phuc/Practice/DataScience/DSProject/venv/lib/python3.10/site-packages/airflow/example_dags/example_dag_decorator.py
[2023-12-17T08:09:36.600+0700] {logging_mixin.py:154} INFO - [2023-12-17T08:09:36.600+0700] {dag.py:2941} INFO - Sync 1 DAGs
[2023-12-17T08:09:36.608+0700] {logging_mixin.py:154} INFO - [2023-12-17T08:09:36.608+0700] {dag.py:3722} INFO - Setting next_dagrun for example_dag_decorator to None, run_after=None
[2023-12-17T08:09:36.624+0700] {processor.py:179} INFO - Processing /home/phuc/Practice/DataScience/DSProject/venv/lib/python3.10/site-packages/airflow/example_dags/example_dag_decorator.py took 0.148 seconds
[2023-12-17T08:10:25.737+0700] {processor.py:157} INFO - Started process (PID=313861) to work on /home/phuc/Practice/DataScience/DSProject/venv/lib/python3.10/site-packages/airflow/example_dags/example_dag_decorator.py
[2023-12-17T08:10:25.744+0700] {processor.py:829} INFO - Processing file /home/phuc/Practice/DataScience/DSProject/venv/lib/python3.10/site-packages/airflow/example_dags/example_dag_decorator.py for tasks to queue
[2023-12-17T08:10:25.745+0700] {logging_mixin.py:154} INFO - [2023-12-17T08:10:25.745+0700] {dagbag.py:536} INFO - Filling up the DagBag from /home/phuc/Practice/DataScience/DSProject/venv/lib/python3.10/site-packages/airflow/example_dags/example_dag_decorator.py
[2023-12-17T08:10:25.790+0700] {processor.py:839} INFO - DAG(s) dict_keys(['example_dag_decorator']) retrieved from /home/phuc/Practice/DataScience/DSProject/venv/lib/python3.10/site-packages/airflow/example_dags/example_dag_decorator.py
[2023-12-17T08:10:25.841+0700] {logging_mixin.py:154} INFO - [2023-12-17T08:10:25.841+0700] {dag.py:2941} INFO - Sync 1 DAGs
[2023-12-17T08:10:25.846+0700] {logging_mixin.py:154} INFO - [2023-12-17T08:10:25.845+0700] {dag.py:3722} INFO - Setting next_dagrun for example_dag_decorator to None, run_after=None
[2023-12-17T08:10:25.863+0700] {processor.py:179} INFO - Processing /home/phuc/Practice/DataScience/DSProject/venv/lib/python3.10/site-packages/airflow/example_dags/example_dag_decorator.py took 0.129 seconds
[2023-12-17T08:11:15.736+0700] {processor.py:157} INFO - Started process (PID=314078) to work on /home/phuc/Practice/DataScience/DSProject/venv/lib/python3.10/site-packages/airflow/example_dags/example_dag_decorator.py
[2023-12-17T08:11:15.743+0700] {processor.py:829} INFO - Processing file /home/phuc/Practice/DataScience/DSProject/venv/lib/python3.10/site-packages/airflow/example_dags/example_dag_decorator.py for tasks to queue
[2023-12-17T08:11:15.744+0700] {logging_mixin.py:154} INFO - [2023-12-17T08:11:15.743+0700] {dagbag.py:536} INFO - Filling up the DagBag from /home/phuc/Practice/DataScience/DSProject/venv/lib/python3.10/site-packages/airflow/example_dags/example_dag_decorator.py
[2023-12-17T08:11:15.790+0700] {processor.py:839} INFO - DAG(s) dict_keys(['example_dag_decorator']) retrieved from /home/phuc/Practice/DataScience/DSProject/venv/lib/python3.10/site-packages/airflow/example_dags/example_dag_decorator.py
[2023-12-17T08:11:15.843+0700] {logging_mixin.py:154} INFO - [2023-12-17T08:11:15.843+0700] {dag.py:2941} INFO - Sync 1 DAGs
[2023-12-17T08:11:15.847+0700] {logging_mixin.py:154} INFO - [2023-12-17T08:11:15.847+0700] {dag.py:3722} INFO - Setting next_dagrun for example_dag_decorator to None, run_after=None
[2023-12-17T08:11:15.865+0700] {processor.py:179} INFO - Processing /home/phuc/Practice/DataScience/DSProject/venv/lib/python3.10/site-packages/airflow/example_dags/example_dag_decorator.py took 0.132 seconds
[2023-12-17T08:12:04.843+0700] {processor.py:157} INFO - Started process (PID=314338) to work on /home/phuc/Practice/DataScience/DSProject/venv/lib/python3.10/site-packages/airflow/example_dags/example_dag_decorator.py
[2023-12-17T08:12:04.850+0700] {processor.py:829} INFO - Processing file /home/phuc/Practice/DataScience/DSProject/venv/lib/python3.10/site-packages/airflow/example_dags/example_dag_decorator.py for tasks to queue
[2023-12-17T08:12:04.851+0700] {logging_mixin.py:154} INFO - [2023-12-17T08:12:04.851+0700] {dagbag.py:536} INFO - Filling up the DagBag from /home/phuc/Practice/DataScience/DSProject/venv/lib/python3.10/site-packages/airflow/example_dags/example_dag_decorator.py
[2023-12-17T08:12:04.905+0700] {processor.py:839} INFO - DAG(s) dict_keys(['example_dag_decorator']) retrieved from /home/phuc/Practice/DataScience/DSProject/venv/lib/python3.10/site-packages/airflow/example_dags/example_dag_decorator.py
[2023-12-17T08:12:04.971+0700] {logging_mixin.py:154} INFO - [2023-12-17T08:12:04.971+0700] {dag.py:2941} INFO - Sync 1 DAGs
[2023-12-17T08:12:04.975+0700] {logging_mixin.py:154} INFO - [2023-12-17T08:12:04.975+0700] {dag.py:3722} INFO - Setting next_dagrun for example_dag_decorator to None, run_after=None
[2023-12-17T08:12:04.993+0700] {processor.py:179} INFO - Processing /home/phuc/Practice/DataScience/DSProject/venv/lib/python3.10/site-packages/airflow/example_dags/example_dag_decorator.py took 0.153 seconds
[2023-12-17T08:12:55.856+0700] {processor.py:157} INFO - Started process (PID=314563) to work on /home/phuc/Practice/DataScience/DSProject/venv/lib/python3.10/site-packages/airflow/example_dags/example_dag_decorator.py
[2023-12-17T08:12:55.864+0700] {processor.py:829} INFO - Processing file /home/phuc/Practice/DataScience/DSProject/venv/lib/python3.10/site-packages/airflow/example_dags/example_dag_decorator.py for tasks to queue
[2023-12-17T08:12:55.865+0700] {logging_mixin.py:154} INFO - [2023-12-17T08:12:55.865+0700] {dagbag.py:536} INFO - Filling up the DagBag from /home/phuc/Practice/DataScience/DSProject/venv/lib/python3.10/site-packages/airflow/example_dags/example_dag_decorator.py
[2023-12-17T08:12:55.910+0700] {processor.py:839} INFO - DAG(s) dict_keys(['example_dag_decorator']) retrieved from /home/phuc/Practice/DataScience/DSProject/venv/lib/python3.10/site-packages/airflow/example_dags/example_dag_decorator.py
[2023-12-17T08:12:55.962+0700] {logging_mixin.py:154} INFO - [2023-12-17T08:12:55.962+0700] {dag.py:2941} INFO - Sync 1 DAGs
[2023-12-17T08:12:55.967+0700] {logging_mixin.py:154} INFO - [2023-12-17T08:12:55.967+0700] {dag.py:3722} INFO - Setting next_dagrun for example_dag_decorator to None, run_after=None
[2023-12-17T08:12:55.985+0700] {processor.py:179} INFO - Processing /home/phuc/Practice/DataScience/DSProject/venv/lib/python3.10/site-packages/airflow/example_dags/example_dag_decorator.py took 0.131 seconds
[2023-12-17T08:13:41.030+0700] {processor.py:157} INFO - Started process (PID=314806) to work on /home/phuc/Practice/DataScience/DSProject/venv/lib/python3.10/site-packages/airflow/example_dags/example_dag_decorator.py
[2023-12-17T08:13:41.036+0700] {processor.py:829} INFO - Processing file /home/phuc/Practice/DataScience/DSProject/venv/lib/python3.10/site-packages/airflow/example_dags/example_dag_decorator.py for tasks to queue
[2023-12-17T08:13:41.038+0700] {logging_mixin.py:154} INFO - [2023-12-17T08:13:41.037+0700] {dagbag.py:536} INFO - Filling up the DagBag from /home/phuc/Practice/DataScience/DSProject/venv/lib/python3.10/site-packages/airflow/example_dags/example_dag_decorator.py
[2023-12-17T08:13:41.099+0700] {processor.py:839} INFO - DAG(s) dict_keys(['example_dag_decorator']) retrieved from /home/phuc/Practice/DataScience/DSProject/venv/lib/python3.10/site-packages/airflow/example_dags/example_dag_decorator.py
[2023-12-17T08:13:41.200+0700] {logging_mixin.py:154} INFO - [2023-12-17T08:13:41.199+0700] {dag.py:2941} INFO - Sync 1 DAGs
[2023-12-17T08:13:41.207+0700] {logging_mixin.py:154} INFO - [2023-12-17T08:13:41.207+0700] {dag.py:3722} INFO - Setting next_dagrun for example_dag_decorator to None, run_after=None
[2023-12-17T08:13:41.229+0700] {processor.py:179} INFO - Processing /home/phuc/Practice/DataScience/DSProject/venv/lib/python3.10/site-packages/airflow/example_dags/example_dag_decorator.py took 0.202 seconds
[2023-12-17T08:14:33.438+0700] {processor.py:157} INFO - Started process (PID=315048) to work on /home/phuc/Practice/DataScience/DSProject/venv/lib/python3.10/site-packages/airflow/example_dags/example_dag_decorator.py
[2023-12-17T08:14:33.445+0700] {processor.py:829} INFO - Processing file /home/phuc/Practice/DataScience/DSProject/venv/lib/python3.10/site-packages/airflow/example_dags/example_dag_decorator.py for tasks to queue
[2023-12-17T08:14:33.446+0700] {logging_mixin.py:154} INFO - [2023-12-17T08:14:33.445+0700] {dagbag.py:536} INFO - Filling up the DagBag from /home/phuc/Practice/DataScience/DSProject/venv/lib/python3.10/site-packages/airflow/example_dags/example_dag_decorator.py
[2023-12-17T08:14:33.492+0700] {processor.py:839} INFO - DAG(s) dict_keys(['example_dag_decorator']) retrieved from /home/phuc/Practice/DataScience/DSProject/venv/lib/python3.10/site-packages/airflow/example_dags/example_dag_decorator.py
[2023-12-17T08:14:33.544+0700] {logging_mixin.py:154} INFO - [2023-12-17T08:14:33.544+0700] {dag.py:2941} INFO - Sync 1 DAGs
[2023-12-17T08:14:33.549+0700] {logging_mixin.py:154} INFO - [2023-12-17T08:14:33.549+0700] {dag.py:3722} INFO - Setting next_dagrun for example_dag_decorator to None, run_after=None
[2023-12-17T08:14:33.568+0700] {processor.py:179} INFO - Processing /home/phuc/Practice/DataScience/DSProject/venv/lib/python3.10/site-packages/airflow/example_dags/example_dag_decorator.py took 0.133 seconds
[2023-12-17T08:15:27.334+0700] {processor.py:157} INFO - Started process (PID=315275) to work on /home/phuc/Practice/DataScience/DSProject/venv/lib/python3.10/site-packages/airflow/example_dags/example_dag_decorator.py
[2023-12-17T08:15:27.341+0700] {processor.py:829} INFO - Processing file /home/phuc/Practice/DataScience/DSProject/venv/lib/python3.10/site-packages/airflow/example_dags/example_dag_decorator.py for tasks to queue
[2023-12-17T08:15:27.342+0700] {logging_mixin.py:154} INFO - [2023-12-17T08:15:27.342+0700] {dagbag.py:536} INFO - Filling up the DagBag from /home/phuc/Practice/DataScience/DSProject/venv/lib/python3.10/site-packages/airflow/example_dags/example_dag_decorator.py
[2023-12-17T08:15:27.386+0700] {processor.py:839} INFO - DAG(s) dict_keys(['example_dag_decorator']) retrieved from /home/phuc/Practice/DataScience/DSProject/venv/lib/python3.10/site-packages/airflow/example_dags/example_dag_decorator.py
[2023-12-17T08:15:27.437+0700] {logging_mixin.py:154} INFO - [2023-12-17T08:15:27.437+0700] {dag.py:2941} INFO - Sync 1 DAGs
[2023-12-17T08:15:27.442+0700] {logging_mixin.py:154} INFO - [2023-12-17T08:15:27.442+0700] {dag.py:3722} INFO - Setting next_dagrun for example_dag_decorator to None, run_after=None
[2023-12-17T08:15:27.461+0700] {processor.py:179} INFO - Processing /home/phuc/Practice/DataScience/DSProject/venv/lib/python3.10/site-packages/airflow/example_dags/example_dag_decorator.py took 0.132 seconds
[2023-12-17T08:16:18.042+0700] {processor.py:157} INFO - Started process (PID=315593) to work on /home/phuc/Practice/DataScience/DSProject/venv/lib/python3.10/site-packages/airflow/example_dags/example_dag_decorator.py
[2023-12-17T08:16:18.043+0700] {processor.py:829} INFO - Processing file /home/phuc/Practice/DataScience/DSProject/venv/lib/python3.10/site-packages/airflow/example_dags/example_dag_decorator.py for tasks to queue
[2023-12-17T08:16:18.044+0700] {logging_mixin.py:154} INFO - [2023-12-17T08:16:18.043+0700] {dagbag.py:536} INFO - Filling up the DagBag from /home/phuc/Practice/DataScience/DSProject/venv/lib/python3.10/site-packages/airflow/example_dags/example_dag_decorator.py
[2023-12-17T08:16:18.127+0700] {processor.py:839} INFO - DAG(s) dict_keys(['example_dag_decorator']) retrieved from /home/phuc/Practice/DataScience/DSProject/venv/lib/python3.10/site-packages/airflow/example_dags/example_dag_decorator.py
[2023-12-17T08:16:18.213+0700] {logging_mixin.py:154} INFO - [2023-12-17T08:16:18.213+0700] {dag.py:2941} INFO - Sync 1 DAGs
[2023-12-17T08:16:18.221+0700] {logging_mixin.py:154} INFO - [2023-12-17T08:16:18.221+0700] {dag.py:3722} INFO - Setting next_dagrun for example_dag_decorator to None, run_after=None
[2023-12-17T08:16:18.242+0700] {processor.py:179} INFO - Processing /home/phuc/Practice/DataScience/DSProject/venv/lib/python3.10/site-packages/airflow/example_dags/example_dag_decorator.py took 0.205 seconds
[2023-12-17T08:18:11.815+0700] {processor.py:157} INFO - Started process (PID=316503) to work on /home/phuc/Practice/DataScience/DSProject/venv/lib/python3.10/site-packages/airflow/example_dags/example_dag_decorator.py
[2023-12-17T08:18:11.821+0700] {processor.py:829} INFO - Processing file /home/phuc/Practice/DataScience/DSProject/venv/lib/python3.10/site-packages/airflow/example_dags/example_dag_decorator.py for tasks to queue
[2023-12-17T08:18:11.822+0700] {logging_mixin.py:154} INFO - [2023-12-17T08:18:11.822+0700] {dagbag.py:536} INFO - Filling up the DagBag from /home/phuc/Practice/DataScience/DSProject/venv/lib/python3.10/site-packages/airflow/example_dags/example_dag_decorator.py
[2023-12-17T08:18:11.863+0700] {processor.py:839} INFO - DAG(s) dict_keys(['example_dag_decorator']) retrieved from /home/phuc/Practice/DataScience/DSProject/venv/lib/python3.10/site-packages/airflow/example_dags/example_dag_decorator.py
[2023-12-17T08:18:11.998+0700] {logging_mixin.py:154} INFO - [2023-12-17T08:18:11.998+0700] {dag.py:2941} INFO - Sync 1 DAGs
[2023-12-17T08:18:12.003+0700] {logging_mixin.py:154} INFO - [2023-12-17T08:18:12.003+0700] {dag.py:3722} INFO - Setting next_dagrun for example_dag_decorator to None, run_after=None
[2023-12-17T08:18:12.021+0700] {processor.py:179} INFO - Processing /home/phuc/Practice/DataScience/DSProject/venv/lib/python3.10/site-packages/airflow/example_dags/example_dag_decorator.py took 0.208 seconds
[2023-12-17T08:19:04.382+0700] {processor.py:157} INFO - Started process (PID=316972) to work on /home/phuc/Practice/DataScience/DSProject/venv/lib/python3.10/site-packages/airflow/example_dags/example_dag_decorator.py
[2023-12-17T08:19:04.389+0700] {processor.py:829} INFO - Processing file /home/phuc/Practice/DataScience/DSProject/venv/lib/python3.10/site-packages/airflow/example_dags/example_dag_decorator.py for tasks to queue
[2023-12-17T08:19:04.391+0700] {logging_mixin.py:154} INFO - [2023-12-17T08:19:04.390+0700] {dagbag.py:536} INFO - Filling up the DagBag from /home/phuc/Practice/DataScience/DSProject/venv/lib/python3.10/site-packages/airflow/example_dags/example_dag_decorator.py
[2023-12-17T08:19:04.431+0700] {processor.py:839} INFO - DAG(s) dict_keys(['example_dag_decorator']) retrieved from /home/phuc/Practice/DataScience/DSProject/venv/lib/python3.10/site-packages/airflow/example_dags/example_dag_decorator.py
[2023-12-17T08:19:04.559+0700] {logging_mixin.py:154} INFO - [2023-12-17T08:19:04.559+0700] {dag.py:2941} INFO - Sync 1 DAGs
[2023-12-17T08:19:04.564+0700] {logging_mixin.py:154} INFO - [2023-12-17T08:19:04.564+0700] {dag.py:3722} INFO - Setting next_dagrun for example_dag_decorator to None, run_after=None
[2023-12-17T08:19:04.582+0700] {processor.py:179} INFO - Processing /home/phuc/Practice/DataScience/DSProject/venv/lib/python3.10/site-packages/airflow/example_dags/example_dag_decorator.py took 0.202 seconds
[2023-12-17T08:19:57.996+0700] {processor.py:157} INFO - Started process (PID=317517) to work on /home/phuc/Practice/DataScience/DSProject/venv/lib/python3.10/site-packages/airflow/example_dags/example_dag_decorator.py
[2023-12-17T08:19:58.003+0700] {processor.py:829} INFO - Processing file /home/phuc/Practice/DataScience/DSProject/venv/lib/python3.10/site-packages/airflow/example_dags/example_dag_decorator.py for tasks to queue
[2023-12-17T08:19:58.004+0700] {logging_mixin.py:154} INFO - [2023-12-17T08:19:58.003+0700] {dagbag.py:536} INFO - Filling up the DagBag from /home/phuc/Practice/DataScience/DSProject/venv/lib/python3.10/site-packages/airflow/example_dags/example_dag_decorator.py
[2023-12-17T08:19:58.062+0700] {processor.py:839} INFO - DAG(s) dict_keys(['example_dag_decorator']) retrieved from /home/phuc/Practice/DataScience/DSProject/venv/lib/python3.10/site-packages/airflow/example_dags/example_dag_decorator.py
[2023-12-17T08:19:58.223+0700] {logging_mixin.py:154} INFO - [2023-12-17T08:19:58.223+0700] {dag.py:2941} INFO - Sync 1 DAGs
[2023-12-17T08:19:58.230+0700] {logging_mixin.py:154} INFO - [2023-12-17T08:19:58.230+0700] {dag.py:3722} INFO - Setting next_dagrun for example_dag_decorator to None, run_after=None
[2023-12-17T08:19:58.252+0700] {processor.py:179} INFO - Processing /home/phuc/Practice/DataScience/DSProject/venv/lib/python3.10/site-packages/airflow/example_dags/example_dag_decorator.py took 0.258 seconds
[2023-12-17T08:20:47.622+0700] {processor.py:157} INFO - Started process (PID=318026) to work on /home/phuc/Practice/DataScience/DSProject/venv/lib/python3.10/site-packages/airflow/example_dags/example_dag_decorator.py
[2023-12-17T08:20:47.623+0700] {processor.py:829} INFO - Processing file /home/phuc/Practice/DataScience/DSProject/venv/lib/python3.10/site-packages/airflow/example_dags/example_dag_decorator.py for tasks to queue
[2023-12-17T08:20:47.624+0700] {logging_mixin.py:154} INFO - [2023-12-17T08:20:47.623+0700] {dagbag.py:536} INFO - Filling up the DagBag from /home/phuc/Practice/DataScience/DSProject/venv/lib/python3.10/site-packages/airflow/example_dags/example_dag_decorator.py
[2023-12-17T08:20:47.681+0700] {processor.py:839} INFO - DAG(s) dict_keys(['example_dag_decorator']) retrieved from /home/phuc/Practice/DataScience/DSProject/venv/lib/python3.10/site-packages/airflow/example_dags/example_dag_decorator.py
[2023-12-17T08:20:47.826+0700] {logging_mixin.py:154} INFO - [2023-12-17T08:20:47.825+0700] {dag.py:2941} INFO - Sync 1 DAGs
[2023-12-17T08:20:47.830+0700] {logging_mixin.py:154} INFO - [2023-12-17T08:20:47.830+0700] {dag.py:3722} INFO - Setting next_dagrun for example_dag_decorator to None, run_after=None
[2023-12-17T08:20:47.846+0700] {processor.py:179} INFO - Processing /home/phuc/Practice/DataScience/DSProject/venv/lib/python3.10/site-packages/airflow/example_dags/example_dag_decorator.py took 0.226 seconds
[2023-12-17T08:23:12.389+0700] {processor.py:157} INFO - Started process (PID=319362) to work on /home/phuc/Practice/DataScience/DSProject/venv/lib/python3.10/site-packages/airflow/example_dags/example_dag_decorator.py
[2023-12-17T08:23:12.396+0700] {processor.py:829} INFO - Processing file /home/phuc/Practice/DataScience/DSProject/venv/lib/python3.10/site-packages/airflow/example_dags/example_dag_decorator.py for tasks to queue
[2023-12-17T08:23:12.397+0700] {logging_mixin.py:154} INFO - [2023-12-17T08:23:12.397+0700] {dagbag.py:536} INFO - Filling up the DagBag from /home/phuc/Practice/DataScience/DSProject/venv/lib/python3.10/site-packages/airflow/example_dags/example_dag_decorator.py
[2023-12-17T08:23:12.450+0700] {processor.py:839} INFO - DAG(s) dict_keys(['example_dag_decorator']) retrieved from /home/phuc/Practice/DataScience/DSProject/venv/lib/python3.10/site-packages/airflow/example_dags/example_dag_decorator.py
[2023-12-17T08:23:12.533+0700] {logging_mixin.py:154} INFO - [2023-12-17T08:23:12.532+0700] {dag.py:2941} INFO - Sync 1 DAGs
[2023-12-17T08:23:12.542+0700] {logging_mixin.py:154} INFO - [2023-12-17T08:23:12.542+0700] {dag.py:3722} INFO - Setting next_dagrun for example_dag_decorator to None, run_after=None
[2023-12-17T08:23:12.561+0700] {processor.py:179} INFO - Processing /home/phuc/Practice/DataScience/DSProject/venv/lib/python3.10/site-packages/airflow/example_dags/example_dag_decorator.py took 0.174 seconds
[2023-12-17T08:23:58.829+0700] {processor.py:157} INFO - Started process (PID=319702) to work on /home/phuc/Practice/DataScience/DSProject/venv/lib/python3.10/site-packages/airflow/example_dags/example_dag_decorator.py
[2023-12-17T08:23:58.829+0700] {processor.py:829} INFO - Processing file /home/phuc/Practice/DataScience/DSProject/venv/lib/python3.10/site-packages/airflow/example_dags/example_dag_decorator.py for tasks to queue
[2023-12-17T08:23:58.830+0700] {logging_mixin.py:154} INFO - [2023-12-17T08:23:58.830+0700] {dagbag.py:536} INFO - Filling up the DagBag from /home/phuc/Practice/DataScience/DSProject/venv/lib/python3.10/site-packages/airflow/example_dags/example_dag_decorator.py
[2023-12-17T08:23:58.876+0700] {processor.py:839} INFO - DAG(s) dict_keys(['example_dag_decorator']) retrieved from /home/phuc/Practice/DataScience/DSProject/venv/lib/python3.10/site-packages/airflow/example_dags/example_dag_decorator.py
[2023-12-17T08:23:58.928+0700] {logging_mixin.py:154} INFO - [2023-12-17T08:23:58.928+0700] {dag.py:2941} INFO - Sync 1 DAGs
[2023-12-17T08:23:58.934+0700] {logging_mixin.py:154} INFO - [2023-12-17T08:23:58.934+0700] {dag.py:3722} INFO - Setting next_dagrun for example_dag_decorator to None, run_after=None
[2023-12-17T08:23:58.946+0700] {processor.py:179} INFO - Processing /home/phuc/Practice/DataScience/DSProject/venv/lib/python3.10/site-packages/airflow/example_dags/example_dag_decorator.py took 0.119 seconds
[2023-12-17T08:24:51.855+0700] {processor.py:157} INFO - Started process (PID=319940) to work on /home/phuc/Practice/DataScience/DSProject/venv/lib/python3.10/site-packages/airflow/example_dags/example_dag_decorator.py
[2023-12-17T08:24:51.863+0700] {processor.py:829} INFO - Processing file /home/phuc/Practice/DataScience/DSProject/venv/lib/python3.10/site-packages/airflow/example_dags/example_dag_decorator.py for tasks to queue
[2023-12-17T08:24:51.864+0700] {logging_mixin.py:154} INFO - [2023-12-17T08:24:51.863+0700] {dagbag.py:536} INFO - Filling up the DagBag from /home/phuc/Practice/DataScience/DSProject/venv/lib/python3.10/site-packages/airflow/example_dags/example_dag_decorator.py
[2023-12-17T08:24:51.911+0700] {processor.py:839} INFO - DAG(s) dict_keys(['example_dag_decorator']) retrieved from /home/phuc/Practice/DataScience/DSProject/venv/lib/python3.10/site-packages/airflow/example_dags/example_dag_decorator.py
[2023-12-17T08:24:51.963+0700] {logging_mixin.py:154} INFO - [2023-12-17T08:24:51.963+0700] {dag.py:2941} INFO - Sync 1 DAGs
[2023-12-17T08:24:51.968+0700] {logging_mixin.py:154} INFO - [2023-12-17T08:24:51.967+0700] {dag.py:3722} INFO - Setting next_dagrun for example_dag_decorator to None, run_after=None
[2023-12-17T08:24:51.980+0700] {processor.py:179} INFO - Processing /home/phuc/Practice/DataScience/DSProject/venv/lib/python3.10/site-packages/airflow/example_dags/example_dag_decorator.py took 0.127 seconds
[2023-12-17T08:25:46.734+0700] {processor.py:157} INFO - Started process (PID=320186) to work on /home/phuc/Practice/DataScience/DSProject/venv/lib/python3.10/site-packages/airflow/example_dags/example_dag_decorator.py
[2023-12-17T08:25:46.741+0700] {processor.py:829} INFO - Processing file /home/phuc/Practice/DataScience/DSProject/venv/lib/python3.10/site-packages/airflow/example_dags/example_dag_decorator.py for tasks to queue
[2023-12-17T08:25:46.741+0700] {logging_mixin.py:154} INFO - [2023-12-17T08:25:46.741+0700] {dagbag.py:536} INFO - Filling up the DagBag from /home/phuc/Practice/DataScience/DSProject/venv/lib/python3.10/site-packages/airflow/example_dags/example_dag_decorator.py
[2023-12-17T08:25:46.792+0700] {processor.py:839} INFO - DAG(s) dict_keys(['example_dag_decorator']) retrieved from /home/phuc/Practice/DataScience/DSProject/venv/lib/python3.10/site-packages/airflow/example_dags/example_dag_decorator.py
[2023-12-17T08:25:46.848+0700] {logging_mixin.py:154} INFO - [2023-12-17T08:25:46.848+0700] {dag.py:2941} INFO - Sync 1 DAGs
[2023-12-17T08:25:46.853+0700] {logging_mixin.py:154} INFO - [2023-12-17T08:25:46.853+0700] {dag.py:3722} INFO - Setting next_dagrun for example_dag_decorator to None, run_after=None
[2023-12-17T08:25:46.872+0700] {processor.py:179} INFO - Processing /home/phuc/Practice/DataScience/DSProject/venv/lib/python3.10/site-packages/airflow/example_dags/example_dag_decorator.py took 0.141 seconds
[2023-12-17T08:26:34.666+0700] {processor.py:157} INFO - Started process (PID=320395) to work on /home/phuc/Practice/DataScience/DSProject/venv/lib/python3.10/site-packages/airflow/example_dags/example_dag_decorator.py
[2023-12-17T08:26:34.673+0700] {processor.py:829} INFO - Processing file /home/phuc/Practice/DataScience/DSProject/venv/lib/python3.10/site-packages/airflow/example_dags/example_dag_decorator.py for tasks to queue
[2023-12-17T08:26:34.674+0700] {logging_mixin.py:154} INFO - [2023-12-17T08:26:34.673+0700] {dagbag.py:536} INFO - Filling up the DagBag from /home/phuc/Practice/DataScience/DSProject/venv/lib/python3.10/site-packages/airflow/example_dags/example_dag_decorator.py
[2023-12-17T08:26:34.718+0700] {processor.py:839} INFO - DAG(s) dict_keys(['example_dag_decorator']) retrieved from /home/phuc/Practice/DataScience/DSProject/venv/lib/python3.10/site-packages/airflow/example_dags/example_dag_decorator.py
[2023-12-17T08:26:34.779+0700] {logging_mixin.py:154} INFO - [2023-12-17T08:26:34.779+0700] {dag.py:2941} INFO - Sync 1 DAGs
[2023-12-17T08:26:34.785+0700] {logging_mixin.py:154} INFO - [2023-12-17T08:26:34.785+0700] {dag.py:3722} INFO - Setting next_dagrun for example_dag_decorator to None, run_after=None
[2023-12-17T08:26:34.804+0700] {processor.py:179} INFO - Processing /home/phuc/Practice/DataScience/DSProject/venv/lib/python3.10/site-packages/airflow/example_dags/example_dag_decorator.py took 0.140 seconds
[2023-12-17T08:27:26.110+0700] {processor.py:157} INFO - Started process (PID=320694) to work on /home/phuc/Practice/DataScience/DSProject/venv/lib/python3.10/site-packages/airflow/example_dags/example_dag_decorator.py
[2023-12-17T08:27:26.116+0700] {processor.py:829} INFO - Processing file /home/phuc/Practice/DataScience/DSProject/venv/lib/python3.10/site-packages/airflow/example_dags/example_dag_decorator.py for tasks to queue
[2023-12-17T08:27:26.118+0700] {logging_mixin.py:154} INFO - [2023-12-17T08:27:26.117+0700] {dagbag.py:536} INFO - Filling up the DagBag from /home/phuc/Practice/DataScience/DSProject/venv/lib/python3.10/site-packages/airflow/example_dags/example_dag_decorator.py
[2023-12-17T08:27:26.163+0700] {processor.py:839} INFO - DAG(s) dict_keys(['example_dag_decorator']) retrieved from /home/phuc/Practice/DataScience/DSProject/venv/lib/python3.10/site-packages/airflow/example_dags/example_dag_decorator.py
[2023-12-17T08:27:26.216+0700] {logging_mixin.py:154} INFO - [2023-12-17T08:27:26.216+0700] {dag.py:2941} INFO - Sync 1 DAGs
[2023-12-17T08:27:26.221+0700] {logging_mixin.py:154} INFO - [2023-12-17T08:27:26.221+0700] {dag.py:3722} INFO - Setting next_dagrun for example_dag_decorator to None, run_after=None
[2023-12-17T08:27:26.243+0700] {processor.py:179} INFO - Processing /home/phuc/Practice/DataScience/DSProject/venv/lib/python3.10/site-packages/airflow/example_dags/example_dag_decorator.py took 0.136 seconds
[2023-12-17T08:28:15.776+0700] {processor.py:157} INFO - Started process (PID=320912) to work on /home/phuc/Practice/DataScience/DSProject/venv/lib/python3.10/site-packages/airflow/example_dags/example_dag_decorator.py
[2023-12-17T08:28:15.783+0700] {processor.py:829} INFO - Processing file /home/phuc/Practice/DataScience/DSProject/venv/lib/python3.10/site-packages/airflow/example_dags/example_dag_decorator.py for tasks to queue
[2023-12-17T08:28:15.784+0700] {logging_mixin.py:154} INFO - [2023-12-17T08:28:15.784+0700] {dagbag.py:536} INFO - Filling up the DagBag from /home/phuc/Practice/DataScience/DSProject/venv/lib/python3.10/site-packages/airflow/example_dags/example_dag_decorator.py
[2023-12-17T08:28:15.847+0700] {processor.py:839} INFO - DAG(s) dict_keys(['example_dag_decorator']) retrieved from /home/phuc/Practice/DataScience/DSProject/venv/lib/python3.10/site-packages/airflow/example_dags/example_dag_decorator.py
[2023-12-17T08:28:15.928+0700] {logging_mixin.py:154} INFO - [2023-12-17T08:28:15.928+0700] {dag.py:2941} INFO - Sync 1 DAGs
[2023-12-17T08:28:15.938+0700] {logging_mixin.py:154} INFO - [2023-12-17T08:28:15.938+0700] {dag.py:3722} INFO - Setting next_dagrun for example_dag_decorator to None, run_after=None
[2023-12-17T08:28:15.963+0700] {processor.py:179} INFO - Processing /home/phuc/Practice/DataScience/DSProject/venv/lib/python3.10/site-packages/airflow/example_dags/example_dag_decorator.py took 0.189 seconds
[2023-12-17T08:29:03.302+0700] {processor.py:157} INFO - Started process (PID=321115) to work on /home/phuc/Practice/DataScience/DSProject/venv/lib/python3.10/site-packages/airflow/example_dags/example_dag_decorator.py
[2023-12-17T08:29:03.309+0700] {processor.py:829} INFO - Processing file /home/phuc/Practice/DataScience/DSProject/venv/lib/python3.10/site-packages/airflow/example_dags/example_dag_decorator.py for tasks to queue
[2023-12-17T08:29:03.310+0700] {logging_mixin.py:154} INFO - [2023-12-17T08:29:03.310+0700] {dagbag.py:536} INFO - Filling up the DagBag from /home/phuc/Practice/DataScience/DSProject/venv/lib/python3.10/site-packages/airflow/example_dags/example_dag_decorator.py
[2023-12-17T08:29:03.349+0700] {processor.py:839} INFO - DAG(s) dict_keys(['example_dag_decorator']) retrieved from /home/phuc/Practice/DataScience/DSProject/venv/lib/python3.10/site-packages/airflow/example_dags/example_dag_decorator.py
[2023-12-17T08:29:03.402+0700] {logging_mixin.py:154} INFO - [2023-12-17T08:29:03.402+0700] {dag.py:2941} INFO - Sync 1 DAGs
[2023-12-17T08:29:03.407+0700] {logging_mixin.py:154} INFO - [2023-12-17T08:29:03.407+0700] {dag.py:3722} INFO - Setting next_dagrun for example_dag_decorator to None, run_after=None
[2023-12-17T08:29:03.420+0700] {processor.py:179} INFO - Processing /home/phuc/Practice/DataScience/DSProject/venv/lib/python3.10/site-packages/airflow/example_dags/example_dag_decorator.py took 0.120 seconds
[2023-12-17T08:29:54.740+0700] {processor.py:157} INFO - Started process (PID=321341) to work on /home/phuc/Practice/DataScience/DSProject/venv/lib/python3.10/site-packages/airflow/example_dags/example_dag_decorator.py
[2023-12-17T08:29:54.747+0700] {processor.py:829} INFO - Processing file /home/phuc/Practice/DataScience/DSProject/venv/lib/python3.10/site-packages/airflow/example_dags/example_dag_decorator.py for tasks to queue
[2023-12-17T08:29:54.749+0700] {logging_mixin.py:154} INFO - [2023-12-17T08:29:54.748+0700] {dagbag.py:536} INFO - Filling up the DagBag from /home/phuc/Practice/DataScience/DSProject/venv/lib/python3.10/site-packages/airflow/example_dags/example_dag_decorator.py
[2023-12-17T08:29:54.790+0700] {processor.py:839} INFO - DAG(s) dict_keys(['example_dag_decorator']) retrieved from /home/phuc/Practice/DataScience/DSProject/venv/lib/python3.10/site-packages/airflow/example_dags/example_dag_decorator.py
[2023-12-17T08:29:54.834+0700] {logging_mixin.py:154} INFO - [2023-12-17T08:29:54.834+0700] {dag.py:2941} INFO - Sync 1 DAGs
[2023-12-17T08:29:54.838+0700] {logging_mixin.py:154} INFO - [2023-12-17T08:29:54.838+0700] {dag.py:3722} INFO - Setting next_dagrun for example_dag_decorator to None, run_after=None
[2023-12-17T08:29:54.848+0700] {processor.py:179} INFO - Processing /home/phuc/Practice/DataScience/DSProject/venv/lib/python3.10/site-packages/airflow/example_dags/example_dag_decorator.py took 0.111 seconds
[2023-12-17T08:30:45.240+0700] {processor.py:157} INFO - Started process (PID=321604) to work on /home/phuc/Practice/DataScience/DSProject/venv/lib/python3.10/site-packages/airflow/example_dags/example_dag_decorator.py
[2023-12-17T08:30:45.247+0700] {processor.py:829} INFO - Processing file /home/phuc/Practice/DataScience/DSProject/venv/lib/python3.10/site-packages/airflow/example_dags/example_dag_decorator.py for tasks to queue
[2023-12-17T08:30:45.248+0700] {logging_mixin.py:154} INFO - [2023-12-17T08:30:45.248+0700] {dagbag.py:536} INFO - Filling up the DagBag from /home/phuc/Practice/DataScience/DSProject/venv/lib/python3.10/site-packages/airflow/example_dags/example_dag_decorator.py
[2023-12-17T08:30:45.290+0700] {processor.py:839} INFO - DAG(s) dict_keys(['example_dag_decorator']) retrieved from /home/phuc/Practice/DataScience/DSProject/venv/lib/python3.10/site-packages/airflow/example_dags/example_dag_decorator.py
[2023-12-17T08:30:45.333+0700] {logging_mixin.py:154} INFO - [2023-12-17T08:30:45.333+0700] {dag.py:2941} INFO - Sync 1 DAGs
[2023-12-17T08:30:45.337+0700] {logging_mixin.py:154} INFO - [2023-12-17T08:30:45.337+0700] {dag.py:3722} INFO - Setting next_dagrun for example_dag_decorator to None, run_after=None
[2023-12-17T08:30:45.347+0700] {processor.py:179} INFO - Processing /home/phuc/Practice/DataScience/DSProject/venv/lib/python3.10/site-packages/airflow/example_dags/example_dag_decorator.py took 0.110 seconds
[2023-12-17T08:31:37.294+0700] {processor.py:157} INFO - Started process (PID=321973) to work on /home/phuc/Practice/DataScience/DSProject/venv/lib/python3.10/site-packages/airflow/example_dags/example_dag_decorator.py
[2023-12-17T08:31:37.295+0700] {processor.py:829} INFO - Processing file /home/phuc/Practice/DataScience/DSProject/venv/lib/python3.10/site-packages/airflow/example_dags/example_dag_decorator.py for tasks to queue
[2023-12-17T08:31:37.295+0700] {logging_mixin.py:154} INFO - [2023-12-17T08:31:37.295+0700] {dagbag.py:536} INFO - Filling up the DagBag from /home/phuc/Practice/DataScience/DSProject/venv/lib/python3.10/site-packages/airflow/example_dags/example_dag_decorator.py
[2023-12-17T08:31:37.329+0700] {processor.py:839} INFO - DAG(s) dict_keys(['example_dag_decorator']) retrieved from /home/phuc/Practice/DataScience/DSProject/venv/lib/python3.10/site-packages/airflow/example_dags/example_dag_decorator.py
[2023-12-17T08:31:37.376+0700] {logging_mixin.py:154} INFO - [2023-12-17T08:31:37.375+0700] {dag.py:2941} INFO - Sync 1 DAGs
[2023-12-17T08:31:37.380+0700] {logging_mixin.py:154} INFO - [2023-12-17T08:31:37.380+0700] {dag.py:3722} INFO - Setting next_dagrun for example_dag_decorator to None, run_after=None
[2023-12-17T08:31:37.390+0700] {processor.py:179} INFO - Processing /home/phuc/Practice/DataScience/DSProject/venv/lib/python3.10/site-packages/airflow/example_dags/example_dag_decorator.py took 0.097 seconds
[2023-12-17T08:32:58.694+0700] {processor.py:157} INFO - Started process (PID=323056) to work on /home/phuc/Practice/DataScience/DSProject/venv/lib/python3.10/site-packages/airflow/example_dags/example_dag_decorator.py
[2023-12-17T08:32:58.695+0700] {processor.py:829} INFO - Processing file /home/phuc/Practice/DataScience/DSProject/venv/lib/python3.10/site-packages/airflow/example_dags/example_dag_decorator.py for tasks to queue
[2023-12-17T08:32:58.695+0700] {logging_mixin.py:154} INFO - [2023-12-17T08:32:58.695+0700] {dagbag.py:536} INFO - Filling up the DagBag from /home/phuc/Practice/DataScience/DSProject/venv/lib/python3.10/site-packages/airflow/example_dags/example_dag_decorator.py
[2023-12-17T08:32:58.728+0700] {processor.py:839} INFO - DAG(s) dict_keys(['example_dag_decorator']) retrieved from /home/phuc/Practice/DataScience/DSProject/venv/lib/python3.10/site-packages/airflow/example_dags/example_dag_decorator.py
[2023-12-17T08:32:58.772+0700] {logging_mixin.py:154} INFO - [2023-12-17T08:32:58.772+0700] {dag.py:2941} INFO - Sync 1 DAGs
[2023-12-17T08:32:58.777+0700] {logging_mixin.py:154} INFO - [2023-12-17T08:32:58.777+0700] {dag.py:3722} INFO - Setting next_dagrun for example_dag_decorator to None, run_after=None
[2023-12-17T08:32:58.787+0700] {processor.py:179} INFO - Processing /home/phuc/Practice/DataScience/DSProject/venv/lib/python3.10/site-packages/airflow/example_dags/example_dag_decorator.py took 0.095 seconds
[2023-12-17T08:33:45.300+0700] {processor.py:157} INFO - Started process (PID=323275) to work on /home/phuc/Practice/DataScience/DSProject/venv/lib/python3.10/site-packages/airflow/example_dags/example_dag_decorator.py
[2023-12-17T08:33:45.306+0700] {processor.py:829} INFO - Processing file /home/phuc/Practice/DataScience/DSProject/venv/lib/python3.10/site-packages/airflow/example_dags/example_dag_decorator.py for tasks to queue
[2023-12-17T08:33:45.307+0700] {logging_mixin.py:154} INFO - [2023-12-17T08:33:45.307+0700] {dagbag.py:536} INFO - Filling up the DagBag from /home/phuc/Practice/DataScience/DSProject/venv/lib/python3.10/site-packages/airflow/example_dags/example_dag_decorator.py
[2023-12-17T08:33:45.341+0700] {processor.py:839} INFO - DAG(s) dict_keys(['example_dag_decorator']) retrieved from /home/phuc/Practice/DataScience/DSProject/venv/lib/python3.10/site-packages/airflow/example_dags/example_dag_decorator.py
[2023-12-17T08:33:45.388+0700] {logging_mixin.py:154} INFO - [2023-12-17T08:33:45.388+0700] {dag.py:2941} INFO - Sync 1 DAGs
[2023-12-17T08:33:45.393+0700] {logging_mixin.py:154} INFO - [2023-12-17T08:33:45.393+0700] {dag.py:3722} INFO - Setting next_dagrun for example_dag_decorator to None, run_after=None
[2023-12-17T08:33:45.404+0700] {processor.py:179} INFO - Processing /home/phuc/Practice/DataScience/DSProject/venv/lib/python3.10/site-packages/airflow/example_dags/example_dag_decorator.py took 0.106 seconds
[2023-12-17T08:34:41.494+0700] {processor.py:157} INFO - Started process (PID=323772) to work on /home/phuc/Practice/DataScience/DSProject/venv/lib/python3.10/site-packages/airflow/example_dags/example_dag_decorator.py
[2023-12-17T08:34:41.501+0700] {processor.py:829} INFO - Processing file /home/phuc/Practice/DataScience/DSProject/venv/lib/python3.10/site-packages/airflow/example_dags/example_dag_decorator.py for tasks to queue
[2023-12-17T08:34:41.501+0700] {logging_mixin.py:154} INFO - [2023-12-17T08:34:41.501+0700] {dagbag.py:536} INFO - Filling up the DagBag from /home/phuc/Practice/DataScience/DSProject/venv/lib/python3.10/site-packages/airflow/example_dags/example_dag_decorator.py
[2023-12-17T08:34:41.538+0700] {processor.py:839} INFO - DAG(s) dict_keys(['example_dag_decorator']) retrieved from /home/phuc/Practice/DataScience/DSProject/venv/lib/python3.10/site-packages/airflow/example_dags/example_dag_decorator.py
[2023-12-17T08:34:41.587+0700] {logging_mixin.py:154} INFO - [2023-12-17T08:34:41.587+0700] {dag.py:2941} INFO - Sync 1 DAGs
[2023-12-17T08:34:41.591+0700] {logging_mixin.py:154} INFO - [2023-12-17T08:34:41.591+0700] {dag.py:3722} INFO - Setting next_dagrun for example_dag_decorator to None, run_after=None
[2023-12-17T08:34:41.603+0700] {processor.py:179} INFO - Processing /home/phuc/Practice/DataScience/DSProject/venv/lib/python3.10/site-packages/airflow/example_dags/example_dag_decorator.py took 0.111 seconds
[2023-12-17T08:35:36.700+0700] {processor.py:157} INFO - Started process (PID=324166) to work on /home/phuc/Practice/DataScience/DSProject/venv/lib/python3.10/site-packages/airflow/example_dags/example_dag_decorator.py
[2023-12-17T08:35:36.706+0700] {processor.py:829} INFO - Processing file /home/phuc/Practice/DataScience/DSProject/venv/lib/python3.10/site-packages/airflow/example_dags/example_dag_decorator.py for tasks to queue
[2023-12-17T08:35:36.707+0700] {logging_mixin.py:154} INFO - [2023-12-17T08:35:36.707+0700] {dagbag.py:536} INFO - Filling up the DagBag from /home/phuc/Practice/DataScience/DSProject/venv/lib/python3.10/site-packages/airflow/example_dags/example_dag_decorator.py
[2023-12-17T08:35:36.739+0700] {processor.py:839} INFO - DAG(s) dict_keys(['example_dag_decorator']) retrieved from /home/phuc/Practice/DataScience/DSProject/venv/lib/python3.10/site-packages/airflow/example_dags/example_dag_decorator.py
[2023-12-17T08:35:36.784+0700] {logging_mixin.py:154} INFO - [2023-12-17T08:35:36.783+0700] {dag.py:2941} INFO - Sync 1 DAGs
[2023-12-17T08:35:36.788+0700] {logging_mixin.py:154} INFO - [2023-12-17T08:35:36.787+0700] {dag.py:3722} INFO - Setting next_dagrun for example_dag_decorator to None, run_after=None
[2023-12-17T08:35:36.799+0700] {processor.py:179} INFO - Processing /home/phuc/Practice/DataScience/DSProject/venv/lib/python3.10/site-packages/airflow/example_dags/example_dag_decorator.py took 0.101 seconds
