[2023-12-17T08:03:14.728+0700] {processor.py:157} INFO - Started process (PID=309659) to work on /home/phuc/Practice/DataScience/DSProject/venv/lib/python3.10/site-packages/airflow/example_dags/example_dynamic_task_mapping_with_no_taskflow_operators.py
[2023-12-17T08:03:14.729+0700] {processor.py:829} INFO - Processing file /home/phuc/Practice/DataScience/DSProject/venv/lib/python3.10/site-packages/airflow/example_dags/example_dynamic_task_mapping_with_no_taskflow_operators.py for tasks to queue
[2023-12-17T08:03:14.729+0700] {logging_mixin.py:154} INFO - [2023-12-17T08:03:14.729+0700] {dagbag.py:536} INFO - Filling up the DagBag from /home/phuc/Practice/DataScience/DSProject/venv/lib/python3.10/site-packages/airflow/example_dags/example_dynamic_task_mapping_with_no_taskflow_operators.py
[2023-12-17T08:03:14.740+0700] {processor.py:839} INFO - DAG(s) dict_keys(['example_dynamic_task_mapping_with_no_taskflow_operators']) retrieved from /home/phuc/Practice/DataScience/DSProject/venv/lib/python3.10/site-packages/airflow/example_dags/example_dynamic_task_mapping_with_no_taskflow_operators.py
[2023-12-17T08:03:14.857+0700] {logging_mixin.py:154} INFO - [2023-12-17T08:03:14.857+0700] {manager.py:499} INFO - Created Permission View: %s
[2023-12-17T08:03:14.869+0700] {logging_mixin.py:154} INFO - [2023-12-17T08:03:14.869+0700] {manager.py:499} INFO - Created Permission View: %s
[2023-12-17T08:03:14.883+0700] {logging_mixin.py:154} INFO - [2023-12-17T08:03:14.882+0700] {manager.py:499} INFO - Created Permission View: %s
[2023-12-17T08:03:14.883+0700] {logging_mixin.py:154} INFO - [2023-12-17T08:03:14.883+0700] {dag.py:2941} INFO - Sync 1 DAGs
[2023-12-17T08:03:14.895+0700] {logging_mixin.py:154} INFO - [2023-12-17T08:03:14.895+0700] {dag.py:2963} INFO - Creating ORM DAG for example_dynamic_task_mapping_with_no_taskflow_operators
[2023-12-17T08:03:14.905+0700] {logging_mixin.py:154} INFO - [2023-12-17T08:03:14.905+0700] {dag.py:3722} INFO - Setting next_dagrun for example_dynamic_task_mapping_with_no_taskflow_operators to 2023-12-16T01:03:14.905416+00:00, run_after=2023-12-17T01:03:14.905416+00:00
[2023-12-17T08:03:14.929+0700] {processor.py:179} INFO - Processing /home/phuc/Practice/DataScience/DSProject/venv/lib/python3.10/site-packages/airflow/example_dags/example_dynamic_task_mapping_with_no_taskflow_operators.py took 0.204 seconds
[2023-12-17T08:05:29.850+0700] {processor.py:157} INFO - Started process (PID=310910) to work on /home/phuc/Practice/DataScience/DSProject/venv/lib/python3.10/site-packages/airflow/example_dags/example_dynamic_task_mapping_with_no_taskflow_operators.py
[2023-12-17T08:05:29.857+0700] {processor.py:829} INFO - Processing file /home/phuc/Practice/DataScience/DSProject/venv/lib/python3.10/site-packages/airflow/example_dags/example_dynamic_task_mapping_with_no_taskflow_operators.py for tasks to queue
[2023-12-17T08:05:29.859+0700] {logging_mixin.py:154} INFO - [2023-12-17T08:05:29.858+0700] {dagbag.py:536} INFO - Filling up the DagBag from /home/phuc/Practice/DataScience/DSProject/venv/lib/python3.10/site-packages/airflow/example_dags/example_dynamic_task_mapping_with_no_taskflow_operators.py
[2023-12-17T08:05:29.867+0700] {processor.py:839} INFO - DAG(s) dict_keys(['example_dynamic_task_mapping_with_no_taskflow_operators']) retrieved from /home/phuc/Practice/DataScience/DSProject/venv/lib/python3.10/site-packages/airflow/example_dags/example_dynamic_task_mapping_with_no_taskflow_operators.py
[2023-12-17T08:05:29.884+0700] {logging_mixin.py:154} INFO - [2023-12-17T08:05:29.884+0700] {dag.py:2941} INFO - Sync 1 DAGs
[2023-12-17T08:05:29.897+0700] {logging_mixin.py:154} INFO - [2023-12-17T08:05:29.896+0700] {dag.py:3722} INFO - Setting next_dagrun for example_dynamic_task_mapping_with_no_taskflow_operators to 2023-12-16T01:05:29.896677+00:00, run_after=2023-12-17T01:05:29.896677+00:00
[2023-12-17T08:05:29.911+0700] {processor.py:179} INFO - Processing /home/phuc/Practice/DataScience/DSProject/venv/lib/python3.10/site-packages/airflow/example_dags/example_dynamic_task_mapping_with_no_taskflow_operators.py took 0.063 seconds
[2023-12-17T08:06:16.878+0700] {processor.py:157} INFO - Started process (PID=311379) to work on /home/phuc/Practice/DataScience/DSProject/venv/lib/python3.10/site-packages/airflow/example_dags/example_dynamic_task_mapping_with_no_taskflow_operators.py
[2023-12-17T08:06:16.885+0700] {processor.py:829} INFO - Processing file /home/phuc/Practice/DataScience/DSProject/venv/lib/python3.10/site-packages/airflow/example_dags/example_dynamic_task_mapping_with_no_taskflow_operators.py for tasks to queue
[2023-12-17T08:06:16.886+0700] {logging_mixin.py:154} INFO - [2023-12-17T08:06:16.886+0700] {dagbag.py:536} INFO - Filling up the DagBag from /home/phuc/Practice/DataScience/DSProject/venv/lib/python3.10/site-packages/airflow/example_dags/example_dynamic_task_mapping_with_no_taskflow_operators.py
[2023-12-17T08:06:16.892+0700] {processor.py:839} INFO - DAG(s) dict_keys(['example_dynamic_task_mapping_with_no_taskflow_operators']) retrieved from /home/phuc/Practice/DataScience/DSProject/venv/lib/python3.10/site-packages/airflow/example_dags/example_dynamic_task_mapping_with_no_taskflow_operators.py
[2023-12-17T08:06:16.904+0700] {logging_mixin.py:154} INFO - [2023-12-17T08:06:16.904+0700] {dag.py:2941} INFO - Sync 1 DAGs
[2023-12-17T08:06:16.920+0700] {logging_mixin.py:154} INFO - [2023-12-17T08:06:16.919+0700] {dag.py:3722} INFO - Setting next_dagrun for example_dynamic_task_mapping_with_no_taskflow_operators to 2023-12-16T01:06:16.919539+00:00, run_after=2023-12-17T01:06:16.919539+00:00
[2023-12-17T08:06:16.936+0700] {processor.py:179} INFO - Processing /home/phuc/Practice/DataScience/DSProject/venv/lib/python3.10/site-packages/airflow/example_dags/example_dynamic_task_mapping_with_no_taskflow_operators.py took 0.061 seconds
[2023-12-17T08:07:04.155+0700] {processor.py:157} INFO - Started process (PID=311919) to work on /home/phuc/Practice/DataScience/DSProject/venv/lib/python3.10/site-packages/airflow/example_dags/example_dynamic_task_mapping_with_no_taskflow_operators.py
[2023-12-17T08:07:04.162+0700] {processor.py:829} INFO - Processing file /home/phuc/Practice/DataScience/DSProject/venv/lib/python3.10/site-packages/airflow/example_dags/example_dynamic_task_mapping_with_no_taskflow_operators.py for tasks to queue
[2023-12-17T08:07:04.163+0700] {logging_mixin.py:154} INFO - [2023-12-17T08:07:04.163+0700] {dagbag.py:536} INFO - Filling up the DagBag from /home/phuc/Practice/DataScience/DSProject/venv/lib/python3.10/site-packages/airflow/example_dags/example_dynamic_task_mapping_with_no_taskflow_operators.py
[2023-12-17T08:07:04.167+0700] {processor.py:839} INFO - DAG(s) dict_keys(['example_dynamic_task_mapping_with_no_taskflow_operators']) retrieved from /home/phuc/Practice/DataScience/DSProject/venv/lib/python3.10/site-packages/airflow/example_dags/example_dynamic_task_mapping_with_no_taskflow_operators.py
[2023-12-17T08:07:04.178+0700] {logging_mixin.py:154} INFO - [2023-12-17T08:07:04.178+0700] {dag.py:2941} INFO - Sync 1 DAGs
[2023-12-17T08:07:04.189+0700] {logging_mixin.py:154} INFO - [2023-12-17T08:07:04.189+0700] {dag.py:3722} INFO - Setting next_dagrun for example_dynamic_task_mapping_with_no_taskflow_operators to 2023-12-16T01:07:04.189604+00:00, run_after=2023-12-17T01:07:04.189604+00:00
[2023-12-17T08:07:04.204+0700] {processor.py:179} INFO - Processing /home/phuc/Practice/DataScience/DSProject/venv/lib/python3.10/site-packages/airflow/example_dags/example_dynamic_task_mapping_with_no_taskflow_operators.py took 0.051 seconds
[2023-12-17T08:08:27.367+0700] {processor.py:157} INFO - Started process (PID=313086) to work on /home/phuc/Practice/DataScience/DSProject/venv/lib/python3.10/site-packages/airflow/example_dags/example_dynamic_task_mapping_with_no_taskflow_operators.py
[2023-12-17T08:08:27.374+0700] {processor.py:829} INFO - Processing file /home/phuc/Practice/DataScience/DSProject/venv/lib/python3.10/site-packages/airflow/example_dags/example_dynamic_task_mapping_with_no_taskflow_operators.py for tasks to queue
[2023-12-17T08:08:27.375+0700] {logging_mixin.py:154} INFO - [2023-12-17T08:08:27.375+0700] {dagbag.py:536} INFO - Filling up the DagBag from /home/phuc/Practice/DataScience/DSProject/venv/lib/python3.10/site-packages/airflow/example_dags/example_dynamic_task_mapping_with_no_taskflow_operators.py
[2023-12-17T08:08:27.384+0700] {processor.py:839} INFO - DAG(s) dict_keys(['example_dynamic_task_mapping_with_no_taskflow_operators']) retrieved from /home/phuc/Practice/DataScience/DSProject/venv/lib/python3.10/site-packages/airflow/example_dags/example_dynamic_task_mapping_with_no_taskflow_operators.py
[2023-12-17T08:08:27.396+0700] {logging_mixin.py:154} INFO - [2023-12-17T08:08:27.396+0700] {dag.py:2941} INFO - Sync 1 DAGs
[2023-12-17T08:08:27.405+0700] {logging_mixin.py:154} INFO - [2023-12-17T08:08:27.404+0700] {dag.py:3722} INFO - Setting next_dagrun for example_dynamic_task_mapping_with_no_taskflow_operators to 2023-12-16T01:08:27.404826+00:00, run_after=2023-12-17T01:08:27.404826+00:00
[2023-12-17T08:08:27.416+0700] {processor.py:179} INFO - Processing /home/phuc/Practice/DataScience/DSProject/venv/lib/python3.10/site-packages/airflow/example_dags/example_dynamic_task_mapping_with_no_taskflow_operators.py took 0.052 seconds
[2023-12-17T08:09:15.852+0700] {processor.py:157} INFO - Started process (PID=313405) to work on /home/phuc/Practice/DataScience/DSProject/venv/lib/python3.10/site-packages/airflow/example_dags/example_dynamic_task_mapping_with_no_taskflow_operators.py
[2023-12-17T08:09:15.859+0700] {processor.py:829} INFO - Processing file /home/phuc/Practice/DataScience/DSProject/venv/lib/python3.10/site-packages/airflow/example_dags/example_dynamic_task_mapping_with_no_taskflow_operators.py for tasks to queue
[2023-12-17T08:09:15.860+0700] {logging_mixin.py:154} INFO - [2023-12-17T08:09:15.860+0700] {dagbag.py:536} INFO - Filling up the DagBag from /home/phuc/Practice/DataScience/DSProject/venv/lib/python3.10/site-packages/airflow/example_dags/example_dynamic_task_mapping_with_no_taskflow_operators.py
[2023-12-17T08:09:15.870+0700] {processor.py:839} INFO - DAG(s) dict_keys(['example_dynamic_task_mapping_with_no_taskflow_operators']) retrieved from /home/phuc/Practice/DataScience/DSProject/venv/lib/python3.10/site-packages/airflow/example_dags/example_dynamic_task_mapping_with_no_taskflow_operators.py
[2023-12-17T08:09:15.881+0700] {logging_mixin.py:154} INFO - [2023-12-17T08:09:15.881+0700] {dag.py:2941} INFO - Sync 1 DAGs
[2023-12-17T08:09:15.890+0700] {logging_mixin.py:154} INFO - [2023-12-17T08:09:15.890+0700] {dag.py:3722} INFO - Setting next_dagrun for example_dynamic_task_mapping_with_no_taskflow_operators to 2023-12-16T01:09:15.890537+00:00, run_after=2023-12-17T01:09:15.890537+00:00
[2023-12-17T08:09:15.902+0700] {processor.py:179} INFO - Processing /home/phuc/Practice/DataScience/DSProject/venv/lib/python3.10/site-packages/airflow/example_dags/example_dynamic_task_mapping_with_no_taskflow_operators.py took 0.054 seconds
[2023-12-17T08:10:01.979+0700] {processor.py:157} INFO - Started process (PID=313771) to work on /home/phuc/Practice/DataScience/DSProject/venv/lib/python3.10/site-packages/airflow/example_dags/example_dynamic_task_mapping_with_no_taskflow_operators.py
[2023-12-17T08:10:01.980+0700] {processor.py:829} INFO - Processing file /home/phuc/Practice/DataScience/DSProject/venv/lib/python3.10/site-packages/airflow/example_dags/example_dynamic_task_mapping_with_no_taskflow_operators.py for tasks to queue
[2023-12-17T08:10:01.981+0700] {logging_mixin.py:154} INFO - [2023-12-17T08:10:01.980+0700] {dagbag.py:536} INFO - Filling up the DagBag from /home/phuc/Practice/DataScience/DSProject/venv/lib/python3.10/site-packages/airflow/example_dags/example_dynamic_task_mapping_with_no_taskflow_operators.py
[2023-12-17T08:10:01.985+0700] {processor.py:839} INFO - DAG(s) dict_keys(['example_dynamic_task_mapping_with_no_taskflow_operators']) retrieved from /home/phuc/Practice/DataScience/DSProject/venv/lib/python3.10/site-packages/airflow/example_dags/example_dynamic_task_mapping_with_no_taskflow_operators.py
[2023-12-17T08:10:01.995+0700] {logging_mixin.py:154} INFO - [2023-12-17T08:10:01.995+0700] {dag.py:2941} INFO - Sync 1 DAGs
[2023-12-17T08:10:02.004+0700] {logging_mixin.py:154} INFO - [2023-12-17T08:10:02.004+0700] {dag.py:3722} INFO - Setting next_dagrun for example_dynamic_task_mapping_with_no_taskflow_operators to 2023-12-16T01:10:02.004586+00:00, run_after=2023-12-17T01:10:02.004586+00:00
[2023-12-17T08:10:02.016+0700] {processor.py:179} INFO - Processing /home/phuc/Practice/DataScience/DSProject/venv/lib/python3.10/site-packages/airflow/example_dags/example_dynamic_task_mapping_with_no_taskflow_operators.py took 0.039 seconds
[2023-12-17T08:10:39.735+0700] {processor.py:157} INFO - Started process (PID=313924) to work on /home/phuc/Practice/DataScience/DSProject/venv/lib/python3.10/site-packages/airflow/example_dags/example_dynamic_task_mapping_with_no_taskflow_operators.py
[2023-12-17T08:10:39.742+0700] {processor.py:829} INFO - Processing file /home/phuc/Practice/DataScience/DSProject/venv/lib/python3.10/site-packages/airflow/example_dags/example_dynamic_task_mapping_with_no_taskflow_operators.py for tasks to queue
[2023-12-17T08:10:39.744+0700] {logging_mixin.py:154} INFO - [2023-12-17T08:10:39.743+0700] {dagbag.py:536} INFO - Filling up the DagBag from /home/phuc/Practice/DataScience/DSProject/venv/lib/python3.10/site-packages/airflow/example_dags/example_dynamic_task_mapping_with_no_taskflow_operators.py
[2023-12-17T08:10:39.752+0700] {processor.py:839} INFO - DAG(s) dict_keys(['example_dynamic_task_mapping_with_no_taskflow_operators']) retrieved from /home/phuc/Practice/DataScience/DSProject/venv/lib/python3.10/site-packages/airflow/example_dags/example_dynamic_task_mapping_with_no_taskflow_operators.py
[2023-12-17T08:10:39.764+0700] {logging_mixin.py:154} INFO - [2023-12-17T08:10:39.764+0700] {dag.py:2941} INFO - Sync 1 DAGs
[2023-12-17T08:10:39.773+0700] {logging_mixin.py:154} INFO - [2023-12-17T08:10:39.773+0700] {dag.py:3722} INFO - Setting next_dagrun for example_dynamic_task_mapping_with_no_taskflow_operators to 2023-12-16T01:10:39.773535+00:00, run_after=2023-12-17T01:10:39.773535+00:00
[2023-12-17T08:10:39.784+0700] {processor.py:179} INFO - Processing /home/phuc/Practice/DataScience/DSProject/venv/lib/python3.10/site-packages/airflow/example_dags/example_dynamic_task_mapping_with_no_taskflow_operators.py took 0.052 seconds
[2023-12-17T08:11:27.464+0700] {processor.py:157} INFO - Started process (PID=314125) to work on /home/phuc/Practice/DataScience/DSProject/venv/lib/python3.10/site-packages/airflow/example_dags/example_dynamic_task_mapping_with_no_taskflow_operators.py
[2023-12-17T08:11:27.471+0700] {processor.py:829} INFO - Processing file /home/phuc/Practice/DataScience/DSProject/venv/lib/python3.10/site-packages/airflow/example_dags/example_dynamic_task_mapping_with_no_taskflow_operators.py for tasks to queue
[2023-12-17T08:11:27.473+0700] {logging_mixin.py:154} INFO - [2023-12-17T08:11:27.472+0700] {dagbag.py:536} INFO - Filling up the DagBag from /home/phuc/Practice/DataScience/DSProject/venv/lib/python3.10/site-packages/airflow/example_dags/example_dynamic_task_mapping_with_no_taskflow_operators.py
[2023-12-17T08:11:27.481+0700] {processor.py:839} INFO - DAG(s) dict_keys(['example_dynamic_task_mapping_with_no_taskflow_operators']) retrieved from /home/phuc/Practice/DataScience/DSProject/venv/lib/python3.10/site-packages/airflow/example_dags/example_dynamic_task_mapping_with_no_taskflow_operators.py
[2023-12-17T08:11:27.493+0700] {logging_mixin.py:154} INFO - [2023-12-17T08:11:27.493+0700] {dag.py:2941} INFO - Sync 1 DAGs
[2023-12-17T08:11:27.502+0700] {logging_mixin.py:154} INFO - [2023-12-17T08:11:27.502+0700] {dag.py:3722} INFO - Setting next_dagrun for example_dynamic_task_mapping_with_no_taskflow_operators to 2023-12-16T01:11:27.501895+00:00, run_after=2023-12-17T01:11:27.501895+00:00
[2023-12-17T08:11:27.513+0700] {processor.py:179} INFO - Processing /home/phuc/Practice/DataScience/DSProject/venv/lib/python3.10/site-packages/airflow/example_dags/example_dynamic_task_mapping_with_no_taskflow_operators.py took 0.051 seconds
[2023-12-17T08:12:18.430+0700] {processor.py:157} INFO - Started process (PID=314386) to work on /home/phuc/Practice/DataScience/DSProject/venv/lib/python3.10/site-packages/airflow/example_dags/example_dynamic_task_mapping_with_no_taskflow_operators.py
[2023-12-17T08:12:18.437+0700] {processor.py:829} INFO - Processing file /home/phuc/Practice/DataScience/DSProject/venv/lib/python3.10/site-packages/airflow/example_dags/example_dynamic_task_mapping_with_no_taskflow_operators.py for tasks to queue
[2023-12-17T08:12:18.439+0700] {logging_mixin.py:154} INFO - [2023-12-17T08:12:18.438+0700] {dagbag.py:536} INFO - Filling up the DagBag from /home/phuc/Practice/DataScience/DSProject/venv/lib/python3.10/site-packages/airflow/example_dags/example_dynamic_task_mapping_with_no_taskflow_operators.py
[2023-12-17T08:12:18.448+0700] {processor.py:839} INFO - DAG(s) dict_keys(['example_dynamic_task_mapping_with_no_taskflow_operators']) retrieved from /home/phuc/Practice/DataScience/DSProject/venv/lib/python3.10/site-packages/airflow/example_dags/example_dynamic_task_mapping_with_no_taskflow_operators.py
[2023-12-17T08:12:18.459+0700] {logging_mixin.py:154} INFO - [2023-12-17T08:12:18.459+0700] {dag.py:2941} INFO - Sync 1 DAGs
[2023-12-17T08:12:18.469+0700] {logging_mixin.py:154} INFO - [2023-12-17T08:12:18.468+0700] {dag.py:3722} INFO - Setting next_dagrun for example_dynamic_task_mapping_with_no_taskflow_operators to 2023-12-16T01:12:18.468852+00:00, run_after=2023-12-17T01:12:18.468852+00:00
[2023-12-17T08:12:18.480+0700] {processor.py:179} INFO - Processing /home/phuc/Practice/DataScience/DSProject/venv/lib/python3.10/site-packages/airflow/example_dags/example_dynamic_task_mapping_with_no_taskflow_operators.py took 0.052 seconds
[2023-12-17T08:12:53.571+0700] {processor.py:157} INFO - Started process (PID=314544) to work on /home/phuc/Practice/DataScience/DSProject/venv/lib/python3.10/site-packages/airflow/example_dags/example_dynamic_task_mapping_with_no_taskflow_operators.py
[2023-12-17T08:12:53.578+0700] {processor.py:829} INFO - Processing file /home/phuc/Practice/DataScience/DSProject/venv/lib/python3.10/site-packages/airflow/example_dags/example_dynamic_task_mapping_with_no_taskflow_operators.py for tasks to queue
[2023-12-17T08:12:53.579+0700] {logging_mixin.py:154} INFO - [2023-12-17T08:12:53.579+0700] {dagbag.py:536} INFO - Filling up the DagBag from /home/phuc/Practice/DataScience/DSProject/venv/lib/python3.10/site-packages/airflow/example_dags/example_dynamic_task_mapping_with_no_taskflow_operators.py
[2023-12-17T08:12:53.589+0700] {processor.py:839} INFO - DAG(s) dict_keys(['example_dynamic_task_mapping_with_no_taskflow_operators']) retrieved from /home/phuc/Practice/DataScience/DSProject/venv/lib/python3.10/site-packages/airflow/example_dags/example_dynamic_task_mapping_with_no_taskflow_operators.py
[2023-12-17T08:12:53.600+0700] {logging_mixin.py:154} INFO - [2023-12-17T08:12:53.600+0700] {dag.py:2941} INFO - Sync 1 DAGs
[2023-12-17T08:12:53.611+0700] {logging_mixin.py:154} INFO - [2023-12-17T08:12:53.611+0700] {dag.py:3722} INFO - Setting next_dagrun for example_dynamic_task_mapping_with_no_taskflow_operators to 2023-12-16T01:12:53.611384+00:00, run_after=2023-12-17T01:12:53.611384+00:00
[2023-12-17T08:12:53.624+0700] {processor.py:179} INFO - Processing /home/phuc/Practice/DataScience/DSProject/venv/lib/python3.10/site-packages/airflow/example_dags/example_dynamic_task_mapping_with_no_taskflow_operators.py took 0.057 seconds
[2023-12-17T08:13:38.169+0700] {processor.py:157} INFO - Started process (PID=314803) to work on /home/phuc/Practice/DataScience/DSProject/venv/lib/python3.10/site-packages/airflow/example_dags/example_dynamic_task_mapping_with_no_taskflow_operators.py
[2023-12-17T08:13:38.177+0700] {processor.py:829} INFO - Processing file /home/phuc/Practice/DataScience/DSProject/venv/lib/python3.10/site-packages/airflow/example_dags/example_dynamic_task_mapping_with_no_taskflow_operators.py for tasks to queue
[2023-12-17T08:13:38.178+0700] {logging_mixin.py:154} INFO - [2023-12-17T08:13:38.177+0700] {dagbag.py:536} INFO - Filling up the DagBag from /home/phuc/Practice/DataScience/DSProject/venv/lib/python3.10/site-packages/airflow/example_dags/example_dynamic_task_mapping_with_no_taskflow_operators.py
[2023-12-17T08:13:38.183+0700] {processor.py:839} INFO - DAG(s) dict_keys(['example_dynamic_task_mapping_with_no_taskflow_operators']) retrieved from /home/phuc/Practice/DataScience/DSProject/venv/lib/python3.10/site-packages/airflow/example_dags/example_dynamic_task_mapping_with_no_taskflow_operators.py
[2023-12-17T08:13:38.199+0700] {logging_mixin.py:154} INFO - [2023-12-17T08:13:38.199+0700] {dag.py:2941} INFO - Sync 1 DAGs
[2023-12-17T08:13:38.216+0700] {logging_mixin.py:154} INFO - [2023-12-17T08:13:38.216+0700] {dag.py:3722} INFO - Setting next_dagrun for example_dynamic_task_mapping_with_no_taskflow_operators to 2023-12-16T01:13:38.216320+00:00, run_after=2023-12-17T01:13:38.216320+00:00
[2023-12-17T08:13:38.237+0700] {processor.py:179} INFO - Processing /home/phuc/Practice/DataScience/DSProject/venv/lib/python3.10/site-packages/airflow/example_dags/example_dynamic_task_mapping_with_no_taskflow_operators.py took 0.070 seconds
[2023-12-17T08:14:27.871+0700] {processor.py:157} INFO - Started process (PID=315025) to work on /home/phuc/Practice/DataScience/DSProject/venv/lib/python3.10/site-packages/airflow/example_dags/example_dynamic_task_mapping_with_no_taskflow_operators.py
[2023-12-17T08:14:27.878+0700] {processor.py:829} INFO - Processing file /home/phuc/Practice/DataScience/DSProject/venv/lib/python3.10/site-packages/airflow/example_dags/example_dynamic_task_mapping_with_no_taskflow_operators.py for tasks to queue
[2023-12-17T08:14:27.879+0700] {logging_mixin.py:154} INFO - [2023-12-17T08:14:27.879+0700] {dagbag.py:536} INFO - Filling up the DagBag from /home/phuc/Practice/DataScience/DSProject/venv/lib/python3.10/site-packages/airflow/example_dags/example_dynamic_task_mapping_with_no_taskflow_operators.py
[2023-12-17T08:14:27.888+0700] {processor.py:839} INFO - DAG(s) dict_keys(['example_dynamic_task_mapping_with_no_taskflow_operators']) retrieved from /home/phuc/Practice/DataScience/DSProject/venv/lib/python3.10/site-packages/airflow/example_dags/example_dynamic_task_mapping_with_no_taskflow_operators.py
[2023-12-17T08:14:27.900+0700] {logging_mixin.py:154} INFO - [2023-12-17T08:14:27.900+0700] {dag.py:2941} INFO - Sync 1 DAGs
[2023-12-17T08:14:27.909+0700] {logging_mixin.py:154} INFO - [2023-12-17T08:14:27.909+0700] {dag.py:3722} INFO - Setting next_dagrun for example_dynamic_task_mapping_with_no_taskflow_operators to 2023-12-16T01:14:27.909218+00:00, run_after=2023-12-17T01:14:27.909218+00:00
[2023-12-17T08:14:27.921+0700] {processor.py:179} INFO - Processing /home/phuc/Practice/DataScience/DSProject/venv/lib/python3.10/site-packages/airflow/example_dags/example_dynamic_task_mapping_with_no_taskflow_operators.py took 0.054 seconds
[2023-12-17T08:15:05.115+0700] {processor.py:157} INFO - Started process (PID=315187) to work on /home/phuc/Practice/DataScience/DSProject/venv/lib/python3.10/site-packages/airflow/example_dags/example_dynamic_task_mapping_with_no_taskflow_operators.py
[2023-12-17T08:15:05.121+0700] {processor.py:829} INFO - Processing file /home/phuc/Practice/DataScience/DSProject/venv/lib/python3.10/site-packages/airflow/example_dags/example_dynamic_task_mapping_with_no_taskflow_operators.py for tasks to queue
[2023-12-17T08:15:05.123+0700] {logging_mixin.py:154} INFO - [2023-12-17T08:15:05.122+0700] {dagbag.py:536} INFO - Filling up the DagBag from /home/phuc/Practice/DataScience/DSProject/venv/lib/python3.10/site-packages/airflow/example_dags/example_dynamic_task_mapping_with_no_taskflow_operators.py
[2023-12-17T08:15:05.132+0700] {processor.py:839} INFO - DAG(s) dict_keys(['example_dynamic_task_mapping_with_no_taskflow_operators']) retrieved from /home/phuc/Practice/DataScience/DSProject/venv/lib/python3.10/site-packages/airflow/example_dags/example_dynamic_task_mapping_with_no_taskflow_operators.py
[2023-12-17T08:15:05.143+0700] {logging_mixin.py:154} INFO - [2023-12-17T08:15:05.143+0700] {dag.py:2941} INFO - Sync 1 DAGs
[2023-12-17T08:15:05.152+0700] {logging_mixin.py:154} INFO - [2023-12-17T08:15:05.152+0700] {dag.py:3722} INFO - Setting next_dagrun for example_dynamic_task_mapping_with_no_taskflow_operators to 2023-12-16T01:15:05.152030+00:00, run_after=2023-12-17T01:15:05.152030+00:00
[2023-12-17T08:15:05.164+0700] {processor.py:179} INFO - Processing /home/phuc/Practice/DataScience/DSProject/venv/lib/python3.10/site-packages/airflow/example_dags/example_dynamic_task_mapping_with_no_taskflow_operators.py took 0.052 seconds
[2023-12-17T08:15:41.408+0700] {processor.py:157} INFO - Started process (PID=315339) to work on /home/phuc/Practice/DataScience/DSProject/venv/lib/python3.10/site-packages/airflow/example_dags/example_dynamic_task_mapping_with_no_taskflow_operators.py
[2023-12-17T08:15:41.415+0700] {processor.py:829} INFO - Processing file /home/phuc/Practice/DataScience/DSProject/venv/lib/python3.10/site-packages/airflow/example_dags/example_dynamic_task_mapping_with_no_taskflow_operators.py for tasks to queue
[2023-12-17T08:15:41.415+0700] {logging_mixin.py:154} INFO - [2023-12-17T08:15:41.415+0700] {dagbag.py:536} INFO - Filling up the DagBag from /home/phuc/Practice/DataScience/DSProject/venv/lib/python3.10/site-packages/airflow/example_dags/example_dynamic_task_mapping_with_no_taskflow_operators.py
[2023-12-17T08:15:41.419+0700] {processor.py:839} INFO - DAG(s) dict_keys(['example_dynamic_task_mapping_with_no_taskflow_operators']) retrieved from /home/phuc/Practice/DataScience/DSProject/venv/lib/python3.10/site-packages/airflow/example_dags/example_dynamic_task_mapping_with_no_taskflow_operators.py
[2023-12-17T08:15:41.428+0700] {logging_mixin.py:154} INFO - [2023-12-17T08:15:41.428+0700] {dag.py:2941} INFO - Sync 1 DAGs
[2023-12-17T08:15:41.438+0700] {logging_mixin.py:154} INFO - [2023-12-17T08:15:41.437+0700] {dag.py:3722} INFO - Setting next_dagrun for example_dynamic_task_mapping_with_no_taskflow_operators to 2023-12-16T01:15:41.437776+00:00, run_after=2023-12-17T01:15:41.437776+00:00
[2023-12-17T08:15:41.449+0700] {processor.py:179} INFO - Processing /home/phuc/Practice/DataScience/DSProject/venv/lib/python3.10/site-packages/airflow/example_dags/example_dynamic_task_mapping_with_no_taskflow_operators.py took 0.043 seconds
[2023-12-17T08:17:47.343+0700] {processor.py:157} INFO - Started process (PID=316391) to work on /home/phuc/Practice/DataScience/DSProject/venv/lib/python3.10/site-packages/airflow/example_dags/example_dynamic_task_mapping_with_no_taskflow_operators.py
[2023-12-17T08:17:47.343+0700] {processor.py:829} INFO - Processing file /home/phuc/Practice/DataScience/DSProject/venv/lib/python3.10/site-packages/airflow/example_dags/example_dynamic_task_mapping_with_no_taskflow_operators.py for tasks to queue
[2023-12-17T08:17:47.344+0700] {logging_mixin.py:154} INFO - [2023-12-17T08:17:47.343+0700] {dagbag.py:536} INFO - Filling up the DagBag from /home/phuc/Practice/DataScience/DSProject/venv/lib/python3.10/site-packages/airflow/example_dags/example_dynamic_task_mapping_with_no_taskflow_operators.py
[2023-12-17T08:17:47.347+0700] {processor.py:839} INFO - DAG(s) dict_keys(['example_dynamic_task_mapping_with_no_taskflow_operators']) retrieved from /home/phuc/Practice/DataScience/DSProject/venv/lib/python3.10/site-packages/airflow/example_dags/example_dynamic_task_mapping_with_no_taskflow_operators.py
[2023-12-17T08:17:47.369+0700] {logging_mixin.py:154} INFO - [2023-12-17T08:17:47.369+0700] {dag.py:2941} INFO - Sync 1 DAGs
[2023-12-17T08:17:47.383+0700] {logging_mixin.py:154} INFO - [2023-12-17T08:17:47.383+0700] {dag.py:3722} INFO - Setting next_dagrun for example_dynamic_task_mapping_with_no_taskflow_operators to 2023-12-16T01:17:47.383436+00:00, run_after=2023-12-17T01:17:47.383436+00:00
[2023-12-17T08:17:47.401+0700] {processor.py:179} INFO - Processing /home/phuc/Practice/DataScience/DSProject/venv/lib/python3.10/site-packages/airflow/example_dags/example_dynamic_task_mapping_with_no_taskflow_operators.py took 0.061 seconds
[2023-12-17T08:18:33.583+0700] {processor.py:157} INFO - Started process (PID=316637) to work on /home/phuc/Practice/DataScience/DSProject/venv/lib/python3.10/site-packages/airflow/example_dags/example_dynamic_task_mapping_with_no_taskflow_operators.py
[2023-12-17T08:18:33.590+0700] {processor.py:829} INFO - Processing file /home/phuc/Practice/DataScience/DSProject/venv/lib/python3.10/site-packages/airflow/example_dags/example_dynamic_task_mapping_with_no_taskflow_operators.py for tasks to queue
[2023-12-17T08:18:33.592+0700] {logging_mixin.py:154} INFO - [2023-12-17T08:18:33.591+0700] {dagbag.py:536} INFO - Filling up the DagBag from /home/phuc/Practice/DataScience/DSProject/venv/lib/python3.10/site-packages/airflow/example_dags/example_dynamic_task_mapping_with_no_taskflow_operators.py
[2023-12-17T08:18:33.600+0700] {processor.py:839} INFO - DAG(s) dict_keys(['example_dynamic_task_mapping_with_no_taskflow_operators']) retrieved from /home/phuc/Practice/DataScience/DSProject/venv/lib/python3.10/site-packages/airflow/example_dags/example_dynamic_task_mapping_with_no_taskflow_operators.py
[2023-12-17T08:18:33.614+0700] {logging_mixin.py:154} INFO - [2023-12-17T08:18:33.614+0700] {dag.py:2941} INFO - Sync 1 DAGs
[2023-12-17T08:18:33.628+0700] {logging_mixin.py:154} INFO - [2023-12-17T08:18:33.628+0700] {dag.py:3722} INFO - Setting next_dagrun for example_dynamic_task_mapping_with_no_taskflow_operators to 2023-12-16T01:18:33.627863+00:00, run_after=2023-12-17T01:18:33.627863+00:00
[2023-12-17T08:18:33.642+0700] {processor.py:179} INFO - Processing /home/phuc/Practice/DataScience/DSProject/venv/lib/python3.10/site-packages/airflow/example_dags/example_dynamic_task_mapping_with_no_taskflow_operators.py took 0.063 seconds
[2023-12-17T08:19:22.042+0700] {processor.py:157} INFO - Started process (PID=317130) to work on /home/phuc/Practice/DataScience/DSProject/venv/lib/python3.10/site-packages/airflow/example_dags/example_dynamic_task_mapping_with_no_taskflow_operators.py
[2023-12-17T08:19:22.049+0700] {processor.py:829} INFO - Processing file /home/phuc/Practice/DataScience/DSProject/venv/lib/python3.10/site-packages/airflow/example_dags/example_dynamic_task_mapping_with_no_taskflow_operators.py for tasks to queue
[2023-12-17T08:19:22.050+0700] {logging_mixin.py:154} INFO - [2023-12-17T08:19:22.049+0700] {dagbag.py:536} INFO - Filling up the DagBag from /home/phuc/Practice/DataScience/DSProject/venv/lib/python3.10/site-packages/airflow/example_dags/example_dynamic_task_mapping_with_no_taskflow_operators.py
[2023-12-17T08:19:22.054+0700] {processor.py:839} INFO - DAG(s) dict_keys(['example_dynamic_task_mapping_with_no_taskflow_operators']) retrieved from /home/phuc/Practice/DataScience/DSProject/venv/lib/python3.10/site-packages/airflow/example_dags/example_dynamic_task_mapping_with_no_taskflow_operators.py
[2023-12-17T08:19:22.066+0700] {logging_mixin.py:154} INFO - [2023-12-17T08:19:22.066+0700] {dag.py:2941} INFO - Sync 1 DAGs
[2023-12-17T08:19:22.079+0700] {logging_mixin.py:154} INFO - [2023-12-17T08:19:22.079+0700] {dag.py:3722} INFO - Setting next_dagrun for example_dynamic_task_mapping_with_no_taskflow_operators to 2023-12-16T01:19:22.079415+00:00, run_after=2023-12-17T01:19:22.079415+00:00
[2023-12-17T08:19:22.096+0700] {processor.py:179} INFO - Processing /home/phuc/Practice/DataScience/DSProject/venv/lib/python3.10/site-packages/airflow/example_dags/example_dynamic_task_mapping_with_no_taskflow_operators.py took 0.056 seconds
[2023-12-17T08:20:13.664+0700] {processor.py:157} INFO - Started process (PID=317676) to work on /home/phuc/Practice/DataScience/DSProject/venv/lib/python3.10/site-packages/airflow/example_dags/example_dynamic_task_mapping_with_no_taskflow_operators.py
[2023-12-17T08:20:13.671+0700] {processor.py:829} INFO - Processing file /home/phuc/Practice/DataScience/DSProject/venv/lib/python3.10/site-packages/airflow/example_dags/example_dynamic_task_mapping_with_no_taskflow_operators.py for tasks to queue
[2023-12-17T08:20:13.673+0700] {logging_mixin.py:154} INFO - [2023-12-17T08:20:13.672+0700] {dagbag.py:536} INFO - Filling up the DagBag from /home/phuc/Practice/DataScience/DSProject/venv/lib/python3.10/site-packages/airflow/example_dags/example_dynamic_task_mapping_with_no_taskflow_operators.py
[2023-12-17T08:20:13.678+0700] {processor.py:839} INFO - DAG(s) dict_keys(['example_dynamic_task_mapping_with_no_taskflow_operators']) retrieved from /home/phuc/Practice/DataScience/DSProject/venv/lib/python3.10/site-packages/airflow/example_dags/example_dynamic_task_mapping_with_no_taskflow_operators.py
[2023-12-17T08:20:13.695+0700] {logging_mixin.py:154} INFO - [2023-12-17T08:20:13.695+0700] {dag.py:2941} INFO - Sync 1 DAGs
[2023-12-17T08:20:13.711+0700] {logging_mixin.py:154} INFO - [2023-12-17T08:20:13.711+0700] {dag.py:3722} INFO - Setting next_dagrun for example_dynamic_task_mapping_with_no_taskflow_operators to 2023-12-16T01:20:13.711591+00:00, run_after=2023-12-17T01:20:13.711591+00:00
[2023-12-17T08:20:13.729+0700] {processor.py:179} INFO - Processing /home/phuc/Practice/DataScience/DSProject/venv/lib/python3.10/site-packages/airflow/example_dags/example_dynamic_task_mapping_with_no_taskflow_operators.py took 0.067 seconds
[2023-12-17T08:21:56.748+0700] {processor.py:157} INFO - Started process (PID=318738) to work on /home/phuc/Practice/DataScience/DSProject/venv/lib/python3.10/site-packages/airflow/example_dags/example_dynamic_task_mapping_with_no_taskflow_operators.py
[2023-12-17T08:21:56.749+0700] {processor.py:829} INFO - Processing file /home/phuc/Practice/DataScience/DSProject/venv/lib/python3.10/site-packages/airflow/example_dags/example_dynamic_task_mapping_with_no_taskflow_operators.py for tasks to queue
[2023-12-17T08:21:56.750+0700] {logging_mixin.py:154} INFO - [2023-12-17T08:21:56.749+0700] {dagbag.py:536} INFO - Filling up the DagBag from /home/phuc/Practice/DataScience/DSProject/venv/lib/python3.10/site-packages/airflow/example_dags/example_dynamic_task_mapping_with_no_taskflow_operators.py
[2023-12-17T08:21:56.755+0700] {processor.py:839} INFO - DAG(s) dict_keys(['example_dynamic_task_mapping_with_no_taskflow_operators']) retrieved from /home/phuc/Practice/DataScience/DSProject/venv/lib/python3.10/site-packages/airflow/example_dags/example_dynamic_task_mapping_with_no_taskflow_operators.py
[2023-12-17T08:21:56.776+0700] {logging_mixin.py:154} INFO - [2023-12-17T08:21:56.775+0700] {dag.py:2941} INFO - Sync 1 DAGs
[2023-12-17T08:21:56.790+0700] {logging_mixin.py:154} INFO - [2023-12-17T08:21:56.790+0700] {dag.py:3722} INFO - Setting next_dagrun for example_dynamic_task_mapping_with_no_taskflow_operators to 2023-12-16T01:21:56.789928+00:00, run_after=2023-12-17T01:21:56.789928+00:00
[2023-12-17T08:21:56.804+0700] {processor.py:179} INFO - Processing /home/phuc/Practice/DataScience/DSProject/venv/lib/python3.10/site-packages/airflow/example_dags/example_dynamic_task_mapping_with_no_taskflow_operators.py took 0.058 seconds
[2023-12-17T08:23:33.078+0700] {processor.py:157} INFO - Started process (PID=319513) to work on /home/phuc/Practice/DataScience/DSProject/venv/lib/python3.10/site-packages/airflow/example_dags/example_dynamic_task_mapping_with_no_taskflow_operators.py
[2023-12-17T08:23:33.085+0700] {processor.py:829} INFO - Processing file /home/phuc/Practice/DataScience/DSProject/venv/lib/python3.10/site-packages/airflow/example_dags/example_dynamic_task_mapping_with_no_taskflow_operators.py for tasks to queue
[2023-12-17T08:23:33.087+0700] {logging_mixin.py:154} INFO - [2023-12-17T08:23:33.086+0700] {dagbag.py:536} INFO - Filling up the DagBag from /home/phuc/Practice/DataScience/DSProject/venv/lib/python3.10/site-packages/airflow/example_dags/example_dynamic_task_mapping_with_no_taskflow_operators.py
[2023-12-17T08:23:33.095+0700] {processor.py:839} INFO - DAG(s) dict_keys(['example_dynamic_task_mapping_with_no_taskflow_operators']) retrieved from /home/phuc/Practice/DataScience/DSProject/venv/lib/python3.10/site-packages/airflow/example_dags/example_dynamic_task_mapping_with_no_taskflow_operators.py
[2023-12-17T08:23:33.106+0700] {logging_mixin.py:154} INFO - [2023-12-17T08:23:33.106+0700] {dag.py:2941} INFO - Sync 1 DAGs
[2023-12-17T08:23:33.116+0700] {logging_mixin.py:154} INFO - [2023-12-17T08:23:33.115+0700] {dag.py:3722} INFO - Setting next_dagrun for example_dynamic_task_mapping_with_no_taskflow_operators to 2023-12-16T01:23:33.115790+00:00, run_after=2023-12-17T01:23:33.115790+00:00
[2023-12-17T08:23:33.127+0700] {processor.py:179} INFO - Processing /home/phuc/Practice/DataScience/DSProject/venv/lib/python3.10/site-packages/airflow/example_dags/example_dynamic_task_mapping_with_no_taskflow_operators.py took 0.053 seconds
[2023-12-17T08:24:20.393+0700] {processor.py:157} INFO - Started process (PID=319796) to work on /home/phuc/Practice/DataScience/DSProject/venv/lib/python3.10/site-packages/airflow/example_dags/example_dynamic_task_mapping_with_no_taskflow_operators.py
[2023-12-17T08:24:20.399+0700] {processor.py:829} INFO - Processing file /home/phuc/Practice/DataScience/DSProject/venv/lib/python3.10/site-packages/airflow/example_dags/example_dynamic_task_mapping_with_no_taskflow_operators.py for tasks to queue
[2023-12-17T08:24:20.401+0700] {logging_mixin.py:154} INFO - [2023-12-17T08:24:20.400+0700] {dagbag.py:536} INFO - Filling up the DagBag from /home/phuc/Practice/DataScience/DSProject/venv/lib/python3.10/site-packages/airflow/example_dags/example_dynamic_task_mapping_with_no_taskflow_operators.py
[2023-12-17T08:24:20.407+0700] {processor.py:839} INFO - DAG(s) dict_keys(['example_dynamic_task_mapping_with_no_taskflow_operators']) retrieved from /home/phuc/Practice/DataScience/DSProject/venv/lib/python3.10/site-packages/airflow/example_dags/example_dynamic_task_mapping_with_no_taskflow_operators.py
[2023-12-17T08:24:20.419+0700] {logging_mixin.py:154} INFO - [2023-12-17T08:24:20.419+0700] {dag.py:2941} INFO - Sync 1 DAGs
[2023-12-17T08:24:20.430+0700] {logging_mixin.py:154} INFO - [2023-12-17T08:24:20.429+0700] {dag.py:3722} INFO - Setting next_dagrun for example_dynamic_task_mapping_with_no_taskflow_operators to 2023-12-16T01:24:20.429733+00:00, run_after=2023-12-17T01:24:20.429733+00:00
[2023-12-17T08:24:20.440+0700] {processor.py:179} INFO - Processing /home/phuc/Practice/DataScience/DSProject/venv/lib/python3.10/site-packages/airflow/example_dags/example_dynamic_task_mapping_with_no_taskflow_operators.py took 0.050 seconds
[2023-12-17T08:25:01.670+0700] {processor.py:157} INFO - Started process (PID=319986) to work on /home/phuc/Practice/DataScience/DSProject/venv/lib/python3.10/site-packages/airflow/example_dags/example_dynamic_task_mapping_with_no_taskflow_operators.py
[2023-12-17T08:25:01.677+0700] {processor.py:829} INFO - Processing file /home/phuc/Practice/DataScience/DSProject/venv/lib/python3.10/site-packages/airflow/example_dags/example_dynamic_task_mapping_with_no_taskflow_operators.py for tasks to queue
[2023-12-17T08:25:01.678+0700] {logging_mixin.py:154} INFO - [2023-12-17T08:25:01.678+0700] {dagbag.py:536} INFO - Filling up the DagBag from /home/phuc/Practice/DataScience/DSProject/venv/lib/python3.10/site-packages/airflow/example_dags/example_dynamic_task_mapping_with_no_taskflow_operators.py
[2023-12-17T08:25:01.682+0700] {processor.py:839} INFO - DAG(s) dict_keys(['example_dynamic_task_mapping_with_no_taskflow_operators']) retrieved from /home/phuc/Practice/DataScience/DSProject/venv/lib/python3.10/site-packages/airflow/example_dags/example_dynamic_task_mapping_with_no_taskflow_operators.py
[2023-12-17T08:25:01.691+0700] {logging_mixin.py:154} INFO - [2023-12-17T08:25:01.691+0700] {dag.py:2941} INFO - Sync 1 DAGs
[2023-12-17T08:25:01.705+0700] {logging_mixin.py:154} INFO - [2023-12-17T08:25:01.705+0700] {dag.py:3722} INFO - Setting next_dagrun for example_dynamic_task_mapping_with_no_taskflow_operators to 2023-12-16T01:25:01.705055+00:00, run_after=2023-12-17T01:25:01.705055+00:00
[2023-12-17T08:25:01.717+0700] {processor.py:179} INFO - Processing /home/phuc/Practice/DataScience/DSProject/venv/lib/python3.10/site-packages/airflow/example_dags/example_dynamic_task_mapping_with_no_taskflow_operators.py took 0.049 seconds
[2023-12-17T08:25:38.032+0700] {processor.py:157} INFO - Started process (PID=320144) to work on /home/phuc/Practice/DataScience/DSProject/venv/lib/python3.10/site-packages/airflow/example_dags/example_dynamic_task_mapping_with_no_taskflow_operators.py
[2023-12-17T08:25:38.040+0700] {processor.py:829} INFO - Processing file /home/phuc/Practice/DataScience/DSProject/venv/lib/python3.10/site-packages/airflow/example_dags/example_dynamic_task_mapping_with_no_taskflow_operators.py for tasks to queue
[2023-12-17T08:25:38.041+0700] {logging_mixin.py:154} INFO - [2023-12-17T08:25:38.040+0700] {dagbag.py:536} INFO - Filling up the DagBag from /home/phuc/Practice/DataScience/DSProject/venv/lib/python3.10/site-packages/airflow/example_dags/example_dynamic_task_mapping_with_no_taskflow_operators.py
[2023-12-17T08:25:38.050+0700] {processor.py:839} INFO - DAG(s) dict_keys(['example_dynamic_task_mapping_with_no_taskflow_operators']) retrieved from /home/phuc/Practice/DataScience/DSProject/venv/lib/python3.10/site-packages/airflow/example_dags/example_dynamic_task_mapping_with_no_taskflow_operators.py
[2023-12-17T08:25:38.061+0700] {logging_mixin.py:154} INFO - [2023-12-17T08:25:38.061+0700] {dag.py:2941} INFO - Sync 1 DAGs
[2023-12-17T08:25:38.071+0700] {logging_mixin.py:154} INFO - [2023-12-17T08:25:38.071+0700] {dag.py:3722} INFO - Setting next_dagrun for example_dynamic_task_mapping_with_no_taskflow_operators to 2023-12-16T01:25:38.071355+00:00, run_after=2023-12-17T01:25:38.071355+00:00
[2023-12-17T08:25:38.085+0700] {processor.py:179} INFO - Processing /home/phuc/Practice/DataScience/DSProject/venv/lib/python3.10/site-packages/airflow/example_dags/example_dynamic_task_mapping_with_no_taskflow_operators.py took 0.056 seconds
[2023-12-17T08:26:25.511+0700] {processor.py:157} INFO - Started process (PID=320352) to work on /home/phuc/Practice/DataScience/DSProject/venv/lib/python3.10/site-packages/airflow/example_dags/example_dynamic_task_mapping_with_no_taskflow_operators.py
[2023-12-17T08:26:25.512+0700] {processor.py:829} INFO - Processing file /home/phuc/Practice/DataScience/DSProject/venv/lib/python3.10/site-packages/airflow/example_dags/example_dynamic_task_mapping_with_no_taskflow_operators.py for tasks to queue
[2023-12-17T08:26:25.512+0700] {logging_mixin.py:154} INFO - [2023-12-17T08:26:25.512+0700] {dagbag.py:536} INFO - Filling up the DagBag from /home/phuc/Practice/DataScience/DSProject/venv/lib/python3.10/site-packages/airflow/example_dags/example_dynamic_task_mapping_with_no_taskflow_operators.py
[2023-12-17T08:26:25.517+0700] {processor.py:839} INFO - DAG(s) dict_keys(['example_dynamic_task_mapping_with_no_taskflow_operators']) retrieved from /home/phuc/Practice/DataScience/DSProject/venv/lib/python3.10/site-packages/airflow/example_dags/example_dynamic_task_mapping_with_no_taskflow_operators.py
[2023-12-17T08:26:25.528+0700] {logging_mixin.py:154} INFO - [2023-12-17T08:26:25.527+0700] {dag.py:2941} INFO - Sync 1 DAGs
[2023-12-17T08:26:25.537+0700] {logging_mixin.py:154} INFO - [2023-12-17T08:26:25.537+0700] {dag.py:3722} INFO - Setting next_dagrun for example_dynamic_task_mapping_with_no_taskflow_operators to 2023-12-16T01:26:25.537718+00:00, run_after=2023-12-17T01:26:25.537718+00:00
[2023-12-17T08:26:25.549+0700] {processor.py:179} INFO - Processing /home/phuc/Practice/DataScience/DSProject/venv/lib/python3.10/site-packages/airflow/example_dags/example_dynamic_task_mapping_with_no_taskflow_operators.py took 0.041 seconds
[2023-12-17T08:27:16.895+0700] {processor.py:157} INFO - Started process (PID=320649) to work on /home/phuc/Practice/DataScience/DSProject/venv/lib/python3.10/site-packages/airflow/example_dags/example_dynamic_task_mapping_with_no_taskflow_operators.py
[2023-12-17T08:27:16.901+0700] {processor.py:829} INFO - Processing file /home/phuc/Practice/DataScience/DSProject/venv/lib/python3.10/site-packages/airflow/example_dags/example_dynamic_task_mapping_with_no_taskflow_operators.py for tasks to queue
[2023-12-17T08:27:16.902+0700] {logging_mixin.py:154} INFO - [2023-12-17T08:27:16.902+0700] {dagbag.py:536} INFO - Filling up the DagBag from /home/phuc/Practice/DataScience/DSProject/venv/lib/python3.10/site-packages/airflow/example_dags/example_dynamic_task_mapping_with_no_taskflow_operators.py
[2023-12-17T08:27:16.907+0700] {processor.py:839} INFO - DAG(s) dict_keys(['example_dynamic_task_mapping_with_no_taskflow_operators']) retrieved from /home/phuc/Practice/DataScience/DSProject/venv/lib/python3.10/site-packages/airflow/example_dags/example_dynamic_task_mapping_with_no_taskflow_operators.py
[2023-12-17T08:27:16.919+0700] {logging_mixin.py:154} INFO - [2023-12-17T08:27:16.918+0700] {dag.py:2941} INFO - Sync 1 DAGs
[2023-12-17T08:27:16.932+0700] {logging_mixin.py:154} INFO - [2023-12-17T08:27:16.932+0700] {dag.py:3722} INFO - Setting next_dagrun for example_dynamic_task_mapping_with_no_taskflow_operators to 2023-12-16T01:27:16.932145+00:00, run_after=2023-12-17T01:27:16.932145+00:00
[2023-12-17T08:27:16.948+0700] {processor.py:179} INFO - Processing /home/phuc/Practice/DataScience/DSProject/venv/lib/python3.10/site-packages/airflow/example_dags/example_dynamic_task_mapping_with_no_taskflow_operators.py took 0.056 seconds
[2023-12-17T08:28:07.208+0700] {processor.py:157} INFO - Started process (PID=320869) to work on /home/phuc/Practice/DataScience/DSProject/venv/lib/python3.10/site-packages/airflow/example_dags/example_dynamic_task_mapping_with_no_taskflow_operators.py
[2023-12-17T08:28:07.215+0700] {processor.py:829} INFO - Processing file /home/phuc/Practice/DataScience/DSProject/venv/lib/python3.10/site-packages/airflow/example_dags/example_dynamic_task_mapping_with_no_taskflow_operators.py for tasks to queue
[2023-12-17T08:28:07.217+0700] {logging_mixin.py:154} INFO - [2023-12-17T08:28:07.216+0700] {dagbag.py:536} INFO - Filling up the DagBag from /home/phuc/Practice/DataScience/DSProject/venv/lib/python3.10/site-packages/airflow/example_dags/example_dynamic_task_mapping_with_no_taskflow_operators.py
[2023-12-17T08:28:07.225+0700] {processor.py:839} INFO - DAG(s) dict_keys(['example_dynamic_task_mapping_with_no_taskflow_operators']) retrieved from /home/phuc/Practice/DataScience/DSProject/venv/lib/python3.10/site-packages/airflow/example_dags/example_dynamic_task_mapping_with_no_taskflow_operators.py
[2023-12-17T08:28:07.236+0700] {logging_mixin.py:154} INFO - [2023-12-17T08:28:07.236+0700] {dag.py:2941} INFO - Sync 1 DAGs
[2023-12-17T08:28:07.247+0700] {logging_mixin.py:154} INFO - [2023-12-17T08:28:07.247+0700] {dag.py:3722} INFO - Setting next_dagrun for example_dynamic_task_mapping_with_no_taskflow_operators to 2023-12-16T01:28:07.247546+00:00, run_after=2023-12-17T01:28:07.247546+00:00
[2023-12-17T08:28:07.260+0700] {processor.py:179} INFO - Processing /home/phuc/Practice/DataScience/DSProject/venv/lib/python3.10/site-packages/airflow/example_dags/example_dynamic_task_mapping_with_no_taskflow_operators.py took 0.057 seconds
[2023-12-17T08:28:53.569+0700] {processor.py:157} INFO - Started process (PID=321071) to work on /home/phuc/Practice/DataScience/DSProject/venv/lib/python3.10/site-packages/airflow/example_dags/example_dynamic_task_mapping_with_no_taskflow_operators.py
[2023-12-17T08:28:53.576+0700] {processor.py:829} INFO - Processing file /home/phuc/Practice/DataScience/DSProject/venv/lib/python3.10/site-packages/airflow/example_dags/example_dynamic_task_mapping_with_no_taskflow_operators.py for tasks to queue
[2023-12-17T08:28:53.577+0700] {logging_mixin.py:154} INFO - [2023-12-17T08:28:53.577+0700] {dagbag.py:536} INFO - Filling up the DagBag from /home/phuc/Practice/DataScience/DSProject/venv/lib/python3.10/site-packages/airflow/example_dags/example_dynamic_task_mapping_with_no_taskflow_operators.py
[2023-12-17T08:28:53.586+0700] {processor.py:839} INFO - DAG(s) dict_keys(['example_dynamic_task_mapping_with_no_taskflow_operators']) retrieved from /home/phuc/Practice/DataScience/DSProject/venv/lib/python3.10/site-packages/airflow/example_dags/example_dynamic_task_mapping_with_no_taskflow_operators.py
[2023-12-17T08:28:53.598+0700] {logging_mixin.py:154} INFO - [2023-12-17T08:28:53.598+0700] {dag.py:2941} INFO - Sync 1 DAGs
[2023-12-17T08:28:53.609+0700] {logging_mixin.py:154} INFO - [2023-12-17T08:28:53.608+0700] {dag.py:3722} INFO - Setting next_dagrun for example_dynamic_task_mapping_with_no_taskflow_operators to 2023-12-16T01:28:53.608717+00:00, run_after=2023-12-17T01:28:53.608717+00:00
[2023-12-17T08:28:53.622+0700] {processor.py:179} INFO - Processing /home/phuc/Practice/DataScience/DSProject/venv/lib/python3.10/site-packages/airflow/example_dags/example_dynamic_task_mapping_with_no_taskflow_operators.py took 0.057 seconds
[2023-12-17T08:29:44.992+0700] {processor.py:157} INFO - Started process (PID=321297) to work on /home/phuc/Practice/DataScience/DSProject/venv/lib/python3.10/site-packages/airflow/example_dags/example_dynamic_task_mapping_with_no_taskflow_operators.py
[2023-12-17T08:29:44.999+0700] {processor.py:829} INFO - Processing file /home/phuc/Practice/DataScience/DSProject/venv/lib/python3.10/site-packages/airflow/example_dags/example_dynamic_task_mapping_with_no_taskflow_operators.py for tasks to queue
[2023-12-17T08:29:45.000+0700] {logging_mixin.py:154} INFO - [2023-12-17T08:29:45.000+0700] {dagbag.py:536} INFO - Filling up the DagBag from /home/phuc/Practice/DataScience/DSProject/venv/lib/python3.10/site-packages/airflow/example_dags/example_dynamic_task_mapping_with_no_taskflow_operators.py
[2023-12-17T08:29:45.009+0700] {processor.py:839} INFO - DAG(s) dict_keys(['example_dynamic_task_mapping_with_no_taskflow_operators']) retrieved from /home/phuc/Practice/DataScience/DSProject/venv/lib/python3.10/site-packages/airflow/example_dags/example_dynamic_task_mapping_with_no_taskflow_operators.py
[2023-12-17T08:29:45.020+0700] {logging_mixin.py:154} INFO - [2023-12-17T08:29:45.020+0700] {dag.py:2941} INFO - Sync 1 DAGs
[2023-12-17T08:29:45.028+0700] {logging_mixin.py:154} INFO - [2023-12-17T08:29:45.028+0700] {dag.py:3722} INFO - Setting next_dagrun for example_dynamic_task_mapping_with_no_taskflow_operators to 2023-12-16T01:29:45.028463+00:00, run_after=2023-12-17T01:29:45.028463+00:00
[2023-12-17T08:29:45.038+0700] {processor.py:179} INFO - Processing /home/phuc/Practice/DataScience/DSProject/venv/lib/python3.10/site-packages/airflow/example_dags/example_dynamic_task_mapping_with_no_taskflow_operators.py took 0.048 seconds
[2023-12-17T08:30:35.824+0700] {processor.py:157} INFO - Started process (PID=321552) to work on /home/phuc/Practice/DataScience/DSProject/venv/lib/python3.10/site-packages/airflow/example_dags/example_dynamic_task_mapping_with_no_taskflow_operators.py
[2023-12-17T08:30:35.830+0700] {processor.py:829} INFO - Processing file /home/phuc/Practice/DataScience/DSProject/venv/lib/python3.10/site-packages/airflow/example_dags/example_dynamic_task_mapping_with_no_taskflow_operators.py for tasks to queue
[2023-12-17T08:30:35.831+0700] {logging_mixin.py:154} INFO - [2023-12-17T08:30:35.831+0700] {dagbag.py:536} INFO - Filling up the DagBag from /home/phuc/Practice/DataScience/DSProject/venv/lib/python3.10/site-packages/airflow/example_dags/example_dynamic_task_mapping_with_no_taskflow_operators.py
[2023-12-17T08:30:35.834+0700] {processor.py:839} INFO - DAG(s) dict_keys(['example_dynamic_task_mapping_with_no_taskflow_operators']) retrieved from /home/phuc/Practice/DataScience/DSProject/venv/lib/python3.10/site-packages/airflow/example_dags/example_dynamic_task_mapping_with_no_taskflow_operators.py
[2023-12-17T08:30:35.843+0700] {logging_mixin.py:154} INFO - [2023-12-17T08:30:35.843+0700] {dag.py:2941} INFO - Sync 1 DAGs
[2023-12-17T08:30:35.853+0700] {logging_mixin.py:154} INFO - [2023-12-17T08:30:35.853+0700] {dag.py:3722} INFO - Setting next_dagrun for example_dynamic_task_mapping_with_no_taskflow_operators to 2023-12-16T01:30:35.853101+00:00, run_after=2023-12-17T01:30:35.853101+00:00
[2023-12-17T08:30:35.864+0700] {processor.py:179} INFO - Processing /home/phuc/Practice/DataScience/DSProject/venv/lib/python3.10/site-packages/airflow/example_dags/example_dynamic_task_mapping_with_no_taskflow_operators.py took 0.042 seconds
[2023-12-17T08:31:27.576+0700] {processor.py:157} INFO - Started process (PID=321928) to work on /home/phuc/Practice/DataScience/DSProject/venv/lib/python3.10/site-packages/airflow/example_dags/example_dynamic_task_mapping_with_no_taskflow_operators.py
[2023-12-17T08:31:27.583+0700] {processor.py:829} INFO - Processing file /home/phuc/Practice/DataScience/DSProject/venv/lib/python3.10/site-packages/airflow/example_dags/example_dynamic_task_mapping_with_no_taskflow_operators.py for tasks to queue
[2023-12-17T08:31:27.585+0700] {logging_mixin.py:154} INFO - [2023-12-17T08:31:27.584+0700] {dagbag.py:536} INFO - Filling up the DagBag from /home/phuc/Practice/DataScience/DSProject/venv/lib/python3.10/site-packages/airflow/example_dags/example_dynamic_task_mapping_with_no_taskflow_operators.py
[2023-12-17T08:31:27.593+0700] {processor.py:839} INFO - DAG(s) dict_keys(['example_dynamic_task_mapping_with_no_taskflow_operators']) retrieved from /home/phuc/Practice/DataScience/DSProject/venv/lib/python3.10/site-packages/airflow/example_dags/example_dynamic_task_mapping_with_no_taskflow_operators.py
[2023-12-17T08:31:27.605+0700] {logging_mixin.py:154} INFO - [2023-12-17T08:31:27.605+0700] {dag.py:2941} INFO - Sync 1 DAGs
[2023-12-17T08:31:27.614+0700] {logging_mixin.py:154} INFO - [2023-12-17T08:31:27.614+0700] {dag.py:3722} INFO - Setting next_dagrun for example_dynamic_task_mapping_with_no_taskflow_operators to 2023-12-16T01:31:27.614696+00:00, run_after=2023-12-17T01:31:27.614696+00:00
[2023-12-17T08:31:27.624+0700] {processor.py:179} INFO - Processing /home/phuc/Practice/DataScience/DSProject/venv/lib/python3.10/site-packages/airflow/example_dags/example_dynamic_task_mapping_with_no_taskflow_operators.py took 0.051 seconds
[2023-12-17T08:32:26.626+0700] {processor.py:157} INFO - Started process (PID=322866) to work on /home/phuc/Practice/DataScience/DSProject/venv/lib/python3.10/site-packages/airflow/example_dags/example_dynamic_task_mapping_with_no_taskflow_operators.py
[2023-12-17T08:32:26.632+0700] {processor.py:829} INFO - Processing file /home/phuc/Practice/DataScience/DSProject/venv/lib/python3.10/site-packages/airflow/example_dags/example_dynamic_task_mapping_with_no_taskflow_operators.py for tasks to queue
[2023-12-17T08:32:26.633+0700] {logging_mixin.py:154} INFO - [2023-12-17T08:32:26.633+0700] {dagbag.py:536} INFO - Filling up the DagBag from /home/phuc/Practice/DataScience/DSProject/venv/lib/python3.10/site-packages/airflow/example_dags/example_dynamic_task_mapping_with_no_taskflow_operators.py
[2023-12-17T08:32:26.636+0700] {processor.py:839} INFO - DAG(s) dict_keys(['example_dynamic_task_mapping_with_no_taskflow_operators']) retrieved from /home/phuc/Practice/DataScience/DSProject/venv/lib/python3.10/site-packages/airflow/example_dags/example_dynamic_task_mapping_with_no_taskflow_operators.py
[2023-12-17T08:32:26.645+0700] {logging_mixin.py:154} INFO - [2023-12-17T08:32:26.645+0700] {dag.py:2941} INFO - Sync 1 DAGs
[2023-12-17T08:32:26.654+0700] {logging_mixin.py:154} INFO - [2023-12-17T08:32:26.654+0700] {dag.py:3722} INFO - Setting next_dagrun for example_dynamic_task_mapping_with_no_taskflow_operators to 2023-12-16T01:32:26.654336+00:00, run_after=2023-12-17T01:32:26.654336+00:00
[2023-12-17T08:32:26.665+0700] {processor.py:179} INFO - Processing /home/phuc/Practice/DataScience/DSProject/venv/lib/python3.10/site-packages/airflow/example_dags/example_dynamic_task_mapping_with_no_taskflow_operators.py took 0.041 seconds
[2023-12-17T08:33:10.342+0700] {processor.py:157} INFO - Started process (PID=323107) to work on /home/phuc/Practice/DataScience/DSProject/venv/lib/python3.10/site-packages/airflow/example_dags/example_dynamic_task_mapping_with_no_taskflow_operators.py
[2023-12-17T08:33:10.350+0700] {processor.py:829} INFO - Processing file /home/phuc/Practice/DataScience/DSProject/venv/lib/python3.10/site-packages/airflow/example_dags/example_dynamic_task_mapping_with_no_taskflow_operators.py for tasks to queue
[2023-12-17T08:33:10.351+0700] {logging_mixin.py:154} INFO - [2023-12-17T08:33:10.350+0700] {dagbag.py:536} INFO - Filling up the DagBag from /home/phuc/Practice/DataScience/DSProject/venv/lib/python3.10/site-packages/airflow/example_dags/example_dynamic_task_mapping_with_no_taskflow_operators.py
[2023-12-17T08:33:10.357+0700] {processor.py:839} INFO - DAG(s) dict_keys(['example_dynamic_task_mapping_with_no_taskflow_operators']) retrieved from /home/phuc/Practice/DataScience/DSProject/venv/lib/python3.10/site-packages/airflow/example_dags/example_dynamic_task_mapping_with_no_taskflow_operators.py
[2023-12-17T08:33:10.364+0700] {logging_mixin.py:154} INFO - [2023-12-17T08:33:10.364+0700] {dag.py:2941} INFO - Sync 1 DAGs
[2023-12-17T08:33:10.372+0700] {logging_mixin.py:154} INFO - [2023-12-17T08:33:10.372+0700] {dag.py:3722} INFO - Setting next_dagrun for example_dynamic_task_mapping_with_no_taskflow_operators to 2023-12-16T01:33:10.372432+00:00, run_after=2023-12-17T01:33:10.372432+00:00
[2023-12-17T08:33:10.382+0700] {processor.py:179} INFO - Processing /home/phuc/Practice/DataScience/DSProject/venv/lib/python3.10/site-packages/airflow/example_dags/example_dynamic_task_mapping_with_no_taskflow_operators.py took 0.043 seconds
[2023-12-17T08:34:02.844+0700] {processor.py:157} INFO - Started process (PID=323393) to work on /home/phuc/Practice/DataScience/DSProject/venv/lib/python3.10/site-packages/airflow/example_dags/example_dynamic_task_mapping_with_no_taskflow_operators.py
[2023-12-17T08:34:02.851+0700] {processor.py:829} INFO - Processing file /home/phuc/Practice/DataScience/DSProject/venv/lib/python3.10/site-packages/airflow/example_dags/example_dynamic_task_mapping_with_no_taskflow_operators.py for tasks to queue
[2023-12-17T08:34:02.853+0700] {logging_mixin.py:154} INFO - [2023-12-17T08:34:02.852+0700] {dagbag.py:536} INFO - Filling up the DagBag from /home/phuc/Practice/DataScience/DSProject/venv/lib/python3.10/site-packages/airflow/example_dags/example_dynamic_task_mapping_with_no_taskflow_operators.py
[2023-12-17T08:34:02.861+0700] {processor.py:839} INFO - DAG(s) dict_keys(['example_dynamic_task_mapping_with_no_taskflow_operators']) retrieved from /home/phuc/Practice/DataScience/DSProject/venv/lib/python3.10/site-packages/airflow/example_dags/example_dynamic_task_mapping_with_no_taskflow_operators.py
[2023-12-17T08:34:02.871+0700] {logging_mixin.py:154} INFO - [2023-12-17T08:34:02.871+0700] {dag.py:2941} INFO - Sync 1 DAGs
[2023-12-17T08:34:02.880+0700] {logging_mixin.py:154} INFO - [2023-12-17T08:34:02.880+0700] {dag.py:3722} INFO - Setting next_dagrun for example_dynamic_task_mapping_with_no_taskflow_operators to 2023-12-16T01:34:02.880228+00:00, run_after=2023-12-17T01:34:02.880228+00:00
[2023-12-17T08:34:02.889+0700] {processor.py:179} INFO - Processing /home/phuc/Practice/DataScience/DSProject/venv/lib/python3.10/site-packages/airflow/example_dags/example_dynamic_task_mapping_with_no_taskflow_operators.py took 0.047 seconds
[2023-12-17T08:34:54.361+0700] {processor.py:157} INFO - Started process (PID=323906) to work on /home/phuc/Practice/DataScience/DSProject/venv/lib/python3.10/site-packages/airflow/example_dags/example_dynamic_task_mapping_with_no_taskflow_operators.py
[2023-12-17T08:34:54.368+0700] {processor.py:829} INFO - Processing file /home/phuc/Practice/DataScience/DSProject/venv/lib/python3.10/site-packages/airflow/example_dags/example_dynamic_task_mapping_with_no_taskflow_operators.py for tasks to queue
[2023-12-17T08:34:54.370+0700] {logging_mixin.py:154} INFO - [2023-12-17T08:34:54.369+0700] {dagbag.py:536} INFO - Filling up the DagBag from /home/phuc/Practice/DataScience/DSProject/venv/lib/python3.10/site-packages/airflow/example_dags/example_dynamic_task_mapping_with_no_taskflow_operators.py
[2023-12-17T08:34:54.379+0700] {processor.py:839} INFO - DAG(s) dict_keys(['example_dynamic_task_mapping_with_no_taskflow_operators']) retrieved from /home/phuc/Practice/DataScience/DSProject/venv/lib/python3.10/site-packages/airflow/example_dags/example_dynamic_task_mapping_with_no_taskflow_operators.py
[2023-12-17T08:34:54.389+0700] {logging_mixin.py:154} INFO - [2023-12-17T08:34:54.389+0700] {dag.py:2941} INFO - Sync 1 DAGs
[2023-12-17T08:34:54.397+0700] {logging_mixin.py:154} INFO - [2023-12-17T08:34:54.397+0700] {dag.py:3722} INFO - Setting next_dagrun for example_dynamic_task_mapping_with_no_taskflow_operators to 2023-12-16T01:34:54.397419+00:00, run_after=2023-12-17T01:34:54.397419+00:00
[2023-12-17T08:34:54.407+0700] {processor.py:179} INFO - Processing /home/phuc/Practice/DataScience/DSProject/venv/lib/python3.10/site-packages/airflow/example_dags/example_dynamic_task_mapping_with_no_taskflow_operators.py took 0.050 seconds
[2023-12-17T08:35:32.678+0700] {processor.py:157} INFO - Started process (PID=324122) to work on /home/phuc/Practice/DataScience/DSProject/venv/lib/python3.10/site-packages/airflow/example_dags/example_dynamic_task_mapping_with_no_taskflow_operators.py
[2023-12-17T08:35:32.684+0700] {processor.py:829} INFO - Processing file /home/phuc/Practice/DataScience/DSProject/venv/lib/python3.10/site-packages/airflow/example_dags/example_dynamic_task_mapping_with_no_taskflow_operators.py for tasks to queue
[2023-12-17T08:35:32.685+0700] {logging_mixin.py:154} INFO - [2023-12-17T08:35:32.685+0700] {dagbag.py:536} INFO - Filling up the DagBag from /home/phuc/Practice/DataScience/DSProject/venv/lib/python3.10/site-packages/airflow/example_dags/example_dynamic_task_mapping_with_no_taskflow_operators.py
[2023-12-17T08:35:32.688+0700] {processor.py:839} INFO - DAG(s) dict_keys(['example_dynamic_task_mapping_with_no_taskflow_operators']) retrieved from /home/phuc/Practice/DataScience/DSProject/venv/lib/python3.10/site-packages/airflow/example_dags/example_dynamic_task_mapping_with_no_taskflow_operators.py
[2023-12-17T08:35:32.696+0700] {logging_mixin.py:154} INFO - [2023-12-17T08:35:32.695+0700] {dag.py:2941} INFO - Sync 1 DAGs
[2023-12-17T08:35:32.705+0700] {logging_mixin.py:154} INFO - [2023-12-17T08:35:32.705+0700] {dag.py:3722} INFO - Setting next_dagrun for example_dynamic_task_mapping_with_no_taskflow_operators to 2023-12-16T01:35:32.705284+00:00, run_after=2023-12-17T01:35:32.705284+00:00
[2023-12-17T08:35:32.716+0700] {processor.py:179} INFO - Processing /home/phuc/Practice/DataScience/DSProject/venv/lib/python3.10/site-packages/airflow/example_dags/example_dynamic_task_mapping_with_no_taskflow_operators.py took 0.040 seconds
