[2023-12-17T08:03:09.628+0700] {processor.py:157} INFO - Started process (PID=309619) to work on /home/phuc/Practice/DataScience/DSProject/venv/lib/python3.10/site-packages/airflow/example_dags/example_python_operator.py
[2023-12-17T08:03:09.629+0700] {processor.py:829} INFO - Processing file /home/phuc/Practice/DataScience/DSProject/venv/lib/python3.10/site-packages/airflow/example_dags/example_python_operator.py for tasks to queue
[2023-12-17T08:03:09.629+0700] {logging_mixin.py:154} INFO - [2023-12-17T08:03:09.629+0700] {dagbag.py:536} INFO - Filling up the DagBag from /home/phuc/Practice/DataScience/DSProject/venv/lib/python3.10/site-packages/airflow/example_dags/example_python_operator.py
[2023-12-17T08:03:09.637+0700] {processor.py:839} INFO - DAG(s) dict_keys(['example_python_operator']) retrieved from /home/phuc/Practice/DataScience/DSProject/venv/lib/python3.10/site-packages/airflow/example_dags/example_python_operator.py
[2023-12-17T08:03:09.714+0700] {logging_mixin.py:154} INFO - [2023-12-17T08:03:09.714+0700] {manager.py:499} INFO - Created Permission View: %s
[2023-12-17T08:03:09.721+0700] {logging_mixin.py:154} INFO - [2023-12-17T08:03:09.721+0700] {manager.py:499} INFO - Created Permission View: %s
[2023-12-17T08:03:09.726+0700] {logging_mixin.py:154} INFO - [2023-12-17T08:03:09.726+0700] {manager.py:499} INFO - Created Permission View: %s
[2023-12-17T08:03:09.726+0700] {logging_mixin.py:154} INFO - [2023-12-17T08:03:09.726+0700] {dag.py:2941} INFO - Sync 1 DAGs
[2023-12-17T08:03:09.733+0700] {logging_mixin.py:154} INFO - [2023-12-17T08:03:09.733+0700] {dag.py:2963} INFO - Creating ORM DAG for example_python_operator
[2023-12-17T08:03:09.734+0700] {logging_mixin.py:154} INFO - [2023-12-17T08:03:09.734+0700] {dag.py:3722} INFO - Setting next_dagrun for example_python_operator to None, run_after=None
[2023-12-17T08:03:09.747+0700] {processor.py:179} INFO - Processing /home/phuc/Practice/DataScience/DSProject/venv/lib/python3.10/site-packages/airflow/example_dags/example_python_operator.py took 0.121 seconds
[2023-12-17T08:05:25.898+0700] {processor.py:157} INFO - Started process (PID=310860) to work on /home/phuc/Practice/DataScience/DSProject/venv/lib/python3.10/site-packages/airflow/example_dags/example_python_operator.py
[2023-12-17T08:05:25.906+0700] {processor.py:829} INFO - Processing file /home/phuc/Practice/DataScience/DSProject/venv/lib/python3.10/site-packages/airflow/example_dags/example_python_operator.py for tasks to queue
[2023-12-17T08:05:25.907+0700] {logging_mixin.py:154} INFO - [2023-12-17T08:05:25.906+0700] {dagbag.py:536} INFO - Filling up the DagBag from /home/phuc/Practice/DataScience/DSProject/venv/lib/python3.10/site-packages/airflow/example_dags/example_python_operator.py
[2023-12-17T08:05:25.920+0700] {processor.py:839} INFO - DAG(s) dict_keys(['example_python_operator']) retrieved from /home/phuc/Practice/DataScience/DSProject/venv/lib/python3.10/site-packages/airflow/example_dags/example_python_operator.py
[2023-12-17T08:05:25.940+0700] {logging_mixin.py:154} INFO - [2023-12-17T08:05:25.940+0700] {dag.py:2941} INFO - Sync 1 DAGs
[2023-12-17T08:05:25.947+0700] {logging_mixin.py:154} INFO - [2023-12-17T08:05:25.947+0700] {dag.py:3722} INFO - Setting next_dagrun for example_python_operator to None, run_after=None
[2023-12-17T08:05:25.962+0700] {processor.py:179} INFO - Processing /home/phuc/Practice/DataScience/DSProject/venv/lib/python3.10/site-packages/airflow/example_dags/example_python_operator.py took 0.067 seconds
[2023-12-17T08:06:13.762+0700] {processor.py:157} INFO - Started process (PID=311359) to work on /home/phuc/Practice/DataScience/DSProject/venv/lib/python3.10/site-packages/airflow/example_dags/example_python_operator.py
[2023-12-17T08:06:13.769+0700] {processor.py:829} INFO - Processing file /home/phuc/Practice/DataScience/DSProject/venv/lib/python3.10/site-packages/airflow/example_dags/example_python_operator.py for tasks to queue
[2023-12-17T08:06:13.770+0700] {logging_mixin.py:154} INFO - [2023-12-17T08:06:13.769+0700] {dagbag.py:536} INFO - Filling up the DagBag from /home/phuc/Practice/DataScience/DSProject/venv/lib/python3.10/site-packages/airflow/example_dags/example_python_operator.py
[2023-12-17T08:06:13.778+0700] {processor.py:839} INFO - DAG(s) dict_keys(['example_python_operator']) retrieved from /home/phuc/Practice/DataScience/DSProject/venv/lib/python3.10/site-packages/airflow/example_dags/example_python_operator.py
[2023-12-17T08:06:13.791+0700] {logging_mixin.py:154} INFO - [2023-12-17T08:06:13.791+0700] {dag.py:2941} INFO - Sync 1 DAGs
[2023-12-17T08:06:13.799+0700] {logging_mixin.py:154} INFO - [2023-12-17T08:06:13.799+0700] {dag.py:3722} INFO - Setting next_dagrun for example_python_operator to None, run_after=None
[2023-12-17T08:06:13.816+0700] {processor.py:179} INFO - Processing /home/phuc/Practice/DataScience/DSProject/venv/lib/python3.10/site-packages/airflow/example_dags/example_python_operator.py took 0.056 seconds
[2023-12-17T08:06:50.994+0700] {processor.py:157} INFO - Started process (PID=311765) to work on /home/phuc/Practice/DataScience/DSProject/venv/lib/python3.10/site-packages/airflow/example_dags/example_python_operator.py
[2023-12-17T08:06:51.001+0700] {processor.py:829} INFO - Processing file /home/phuc/Practice/DataScience/DSProject/venv/lib/python3.10/site-packages/airflow/example_dags/example_python_operator.py for tasks to queue
[2023-12-17T08:06:51.002+0700] {logging_mixin.py:154} INFO - [2023-12-17T08:06:51.001+0700] {dagbag.py:536} INFO - Filling up the DagBag from /home/phuc/Practice/DataScience/DSProject/venv/lib/python3.10/site-packages/airflow/example_dags/example_python_operator.py
[2023-12-17T08:06:51.015+0700] {processor.py:839} INFO - DAG(s) dict_keys(['example_python_operator']) retrieved from /home/phuc/Practice/DataScience/DSProject/venv/lib/python3.10/site-packages/airflow/example_dags/example_python_operator.py
[2023-12-17T08:06:51.029+0700] {logging_mixin.py:154} INFO - [2023-12-17T08:06:51.029+0700] {dag.py:2941} INFO - Sync 1 DAGs
[2023-12-17T08:06:51.037+0700] {logging_mixin.py:154} INFO - [2023-12-17T08:06:51.036+0700] {dag.py:3722} INFO - Setting next_dagrun for example_python_operator to None, run_after=None
[2023-12-17T08:06:51.051+0700] {processor.py:179} INFO - Processing /home/phuc/Practice/DataScience/DSProject/venv/lib/python3.10/site-packages/airflow/example_dags/example_python_operator.py took 0.060 seconds
[2023-12-17T08:08:23.267+0700] {processor.py:157} INFO - Started process (PID=313062) to work on /home/phuc/Practice/DataScience/DSProject/venv/lib/python3.10/site-packages/airflow/example_dags/example_python_operator.py
[2023-12-17T08:08:23.274+0700] {processor.py:829} INFO - Processing file /home/phuc/Practice/DataScience/DSProject/venv/lib/python3.10/site-packages/airflow/example_dags/example_python_operator.py for tasks to queue
[2023-12-17T08:08:23.275+0700] {logging_mixin.py:154} INFO - [2023-12-17T08:08:23.275+0700] {dagbag.py:536} INFO - Filling up the DagBag from /home/phuc/Practice/DataScience/DSProject/venv/lib/python3.10/site-packages/airflow/example_dags/example_python_operator.py
[2023-12-17T08:08:23.289+0700] {processor.py:839} INFO - DAG(s) dict_keys(['example_python_operator']) retrieved from /home/phuc/Practice/DataScience/DSProject/venv/lib/python3.10/site-packages/airflow/example_dags/example_python_operator.py
[2023-12-17T08:08:23.299+0700] {logging_mixin.py:154} INFO - [2023-12-17T08:08:23.299+0700] {dag.py:2941} INFO - Sync 1 DAGs
[2023-12-17T08:08:23.305+0700] {logging_mixin.py:154} INFO - [2023-12-17T08:08:23.305+0700] {dag.py:3722} INFO - Setting next_dagrun for example_python_operator to None, run_after=None
[2023-12-17T08:08:23.317+0700] {processor.py:179} INFO - Processing /home/phuc/Practice/DataScience/DSProject/venv/lib/python3.10/site-packages/airflow/example_dags/example_python_operator.py took 0.052 seconds
[2023-12-17T08:09:03.288+0700] {processor.py:157} INFO - Started process (PID=313329) to work on /home/phuc/Practice/DataScience/DSProject/venv/lib/python3.10/site-packages/airflow/example_dags/example_python_operator.py
[2023-12-17T08:09:03.294+0700] {processor.py:829} INFO - Processing file /home/phuc/Practice/DataScience/DSProject/venv/lib/python3.10/site-packages/airflow/example_dags/example_python_operator.py for tasks to queue
[2023-12-17T08:09:03.295+0700] {logging_mixin.py:154} INFO - [2023-12-17T08:09:03.295+0700] {dagbag.py:536} INFO - Filling up the DagBag from /home/phuc/Practice/DataScience/DSProject/venv/lib/python3.10/site-packages/airflow/example_dags/example_python_operator.py
[2023-12-17T08:09:03.302+0700] {processor.py:839} INFO - DAG(s) dict_keys(['example_python_operator']) retrieved from /home/phuc/Practice/DataScience/DSProject/venv/lib/python3.10/site-packages/airflow/example_dags/example_python_operator.py
[2023-12-17T08:09:03.314+0700] {logging_mixin.py:154} INFO - [2023-12-17T08:09:03.314+0700] {dag.py:2941} INFO - Sync 1 DAGs
[2023-12-17T08:09:03.322+0700] {logging_mixin.py:154} INFO - [2023-12-17T08:09:03.322+0700] {dag.py:3722} INFO - Setting next_dagrun for example_python_operator to None, run_after=None
[2023-12-17T08:09:03.336+0700] {processor.py:179} INFO - Processing /home/phuc/Practice/DataScience/DSProject/venv/lib/python3.10/site-packages/airflow/example_dags/example_python_operator.py took 0.050 seconds
[2023-12-17T08:09:47.334+0700] {processor.py:157} INFO - Started process (PID=313617) to work on /home/phuc/Practice/DataScience/DSProject/venv/lib/python3.10/site-packages/airflow/example_dags/example_python_operator.py
[2023-12-17T08:09:47.341+0700] {processor.py:829} INFO - Processing file /home/phuc/Practice/DataScience/DSProject/venv/lib/python3.10/site-packages/airflow/example_dags/example_python_operator.py for tasks to queue
[2023-12-17T08:09:47.342+0700] {logging_mixin.py:154} INFO - [2023-12-17T08:09:47.341+0700] {dagbag.py:536} INFO - Filling up the DagBag from /home/phuc/Practice/DataScience/DSProject/venv/lib/python3.10/site-packages/airflow/example_dags/example_python_operator.py
[2023-12-17T08:09:47.349+0700] {processor.py:839} INFO - DAG(s) dict_keys(['example_python_operator']) retrieved from /home/phuc/Practice/DataScience/DSProject/venv/lib/python3.10/site-packages/airflow/example_dags/example_python_operator.py
[2023-12-17T08:09:47.363+0700] {logging_mixin.py:154} INFO - [2023-12-17T08:09:47.363+0700] {dag.py:2941} INFO - Sync 1 DAGs
[2023-12-17T08:09:47.371+0700] {logging_mixin.py:154} INFO - [2023-12-17T08:09:47.371+0700] {dag.py:3722} INFO - Setting next_dagrun for example_python_operator to None, run_after=None
[2023-12-17T08:09:47.387+0700] {processor.py:179} INFO - Processing /home/phuc/Practice/DataScience/DSProject/venv/lib/python3.10/site-packages/airflow/example_dags/example_python_operator.py took 0.056 seconds
[2023-12-17T08:10:24.425+0700] {processor.py:157} INFO - Started process (PID=313859) to work on /home/phuc/Practice/DataScience/DSProject/venv/lib/python3.10/site-packages/airflow/example_dags/example_python_operator.py
[2023-12-17T08:10:24.433+0700] {processor.py:829} INFO - Processing file /home/phuc/Practice/DataScience/DSProject/venv/lib/python3.10/site-packages/airflow/example_dags/example_python_operator.py for tasks to queue
[2023-12-17T08:10:24.434+0700] {logging_mixin.py:154} INFO - [2023-12-17T08:10:24.433+0700] {dagbag.py:536} INFO - Filling up the DagBag from /home/phuc/Practice/DataScience/DSProject/venv/lib/python3.10/site-packages/airflow/example_dags/example_python_operator.py
[2023-12-17T08:10:24.448+0700] {processor.py:839} INFO - DAG(s) dict_keys(['example_python_operator']) retrieved from /home/phuc/Practice/DataScience/DSProject/venv/lib/python3.10/site-packages/airflow/example_dags/example_python_operator.py
[2023-12-17T08:10:24.458+0700] {logging_mixin.py:154} INFO - [2023-12-17T08:10:24.458+0700] {dag.py:2941} INFO - Sync 1 DAGs
[2023-12-17T08:10:24.464+0700] {logging_mixin.py:154} INFO - [2023-12-17T08:10:24.464+0700] {dag.py:3722} INFO - Setting next_dagrun for example_python_operator to None, run_after=None
[2023-12-17T08:10:24.477+0700] {processor.py:179} INFO - Processing /home/phuc/Practice/DataScience/DSProject/venv/lib/python3.10/site-packages/airflow/example_dags/example_python_operator.py took 0.054 seconds
[2023-12-17T08:11:10.689+0700] {processor.py:157} INFO - Started process (PID=314057) to work on /home/phuc/Practice/DataScience/DSProject/venv/lib/python3.10/site-packages/airflow/example_dags/example_python_operator.py
[2023-12-17T08:11:10.696+0700] {processor.py:829} INFO - Processing file /home/phuc/Practice/DataScience/DSProject/venv/lib/python3.10/site-packages/airflow/example_dags/example_python_operator.py for tasks to queue
[2023-12-17T08:11:10.697+0700] {logging_mixin.py:154} INFO - [2023-12-17T08:11:10.697+0700] {dagbag.py:536} INFO - Filling up the DagBag from /home/phuc/Practice/DataScience/DSProject/venv/lib/python3.10/site-packages/airflow/example_dags/example_python_operator.py
[2023-12-17T08:11:10.711+0700] {processor.py:839} INFO - DAG(s) dict_keys(['example_python_operator']) retrieved from /home/phuc/Practice/DataScience/DSProject/venv/lib/python3.10/site-packages/airflow/example_dags/example_python_operator.py
[2023-12-17T08:11:10.721+0700] {logging_mixin.py:154} INFO - [2023-12-17T08:11:10.721+0700] {dag.py:2941} INFO - Sync 1 DAGs
[2023-12-17T08:11:10.727+0700] {logging_mixin.py:154} INFO - [2023-12-17T08:11:10.726+0700] {dag.py:3722} INFO - Setting next_dagrun for example_python_operator to None, run_after=None
[2023-12-17T08:11:10.739+0700] {processor.py:179} INFO - Processing /home/phuc/Practice/DataScience/DSProject/venv/lib/python3.10/site-packages/airflow/example_dags/example_python_operator.py took 0.053 seconds
[2023-12-17T08:12:00.383+0700] {processor.py:157} INFO - Started process (PID=314316) to work on /home/phuc/Practice/DataScience/DSProject/venv/lib/python3.10/site-packages/airflow/example_dags/example_python_operator.py
[2023-12-17T08:12:00.390+0700] {processor.py:829} INFO - Processing file /home/phuc/Practice/DataScience/DSProject/venv/lib/python3.10/site-packages/airflow/example_dags/example_python_operator.py for tasks to queue
[2023-12-17T08:12:00.391+0700] {logging_mixin.py:154} INFO - [2023-12-17T08:12:00.390+0700] {dagbag.py:536} INFO - Filling up the DagBag from /home/phuc/Practice/DataScience/DSProject/venv/lib/python3.10/site-packages/airflow/example_dags/example_python_operator.py
[2023-12-17T08:12:00.404+0700] {processor.py:839} INFO - DAG(s) dict_keys(['example_python_operator']) retrieved from /home/phuc/Practice/DataScience/DSProject/venv/lib/python3.10/site-packages/airflow/example_dags/example_python_operator.py
[2023-12-17T08:12:00.415+0700] {logging_mixin.py:154} INFO - [2023-12-17T08:12:00.415+0700] {dag.py:2941} INFO - Sync 1 DAGs
[2023-12-17T08:12:00.421+0700] {logging_mixin.py:154} INFO - [2023-12-17T08:12:00.421+0700] {dag.py:3722} INFO - Setting next_dagrun for example_python_operator to None, run_after=None
[2023-12-17T08:12:00.434+0700] {processor.py:179} INFO - Processing /home/phuc/Practice/DataScience/DSProject/venv/lib/python3.10/site-packages/airflow/example_dags/example_python_operator.py took 0.053 seconds
[2023-12-17T08:12:35.270+0700] {processor.py:157} INFO - Started process (PID=314474) to work on /home/phuc/Practice/DataScience/DSProject/venv/lib/python3.10/site-packages/airflow/example_dags/example_python_operator.py
[2023-12-17T08:12:35.277+0700] {processor.py:829} INFO - Processing file /home/phuc/Practice/DataScience/DSProject/venv/lib/python3.10/site-packages/airflow/example_dags/example_python_operator.py for tasks to queue
[2023-12-17T08:12:35.278+0700] {logging_mixin.py:154} INFO - [2023-12-17T08:12:35.277+0700] {dagbag.py:536} INFO - Filling up the DagBag from /home/phuc/Practice/DataScience/DSProject/venv/lib/python3.10/site-packages/airflow/example_dags/example_python_operator.py
[2023-12-17T08:12:35.285+0700] {processor.py:839} INFO - DAG(s) dict_keys(['example_python_operator']) retrieved from /home/phuc/Practice/DataScience/DSProject/venv/lib/python3.10/site-packages/airflow/example_dags/example_python_operator.py
[2023-12-17T08:12:35.298+0700] {logging_mixin.py:154} INFO - [2023-12-17T08:12:35.298+0700] {dag.py:2941} INFO - Sync 1 DAGs
[2023-12-17T08:12:35.305+0700] {logging_mixin.py:154} INFO - [2023-12-17T08:12:35.305+0700] {dag.py:3722} INFO - Setting next_dagrun for example_python_operator to None, run_after=None
[2023-12-17T08:12:35.319+0700] {processor.py:179} INFO - Processing /home/phuc/Practice/DataScience/DSProject/venv/lib/python3.10/site-packages/airflow/example_dags/example_python_operator.py took 0.051 seconds
[2023-12-17T08:13:18.149+0700] {processor.py:157} INFO - Started process (PID=314684) to work on /home/phuc/Practice/DataScience/DSProject/venv/lib/python3.10/site-packages/airflow/example_dags/example_python_operator.py
[2023-12-17T08:13:18.156+0700] {processor.py:829} INFO - Processing file /home/phuc/Practice/DataScience/DSProject/venv/lib/python3.10/site-packages/airflow/example_dags/example_python_operator.py for tasks to queue
[2023-12-17T08:13:18.157+0700] {logging_mixin.py:154} INFO - [2023-12-17T08:13:18.156+0700] {dagbag.py:536} INFO - Filling up the DagBag from /home/phuc/Practice/DataScience/DSProject/venv/lib/python3.10/site-packages/airflow/example_dags/example_python_operator.py
[2023-12-17T08:13:18.163+0700] {processor.py:839} INFO - DAG(s) dict_keys(['example_python_operator']) retrieved from /home/phuc/Practice/DataScience/DSProject/venv/lib/python3.10/site-packages/airflow/example_dags/example_python_operator.py
[2023-12-17T08:13:18.173+0700] {logging_mixin.py:154} INFO - [2023-12-17T08:13:18.173+0700] {dag.py:2941} INFO - Sync 1 DAGs
[2023-12-17T08:13:18.180+0700] {logging_mixin.py:154} INFO - [2023-12-17T08:13:18.180+0700] {dag.py:3722} INFO - Setting next_dagrun for example_python_operator to None, run_after=None
[2023-12-17T08:13:18.193+0700] {processor.py:179} INFO - Processing /home/phuc/Practice/DataScience/DSProject/venv/lib/python3.10/site-packages/airflow/example_dags/example_python_operator.py took 0.046 seconds
[2023-12-17T08:13:51.325+0700] {processor.py:157} INFO - Started process (PID=314850) to work on /home/phuc/Practice/DataScience/DSProject/venv/lib/python3.10/site-packages/airflow/example_dags/example_python_operator.py
[2023-12-17T08:13:51.326+0700] {processor.py:829} INFO - Processing file /home/phuc/Practice/DataScience/DSProject/venv/lib/python3.10/site-packages/airflow/example_dags/example_python_operator.py for tasks to queue
[2023-12-17T08:13:51.326+0700] {logging_mixin.py:154} INFO - [2023-12-17T08:13:51.326+0700] {dagbag.py:536} INFO - Filling up the DagBag from /home/phuc/Practice/DataScience/DSProject/venv/lib/python3.10/site-packages/airflow/example_dags/example_python_operator.py
[2023-12-17T08:13:51.334+0700] {processor.py:839} INFO - DAG(s) dict_keys(['example_python_operator']) retrieved from /home/phuc/Practice/DataScience/DSProject/venv/lib/python3.10/site-packages/airflow/example_dags/example_python_operator.py
[2023-12-17T08:13:51.348+0700] {logging_mixin.py:154} INFO - [2023-12-17T08:13:51.348+0700] {dag.py:2941} INFO - Sync 1 DAGs
[2023-12-17T08:13:51.356+0700] {logging_mixin.py:154} INFO - [2023-12-17T08:13:51.355+0700] {dag.py:3722} INFO - Setting next_dagrun for example_python_operator to None, run_after=None
[2023-12-17T08:13:51.369+0700] {processor.py:179} INFO - Processing /home/phuc/Practice/DataScience/DSProject/venv/lib/python3.10/site-packages/airflow/example_dags/example_python_operator.py took 0.047 seconds
[2023-12-17T08:14:26.153+0700] {processor.py:157} INFO - Started process (PID=315005) to work on /home/phuc/Practice/DataScience/DSProject/venv/lib/python3.10/site-packages/airflow/example_dags/example_python_operator.py
[2023-12-17T08:14:26.160+0700] {processor.py:829} INFO - Processing file /home/phuc/Practice/DataScience/DSProject/venv/lib/python3.10/site-packages/airflow/example_dags/example_python_operator.py for tasks to queue
[2023-12-17T08:14:26.161+0700] {logging_mixin.py:154} INFO - [2023-12-17T08:14:26.161+0700] {dagbag.py:536} INFO - Filling up the DagBag from /home/phuc/Practice/DataScience/DSProject/venv/lib/python3.10/site-packages/airflow/example_dags/example_python_operator.py
[2023-12-17T08:14:26.175+0700] {processor.py:839} INFO - DAG(s) dict_keys(['example_python_operator']) retrieved from /home/phuc/Practice/DataScience/DSProject/venv/lib/python3.10/site-packages/airflow/example_dags/example_python_operator.py
[2023-12-17T08:14:26.186+0700] {logging_mixin.py:154} INFO - [2023-12-17T08:14:26.186+0700] {dag.py:2941} INFO - Sync 1 DAGs
[2023-12-17T08:14:26.193+0700] {logging_mixin.py:154} INFO - [2023-12-17T08:14:26.193+0700] {dag.py:3722} INFO - Setting next_dagrun for example_python_operator to None, run_after=None
[2023-12-17T08:14:26.206+0700] {processor.py:179} INFO - Processing /home/phuc/Practice/DataScience/DSProject/venv/lib/python3.10/site-packages/airflow/example_dags/example_python_operator.py took 0.056 seconds
[2023-12-17T08:15:02.164+0700] {processor.py:157} INFO - Started process (PID=315165) to work on /home/phuc/Practice/DataScience/DSProject/venv/lib/python3.10/site-packages/airflow/example_dags/example_python_operator.py
[2023-12-17T08:15:02.171+0700] {processor.py:829} INFO - Processing file /home/phuc/Practice/DataScience/DSProject/venv/lib/python3.10/site-packages/airflow/example_dags/example_python_operator.py for tasks to queue
[2023-12-17T08:15:02.172+0700] {logging_mixin.py:154} INFO - [2023-12-17T08:15:02.171+0700] {dagbag.py:536} INFO - Filling up the DagBag from /home/phuc/Practice/DataScience/DSProject/venv/lib/python3.10/site-packages/airflow/example_dags/example_python_operator.py
[2023-12-17T08:15:02.186+0700] {processor.py:839} INFO - DAG(s) dict_keys(['example_python_operator']) retrieved from /home/phuc/Practice/DataScience/DSProject/venv/lib/python3.10/site-packages/airflow/example_dags/example_python_operator.py
[2023-12-17T08:15:02.197+0700] {logging_mixin.py:154} INFO - [2023-12-17T08:15:02.197+0700] {dag.py:2941} INFO - Sync 1 DAGs
[2023-12-17T08:15:02.204+0700] {logging_mixin.py:154} INFO - [2023-12-17T08:15:02.204+0700] {dag.py:3722} INFO - Setting next_dagrun for example_python_operator to None, run_after=None
[2023-12-17T08:15:02.216+0700] {processor.py:179} INFO - Processing /home/phuc/Practice/DataScience/DSProject/venv/lib/python3.10/site-packages/airflow/example_dags/example_python_operator.py took 0.056 seconds
[2023-12-17T08:15:37.984+0700] {processor.py:157} INFO - Started process (PID=315320) to work on /home/phuc/Practice/DataScience/DSProject/venv/lib/python3.10/site-packages/airflow/example_dags/example_python_operator.py
[2023-12-17T08:15:37.991+0700] {processor.py:829} INFO - Processing file /home/phuc/Practice/DataScience/DSProject/venv/lib/python3.10/site-packages/airflow/example_dags/example_python_operator.py for tasks to queue
[2023-12-17T08:15:37.992+0700] {logging_mixin.py:154} INFO - [2023-12-17T08:15:37.992+0700] {dagbag.py:536} INFO - Filling up the DagBag from /home/phuc/Practice/DataScience/DSProject/venv/lib/python3.10/site-packages/airflow/example_dags/example_python_operator.py
[2023-12-17T08:15:38.005+0700] {processor.py:839} INFO - DAG(s) dict_keys(['example_python_operator']) retrieved from /home/phuc/Practice/DataScience/DSProject/venv/lib/python3.10/site-packages/airflow/example_dags/example_python_operator.py
[2023-12-17T08:15:38.016+0700] {logging_mixin.py:154} INFO - [2023-12-17T08:15:38.016+0700] {dag.py:2941} INFO - Sync 1 DAGs
[2023-12-17T08:15:38.022+0700] {logging_mixin.py:154} INFO - [2023-12-17T08:15:38.022+0700] {dag.py:3722} INFO - Setting next_dagrun for example_python_operator to None, run_after=None
[2023-12-17T08:15:38.034+0700] {processor.py:179} INFO - Processing /home/phuc/Practice/DataScience/DSProject/venv/lib/python3.10/site-packages/airflow/example_dags/example_python_operator.py took 0.052 seconds
[2023-12-17T08:16:12.880+0700] {processor.py:157} INFO - Started process (PID=315538) to work on /home/phuc/Practice/DataScience/DSProject/venv/lib/python3.10/site-packages/airflow/example_dags/example_python_operator.py
[2023-12-17T08:16:12.887+0700] {processor.py:829} INFO - Processing file /home/phuc/Practice/DataScience/DSProject/venv/lib/python3.10/site-packages/airflow/example_dags/example_python_operator.py for tasks to queue
[2023-12-17T08:16:12.888+0700] {logging_mixin.py:154} INFO - [2023-12-17T08:16:12.888+0700] {dagbag.py:536} INFO - Filling up the DagBag from /home/phuc/Practice/DataScience/DSProject/venv/lib/python3.10/site-packages/airflow/example_dags/example_python_operator.py
[2023-12-17T08:16:12.899+0700] {processor.py:839} INFO - DAG(s) dict_keys(['example_python_operator']) retrieved from /home/phuc/Practice/DataScience/DSProject/venv/lib/python3.10/site-packages/airflow/example_dags/example_python_operator.py
[2023-12-17T08:16:12.921+0700] {logging_mixin.py:154} INFO - [2023-12-17T08:16:12.921+0700] {dag.py:2941} INFO - Sync 1 DAGs
[2023-12-17T08:16:12.933+0700] {logging_mixin.py:154} INFO - [2023-12-17T08:16:12.932+0700] {dag.py:3722} INFO - Setting next_dagrun for example_python_operator to None, run_after=None
[2023-12-17T08:16:12.958+0700] {processor.py:179} INFO - Processing /home/phuc/Practice/DataScience/DSProject/venv/lib/python3.10/site-packages/airflow/example_dags/example_python_operator.py took 0.081 seconds
[2023-12-17T08:17:43.483+0700] {processor.py:157} INFO - Started process (PID=316371) to work on /home/phuc/Practice/DataScience/DSProject/venv/lib/python3.10/site-packages/airflow/example_dags/example_python_operator.py
[2023-12-17T08:17:43.490+0700] {processor.py:829} INFO - Processing file /home/phuc/Practice/DataScience/DSProject/venv/lib/python3.10/site-packages/airflow/example_dags/example_python_operator.py for tasks to queue
[2023-12-17T08:17:43.492+0700] {logging_mixin.py:154} INFO - [2023-12-17T08:17:43.491+0700] {dagbag.py:536} INFO - Filling up the DagBag from /home/phuc/Practice/DataScience/DSProject/venv/lib/python3.10/site-packages/airflow/example_dags/example_python_operator.py
[2023-12-17T08:17:43.508+0700] {processor.py:839} INFO - DAG(s) dict_keys(['example_python_operator']) retrieved from /home/phuc/Practice/DataScience/DSProject/venv/lib/python3.10/site-packages/airflow/example_dags/example_python_operator.py
[2023-12-17T08:17:43.522+0700] {logging_mixin.py:154} INFO - [2023-12-17T08:17:43.522+0700] {dag.py:2941} INFO - Sync 1 DAGs
[2023-12-17T08:17:43.528+0700] {logging_mixin.py:154} INFO - [2023-12-17T08:17:43.528+0700] {dag.py:3722} INFO - Setting next_dagrun for example_python_operator to None, run_after=None
[2023-12-17T08:17:43.539+0700] {processor.py:179} INFO - Processing /home/phuc/Practice/DataScience/DSProject/venv/lib/python3.10/site-packages/airflow/example_dags/example_python_operator.py took 0.059 seconds
[2023-12-17T08:18:29.559+0700] {processor.py:157} INFO - Started process (PID=316600) to work on /home/phuc/Practice/DataScience/DSProject/venv/lib/python3.10/site-packages/airflow/example_dags/example_python_operator.py
[2023-12-17T08:18:29.566+0700] {processor.py:829} INFO - Processing file /home/phuc/Practice/DataScience/DSProject/venv/lib/python3.10/site-packages/airflow/example_dags/example_python_operator.py for tasks to queue
[2023-12-17T08:18:29.567+0700] {logging_mixin.py:154} INFO - [2023-12-17T08:18:29.567+0700] {dagbag.py:536} INFO - Filling up the DagBag from /home/phuc/Practice/DataScience/DSProject/venv/lib/python3.10/site-packages/airflow/example_dags/example_python_operator.py
[2023-12-17T08:18:29.580+0700] {processor.py:839} INFO - DAG(s) dict_keys(['example_python_operator']) retrieved from /home/phuc/Practice/DataScience/DSProject/venv/lib/python3.10/site-packages/airflow/example_dags/example_python_operator.py
[2023-12-17T08:18:29.594+0700] {logging_mixin.py:154} INFO - [2023-12-17T08:18:29.594+0700] {dag.py:2941} INFO - Sync 1 DAGs
[2023-12-17T08:18:29.602+0700] {logging_mixin.py:154} INFO - [2023-12-17T08:18:29.602+0700] {dag.py:3722} INFO - Setting next_dagrun for example_python_operator to None, run_after=None
[2023-12-17T08:18:29.619+0700] {processor.py:179} INFO - Processing /home/phuc/Practice/DataScience/DSProject/venv/lib/python3.10/site-packages/airflow/example_dags/example_python_operator.py took 0.062 seconds
[2023-12-17T08:19:17.479+0700] {processor.py:157} INFO - Started process (PID=317079) to work on /home/phuc/Practice/DataScience/DSProject/venv/lib/python3.10/site-packages/airflow/example_dags/example_python_operator.py
[2023-12-17T08:19:17.486+0700] {processor.py:829} INFO - Processing file /home/phuc/Practice/DataScience/DSProject/venv/lib/python3.10/site-packages/airflow/example_dags/example_python_operator.py for tasks to queue
[2023-12-17T08:19:17.488+0700] {logging_mixin.py:154} INFO - [2023-12-17T08:19:17.487+0700] {dagbag.py:536} INFO - Filling up the DagBag from /home/phuc/Practice/DataScience/DSProject/venv/lib/python3.10/site-packages/airflow/example_dags/example_python_operator.py
[2023-12-17T08:19:17.501+0700] {processor.py:839} INFO - DAG(s) dict_keys(['example_python_operator']) retrieved from /home/phuc/Practice/DataScience/DSProject/venv/lib/python3.10/site-packages/airflow/example_dags/example_python_operator.py
[2023-12-17T08:19:17.516+0700] {logging_mixin.py:154} INFO - [2023-12-17T08:19:17.516+0700] {dag.py:2941} INFO - Sync 1 DAGs
[2023-12-17T08:19:17.524+0700] {logging_mixin.py:154} INFO - [2023-12-17T08:19:17.524+0700] {dag.py:3722} INFO - Setting next_dagrun for example_python_operator to None, run_after=None
[2023-12-17T08:19:17.538+0700] {processor.py:179} INFO - Processing /home/phuc/Practice/DataScience/DSProject/venv/lib/python3.10/site-packages/airflow/example_dags/example_python_operator.py took 0.062 seconds
[2023-12-17T08:19:53.486+0700] {processor.py:157} INFO - Started process (PID=317463) to work on /home/phuc/Practice/DataScience/DSProject/venv/lib/python3.10/site-packages/airflow/example_dags/example_python_operator.py
[2023-12-17T08:19:53.493+0700] {processor.py:829} INFO - Processing file /home/phuc/Practice/DataScience/DSProject/venv/lib/python3.10/site-packages/airflow/example_dags/example_python_operator.py for tasks to queue
[2023-12-17T08:19:53.494+0700] {logging_mixin.py:154} INFO - [2023-12-17T08:19:53.493+0700] {dagbag.py:536} INFO - Filling up the DagBag from /home/phuc/Practice/DataScience/DSProject/venv/lib/python3.10/site-packages/airflow/example_dags/example_python_operator.py
[2023-12-17T08:19:53.502+0700] {processor.py:839} INFO - DAG(s) dict_keys(['example_python_operator']) retrieved from /home/phuc/Practice/DataScience/DSProject/venv/lib/python3.10/site-packages/airflow/example_dags/example_python_operator.py
[2023-12-17T08:19:53.516+0700] {logging_mixin.py:154} INFO - [2023-12-17T08:19:53.516+0700] {dag.py:2941} INFO - Sync 1 DAGs
[2023-12-17T08:19:53.525+0700] {logging_mixin.py:154} INFO - [2023-12-17T08:19:53.525+0700] {dag.py:3722} INFO - Setting next_dagrun for example_python_operator to None, run_after=None
[2023-12-17T08:19:53.540+0700] {processor.py:179} INFO - Processing /home/phuc/Practice/DataScience/DSProject/venv/lib/python3.10/site-packages/airflow/example_dags/example_python_operator.py took 0.057 seconds
[2023-12-17T08:20:31.907+0700] {processor.py:157} INFO - Started process (PID=317865) to work on /home/phuc/Practice/DataScience/DSProject/venv/lib/python3.10/site-packages/airflow/example_dags/example_python_operator.py
[2023-12-17T08:20:31.914+0700] {processor.py:829} INFO - Processing file /home/phuc/Practice/DataScience/DSProject/venv/lib/python3.10/site-packages/airflow/example_dags/example_python_operator.py for tasks to queue
[2023-12-17T08:20:31.914+0700] {logging_mixin.py:154} INFO - [2023-12-17T08:20:31.914+0700] {dagbag.py:536} INFO - Filling up the DagBag from /home/phuc/Practice/DataScience/DSProject/venv/lib/python3.10/site-packages/airflow/example_dags/example_python_operator.py
[2023-12-17T08:20:31.922+0700] {processor.py:839} INFO - DAG(s) dict_keys(['example_python_operator']) retrieved from /home/phuc/Practice/DataScience/DSProject/venv/lib/python3.10/site-packages/airflow/example_dags/example_python_operator.py
[2023-12-17T08:20:31.935+0700] {logging_mixin.py:154} INFO - [2023-12-17T08:20:31.935+0700] {dag.py:2941} INFO - Sync 1 DAGs
[2023-12-17T08:20:31.943+0700] {logging_mixin.py:154} INFO - [2023-12-17T08:20:31.943+0700] {dag.py:3722} INFO - Setting next_dagrun for example_python_operator to None, run_after=None
[2023-12-17T08:20:31.957+0700] {processor.py:179} INFO - Processing /home/phuc/Practice/DataScience/DSProject/venv/lib/python3.10/site-packages/airflow/example_dags/example_python_operator.py took 0.053 seconds
[2023-12-17T08:21:53.890+0700] {processor.py:157} INFO - Started process (PID=318718) to work on /home/phuc/Practice/DataScience/DSProject/venv/lib/python3.10/site-packages/airflow/example_dags/example_python_operator.py
[2023-12-17T08:21:53.897+0700] {processor.py:829} INFO - Processing file /home/phuc/Practice/DataScience/DSProject/venv/lib/python3.10/site-packages/airflow/example_dags/example_python_operator.py for tasks to queue
[2023-12-17T08:21:53.898+0700] {logging_mixin.py:154} INFO - [2023-12-17T08:21:53.898+0700] {dagbag.py:536} INFO - Filling up the DagBag from /home/phuc/Practice/DataScience/DSProject/venv/lib/python3.10/site-packages/airflow/example_dags/example_python_operator.py
[2023-12-17T08:21:53.906+0700] {processor.py:839} INFO - DAG(s) dict_keys(['example_python_operator']) retrieved from /home/phuc/Practice/DataScience/DSProject/venv/lib/python3.10/site-packages/airflow/example_dags/example_python_operator.py
[2023-12-17T08:21:53.928+0700] {logging_mixin.py:154} INFO - [2023-12-17T08:21:53.928+0700] {dag.py:2941} INFO - Sync 1 DAGs
[2023-12-17T08:21:53.938+0700] {logging_mixin.py:154} INFO - [2023-12-17T08:21:53.937+0700] {dag.py:3722} INFO - Setting next_dagrun for example_python_operator to None, run_after=None
[2023-12-17T08:21:53.955+0700] {processor.py:179} INFO - Processing /home/phuc/Practice/DataScience/DSProject/venv/lib/python3.10/site-packages/airflow/example_dags/example_python_operator.py took 0.067 seconds
[2023-12-17T08:23:28.951+0700] {processor.py:157} INFO - Started process (PID=319508) to work on /home/phuc/Practice/DataScience/DSProject/venv/lib/python3.10/site-packages/airflow/example_dags/example_python_operator.py
[2023-12-17T08:23:28.959+0700] {processor.py:829} INFO - Processing file /home/phuc/Practice/DataScience/DSProject/venv/lib/python3.10/site-packages/airflow/example_dags/example_python_operator.py for tasks to queue
[2023-12-17T08:23:28.959+0700] {logging_mixin.py:154} INFO - [2023-12-17T08:23:28.959+0700] {dagbag.py:536} INFO - Filling up the DagBag from /home/phuc/Practice/DataScience/DSProject/venv/lib/python3.10/site-packages/airflow/example_dags/example_python_operator.py
[2023-12-17T08:23:28.969+0700] {processor.py:839} INFO - DAG(s) dict_keys(['example_python_operator']) retrieved from /home/phuc/Practice/DataScience/DSProject/venv/lib/python3.10/site-packages/airflow/example_dags/example_python_operator.py
[2023-12-17T08:23:28.985+0700] {logging_mixin.py:154} INFO - [2023-12-17T08:23:28.985+0700] {dag.py:2941} INFO - Sync 1 DAGs
[2023-12-17T08:23:28.995+0700] {logging_mixin.py:154} INFO - [2023-12-17T08:23:28.995+0700] {dag.py:3722} INFO - Setting next_dagrun for example_python_operator to None, run_after=None
[2023-12-17T08:23:29.015+0700] {processor.py:179} INFO - Processing /home/phuc/Practice/DataScience/DSProject/venv/lib/python3.10/site-packages/airflow/example_dags/example_python_operator.py took 0.066 seconds
[2023-12-17T08:24:09.109+0700] {processor.py:157} INFO - Started process (PID=319746) to work on /home/phuc/Practice/DataScience/DSProject/venv/lib/python3.10/site-packages/airflow/example_dags/example_python_operator.py
[2023-12-17T08:24:09.113+0700] {processor.py:829} INFO - Processing file /home/phuc/Practice/DataScience/DSProject/venv/lib/python3.10/site-packages/airflow/example_dags/example_python_operator.py for tasks to queue
[2023-12-17T08:24:09.114+0700] {logging_mixin.py:154} INFO - [2023-12-17T08:24:09.114+0700] {dagbag.py:536} INFO - Filling up the DagBag from /home/phuc/Practice/DataScience/DSProject/venv/lib/python3.10/site-packages/airflow/example_dags/example_python_operator.py
[2023-12-17T08:24:09.127+0700] {processor.py:839} INFO - DAG(s) dict_keys(['example_python_operator']) retrieved from /home/phuc/Practice/DataScience/DSProject/venv/lib/python3.10/site-packages/airflow/example_dags/example_python_operator.py
[2023-12-17T08:24:09.137+0700] {logging_mixin.py:154} INFO - [2023-12-17T08:24:09.137+0700] {dag.py:2941} INFO - Sync 1 DAGs
[2023-12-17T08:24:09.143+0700] {logging_mixin.py:154} INFO - [2023-12-17T08:24:09.143+0700] {dag.py:3722} INFO - Setting next_dagrun for example_python_operator to None, run_after=None
[2023-12-17T08:24:09.157+0700] {processor.py:179} INFO - Processing /home/phuc/Practice/DataScience/DSProject/venv/lib/python3.10/site-packages/airflow/example_dags/example_python_operator.py took 0.053 seconds
[2023-12-17T08:24:57.108+0700] {processor.py:157} INFO - Started process (PID=319962) to work on /home/phuc/Practice/DataScience/DSProject/venv/lib/python3.10/site-packages/airflow/example_dags/example_python_operator.py
[2023-12-17T08:24:57.115+0700] {processor.py:829} INFO - Processing file /home/phuc/Practice/DataScience/DSProject/venv/lib/python3.10/site-packages/airflow/example_dags/example_python_operator.py for tasks to queue
[2023-12-17T08:24:57.117+0700] {logging_mixin.py:154} INFO - [2023-12-17T08:24:57.116+0700] {dagbag.py:536} INFO - Filling up the DagBag from /home/phuc/Practice/DataScience/DSProject/venv/lib/python3.10/site-packages/airflow/example_dags/example_python_operator.py
[2023-12-17T08:24:57.130+0700] {processor.py:839} INFO - DAG(s) dict_keys(['example_python_operator']) retrieved from /home/phuc/Practice/DataScience/DSProject/venv/lib/python3.10/site-packages/airflow/example_dags/example_python_operator.py
[2023-12-17T08:24:57.143+0700] {logging_mixin.py:154} INFO - [2023-12-17T08:24:57.143+0700] {dag.py:2941} INFO - Sync 1 DAGs
[2023-12-17T08:24:57.151+0700] {logging_mixin.py:154} INFO - [2023-12-17T08:24:57.151+0700] {dag.py:3722} INFO - Setting next_dagrun for example_python_operator to None, run_after=None
[2023-12-17T08:24:57.166+0700] {processor.py:179} INFO - Processing /home/phuc/Practice/DataScience/DSProject/venv/lib/python3.10/site-packages/airflow/example_dags/example_python_operator.py took 0.061 seconds
[2023-12-17T08:25:35.157+0700] {processor.py:157} INFO - Started process (PID=320124) to work on /home/phuc/Practice/DataScience/DSProject/venv/lib/python3.10/site-packages/airflow/example_dags/example_python_operator.py
[2023-12-17T08:25:35.164+0700] {processor.py:829} INFO - Processing file /home/phuc/Practice/DataScience/DSProject/venv/lib/python3.10/site-packages/airflow/example_dags/example_python_operator.py for tasks to queue
[2023-12-17T08:25:35.166+0700] {logging_mixin.py:154} INFO - [2023-12-17T08:25:35.165+0700] {dagbag.py:536} INFO - Filling up the DagBag from /home/phuc/Practice/DataScience/DSProject/venv/lib/python3.10/site-packages/airflow/example_dags/example_python_operator.py
[2023-12-17T08:25:35.175+0700] {processor.py:839} INFO - DAG(s) dict_keys(['example_python_operator']) retrieved from /home/phuc/Practice/DataScience/DSProject/venv/lib/python3.10/site-packages/airflow/example_dags/example_python_operator.py
[2023-12-17T08:25:35.190+0700] {logging_mixin.py:154} INFO - [2023-12-17T08:25:35.190+0700] {dag.py:2941} INFO - Sync 1 DAGs
[2023-12-17T08:25:35.200+0700] {logging_mixin.py:154} INFO - [2023-12-17T08:25:35.199+0700] {dag.py:3722} INFO - Setting next_dagrun for example_python_operator to None, run_after=None
[2023-12-17T08:25:35.217+0700] {processor.py:179} INFO - Processing /home/phuc/Practice/DataScience/DSProject/venv/lib/python3.10/site-packages/airflow/example_dags/example_python_operator.py took 0.062 seconds
[2023-12-17T08:26:21.510+0700] {processor.py:157} INFO - Started process (PID=320340) to work on /home/phuc/Practice/DataScience/DSProject/venv/lib/python3.10/site-packages/airflow/example_dags/example_python_operator.py
[2023-12-17T08:26:21.516+0700] {processor.py:829} INFO - Processing file /home/phuc/Practice/DataScience/DSProject/venv/lib/python3.10/site-packages/airflow/example_dags/example_python_operator.py for tasks to queue
[2023-12-17T08:26:21.517+0700] {logging_mixin.py:154} INFO - [2023-12-17T08:26:21.517+0700] {dagbag.py:536} INFO - Filling up the DagBag from /home/phuc/Practice/DataScience/DSProject/venv/lib/python3.10/site-packages/airflow/example_dags/example_python_operator.py
[2023-12-17T08:26:21.523+0700] {processor.py:839} INFO - DAG(s) dict_keys(['example_python_operator']) retrieved from /home/phuc/Practice/DataScience/DSProject/venv/lib/python3.10/site-packages/airflow/example_dags/example_python_operator.py
[2023-12-17T08:26:21.537+0700] {logging_mixin.py:154} INFO - [2023-12-17T08:26:21.537+0700] {dag.py:2941} INFO - Sync 1 DAGs
[2023-12-17T08:26:21.545+0700] {logging_mixin.py:154} INFO - [2023-12-17T08:26:21.545+0700] {dag.py:3722} INFO - Setting next_dagrun for example_python_operator to None, run_after=None
[2023-12-17T08:26:21.560+0700] {processor.py:179} INFO - Processing /home/phuc/Practice/DataScience/DSProject/venv/lib/python3.10/site-packages/airflow/example_dags/example_python_operator.py took 0.053 seconds
[2023-12-17T08:26:55.807+0700] {processor.py:157} INFO - Started process (PID=320560) to work on /home/phuc/Practice/DataScience/DSProject/venv/lib/python3.10/site-packages/airflow/example_dags/example_python_operator.py
[2023-12-17T08:26:55.813+0700] {processor.py:829} INFO - Processing file /home/phuc/Practice/DataScience/DSProject/venv/lib/python3.10/site-packages/airflow/example_dags/example_python_operator.py for tasks to queue
[2023-12-17T08:26:55.814+0700] {logging_mixin.py:154} INFO - [2023-12-17T08:26:55.814+0700] {dagbag.py:536} INFO - Filling up the DagBag from /home/phuc/Practice/DataScience/DSProject/venv/lib/python3.10/site-packages/airflow/example_dags/example_python_operator.py
[2023-12-17T08:26:55.821+0700] {processor.py:839} INFO - DAG(s) dict_keys(['example_python_operator']) retrieved from /home/phuc/Practice/DataScience/DSProject/venv/lib/python3.10/site-packages/airflow/example_dags/example_python_operator.py
[2023-12-17T08:26:55.832+0700] {logging_mixin.py:154} INFO - [2023-12-17T08:26:55.832+0700] {dag.py:2941} INFO - Sync 1 DAGs
[2023-12-17T08:26:55.839+0700] {logging_mixin.py:154} INFO - [2023-12-17T08:26:55.839+0700] {dag.py:3722} INFO - Setting next_dagrun for example_python_operator to None, run_after=None
[2023-12-17T08:26:55.851+0700] {processor.py:179} INFO - Processing /home/phuc/Practice/DataScience/DSProject/venv/lib/python3.10/site-packages/airflow/example_dags/example_python_operator.py took 0.046 seconds
[2023-12-17T08:27:31.364+0700] {processor.py:157} INFO - Started process (PID=320715) to work on /home/phuc/Practice/DataScience/DSProject/venv/lib/python3.10/site-packages/airflow/example_dags/example_python_operator.py
[2023-12-17T08:27:31.370+0700] {processor.py:829} INFO - Processing file /home/phuc/Practice/DataScience/DSProject/venv/lib/python3.10/site-packages/airflow/example_dags/example_python_operator.py for tasks to queue
[2023-12-17T08:27:31.372+0700] {logging_mixin.py:154} INFO - [2023-12-17T08:27:31.371+0700] {dagbag.py:536} INFO - Filling up the DagBag from /home/phuc/Practice/DataScience/DSProject/venv/lib/python3.10/site-packages/airflow/example_dags/example_python_operator.py
[2023-12-17T08:27:31.386+0700] {processor.py:839} INFO - DAG(s) dict_keys(['example_python_operator']) retrieved from /home/phuc/Practice/DataScience/DSProject/venv/lib/python3.10/site-packages/airflow/example_dags/example_python_operator.py
[2023-12-17T08:27:31.397+0700] {logging_mixin.py:154} INFO - [2023-12-17T08:27:31.397+0700] {dag.py:2941} INFO - Sync 1 DAGs
[2023-12-17T08:27:31.403+0700] {logging_mixin.py:154} INFO - [2023-12-17T08:27:31.403+0700] {dag.py:3722} INFO - Setting next_dagrun for example_python_operator to None, run_after=None
[2023-12-17T08:27:31.414+0700] {processor.py:179} INFO - Processing /home/phuc/Practice/DataScience/DSProject/venv/lib/python3.10/site-packages/airflow/example_dags/example_python_operator.py took 0.054 seconds
[2023-12-17T08:28:05.474+0700] {processor.py:157} INFO - Started process (PID=320867) to work on /home/phuc/Practice/DataScience/DSProject/venv/lib/python3.10/site-packages/airflow/example_dags/example_python_operator.py
[2023-12-17T08:28:05.481+0700] {processor.py:829} INFO - Processing file /home/phuc/Practice/DataScience/DSProject/venv/lib/python3.10/site-packages/airflow/example_dags/example_python_operator.py for tasks to queue
[2023-12-17T08:28:05.482+0700] {logging_mixin.py:154} INFO - [2023-12-17T08:28:05.481+0700] {dagbag.py:536} INFO - Filling up the DagBag from /home/phuc/Practice/DataScience/DSProject/venv/lib/python3.10/site-packages/airflow/example_dags/example_python_operator.py
[2023-12-17T08:28:05.495+0700] {processor.py:839} INFO - DAG(s) dict_keys(['example_python_operator']) retrieved from /home/phuc/Practice/DataScience/DSProject/venv/lib/python3.10/site-packages/airflow/example_dags/example_python_operator.py
[2023-12-17T08:28:05.508+0700] {logging_mixin.py:154} INFO - [2023-12-17T08:28:05.508+0700] {dag.py:2941} INFO - Sync 1 DAGs
[2023-12-17T08:28:05.515+0700] {logging_mixin.py:154} INFO - [2023-12-17T08:28:05.514+0700] {dag.py:3722} INFO - Setting next_dagrun for example_python_operator to None, run_after=None
[2023-12-17T08:28:05.527+0700] {processor.py:179} INFO - Processing /home/phuc/Practice/DataScience/DSProject/venv/lib/python3.10/site-packages/airflow/example_dags/example_python_operator.py took 0.056 seconds
[2023-12-17T08:28:51.868+0700] {processor.py:157} INFO - Started process (PID=321069) to work on /home/phuc/Practice/DataScience/DSProject/venv/lib/python3.10/site-packages/airflow/example_dags/example_python_operator.py
[2023-12-17T08:28:51.874+0700] {processor.py:829} INFO - Processing file /home/phuc/Practice/DataScience/DSProject/venv/lib/python3.10/site-packages/airflow/example_dags/example_python_operator.py for tasks to queue
[2023-12-17T08:28:51.876+0700] {logging_mixin.py:154} INFO - [2023-12-17T08:28:51.875+0700] {dagbag.py:536} INFO - Filling up the DagBag from /home/phuc/Practice/DataScience/DSProject/venv/lib/python3.10/site-packages/airflow/example_dags/example_python_operator.py
[2023-12-17T08:28:51.889+0700] {processor.py:839} INFO - DAG(s) dict_keys(['example_python_operator']) retrieved from /home/phuc/Practice/DataScience/DSProject/venv/lib/python3.10/site-packages/airflow/example_dags/example_python_operator.py
[2023-12-17T08:28:51.900+0700] {logging_mixin.py:154} INFO - [2023-12-17T08:28:51.900+0700] {dag.py:2941} INFO - Sync 1 DAGs
[2023-12-17T08:28:51.906+0700] {logging_mixin.py:154} INFO - [2023-12-17T08:28:51.906+0700] {dag.py:3722} INFO - Setting next_dagrun for example_python_operator to None, run_after=None
[2023-12-17T08:28:51.918+0700] {processor.py:179} INFO - Processing /home/phuc/Practice/DataScience/DSProject/venv/lib/python3.10/site-packages/airflow/example_dags/example_python_operator.py took 0.053 seconds
[2023-12-17T08:29:27.249+0700] {processor.py:157} INFO - Started process (PID=321227) to work on /home/phuc/Practice/DataScience/DSProject/venv/lib/python3.10/site-packages/airflow/example_dags/example_python_operator.py
[2023-12-17T08:29:27.256+0700] {processor.py:829} INFO - Processing file /home/phuc/Practice/DataScience/DSProject/venv/lib/python3.10/site-packages/airflow/example_dags/example_python_operator.py for tasks to queue
[2023-12-17T08:29:27.258+0700] {logging_mixin.py:154} INFO - [2023-12-17T08:29:27.257+0700] {dagbag.py:536} INFO - Filling up the DagBag from /home/phuc/Practice/DataScience/DSProject/venv/lib/python3.10/site-packages/airflow/example_dags/example_python_operator.py
[2023-12-17T08:29:27.265+0700] {processor.py:839} INFO - DAG(s) dict_keys(['example_python_operator']) retrieved from /home/phuc/Practice/DataScience/DSProject/venv/lib/python3.10/site-packages/airflow/example_dags/example_python_operator.py
[2023-12-17T08:29:27.274+0700] {logging_mixin.py:154} INFO - [2023-12-17T08:29:27.274+0700] {dag.py:2941} INFO - Sync 1 DAGs
[2023-12-17T08:29:27.279+0700] {logging_mixin.py:154} INFO - [2023-12-17T08:29:27.279+0700] {dag.py:3722} INFO - Setting next_dagrun for example_python_operator to None, run_after=None
[2023-12-17T08:29:27.289+0700] {processor.py:179} INFO - Processing /home/phuc/Practice/DataScience/DSProject/venv/lib/python3.10/site-packages/airflow/example_dags/example_python_operator.py took 0.042 seconds
[2023-12-17T08:30:01.613+0700] {processor.py:157} INFO - Started process (PID=321385) to work on /home/phuc/Practice/DataScience/DSProject/venv/lib/python3.10/site-packages/airflow/example_dags/example_python_operator.py
[2023-12-17T08:30:01.621+0700] {processor.py:829} INFO - Processing file /home/phuc/Practice/DataScience/DSProject/venv/lib/python3.10/site-packages/airflow/example_dags/example_python_operator.py for tasks to queue
[2023-12-17T08:30:01.622+0700] {logging_mixin.py:154} INFO - [2023-12-17T08:30:01.621+0700] {dagbag.py:536} INFO - Filling up the DagBag from /home/phuc/Practice/DataScience/DSProject/venv/lib/python3.10/site-packages/airflow/example_dags/example_python_operator.py
[2023-12-17T08:30:01.635+0700] {processor.py:839} INFO - DAG(s) dict_keys(['example_python_operator']) retrieved from /home/phuc/Practice/DataScience/DSProject/venv/lib/python3.10/site-packages/airflow/example_dags/example_python_operator.py
[2023-12-17T08:30:01.645+0700] {logging_mixin.py:154} INFO - [2023-12-17T08:30:01.644+0700] {dag.py:2941} INFO - Sync 1 DAGs
[2023-12-17T08:30:01.650+0700] {logging_mixin.py:154} INFO - [2023-12-17T08:30:01.650+0700] {dag.py:3722} INFO - Setting next_dagrun for example_python_operator to None, run_after=None
[2023-12-17T08:30:01.659+0700] {processor.py:179} INFO - Processing /home/phuc/Practice/DataScience/DSProject/venv/lib/python3.10/site-packages/airflow/example_dags/example_python_operator.py took 0.049 seconds
[2023-12-17T08:30:50.719+0700] {processor.py:157} INFO - Started process (PID=321627) to work on /home/phuc/Practice/DataScience/DSProject/venv/lib/python3.10/site-packages/airflow/example_dags/example_python_operator.py
[2023-12-17T08:30:50.720+0700] {processor.py:829} INFO - Processing file /home/phuc/Practice/DataScience/DSProject/venv/lib/python3.10/site-packages/airflow/example_dags/example_python_operator.py for tasks to queue
[2023-12-17T08:30:50.721+0700] {logging_mixin.py:154} INFO - [2023-12-17T08:30:50.721+0700] {dagbag.py:536} INFO - Filling up the DagBag from /home/phuc/Practice/DataScience/DSProject/venv/lib/python3.10/site-packages/airflow/example_dags/example_python_operator.py
[2023-12-17T08:30:50.729+0700] {processor.py:839} INFO - DAG(s) dict_keys(['example_python_operator']) retrieved from /home/phuc/Practice/DataScience/DSProject/venv/lib/python3.10/site-packages/airflow/example_dags/example_python_operator.py
[2023-12-17T08:30:50.737+0700] {logging_mixin.py:154} INFO - [2023-12-17T08:30:50.737+0700] {dag.py:2941} INFO - Sync 1 DAGs
[2023-12-17T08:30:50.743+0700] {logging_mixin.py:154} INFO - [2023-12-17T08:30:50.742+0700] {dag.py:3722} INFO - Setting next_dagrun for example_python_operator to None, run_after=None
[2023-12-17T08:30:50.752+0700] {processor.py:179} INFO - Processing /home/phuc/Practice/DataScience/DSProject/venv/lib/python3.10/site-packages/airflow/example_dags/example_python_operator.py took 0.036 seconds
[2023-12-17T08:31:25.884+0700] {processor.py:157} INFO - Started process (PID=321879) to work on /home/phuc/Practice/DataScience/DSProject/venv/lib/python3.10/site-packages/airflow/example_dags/example_python_operator.py
[2023-12-17T08:31:25.892+0700] {processor.py:829} INFO - Processing file /home/phuc/Practice/DataScience/DSProject/venv/lib/python3.10/site-packages/airflow/example_dags/example_python_operator.py for tasks to queue
[2023-12-17T08:31:25.893+0700] {logging_mixin.py:154} INFO - [2023-12-17T08:31:25.893+0700] {dagbag.py:536} INFO - Filling up the DagBag from /home/phuc/Practice/DataScience/DSProject/venv/lib/python3.10/site-packages/airflow/example_dags/example_python_operator.py
[2023-12-17T08:31:25.905+0700] {processor.py:839} INFO - DAG(s) dict_keys(['example_python_operator']) retrieved from /home/phuc/Practice/DataScience/DSProject/venv/lib/python3.10/site-packages/airflow/example_dags/example_python_operator.py
[2023-12-17T08:31:25.915+0700] {logging_mixin.py:154} INFO - [2023-12-17T08:31:25.915+0700] {dag.py:2941} INFO - Sync 1 DAGs
[2023-12-17T08:31:25.921+0700] {logging_mixin.py:154} INFO - [2023-12-17T08:31:25.921+0700] {dag.py:3722} INFO - Setting next_dagrun for example_python_operator to None, run_after=None
[2023-12-17T08:31:25.932+0700] {processor.py:179} INFO - Processing /home/phuc/Practice/DataScience/DSProject/venv/lib/python3.10/site-packages/airflow/example_dags/example_python_operator.py took 0.052 seconds
[2023-12-17T08:32:24.338+0700] {processor.py:157} INFO - Started process (PID=322834) to work on /home/phuc/Practice/DataScience/DSProject/venv/lib/python3.10/site-packages/airflow/example_dags/example_python_operator.py
[2023-12-17T08:32:24.339+0700] {processor.py:829} INFO - Processing file /home/phuc/Practice/DataScience/DSProject/venv/lib/python3.10/site-packages/airflow/example_dags/example_python_operator.py for tasks to queue
[2023-12-17T08:32:24.340+0700] {logging_mixin.py:154} INFO - [2023-12-17T08:32:24.340+0700] {dagbag.py:536} INFO - Filling up the DagBag from /home/phuc/Practice/DataScience/DSProject/venv/lib/python3.10/site-packages/airflow/example_dags/example_python_operator.py
[2023-12-17T08:32:24.345+0700] {processor.py:839} INFO - DAG(s) dict_keys(['example_python_operator']) retrieved from /home/phuc/Practice/DataScience/DSProject/venv/lib/python3.10/site-packages/airflow/example_dags/example_python_operator.py
[2023-12-17T08:32:24.354+0700] {logging_mixin.py:154} INFO - [2023-12-17T08:32:24.354+0700] {dag.py:2941} INFO - Sync 1 DAGs
[2023-12-17T08:32:24.359+0700] {logging_mixin.py:154} INFO - [2023-12-17T08:32:24.359+0700] {dag.py:3722} INFO - Setting next_dagrun for example_python_operator to None, run_after=None
[2023-12-17T08:32:24.369+0700] {processor.py:179} INFO - Processing /home/phuc/Practice/DataScience/DSProject/venv/lib/python3.10/site-packages/airflow/example_dags/example_python_operator.py took 0.033 seconds
[2023-12-17T08:33:08.817+0700] {processor.py:157} INFO - Started process (PID=323104) to work on /home/phuc/Practice/DataScience/DSProject/venv/lib/python3.10/site-packages/airflow/example_dags/example_python_operator.py
[2023-12-17T08:33:08.818+0700] {processor.py:829} INFO - Processing file /home/phuc/Practice/DataScience/DSProject/venv/lib/python3.10/site-packages/airflow/example_dags/example_python_operator.py for tasks to queue
[2023-12-17T08:33:08.818+0700] {logging_mixin.py:154} INFO - [2023-12-17T08:33:08.818+0700] {dagbag.py:536} INFO - Filling up the DagBag from /home/phuc/Practice/DataScience/DSProject/venv/lib/python3.10/site-packages/airflow/example_dags/example_python_operator.py
[2023-12-17T08:33:08.823+0700] {processor.py:839} INFO - DAG(s) dict_keys(['example_python_operator']) retrieved from /home/phuc/Practice/DataScience/DSProject/venv/lib/python3.10/site-packages/airflow/example_dags/example_python_operator.py
[2023-12-17T08:33:08.832+0700] {logging_mixin.py:154} INFO - [2023-12-17T08:33:08.832+0700] {dag.py:2941} INFO - Sync 1 DAGs
[2023-12-17T08:33:08.837+0700] {logging_mixin.py:154} INFO - [2023-12-17T08:33:08.837+0700] {dag.py:3722} INFO - Setting next_dagrun for example_python_operator to None, run_after=None
[2023-12-17T08:33:08.847+0700] {processor.py:179} INFO - Processing /home/phuc/Practice/DataScience/DSProject/venv/lib/python3.10/site-packages/airflow/example_dags/example_python_operator.py took 0.031 seconds
[2023-12-17T08:34:01.142+0700] {processor.py:157} INFO - Started process (PID=323376) to work on /home/phuc/Practice/DataScience/DSProject/venv/lib/python3.10/site-packages/airflow/example_dags/example_python_operator.py
[2023-12-17T08:34:01.149+0700] {processor.py:829} INFO - Processing file /home/phuc/Practice/DataScience/DSProject/venv/lib/python3.10/site-packages/airflow/example_dags/example_python_operator.py for tasks to queue
[2023-12-17T08:34:01.150+0700] {logging_mixin.py:154} INFO - [2023-12-17T08:34:01.149+0700] {dagbag.py:536} INFO - Filling up the DagBag from /home/phuc/Practice/DataScience/DSProject/venv/lib/python3.10/site-packages/airflow/example_dags/example_python_operator.py
[2023-12-17T08:34:01.163+0700] {processor.py:839} INFO - DAG(s) dict_keys(['example_python_operator']) retrieved from /home/phuc/Practice/DataScience/DSProject/venv/lib/python3.10/site-packages/airflow/example_dags/example_python_operator.py
[2023-12-17T08:34:01.173+0700] {logging_mixin.py:154} INFO - [2023-12-17T08:34:01.173+0700] {dag.py:2941} INFO - Sync 1 DAGs
[2023-12-17T08:34:01.178+0700] {logging_mixin.py:154} INFO - [2023-12-17T08:34:01.178+0700] {dag.py:3722} INFO - Setting next_dagrun for example_python_operator to None, run_after=None
[2023-12-17T08:34:01.187+0700] {processor.py:179} INFO - Processing /home/phuc/Practice/DataScience/DSProject/venv/lib/python3.10/site-packages/airflow/example_dags/example_python_operator.py took 0.048 seconds
[2023-12-17T08:34:38.917+0700] {processor.py:157} INFO - Started process (PID=323721) to work on /home/phuc/Practice/DataScience/DSProject/venv/lib/python3.10/site-packages/airflow/example_dags/example_python_operator.py
[2023-12-17T08:34:38.924+0700] {processor.py:829} INFO - Processing file /home/phuc/Practice/DataScience/DSProject/venv/lib/python3.10/site-packages/airflow/example_dags/example_python_operator.py for tasks to queue
[2023-12-17T08:34:38.924+0700] {logging_mixin.py:154} INFO - [2023-12-17T08:34:38.924+0700] {dagbag.py:536} INFO - Filling up the DagBag from /home/phuc/Practice/DataScience/DSProject/venv/lib/python3.10/site-packages/airflow/example_dags/example_python_operator.py
[2023-12-17T08:34:38.930+0700] {processor.py:839} INFO - DAG(s) dict_keys(['example_python_operator']) retrieved from /home/phuc/Practice/DataScience/DSProject/venv/lib/python3.10/site-packages/airflow/example_dags/example_python_operator.py
[2023-12-17T08:34:38.940+0700] {logging_mixin.py:154} INFO - [2023-12-17T08:34:38.940+0700] {dag.py:2941} INFO - Sync 1 DAGs
[2023-12-17T08:34:38.947+0700] {logging_mixin.py:154} INFO - [2023-12-17T08:34:38.946+0700] {dag.py:3722} INFO - Setting next_dagrun for example_python_operator to None, run_after=None
[2023-12-17T08:34:38.958+0700] {processor.py:179} INFO - Processing /home/phuc/Practice/DataScience/DSProject/venv/lib/python3.10/site-packages/airflow/example_dags/example_python_operator.py took 0.043 seconds
[2023-12-17T08:35:28.948+0700] {processor.py:157} INFO - Started process (PID=324086) to work on /home/phuc/Practice/DataScience/DSProject/venv/lib/python3.10/site-packages/airflow/example_dags/example_python_operator.py
[2023-12-17T08:35:28.955+0700] {processor.py:829} INFO - Processing file /home/phuc/Practice/DataScience/DSProject/venv/lib/python3.10/site-packages/airflow/example_dags/example_python_operator.py for tasks to queue
[2023-12-17T08:35:28.957+0700] {logging_mixin.py:154} INFO - [2023-12-17T08:35:28.956+0700] {dagbag.py:536} INFO - Filling up the DagBag from /home/phuc/Practice/DataScience/DSProject/venv/lib/python3.10/site-packages/airflow/example_dags/example_python_operator.py
[2023-12-17T08:35:28.970+0700] {processor.py:839} INFO - DAG(s) dict_keys(['example_python_operator']) retrieved from /home/phuc/Practice/DataScience/DSProject/venv/lib/python3.10/site-packages/airflow/example_dags/example_python_operator.py
[2023-12-17T08:35:28.980+0700] {logging_mixin.py:154} INFO - [2023-12-17T08:35:28.980+0700] {dag.py:2941} INFO - Sync 1 DAGs
[2023-12-17T08:35:28.985+0700] {logging_mixin.py:154} INFO - [2023-12-17T08:35:28.985+0700] {dag.py:3722} INFO - Setting next_dagrun for example_python_operator to None, run_after=None
[2023-12-17T08:35:28.995+0700] {processor.py:179} INFO - Processing /home/phuc/Practice/DataScience/DSProject/venv/lib/python3.10/site-packages/airflow/example_dags/example_python_operator.py took 0.049 seconds
