[2023-12-17T08:03:05.901+0700] {processor.py:157} INFO - Started process (PID=309598) to work on /home/phuc/Practice/DataScience/DSProject/venv/lib/python3.10/site-packages/airflow/example_dags/example_skip_dag.py
[2023-12-17T08:03:05.902+0700] {processor.py:829} INFO - Processing file /home/phuc/Practice/DataScience/DSProject/venv/lib/python3.10/site-packages/airflow/example_dags/example_skip_dag.py for tasks to queue
[2023-12-17T08:03:05.903+0700] {logging_mixin.py:154} INFO - [2023-12-17T08:03:05.903+0700] {dagbag.py:536} INFO - Filling up the DagBag from /home/phuc/Practice/DataScience/DSProject/venv/lib/python3.10/site-packages/airflow/example_dags/example_skip_dag.py
[2023-12-17T08:03:05.915+0700] {processor.py:839} INFO - DAG(s) dict_keys(['example_skip_dag']) retrieved from /home/phuc/Practice/DataScience/DSProject/venv/lib/python3.10/site-packages/airflow/example_dags/example_skip_dag.py
[2023-12-17T08:03:05.982+0700] {logging_mixin.py:154} INFO - [2023-12-17T08:03:05.982+0700] {manager.py:499} INFO - Created Permission View: %s
[2023-12-17T08:03:05.993+0700] {logging_mixin.py:154} INFO - [2023-12-17T08:03:05.993+0700] {manager.py:499} INFO - Created Permission View: %s
[2023-12-17T08:03:06.000+0700] {logging_mixin.py:154} INFO - [2023-12-17T08:03:06.000+0700] {manager.py:499} INFO - Created Permission View: %s
[2023-12-17T08:03:06.000+0700] {logging_mixin.py:154} INFO - [2023-12-17T08:03:06.000+0700] {dag.py:2941} INFO - Sync 1 DAGs
[2023-12-17T08:03:06.008+0700] {logging_mixin.py:154} INFO - [2023-12-17T08:03:06.008+0700] {dag.py:2963} INFO - Creating ORM DAG for example_skip_dag
[2023-12-17T08:03:06.013+0700] {logging_mixin.py:154} INFO - [2023-12-17T08:03:06.013+0700] {dag.py:3722} INFO - Setting next_dagrun for example_skip_dag to 2023-12-16T01:03:06.013426+00:00, run_after=2023-12-17T01:03:06.013426+00:00
[2023-12-17T08:03:06.025+0700] {processor.py:179} INFO - Processing /home/phuc/Practice/DataScience/DSProject/venv/lib/python3.10/site-packages/airflow/example_dags/example_skip_dag.py took 0.126 seconds
[2023-12-17T08:05:22.445+0700] {processor.py:157} INFO - Started process (PID=310827) to work on /home/phuc/Practice/DataScience/DSProject/venv/lib/python3.10/site-packages/airflow/example_dags/example_skip_dag.py
[2023-12-17T08:05:22.452+0700] {processor.py:829} INFO - Processing file /home/phuc/Practice/DataScience/DSProject/venv/lib/python3.10/site-packages/airflow/example_dags/example_skip_dag.py for tasks to queue
[2023-12-17T08:05:22.452+0700] {logging_mixin.py:154} INFO - [2023-12-17T08:05:22.452+0700] {dagbag.py:536} INFO - Filling up the DagBag from /home/phuc/Practice/DataScience/DSProject/venv/lib/python3.10/site-packages/airflow/example_dags/example_skip_dag.py
[2023-12-17T08:05:22.457+0700] {processor.py:839} INFO - DAG(s) dict_keys(['example_skip_dag']) retrieved from /home/phuc/Practice/DataScience/DSProject/venv/lib/python3.10/site-packages/airflow/example_dags/example_skip_dag.py
[2023-12-17T08:05:22.475+0700] {logging_mixin.py:154} INFO - [2023-12-17T08:05:22.475+0700] {dag.py:2941} INFO - Sync 1 DAGs
[2023-12-17T08:05:22.488+0700] {logging_mixin.py:154} INFO - [2023-12-17T08:05:22.487+0700] {dag.py:3722} INFO - Setting next_dagrun for example_skip_dag to 2023-12-16T01:05:22.487685+00:00, run_after=2023-12-17T01:05:22.487685+00:00
[2023-12-17T08:05:22.502+0700] {processor.py:179} INFO - Processing /home/phuc/Practice/DataScience/DSProject/venv/lib/python3.10/site-packages/airflow/example_dags/example_skip_dag.py took 0.060 seconds
[2023-12-17T08:06:10.911+0700] {processor.py:157} INFO - Started process (PID=311324) to work on /home/phuc/Practice/DataScience/DSProject/venv/lib/python3.10/site-packages/airflow/example_dags/example_skip_dag.py
[2023-12-17T08:06:10.918+0700] {processor.py:829} INFO - Processing file /home/phuc/Practice/DataScience/DSProject/venv/lib/python3.10/site-packages/airflow/example_dags/example_skip_dag.py for tasks to queue
[2023-12-17T08:06:10.919+0700] {logging_mixin.py:154} INFO - [2023-12-17T08:06:10.919+0700] {dagbag.py:536} INFO - Filling up the DagBag from /home/phuc/Practice/DataScience/DSProject/venv/lib/python3.10/site-packages/airflow/example_dags/example_skip_dag.py
[2023-12-17T08:06:10.923+0700] {processor.py:839} INFO - DAG(s) dict_keys(['example_skip_dag']) retrieved from /home/phuc/Practice/DataScience/DSProject/venv/lib/python3.10/site-packages/airflow/example_dags/example_skip_dag.py
[2023-12-17T08:06:10.936+0700] {logging_mixin.py:154} INFO - [2023-12-17T08:06:10.936+0700] {dag.py:2941} INFO - Sync 1 DAGs
[2023-12-17T08:06:10.948+0700] {logging_mixin.py:154} INFO - [2023-12-17T08:06:10.948+0700] {dag.py:3722} INFO - Setting next_dagrun for example_skip_dag to 2023-12-16T01:06:10.948248+00:00, run_after=2023-12-17T01:06:10.948248+00:00
[2023-12-17T08:06:10.965+0700] {processor.py:179} INFO - Processing /home/phuc/Practice/DataScience/DSProject/venv/lib/python3.10/site-packages/airflow/example_dags/example_skip_dag.py took 0.055 seconds
[2023-12-17T08:06:48.503+0700] {processor.py:157} INFO - Started process (PID=311747) to work on /home/phuc/Practice/DataScience/DSProject/venv/lib/python3.10/site-packages/airflow/example_dags/example_skip_dag.py
[2023-12-17T08:06:48.510+0700] {processor.py:829} INFO - Processing file /home/phuc/Practice/DataScience/DSProject/venv/lib/python3.10/site-packages/airflow/example_dags/example_skip_dag.py for tasks to queue
[2023-12-17T08:06:48.510+0700] {logging_mixin.py:154} INFO - [2023-12-17T08:06:48.510+0700] {dagbag.py:536} INFO - Filling up the DagBag from /home/phuc/Practice/DataScience/DSProject/venv/lib/python3.10/site-packages/airflow/example_dags/example_skip_dag.py
[2023-12-17T08:06:48.515+0700] {processor.py:839} INFO - DAG(s) dict_keys(['example_skip_dag']) retrieved from /home/phuc/Practice/DataScience/DSProject/venv/lib/python3.10/site-packages/airflow/example_dags/example_skip_dag.py
[2023-12-17T08:06:48.527+0700] {logging_mixin.py:154} INFO - [2023-12-17T08:06:48.527+0700] {dag.py:2941} INFO - Sync 1 DAGs
[2023-12-17T08:06:48.540+0700] {logging_mixin.py:154} INFO - [2023-12-17T08:06:48.540+0700] {dag.py:3722} INFO - Setting next_dagrun for example_skip_dag to 2023-12-16T01:06:48.540224+00:00, run_after=2023-12-17T01:06:48.540224+00:00
[2023-12-17T08:06:48.557+0700] {processor.py:179} INFO - Processing /home/phuc/Practice/DataScience/DSProject/venv/lib/python3.10/site-packages/airflow/example_dags/example_skip_dag.py took 0.056 seconds
[2023-12-17T08:07:23.838+0700] {processor.py:157} INFO - Started process (PID=312115) to work on /home/phuc/Practice/DataScience/DSProject/venv/lib/python3.10/site-packages/airflow/example_dags/example_skip_dag.py
[2023-12-17T08:07:23.839+0700] {processor.py:829} INFO - Processing file /home/phuc/Practice/DataScience/DSProject/venv/lib/python3.10/site-packages/airflow/example_dags/example_skip_dag.py for tasks to queue
[2023-12-17T08:07:23.839+0700] {logging_mixin.py:154} INFO - [2023-12-17T08:07:23.839+0700] {dagbag.py:536} INFO - Filling up the DagBag from /home/phuc/Practice/DataScience/DSProject/venv/lib/python3.10/site-packages/airflow/example_dags/example_skip_dag.py
[2023-12-17T08:07:23.844+0700] {processor.py:839} INFO - DAG(s) dict_keys(['example_skip_dag']) retrieved from /home/phuc/Practice/DataScience/DSProject/venv/lib/python3.10/site-packages/airflow/example_dags/example_skip_dag.py
[2023-12-17T08:07:23.859+0700] {logging_mixin.py:154} INFO - [2023-12-17T08:07:23.859+0700] {dag.py:2941} INFO - Sync 1 DAGs
[2023-12-17T08:07:23.874+0700] {logging_mixin.py:154} INFO - [2023-12-17T08:07:23.873+0700] {dag.py:3722} INFO - Setting next_dagrun for example_skip_dag to 2023-12-16T01:07:23.873607+00:00, run_after=2023-12-17T01:07:23.873607+00:00
[2023-12-17T08:07:23.891+0700] {processor.py:179} INFO - Processing /home/phuc/Practice/DataScience/DSProject/venv/lib/python3.10/site-packages/airflow/example_dags/example_skip_dag.py took 0.055 seconds
[2023-12-17T08:08:20.745+0700] {processor.py:157} INFO - Started process (PID=313059) to work on /home/phuc/Practice/DataScience/DSProject/venv/lib/python3.10/site-packages/airflow/example_dags/example_skip_dag.py
[2023-12-17T08:08:20.752+0700] {processor.py:829} INFO - Processing file /home/phuc/Practice/DataScience/DSProject/venv/lib/python3.10/site-packages/airflow/example_dags/example_skip_dag.py for tasks to queue
[2023-12-17T08:08:20.753+0700] {logging_mixin.py:154} INFO - [2023-12-17T08:08:20.753+0700] {dagbag.py:536} INFO - Filling up the DagBag from /home/phuc/Practice/DataScience/DSProject/venv/lib/python3.10/site-packages/airflow/example_dags/example_skip_dag.py
[2023-12-17T08:08:20.762+0700] {processor.py:839} INFO - DAG(s) dict_keys(['example_skip_dag']) retrieved from /home/phuc/Practice/DataScience/DSProject/venv/lib/python3.10/site-packages/airflow/example_dags/example_skip_dag.py
[2023-12-17T08:08:20.774+0700] {logging_mixin.py:154} INFO - [2023-12-17T08:08:20.774+0700] {dag.py:2941} INFO - Sync 1 DAGs
[2023-12-17T08:08:20.783+0700] {logging_mixin.py:154} INFO - [2023-12-17T08:08:20.783+0700] {dag.py:3722} INFO - Setting next_dagrun for example_skip_dag to 2023-12-16T01:08:20.783710+00:00, run_after=2023-12-17T01:08:20.783710+00:00
[2023-12-17T08:08:20.795+0700] {processor.py:179} INFO - Processing /home/phuc/Practice/DataScience/DSProject/venv/lib/python3.10/site-packages/airflow/example_dags/example_skip_dag.py took 0.053 seconds
[2023-12-17T08:08:59.950+0700] {processor.py:157} INFO - Started process (PID=313295) to work on /home/phuc/Practice/DataScience/DSProject/venv/lib/python3.10/site-packages/airflow/example_dags/example_skip_dag.py
[2023-12-17T08:08:59.957+0700] {processor.py:829} INFO - Processing file /home/phuc/Practice/DataScience/DSProject/venv/lib/python3.10/site-packages/airflow/example_dags/example_skip_dag.py for tasks to queue
[2023-12-17T08:08:59.958+0700] {logging_mixin.py:154} INFO - [2023-12-17T08:08:59.958+0700] {dagbag.py:536} INFO - Filling up the DagBag from /home/phuc/Practice/DataScience/DSProject/venv/lib/python3.10/site-packages/airflow/example_dags/example_skip_dag.py
[2023-12-17T08:08:59.962+0700] {processor.py:839} INFO - DAG(s) dict_keys(['example_skip_dag']) retrieved from /home/phuc/Practice/DataScience/DSProject/venv/lib/python3.10/site-packages/airflow/example_dags/example_skip_dag.py
[2023-12-17T08:08:59.974+0700] {logging_mixin.py:154} INFO - [2023-12-17T08:08:59.974+0700] {dag.py:2941} INFO - Sync 1 DAGs
[2023-12-17T08:08:59.985+0700] {logging_mixin.py:154} INFO - [2023-12-17T08:08:59.985+0700] {dag.py:3722} INFO - Setting next_dagrun for example_skip_dag to 2023-12-16T01:08:59.984979+00:00, run_after=2023-12-17T01:08:59.984979+00:00
[2023-12-17T08:08:59.999+0700] {processor.py:179} INFO - Processing /home/phuc/Practice/DataScience/DSProject/venv/lib/python3.10/site-packages/airflow/example_dags/example_skip_dag.py took 0.050 seconds
[2023-12-17T08:09:34.194+0700] {processor.py:157} INFO - Started process (PID=313494) to work on /home/phuc/Practice/DataScience/DSProject/venv/lib/python3.10/site-packages/airflow/example_dags/example_skip_dag.py
[2023-12-17T08:09:34.202+0700] {processor.py:829} INFO - Processing file /home/phuc/Practice/DataScience/DSProject/venv/lib/python3.10/site-packages/airflow/example_dags/example_skip_dag.py for tasks to queue
[2023-12-17T08:09:34.203+0700] {logging_mixin.py:154} INFO - [2023-12-17T08:09:34.203+0700] {dagbag.py:536} INFO - Filling up the DagBag from /home/phuc/Practice/DataScience/DSProject/venv/lib/python3.10/site-packages/airflow/example_dags/example_skip_dag.py
[2023-12-17T08:09:34.211+0700] {processor.py:839} INFO - DAG(s) dict_keys(['example_skip_dag']) retrieved from /home/phuc/Practice/DataScience/DSProject/venv/lib/python3.10/site-packages/airflow/example_dags/example_skip_dag.py
[2023-12-17T08:09:34.226+0700] {logging_mixin.py:154} INFO - [2023-12-17T08:09:34.226+0700] {dag.py:2941} INFO - Sync 1 DAGs
[2023-12-17T08:09:34.240+0700] {logging_mixin.py:154} INFO - [2023-12-17T08:09:34.240+0700] {dag.py:3722} INFO - Setting next_dagrun for example_skip_dag to 2023-12-16T01:09:34.239898+00:00, run_after=2023-12-17T01:09:34.239898+00:00
[2023-12-17T08:09:34.255+0700] {processor.py:179} INFO - Processing /home/phuc/Practice/DataScience/DSProject/venv/lib/python3.10/site-packages/airflow/example_dags/example_skip_dag.py took 0.064 seconds
[2023-12-17T08:10:21.110+0700] {processor.py:157} INFO - Started process (PID=313840) to work on /home/phuc/Practice/DataScience/DSProject/venv/lib/python3.10/site-packages/airflow/example_dags/example_skip_dag.py
[2023-12-17T08:10:21.117+0700] {processor.py:829} INFO - Processing file /home/phuc/Practice/DataScience/DSProject/venv/lib/python3.10/site-packages/airflow/example_dags/example_skip_dag.py for tasks to queue
[2023-12-17T08:10:21.117+0700] {logging_mixin.py:154} INFO - [2023-12-17T08:10:21.117+0700] {dagbag.py:536} INFO - Filling up the DagBag from /home/phuc/Practice/DataScience/DSProject/venv/lib/python3.10/site-packages/airflow/example_dags/example_skip_dag.py
[2023-12-17T08:10:21.122+0700] {processor.py:839} INFO - DAG(s) dict_keys(['example_skip_dag']) retrieved from /home/phuc/Practice/DataScience/DSProject/venv/lib/python3.10/site-packages/airflow/example_dags/example_skip_dag.py
[2023-12-17T08:10:21.135+0700] {logging_mixin.py:154} INFO - [2023-12-17T08:10:21.135+0700] {dag.py:2941} INFO - Sync 1 DAGs
[2023-12-17T08:10:21.144+0700] {logging_mixin.py:154} INFO - [2023-12-17T08:10:21.144+0700] {dag.py:3722} INFO - Setting next_dagrun for example_skip_dag to 2023-12-16T01:10:21.144116+00:00, run_after=2023-12-17T01:10:21.144116+00:00
[2023-12-17T08:10:21.156+0700] {processor.py:179} INFO - Processing /home/phuc/Practice/DataScience/DSProject/venv/lib/python3.10/site-packages/airflow/example_dags/example_skip_dag.py took 0.049 seconds
[2023-12-17T08:10:54.882+0700] {processor.py:157} INFO - Started process (PID=313991) to work on /home/phuc/Practice/DataScience/DSProject/venv/lib/python3.10/site-packages/airflow/example_dags/example_skip_dag.py
[2023-12-17T08:10:54.889+0700] {processor.py:829} INFO - Processing file /home/phuc/Practice/DataScience/DSProject/venv/lib/python3.10/site-packages/airflow/example_dags/example_skip_dag.py for tasks to queue
[2023-12-17T08:10:54.890+0700] {logging_mixin.py:154} INFO - [2023-12-17T08:10:54.890+0700] {dagbag.py:536} INFO - Filling up the DagBag from /home/phuc/Practice/DataScience/DSProject/venv/lib/python3.10/site-packages/airflow/example_dags/example_skip_dag.py
[2023-12-17T08:10:54.899+0700] {processor.py:839} INFO - DAG(s) dict_keys(['example_skip_dag']) retrieved from /home/phuc/Practice/DataScience/DSProject/venv/lib/python3.10/site-packages/airflow/example_dags/example_skip_dag.py
[2023-12-17T08:10:54.912+0700] {logging_mixin.py:154} INFO - [2023-12-17T08:10:54.912+0700] {dag.py:2941} INFO - Sync 1 DAGs
[2023-12-17T08:10:54.922+0700] {logging_mixin.py:154} INFO - [2023-12-17T08:10:54.921+0700] {dag.py:3722} INFO - Setting next_dagrun for example_skip_dag to 2023-12-16T01:10:54.921864+00:00, run_after=2023-12-17T01:10:54.921864+00:00
[2023-12-17T08:10:54.933+0700] {processor.py:179} INFO - Processing /home/phuc/Practice/DataScience/DSProject/venv/lib/python3.10/site-packages/airflow/example_dags/example_skip_dag.py took 0.054 seconds
[2023-12-17T08:11:41.116+0700] {processor.py:157} INFO - Started process (PID=314219) to work on /home/phuc/Practice/DataScience/DSProject/venv/lib/python3.10/site-packages/airflow/example_dags/example_skip_dag.py
[2023-12-17T08:11:41.123+0700] {processor.py:829} INFO - Processing file /home/phuc/Practice/DataScience/DSProject/venv/lib/python3.10/site-packages/airflow/example_dags/example_skip_dag.py for tasks to queue
[2023-12-17T08:11:41.124+0700] {logging_mixin.py:154} INFO - [2023-12-17T08:11:41.124+0700] {dagbag.py:536} INFO - Filling up the DagBag from /home/phuc/Practice/DataScience/DSProject/venv/lib/python3.10/site-packages/airflow/example_dags/example_skip_dag.py
[2023-12-17T08:11:41.130+0700] {processor.py:839} INFO - DAG(s) dict_keys(['example_skip_dag']) retrieved from /home/phuc/Practice/DataScience/DSProject/venv/lib/python3.10/site-packages/airflow/example_dags/example_skip_dag.py
[2023-12-17T08:11:41.151+0700] {logging_mixin.py:154} INFO - [2023-12-17T08:11:41.151+0700] {dag.py:2941} INFO - Sync 1 DAGs
[2023-12-17T08:11:41.171+0700] {logging_mixin.py:154} INFO - [2023-12-17T08:11:41.171+0700] {dag.py:3722} INFO - Setting next_dagrun for example_skip_dag to 2023-12-16T01:11:41.170805+00:00, run_after=2023-12-17T01:11:41.170805+00:00
[2023-12-17T08:11:41.194+0700] {processor.py:179} INFO - Processing /home/phuc/Practice/DataScience/DSProject/venv/lib/python3.10/site-packages/airflow/example_dags/example_skip_dag.py took 0.082 seconds
[2023-12-17T08:12:16.126+0700] {processor.py:157} INFO - Started process (PID=314383) to work on /home/phuc/Practice/DataScience/DSProject/venv/lib/python3.10/site-packages/airflow/example_dags/example_skip_dag.py
[2023-12-17T08:12:16.133+0700] {processor.py:829} INFO - Processing file /home/phuc/Practice/DataScience/DSProject/venv/lib/python3.10/site-packages/airflow/example_dags/example_skip_dag.py for tasks to queue
[2023-12-17T08:12:16.134+0700] {logging_mixin.py:154} INFO - [2023-12-17T08:12:16.134+0700] {dagbag.py:536} INFO - Filling up the DagBag from /home/phuc/Practice/DataScience/DSProject/venv/lib/python3.10/site-packages/airflow/example_dags/example_skip_dag.py
[2023-12-17T08:12:16.143+0700] {processor.py:839} INFO - DAG(s) dict_keys(['example_skip_dag']) retrieved from /home/phuc/Practice/DataScience/DSProject/venv/lib/python3.10/site-packages/airflow/example_dags/example_skip_dag.py
[2023-12-17T08:12:16.156+0700] {logging_mixin.py:154} INFO - [2023-12-17T08:12:16.156+0700] {dag.py:2941} INFO - Sync 1 DAGs
[2023-12-17T08:12:16.166+0700] {logging_mixin.py:154} INFO - [2023-12-17T08:12:16.165+0700] {dag.py:3722} INFO - Setting next_dagrun for example_skip_dag to 2023-12-16T01:12:16.165745+00:00, run_after=2023-12-17T01:12:16.165745+00:00
[2023-12-17T08:12:16.178+0700] {processor.py:179} INFO - Processing /home/phuc/Practice/DataScience/DSProject/venv/lib/python3.10/site-packages/airflow/example_dags/example_skip_dag.py took 0.055 seconds
[2023-12-17T08:12:50.707+0700] {processor.py:157} INFO - Started process (PID=314540) to work on /home/phuc/Practice/DataScience/DSProject/venv/lib/python3.10/site-packages/airflow/example_dags/example_skip_dag.py
[2023-12-17T08:12:50.714+0700] {processor.py:829} INFO - Processing file /home/phuc/Practice/DataScience/DSProject/venv/lib/python3.10/site-packages/airflow/example_dags/example_skip_dag.py for tasks to queue
[2023-12-17T08:12:50.716+0700] {logging_mixin.py:154} INFO - [2023-12-17T08:12:50.715+0700] {dagbag.py:536} INFO - Filling up the DagBag from /home/phuc/Practice/DataScience/DSProject/venv/lib/python3.10/site-packages/airflow/example_dags/example_skip_dag.py
[2023-12-17T08:12:50.725+0700] {processor.py:839} INFO - DAG(s) dict_keys(['example_skip_dag']) retrieved from /home/phuc/Practice/DataScience/DSProject/venv/lib/python3.10/site-packages/airflow/example_dags/example_skip_dag.py
[2023-12-17T08:12:50.737+0700] {logging_mixin.py:154} INFO - [2023-12-17T08:12:50.737+0700] {dag.py:2941} INFO - Sync 1 DAGs
[2023-12-17T08:12:50.746+0700] {logging_mixin.py:154} INFO - [2023-12-17T08:12:50.746+0700] {dag.py:3722} INFO - Setting next_dagrun for example_skip_dag to 2023-12-16T01:12:50.746342+00:00, run_after=2023-12-17T01:12:50.746342+00:00
[2023-12-17T08:12:50.757+0700] {processor.py:179} INFO - Processing /home/phuc/Practice/DataScience/DSProject/venv/lib/python3.10/site-packages/airflow/example_dags/example_skip_dag.py took 0.053 seconds
[2023-12-17T08:13:33.598+0700] {processor.py:157} INFO - Started process (PID=314782) to work on /home/phuc/Practice/DataScience/DSProject/venv/lib/python3.10/site-packages/airflow/example_dags/example_skip_dag.py
[2023-12-17T08:13:33.605+0700] {processor.py:829} INFO - Processing file /home/phuc/Practice/DataScience/DSProject/venv/lib/python3.10/site-packages/airflow/example_dags/example_skip_dag.py for tasks to queue
[2023-12-17T08:13:33.606+0700] {logging_mixin.py:154} INFO - [2023-12-17T08:13:33.606+0700] {dagbag.py:536} INFO - Filling up the DagBag from /home/phuc/Practice/DataScience/DSProject/venv/lib/python3.10/site-packages/airflow/example_dags/example_skip_dag.py
[2023-12-17T08:13:33.612+0700] {processor.py:839} INFO - DAG(s) dict_keys(['example_skip_dag']) retrieved from /home/phuc/Practice/DataScience/DSProject/venv/lib/python3.10/site-packages/airflow/example_dags/example_skip_dag.py
[2023-12-17T08:13:33.628+0700] {logging_mixin.py:154} INFO - [2023-12-17T08:13:33.627+0700] {dag.py:2941} INFO - Sync 1 DAGs
[2023-12-17T08:13:33.643+0700] {logging_mixin.py:154} INFO - [2023-12-17T08:13:33.642+0700] {dag.py:3722} INFO - Setting next_dagrun for example_skip_dag to 2023-12-16T01:13:33.642685+00:00, run_after=2023-12-17T01:13:33.642685+00:00
[2023-12-17T08:13:33.659+0700] {processor.py:179} INFO - Processing /home/phuc/Practice/DataScience/DSProject/venv/lib/python3.10/site-packages/airflow/example_dags/example_skip_dag.py took 0.064 seconds
[2023-12-17T08:14:07.878+0700] {processor.py:157} INFO - Started process (PID=314936) to work on /home/phuc/Practice/DataScience/DSProject/venv/lib/python3.10/site-packages/airflow/example_dags/example_skip_dag.py
[2023-12-17T08:14:07.885+0700] {processor.py:829} INFO - Processing file /home/phuc/Practice/DataScience/DSProject/venv/lib/python3.10/site-packages/airflow/example_dags/example_skip_dag.py for tasks to queue
[2023-12-17T08:14:07.886+0700] {logging_mixin.py:154} INFO - [2023-12-17T08:14:07.886+0700] {dagbag.py:536} INFO - Filling up the DagBag from /home/phuc/Practice/DataScience/DSProject/venv/lib/python3.10/site-packages/airflow/example_dags/example_skip_dag.py
[2023-12-17T08:14:07.892+0700] {processor.py:839} INFO - DAG(s) dict_keys(['example_skip_dag']) retrieved from /home/phuc/Practice/DataScience/DSProject/venv/lib/python3.10/site-packages/airflow/example_dags/example_skip_dag.py
[2023-12-17T08:14:07.902+0700] {logging_mixin.py:154} INFO - [2023-12-17T08:14:07.902+0700] {dag.py:2941} INFO - Sync 1 DAGs
[2023-12-17T08:14:07.911+0700] {logging_mixin.py:154} INFO - [2023-12-17T08:14:07.911+0700] {dag.py:3722} INFO - Setting next_dagrun for example_skip_dag to 2023-12-16T01:14:07.911243+00:00, run_after=2023-12-17T01:14:07.911243+00:00
[2023-12-17T08:14:07.923+0700] {processor.py:179} INFO - Processing /home/phuc/Practice/DataScience/DSProject/venv/lib/python3.10/site-packages/airflow/example_dags/example_skip_dag.py took 0.047 seconds
[2023-12-17T08:14:41.877+0700] {processor.py:157} INFO - Started process (PID=315073) to work on /home/phuc/Practice/DataScience/DSProject/venv/lib/python3.10/site-packages/airflow/example_dags/example_skip_dag.py
[2023-12-17T08:14:41.884+0700] {processor.py:829} INFO - Processing file /home/phuc/Practice/DataScience/DSProject/venv/lib/python3.10/site-packages/airflow/example_dags/example_skip_dag.py for tasks to queue
[2023-12-17T08:14:41.886+0700] {logging_mixin.py:154} INFO - [2023-12-17T08:14:41.885+0700] {dagbag.py:536} INFO - Filling up the DagBag from /home/phuc/Practice/DataScience/DSProject/venv/lib/python3.10/site-packages/airflow/example_dags/example_skip_dag.py
[2023-12-17T08:14:41.894+0700] {processor.py:839} INFO - DAG(s) dict_keys(['example_skip_dag']) retrieved from /home/phuc/Practice/DataScience/DSProject/venv/lib/python3.10/site-packages/airflow/example_dags/example_skip_dag.py
[2023-12-17T08:14:41.906+0700] {logging_mixin.py:154} INFO - [2023-12-17T08:14:41.906+0700] {dag.py:2941} INFO - Sync 1 DAGs
[2023-12-17T08:14:41.916+0700] {logging_mixin.py:154} INFO - [2023-12-17T08:14:41.915+0700] {dag.py:3722} INFO - Setting next_dagrun for example_skip_dag to 2023-12-16T01:14:41.915801+00:00, run_after=2023-12-17T01:14:41.915801+00:00
[2023-12-17T08:14:41.927+0700] {processor.py:179} INFO - Processing /home/phuc/Practice/DataScience/DSProject/venv/lib/python3.10/site-packages/airflow/example_dags/example_skip_dag.py took 0.052 seconds
[2023-12-17T08:15:18.865+0700] {processor.py:157} INFO - Started process (PID=315250) to work on /home/phuc/Practice/DataScience/DSProject/venv/lib/python3.10/site-packages/airflow/example_dags/example_skip_dag.py
[2023-12-17T08:15:18.866+0700] {processor.py:829} INFO - Processing file /home/phuc/Practice/DataScience/DSProject/venv/lib/python3.10/site-packages/airflow/example_dags/example_skip_dag.py for tasks to queue
[2023-12-17T08:15:18.866+0700] {logging_mixin.py:154} INFO - [2023-12-17T08:15:18.866+0700] {dagbag.py:536} INFO - Filling up the DagBag from /home/phuc/Practice/DataScience/DSProject/venv/lib/python3.10/site-packages/airflow/example_dags/example_skip_dag.py
[2023-12-17T08:15:18.870+0700] {processor.py:839} INFO - DAG(s) dict_keys(['example_skip_dag']) retrieved from /home/phuc/Practice/DataScience/DSProject/venv/lib/python3.10/site-packages/airflow/example_dags/example_skip_dag.py
[2023-12-17T08:15:18.880+0700] {logging_mixin.py:154} INFO - [2023-12-17T08:15:18.880+0700] {dag.py:2941} INFO - Sync 1 DAGs
[2023-12-17T08:15:18.889+0700] {logging_mixin.py:154} INFO - [2023-12-17T08:15:18.889+0700] {dag.py:3722} INFO - Setting next_dagrun for example_skip_dag to 2023-12-16T01:15:18.889621+00:00, run_after=2023-12-17T01:15:18.889621+00:00
[2023-12-17T08:15:18.901+0700] {processor.py:179} INFO - Processing /home/phuc/Practice/DataScience/DSProject/venv/lib/python3.10/site-packages/airflow/example_dags/example_skip_dag.py took 0.038 seconds
[2023-12-17T08:15:53.438+0700] {processor.py:157} INFO - Started process (PID=315385) to work on /home/phuc/Practice/DataScience/DSProject/venv/lib/python3.10/site-packages/airflow/example_dags/example_skip_dag.py
[2023-12-17T08:15:53.442+0700] {processor.py:829} INFO - Processing file /home/phuc/Practice/DataScience/DSProject/venv/lib/python3.10/site-packages/airflow/example_dags/example_skip_dag.py for tasks to queue
[2023-12-17T08:15:53.443+0700] {logging_mixin.py:154} INFO - [2023-12-17T08:15:53.443+0700] {dagbag.py:536} INFO - Filling up the DagBag from /home/phuc/Practice/DataScience/DSProject/venv/lib/python3.10/site-packages/airflow/example_dags/example_skip_dag.py
[2023-12-17T08:15:53.451+0700] {processor.py:839} INFO - DAG(s) dict_keys(['example_skip_dag']) retrieved from /home/phuc/Practice/DataScience/DSProject/venv/lib/python3.10/site-packages/airflow/example_dags/example_skip_dag.py
[2023-12-17T08:15:53.462+0700] {logging_mixin.py:154} INFO - [2023-12-17T08:15:53.462+0700] {dag.py:2941} INFO - Sync 1 DAGs
[2023-12-17T08:15:53.471+0700] {logging_mixin.py:154} INFO - [2023-12-17T08:15:53.470+0700] {dag.py:3722} INFO - Setting next_dagrun for example_skip_dag to 2023-12-16T01:15:53.470864+00:00, run_after=2023-12-17T01:15:53.470864+00:00
[2023-12-17T08:15:53.482+0700] {processor.py:179} INFO - Processing /home/phuc/Practice/DataScience/DSProject/venv/lib/python3.10/site-packages/airflow/example_dags/example_skip_dag.py took 0.049 seconds
[2023-12-17T08:17:40.017+0700] {processor.py:157} INFO - Started process (PID=316351) to work on /home/phuc/Practice/DataScience/DSProject/venv/lib/python3.10/site-packages/airflow/example_dags/example_skip_dag.py
[2023-12-17T08:17:40.024+0700] {processor.py:829} INFO - Processing file /home/phuc/Practice/DataScience/DSProject/venv/lib/python3.10/site-packages/airflow/example_dags/example_skip_dag.py for tasks to queue
[2023-12-17T08:17:40.025+0700] {logging_mixin.py:154} INFO - [2023-12-17T08:17:40.024+0700] {dagbag.py:536} INFO - Filling up the DagBag from /home/phuc/Practice/DataScience/DSProject/venv/lib/python3.10/site-packages/airflow/example_dags/example_skip_dag.py
[2023-12-17T08:17:40.033+0700] {processor.py:839} INFO - DAG(s) dict_keys(['example_skip_dag']) retrieved from /home/phuc/Practice/DataScience/DSProject/venv/lib/python3.10/site-packages/airflow/example_dags/example_skip_dag.py
[2023-12-17T08:17:40.052+0700] {logging_mixin.py:154} INFO - [2023-12-17T08:17:40.052+0700] {dag.py:2941} INFO - Sync 1 DAGs
[2023-12-17T08:17:40.061+0700] {logging_mixin.py:154} INFO - [2023-12-17T08:17:40.061+0700] {dag.py:3722} INFO - Setting next_dagrun for example_skip_dag to 2023-12-16T01:17:40.061217+00:00, run_after=2023-12-17T01:17:40.061217+00:00
[2023-12-17T08:17:40.072+0700] {processor.py:179} INFO - Processing /home/phuc/Practice/DataScience/DSProject/venv/lib/python3.10/site-packages/airflow/example_dags/example_skip_dag.py took 0.059 seconds
[2023-12-17T08:18:26.118+0700] {processor.py:157} INFO - Started process (PID=316550) to work on /home/phuc/Practice/DataScience/DSProject/venv/lib/python3.10/site-packages/airflow/example_dags/example_skip_dag.py
[2023-12-17T08:18:26.125+0700] {processor.py:829} INFO - Processing file /home/phuc/Practice/DataScience/DSProject/venv/lib/python3.10/site-packages/airflow/example_dags/example_skip_dag.py for tasks to queue
[2023-12-17T08:18:26.125+0700] {logging_mixin.py:154} INFO - [2023-12-17T08:18:26.125+0700] {dagbag.py:536} INFO - Filling up the DagBag from /home/phuc/Practice/DataScience/DSProject/venv/lib/python3.10/site-packages/airflow/example_dags/example_skip_dag.py
[2023-12-17T08:18:26.129+0700] {processor.py:839} INFO - DAG(s) dict_keys(['example_skip_dag']) retrieved from /home/phuc/Practice/DataScience/DSProject/venv/lib/python3.10/site-packages/airflow/example_dags/example_skip_dag.py
[2023-12-17T08:18:26.139+0700] {logging_mixin.py:154} INFO - [2023-12-17T08:18:26.139+0700] {dag.py:2941} INFO - Sync 1 DAGs
[2023-12-17T08:18:26.149+0700] {logging_mixin.py:154} INFO - [2023-12-17T08:18:26.149+0700] {dag.py:3722} INFO - Setting next_dagrun for example_skip_dag to 2023-12-16T01:18:26.149577+00:00, run_after=2023-12-17T01:18:26.149577+00:00
[2023-12-17T08:18:26.162+0700] {processor.py:179} INFO - Processing /home/phuc/Practice/DataScience/DSProject/venv/lib/python3.10/site-packages/airflow/example_dags/example_skip_dag.py took 0.046 seconds
[2023-12-17T08:19:14.681+0700] {processor.py:157} INFO - Started process (PID=317076) to work on /home/phuc/Practice/DataScience/DSProject/venv/lib/python3.10/site-packages/airflow/example_dags/example_skip_dag.py
[2023-12-17T08:19:14.688+0700] {processor.py:829} INFO - Processing file /home/phuc/Practice/DataScience/DSProject/venv/lib/python3.10/site-packages/airflow/example_dags/example_skip_dag.py for tasks to queue
[2023-12-17T08:19:14.689+0700] {logging_mixin.py:154} INFO - [2023-12-17T08:19:14.689+0700] {dagbag.py:536} INFO - Filling up the DagBag from /home/phuc/Practice/DataScience/DSProject/venv/lib/python3.10/site-packages/airflow/example_dags/example_skip_dag.py
[2023-12-17T08:19:14.698+0700] {processor.py:839} INFO - DAG(s) dict_keys(['example_skip_dag']) retrieved from /home/phuc/Practice/DataScience/DSProject/venv/lib/python3.10/site-packages/airflow/example_dags/example_skip_dag.py
[2023-12-17T08:19:14.713+0700] {logging_mixin.py:154} INFO - [2023-12-17T08:19:14.712+0700] {dag.py:2941} INFO - Sync 1 DAGs
[2023-12-17T08:19:14.725+0700] {logging_mixin.py:154} INFO - [2023-12-17T08:19:14.725+0700] {dag.py:3722} INFO - Setting next_dagrun for example_skip_dag to 2023-12-16T01:19:14.725529+00:00, run_after=2023-12-17T01:19:14.725529+00:00
[2023-12-17T08:19:14.741+0700] {processor.py:179} INFO - Processing /home/phuc/Practice/DataScience/DSProject/venv/lib/python3.10/site-packages/airflow/example_dags/example_skip_dag.py took 0.062 seconds
[2023-12-17T08:19:50.728+0700] {processor.py:157} INFO - Started process (PID=317445) to work on /home/phuc/Practice/DataScience/DSProject/venv/lib/python3.10/site-packages/airflow/example_dags/example_skip_dag.py
[2023-12-17T08:19:50.735+0700] {processor.py:829} INFO - Processing file /home/phuc/Practice/DataScience/DSProject/venv/lib/python3.10/site-packages/airflow/example_dags/example_skip_dag.py for tasks to queue
[2023-12-17T08:19:50.736+0700] {logging_mixin.py:154} INFO - [2023-12-17T08:19:50.736+0700] {dagbag.py:536} INFO - Filling up the DagBag from /home/phuc/Practice/DataScience/DSProject/venv/lib/python3.10/site-packages/airflow/example_dags/example_skip_dag.py
[2023-12-17T08:19:50.742+0700] {processor.py:839} INFO - DAG(s) dict_keys(['example_skip_dag']) retrieved from /home/phuc/Practice/DataScience/DSProject/venv/lib/python3.10/site-packages/airflow/example_dags/example_skip_dag.py
[2023-12-17T08:19:50.761+0700] {logging_mixin.py:154} INFO - [2023-12-17T08:19:50.761+0700] {dag.py:2941} INFO - Sync 1 DAGs
[2023-12-17T08:19:50.778+0700] {logging_mixin.py:154} INFO - [2023-12-17T08:19:50.777+0700] {dag.py:3722} INFO - Setting next_dagrun for example_skip_dag to 2023-12-16T01:19:50.777645+00:00, run_after=2023-12-17T01:19:50.777645+00:00
[2023-12-17T08:19:50.796+0700] {processor.py:179} INFO - Processing /home/phuc/Practice/DataScience/DSProject/venv/lib/python3.10/site-packages/airflow/example_dags/example_skip_dag.py took 0.071 seconds
[2023-12-17T08:20:28.471+0700] {processor.py:157} INFO - Started process (PID=317830) to work on /home/phuc/Practice/DataScience/DSProject/venv/lib/python3.10/site-packages/airflow/example_dags/example_skip_dag.py
[2023-12-17T08:20:28.477+0700] {processor.py:829} INFO - Processing file /home/phuc/Practice/DataScience/DSProject/venv/lib/python3.10/site-packages/airflow/example_dags/example_skip_dag.py for tasks to queue
[2023-12-17T08:20:28.479+0700] {logging_mixin.py:154} INFO - [2023-12-17T08:20:28.478+0700] {dagbag.py:536} INFO - Filling up the DagBag from /home/phuc/Practice/DataScience/DSProject/venv/lib/python3.10/site-packages/airflow/example_dags/example_skip_dag.py
[2023-12-17T08:20:28.487+0700] {processor.py:839} INFO - DAG(s) dict_keys(['example_skip_dag']) retrieved from /home/phuc/Practice/DataScience/DSProject/venv/lib/python3.10/site-packages/airflow/example_dags/example_skip_dag.py
[2023-12-17T08:20:28.501+0700] {logging_mixin.py:154} INFO - [2023-12-17T08:20:28.500+0700] {dag.py:2941} INFO - Sync 1 DAGs
[2023-12-17T08:20:28.514+0700] {logging_mixin.py:154} INFO - [2023-12-17T08:20:28.514+0700] {dag.py:3722} INFO - Setting next_dagrun for example_skip_dag to 2023-12-16T01:20:28.514227+00:00, run_after=2023-12-17T01:20:28.514227+00:00
[2023-12-17T08:20:28.529+0700] {processor.py:179} INFO - Processing /home/phuc/Practice/DataScience/DSProject/venv/lib/python3.10/site-packages/airflow/example_dags/example_skip_dag.py took 0.060 seconds
[2023-12-17T08:21:51.214+0700] {processor.py:157} INFO - Started process (PID=318684) to work on /home/phuc/Practice/DataScience/DSProject/venv/lib/python3.10/site-packages/airflow/example_dags/example_skip_dag.py
[2023-12-17T08:21:51.221+0700] {processor.py:829} INFO - Processing file /home/phuc/Practice/DataScience/DSProject/venv/lib/python3.10/site-packages/airflow/example_dags/example_skip_dag.py for tasks to queue
[2023-12-17T08:21:51.222+0700] {logging_mixin.py:154} INFO - [2023-12-17T08:21:51.222+0700] {dagbag.py:536} INFO - Filling up the DagBag from /home/phuc/Practice/DataScience/DSProject/venv/lib/python3.10/site-packages/airflow/example_dags/example_skip_dag.py
[2023-12-17T08:21:51.231+0700] {processor.py:839} INFO - DAG(s) dict_keys(['example_skip_dag']) retrieved from /home/phuc/Practice/DataScience/DSProject/venv/lib/python3.10/site-packages/airflow/example_dags/example_skip_dag.py
[2023-12-17T08:21:51.258+0700] {logging_mixin.py:154} INFO - [2023-12-17T08:21:51.258+0700] {dag.py:2941} INFO - Sync 1 DAGs
[2023-12-17T08:21:51.275+0700] {logging_mixin.py:154} INFO - [2023-12-17T08:21:51.275+0700] {dag.py:3722} INFO - Setting next_dagrun for example_skip_dag to 2023-12-16T01:21:51.275368+00:00, run_after=2023-12-17T01:21:51.275368+00:00
[2023-12-17T08:21:51.292+0700] {processor.py:179} INFO - Processing /home/phuc/Practice/DataScience/DSProject/venv/lib/python3.10/site-packages/airflow/example_dags/example_skip_dag.py took 0.082 seconds
[2023-12-17T08:23:25.538+0700] {processor.py:157} INFO - Started process (PID=319485) to work on /home/phuc/Practice/DataScience/DSProject/venv/lib/python3.10/site-packages/airflow/example_dags/example_skip_dag.py
[2023-12-17T08:23:25.545+0700] {processor.py:829} INFO - Processing file /home/phuc/Practice/DataScience/DSProject/venv/lib/python3.10/site-packages/airflow/example_dags/example_skip_dag.py for tasks to queue
[2023-12-17T08:23:25.547+0700] {logging_mixin.py:154} INFO - [2023-12-17T08:23:25.546+0700] {dagbag.py:536} INFO - Filling up the DagBag from /home/phuc/Practice/DataScience/DSProject/venv/lib/python3.10/site-packages/airflow/example_dags/example_skip_dag.py
[2023-12-17T08:23:25.555+0700] {processor.py:839} INFO - DAG(s) dict_keys(['example_skip_dag']) retrieved from /home/phuc/Practice/DataScience/DSProject/venv/lib/python3.10/site-packages/airflow/example_dags/example_skip_dag.py
[2023-12-17T08:23:25.568+0700] {logging_mixin.py:154} INFO - [2023-12-17T08:23:25.568+0700] {dag.py:2941} INFO - Sync 1 DAGs
[2023-12-17T08:23:25.580+0700] {logging_mixin.py:154} INFO - [2023-12-17T08:23:25.580+0700] {dag.py:3722} INFO - Setting next_dagrun for example_skip_dag to 2023-12-16T01:23:25.580576+00:00, run_after=2023-12-17T01:23:25.580576+00:00
[2023-12-17T08:23:25.595+0700] {processor.py:179} INFO - Processing /home/phuc/Practice/DataScience/DSProject/venv/lib/python3.10/site-packages/airflow/example_dags/example_skip_dag.py took 0.062 seconds
[2023-12-17T08:24:05.677+0700] {processor.py:157} INFO - Started process (PID=319726) to work on /home/phuc/Practice/DataScience/DSProject/venv/lib/python3.10/site-packages/airflow/example_dags/example_skip_dag.py
[2023-12-17T08:24:05.684+0700] {processor.py:829} INFO - Processing file /home/phuc/Practice/DataScience/DSProject/venv/lib/python3.10/site-packages/airflow/example_dags/example_skip_dag.py for tasks to queue
[2023-12-17T08:24:05.685+0700] {logging_mixin.py:154} INFO - [2023-12-17T08:24:05.685+0700] {dagbag.py:536} INFO - Filling up the DagBag from /home/phuc/Practice/DataScience/DSProject/venv/lib/python3.10/site-packages/airflow/example_dags/example_skip_dag.py
[2023-12-17T08:24:05.695+0700] {processor.py:839} INFO - DAG(s) dict_keys(['example_skip_dag']) retrieved from /home/phuc/Practice/DataScience/DSProject/venv/lib/python3.10/site-packages/airflow/example_dags/example_skip_dag.py
[2023-12-17T08:24:05.707+0700] {logging_mixin.py:154} INFO - [2023-12-17T08:24:05.707+0700] {dag.py:2941} INFO - Sync 1 DAGs
[2023-12-17T08:24:05.717+0700] {logging_mixin.py:154} INFO - [2023-12-17T08:24:05.717+0700] {dag.py:3722} INFO - Setting next_dagrun for example_skip_dag to 2023-12-16T01:24:05.717111+00:00, run_after=2023-12-17T01:24:05.717111+00:00
[2023-12-17T08:24:05.728+0700] {processor.py:179} INFO - Processing /home/phuc/Practice/DataScience/DSProject/venv/lib/python3.10/site-packages/airflow/example_dags/example_skip_dag.py took 0.055 seconds
[2023-12-17T08:24:40.981+0700] {processor.py:157} INFO - Started process (PID=319894) to work on /home/phuc/Practice/DataScience/DSProject/venv/lib/python3.10/site-packages/airflow/example_dags/example_skip_dag.py
[2023-12-17T08:24:40.988+0700] {processor.py:829} INFO - Processing file /home/phuc/Practice/DataScience/DSProject/venv/lib/python3.10/site-packages/airflow/example_dags/example_skip_dag.py for tasks to queue
[2023-12-17T08:24:40.990+0700] {logging_mixin.py:154} INFO - [2023-12-17T08:24:40.989+0700] {dagbag.py:536} INFO - Filling up the DagBag from /home/phuc/Practice/DataScience/DSProject/venv/lib/python3.10/site-packages/airflow/example_dags/example_skip_dag.py
[2023-12-17T08:24:40.999+0700] {processor.py:839} INFO - DAG(s) dict_keys(['example_skip_dag']) retrieved from /home/phuc/Practice/DataScience/DSProject/venv/lib/python3.10/site-packages/airflow/example_dags/example_skip_dag.py
[2023-12-17T08:24:41.015+0700] {logging_mixin.py:154} INFO - [2023-12-17T08:24:41.015+0700] {dag.py:2941} INFO - Sync 1 DAGs
[2023-12-17T08:24:41.027+0700] {logging_mixin.py:154} INFO - [2023-12-17T08:24:41.027+0700] {dag.py:3722} INFO - Setting next_dagrun for example_skip_dag to 2023-12-16T01:24:41.026929+00:00, run_after=2023-12-17T01:24:41.026929+00:00
[2023-12-17T08:24:41.038+0700] {processor.py:179} INFO - Processing /home/phuc/Practice/DataScience/DSProject/venv/lib/python3.10/site-packages/airflow/example_dags/example_skip_dag.py took 0.060 seconds
[2023-12-17T08:25:18.725+0700] {processor.py:157} INFO - Started process (PID=320053) to work on /home/phuc/Practice/DataScience/DSProject/venv/lib/python3.10/site-packages/airflow/example_dags/example_skip_dag.py
[2023-12-17T08:25:18.732+0700] {processor.py:829} INFO - Processing file /home/phuc/Practice/DataScience/DSProject/venv/lib/python3.10/site-packages/airflow/example_dags/example_skip_dag.py for tasks to queue
[2023-12-17T08:25:18.733+0700] {logging_mixin.py:154} INFO - [2023-12-17T08:25:18.733+0700] {dagbag.py:536} INFO - Filling up the DagBag from /home/phuc/Practice/DataScience/DSProject/venv/lib/python3.10/site-packages/airflow/example_dags/example_skip_dag.py
[2023-12-17T08:25:18.742+0700] {processor.py:839} INFO - DAG(s) dict_keys(['example_skip_dag']) retrieved from /home/phuc/Practice/DataScience/DSProject/venv/lib/python3.10/site-packages/airflow/example_dags/example_skip_dag.py
[2023-12-17T08:25:18.754+0700] {logging_mixin.py:154} INFO - [2023-12-17T08:25:18.754+0700] {dag.py:2941} INFO - Sync 1 DAGs
[2023-12-17T08:25:18.764+0700] {logging_mixin.py:154} INFO - [2023-12-17T08:25:18.764+0700] {dag.py:3722} INFO - Setting next_dagrun for example_skip_dag to 2023-12-16T01:25:18.764118+00:00, run_after=2023-12-17T01:25:18.764118+00:00
[2023-12-17T08:25:18.778+0700] {processor.py:179} INFO - Processing /home/phuc/Practice/DataScience/DSProject/venv/lib/python3.10/site-packages/airflow/example_dags/example_skip_dag.py took 0.056 seconds
[2023-12-17T08:25:53.491+0700] {processor.py:157} INFO - Started process (PID=320211) to work on /home/phuc/Practice/DataScience/DSProject/venv/lib/python3.10/site-packages/airflow/example_dags/example_skip_dag.py
[2023-12-17T08:25:53.498+0700] {processor.py:829} INFO - Processing file /home/phuc/Practice/DataScience/DSProject/venv/lib/python3.10/site-packages/airflow/example_dags/example_skip_dag.py for tasks to queue
[2023-12-17T08:25:53.499+0700] {logging_mixin.py:154} INFO - [2023-12-17T08:25:53.499+0700] {dagbag.py:536} INFO - Filling up the DagBag from /home/phuc/Practice/DataScience/DSProject/venv/lib/python3.10/site-packages/airflow/example_dags/example_skip_dag.py
[2023-12-17T08:25:53.508+0700] {processor.py:839} INFO - DAG(s) dict_keys(['example_skip_dag']) retrieved from /home/phuc/Practice/DataScience/DSProject/venv/lib/python3.10/site-packages/airflow/example_dags/example_skip_dag.py
[2023-12-17T08:25:53.521+0700] {logging_mixin.py:154} INFO - [2023-12-17T08:25:53.521+0700] {dag.py:2941} INFO - Sync 1 DAGs
[2023-12-17T08:25:53.531+0700] {logging_mixin.py:154} INFO - [2023-12-17T08:25:53.530+0700] {dag.py:3722} INFO - Setting next_dagrun for example_skip_dag to 2023-12-16T01:25:53.530829+00:00, run_after=2023-12-17T01:25:53.530829+00:00
[2023-12-17T08:25:53.542+0700] {processor.py:179} INFO - Processing /home/phuc/Practice/DataScience/DSProject/venv/lib/python3.10/site-packages/airflow/example_dags/example_skip_dag.py took 0.054 seconds
[2023-12-17T08:26:40.667+0700] {processor.py:157} INFO - Started process (PID=320493) to work on /home/phuc/Practice/DataScience/DSProject/venv/lib/python3.10/site-packages/airflow/example_dags/example_skip_dag.py
[2023-12-17T08:26:40.674+0700] {processor.py:829} INFO - Processing file /home/phuc/Practice/DataScience/DSProject/venv/lib/python3.10/site-packages/airflow/example_dags/example_skip_dag.py for tasks to queue
[2023-12-17T08:26:40.675+0700] {logging_mixin.py:154} INFO - [2023-12-17T08:26:40.674+0700] {dagbag.py:536} INFO - Filling up the DagBag from /home/phuc/Practice/DataScience/DSProject/venv/lib/python3.10/site-packages/airflow/example_dags/example_skip_dag.py
[2023-12-17T08:26:40.684+0700] {processor.py:839} INFO - DAG(s) dict_keys(['example_skip_dag']) retrieved from /home/phuc/Practice/DataScience/DSProject/venv/lib/python3.10/site-packages/airflow/example_dags/example_skip_dag.py
[2023-12-17T08:26:40.697+0700] {logging_mixin.py:154} INFO - [2023-12-17T08:26:40.697+0700] {dag.py:2941} INFO - Sync 1 DAGs
[2023-12-17T08:26:40.706+0700] {logging_mixin.py:154} INFO - [2023-12-17T08:26:40.706+0700] {dag.py:3722} INFO - Setting next_dagrun for example_skip_dag to 2023-12-16T01:26:40.706699+00:00, run_after=2023-12-17T01:26:40.706699+00:00
[2023-12-17T08:26:40.721+0700] {processor.py:179} INFO - Processing /home/phuc/Practice/DataScience/DSProject/venv/lib/python3.10/site-packages/airflow/example_dags/example_skip_dag.py took 0.058 seconds
[2023-12-17T08:27:15.512+0700] {processor.py:157} INFO - Started process (PID=320647) to work on /home/phuc/Practice/DataScience/DSProject/venv/lib/python3.10/site-packages/airflow/example_dags/example_skip_dag.py
[2023-12-17T08:27:15.520+0700] {processor.py:829} INFO - Processing file /home/phuc/Practice/DataScience/DSProject/venv/lib/python3.10/site-packages/airflow/example_dags/example_skip_dag.py for tasks to queue
[2023-12-17T08:27:15.521+0700] {logging_mixin.py:154} INFO - [2023-12-17T08:27:15.520+0700] {dagbag.py:536} INFO - Filling up the DagBag from /home/phuc/Practice/DataScience/DSProject/venv/lib/python3.10/site-packages/airflow/example_dags/example_skip_dag.py
[2023-12-17T08:27:15.530+0700] {processor.py:839} INFO - DAG(s) dict_keys(['example_skip_dag']) retrieved from /home/phuc/Practice/DataScience/DSProject/venv/lib/python3.10/site-packages/airflow/example_dags/example_skip_dag.py
[2023-12-17T08:27:15.542+0700] {logging_mixin.py:154} INFO - [2023-12-17T08:27:15.542+0700] {dag.py:2941} INFO - Sync 1 DAGs
[2023-12-17T08:27:15.552+0700] {logging_mixin.py:154} INFO - [2023-12-17T08:27:15.552+0700] {dag.py:3722} INFO - Setting next_dagrun for example_skip_dag to 2023-12-16T01:27:15.552146+00:00, run_after=2023-12-17T01:27:15.552146+00:00
[2023-12-17T08:27:15.563+0700] {processor.py:179} INFO - Processing /home/phuc/Practice/DataScience/DSProject/venv/lib/python3.10/site-packages/airflow/example_dags/example_skip_dag.py took 0.053 seconds
[2023-12-17T08:27:48.473+0700] {processor.py:157} INFO - Started process (PID=320802) to work on /home/phuc/Practice/DataScience/DSProject/venv/lib/python3.10/site-packages/airflow/example_dags/example_skip_dag.py
[2023-12-17T08:27:48.480+0700] {processor.py:829} INFO - Processing file /home/phuc/Practice/DataScience/DSProject/venv/lib/python3.10/site-packages/airflow/example_dags/example_skip_dag.py for tasks to queue
[2023-12-17T08:27:48.482+0700] {logging_mixin.py:154} INFO - [2023-12-17T08:27:48.481+0700] {dagbag.py:536} INFO - Filling up the DagBag from /home/phuc/Practice/DataScience/DSProject/venv/lib/python3.10/site-packages/airflow/example_dags/example_skip_dag.py
[2023-12-17T08:27:48.490+0700] {processor.py:839} INFO - DAG(s) dict_keys(['example_skip_dag']) retrieved from /home/phuc/Practice/DataScience/DSProject/venv/lib/python3.10/site-packages/airflow/example_dags/example_skip_dag.py
[2023-12-17T08:27:48.503+0700] {logging_mixin.py:154} INFO - [2023-12-17T08:27:48.503+0700] {dag.py:2941} INFO - Sync 1 DAGs
[2023-12-17T08:27:48.516+0700] {logging_mixin.py:154} INFO - [2023-12-17T08:27:48.516+0700] {dag.py:3722} INFO - Setting next_dagrun for example_skip_dag to 2023-12-16T01:27:48.515900+00:00, run_after=2023-12-17T01:27:48.515900+00:00
[2023-12-17T08:27:48.529+0700] {processor.py:179} INFO - Processing /home/phuc/Practice/DataScience/DSProject/venv/lib/python3.10/site-packages/airflow/example_dags/example_skip_dag.py took 0.059 seconds
[2023-12-17T08:28:36.362+0700] {processor.py:157} INFO - Started process (PID=320999) to work on /home/phuc/Practice/DataScience/DSProject/venv/lib/python3.10/site-packages/airflow/example_dags/example_skip_dag.py
[2023-12-17T08:28:36.370+0700] {processor.py:829} INFO - Processing file /home/phuc/Practice/DataScience/DSProject/venv/lib/python3.10/site-packages/airflow/example_dags/example_skip_dag.py for tasks to queue
[2023-12-17T08:28:36.371+0700] {logging_mixin.py:154} INFO - [2023-12-17T08:28:36.370+0700] {dagbag.py:536} INFO - Filling up the DagBag from /home/phuc/Practice/DataScience/DSProject/venv/lib/python3.10/site-packages/airflow/example_dags/example_skip_dag.py
[2023-12-17T08:28:36.380+0700] {processor.py:839} INFO - DAG(s) dict_keys(['example_skip_dag']) retrieved from /home/phuc/Practice/DataScience/DSProject/venv/lib/python3.10/site-packages/airflow/example_dags/example_skip_dag.py
[2023-12-17T08:28:36.393+0700] {logging_mixin.py:154} INFO - [2023-12-17T08:28:36.393+0700] {dag.py:2941} INFO - Sync 1 DAGs
[2023-12-17T08:28:36.402+0700] {logging_mixin.py:154} INFO - [2023-12-17T08:28:36.402+0700] {dag.py:3722} INFO - Setting next_dagrun for example_skip_dag to 2023-12-16T01:28:36.402115+00:00, run_after=2023-12-17T01:28:36.402115+00:00
[2023-12-17T08:28:36.413+0700] {processor.py:179} INFO - Processing /home/phuc/Practice/DataScience/DSProject/venv/lib/python3.10/site-packages/airflow/example_dags/example_skip_dag.py took 0.054 seconds
[2023-12-17T08:29:24.464+0700] {processor.py:157} INFO - Started process (PID=321205) to work on /home/phuc/Practice/DataScience/DSProject/venv/lib/python3.10/site-packages/airflow/example_dags/example_skip_dag.py
[2023-12-17T08:29:24.465+0700] {processor.py:829} INFO - Processing file /home/phuc/Practice/DataScience/DSProject/venv/lib/python3.10/site-packages/airflow/example_dags/example_skip_dag.py for tasks to queue
[2023-12-17T08:29:24.466+0700] {logging_mixin.py:154} INFO - [2023-12-17T08:29:24.465+0700] {dagbag.py:536} INFO - Filling up the DagBag from /home/phuc/Practice/DataScience/DSProject/venv/lib/python3.10/site-packages/airflow/example_dags/example_skip_dag.py
[2023-12-17T08:29:24.468+0700] {processor.py:839} INFO - DAG(s) dict_keys(['example_skip_dag']) retrieved from /home/phuc/Practice/DataScience/DSProject/venv/lib/python3.10/site-packages/airflow/example_dags/example_skip_dag.py
[2023-12-17T08:29:24.481+0700] {logging_mixin.py:154} INFO - [2023-12-17T08:29:24.480+0700] {dag.py:2941} INFO - Sync 1 DAGs
[2023-12-17T08:29:24.488+0700] {logging_mixin.py:154} INFO - [2023-12-17T08:29:24.488+0700] {dag.py:3722} INFO - Setting next_dagrun for example_skip_dag to 2023-12-16T01:29:24.488765+00:00, run_after=2023-12-17T01:29:24.488765+00:00
[2023-12-17T08:29:24.498+0700] {processor.py:179} INFO - Processing /home/phuc/Practice/DataScience/DSProject/venv/lib/python3.10/site-packages/airflow/example_dags/example_skip_dag.py took 0.037 seconds
[2023-12-17T08:29:58.993+0700] {processor.py:157} INFO - Started process (PID=321364) to work on /home/phuc/Practice/DataScience/DSProject/venv/lib/python3.10/site-packages/airflow/example_dags/example_skip_dag.py
[2023-12-17T08:29:58.999+0700] {processor.py:829} INFO - Processing file /home/phuc/Practice/DataScience/DSProject/venv/lib/python3.10/site-packages/airflow/example_dags/example_skip_dag.py for tasks to queue
[2023-12-17T08:29:59.001+0700] {logging_mixin.py:154} INFO - [2023-12-17T08:29:59.000+0700] {dagbag.py:536} INFO - Filling up the DagBag from /home/phuc/Practice/DataScience/DSProject/venv/lib/python3.10/site-packages/airflow/example_dags/example_skip_dag.py
[2023-12-17T08:29:59.009+0700] {processor.py:839} INFO - DAG(s) dict_keys(['example_skip_dag']) retrieved from /home/phuc/Practice/DataScience/DSProject/venv/lib/python3.10/site-packages/airflow/example_dags/example_skip_dag.py
[2023-12-17T08:29:59.021+0700] {logging_mixin.py:154} INFO - [2023-12-17T08:29:59.021+0700] {dag.py:2941} INFO - Sync 1 DAGs
[2023-12-17T08:29:59.029+0700] {logging_mixin.py:154} INFO - [2023-12-17T08:29:59.029+0700] {dag.py:3722} INFO - Setting next_dagrun for example_skip_dag to 2023-12-16T01:29:59.029200+00:00, run_after=2023-12-17T01:29:59.029200+00:00
[2023-12-17T08:29:59.038+0700] {processor.py:179} INFO - Processing /home/phuc/Practice/DataScience/DSProject/venv/lib/python3.10/site-packages/airflow/example_dags/example_skip_dag.py took 0.047 seconds
[2023-12-17T08:30:32.430+0700] {processor.py:157} INFO - Started process (PID=321543) to work on /home/phuc/Practice/DataScience/DSProject/venv/lib/python3.10/site-packages/airflow/example_dags/example_skip_dag.py
[2023-12-17T08:30:32.437+0700] {processor.py:829} INFO - Processing file /home/phuc/Practice/DataScience/DSProject/venv/lib/python3.10/site-packages/airflow/example_dags/example_skip_dag.py for tasks to queue
[2023-12-17T08:30:32.439+0700] {logging_mixin.py:154} INFO - [2023-12-17T08:30:32.438+0700] {dagbag.py:536} INFO - Filling up the DagBag from /home/phuc/Practice/DataScience/DSProject/venv/lib/python3.10/site-packages/airflow/example_dags/example_skip_dag.py
[2023-12-17T08:30:32.446+0700] {processor.py:839} INFO - DAG(s) dict_keys(['example_skip_dag']) retrieved from /home/phuc/Practice/DataScience/DSProject/venv/lib/python3.10/site-packages/airflow/example_dags/example_skip_dag.py
[2023-12-17T08:30:32.457+0700] {logging_mixin.py:154} INFO - [2023-12-17T08:30:32.457+0700] {dag.py:2941} INFO - Sync 1 DAGs
[2023-12-17T08:30:32.465+0700] {logging_mixin.py:154} INFO - [2023-12-17T08:30:32.465+0700] {dag.py:3722} INFO - Setting next_dagrun for example_skip_dag to 2023-12-16T01:30:32.465694+00:00, run_after=2023-12-17T01:30:32.465694+00:00
[2023-12-17T08:30:32.475+0700] {processor.py:179} INFO - Processing /home/phuc/Practice/DataScience/DSProject/venv/lib/python3.10/site-packages/airflow/example_dags/example_skip_dag.py took 0.046 seconds
[2023-12-17T08:31:07.125+0700] {processor.py:157} INFO - Started process (PID=321719) to work on /home/phuc/Practice/DataScience/DSProject/venv/lib/python3.10/site-packages/airflow/example_dags/example_skip_dag.py
[2023-12-17T08:31:07.132+0700] {processor.py:829} INFO - Processing file /home/phuc/Practice/DataScience/DSProject/venv/lib/python3.10/site-packages/airflow/example_dags/example_skip_dag.py for tasks to queue
[2023-12-17T08:31:07.133+0700] {logging_mixin.py:154} INFO - [2023-12-17T08:31:07.132+0700] {dagbag.py:536} INFO - Filling up the DagBag from /home/phuc/Practice/DataScience/DSProject/venv/lib/python3.10/site-packages/airflow/example_dags/example_skip_dag.py
[2023-12-17T08:31:07.136+0700] {processor.py:839} INFO - DAG(s) dict_keys(['example_skip_dag']) retrieved from /home/phuc/Practice/DataScience/DSProject/venv/lib/python3.10/site-packages/airflow/example_dags/example_skip_dag.py
[2023-12-17T08:31:07.146+0700] {logging_mixin.py:154} INFO - [2023-12-17T08:31:07.146+0700] {dag.py:2941} INFO - Sync 1 DAGs
[2023-12-17T08:31:07.156+0700] {logging_mixin.py:154} INFO - [2023-12-17T08:31:07.156+0700] {dag.py:3722} INFO - Setting next_dagrun for example_skip_dag to 2023-12-16T01:31:07.156312+00:00, run_after=2023-12-17T01:31:07.156312+00:00
[2023-12-17T08:31:07.167+0700] {processor.py:179} INFO - Processing /home/phuc/Practice/DataScience/DSProject/venv/lib/python3.10/site-packages/airflow/example_dags/example_skip_dag.py took 0.044 seconds
[2023-12-17T08:31:42.424+0700] {processor.py:157} INFO - Started process (PID=322019) to work on /home/phuc/Practice/DataScience/DSProject/venv/lib/python3.10/site-packages/airflow/example_dags/example_skip_dag.py
[2023-12-17T08:31:42.425+0700] {processor.py:829} INFO - Processing file /home/phuc/Practice/DataScience/DSProject/venv/lib/python3.10/site-packages/airflow/example_dags/example_skip_dag.py for tasks to queue
[2023-12-17T08:31:42.425+0700] {logging_mixin.py:154} INFO - [2023-12-17T08:31:42.425+0700] {dagbag.py:536} INFO - Filling up the DagBag from /home/phuc/Practice/DataScience/DSProject/venv/lib/python3.10/site-packages/airflow/example_dags/example_skip_dag.py
[2023-12-17T08:31:42.429+0700] {processor.py:839} INFO - DAG(s) dict_keys(['example_skip_dag']) retrieved from /home/phuc/Practice/DataScience/DSProject/venv/lib/python3.10/site-packages/airflow/example_dags/example_skip_dag.py
[2023-12-17T08:31:42.437+0700] {logging_mixin.py:154} INFO - [2023-12-17T08:31:42.437+0700] {dag.py:2941} INFO - Sync 1 DAGs
[2023-12-17T08:31:42.446+0700] {logging_mixin.py:154} INFO - [2023-12-17T08:31:42.445+0700] {dag.py:3722} INFO - Setting next_dagrun for example_skip_dag to 2023-12-16T01:31:42.445876+00:00, run_after=2023-12-17T01:31:42.445876+00:00
[2023-12-17T08:31:42.455+0700] {processor.py:179} INFO - Processing /home/phuc/Practice/DataScience/DSProject/venv/lib/python3.10/site-packages/airflow/example_dags/example_skip_dag.py took 0.033 seconds
[2023-12-17T08:32:44.046+0700] {processor.py:157} INFO - Started process (PID=322986) to work on /home/phuc/Practice/DataScience/DSProject/venv/lib/python3.10/site-packages/airflow/example_dags/example_skip_dag.py
[2023-12-17T08:32:44.053+0700] {processor.py:829} INFO - Processing file /home/phuc/Practice/DataScience/DSProject/venv/lib/python3.10/site-packages/airflow/example_dags/example_skip_dag.py for tasks to queue
[2023-12-17T08:32:44.053+0700] {logging_mixin.py:154} INFO - [2023-12-17T08:32:44.053+0700] {dagbag.py:536} INFO - Filling up the DagBag from /home/phuc/Practice/DataScience/DSProject/venv/lib/python3.10/site-packages/airflow/example_dags/example_skip_dag.py
[2023-12-17T08:32:44.057+0700] {processor.py:839} INFO - DAG(s) dict_keys(['example_skip_dag']) retrieved from /home/phuc/Practice/DataScience/DSProject/venv/lib/python3.10/site-packages/airflow/example_dags/example_skip_dag.py
[2023-12-17T08:32:44.066+0700] {logging_mixin.py:154} INFO - [2023-12-17T08:32:44.066+0700] {dag.py:2941} INFO - Sync 1 DAGs
[2023-12-17T08:32:44.076+0700] {logging_mixin.py:154} INFO - [2023-12-17T08:32:44.076+0700] {dag.py:3722} INFO - Setting next_dagrun for example_skip_dag to 2023-12-16T01:32:44.076041+00:00, run_after=2023-12-17T01:32:44.076041+00:00
[2023-12-17T08:32:44.087+0700] {processor.py:179} INFO - Processing /home/phuc/Practice/DataScience/DSProject/venv/lib/python3.10/site-packages/airflow/example_dags/example_skip_dag.py took 0.042 seconds
[2023-12-17T08:33:25.023+0700] {processor.py:157} INFO - Started process (PID=323180) to work on /home/phuc/Practice/DataScience/DSProject/venv/lib/python3.10/site-packages/airflow/example_dags/example_skip_dag.py
[2023-12-17T08:33:25.030+0700] {processor.py:829} INFO - Processing file /home/phuc/Practice/DataScience/DSProject/venv/lib/python3.10/site-packages/airflow/example_dags/example_skip_dag.py for tasks to queue
[2023-12-17T08:33:25.032+0700] {logging_mixin.py:154} INFO - [2023-12-17T08:33:25.031+0700] {dagbag.py:536} INFO - Filling up the DagBag from /home/phuc/Practice/DataScience/DSProject/venv/lib/python3.10/site-packages/airflow/example_dags/example_skip_dag.py
[2023-12-17T08:33:25.039+0700] {processor.py:839} INFO - DAG(s) dict_keys(['example_skip_dag']) retrieved from /home/phuc/Practice/DataScience/DSProject/venv/lib/python3.10/site-packages/airflow/example_dags/example_skip_dag.py
[2023-12-17T08:33:25.050+0700] {logging_mixin.py:154} INFO - [2023-12-17T08:33:25.050+0700] {dag.py:2941} INFO - Sync 1 DAGs
[2023-12-17T08:33:25.059+0700] {logging_mixin.py:154} INFO - [2023-12-17T08:33:25.059+0700] {dag.py:3722} INFO - Setting next_dagrun for example_skip_dag to 2023-12-16T01:33:25.059315+00:00, run_after=2023-12-17T01:33:25.059315+00:00
[2023-12-17T08:33:25.070+0700] {processor.py:179} INFO - Processing /home/phuc/Practice/DataScience/DSProject/venv/lib/python3.10/site-packages/airflow/example_dags/example_skip_dag.py took 0.049 seconds
[2023-12-17T08:34:15.423+0700] {processor.py:157} INFO - Started process (PID=323533) to work on /home/phuc/Practice/DataScience/DSProject/venv/lib/python3.10/site-packages/airflow/example_dags/example_skip_dag.py
[2023-12-17T08:34:15.430+0700] {processor.py:829} INFO - Processing file /home/phuc/Practice/DataScience/DSProject/venv/lib/python3.10/site-packages/airflow/example_dags/example_skip_dag.py for tasks to queue
[2023-12-17T08:34:15.430+0700] {logging_mixin.py:154} INFO - [2023-12-17T08:34:15.430+0700] {dagbag.py:536} INFO - Filling up the DagBag from /home/phuc/Practice/DataScience/DSProject/venv/lib/python3.10/site-packages/airflow/example_dags/example_skip_dag.py
[2023-12-17T08:34:15.433+0700] {processor.py:839} INFO - DAG(s) dict_keys(['example_skip_dag']) retrieved from /home/phuc/Practice/DataScience/DSProject/venv/lib/python3.10/site-packages/airflow/example_dags/example_skip_dag.py
[2023-12-17T08:34:15.442+0700] {logging_mixin.py:154} INFO - [2023-12-17T08:34:15.442+0700] {dag.py:2941} INFO - Sync 1 DAGs
[2023-12-17T08:34:15.451+0700] {logging_mixin.py:154} INFO - [2023-12-17T08:34:15.450+0700] {dag.py:3722} INFO - Setting next_dagrun for example_skip_dag to 2023-12-16T01:34:15.450844+00:00, run_after=2023-12-17T01:34:15.450844+00:00
[2023-12-17T08:34:15.460+0700] {processor.py:179} INFO - Processing /home/phuc/Practice/DataScience/DSProject/venv/lib/python3.10/site-packages/airflow/example_dags/example_skip_dag.py took 0.039 seconds
[2023-12-17T08:34:50.351+0700] {processor.py:157} INFO - Started process (PID=323847) to work on /home/phuc/Practice/DataScience/DSProject/venv/lib/python3.10/site-packages/airflow/example_dags/example_skip_dag.py
[2023-12-17T08:34:50.358+0700] {processor.py:829} INFO - Processing file /home/phuc/Practice/DataScience/DSProject/venv/lib/python3.10/site-packages/airflow/example_dags/example_skip_dag.py for tasks to queue
[2023-12-17T08:34:50.359+0700] {logging_mixin.py:154} INFO - [2023-12-17T08:34:50.358+0700] {dagbag.py:536} INFO - Filling up the DagBag from /home/phuc/Practice/DataScience/DSProject/venv/lib/python3.10/site-packages/airflow/example_dags/example_skip_dag.py
[2023-12-17T08:34:50.363+0700] {processor.py:839} INFO - DAG(s) dict_keys(['example_skip_dag']) retrieved from /home/phuc/Practice/DataScience/DSProject/venv/lib/python3.10/site-packages/airflow/example_dags/example_skip_dag.py
[2023-12-17T08:34:50.374+0700] {logging_mixin.py:154} INFO - [2023-12-17T08:34:50.374+0700] {dag.py:2941} INFO - Sync 1 DAGs
[2023-12-17T08:34:50.383+0700] {logging_mixin.py:154} INFO - [2023-12-17T08:34:50.382+0700] {dag.py:3722} INFO - Setting next_dagrun for example_skip_dag to 2023-12-16T01:34:50.382839+00:00, run_after=2023-12-17T01:34:50.382839+00:00
[2023-12-17T08:34:50.393+0700] {processor.py:179} INFO - Processing /home/phuc/Practice/DataScience/DSProject/venv/lib/python3.10/site-packages/airflow/example_dags/example_skip_dag.py took 0.043 seconds
[2023-12-17T08:35:26.671+0700] {processor.py:157} INFO - Started process (PID=324084) to work on /home/phuc/Practice/DataScience/DSProject/venv/lib/python3.10/site-packages/airflow/example_dags/example_skip_dag.py
[2023-12-17T08:35:26.678+0700] {processor.py:829} INFO - Processing file /home/phuc/Practice/DataScience/DSProject/venv/lib/python3.10/site-packages/airflow/example_dags/example_skip_dag.py for tasks to queue
[2023-12-17T08:35:26.680+0700] {logging_mixin.py:154} INFO - [2023-12-17T08:35:26.679+0700] {dagbag.py:536} INFO - Filling up the DagBag from /home/phuc/Practice/DataScience/DSProject/venv/lib/python3.10/site-packages/airflow/example_dags/example_skip_dag.py
[2023-12-17T08:35:26.686+0700] {processor.py:839} INFO - DAG(s) dict_keys(['example_skip_dag']) retrieved from /home/phuc/Practice/DataScience/DSProject/venv/lib/python3.10/site-packages/airflow/example_dags/example_skip_dag.py
[2023-12-17T08:35:26.694+0700] {logging_mixin.py:154} INFO - [2023-12-17T08:35:26.694+0700] {dag.py:2941} INFO - Sync 1 DAGs
[2023-12-17T08:35:26.702+0700] {logging_mixin.py:154} INFO - [2023-12-17T08:35:26.702+0700] {dag.py:3722} INFO - Setting next_dagrun for example_skip_dag to 2023-12-16T01:35:26.702730+00:00, run_after=2023-12-17T01:35:26.702730+00:00
[2023-12-17T08:35:26.712+0700] {processor.py:179} INFO - Processing /home/phuc/Practice/DataScience/DSProject/venv/lib/python3.10/site-packages/airflow/example_dags/example_skip_dag.py took 0.043 seconds
