[2023-12-17T08:03:44.891+0700] {processor.py:157} INFO - Started process (PID=309918) to work on /home/phuc/Practice/DataScience/DSProject/venv/lib/python3.10/site-packages/airflow/example_dags/example_branch_datetime_operator.py
[2023-12-17T08:03:44.892+0700] {processor.py:829} INFO - Processing file /home/phuc/Practice/DataScience/DSProject/venv/lib/python3.10/site-packages/airflow/example_dags/example_branch_datetime_operator.py for tasks to queue
[2023-12-17T08:03:44.892+0700] {logging_mixin.py:154} INFO - [2023-12-17T08:03:44.892+0700] {dagbag.py:536} INFO - Filling up the DagBag from /home/phuc/Practice/DataScience/DSProject/venv/lib/python3.10/site-packages/airflow/example_dags/example_branch_datetime_operator.py
[2023-12-17T08:03:44.899+0700] {processor.py:839} INFO - DAG(s) dict_keys(['example_branch_datetime_operator', 'example_branch_datetime_operator_3', 'example_branch_datetime_operator_2']) retrieved from /home/phuc/Practice/DataScience/DSProject/venv/lib/python3.10/site-packages/airflow/example_dags/example_branch_datetime_operator.py
[2023-12-17T08:03:44.972+0700] {logging_mixin.py:154} INFO - [2023-12-17T08:03:44.972+0700] {manager.py:499} INFO - Created Permission View: %s
[2023-12-17T08:03:44.983+0700] {logging_mixin.py:154} INFO - [2023-12-17T08:03:44.982+0700] {manager.py:499} INFO - Created Permission View: %s
[2023-12-17T08:03:44.988+0700] {logging_mixin.py:154} INFO - [2023-12-17T08:03:44.988+0700] {manager.py:499} INFO - Created Permission View: %s
[2023-12-17T08:03:45.001+0700] {logging_mixin.py:154} INFO - [2023-12-17T08:03:45.001+0700] {manager.py:499} INFO - Created Permission View: %s
[2023-12-17T08:03:45.007+0700] {logging_mixin.py:154} INFO - [2023-12-17T08:03:45.007+0700] {manager.py:499} INFO - Created Permission View: %s
[2023-12-17T08:03:45.013+0700] {logging_mixin.py:154} INFO - [2023-12-17T08:03:45.013+0700] {manager.py:499} INFO - Created Permission View: %s
[2023-12-17T08:03:45.027+0700] {logging_mixin.py:154} INFO - [2023-12-17T08:03:45.026+0700] {manager.py:499} INFO - Created Permission View: %s
[2023-12-17T08:03:45.034+0700] {logging_mixin.py:154} INFO - [2023-12-17T08:03:45.034+0700] {manager.py:499} INFO - Created Permission View: %s
[2023-12-17T08:03:45.042+0700] {logging_mixin.py:154} INFO - [2023-12-17T08:03:45.042+0700] {manager.py:499} INFO - Created Permission View: %s
[2023-12-17T08:03:45.042+0700] {logging_mixin.py:154} INFO - [2023-12-17T08:03:45.042+0700] {dag.py:2941} INFO - Sync 3 DAGs
[2023-12-17T08:03:45.051+0700] {logging_mixin.py:154} INFO - [2023-12-17T08:03:45.051+0700] {dag.py:2963} INFO - Creating ORM DAG for example_branch_datetime_operator_3
[2023-12-17T08:03:45.052+0700] {logging_mixin.py:154} INFO - [2023-12-17T08:03:45.052+0700] {dag.py:2963} INFO - Creating ORM DAG for example_branch_datetime_operator_2
[2023-12-17T08:03:45.052+0700] {logging_mixin.py:154} INFO - [2023-12-17T08:03:45.052+0700] {dag.py:2963} INFO - Creating ORM DAG for example_branch_datetime_operator
[2023-12-17T08:03:45.062+0700] {logging_mixin.py:154} INFO - [2023-12-17T08:03:45.062+0700] {dag.py:3722} INFO - Setting next_dagrun for example_branch_datetime_operator to 2023-12-16T00:00:00+00:00, run_after=2023-12-17T00:00:00+00:00
[2023-12-17T08:03:45.064+0700] {logging_mixin.py:154} INFO - [2023-12-17T08:03:45.064+0700] {dag.py:3722} INFO - Setting next_dagrun for example_branch_datetime_operator_2 to 2023-12-16T00:00:00+00:00, run_after=2023-12-17T00:00:00+00:00
[2023-12-17T08:03:45.066+0700] {logging_mixin.py:154} INFO - [2023-12-17T08:03:45.066+0700] {dag.py:3722} INFO - Setting next_dagrun for example_branch_datetime_operator_3 to 2023-12-16T00:00:00+00:00, run_after=2023-12-17T00:00:00+00:00
[2023-12-17T08:03:45.081+0700] {processor.py:179} INFO - Processing /home/phuc/Practice/DataScience/DSProject/venv/lib/python3.10/site-packages/airflow/example_dags/example_branch_datetime_operator.py took 0.193 seconds
[2023-12-17T08:05:59.445+0700] {processor.py:157} INFO - Started process (PID=311221) to work on /home/phuc/Practice/DataScience/DSProject/venv/lib/python3.10/site-packages/airflow/example_dags/example_branch_datetime_operator.py
[2023-12-17T08:05:59.452+0700] {processor.py:829} INFO - Processing file /home/phuc/Practice/DataScience/DSProject/venv/lib/python3.10/site-packages/airflow/example_dags/example_branch_datetime_operator.py for tasks to queue
[2023-12-17T08:05:59.453+0700] {logging_mixin.py:154} INFO - [2023-12-17T08:05:59.453+0700] {dagbag.py:536} INFO - Filling up the DagBag from /home/phuc/Practice/DataScience/DSProject/venv/lib/python3.10/site-packages/airflow/example_dags/example_branch_datetime_operator.py
[2023-12-17T08:05:59.460+0700] {processor.py:839} INFO - DAG(s) dict_keys(['example_branch_datetime_operator_2', 'example_branch_datetime_operator', 'example_branch_datetime_operator_3']) retrieved from /home/phuc/Practice/DataScience/DSProject/venv/lib/python3.10/site-packages/airflow/example_dags/example_branch_datetime_operator.py
[2023-12-17T08:05:59.478+0700] {logging_mixin.py:154} INFO - [2023-12-17T08:05:59.478+0700] {dag.py:2941} INFO - Sync 3 DAGs
[2023-12-17T08:05:59.496+0700] {logging_mixin.py:154} INFO - [2023-12-17T08:05:59.496+0700] {dag.py:3722} INFO - Setting next_dagrun for example_branch_datetime_operator to 2023-12-16T00:00:00+00:00, run_after=2023-12-17T00:00:00+00:00
[2023-12-17T08:05:59.500+0700] {logging_mixin.py:154} INFO - [2023-12-17T08:05:59.499+0700] {dag.py:3722} INFO - Setting next_dagrun for example_branch_datetime_operator_2 to 2023-12-16T00:00:00+00:00, run_after=2023-12-17T00:00:00+00:00
[2023-12-17T08:05:59.502+0700] {logging_mixin.py:154} INFO - [2023-12-17T08:05:59.502+0700] {dag.py:3722} INFO - Setting next_dagrun for example_branch_datetime_operator_3 to 2023-12-16T00:00:00+00:00, run_after=2023-12-17T00:00:00+00:00
[2023-12-17T08:05:59.518+0700] {processor.py:179} INFO - Processing /home/phuc/Practice/DataScience/DSProject/venv/lib/python3.10/site-packages/airflow/example_dags/example_branch_datetime_operator.py took 0.075 seconds
[2023-12-17T08:06:56.143+0700] {processor.py:157} INFO - Started process (PID=311817) to work on /home/phuc/Practice/DataScience/DSProject/venv/lib/python3.10/site-packages/airflow/example_dags/example_branch_datetime_operator.py
[2023-12-17T08:06:56.150+0700] {processor.py:829} INFO - Processing file /home/phuc/Practice/DataScience/DSProject/venv/lib/python3.10/site-packages/airflow/example_dags/example_branch_datetime_operator.py for tasks to queue
[2023-12-17T08:06:56.152+0700] {logging_mixin.py:154} INFO - [2023-12-17T08:06:56.151+0700] {dagbag.py:536} INFO - Filling up the DagBag from /home/phuc/Practice/DataScience/DSProject/venv/lib/python3.10/site-packages/airflow/example_dags/example_branch_datetime_operator.py
[2023-12-17T08:06:56.163+0700] {processor.py:839} INFO - DAG(s) dict_keys(['example_branch_datetime_operator_3', 'example_branch_datetime_operator_2', 'example_branch_datetime_operator']) retrieved from /home/phuc/Practice/DataScience/DSProject/venv/lib/python3.10/site-packages/airflow/example_dags/example_branch_datetime_operator.py
[2023-12-17T08:06:56.180+0700] {logging_mixin.py:154} INFO - [2023-12-17T08:06:56.180+0700] {dag.py:2941} INFO - Sync 3 DAGs
[2023-12-17T08:06:56.193+0700] {logging_mixin.py:154} INFO - [2023-12-17T08:06:56.192+0700] {dag.py:3722} INFO - Setting next_dagrun for example_branch_datetime_operator to 2023-12-16T00:00:00+00:00, run_after=2023-12-17T00:00:00+00:00
[2023-12-17T08:06:56.196+0700] {logging_mixin.py:154} INFO - [2023-12-17T08:06:56.195+0700] {dag.py:3722} INFO - Setting next_dagrun for example_branch_datetime_operator_2 to 2023-12-16T00:00:00+00:00, run_after=2023-12-17T00:00:00+00:00
[2023-12-17T08:06:56.198+0700] {logging_mixin.py:154} INFO - [2023-12-17T08:06:56.198+0700] {dag.py:3722} INFO - Setting next_dagrun for example_branch_datetime_operator_3 to 2023-12-16T00:00:00+00:00, run_after=2023-12-17T00:00:00+00:00
[2023-12-17T08:06:56.211+0700] {processor.py:179} INFO - Processing /home/phuc/Practice/DataScience/DSProject/venv/lib/python3.10/site-packages/airflow/example_dags/example_branch_datetime_operator.py took 0.070 seconds
[2023-12-17T08:08:48.563+0700] {processor.py:157} INFO - Started process (PID=313174) to work on /home/phuc/Practice/DataScience/DSProject/venv/lib/python3.10/site-packages/airflow/example_dags/example_branch_datetime_operator.py
[2023-12-17T08:08:48.570+0700] {processor.py:829} INFO - Processing file /home/phuc/Practice/DataScience/DSProject/venv/lib/python3.10/site-packages/airflow/example_dags/example_branch_datetime_operator.py for tasks to queue
[2023-12-17T08:08:48.570+0700] {logging_mixin.py:154} INFO - [2023-12-17T08:08:48.570+0700] {dagbag.py:536} INFO - Filling up the DagBag from /home/phuc/Practice/DataScience/DSProject/venv/lib/python3.10/site-packages/airflow/example_dags/example_branch_datetime_operator.py
[2023-12-17T08:08:48.579+0700] {processor.py:839} INFO - DAG(s) dict_keys(['example_branch_datetime_operator_2', 'example_branch_datetime_operator', 'example_branch_datetime_operator_3']) retrieved from /home/phuc/Practice/DataScience/DSProject/venv/lib/python3.10/site-packages/airflow/example_dags/example_branch_datetime_operator.py
[2023-12-17T08:08:48.602+0700] {logging_mixin.py:154} INFO - [2023-12-17T08:08:48.602+0700] {dag.py:2941} INFO - Sync 3 DAGs
[2023-12-17T08:08:48.628+0700] {logging_mixin.py:154} INFO - [2023-12-17T08:08:48.627+0700] {dag.py:3722} INFO - Setting next_dagrun for example_branch_datetime_operator to 2023-12-16T00:00:00+00:00, run_after=2023-12-17T00:00:00+00:00
[2023-12-17T08:08:48.634+0700] {logging_mixin.py:154} INFO - [2023-12-17T08:08:48.634+0700] {dag.py:3722} INFO - Setting next_dagrun for example_branch_datetime_operator_2 to 2023-12-16T00:00:00+00:00, run_after=2023-12-17T00:00:00+00:00
[2023-12-17T08:08:48.639+0700] {logging_mixin.py:154} INFO - [2023-12-17T08:08:48.638+0700] {dag.py:3722} INFO - Setting next_dagrun for example_branch_datetime_operator_3 to 2023-12-16T00:00:00+00:00, run_after=2023-12-17T00:00:00+00:00
[2023-12-17T08:08:48.663+0700] {processor.py:179} INFO - Processing /home/phuc/Practice/DataScience/DSProject/venv/lib/python3.10/site-packages/airflow/example_dags/example_branch_datetime_operator.py took 0.103 seconds
[2023-12-17T08:09:39.007+0700] {processor.py:157} INFO - Started process (PID=313515) to work on /home/phuc/Practice/DataScience/DSProject/venv/lib/python3.10/site-packages/airflow/example_dags/example_branch_datetime_operator.py
[2023-12-17T08:09:39.014+0700] {processor.py:829} INFO - Processing file /home/phuc/Practice/DataScience/DSProject/venv/lib/python3.10/site-packages/airflow/example_dags/example_branch_datetime_operator.py for tasks to queue
[2023-12-17T08:09:39.015+0700] {logging_mixin.py:154} INFO - [2023-12-17T08:09:39.015+0700] {dagbag.py:536} INFO - Filling up the DagBag from /home/phuc/Practice/DataScience/DSProject/venv/lib/python3.10/site-packages/airflow/example_dags/example_branch_datetime_operator.py
[2023-12-17T08:09:39.029+0700] {processor.py:839} INFO - DAG(s) dict_keys(['example_branch_datetime_operator_2', 'example_branch_datetime_operator_3', 'example_branch_datetime_operator']) retrieved from /home/phuc/Practice/DataScience/DSProject/venv/lib/python3.10/site-packages/airflow/example_dags/example_branch_datetime_operator.py
[2023-12-17T08:09:39.047+0700] {logging_mixin.py:154} INFO - [2023-12-17T08:09:39.047+0700] {dag.py:2941} INFO - Sync 3 DAGs
[2023-12-17T08:09:39.067+0700] {logging_mixin.py:154} INFO - [2023-12-17T08:09:39.066+0700] {dag.py:3722} INFO - Setting next_dagrun for example_branch_datetime_operator to 2023-12-16T00:00:00+00:00, run_after=2023-12-17T00:00:00+00:00
[2023-12-17T08:09:39.071+0700] {logging_mixin.py:154} INFO - [2023-12-17T08:09:39.070+0700] {dag.py:3722} INFO - Setting next_dagrun for example_branch_datetime_operator_2 to 2023-12-16T00:00:00+00:00, run_after=2023-12-17T00:00:00+00:00
[2023-12-17T08:09:39.073+0700] {logging_mixin.py:154} INFO - [2023-12-17T08:09:39.073+0700] {dag.py:3722} INFO - Setting next_dagrun for example_branch_datetime_operator_3 to 2023-12-16T00:00:00+00:00, run_after=2023-12-17T00:00:00+00:00
[2023-12-17T08:09:39.135+0700] {processor.py:179} INFO - Processing /home/phuc/Practice/DataScience/DSProject/venv/lib/python3.10/site-packages/airflow/example_dags/example_branch_datetime_operator.py took 0.131 seconds
[2023-12-17T08:10:28.431+0700] {processor.py:157} INFO - Started process (PID=313880) to work on /home/phuc/Practice/DataScience/DSProject/venv/lib/python3.10/site-packages/airflow/example_dags/example_branch_datetime_operator.py
[2023-12-17T08:10:28.438+0700] {processor.py:829} INFO - Processing file /home/phuc/Practice/DataScience/DSProject/venv/lib/python3.10/site-packages/airflow/example_dags/example_branch_datetime_operator.py for tasks to queue
[2023-12-17T08:10:28.440+0700] {logging_mixin.py:154} INFO - [2023-12-17T08:10:28.439+0700] {dagbag.py:536} INFO - Filling up the DagBag from /home/phuc/Practice/DataScience/DSProject/venv/lib/python3.10/site-packages/airflow/example_dags/example_branch_datetime_operator.py
[2023-12-17T08:10:28.453+0700] {processor.py:839} INFO - DAG(s) dict_keys(['example_branch_datetime_operator', 'example_branch_datetime_operator_2', 'example_branch_datetime_operator_3']) retrieved from /home/phuc/Practice/DataScience/DSProject/venv/lib/python3.10/site-packages/airflow/example_dags/example_branch_datetime_operator.py
[2023-12-17T08:10:28.465+0700] {logging_mixin.py:154} INFO - [2023-12-17T08:10:28.465+0700] {dag.py:2941} INFO - Sync 3 DAGs
[2023-12-17T08:10:28.476+0700] {logging_mixin.py:154} INFO - [2023-12-17T08:10:28.476+0700] {dag.py:3722} INFO - Setting next_dagrun for example_branch_datetime_operator to 2023-12-16T00:00:00+00:00, run_after=2023-12-17T00:00:00+00:00
[2023-12-17T08:10:28.478+0700] {logging_mixin.py:154} INFO - [2023-12-17T08:10:28.478+0700] {dag.py:3722} INFO - Setting next_dagrun for example_branch_datetime_operator_2 to 2023-12-16T00:00:00+00:00, run_after=2023-12-17T00:00:00+00:00
[2023-12-17T08:10:28.479+0700] {logging_mixin.py:154} INFO - [2023-12-17T08:10:28.479+0700] {dag.py:3722} INFO - Setting next_dagrun for example_branch_datetime_operator_3 to 2023-12-16T00:00:00+00:00, run_after=2023-12-17T00:00:00+00:00
[2023-12-17T08:10:28.490+0700] {processor.py:179} INFO - Processing /home/phuc/Practice/DataScience/DSProject/venv/lib/python3.10/site-packages/airflow/example_dags/example_branch_datetime_operator.py took 0.061 seconds
[2023-12-17T08:11:18.283+0700] {processor.py:157} INFO - Started process (PID=314082) to work on /home/phuc/Practice/DataScience/DSProject/venv/lib/python3.10/site-packages/airflow/example_dags/example_branch_datetime_operator.py
[2023-12-17T08:11:18.284+0700] {processor.py:829} INFO - Processing file /home/phuc/Practice/DataScience/DSProject/venv/lib/python3.10/site-packages/airflow/example_dags/example_branch_datetime_operator.py for tasks to queue
[2023-12-17T08:11:18.285+0700] {logging_mixin.py:154} INFO - [2023-12-17T08:11:18.285+0700] {dagbag.py:536} INFO - Filling up the DagBag from /home/phuc/Practice/DataScience/DSProject/venv/lib/python3.10/site-packages/airflow/example_dags/example_branch_datetime_operator.py
[2023-12-17T08:11:18.296+0700] {processor.py:839} INFO - DAG(s) dict_keys(['example_branch_datetime_operator', 'example_branch_datetime_operator_2', 'example_branch_datetime_operator_3']) retrieved from /home/phuc/Practice/DataScience/DSProject/venv/lib/python3.10/site-packages/airflow/example_dags/example_branch_datetime_operator.py
[2023-12-17T08:11:18.311+0700] {logging_mixin.py:154} INFO - [2023-12-17T08:11:18.311+0700] {dag.py:2941} INFO - Sync 3 DAGs
[2023-12-17T08:11:18.325+0700] {logging_mixin.py:154} INFO - [2023-12-17T08:11:18.325+0700] {dag.py:3722} INFO - Setting next_dagrun for example_branch_datetime_operator to 2023-12-16T00:00:00+00:00, run_after=2023-12-17T00:00:00+00:00
[2023-12-17T08:11:18.328+0700] {logging_mixin.py:154} INFO - [2023-12-17T08:11:18.328+0700] {dag.py:3722} INFO - Setting next_dagrun for example_branch_datetime_operator_2 to 2023-12-16T00:00:00+00:00, run_after=2023-12-17T00:00:00+00:00
[2023-12-17T08:11:18.329+0700] {logging_mixin.py:154} INFO - [2023-12-17T08:11:18.329+0700] {dag.py:3722} INFO - Setting next_dagrun for example_branch_datetime_operator_3 to 2023-12-16T00:00:00+00:00, run_after=2023-12-17T00:00:00+00:00
[2023-12-17T08:11:18.340+0700] {processor.py:179} INFO - Processing /home/phuc/Practice/DataScience/DSProject/venv/lib/python3.10/site-packages/airflow/example_dags/example_branch_datetime_operator.py took 0.059 seconds
[2023-12-17T08:12:08.388+0700] {processor.py:157} INFO - Started process (PID=314341) to work on /home/phuc/Practice/DataScience/DSProject/venv/lib/python3.10/site-packages/airflow/example_dags/example_branch_datetime_operator.py
[2023-12-17T08:12:08.395+0700] {processor.py:829} INFO - Processing file /home/phuc/Practice/DataScience/DSProject/venv/lib/python3.10/site-packages/airflow/example_dags/example_branch_datetime_operator.py for tasks to queue
[2023-12-17T08:12:08.396+0700] {logging_mixin.py:154} INFO - [2023-12-17T08:12:08.395+0700] {dagbag.py:536} INFO - Filling up the DagBag from /home/phuc/Practice/DataScience/DSProject/venv/lib/python3.10/site-packages/airflow/example_dags/example_branch_datetime_operator.py
[2023-12-17T08:12:08.409+0700] {processor.py:839} INFO - DAG(s) dict_keys(['example_branch_datetime_operator_3', 'example_branch_datetime_operator_2', 'example_branch_datetime_operator']) retrieved from /home/phuc/Practice/DataScience/DSProject/venv/lib/python3.10/site-packages/airflow/example_dags/example_branch_datetime_operator.py
[2023-12-17T08:12:08.422+0700] {logging_mixin.py:154} INFO - [2023-12-17T08:12:08.422+0700] {dag.py:2941} INFO - Sync 3 DAGs
[2023-12-17T08:12:08.432+0700] {logging_mixin.py:154} INFO - [2023-12-17T08:12:08.432+0700] {dag.py:3722} INFO - Setting next_dagrun for example_branch_datetime_operator to 2023-12-16T00:00:00+00:00, run_after=2023-12-17T00:00:00+00:00
[2023-12-17T08:12:08.434+0700] {logging_mixin.py:154} INFO - [2023-12-17T08:12:08.434+0700] {dag.py:3722} INFO - Setting next_dagrun for example_branch_datetime_operator_2 to 2023-12-16T00:00:00+00:00, run_after=2023-12-17T00:00:00+00:00
[2023-12-17T08:12:08.436+0700] {logging_mixin.py:154} INFO - [2023-12-17T08:12:08.436+0700] {dag.py:3722} INFO - Setting next_dagrun for example_branch_datetime_operator_3 to 2023-12-16T00:00:00+00:00, run_after=2023-12-17T00:00:00+00:00
[2023-12-17T08:12:08.447+0700] {processor.py:179} INFO - Processing /home/phuc/Practice/DataScience/DSProject/venv/lib/python3.10/site-packages/airflow/example_dags/example_branch_datetime_operator.py took 0.063 seconds
[2023-12-17T08:12:58.719+0700] {processor.py:157} INFO - Started process (PID=314567) to work on /home/phuc/Practice/DataScience/DSProject/venv/lib/python3.10/site-packages/airflow/example_dags/example_branch_datetime_operator.py
[2023-12-17T08:12:58.726+0700] {processor.py:829} INFO - Processing file /home/phuc/Practice/DataScience/DSProject/venv/lib/python3.10/site-packages/airflow/example_dags/example_branch_datetime_operator.py for tasks to queue
[2023-12-17T08:12:58.726+0700] {logging_mixin.py:154} INFO - [2023-12-17T08:12:58.726+0700] {dagbag.py:536} INFO - Filling up the DagBag from /home/phuc/Practice/DataScience/DSProject/venv/lib/python3.10/site-packages/airflow/example_dags/example_branch_datetime_operator.py
[2023-12-17T08:12:58.733+0700] {processor.py:839} INFO - DAG(s) dict_keys(['example_branch_datetime_operator', 'example_branch_datetime_operator_2', 'example_branch_datetime_operator_3']) retrieved from /home/phuc/Practice/DataScience/DSProject/venv/lib/python3.10/site-packages/airflow/example_dags/example_branch_datetime_operator.py
[2023-12-17T08:12:58.747+0700] {logging_mixin.py:154} INFO - [2023-12-17T08:12:58.747+0700] {dag.py:2941} INFO - Sync 3 DAGs
[2023-12-17T08:12:58.758+0700] {logging_mixin.py:154} INFO - [2023-12-17T08:12:58.758+0700] {dag.py:3722} INFO - Setting next_dagrun for example_branch_datetime_operator to 2023-12-16T00:00:00+00:00, run_after=2023-12-17T00:00:00+00:00
[2023-12-17T08:12:58.761+0700] {logging_mixin.py:154} INFO - [2023-12-17T08:12:58.761+0700] {dag.py:3722} INFO - Setting next_dagrun for example_branch_datetime_operator_2 to 2023-12-16T00:00:00+00:00, run_after=2023-12-17T00:00:00+00:00
[2023-12-17T08:12:58.762+0700] {logging_mixin.py:154} INFO - [2023-12-17T08:12:58.762+0700] {dag.py:3722} INFO - Setting next_dagrun for example_branch_datetime_operator_3 to 2023-12-16T00:00:00+00:00, run_after=2023-12-17T00:00:00+00:00
[2023-12-17T08:12:58.774+0700] {processor.py:179} INFO - Processing /home/phuc/Practice/DataScience/DSProject/venv/lib/python3.10/site-packages/airflow/example_dags/example_branch_datetime_operator.py took 0.056 seconds
[2023-12-17T08:13:42.849+0700] {processor.py:157} INFO - Started process (PID=314825) to work on /home/phuc/Practice/DataScience/DSProject/venv/lib/python3.10/site-packages/airflow/example_dags/example_branch_datetime_operator.py
[2023-12-17T08:13:42.857+0700] {processor.py:829} INFO - Processing file /home/phuc/Practice/DataScience/DSProject/venv/lib/python3.10/site-packages/airflow/example_dags/example_branch_datetime_operator.py for tasks to queue
[2023-12-17T08:13:42.858+0700] {logging_mixin.py:154} INFO - [2023-12-17T08:13:42.857+0700] {dagbag.py:536} INFO - Filling up the DagBag from /home/phuc/Practice/DataScience/DSProject/venv/lib/python3.10/site-packages/airflow/example_dags/example_branch_datetime_operator.py
[2023-12-17T08:13:42.871+0700] {processor.py:839} INFO - DAG(s) dict_keys(['example_branch_datetime_operator_3', 'example_branch_datetime_operator_2', 'example_branch_datetime_operator']) retrieved from /home/phuc/Practice/DataScience/DSProject/venv/lib/python3.10/site-packages/airflow/example_dags/example_branch_datetime_operator.py
[2023-12-17T08:13:42.885+0700] {logging_mixin.py:154} INFO - [2023-12-17T08:13:42.885+0700] {dag.py:2941} INFO - Sync 3 DAGs
[2023-12-17T08:13:42.896+0700] {logging_mixin.py:154} INFO - [2023-12-17T08:13:42.896+0700] {dag.py:3722} INFO - Setting next_dagrun for example_branch_datetime_operator to 2023-12-16T00:00:00+00:00, run_after=2023-12-17T00:00:00+00:00
[2023-12-17T08:13:42.898+0700] {logging_mixin.py:154} INFO - [2023-12-17T08:13:42.898+0700] {dag.py:3722} INFO - Setting next_dagrun for example_branch_datetime_operator_2 to 2023-12-16T00:00:00+00:00, run_after=2023-12-17T00:00:00+00:00
[2023-12-17T08:13:42.900+0700] {logging_mixin.py:154} INFO - [2023-12-17T08:13:42.900+0700] {dag.py:3722} INFO - Setting next_dagrun for example_branch_datetime_operator_3 to 2023-12-16T00:00:00+00:00, run_after=2023-12-17T00:00:00+00:00
[2023-12-17T08:13:42.911+0700] {processor.py:179} INFO - Processing /home/phuc/Practice/DataScience/DSProject/venv/lib/python3.10/site-packages/airflow/example_dags/example_branch_datetime_operator.py took 0.066 seconds
[2023-12-17T08:14:36.427+0700] {processor.py:157} INFO - Started process (PID=315051) to work on /home/phuc/Practice/DataScience/DSProject/venv/lib/python3.10/site-packages/airflow/example_dags/example_branch_datetime_operator.py
[2023-12-17T08:14:36.434+0700] {processor.py:829} INFO - Processing file /home/phuc/Practice/DataScience/DSProject/venv/lib/python3.10/site-packages/airflow/example_dags/example_branch_datetime_operator.py for tasks to queue
[2023-12-17T08:14:36.435+0700] {logging_mixin.py:154} INFO - [2023-12-17T08:14:36.434+0700] {dagbag.py:536} INFO - Filling up the DagBag from /home/phuc/Practice/DataScience/DSProject/venv/lib/python3.10/site-packages/airflow/example_dags/example_branch_datetime_operator.py
[2023-12-17T08:14:36.449+0700] {processor.py:839} INFO - DAG(s) dict_keys(['example_branch_datetime_operator_3', 'example_branch_datetime_operator_2', 'example_branch_datetime_operator']) retrieved from /home/phuc/Practice/DataScience/DSProject/venv/lib/python3.10/site-packages/airflow/example_dags/example_branch_datetime_operator.py
[2023-12-17T08:14:36.462+0700] {logging_mixin.py:154} INFO - [2023-12-17T08:14:36.462+0700] {dag.py:2941} INFO - Sync 3 DAGs
[2023-12-17T08:14:36.473+0700] {logging_mixin.py:154} INFO - [2023-12-17T08:14:36.473+0700] {dag.py:3722} INFO - Setting next_dagrun for example_branch_datetime_operator to 2023-12-16T00:00:00+00:00, run_after=2023-12-17T00:00:00+00:00
[2023-12-17T08:14:36.475+0700] {logging_mixin.py:154} INFO - [2023-12-17T08:14:36.475+0700] {dag.py:3722} INFO - Setting next_dagrun for example_branch_datetime_operator_2 to 2023-12-16T00:00:00+00:00, run_after=2023-12-17T00:00:00+00:00
[2023-12-17T08:14:36.476+0700] {logging_mixin.py:154} INFO - [2023-12-17T08:14:36.476+0700] {dag.py:3722} INFO - Setting next_dagrun for example_branch_datetime_operator_3 to 2023-12-16T00:00:00+00:00, run_after=2023-12-17T00:00:00+00:00
[2023-12-17T08:14:36.487+0700] {processor.py:179} INFO - Processing /home/phuc/Practice/DataScience/DSProject/venv/lib/python3.10/site-packages/airflow/example_dags/example_branch_datetime_operator.py took 0.064 seconds
[2023-12-17T08:15:30.873+0700] {processor.py:157} INFO - Started process (PID=315295) to work on /home/phuc/Practice/DataScience/DSProject/venv/lib/python3.10/site-packages/airflow/example_dags/example_branch_datetime_operator.py
[2023-12-17T08:15:30.880+0700] {processor.py:829} INFO - Processing file /home/phuc/Practice/DataScience/DSProject/venv/lib/python3.10/site-packages/airflow/example_dags/example_branch_datetime_operator.py for tasks to queue
[2023-12-17T08:15:30.882+0700] {logging_mixin.py:154} INFO - [2023-12-17T08:15:30.881+0700] {dagbag.py:536} INFO - Filling up the DagBag from /home/phuc/Practice/DataScience/DSProject/venv/lib/python3.10/site-packages/airflow/example_dags/example_branch_datetime_operator.py
[2023-12-17T08:15:30.895+0700] {processor.py:839} INFO - DAG(s) dict_keys(['example_branch_datetime_operator', 'example_branch_datetime_operator_2', 'example_branch_datetime_operator_3']) retrieved from /home/phuc/Practice/DataScience/DSProject/venv/lib/python3.10/site-packages/airflow/example_dags/example_branch_datetime_operator.py
[2023-12-17T08:15:30.907+0700] {logging_mixin.py:154} INFO - [2023-12-17T08:15:30.907+0700] {dag.py:2941} INFO - Sync 3 DAGs
[2023-12-17T08:15:30.917+0700] {logging_mixin.py:154} INFO - [2023-12-17T08:15:30.917+0700] {dag.py:3722} INFO - Setting next_dagrun for example_branch_datetime_operator to 2023-12-16T00:00:00+00:00, run_after=2023-12-17T00:00:00+00:00
[2023-12-17T08:15:30.919+0700] {logging_mixin.py:154} INFO - [2023-12-17T08:15:30.919+0700] {dag.py:3722} INFO - Setting next_dagrun for example_branch_datetime_operator_2 to 2023-12-16T00:00:00+00:00, run_after=2023-12-17T00:00:00+00:00
[2023-12-17T08:15:30.921+0700] {logging_mixin.py:154} INFO - [2023-12-17T08:15:30.921+0700] {dag.py:3722} INFO - Setting next_dagrun for example_branch_datetime_operator_3 to 2023-12-16T00:00:00+00:00, run_after=2023-12-17T00:00:00+00:00
[2023-12-17T08:15:30.932+0700] {processor.py:179} INFO - Processing /home/phuc/Practice/DataScience/DSProject/venv/lib/python3.10/site-packages/airflow/example_dags/example_branch_datetime_operator.py took 0.061 seconds
[2023-12-17T08:18:15.479+0700] {processor.py:157} INFO - Started process (PID=316506) to work on /home/phuc/Practice/DataScience/DSProject/venv/lib/python3.10/site-packages/airflow/example_dags/example_branch_datetime_operator.py
[2023-12-17T08:18:15.487+0700] {processor.py:829} INFO - Processing file /home/phuc/Practice/DataScience/DSProject/venv/lib/python3.10/site-packages/airflow/example_dags/example_branch_datetime_operator.py for tasks to queue
[2023-12-17T08:18:15.488+0700] {logging_mixin.py:154} INFO - [2023-12-17T08:18:15.488+0700] {dagbag.py:536} INFO - Filling up the DagBag from /home/phuc/Practice/DataScience/DSProject/venv/lib/python3.10/site-packages/airflow/example_dags/example_branch_datetime_operator.py
[2023-12-17T08:18:15.501+0700] {processor.py:839} INFO - DAG(s) dict_keys(['example_branch_datetime_operator', 'example_branch_datetime_operator_2', 'example_branch_datetime_operator_3']) retrieved from /home/phuc/Practice/DataScience/DSProject/venv/lib/python3.10/site-packages/airflow/example_dags/example_branch_datetime_operator.py
[2023-12-17T08:18:15.517+0700] {logging_mixin.py:154} INFO - [2023-12-17T08:18:15.517+0700] {dag.py:2941} INFO - Sync 3 DAGs
[2023-12-17T08:18:15.528+0700] {logging_mixin.py:154} INFO - [2023-12-17T08:18:15.528+0700] {dag.py:3722} INFO - Setting next_dagrun for example_branch_datetime_operator to 2023-12-16T00:00:00+00:00, run_after=2023-12-17T00:00:00+00:00
[2023-12-17T08:18:15.531+0700] {logging_mixin.py:154} INFO - [2023-12-17T08:18:15.531+0700] {dag.py:3722} INFO - Setting next_dagrun for example_branch_datetime_operator_2 to 2023-12-16T00:00:00+00:00, run_after=2023-12-17T00:00:00+00:00
[2023-12-17T08:18:15.532+0700] {logging_mixin.py:154} INFO - [2023-12-17T08:18:15.532+0700] {dag.py:3722} INFO - Setting next_dagrun for example_branch_datetime_operator_3 to 2023-12-16T00:00:00+00:00, run_after=2023-12-17T00:00:00+00:00
[2023-12-17T08:18:15.546+0700] {processor.py:179} INFO - Processing /home/phuc/Practice/DataScience/DSProject/venv/lib/python3.10/site-packages/airflow/example_dags/example_branch_datetime_operator.py took 0.070 seconds
[2023-12-17T08:19:07.233+0700] {processor.py:157} INFO - Started process (PID=316975) to work on /home/phuc/Practice/DataScience/DSProject/venv/lib/python3.10/site-packages/airflow/example_dags/example_branch_datetime_operator.py
[2023-12-17T08:19:07.240+0700] {processor.py:829} INFO - Processing file /home/phuc/Practice/DataScience/DSProject/venv/lib/python3.10/site-packages/airflow/example_dags/example_branch_datetime_operator.py for tasks to queue
[2023-12-17T08:19:07.241+0700] {logging_mixin.py:154} INFO - [2023-12-17T08:19:07.241+0700] {dagbag.py:536} INFO - Filling up the DagBag from /home/phuc/Practice/DataScience/DSProject/venv/lib/python3.10/site-packages/airflow/example_dags/example_branch_datetime_operator.py
[2023-12-17T08:19:07.255+0700] {processor.py:839} INFO - DAG(s) dict_keys(['example_branch_datetime_operator_2', 'example_branch_datetime_operator', 'example_branch_datetime_operator_3']) retrieved from /home/phuc/Practice/DataScience/DSProject/venv/lib/python3.10/site-packages/airflow/example_dags/example_branch_datetime_operator.py
[2023-12-17T08:19:07.269+0700] {logging_mixin.py:154} INFO - [2023-12-17T08:19:07.269+0700] {dag.py:2941} INFO - Sync 3 DAGs
[2023-12-17T08:19:07.279+0700] {logging_mixin.py:154} INFO - [2023-12-17T08:19:07.279+0700] {dag.py:3722} INFO - Setting next_dagrun for example_branch_datetime_operator to 2023-12-16T00:00:00+00:00, run_after=2023-12-17T00:00:00+00:00
[2023-12-17T08:19:07.282+0700] {logging_mixin.py:154} INFO - [2023-12-17T08:19:07.282+0700] {dag.py:3722} INFO - Setting next_dagrun for example_branch_datetime_operator_2 to 2023-12-16T00:00:00+00:00, run_after=2023-12-17T00:00:00+00:00
[2023-12-17T08:19:07.283+0700] {logging_mixin.py:154} INFO - [2023-12-17T08:19:07.283+0700] {dag.py:3722} INFO - Setting next_dagrun for example_branch_datetime_operator_3 to 2023-12-16T00:00:00+00:00, run_after=2023-12-17T00:00:00+00:00
[2023-12-17T08:19:07.294+0700] {processor.py:179} INFO - Processing /home/phuc/Practice/DataScience/DSProject/venv/lib/python3.10/site-packages/airflow/example_dags/example_branch_datetime_operator.py took 0.064 seconds
[2023-12-17T08:20:00.941+0700] {processor.py:157} INFO - Started process (PID=317551) to work on /home/phuc/Practice/DataScience/DSProject/venv/lib/python3.10/site-packages/airflow/example_dags/example_branch_datetime_operator.py
[2023-12-17T08:20:00.948+0700] {processor.py:829} INFO - Processing file /home/phuc/Practice/DataScience/DSProject/venv/lib/python3.10/site-packages/airflow/example_dags/example_branch_datetime_operator.py for tasks to queue
[2023-12-17T08:20:00.949+0700] {logging_mixin.py:154} INFO - [2023-12-17T08:20:00.949+0700] {dagbag.py:536} INFO - Filling up the DagBag from /home/phuc/Practice/DataScience/DSProject/venv/lib/python3.10/site-packages/airflow/example_dags/example_branch_datetime_operator.py
[2023-12-17T08:20:00.957+0700] {processor.py:839} INFO - DAG(s) dict_keys(['example_branch_datetime_operator_2', 'example_branch_datetime_operator', 'example_branch_datetime_operator_3']) retrieved from /home/phuc/Practice/DataScience/DSProject/venv/lib/python3.10/site-packages/airflow/example_dags/example_branch_datetime_operator.py
[2023-12-17T08:20:00.974+0700] {logging_mixin.py:154} INFO - [2023-12-17T08:20:00.974+0700] {dag.py:2941} INFO - Sync 3 DAGs
[2023-12-17T08:20:00.989+0700] {logging_mixin.py:154} INFO - [2023-12-17T08:20:00.989+0700] {dag.py:3722} INFO - Setting next_dagrun for example_branch_datetime_operator to 2023-12-16T00:00:00+00:00, run_after=2023-12-17T00:00:00+00:00
[2023-12-17T08:20:00.992+0700] {logging_mixin.py:154} INFO - [2023-12-17T08:20:00.992+0700] {dag.py:3722} INFO - Setting next_dagrun for example_branch_datetime_operator_2 to 2023-12-16T00:00:00+00:00, run_after=2023-12-17T00:00:00+00:00
[2023-12-17T08:20:00.994+0700] {logging_mixin.py:154} INFO - [2023-12-17T08:20:00.994+0700] {dag.py:3722} INFO - Setting next_dagrun for example_branch_datetime_operator_3 to 2023-12-16T00:00:00+00:00, run_after=2023-12-17T00:00:00+00:00
[2023-12-17T08:20:01.008+0700] {processor.py:179} INFO - Processing /home/phuc/Practice/DataScience/DSProject/venv/lib/python3.10/site-packages/airflow/example_dags/example_branch_datetime_operator.py took 0.069 seconds
[2023-12-17T08:23:15.229+0700] {processor.py:157} INFO - Started process (PID=319382) to work on /home/phuc/Practice/DataScience/DSProject/venv/lib/python3.10/site-packages/airflow/example_dags/example_branch_datetime_operator.py
[2023-12-17T08:23:15.236+0700] {processor.py:829} INFO - Processing file /home/phuc/Practice/DataScience/DSProject/venv/lib/python3.10/site-packages/airflow/example_dags/example_branch_datetime_operator.py for tasks to queue
[2023-12-17T08:23:15.237+0700] {logging_mixin.py:154} INFO - [2023-12-17T08:23:15.236+0700] {dagbag.py:536} INFO - Filling up the DagBag from /home/phuc/Practice/DataScience/DSProject/venv/lib/python3.10/site-packages/airflow/example_dags/example_branch_datetime_operator.py
[2023-12-17T08:23:15.244+0700] {processor.py:839} INFO - DAG(s) dict_keys(['example_branch_datetime_operator', 'example_branch_datetime_operator_3', 'example_branch_datetime_operator_2']) retrieved from /home/phuc/Practice/DataScience/DSProject/venv/lib/python3.10/site-packages/airflow/example_dags/example_branch_datetime_operator.py
[2023-12-17T08:23:15.262+0700] {logging_mixin.py:154} INFO - [2023-12-17T08:23:15.261+0700] {dag.py:2941} INFO - Sync 3 DAGs
[2023-12-17T08:23:15.276+0700] {logging_mixin.py:154} INFO - [2023-12-17T08:23:15.276+0700] {dag.py:3722} INFO - Setting next_dagrun for example_branch_datetime_operator to 2023-12-16T00:00:00+00:00, run_after=2023-12-17T00:00:00+00:00
[2023-12-17T08:23:15.280+0700] {logging_mixin.py:154} INFO - [2023-12-17T08:23:15.279+0700] {dag.py:3722} INFO - Setting next_dagrun for example_branch_datetime_operator_2 to 2023-12-16T00:00:00+00:00, run_after=2023-12-17T00:00:00+00:00
[2023-12-17T08:23:15.282+0700] {logging_mixin.py:154} INFO - [2023-12-17T08:23:15.282+0700] {dag.py:3722} INFO - Setting next_dagrun for example_branch_datetime_operator_3 to 2023-12-16T00:00:00+00:00, run_after=2023-12-17T00:00:00+00:00
[2023-12-17T08:23:15.299+0700] {processor.py:179} INFO - Processing /home/phuc/Practice/DataScience/DSProject/venv/lib/python3.10/site-packages/airflow/example_dags/example_branch_datetime_operator.py took 0.072 seconds
[2023-12-17T08:24:11.839+0700] {processor.py:157} INFO - Started process (PID=319749) to work on /home/phuc/Practice/DataScience/DSProject/venv/lib/python3.10/site-packages/airflow/example_dags/example_branch_datetime_operator.py
[2023-12-17T08:24:11.845+0700] {processor.py:829} INFO - Processing file /home/phuc/Practice/DataScience/DSProject/venv/lib/python3.10/site-packages/airflow/example_dags/example_branch_datetime_operator.py for tasks to queue
[2023-12-17T08:24:11.846+0700] {logging_mixin.py:154} INFO - [2023-12-17T08:24:11.846+0700] {dagbag.py:536} INFO - Filling up the DagBag from /home/phuc/Practice/DataScience/DSProject/venv/lib/python3.10/site-packages/airflow/example_dags/example_branch_datetime_operator.py
[2023-12-17T08:24:11.854+0700] {processor.py:839} INFO - DAG(s) dict_keys(['example_branch_datetime_operator_3', 'example_branch_datetime_operator_2', 'example_branch_datetime_operator']) retrieved from /home/phuc/Practice/DataScience/DSProject/venv/lib/python3.10/site-packages/airflow/example_dags/example_branch_datetime_operator.py
[2023-12-17T08:24:11.867+0700] {logging_mixin.py:154} INFO - [2023-12-17T08:24:11.867+0700] {dag.py:2941} INFO - Sync 3 DAGs
[2023-12-17T08:24:11.877+0700] {logging_mixin.py:154} INFO - [2023-12-17T08:24:11.877+0700] {dag.py:3722} INFO - Setting next_dagrun for example_branch_datetime_operator to 2023-12-16T00:00:00+00:00, run_after=2023-12-17T00:00:00+00:00
[2023-12-17T08:24:11.879+0700] {logging_mixin.py:154} INFO - [2023-12-17T08:24:11.879+0700] {dag.py:3722} INFO - Setting next_dagrun for example_branch_datetime_operator_2 to 2023-12-16T00:00:00+00:00, run_after=2023-12-17T00:00:00+00:00
[2023-12-17T08:24:11.881+0700] {logging_mixin.py:154} INFO - [2023-12-17T08:24:11.881+0700] {dag.py:3722} INFO - Setting next_dagrun for example_branch_datetime_operator_3 to 2023-12-16T00:00:00+00:00, run_after=2023-12-17T00:00:00+00:00
[2023-12-17T08:24:11.891+0700] {processor.py:179} INFO - Processing /home/phuc/Practice/DataScience/DSProject/venv/lib/python3.10/site-packages/airflow/example_dags/example_branch_datetime_operator.py took 0.055 seconds
[2023-12-17T08:25:07.403+0700] {processor.py:157} INFO - Started process (PID=320009) to work on /home/phuc/Practice/DataScience/DSProject/venv/lib/python3.10/site-packages/airflow/example_dags/example_branch_datetime_operator.py
[2023-12-17T08:25:07.404+0700] {processor.py:829} INFO - Processing file /home/phuc/Practice/DataScience/DSProject/venv/lib/python3.10/site-packages/airflow/example_dags/example_branch_datetime_operator.py for tasks to queue
[2023-12-17T08:25:07.405+0700] {logging_mixin.py:154} INFO - [2023-12-17T08:25:07.404+0700] {dagbag.py:536} INFO - Filling up the DagBag from /home/phuc/Practice/DataScience/DSProject/venv/lib/python3.10/site-packages/airflow/example_dags/example_branch_datetime_operator.py
[2023-12-17T08:25:07.415+0700] {processor.py:839} INFO - DAG(s) dict_keys(['example_branch_datetime_operator_2', 'example_branch_datetime_operator', 'example_branch_datetime_operator_3']) retrieved from /home/phuc/Practice/DataScience/DSProject/venv/lib/python3.10/site-packages/airflow/example_dags/example_branch_datetime_operator.py
[2023-12-17T08:25:07.428+0700] {logging_mixin.py:154} INFO - [2023-12-17T08:25:07.428+0700] {dag.py:2941} INFO - Sync 3 DAGs
[2023-12-17T08:25:07.438+0700] {logging_mixin.py:154} INFO - [2023-12-17T08:25:07.438+0700] {dag.py:3722} INFO - Setting next_dagrun for example_branch_datetime_operator to 2023-12-16T00:00:00+00:00, run_after=2023-12-17T00:00:00+00:00
[2023-12-17T08:25:07.440+0700] {logging_mixin.py:154} INFO - [2023-12-17T08:25:07.440+0700] {dag.py:3722} INFO - Setting next_dagrun for example_branch_datetime_operator_2 to 2023-12-16T00:00:00+00:00, run_after=2023-12-17T00:00:00+00:00
[2023-12-17T08:25:07.442+0700] {logging_mixin.py:154} INFO - [2023-12-17T08:25:07.442+0700] {dag.py:3722} INFO - Setting next_dagrun for example_branch_datetime_operator_3 to 2023-12-16T00:00:00+00:00, run_after=2023-12-17T00:00:00+00:00
[2023-12-17T08:25:07.457+0700] {processor.py:179} INFO - Processing /home/phuc/Practice/DataScience/DSProject/venv/lib/python3.10/site-packages/airflow/example_dags/example_branch_datetime_operator.py took 0.057 seconds
[2023-12-17T08:25:58.143+0700] {processor.py:157} INFO - Started process (PID=320232) to work on /home/phuc/Practice/DataScience/DSProject/venv/lib/python3.10/site-packages/airflow/example_dags/example_branch_datetime_operator.py
[2023-12-17T08:25:58.150+0700] {processor.py:829} INFO - Processing file /home/phuc/Practice/DataScience/DSProject/venv/lib/python3.10/site-packages/airflow/example_dags/example_branch_datetime_operator.py for tasks to queue
[2023-12-17T08:25:58.151+0700] {logging_mixin.py:154} INFO - [2023-12-17T08:25:58.151+0700] {dagbag.py:536} INFO - Filling up the DagBag from /home/phuc/Practice/DataScience/DSProject/venv/lib/python3.10/site-packages/airflow/example_dags/example_branch_datetime_operator.py
[2023-12-17T08:25:58.165+0700] {processor.py:839} INFO - DAG(s) dict_keys(['example_branch_datetime_operator', 'example_branch_datetime_operator_2', 'example_branch_datetime_operator_3']) retrieved from /home/phuc/Practice/DataScience/DSProject/venv/lib/python3.10/site-packages/airflow/example_dags/example_branch_datetime_operator.py
[2023-12-17T08:25:58.178+0700] {logging_mixin.py:154} INFO - [2023-12-17T08:25:58.178+0700] {dag.py:2941} INFO - Sync 3 DAGs
[2023-12-17T08:25:58.189+0700] {logging_mixin.py:154} INFO - [2023-12-17T08:25:58.189+0700] {dag.py:3722} INFO - Setting next_dagrun for example_branch_datetime_operator to 2023-12-16T00:00:00+00:00, run_after=2023-12-17T00:00:00+00:00
[2023-12-17T08:25:58.191+0700] {logging_mixin.py:154} INFO - [2023-12-17T08:25:58.191+0700] {dag.py:3722} INFO - Setting next_dagrun for example_branch_datetime_operator_2 to 2023-12-16T00:00:00+00:00, run_after=2023-12-17T00:00:00+00:00
[2023-12-17T08:25:58.192+0700] {logging_mixin.py:154} INFO - [2023-12-17T08:25:58.192+0700] {dag.py:3722} INFO - Setting next_dagrun for example_branch_datetime_operator_3 to 2023-12-16T00:00:00+00:00, run_after=2023-12-17T00:00:00+00:00
[2023-12-17T08:25:58.204+0700] {processor.py:179} INFO - Processing /home/phuc/Practice/DataScience/DSProject/venv/lib/python3.10/site-packages/airflow/example_dags/example_branch_datetime_operator.py took 0.062 seconds
[2023-12-17T08:26:48.859+0700] {processor.py:157} INFO - Started process (PID=320534) to work on /home/phuc/Practice/DataScience/DSProject/venv/lib/python3.10/site-packages/airflow/example_dags/example_branch_datetime_operator.py
[2023-12-17T08:26:48.866+0700] {processor.py:829} INFO - Processing file /home/phuc/Practice/DataScience/DSProject/venv/lib/python3.10/site-packages/airflow/example_dags/example_branch_datetime_operator.py for tasks to queue
[2023-12-17T08:26:48.868+0700] {logging_mixin.py:154} INFO - [2023-12-17T08:26:48.867+0700] {dagbag.py:536} INFO - Filling up the DagBag from /home/phuc/Practice/DataScience/DSProject/venv/lib/python3.10/site-packages/airflow/example_dags/example_branch_datetime_operator.py
[2023-12-17T08:26:48.880+0700] {processor.py:839} INFO - DAG(s) dict_keys(['example_branch_datetime_operator', 'example_branch_datetime_operator_2', 'example_branch_datetime_operator_3']) retrieved from /home/phuc/Practice/DataScience/DSProject/venv/lib/python3.10/site-packages/airflow/example_dags/example_branch_datetime_operator.py
[2023-12-17T08:26:48.898+0700] {logging_mixin.py:154} INFO - [2023-12-17T08:26:48.897+0700] {dag.py:2941} INFO - Sync 3 DAGs
[2023-12-17T08:26:48.912+0700] {logging_mixin.py:154} INFO - [2023-12-17T08:26:48.911+0700] {dag.py:3722} INFO - Setting next_dagrun for example_branch_datetime_operator to 2023-12-16T00:00:00+00:00, run_after=2023-12-17T00:00:00+00:00
[2023-12-17T08:26:48.914+0700] {logging_mixin.py:154} INFO - [2023-12-17T08:26:48.914+0700] {dag.py:3722} INFO - Setting next_dagrun for example_branch_datetime_operator_2 to 2023-12-16T00:00:00+00:00, run_after=2023-12-17T00:00:00+00:00
[2023-12-17T08:26:48.916+0700] {logging_mixin.py:154} INFO - [2023-12-17T08:26:48.916+0700] {dag.py:3722} INFO - Setting next_dagrun for example_branch_datetime_operator_3 to 2023-12-16T00:00:00+00:00, run_after=2023-12-17T00:00:00+00:00
[2023-12-17T08:26:48.929+0700] {processor.py:179} INFO - Processing /home/phuc/Practice/DataScience/DSProject/venv/lib/python3.10/site-packages/airflow/example_dags/example_branch_datetime_operator.py took 0.072 seconds
[2023-12-17T08:27:40.639+0700] {processor.py:157} INFO - Started process (PID=320757) to work on /home/phuc/Practice/DataScience/DSProject/venv/lib/python3.10/site-packages/airflow/example_dags/example_branch_datetime_operator.py
[2023-12-17T08:27:40.646+0700] {processor.py:829} INFO - Processing file /home/phuc/Practice/DataScience/DSProject/venv/lib/python3.10/site-packages/airflow/example_dags/example_branch_datetime_operator.py for tasks to queue
[2023-12-17T08:27:40.647+0700] {logging_mixin.py:154} INFO - [2023-12-17T08:27:40.646+0700] {dagbag.py:536} INFO - Filling up the DagBag from /home/phuc/Practice/DataScience/DSProject/venv/lib/python3.10/site-packages/airflow/example_dags/example_branch_datetime_operator.py
[2023-12-17T08:27:40.660+0700] {processor.py:839} INFO - DAG(s) dict_keys(['example_branch_datetime_operator_2', 'example_branch_datetime_operator', 'example_branch_datetime_operator_3']) retrieved from /home/phuc/Practice/DataScience/DSProject/venv/lib/python3.10/site-packages/airflow/example_dags/example_branch_datetime_operator.py
[2023-12-17T08:27:40.672+0700] {logging_mixin.py:154} INFO - [2023-12-17T08:27:40.672+0700] {dag.py:2941} INFO - Sync 3 DAGs
[2023-12-17T08:27:40.682+0700] {logging_mixin.py:154} INFO - [2023-12-17T08:27:40.682+0700] {dag.py:3722} INFO - Setting next_dagrun for example_branch_datetime_operator to 2023-12-16T00:00:00+00:00, run_after=2023-12-17T00:00:00+00:00
[2023-12-17T08:27:40.685+0700] {logging_mixin.py:154} INFO - [2023-12-17T08:27:40.685+0700] {dag.py:3722} INFO - Setting next_dagrun for example_branch_datetime_operator_2 to 2023-12-16T00:00:00+00:00, run_after=2023-12-17T00:00:00+00:00
[2023-12-17T08:27:40.687+0700] {logging_mixin.py:154} INFO - [2023-12-17T08:27:40.686+0700] {dag.py:3722} INFO - Setting next_dagrun for example_branch_datetime_operator_3 to 2023-12-16T00:00:00+00:00, run_after=2023-12-17T00:00:00+00:00
[2023-12-17T08:27:40.697+0700] {processor.py:179} INFO - Processing /home/phuc/Practice/DataScience/DSProject/venv/lib/python3.10/site-packages/airflow/example_dags/example_branch_datetime_operator.py took 0.061 seconds
[2023-12-17T08:28:27.795+0700] {processor.py:157} INFO - Started process (PID=320958) to work on /home/phuc/Practice/DataScience/DSProject/venv/lib/python3.10/site-packages/airflow/example_dags/example_branch_datetime_operator.py
[2023-12-17T08:28:27.802+0700] {processor.py:829} INFO - Processing file /home/phuc/Practice/DataScience/DSProject/venv/lib/python3.10/site-packages/airflow/example_dags/example_branch_datetime_operator.py for tasks to queue
[2023-12-17T08:28:27.803+0700] {logging_mixin.py:154} INFO - [2023-12-17T08:28:27.803+0700] {dagbag.py:536} INFO - Filling up the DagBag from /home/phuc/Practice/DataScience/DSProject/venv/lib/python3.10/site-packages/airflow/example_dags/example_branch_datetime_operator.py
[2023-12-17T08:28:27.817+0700] {processor.py:839} INFO - DAG(s) dict_keys(['example_branch_datetime_operator', 'example_branch_datetime_operator_3', 'example_branch_datetime_operator_2']) retrieved from /home/phuc/Practice/DataScience/DSProject/venv/lib/python3.10/site-packages/airflow/example_dags/example_branch_datetime_operator.py
[2023-12-17T08:28:27.831+0700] {logging_mixin.py:154} INFO - [2023-12-17T08:28:27.830+0700] {dag.py:2941} INFO - Sync 3 DAGs
[2023-12-17T08:28:27.841+0700] {logging_mixin.py:154} INFO - [2023-12-17T08:28:27.841+0700] {dag.py:3722} INFO - Setting next_dagrun for example_branch_datetime_operator to 2023-12-16T00:00:00+00:00, run_after=2023-12-17T00:00:00+00:00
[2023-12-17T08:28:27.843+0700] {logging_mixin.py:154} INFO - [2023-12-17T08:28:27.843+0700] {dag.py:3722} INFO - Setting next_dagrun for example_branch_datetime_operator_2 to 2023-12-16T00:00:00+00:00, run_after=2023-12-17T00:00:00+00:00
[2023-12-17T08:28:27.844+0700] {logging_mixin.py:154} INFO - [2023-12-17T08:28:27.844+0700] {dag.py:3722} INFO - Setting next_dagrun for example_branch_datetime_operator_3 to 2023-12-16T00:00:00+00:00, run_after=2023-12-17T00:00:00+00:00
[2023-12-17T08:28:27.855+0700] {processor.py:179} INFO - Processing /home/phuc/Practice/DataScience/DSProject/venv/lib/python3.10/site-packages/airflow/example_dags/example_branch_datetime_operator.py took 0.063 seconds
[2023-12-17T08:29:15.306+0700] {processor.py:157} INFO - Started process (PID=321179) to work on /home/phuc/Practice/DataScience/DSProject/venv/lib/python3.10/site-packages/airflow/example_dags/example_branch_datetime_operator.py
[2023-12-17T08:29:15.312+0700] {processor.py:829} INFO - Processing file /home/phuc/Practice/DataScience/DSProject/venv/lib/python3.10/site-packages/airflow/example_dags/example_branch_datetime_operator.py for tasks to queue
[2023-12-17T08:29:15.314+0700] {logging_mixin.py:154} INFO - [2023-12-17T08:29:15.313+0700] {dagbag.py:536} INFO - Filling up the DagBag from /home/phuc/Practice/DataScience/DSProject/venv/lib/python3.10/site-packages/airflow/example_dags/example_branch_datetime_operator.py
[2023-12-17T08:29:15.327+0700] {processor.py:839} INFO - DAG(s) dict_keys(['example_branch_datetime_operator_2', 'example_branch_datetime_operator', 'example_branch_datetime_operator_3']) retrieved from /home/phuc/Practice/DataScience/DSProject/venv/lib/python3.10/site-packages/airflow/example_dags/example_branch_datetime_operator.py
[2023-12-17T08:29:15.339+0700] {logging_mixin.py:154} INFO - [2023-12-17T08:29:15.339+0700] {dag.py:2941} INFO - Sync 3 DAGs
[2023-12-17T08:29:15.347+0700] {logging_mixin.py:154} INFO - [2023-12-17T08:29:15.347+0700] {dag.py:3722} INFO - Setting next_dagrun for example_branch_datetime_operator to 2023-12-16T00:00:00+00:00, run_after=2023-12-17T00:00:00+00:00
[2023-12-17T08:29:15.349+0700] {logging_mixin.py:154} INFO - [2023-12-17T08:29:15.349+0700] {dag.py:3722} INFO - Setting next_dagrun for example_branch_datetime_operator_2 to 2023-12-16T00:00:00+00:00, run_after=2023-12-17T00:00:00+00:00
[2023-12-17T08:29:15.351+0700] {logging_mixin.py:154} INFO - [2023-12-17T08:29:15.350+0700] {dag.py:3722} INFO - Setting next_dagrun for example_branch_datetime_operator_3 to 2023-12-16T00:00:00+00:00, run_after=2023-12-17T00:00:00+00:00
[2023-12-17T08:29:15.359+0700] {processor.py:179} INFO - Processing /home/phuc/Practice/DataScience/DSProject/venv/lib/python3.10/site-packages/airflow/example_dags/example_branch_datetime_operator.py took 0.058 seconds
[2023-12-17T08:30:06.744+0700] {processor.py:157} INFO - Started process (PID=321409) to work on /home/phuc/Practice/DataScience/DSProject/venv/lib/python3.10/site-packages/airflow/example_dags/example_branch_datetime_operator.py
[2023-12-17T08:30:06.751+0700] {processor.py:829} INFO - Processing file /home/phuc/Practice/DataScience/DSProject/venv/lib/python3.10/site-packages/airflow/example_dags/example_branch_datetime_operator.py for tasks to queue
[2023-12-17T08:30:06.751+0700] {logging_mixin.py:154} INFO - [2023-12-17T08:30:06.751+0700] {dagbag.py:536} INFO - Filling up the DagBag from /home/phuc/Practice/DataScience/DSProject/venv/lib/python3.10/site-packages/airflow/example_dags/example_branch_datetime_operator.py
[2023-12-17T08:30:06.756+0700] {processor.py:839} INFO - DAG(s) dict_keys(['example_branch_datetime_operator_3', 'example_branch_datetime_operator_2', 'example_branch_datetime_operator']) retrieved from /home/phuc/Practice/DataScience/DSProject/venv/lib/python3.10/site-packages/airflow/example_dags/example_branch_datetime_operator.py
[2023-12-17T08:30:06.768+0700] {logging_mixin.py:154} INFO - [2023-12-17T08:30:06.767+0700] {dag.py:2941} INFO - Sync 3 DAGs
[2023-12-17T08:30:06.778+0700] {logging_mixin.py:154} INFO - [2023-12-17T08:30:06.778+0700] {dag.py:3722} INFO - Setting next_dagrun for example_branch_datetime_operator to 2023-12-16T00:00:00+00:00, run_after=2023-12-17T00:00:00+00:00
[2023-12-17T08:30:06.780+0700] {logging_mixin.py:154} INFO - [2023-12-17T08:30:06.780+0700] {dag.py:3722} INFO - Setting next_dagrun for example_branch_datetime_operator_2 to 2023-12-16T00:00:00+00:00, run_after=2023-12-17T00:00:00+00:00
[2023-12-17T08:30:06.781+0700] {logging_mixin.py:154} INFO - [2023-12-17T08:30:06.781+0700] {dag.py:3722} INFO - Setting next_dagrun for example_branch_datetime_operator_3 to 2023-12-16T00:00:00+00:00, run_after=2023-12-17T00:00:00+00:00
[2023-12-17T08:30:06.791+0700] {processor.py:179} INFO - Processing /home/phuc/Practice/DataScience/DSProject/venv/lib/python3.10/site-packages/airflow/example_dags/example_branch_datetime_operator.py took 0.049 seconds
[2023-12-17T08:30:58.107+0700] {processor.py:157} INFO - Started process (PID=321668) to work on /home/phuc/Practice/DataScience/DSProject/venv/lib/python3.10/site-packages/airflow/example_dags/example_branch_datetime_operator.py
[2023-12-17T08:30:58.114+0700] {processor.py:829} INFO - Processing file /home/phuc/Practice/DataScience/DSProject/venv/lib/python3.10/site-packages/airflow/example_dags/example_branch_datetime_operator.py for tasks to queue
[2023-12-17T08:30:58.116+0700] {logging_mixin.py:154} INFO - [2023-12-17T08:30:58.115+0700] {dagbag.py:536} INFO - Filling up the DagBag from /home/phuc/Practice/DataScience/DSProject/venv/lib/python3.10/site-packages/airflow/example_dags/example_branch_datetime_operator.py
[2023-12-17T08:30:58.128+0700] {processor.py:839} INFO - DAG(s) dict_keys(['example_branch_datetime_operator_3', 'example_branch_datetime_operator_2', 'example_branch_datetime_operator']) retrieved from /home/phuc/Practice/DataScience/DSProject/venv/lib/python3.10/site-packages/airflow/example_dags/example_branch_datetime_operator.py
[2023-12-17T08:30:58.139+0700] {logging_mixin.py:154} INFO - [2023-12-17T08:30:58.139+0700] {dag.py:2941} INFO - Sync 3 DAGs
[2023-12-17T08:30:58.148+0700] {logging_mixin.py:154} INFO - [2023-12-17T08:30:58.148+0700] {dag.py:3722} INFO - Setting next_dagrun for example_branch_datetime_operator to 2023-12-16T00:00:00+00:00, run_after=2023-12-17T00:00:00+00:00
[2023-12-17T08:30:58.150+0700] {logging_mixin.py:154} INFO - [2023-12-17T08:30:58.150+0700] {dag.py:3722} INFO - Setting next_dagrun for example_branch_datetime_operator_2 to 2023-12-16T00:00:00+00:00, run_after=2023-12-17T00:00:00+00:00
[2023-12-17T08:30:58.151+0700] {logging_mixin.py:154} INFO - [2023-12-17T08:30:58.151+0700] {dag.py:3722} INFO - Setting next_dagrun for example_branch_datetime_operator_3 to 2023-12-16T00:00:00+00:00, run_after=2023-12-17T00:00:00+00:00
[2023-12-17T08:30:58.160+0700] {processor.py:179} INFO - Processing /home/phuc/Practice/DataScience/DSProject/venv/lib/python3.10/site-packages/airflow/example_dags/example_branch_datetime_operator.py took 0.055 seconds
[2023-12-17T08:31:51.429+0700] {processor.py:157} INFO - Started process (PID=322076) to work on /home/phuc/Practice/DataScience/DSProject/venv/lib/python3.10/site-packages/airflow/example_dags/example_branch_datetime_operator.py
[2023-12-17T08:31:51.430+0700] {processor.py:829} INFO - Processing file /home/phuc/Practice/DataScience/DSProject/venv/lib/python3.10/site-packages/airflow/example_dags/example_branch_datetime_operator.py for tasks to queue
[2023-12-17T08:31:51.431+0700] {logging_mixin.py:154} INFO - [2023-12-17T08:31:51.430+0700] {dagbag.py:536} INFO - Filling up the DagBag from /home/phuc/Practice/DataScience/DSProject/venv/lib/python3.10/site-packages/airflow/example_dags/example_branch_datetime_operator.py
[2023-12-17T08:31:51.438+0700] {processor.py:839} INFO - DAG(s) dict_keys(['example_branch_datetime_operator_3', 'example_branch_datetime_operator_2', 'example_branch_datetime_operator']) retrieved from /home/phuc/Practice/DataScience/DSProject/venv/lib/python3.10/site-packages/airflow/example_dags/example_branch_datetime_operator.py
[2023-12-17T08:31:51.519+0700] {logging_mixin.py:154} INFO - [2023-12-17T08:31:51.519+0700] {dag.py:2941} INFO - Sync 3 DAGs
[2023-12-17T08:31:51.531+0700] {logging_mixin.py:154} INFO - [2023-12-17T08:31:51.531+0700] {dag.py:3722} INFO - Setting next_dagrun for example_branch_datetime_operator to 2023-12-16T00:00:00+00:00, run_after=2023-12-17T00:00:00+00:00
[2023-12-17T08:31:51.534+0700] {logging_mixin.py:154} INFO - [2023-12-17T08:31:51.533+0700] {dag.py:3722} INFO - Setting next_dagrun for example_branch_datetime_operator_2 to 2023-12-16T00:00:00+00:00, run_after=2023-12-17T00:00:00+00:00
[2023-12-17T08:31:51.535+0700] {logging_mixin.py:154} INFO - [2023-12-17T08:31:51.535+0700] {dag.py:3722} INFO - Setting next_dagrun for example_branch_datetime_operator_3 to 2023-12-16T00:00:00+00:00, run_after=2023-12-17T00:00:00+00:00
[2023-12-17T08:31:51.546+0700] {processor.py:179} INFO - Processing /home/phuc/Practice/DataScience/DSProject/venv/lib/python3.10/site-packages/airflow/example_dags/example_branch_datetime_operator.py took 0.120 seconds
[2023-12-17T08:33:01.189+0700] {processor.py:157} INFO - Started process (PID=323061) to work on /home/phuc/Practice/DataScience/DSProject/venv/lib/python3.10/site-packages/airflow/example_dags/example_branch_datetime_operator.py
[2023-12-17T08:33:01.196+0700] {processor.py:829} INFO - Processing file /home/phuc/Practice/DataScience/DSProject/venv/lib/python3.10/site-packages/airflow/example_dags/example_branch_datetime_operator.py for tasks to queue
[2023-12-17T08:33:01.198+0700] {logging_mixin.py:154} INFO - [2023-12-17T08:33:01.197+0700] {dagbag.py:536} INFO - Filling up the DagBag from /home/phuc/Practice/DataScience/DSProject/venv/lib/python3.10/site-packages/airflow/example_dags/example_branch_datetime_operator.py
[2023-12-17T08:33:01.210+0700] {processor.py:839} INFO - DAG(s) dict_keys(['example_branch_datetime_operator_3', 'example_branch_datetime_operator', 'example_branch_datetime_operator_2']) retrieved from /home/phuc/Practice/DataScience/DSProject/venv/lib/python3.10/site-packages/airflow/example_dags/example_branch_datetime_operator.py
[2023-12-17T08:33:01.222+0700] {logging_mixin.py:154} INFO - [2023-12-17T08:33:01.222+0700] {dag.py:2941} INFO - Sync 3 DAGs
[2023-12-17T08:33:01.231+0700] {logging_mixin.py:154} INFO - [2023-12-17T08:33:01.231+0700] {dag.py:3722} INFO - Setting next_dagrun for example_branch_datetime_operator to 2023-12-16T00:00:00+00:00, run_after=2023-12-17T00:00:00+00:00
[2023-12-17T08:33:01.233+0700] {logging_mixin.py:154} INFO - [2023-12-17T08:33:01.233+0700] {dag.py:3722} INFO - Setting next_dagrun for example_branch_datetime_operator_2 to 2023-12-16T00:00:00+00:00, run_after=2023-12-17T00:00:00+00:00
[2023-12-17T08:33:01.234+0700] {logging_mixin.py:154} INFO - [2023-12-17T08:33:01.234+0700] {dag.py:3722} INFO - Setting next_dagrun for example_branch_datetime_operator_3 to 2023-12-16T00:00:00+00:00, run_after=2023-12-17T00:00:00+00:00
[2023-12-17T08:33:01.243+0700] {processor.py:179} INFO - Processing /home/phuc/Practice/DataScience/DSProject/venv/lib/python3.10/site-packages/airflow/example_dags/example_branch_datetime_operator.py took 0.056 seconds
[2023-12-17T08:33:48.534+0700] {processor.py:157} INFO - Started process (PID=323281) to work on /home/phuc/Practice/DataScience/DSProject/venv/lib/python3.10/site-packages/airflow/example_dags/example_branch_datetime_operator.py
[2023-12-17T08:33:48.541+0700] {processor.py:829} INFO - Processing file /home/phuc/Practice/DataScience/DSProject/venv/lib/python3.10/site-packages/airflow/example_dags/example_branch_datetime_operator.py for tasks to queue
[2023-12-17T08:33:48.542+0700] {logging_mixin.py:154} INFO - [2023-12-17T08:33:48.542+0700] {dagbag.py:536} INFO - Filling up the DagBag from /home/phuc/Practice/DataScience/DSProject/venv/lib/python3.10/site-packages/airflow/example_dags/example_branch_datetime_operator.py
[2023-12-17T08:33:48.556+0700] {processor.py:839} INFO - DAG(s) dict_keys(['example_branch_datetime_operator_3', 'example_branch_datetime_operator', 'example_branch_datetime_operator_2']) retrieved from /home/phuc/Practice/DataScience/DSProject/venv/lib/python3.10/site-packages/airflow/example_dags/example_branch_datetime_operator.py
[2023-12-17T08:33:48.567+0700] {logging_mixin.py:154} INFO - [2023-12-17T08:33:48.567+0700] {dag.py:2941} INFO - Sync 3 DAGs
[2023-12-17T08:33:48.576+0700] {logging_mixin.py:154} INFO - [2023-12-17T08:33:48.576+0700] {dag.py:3722} INFO - Setting next_dagrun for example_branch_datetime_operator to 2023-12-16T00:00:00+00:00, run_after=2023-12-17T00:00:00+00:00
[2023-12-17T08:33:48.578+0700] {logging_mixin.py:154} INFO - [2023-12-17T08:33:48.578+0700] {dag.py:3722} INFO - Setting next_dagrun for example_branch_datetime_operator_2 to 2023-12-16T00:00:00+00:00, run_after=2023-12-17T00:00:00+00:00
[2023-12-17T08:33:48.579+0700] {logging_mixin.py:154} INFO - [2023-12-17T08:33:48.579+0700] {dag.py:3722} INFO - Setting next_dagrun for example_branch_datetime_operator_3 to 2023-12-16T00:00:00+00:00, run_after=2023-12-17T00:00:00+00:00
[2023-12-17T08:33:48.588+0700] {processor.py:179} INFO - Processing /home/phuc/Practice/DataScience/DSProject/venv/lib/python3.10/site-packages/airflow/example_dags/example_branch_datetime_operator.py took 0.058 seconds
[2023-12-17T08:34:44.068+0700] {processor.py:157} INFO - Started process (PID=323775) to work on /home/phuc/Practice/DataScience/DSProject/venv/lib/python3.10/site-packages/airflow/example_dags/example_branch_datetime_operator.py
[2023-12-17T08:34:44.075+0700] {processor.py:829} INFO - Processing file /home/phuc/Practice/DataScience/DSProject/venv/lib/python3.10/site-packages/airflow/example_dags/example_branch_datetime_operator.py for tasks to queue
[2023-12-17T08:34:44.077+0700] {logging_mixin.py:154} INFO - [2023-12-17T08:34:44.076+0700] {dagbag.py:536} INFO - Filling up the DagBag from /home/phuc/Practice/DataScience/DSProject/venv/lib/python3.10/site-packages/airflow/example_dags/example_branch_datetime_operator.py
[2023-12-17T08:34:44.090+0700] {processor.py:839} INFO - DAG(s) dict_keys(['example_branch_datetime_operator', 'example_branch_datetime_operator_3', 'example_branch_datetime_operator_2']) retrieved from /home/phuc/Practice/DataScience/DSProject/venv/lib/python3.10/site-packages/airflow/example_dags/example_branch_datetime_operator.py
[2023-12-17T08:34:44.102+0700] {logging_mixin.py:154} INFO - [2023-12-17T08:34:44.102+0700] {dag.py:2941} INFO - Sync 3 DAGs
[2023-12-17T08:34:44.111+0700] {logging_mixin.py:154} INFO - [2023-12-17T08:34:44.111+0700] {dag.py:3722} INFO - Setting next_dagrun for example_branch_datetime_operator to 2023-12-16T00:00:00+00:00, run_after=2023-12-17T00:00:00+00:00
[2023-12-17T08:34:44.113+0700] {logging_mixin.py:154} INFO - [2023-12-17T08:34:44.113+0700] {dag.py:3722} INFO - Setting next_dagrun for example_branch_datetime_operator_2 to 2023-12-16T00:00:00+00:00, run_after=2023-12-17T00:00:00+00:00
[2023-12-17T08:34:44.114+0700] {logging_mixin.py:154} INFO - [2023-12-17T08:34:44.114+0700] {dag.py:3722} INFO - Setting next_dagrun for example_branch_datetime_operator_3 to 2023-12-16T00:00:00+00:00, run_after=2023-12-17T00:00:00+00:00
[2023-12-17T08:34:44.123+0700] {processor.py:179} INFO - Processing /home/phuc/Practice/DataScience/DSProject/venv/lib/python3.10/site-packages/airflow/example_dags/example_branch_datetime_operator.py took 0.058 seconds
[2023-12-17T08:35:39.549+0700] {processor.py:157} INFO - Started process (PID=324181) to work on /home/phuc/Practice/DataScience/DSProject/venv/lib/python3.10/site-packages/airflow/example_dags/example_branch_datetime_operator.py
[2023-12-17T08:35:39.557+0700] {processor.py:829} INFO - Processing file /home/phuc/Practice/DataScience/DSProject/venv/lib/python3.10/site-packages/airflow/example_dags/example_branch_datetime_operator.py for tasks to queue
[2023-12-17T08:35:39.558+0700] {logging_mixin.py:154} INFO - [2023-12-17T08:35:39.557+0700] {dagbag.py:536} INFO - Filling up the DagBag from /home/phuc/Practice/DataScience/DSProject/venv/lib/python3.10/site-packages/airflow/example_dags/example_branch_datetime_operator.py
[2023-12-17T08:35:39.571+0700] {processor.py:839} INFO - DAG(s) dict_keys(['example_branch_datetime_operator_2', 'example_branch_datetime_operator_3', 'example_branch_datetime_operator']) retrieved from /home/phuc/Practice/DataScience/DSProject/venv/lib/python3.10/site-packages/airflow/example_dags/example_branch_datetime_operator.py
[2023-12-17T08:35:39.584+0700] {logging_mixin.py:154} INFO - [2023-12-17T08:35:39.584+0700] {dag.py:2941} INFO - Sync 3 DAGs
[2023-12-17T08:35:39.593+0700] {logging_mixin.py:154} INFO - [2023-12-17T08:35:39.593+0700] {dag.py:3722} INFO - Setting next_dagrun for example_branch_datetime_operator to 2023-12-16T00:00:00+00:00, run_after=2023-12-17T00:00:00+00:00
[2023-12-17T08:35:39.595+0700] {logging_mixin.py:154} INFO - [2023-12-17T08:35:39.595+0700] {dag.py:3722} INFO - Setting next_dagrun for example_branch_datetime_operator_2 to 2023-12-16T00:00:00+00:00, run_after=2023-12-17T00:00:00+00:00
[2023-12-17T08:35:39.596+0700] {logging_mixin.py:154} INFO - [2023-12-17T08:35:39.596+0700] {dag.py:3722} INFO - Setting next_dagrun for example_branch_datetime_operator_3 to 2023-12-16T00:00:00+00:00, run_after=2023-12-17T00:00:00+00:00
[2023-12-17T08:35:39.604+0700] {processor.py:179} INFO - Processing /home/phuc/Practice/DataScience/DSProject/venv/lib/python3.10/site-packages/airflow/example_dags/example_branch_datetime_operator.py took 0.057 seconds
