[2023-12-17T08:03:47.641+0700] {processor.py:157} INFO - Started process (PID=309921) to work on /home/phuc/Practice/DataScience/DSProject/venv/lib/python3.10/site-packages/airflow/example_dags/example_datasets.py
[2023-12-17T08:03:47.642+0700] {processor.py:829} INFO - Processing file /home/phuc/Practice/DataScience/DSProject/venv/lib/python3.10/site-packages/airflow/example_dags/example_datasets.py for tasks to queue
[2023-12-17T08:03:47.643+0700] {logging_mixin.py:154} INFO - [2023-12-17T08:03:47.643+0700] {dagbag.py:536} INFO - Filling up the DagBag from /home/phuc/Practice/DataScience/DSProject/venv/lib/python3.10/site-packages/airflow/example_dags/example_datasets.py
[2023-12-17T08:03:47.653+0700] {processor.py:839} INFO - DAG(s) dict_keys(['dataset_consumes_unknown_never_scheduled', 'dataset_consumes_1_never_scheduled', 'dataset_produces_1', 'dataset_consumes_1_and_2', 'dataset_consumes_1', 'dataset_produces_2']) retrieved from /home/phuc/Practice/DataScience/DSProject/venv/lib/python3.10/site-packages/airflow/example_dags/example_datasets.py
[2023-12-17T08:03:47.732+0700] {logging_mixin.py:154} INFO - [2023-12-17T08:03:47.732+0700] {manager.py:499} INFO - Created Permission View: %s
[2023-12-17T08:03:47.742+0700] {logging_mixin.py:154} INFO - [2023-12-17T08:03:47.741+0700] {manager.py:499} INFO - Created Permission View: %s
[2023-12-17T08:03:47.748+0700] {logging_mixin.py:154} INFO - [2023-12-17T08:03:47.747+0700] {manager.py:499} INFO - Created Permission View: %s
[2023-12-17T08:03:47.761+0700] {logging_mixin.py:154} INFO - [2023-12-17T08:03:47.761+0700] {manager.py:499} INFO - Created Permission View: %s
[2023-12-17T08:03:47.768+0700] {logging_mixin.py:154} INFO - [2023-12-17T08:03:47.768+0700] {manager.py:499} INFO - Created Permission View: %s
[2023-12-17T08:03:47.775+0700] {logging_mixin.py:154} INFO - [2023-12-17T08:03:47.774+0700] {manager.py:499} INFO - Created Permission View: %s
[2023-12-17T08:03:47.785+0700] {logging_mixin.py:154} INFO - [2023-12-17T08:03:47.785+0700] {manager.py:499} INFO - Created Permission View: %s
[2023-12-17T08:03:47.790+0700] {logging_mixin.py:154} INFO - [2023-12-17T08:03:47.790+0700] {manager.py:499} INFO - Created Permission View: %s
[2023-12-17T08:03:47.797+0700] {logging_mixin.py:154} INFO - [2023-12-17T08:03:47.797+0700] {manager.py:499} INFO - Created Permission View: %s
[2023-12-17T08:03:47.807+0700] {logging_mixin.py:154} INFO - [2023-12-17T08:03:47.807+0700] {manager.py:499} INFO - Created Permission View: %s
[2023-12-17T08:03:47.814+0700] {logging_mixin.py:154} INFO - [2023-12-17T08:03:47.813+0700] {manager.py:499} INFO - Created Permission View: %s
[2023-12-17T08:03:47.819+0700] {logging_mixin.py:154} INFO - [2023-12-17T08:03:47.819+0700] {manager.py:499} INFO - Created Permission View: %s
[2023-12-17T08:03:47.830+0700] {logging_mixin.py:154} INFO - [2023-12-17T08:03:47.830+0700] {manager.py:499} INFO - Created Permission View: %s
[2023-12-17T08:03:47.835+0700] {logging_mixin.py:154} INFO - [2023-12-17T08:03:47.835+0700] {manager.py:499} INFO - Created Permission View: %s
[2023-12-17T08:03:47.841+0700] {logging_mixin.py:154} INFO - [2023-12-17T08:03:47.841+0700] {manager.py:499} INFO - Created Permission View: %s
[2023-12-17T08:03:47.851+0700] {logging_mixin.py:154} INFO - [2023-12-17T08:03:47.851+0700] {manager.py:499} INFO - Created Permission View: %s
[2023-12-17T08:03:47.856+0700] {logging_mixin.py:154} INFO - [2023-12-17T08:03:47.856+0700] {manager.py:499} INFO - Created Permission View: %s
[2023-12-17T08:03:47.861+0700] {logging_mixin.py:154} INFO - [2023-12-17T08:03:47.861+0700] {manager.py:499} INFO - Created Permission View: %s
[2023-12-17T08:03:47.861+0700] {logging_mixin.py:154} INFO - [2023-12-17T08:03:47.861+0700] {dag.py:2941} INFO - Sync 6 DAGs
[2023-12-17T08:03:47.869+0700] {logging_mixin.py:154} INFO - [2023-12-17T08:03:47.869+0700] {dag.py:2963} INFO - Creating ORM DAG for dataset_produces_1
[2023-12-17T08:03:47.869+0700] {logging_mixin.py:154} INFO - [2023-12-17T08:03:47.869+0700] {dag.py:2963} INFO - Creating ORM DAG for dataset_consumes_1
[2023-12-17T08:03:47.870+0700] {logging_mixin.py:154} INFO - [2023-12-17T08:03:47.870+0700] {dag.py:2963} INFO - Creating ORM DAG for dataset_consumes_1_and_2
[2023-12-17T08:03:47.870+0700] {logging_mixin.py:154} INFO - [2023-12-17T08:03:47.870+0700] {dag.py:2963} INFO - Creating ORM DAG for dataset_produces_2
[2023-12-17T08:03:47.870+0700] {logging_mixin.py:154} INFO - [2023-12-17T08:03:47.870+0700] {dag.py:2963} INFO - Creating ORM DAG for dataset_consumes_1_never_scheduled
[2023-12-17T08:03:47.870+0700] {logging_mixin.py:154} INFO - [2023-12-17T08:03:47.870+0700] {dag.py:2963} INFO - Creating ORM DAG for dataset_consumes_unknown_never_scheduled
[2023-12-17T08:03:47.877+0700] {logging_mixin.py:154} INFO - [2023-12-17T08:03:47.876+0700] {dag.py:3722} INFO - Setting next_dagrun for dataset_consumes_1 to None, run_after=None
[2023-12-17T08:03:47.877+0700] {logging_mixin.py:154} INFO - [2023-12-17T08:03:47.877+0700] {dag.py:3722} INFO - Setting next_dagrun for dataset_consumes_1_and_2 to None, run_after=None
[2023-12-17T08:03:47.877+0700] {logging_mixin.py:154} INFO - [2023-12-17T08:03:47.877+0700] {dag.py:3722} INFO - Setting next_dagrun for dataset_consumes_1_never_scheduled to None, run_after=None
[2023-12-17T08:03:47.877+0700] {logging_mixin.py:154} INFO - [2023-12-17T08:03:47.877+0700] {dag.py:3722} INFO - Setting next_dagrun for dataset_consumes_unknown_never_scheduled to None, run_after=None
[2023-12-17T08:03:47.879+0700] {logging_mixin.py:154} INFO - [2023-12-17T08:03:47.879+0700] {dag.py:3722} INFO - Setting next_dagrun for dataset_produces_1 to 2023-12-16T00:00:00+00:00, run_after=2023-12-17T00:00:00+00:00
[2023-12-17T08:03:47.879+0700] {logging_mixin.py:154} INFO - [2023-12-17T08:03:47.879+0700] {dag.py:3722} INFO - Setting next_dagrun for dataset_produces_2 to None, run_after=None
[2023-12-17T08:03:47.901+0700] {processor.py:179} INFO - Processing /home/phuc/Practice/DataScience/DSProject/venv/lib/python3.10/site-packages/airflow/example_dags/example_datasets.py took 0.263 seconds
[2023-12-17T08:06:02.301+0700] {processor.py:157} INFO - Started process (PID=311240) to work on /home/phuc/Practice/DataScience/DSProject/venv/lib/python3.10/site-packages/airflow/example_dags/example_datasets.py
[2023-12-17T08:06:02.302+0700] {processor.py:829} INFO - Processing file /home/phuc/Practice/DataScience/DSProject/venv/lib/python3.10/site-packages/airflow/example_dags/example_datasets.py for tasks to queue
[2023-12-17T08:06:02.302+0700] {logging_mixin.py:154} INFO - [2023-12-17T08:06:02.302+0700] {dagbag.py:536} INFO - Filling up the DagBag from /home/phuc/Practice/DataScience/DSProject/venv/lib/python3.10/site-packages/airflow/example_dags/example_datasets.py
[2023-12-17T08:06:02.309+0700] {processor.py:839} INFO - DAG(s) dict_keys(['dataset_consumes_unknown_never_scheduled', 'dataset_consumes_1', 'dataset_consumes_1_never_scheduled', 'dataset_produces_2', 'dataset_produces_1', 'dataset_consumes_1_and_2']) retrieved from /home/phuc/Practice/DataScience/DSProject/venv/lib/python3.10/site-packages/airflow/example_dags/example_datasets.py
[2023-12-17T08:06:02.330+0700] {logging_mixin.py:154} INFO - [2023-12-17T08:06:02.330+0700] {dag.py:2941} INFO - Sync 6 DAGs
[2023-12-17T08:06:02.343+0700] {logging_mixin.py:154} INFO - [2023-12-17T08:06:02.342+0700] {dag.py:3722} INFO - Setting next_dagrun for dataset_consumes_1 to None, run_after=None
[2023-12-17T08:06:02.345+0700] {logging_mixin.py:154} INFO - [2023-12-17T08:06:02.345+0700] {dag.py:3722} INFO - Setting next_dagrun for dataset_consumes_1_and_2 to None, run_after=None
[2023-12-17T08:06:02.345+0700] {logging_mixin.py:154} INFO - [2023-12-17T08:06:02.345+0700] {dag.py:3722} INFO - Setting next_dagrun for dataset_consumes_1_never_scheduled to None, run_after=None
[2023-12-17T08:06:02.346+0700] {logging_mixin.py:154} INFO - [2023-12-17T08:06:02.346+0700] {dag.py:3722} INFO - Setting next_dagrun for dataset_consumes_unknown_never_scheduled to None, run_after=None
[2023-12-17T08:06:02.348+0700] {logging_mixin.py:154} INFO - [2023-12-17T08:06:02.348+0700] {dag.py:3722} INFO - Setting next_dagrun for dataset_produces_1 to 2023-12-16T00:00:00+00:00, run_after=2023-12-17T00:00:00+00:00
[2023-12-17T08:06:02.349+0700] {logging_mixin.py:154} INFO - [2023-12-17T08:06:02.349+0700] {dag.py:3722} INFO - Setting next_dagrun for dataset_produces_2 to None, run_after=None
[2023-12-17T08:06:02.371+0700] {processor.py:179} INFO - Processing /home/phuc/Practice/DataScience/DSProject/venv/lib/python3.10/site-packages/airflow/example_dags/example_datasets.py took 0.073 seconds
[2023-12-17T08:06:58.648+0700] {processor.py:157} INFO - Started process (PID=311851) to work on /home/phuc/Practice/DataScience/DSProject/venv/lib/python3.10/site-packages/airflow/example_dags/example_datasets.py
[2023-12-17T08:06:58.648+0700] {processor.py:829} INFO - Processing file /home/phuc/Practice/DataScience/DSProject/venv/lib/python3.10/site-packages/airflow/example_dags/example_datasets.py for tasks to queue
[2023-12-17T08:06:58.649+0700] {logging_mixin.py:154} INFO - [2023-12-17T08:06:58.649+0700] {dagbag.py:536} INFO - Filling up the DagBag from /home/phuc/Practice/DataScience/DSProject/venv/lib/python3.10/site-packages/airflow/example_dags/example_datasets.py
[2023-12-17T08:06:58.657+0700] {processor.py:839} INFO - DAG(s) dict_keys(['dataset_produces_1', 'dataset_consumes_1_never_scheduled', 'dataset_consumes_unknown_never_scheduled', 'dataset_consumes_1_and_2', 'dataset_produces_2', 'dataset_consumes_1']) retrieved from /home/phuc/Practice/DataScience/DSProject/venv/lib/python3.10/site-packages/airflow/example_dags/example_datasets.py
[2023-12-17T08:06:58.679+0700] {logging_mixin.py:154} INFO - [2023-12-17T08:06:58.679+0700] {dag.py:2941} INFO - Sync 6 DAGs
[2023-12-17T08:06:58.693+0700] {logging_mixin.py:154} INFO - [2023-12-17T08:06:58.693+0700] {dag.py:3722} INFO - Setting next_dagrun for dataset_consumes_1 to None, run_after=None
[2023-12-17T08:06:58.695+0700] {logging_mixin.py:154} INFO - [2023-12-17T08:06:58.695+0700] {dag.py:3722} INFO - Setting next_dagrun for dataset_consumes_1_and_2 to None, run_after=None
[2023-12-17T08:06:58.696+0700] {logging_mixin.py:154} INFO - [2023-12-17T08:06:58.696+0700] {dag.py:3722} INFO - Setting next_dagrun for dataset_consumes_1_never_scheduled to None, run_after=None
[2023-12-17T08:06:58.697+0700] {logging_mixin.py:154} INFO - [2023-12-17T08:06:58.696+0700] {dag.py:3722} INFO - Setting next_dagrun for dataset_consumes_unknown_never_scheduled to None, run_after=None
[2023-12-17T08:06:58.698+0700] {logging_mixin.py:154} INFO - [2023-12-17T08:06:58.698+0700] {dag.py:3722} INFO - Setting next_dagrun for dataset_produces_1 to 2023-12-16T00:00:00+00:00, run_after=2023-12-17T00:00:00+00:00
[2023-12-17T08:06:58.699+0700] {logging_mixin.py:154} INFO - [2023-12-17T08:06:58.699+0700] {dag.py:3722} INFO - Setting next_dagrun for dataset_produces_2 to None, run_after=None
[2023-12-17T08:06:58.720+0700] {processor.py:179} INFO - Processing /home/phuc/Practice/DataScience/DSProject/venv/lib/python3.10/site-packages/airflow/example_dags/example_datasets.py took 0.075 seconds
[2023-12-17T08:08:51.910+0700] {processor.py:157} INFO - Started process (PID=313225) to work on /home/phuc/Practice/DataScience/DSProject/venv/lib/python3.10/site-packages/airflow/example_dags/example_datasets.py
[2023-12-17T08:08:51.917+0700] {processor.py:829} INFO - Processing file /home/phuc/Practice/DataScience/DSProject/venv/lib/python3.10/site-packages/airflow/example_dags/example_datasets.py for tasks to queue
[2023-12-17T08:08:51.919+0700] {logging_mixin.py:154} INFO - [2023-12-17T08:08:51.918+0700] {dagbag.py:536} INFO - Filling up the DagBag from /home/phuc/Practice/DataScience/DSProject/venv/lib/python3.10/site-packages/airflow/example_dags/example_datasets.py
[2023-12-17T08:08:51.929+0700] {processor.py:839} INFO - DAG(s) dict_keys(['dataset_consumes_1_never_scheduled', 'dataset_consumes_1', 'dataset_produces_2', 'dataset_produces_1', 'dataset_consumes_unknown_never_scheduled', 'dataset_consumes_1_and_2']) retrieved from /home/phuc/Practice/DataScience/DSProject/venv/lib/python3.10/site-packages/airflow/example_dags/example_datasets.py
[2023-12-17T08:08:51.946+0700] {logging_mixin.py:154} INFO - [2023-12-17T08:08:51.946+0700] {dag.py:2941} INFO - Sync 6 DAGs
[2023-12-17T08:08:51.957+0700] {logging_mixin.py:154} INFO - [2023-12-17T08:08:51.957+0700] {dag.py:3722} INFO - Setting next_dagrun for dataset_consumes_1 to None, run_after=None
[2023-12-17T08:08:51.958+0700] {logging_mixin.py:154} INFO - [2023-12-17T08:08:51.958+0700] {dag.py:3722} INFO - Setting next_dagrun for dataset_consumes_1_and_2 to None, run_after=None
[2023-12-17T08:08:51.959+0700] {logging_mixin.py:154} INFO - [2023-12-17T08:08:51.959+0700] {dag.py:3722} INFO - Setting next_dagrun for dataset_consumes_1_never_scheduled to None, run_after=None
[2023-12-17T08:08:51.959+0700] {logging_mixin.py:154} INFO - [2023-12-17T08:08:51.959+0700] {dag.py:3722} INFO - Setting next_dagrun for dataset_consumes_unknown_never_scheduled to None, run_after=None
[2023-12-17T08:08:51.961+0700] {logging_mixin.py:154} INFO - [2023-12-17T08:08:51.961+0700] {dag.py:3722} INFO - Setting next_dagrun for dataset_produces_1 to 2023-12-16T00:00:00+00:00, run_after=2023-12-17T00:00:00+00:00
[2023-12-17T08:08:51.961+0700] {logging_mixin.py:154} INFO - [2023-12-17T08:08:51.961+0700] {dag.py:3722} INFO - Setting next_dagrun for dataset_produces_2 to None, run_after=None
[2023-12-17T08:08:51.977+0700] {processor.py:179} INFO - Processing /home/phuc/Practice/DataScience/DSProject/venv/lib/python3.10/site-packages/airflow/example_dags/example_datasets.py took 0.071 seconds
[2023-12-17T08:09:41.706+0700] {processor.py:157} INFO - Started process (PID=313564) to work on /home/phuc/Practice/DataScience/DSProject/venv/lib/python3.10/site-packages/airflow/example_dags/example_datasets.py
[2023-12-17T08:09:41.707+0700] {processor.py:829} INFO - Processing file /home/phuc/Practice/DataScience/DSProject/venv/lib/python3.10/site-packages/airflow/example_dags/example_datasets.py for tasks to queue
[2023-12-17T08:09:41.708+0700] {logging_mixin.py:154} INFO - [2023-12-17T08:09:41.708+0700] {dagbag.py:536} INFO - Filling up the DagBag from /home/phuc/Practice/DataScience/DSProject/venv/lib/python3.10/site-packages/airflow/example_dags/example_datasets.py
[2023-12-17T08:09:41.720+0700] {processor.py:839} INFO - DAG(s) dict_keys(['dataset_consumes_unknown_never_scheduled', 'dataset_produces_1', 'dataset_consumes_1', 'dataset_produces_2', 'dataset_consumes_1_and_2', 'dataset_consumes_1_never_scheduled']) retrieved from /home/phuc/Practice/DataScience/DSProject/venv/lib/python3.10/site-packages/airflow/example_dags/example_datasets.py
[2023-12-17T08:09:41.750+0700] {logging_mixin.py:154} INFO - [2023-12-17T08:09:41.750+0700] {dag.py:2941} INFO - Sync 6 DAGs
[2023-12-17T08:09:41.766+0700] {logging_mixin.py:154} INFO - [2023-12-17T08:09:41.765+0700] {dag.py:3722} INFO - Setting next_dagrun for dataset_consumes_1 to None, run_after=None
[2023-12-17T08:09:41.768+0700] {logging_mixin.py:154} INFO - [2023-12-17T08:09:41.768+0700] {dag.py:3722} INFO - Setting next_dagrun for dataset_consumes_1_and_2 to None, run_after=None
[2023-12-17T08:09:41.769+0700] {logging_mixin.py:154} INFO - [2023-12-17T08:09:41.769+0700] {dag.py:3722} INFO - Setting next_dagrun for dataset_consumes_1_never_scheduled to None, run_after=None
[2023-12-17T08:09:41.770+0700] {logging_mixin.py:154} INFO - [2023-12-17T08:09:41.770+0700] {dag.py:3722} INFO - Setting next_dagrun for dataset_consumes_unknown_never_scheduled to None, run_after=None
[2023-12-17T08:09:41.772+0700] {logging_mixin.py:154} INFO - [2023-12-17T08:09:41.772+0700] {dag.py:3722} INFO - Setting next_dagrun for dataset_produces_1 to 2023-12-16T00:00:00+00:00, run_after=2023-12-17T00:00:00+00:00
[2023-12-17T08:09:41.772+0700] {logging_mixin.py:154} INFO - [2023-12-17T08:09:41.772+0700] {dag.py:3722} INFO - Setting next_dagrun for dataset_produces_2 to None, run_after=None
[2023-12-17T08:09:41.796+0700] {processor.py:179} INFO - Processing /home/phuc/Practice/DataScience/DSProject/venv/lib/python3.10/site-packages/airflow/example_dags/example_datasets.py took 0.094 seconds
[2023-12-17T08:10:31.251+0700] {processor.py:157} INFO - Started process (PID=313883) to work on /home/phuc/Practice/DataScience/DSProject/venv/lib/python3.10/site-packages/airflow/example_dags/example_datasets.py
[2023-12-17T08:10:31.258+0700] {processor.py:829} INFO - Processing file /home/phuc/Practice/DataScience/DSProject/venv/lib/python3.10/site-packages/airflow/example_dags/example_datasets.py for tasks to queue
[2023-12-17T08:10:31.258+0700] {logging_mixin.py:154} INFO - [2023-12-17T08:10:31.258+0700] {dagbag.py:536} INFO - Filling up the DagBag from /home/phuc/Practice/DataScience/DSProject/venv/lib/python3.10/site-packages/airflow/example_dags/example_datasets.py
[2023-12-17T08:10:31.270+0700] {processor.py:839} INFO - DAG(s) dict_keys(['dataset_consumes_unknown_never_scheduled', 'dataset_produces_2', 'dataset_consumes_1_never_scheduled', 'dataset_produces_1', 'dataset_consumes_1', 'dataset_consumes_1_and_2']) retrieved from /home/phuc/Practice/DataScience/DSProject/venv/lib/python3.10/site-packages/airflow/example_dags/example_datasets.py
[2023-12-17T08:10:31.286+0700] {logging_mixin.py:154} INFO - [2023-12-17T08:10:31.285+0700] {dag.py:2941} INFO - Sync 6 DAGs
[2023-12-17T08:10:31.295+0700] {logging_mixin.py:154} INFO - [2023-12-17T08:10:31.295+0700] {dag.py:3722} INFO - Setting next_dagrun for dataset_consumes_1 to None, run_after=None
[2023-12-17T08:10:31.297+0700] {logging_mixin.py:154} INFO - [2023-12-17T08:10:31.297+0700] {dag.py:3722} INFO - Setting next_dagrun for dataset_consumes_1_and_2 to None, run_after=None
[2023-12-17T08:10:31.297+0700] {logging_mixin.py:154} INFO - [2023-12-17T08:10:31.297+0700] {dag.py:3722} INFO - Setting next_dagrun for dataset_consumes_1_never_scheduled to None, run_after=None
[2023-12-17T08:10:31.298+0700] {logging_mixin.py:154} INFO - [2023-12-17T08:10:31.298+0700] {dag.py:3722} INFO - Setting next_dagrun for dataset_consumes_unknown_never_scheduled to None, run_after=None
[2023-12-17T08:10:31.299+0700] {logging_mixin.py:154} INFO - [2023-12-17T08:10:31.299+0700] {dag.py:3722} INFO - Setting next_dagrun for dataset_produces_1 to 2023-12-16T00:00:00+00:00, run_after=2023-12-17T00:00:00+00:00
[2023-12-17T08:10:31.299+0700] {logging_mixin.py:154} INFO - [2023-12-17T08:10:31.299+0700] {dag.py:3722} INFO - Setting next_dagrun for dataset_produces_2 to None, run_after=None
[2023-12-17T08:10:31.316+0700] {processor.py:179} INFO - Processing /home/phuc/Practice/DataScience/DSProject/venv/lib/python3.10/site-packages/airflow/example_dags/example_datasets.py took 0.067 seconds
[2023-12-17T08:11:20.828+0700] {processor.py:157} INFO - Started process (PID=314102) to work on /home/phuc/Practice/DataScience/DSProject/venv/lib/python3.10/site-packages/airflow/example_dags/example_datasets.py
[2023-12-17T08:11:20.835+0700] {processor.py:829} INFO - Processing file /home/phuc/Practice/DataScience/DSProject/venv/lib/python3.10/site-packages/airflow/example_dags/example_datasets.py for tasks to queue
[2023-12-17T08:11:20.836+0700] {logging_mixin.py:154} INFO - [2023-12-17T08:11:20.836+0700] {dagbag.py:536} INFO - Filling up the DagBag from /home/phuc/Practice/DataScience/DSProject/venv/lib/python3.10/site-packages/airflow/example_dags/example_datasets.py
[2023-12-17T08:11:20.849+0700] {processor.py:839} INFO - DAG(s) dict_keys(['dataset_consumes_1', 'dataset_consumes_1_never_scheduled', 'dataset_produces_1', 'dataset_consumes_1_and_2', 'dataset_consumes_unknown_never_scheduled', 'dataset_produces_2']) retrieved from /home/phuc/Practice/DataScience/DSProject/venv/lib/python3.10/site-packages/airflow/example_dags/example_datasets.py
[2023-12-17T08:11:20.866+0700] {logging_mixin.py:154} INFO - [2023-12-17T08:11:20.866+0700] {dag.py:2941} INFO - Sync 6 DAGs
[2023-12-17T08:11:20.876+0700] {logging_mixin.py:154} INFO - [2023-12-17T08:11:20.875+0700] {dag.py:3722} INFO - Setting next_dagrun for dataset_consumes_1 to None, run_after=None
[2023-12-17T08:11:20.877+0700] {logging_mixin.py:154} INFO - [2023-12-17T08:11:20.877+0700] {dag.py:3722} INFO - Setting next_dagrun for dataset_consumes_1_and_2 to None, run_after=None
[2023-12-17T08:11:20.878+0700] {logging_mixin.py:154} INFO - [2023-12-17T08:11:20.878+0700] {dag.py:3722} INFO - Setting next_dagrun for dataset_consumes_1_never_scheduled to None, run_after=None
[2023-12-17T08:11:20.878+0700] {logging_mixin.py:154} INFO - [2023-12-17T08:11:20.878+0700] {dag.py:3722} INFO - Setting next_dagrun for dataset_consumes_unknown_never_scheduled to None, run_after=None
[2023-12-17T08:11:20.879+0700] {logging_mixin.py:154} INFO - [2023-12-17T08:11:20.879+0700] {dag.py:3722} INFO - Setting next_dagrun for dataset_produces_1 to 2023-12-16T00:00:00+00:00, run_after=2023-12-17T00:00:00+00:00
[2023-12-17T08:11:20.880+0700] {logging_mixin.py:154} INFO - [2023-12-17T08:11:20.880+0700] {dag.py:3722} INFO - Setting next_dagrun for dataset_produces_2 to None, run_after=None
[2023-12-17T08:11:20.896+0700] {processor.py:179} INFO - Processing /home/phuc/Practice/DataScience/DSProject/venv/lib/python3.10/site-packages/airflow/example_dags/example_datasets.py took 0.071 seconds
[2023-12-17T08:12:11.243+0700] {processor.py:157} INFO - Started process (PID=314361) to work on /home/phuc/Practice/DataScience/DSProject/venv/lib/python3.10/site-packages/airflow/example_dags/example_datasets.py
[2023-12-17T08:12:11.245+0700] {processor.py:829} INFO - Processing file /home/phuc/Practice/DataScience/DSProject/venv/lib/python3.10/site-packages/airflow/example_dags/example_datasets.py for tasks to queue
[2023-12-17T08:12:11.246+0700] {logging_mixin.py:154} INFO - [2023-12-17T08:12:11.245+0700] {dagbag.py:536} INFO - Filling up the DagBag from /home/phuc/Practice/DataScience/DSProject/venv/lib/python3.10/site-packages/airflow/example_dags/example_datasets.py
[2023-12-17T08:12:11.258+0700] {processor.py:839} INFO - DAG(s) dict_keys(['dataset_consumes_1_never_scheduled', 'dataset_consumes_1_and_2', 'dataset_produces_2', 'dataset_consumes_1', 'dataset_consumes_unknown_never_scheduled', 'dataset_produces_1']) retrieved from /home/phuc/Practice/DataScience/DSProject/venv/lib/python3.10/site-packages/airflow/example_dags/example_datasets.py
[2023-12-17T08:12:11.273+0700] {logging_mixin.py:154} INFO - [2023-12-17T08:12:11.273+0700] {dag.py:2941} INFO - Sync 6 DAGs
[2023-12-17T08:12:11.284+0700] {logging_mixin.py:154} INFO - [2023-12-17T08:12:11.284+0700] {dag.py:3722} INFO - Setting next_dagrun for dataset_consumes_1 to None, run_after=None
[2023-12-17T08:12:11.285+0700] {logging_mixin.py:154} INFO - [2023-12-17T08:12:11.285+0700] {dag.py:3722} INFO - Setting next_dagrun for dataset_consumes_1_and_2 to None, run_after=None
[2023-12-17T08:12:11.286+0700] {logging_mixin.py:154} INFO - [2023-12-17T08:12:11.286+0700] {dag.py:3722} INFO - Setting next_dagrun for dataset_consumes_1_never_scheduled to None, run_after=None
[2023-12-17T08:12:11.286+0700] {logging_mixin.py:154} INFO - [2023-12-17T08:12:11.286+0700] {dag.py:3722} INFO - Setting next_dagrun for dataset_consumes_unknown_never_scheduled to None, run_after=None
[2023-12-17T08:12:11.287+0700] {logging_mixin.py:154} INFO - [2023-12-17T08:12:11.287+0700] {dag.py:3722} INFO - Setting next_dagrun for dataset_produces_1 to 2023-12-16T00:00:00+00:00, run_after=2023-12-17T00:00:00+00:00
[2023-12-17T08:12:11.288+0700] {logging_mixin.py:154} INFO - [2023-12-17T08:12:11.288+0700] {dag.py:3722} INFO - Setting next_dagrun for dataset_produces_2 to None, run_after=None
[2023-12-17T08:12:11.305+0700] {processor.py:179} INFO - Processing /home/phuc/Practice/DataScience/DSProject/venv/lib/python3.10/site-packages/airflow/example_dags/example_datasets.py took 0.064 seconds
[2023-12-17T08:13:02.133+0700] {processor.py:157} INFO - Started process (PID=314586) to work on /home/phuc/Practice/DataScience/DSProject/venv/lib/python3.10/site-packages/airflow/example_dags/example_datasets.py
[2023-12-17T08:13:02.140+0700] {processor.py:829} INFO - Processing file /home/phuc/Practice/DataScience/DSProject/venv/lib/python3.10/site-packages/airflow/example_dags/example_datasets.py for tasks to queue
[2023-12-17T08:13:02.141+0700] {logging_mixin.py:154} INFO - [2023-12-17T08:13:02.140+0700] {dagbag.py:536} INFO - Filling up the DagBag from /home/phuc/Practice/DataScience/DSProject/venv/lib/python3.10/site-packages/airflow/example_dags/example_datasets.py
[2023-12-17T08:13:02.148+0700] {processor.py:839} INFO - DAG(s) dict_keys(['dataset_consumes_1_never_scheduled', 'dataset_produces_1', 'dataset_consumes_1_and_2', 'dataset_consumes_1', 'dataset_consumes_unknown_never_scheduled', 'dataset_produces_2']) retrieved from /home/phuc/Practice/DataScience/DSProject/venv/lib/python3.10/site-packages/airflow/example_dags/example_datasets.py
[2023-12-17T08:13:02.169+0700] {logging_mixin.py:154} INFO - [2023-12-17T08:13:02.169+0700] {dag.py:2941} INFO - Sync 6 DAGs
[2023-12-17T08:13:02.184+0700] {logging_mixin.py:154} INFO - [2023-12-17T08:13:02.184+0700] {dag.py:3722} INFO - Setting next_dagrun for dataset_consumes_1 to None, run_after=None
[2023-12-17T08:13:02.187+0700] {logging_mixin.py:154} INFO - [2023-12-17T08:13:02.187+0700] {dag.py:3722} INFO - Setting next_dagrun for dataset_consumes_1_and_2 to None, run_after=None
[2023-12-17T08:13:02.188+0700] {logging_mixin.py:154} INFO - [2023-12-17T08:13:02.188+0700] {dag.py:3722} INFO - Setting next_dagrun for dataset_consumes_1_never_scheduled to None, run_after=None
[2023-12-17T08:13:02.189+0700] {logging_mixin.py:154} INFO - [2023-12-17T08:13:02.189+0700] {dag.py:3722} INFO - Setting next_dagrun for dataset_consumes_unknown_never_scheduled to None, run_after=None
[2023-12-17T08:13:02.191+0700] {logging_mixin.py:154} INFO - [2023-12-17T08:13:02.191+0700] {dag.py:3722} INFO - Setting next_dagrun for dataset_produces_1 to 2023-12-16T00:00:00+00:00, run_after=2023-12-17T00:00:00+00:00
[2023-12-17T08:13:02.192+0700] {logging_mixin.py:154} INFO - [2023-12-17T08:13:02.191+0700] {dag.py:3722} INFO - Setting next_dagrun for dataset_produces_2 to None, run_after=None
[2023-12-17T08:13:02.214+0700] {processor.py:179} INFO - Processing /home/phuc/Practice/DataScience/DSProject/venv/lib/python3.10/site-packages/airflow/example_dags/example_datasets.py took 0.084 seconds
[2023-12-17T08:13:46.169+0700] {processor.py:157} INFO - Started process (PID=314828) to work on /home/phuc/Practice/DataScience/DSProject/venv/lib/python3.10/site-packages/airflow/example_dags/example_datasets.py
[2023-12-17T08:13:46.175+0700] {processor.py:829} INFO - Processing file /home/phuc/Practice/DataScience/DSProject/venv/lib/python3.10/site-packages/airflow/example_dags/example_datasets.py for tasks to queue
[2023-12-17T08:13:46.176+0700] {logging_mixin.py:154} INFO - [2023-12-17T08:13:46.176+0700] {dagbag.py:536} INFO - Filling up the DagBag from /home/phuc/Practice/DataScience/DSProject/venv/lib/python3.10/site-packages/airflow/example_dags/example_datasets.py
[2023-12-17T08:13:46.184+0700] {processor.py:839} INFO - DAG(s) dict_keys(['dataset_consumes_1', 'dataset_consumes_unknown_never_scheduled', 'dataset_consumes_1_never_scheduled', 'dataset_consumes_1_and_2', 'dataset_produces_1', 'dataset_produces_2']) retrieved from /home/phuc/Practice/DataScience/DSProject/venv/lib/python3.10/site-packages/airflow/example_dags/example_datasets.py
[2023-12-17T08:13:46.204+0700] {logging_mixin.py:154} INFO - [2023-12-17T08:13:46.204+0700] {dag.py:2941} INFO - Sync 6 DAGs
[2023-12-17T08:13:46.217+0700] {logging_mixin.py:154} INFO - [2023-12-17T08:13:46.216+0700] {dag.py:3722} INFO - Setting next_dagrun for dataset_consumes_1 to None, run_after=None
[2023-12-17T08:13:46.218+0700] {logging_mixin.py:154} INFO - [2023-12-17T08:13:46.218+0700] {dag.py:3722} INFO - Setting next_dagrun for dataset_consumes_1_and_2 to None, run_after=None
[2023-12-17T08:13:46.219+0700] {logging_mixin.py:154} INFO - [2023-12-17T08:13:46.219+0700] {dag.py:3722} INFO - Setting next_dagrun for dataset_consumes_1_never_scheduled to None, run_after=None
[2023-12-17T08:13:46.219+0700] {logging_mixin.py:154} INFO - [2023-12-17T08:13:46.219+0700] {dag.py:3722} INFO - Setting next_dagrun for dataset_consumes_unknown_never_scheduled to None, run_after=None
[2023-12-17T08:13:46.221+0700] {logging_mixin.py:154} INFO - [2023-12-17T08:13:46.221+0700] {dag.py:3722} INFO - Setting next_dagrun for dataset_produces_1 to 2023-12-16T00:00:00+00:00, run_after=2023-12-17T00:00:00+00:00
[2023-12-17T08:13:46.222+0700] {logging_mixin.py:154} INFO - [2023-12-17T08:13:46.222+0700] {dag.py:3722} INFO - Setting next_dagrun for dataset_produces_2 to None, run_after=None
[2023-12-17T08:13:46.239+0700] {processor.py:179} INFO - Processing /home/phuc/Practice/DataScience/DSProject/venv/lib/python3.10/site-packages/airflow/example_dags/example_datasets.py took 0.073 seconds
[2023-12-17T08:14:39.837+0700] {processor.py:157} INFO - Started process (PID=315070) to work on /home/phuc/Practice/DataScience/DSProject/venv/lib/python3.10/site-packages/airflow/example_dags/example_datasets.py
[2023-12-17T08:14:39.844+0700] {processor.py:829} INFO - Processing file /home/phuc/Practice/DataScience/DSProject/venv/lib/python3.10/site-packages/airflow/example_dags/example_datasets.py for tasks to queue
[2023-12-17T08:14:39.846+0700] {logging_mixin.py:154} INFO - [2023-12-17T08:14:39.845+0700] {dagbag.py:536} INFO - Filling up the DagBag from /home/phuc/Practice/DataScience/DSProject/venv/lib/python3.10/site-packages/airflow/example_dags/example_datasets.py
[2023-12-17T08:14:39.859+0700] {processor.py:839} INFO - DAG(s) dict_keys(['dataset_produces_2', 'dataset_consumes_unknown_never_scheduled', 'dataset_consumes_1_and_2', 'dataset_consumes_1', 'dataset_produces_1', 'dataset_consumes_1_never_scheduled']) retrieved from /home/phuc/Practice/DataScience/DSProject/venv/lib/python3.10/site-packages/airflow/example_dags/example_datasets.py
[2023-12-17T08:14:39.875+0700] {logging_mixin.py:154} INFO - [2023-12-17T08:14:39.875+0700] {dag.py:2941} INFO - Sync 6 DAGs
[2023-12-17T08:14:39.885+0700] {logging_mixin.py:154} INFO - [2023-12-17T08:14:39.885+0700] {dag.py:3722} INFO - Setting next_dagrun for dataset_consumes_1 to None, run_after=None
[2023-12-17T08:14:39.886+0700] {logging_mixin.py:154} INFO - [2023-12-17T08:14:39.886+0700] {dag.py:3722} INFO - Setting next_dagrun for dataset_consumes_1_and_2 to None, run_after=None
[2023-12-17T08:14:39.887+0700] {logging_mixin.py:154} INFO - [2023-12-17T08:14:39.887+0700] {dag.py:3722} INFO - Setting next_dagrun for dataset_consumes_1_never_scheduled to None, run_after=None
[2023-12-17T08:14:39.887+0700] {logging_mixin.py:154} INFO - [2023-12-17T08:14:39.887+0700] {dag.py:3722} INFO - Setting next_dagrun for dataset_consumes_unknown_never_scheduled to None, run_after=None
[2023-12-17T08:14:39.889+0700] {logging_mixin.py:154} INFO - [2023-12-17T08:14:39.889+0700] {dag.py:3722} INFO - Setting next_dagrun for dataset_produces_1 to 2023-12-16T00:00:00+00:00, run_after=2023-12-17T00:00:00+00:00
[2023-12-17T08:14:39.889+0700] {logging_mixin.py:154} INFO - [2023-12-17T08:14:39.889+0700] {dag.py:3722} INFO - Setting next_dagrun for dataset_produces_2 to None, run_after=None
[2023-12-17T08:14:39.907+0700] {processor.py:179} INFO - Processing /home/phuc/Practice/DataScience/DSProject/venv/lib/python3.10/site-packages/airflow/example_dags/example_datasets.py took 0.073 seconds
[2023-12-17T08:15:33.974+0700] {processor.py:157} INFO - Started process (PID=315315) to work on /home/phuc/Practice/DataScience/DSProject/venv/lib/python3.10/site-packages/airflow/example_dags/example_datasets.py
[2023-12-17T08:15:33.975+0700] {processor.py:829} INFO - Processing file /home/phuc/Practice/DataScience/DSProject/venv/lib/python3.10/site-packages/airflow/example_dags/example_datasets.py for tasks to queue
[2023-12-17T08:15:33.975+0700] {logging_mixin.py:154} INFO - [2023-12-17T08:15:33.975+0700] {dagbag.py:536} INFO - Filling up the DagBag from /home/phuc/Practice/DataScience/DSProject/venv/lib/python3.10/site-packages/airflow/example_dags/example_datasets.py
[2023-12-17T08:15:33.984+0700] {processor.py:839} INFO - DAG(s) dict_keys(['dataset_produces_2', 'dataset_consumes_1_never_scheduled', 'dataset_consumes_unknown_never_scheduled', 'dataset_consumes_1_and_2', 'dataset_consumes_1', 'dataset_produces_1']) retrieved from /home/phuc/Practice/DataScience/DSProject/venv/lib/python3.10/site-packages/airflow/example_dags/example_datasets.py
[2023-12-17T08:15:34.000+0700] {logging_mixin.py:154} INFO - [2023-12-17T08:15:34.000+0700] {dag.py:2941} INFO - Sync 6 DAGs
[2023-12-17T08:15:34.010+0700] {logging_mixin.py:154} INFO - [2023-12-17T08:15:34.010+0700] {dag.py:3722} INFO - Setting next_dagrun for dataset_consumes_1 to None, run_after=None
[2023-12-17T08:15:34.011+0700] {logging_mixin.py:154} INFO - [2023-12-17T08:15:34.011+0700] {dag.py:3722} INFO - Setting next_dagrun for dataset_consumes_1_and_2 to None, run_after=None
[2023-12-17T08:15:34.012+0700] {logging_mixin.py:154} INFO - [2023-12-17T08:15:34.012+0700] {dag.py:3722} INFO - Setting next_dagrun for dataset_consumes_1_never_scheduled to None, run_after=None
[2023-12-17T08:15:34.012+0700] {logging_mixin.py:154} INFO - [2023-12-17T08:15:34.012+0700] {dag.py:3722} INFO - Setting next_dagrun for dataset_consumes_unknown_never_scheduled to None, run_after=None
[2023-12-17T08:15:34.014+0700] {logging_mixin.py:154} INFO - [2023-12-17T08:15:34.014+0700] {dag.py:3722} INFO - Setting next_dagrun for dataset_produces_1 to 2023-12-16T00:00:00+00:00, run_after=2023-12-17T00:00:00+00:00
[2023-12-17T08:15:34.014+0700] {logging_mixin.py:154} INFO - [2023-12-17T08:15:34.014+0700] {dag.py:3722} INFO - Setting next_dagrun for dataset_produces_2 to None, run_after=None
[2023-12-17T08:15:34.030+0700] {processor.py:179} INFO - Processing /home/phuc/Practice/DataScience/DSProject/venv/lib/python3.10/site-packages/airflow/example_dags/example_datasets.py took 0.060 seconds
[2023-12-17T08:18:18.120+0700] {processor.py:157} INFO - Started process (PID=316525) to work on /home/phuc/Practice/DataScience/DSProject/venv/lib/python3.10/site-packages/airflow/example_dags/example_datasets.py
[2023-12-17T08:18:18.121+0700] {processor.py:829} INFO - Processing file /home/phuc/Practice/DataScience/DSProject/venv/lib/python3.10/site-packages/airflow/example_dags/example_datasets.py for tasks to queue
[2023-12-17T08:18:18.122+0700] {logging_mixin.py:154} INFO - [2023-12-17T08:18:18.121+0700] {dagbag.py:536} INFO - Filling up the DagBag from /home/phuc/Practice/DataScience/DSProject/venv/lib/python3.10/site-packages/airflow/example_dags/example_datasets.py
[2023-12-17T08:18:18.133+0700] {processor.py:839} INFO - DAG(s) dict_keys(['dataset_consumes_1_and_2', 'dataset_produces_1', 'dataset_produces_2', 'dataset_consumes_1', 'dataset_consumes_1_never_scheduled', 'dataset_consumes_unknown_never_scheduled']) retrieved from /home/phuc/Practice/DataScience/DSProject/venv/lib/python3.10/site-packages/airflow/example_dags/example_datasets.py
[2023-12-17T08:18:18.150+0700] {logging_mixin.py:154} INFO - [2023-12-17T08:18:18.150+0700] {dag.py:2941} INFO - Sync 6 DAGs
[2023-12-17T08:18:18.160+0700] {logging_mixin.py:154} INFO - [2023-12-17T08:18:18.160+0700] {dag.py:3722} INFO - Setting next_dagrun for dataset_consumes_1 to None, run_after=None
[2023-12-17T08:18:18.162+0700] {logging_mixin.py:154} INFO - [2023-12-17T08:18:18.161+0700] {dag.py:3722} INFO - Setting next_dagrun for dataset_consumes_1_and_2 to None, run_after=None
[2023-12-17T08:18:18.162+0700] {logging_mixin.py:154} INFO - [2023-12-17T08:18:18.162+0700] {dag.py:3722} INFO - Setting next_dagrun for dataset_consumes_1_never_scheduled to None, run_after=None
[2023-12-17T08:18:18.163+0700] {logging_mixin.py:154} INFO - [2023-12-17T08:18:18.162+0700] {dag.py:3722} INFO - Setting next_dagrun for dataset_consumes_unknown_never_scheduled to None, run_after=None
[2023-12-17T08:18:18.164+0700] {logging_mixin.py:154} INFO - [2023-12-17T08:18:18.164+0700] {dag.py:3722} INFO - Setting next_dagrun for dataset_produces_1 to 2023-12-16T00:00:00+00:00, run_after=2023-12-17T00:00:00+00:00
[2023-12-17T08:18:18.164+0700] {logging_mixin.py:154} INFO - [2023-12-17T08:18:18.164+0700] {dag.py:3722} INFO - Setting next_dagrun for dataset_produces_2 to None, run_after=None
[2023-12-17T08:18:18.183+0700] {processor.py:179} INFO - Processing /home/phuc/Practice/DataScience/DSProject/venv/lib/python3.10/site-packages/airflow/example_dags/example_datasets.py took 0.066 seconds
[2023-12-17T08:19:10.695+0700] {processor.py:157} INFO - Started process (PID=317025) to work on /home/phuc/Practice/DataScience/DSProject/venv/lib/python3.10/site-packages/airflow/example_dags/example_datasets.py
[2023-12-17T08:19:10.702+0700] {processor.py:829} INFO - Processing file /home/phuc/Practice/DataScience/DSProject/venv/lib/python3.10/site-packages/airflow/example_dags/example_datasets.py for tasks to queue
[2023-12-17T08:19:10.703+0700] {logging_mixin.py:154} INFO - [2023-12-17T08:19:10.702+0700] {dagbag.py:536} INFO - Filling up the DagBag from /home/phuc/Practice/DataScience/DSProject/venv/lib/python3.10/site-packages/airflow/example_dags/example_datasets.py
[2023-12-17T08:19:10.711+0700] {processor.py:839} INFO - DAG(s) dict_keys(['dataset_consumes_1_and_2', 'dataset_consumes_1', 'dataset_produces_2', 'dataset_produces_1', 'dataset_consumes_1_never_scheduled', 'dataset_consumes_unknown_never_scheduled']) retrieved from /home/phuc/Practice/DataScience/DSProject/venv/lib/python3.10/site-packages/airflow/example_dags/example_datasets.py
[2023-12-17T08:19:10.732+0700] {logging_mixin.py:154} INFO - [2023-12-17T08:19:10.732+0700] {dag.py:2941} INFO - Sync 6 DAGs
[2023-12-17T08:19:10.746+0700] {logging_mixin.py:154} INFO - [2023-12-17T08:19:10.746+0700] {dag.py:3722} INFO - Setting next_dagrun for dataset_consumes_1 to None, run_after=None
[2023-12-17T08:19:10.749+0700] {logging_mixin.py:154} INFO - [2023-12-17T08:19:10.749+0700] {dag.py:3722} INFO - Setting next_dagrun for dataset_consumes_1_and_2 to None, run_after=None
[2023-12-17T08:19:10.750+0700] {logging_mixin.py:154} INFO - [2023-12-17T08:19:10.750+0700] {dag.py:3722} INFO - Setting next_dagrun for dataset_consumes_1_never_scheduled to None, run_after=None
[2023-12-17T08:19:10.750+0700] {logging_mixin.py:154} INFO - [2023-12-17T08:19:10.750+0700] {dag.py:3722} INFO - Setting next_dagrun for dataset_consumes_unknown_never_scheduled to None, run_after=None
[2023-12-17T08:19:10.753+0700] {logging_mixin.py:154} INFO - [2023-12-17T08:19:10.753+0700] {dag.py:3722} INFO - Setting next_dagrun for dataset_produces_1 to 2023-12-16T00:00:00+00:00, run_after=2023-12-17T00:00:00+00:00
[2023-12-17T08:19:10.753+0700] {logging_mixin.py:154} INFO - [2023-12-17T08:19:10.753+0700] {dag.py:3722} INFO - Setting next_dagrun for dataset_produces_2 to None, run_after=None
[2023-12-17T08:19:10.777+0700] {processor.py:179} INFO - Processing /home/phuc/Practice/DataScience/DSProject/venv/lib/python3.10/site-packages/airflow/example_dags/example_datasets.py took 0.085 seconds
[2023-12-17T08:20:03.809+0700] {processor.py:157} INFO - Started process (PID=317585) to work on /home/phuc/Practice/DataScience/DSProject/venv/lib/python3.10/site-packages/airflow/example_dags/example_datasets.py
[2023-12-17T08:20:03.817+0700] {processor.py:829} INFO - Processing file /home/phuc/Practice/DataScience/DSProject/venv/lib/python3.10/site-packages/airflow/example_dags/example_datasets.py for tasks to queue
[2023-12-17T08:20:03.818+0700] {logging_mixin.py:154} INFO - [2023-12-17T08:20:03.818+0700] {dagbag.py:536} INFO - Filling up the DagBag from /home/phuc/Practice/DataScience/DSProject/venv/lib/python3.10/site-packages/airflow/example_dags/example_datasets.py
[2023-12-17T08:20:03.834+0700] {processor.py:839} INFO - DAG(s) dict_keys(['dataset_produces_2', 'dataset_consumes_1_and_2', 'dataset_consumes_1_never_scheduled', 'dataset_consumes_unknown_never_scheduled', 'dataset_produces_1', 'dataset_consumes_1']) retrieved from /home/phuc/Practice/DataScience/DSProject/venv/lib/python3.10/site-packages/airflow/example_dags/example_datasets.py
[2023-12-17T08:20:03.869+0700] {logging_mixin.py:154} INFO - [2023-12-17T08:20:03.869+0700] {dag.py:2941} INFO - Sync 6 DAGs
[2023-12-17T08:20:03.891+0700] {logging_mixin.py:154} INFO - [2023-12-17T08:20:03.890+0700] {dag.py:3722} INFO - Setting next_dagrun for dataset_consumes_1 to None, run_after=None
[2023-12-17T08:20:03.896+0700] {logging_mixin.py:154} INFO - [2023-12-17T08:20:03.896+0700] {dag.py:3722} INFO - Setting next_dagrun for dataset_consumes_1_and_2 to None, run_after=None
[2023-12-17T08:20:03.897+0700] {logging_mixin.py:154} INFO - [2023-12-17T08:20:03.897+0700] {dag.py:3722} INFO - Setting next_dagrun for dataset_consumes_1_never_scheduled to None, run_after=None
[2023-12-17T08:20:03.898+0700] {logging_mixin.py:154} INFO - [2023-12-17T08:20:03.898+0700] {dag.py:3722} INFO - Setting next_dagrun for dataset_consumes_unknown_never_scheduled to None, run_after=None
[2023-12-17T08:20:03.901+0700] {logging_mixin.py:154} INFO - [2023-12-17T08:20:03.901+0700] {dag.py:3722} INFO - Setting next_dagrun for dataset_produces_1 to 2023-12-16T00:00:00+00:00, run_after=2023-12-17T00:00:00+00:00
[2023-12-17T08:20:03.902+0700] {logging_mixin.py:154} INFO - [2023-12-17T08:20:03.902+0700] {dag.py:3722} INFO - Setting next_dagrun for dataset_produces_2 to None, run_after=None
[2023-12-17T08:20:03.938+0700] {processor.py:179} INFO - Processing /home/phuc/Practice/DataScience/DSProject/venv/lib/python3.10/site-packages/airflow/example_dags/example_datasets.py took 0.133 seconds
[2023-12-17T08:23:18.686+0700] {processor.py:157} INFO - Started process (PID=319431) to work on /home/phuc/Practice/DataScience/DSProject/venv/lib/python3.10/site-packages/airflow/example_dags/example_datasets.py
[2023-12-17T08:23:18.693+0700] {processor.py:829} INFO - Processing file /home/phuc/Practice/DataScience/DSProject/venv/lib/python3.10/site-packages/airflow/example_dags/example_datasets.py for tasks to queue
[2023-12-17T08:23:18.694+0700] {logging_mixin.py:154} INFO - [2023-12-17T08:23:18.694+0700] {dagbag.py:536} INFO - Filling up the DagBag from /home/phuc/Practice/DataScience/DSProject/venv/lib/python3.10/site-packages/airflow/example_dags/example_datasets.py
[2023-12-17T08:23:18.707+0700] {processor.py:839} INFO - DAG(s) dict_keys(['dataset_produces_2', 'dataset_consumes_1_never_scheduled', 'dataset_consumes_1', 'dataset_produces_1', 'dataset_consumes_1_and_2', 'dataset_consumes_unknown_never_scheduled']) retrieved from /home/phuc/Practice/DataScience/DSProject/venv/lib/python3.10/site-packages/airflow/example_dags/example_datasets.py
[2023-12-17T08:23:18.722+0700] {logging_mixin.py:154} INFO - [2023-12-17T08:23:18.722+0700] {dag.py:2941} INFO - Sync 6 DAGs
[2023-12-17T08:23:18.732+0700] {logging_mixin.py:154} INFO - [2023-12-17T08:23:18.732+0700] {dag.py:3722} INFO - Setting next_dagrun for dataset_consumes_1 to None, run_after=None
[2023-12-17T08:23:18.733+0700] {logging_mixin.py:154} INFO - [2023-12-17T08:23:18.733+0700] {dag.py:3722} INFO - Setting next_dagrun for dataset_consumes_1_and_2 to None, run_after=None
[2023-12-17T08:23:18.734+0700] {logging_mixin.py:154} INFO - [2023-12-17T08:23:18.734+0700] {dag.py:3722} INFO - Setting next_dagrun for dataset_consumes_1_never_scheduled to None, run_after=None
[2023-12-17T08:23:18.734+0700] {logging_mixin.py:154} INFO - [2023-12-17T08:23:18.734+0700] {dag.py:3722} INFO - Setting next_dagrun for dataset_consumes_unknown_never_scheduled to None, run_after=None
[2023-12-17T08:23:18.736+0700] {logging_mixin.py:154} INFO - [2023-12-17T08:23:18.736+0700] {dag.py:3722} INFO - Setting next_dagrun for dataset_produces_1 to 2023-12-16T00:00:00+00:00, run_after=2023-12-17T00:00:00+00:00
[2023-12-17T08:23:18.737+0700] {logging_mixin.py:154} INFO - [2023-12-17T08:23:18.736+0700] {dag.py:3722} INFO - Setting next_dagrun for dataset_produces_2 to None, run_after=None
[2023-12-17T08:23:18.753+0700] {processor.py:179} INFO - Processing /home/phuc/Practice/DataScience/DSProject/venv/lib/python3.10/site-packages/airflow/example_dags/example_datasets.py took 0.072 seconds
[2023-12-17T08:24:14.676+0700] {processor.py:157} INFO - Started process (PID=319769) to work on /home/phuc/Practice/DataScience/DSProject/venv/lib/python3.10/site-packages/airflow/example_dags/example_datasets.py
[2023-12-17T08:24:14.683+0700] {processor.py:829} INFO - Processing file /home/phuc/Practice/DataScience/DSProject/venv/lib/python3.10/site-packages/airflow/example_dags/example_datasets.py for tasks to queue
[2023-12-17T08:24:14.685+0700] {logging_mixin.py:154} INFO - [2023-12-17T08:24:14.684+0700] {dagbag.py:536} INFO - Filling up the DagBag from /home/phuc/Practice/DataScience/DSProject/venv/lib/python3.10/site-packages/airflow/example_dags/example_datasets.py
[2023-12-17T08:24:14.697+0700] {processor.py:839} INFO - DAG(s) dict_keys(['dataset_consumes_1_never_scheduled', 'dataset_produces_1', 'dataset_consumes_1_and_2', 'dataset_produces_2', 'dataset_consumes_unknown_never_scheduled', 'dataset_consumes_1']) retrieved from /home/phuc/Practice/DataScience/DSProject/venv/lib/python3.10/site-packages/airflow/example_dags/example_datasets.py
[2023-12-17T08:24:14.720+0700] {logging_mixin.py:154} INFO - [2023-12-17T08:24:14.720+0700] {dag.py:2941} INFO - Sync 6 DAGs
[2023-12-17T08:24:14.734+0700] {logging_mixin.py:154} INFO - [2023-12-17T08:24:14.734+0700] {dag.py:3722} INFO - Setting next_dagrun for dataset_consumes_1 to None, run_after=None
[2023-12-17T08:24:14.736+0700] {logging_mixin.py:154} INFO - [2023-12-17T08:24:14.736+0700] {dag.py:3722} INFO - Setting next_dagrun for dataset_consumes_1_and_2 to None, run_after=None
[2023-12-17T08:24:14.737+0700] {logging_mixin.py:154} INFO - [2023-12-17T08:24:14.737+0700] {dag.py:3722} INFO - Setting next_dagrun for dataset_consumes_1_never_scheduled to None, run_after=None
[2023-12-17T08:24:14.737+0700] {logging_mixin.py:154} INFO - [2023-12-17T08:24:14.737+0700] {dag.py:3722} INFO - Setting next_dagrun for dataset_consumes_unknown_never_scheduled to None, run_after=None
[2023-12-17T08:24:14.739+0700] {logging_mixin.py:154} INFO - [2023-12-17T08:24:14.739+0700] {dag.py:3722} INFO - Setting next_dagrun for dataset_produces_1 to 2023-12-16T00:00:00+00:00, run_after=2023-12-17T00:00:00+00:00
[2023-12-17T08:24:14.739+0700] {logging_mixin.py:154} INFO - [2023-12-17T08:24:14.739+0700] {dag.py:3722} INFO - Setting next_dagrun for dataset_produces_2 to None, run_after=None
[2023-12-17T08:24:14.760+0700] {processor.py:179} INFO - Processing /home/phuc/Practice/DataScience/DSProject/venv/lib/python3.10/site-packages/airflow/example_dags/example_datasets.py took 0.087 seconds
[2023-12-17T08:25:10.145+0700] {processor.py:157} INFO - Started process (PID=320012) to work on /home/phuc/Practice/DataScience/DSProject/venv/lib/python3.10/site-packages/airflow/example_dags/example_datasets.py
[2023-12-17T08:25:10.152+0700] {processor.py:829} INFO - Processing file /home/phuc/Practice/DataScience/DSProject/venv/lib/python3.10/site-packages/airflow/example_dags/example_datasets.py for tasks to queue
[2023-12-17T08:25:10.153+0700] {logging_mixin.py:154} INFO - [2023-12-17T08:25:10.153+0700] {dagbag.py:536} INFO - Filling up the DagBag from /home/phuc/Practice/DataScience/DSProject/venv/lib/python3.10/site-packages/airflow/example_dags/example_datasets.py
[2023-12-17T08:25:10.164+0700] {processor.py:839} INFO - DAG(s) dict_keys(['dataset_consumes_1_never_scheduled', 'dataset_consumes_1', 'dataset_consumes_unknown_never_scheduled', 'dataset_consumes_1_and_2', 'dataset_produces_1', 'dataset_produces_2']) retrieved from /home/phuc/Practice/DataScience/DSProject/venv/lib/python3.10/site-packages/airflow/example_dags/example_datasets.py
[2023-12-17T08:25:10.185+0700] {logging_mixin.py:154} INFO - [2023-12-17T08:25:10.185+0700] {dag.py:2941} INFO - Sync 6 DAGs
[2023-12-17T08:25:10.195+0700] {logging_mixin.py:154} INFO - [2023-12-17T08:25:10.195+0700] {dag.py:3722} INFO - Setting next_dagrun for dataset_consumes_1 to None, run_after=None
[2023-12-17T08:25:10.197+0700] {logging_mixin.py:154} INFO - [2023-12-17T08:25:10.196+0700] {dag.py:3722} INFO - Setting next_dagrun for dataset_consumes_1_and_2 to None, run_after=None
[2023-12-17T08:25:10.197+0700] {logging_mixin.py:154} INFO - [2023-12-17T08:25:10.197+0700] {dag.py:3722} INFO - Setting next_dagrun for dataset_consumes_1_never_scheduled to None, run_after=None
[2023-12-17T08:25:10.198+0700] {logging_mixin.py:154} INFO - [2023-12-17T08:25:10.198+0700] {dag.py:3722} INFO - Setting next_dagrun for dataset_consumes_unknown_never_scheduled to None, run_after=None
[2023-12-17T08:25:10.199+0700] {logging_mixin.py:154} INFO - [2023-12-17T08:25:10.199+0700] {dag.py:3722} INFO - Setting next_dagrun for dataset_produces_1 to 2023-12-16T00:00:00+00:00, run_after=2023-12-17T00:00:00+00:00
[2023-12-17T08:25:10.199+0700] {logging_mixin.py:154} INFO - [2023-12-17T08:25:10.199+0700] {dag.py:3722} INFO - Setting next_dagrun for dataset_produces_2 to None, run_after=None
[2023-12-17T08:25:10.218+0700] {processor.py:179} INFO - Processing /home/phuc/Practice/DataScience/DSProject/venv/lib/python3.10/site-packages/airflow/example_dags/example_datasets.py took 0.076 seconds
[2023-12-17T08:26:00.936+0700] {processor.py:157} INFO - Started process (PID=320235) to work on /home/phuc/Practice/DataScience/DSProject/venv/lib/python3.10/site-packages/airflow/example_dags/example_datasets.py
[2023-12-17T08:26:00.943+0700] {processor.py:829} INFO - Processing file /home/phuc/Practice/DataScience/DSProject/venv/lib/python3.10/site-packages/airflow/example_dags/example_datasets.py for tasks to queue
[2023-12-17T08:26:00.944+0700] {logging_mixin.py:154} INFO - [2023-12-17T08:26:00.943+0700] {dagbag.py:536} INFO - Filling up the DagBag from /home/phuc/Practice/DataScience/DSProject/venv/lib/python3.10/site-packages/airflow/example_dags/example_datasets.py
[2023-12-17T08:26:00.957+0700] {processor.py:839} INFO - DAG(s) dict_keys(['dataset_consumes_1_and_2', 'dataset_produces_1', 'dataset_consumes_1_never_scheduled', 'dataset_consumes_unknown_never_scheduled', 'dataset_produces_2', 'dataset_consumes_1']) retrieved from /home/phuc/Practice/DataScience/DSProject/venv/lib/python3.10/site-packages/airflow/example_dags/example_datasets.py
[2023-12-17T08:26:00.972+0700] {logging_mixin.py:154} INFO - [2023-12-17T08:26:00.972+0700] {dag.py:2941} INFO - Sync 6 DAGs
[2023-12-17T08:26:00.982+0700] {logging_mixin.py:154} INFO - [2023-12-17T08:26:00.982+0700] {dag.py:3722} INFO - Setting next_dagrun for dataset_consumes_1 to None, run_after=None
[2023-12-17T08:26:00.983+0700] {logging_mixin.py:154} INFO - [2023-12-17T08:26:00.983+0700] {dag.py:3722} INFO - Setting next_dagrun for dataset_consumes_1_and_2 to None, run_after=None
[2023-12-17T08:26:00.984+0700] {logging_mixin.py:154} INFO - [2023-12-17T08:26:00.984+0700] {dag.py:3722} INFO - Setting next_dagrun for dataset_consumes_1_never_scheduled to None, run_after=None
[2023-12-17T08:26:00.985+0700] {logging_mixin.py:154} INFO - [2023-12-17T08:26:00.984+0700] {dag.py:3722} INFO - Setting next_dagrun for dataset_consumes_unknown_never_scheduled to None, run_after=None
[2023-12-17T08:26:00.986+0700] {logging_mixin.py:154} INFO - [2023-12-17T08:26:00.986+0700] {dag.py:3722} INFO - Setting next_dagrun for dataset_produces_1 to 2023-12-16T00:00:00+00:00, run_after=2023-12-17T00:00:00+00:00
[2023-12-17T08:26:00.987+0700] {logging_mixin.py:154} INFO - [2023-12-17T08:26:00.986+0700] {dag.py:3722} INFO - Setting next_dagrun for dataset_produces_2 to None, run_after=None
[2023-12-17T08:26:01.002+0700] {processor.py:179} INFO - Processing /home/phuc/Practice/DataScience/DSProject/venv/lib/python3.10/site-packages/airflow/example_dags/example_datasets.py took 0.069 seconds
[2023-12-17T08:26:51.302+0700] {processor.py:157} INFO - Started process (PID=320538) to work on /home/phuc/Practice/DataScience/DSProject/venv/lib/python3.10/site-packages/airflow/example_dags/example_datasets.py
[2023-12-17T08:26:51.309+0700] {processor.py:829} INFO - Processing file /home/phuc/Practice/DataScience/DSProject/venv/lib/python3.10/site-packages/airflow/example_dags/example_datasets.py for tasks to queue
[2023-12-17T08:26:51.310+0700] {logging_mixin.py:154} INFO - [2023-12-17T08:26:51.310+0700] {dagbag.py:536} INFO - Filling up the DagBag from /home/phuc/Practice/DataScience/DSProject/venv/lib/python3.10/site-packages/airflow/example_dags/example_datasets.py
[2023-12-17T08:26:51.320+0700] {processor.py:839} INFO - DAG(s) dict_keys(['dataset_consumes_unknown_never_scheduled', 'dataset_consumes_1_never_scheduled', 'dataset_produces_2', 'dataset_produces_1', 'dataset_consumes_1_and_2', 'dataset_consumes_1']) retrieved from /home/phuc/Practice/DataScience/DSProject/venv/lib/python3.10/site-packages/airflow/example_dags/example_datasets.py
[2023-12-17T08:26:51.346+0700] {logging_mixin.py:154} INFO - [2023-12-17T08:26:51.346+0700] {dag.py:2941} INFO - Sync 6 DAGs
[2023-12-17T08:26:51.363+0700] {logging_mixin.py:154} INFO - [2023-12-17T08:26:51.362+0700] {dag.py:3722} INFO - Setting next_dagrun for dataset_consumes_1 to None, run_after=None
[2023-12-17T08:26:51.365+0700] {logging_mixin.py:154} INFO - [2023-12-17T08:26:51.365+0700] {dag.py:3722} INFO - Setting next_dagrun for dataset_consumes_1_and_2 to None, run_after=None
[2023-12-17T08:26:51.366+0700] {logging_mixin.py:154} INFO - [2023-12-17T08:26:51.366+0700] {dag.py:3722} INFO - Setting next_dagrun for dataset_consumes_1_never_scheduled to None, run_after=None
[2023-12-17T08:26:51.367+0700] {logging_mixin.py:154} INFO - [2023-12-17T08:26:51.366+0700] {dag.py:3722} INFO - Setting next_dagrun for dataset_consumes_unknown_never_scheduled to None, run_after=None
[2023-12-17T08:26:51.368+0700] {logging_mixin.py:154} INFO - [2023-12-17T08:26:51.368+0700] {dag.py:3722} INFO - Setting next_dagrun for dataset_produces_1 to 2023-12-16T00:00:00+00:00, run_after=2023-12-17T00:00:00+00:00
[2023-12-17T08:26:51.369+0700] {logging_mixin.py:154} INFO - [2023-12-17T08:26:51.369+0700] {dag.py:3722} INFO - Setting next_dagrun for dataset_produces_2 to None, run_after=None
[2023-12-17T08:26:51.391+0700] {processor.py:179} INFO - Processing /home/phuc/Practice/DataScience/DSProject/venv/lib/python3.10/site-packages/airflow/example_dags/example_datasets.py took 0.091 seconds
[2023-12-17T08:27:42.831+0700] {processor.py:157} INFO - Started process (PID=320760) to work on /home/phuc/Practice/DataScience/DSProject/venv/lib/python3.10/site-packages/airflow/example_dags/example_datasets.py
[2023-12-17T08:27:42.839+0700] {processor.py:829} INFO - Processing file /home/phuc/Practice/DataScience/DSProject/venv/lib/python3.10/site-packages/airflow/example_dags/example_datasets.py for tasks to queue
[2023-12-17T08:27:42.840+0700] {logging_mixin.py:154} INFO - [2023-12-17T08:27:42.839+0700] {dagbag.py:536} INFO - Filling up the DagBag from /home/phuc/Practice/DataScience/DSProject/venv/lib/python3.10/site-packages/airflow/example_dags/example_datasets.py
[2023-12-17T08:27:42.852+0700] {processor.py:839} INFO - DAG(s) dict_keys(['dataset_produces_1', 'dataset_consumes_1', 'dataset_produces_2', 'dataset_consumes_1_never_scheduled', 'dataset_consumes_1_and_2', 'dataset_consumes_unknown_never_scheduled']) retrieved from /home/phuc/Practice/DataScience/DSProject/venv/lib/python3.10/site-packages/airflow/example_dags/example_datasets.py
[2023-12-17T08:27:42.868+0700] {logging_mixin.py:154} INFO - [2023-12-17T08:27:42.868+0700] {dag.py:2941} INFO - Sync 6 DAGs
[2023-12-17T08:27:42.878+0700] {logging_mixin.py:154} INFO - [2023-12-17T08:27:42.878+0700] {dag.py:3722} INFO - Setting next_dagrun for dataset_consumes_1 to None, run_after=None
[2023-12-17T08:27:42.879+0700] {logging_mixin.py:154} INFO - [2023-12-17T08:27:42.879+0700] {dag.py:3722} INFO - Setting next_dagrun for dataset_consumes_1_and_2 to None, run_after=None
[2023-12-17T08:27:42.880+0700] {logging_mixin.py:154} INFO - [2023-12-17T08:27:42.880+0700] {dag.py:3722} INFO - Setting next_dagrun for dataset_consumes_1_never_scheduled to None, run_after=None
[2023-12-17T08:27:42.880+0700] {logging_mixin.py:154} INFO - [2023-12-17T08:27:42.880+0700] {dag.py:3722} INFO - Setting next_dagrun for dataset_consumes_unknown_never_scheduled to None, run_after=None
[2023-12-17T08:27:42.882+0700] {logging_mixin.py:154} INFO - [2023-12-17T08:27:42.882+0700] {dag.py:3722} INFO - Setting next_dagrun for dataset_produces_1 to 2023-12-16T00:00:00+00:00, run_after=2023-12-17T00:00:00+00:00
[2023-12-17T08:27:42.882+0700] {logging_mixin.py:154} INFO - [2023-12-17T08:27:42.882+0700] {dag.py:3722} INFO - Setting next_dagrun for dataset_produces_2 to None, run_after=None
[2023-12-17T08:27:42.899+0700] {processor.py:179} INFO - Processing /home/phuc/Practice/DataScience/DSProject/venv/lib/python3.10/site-packages/airflow/example_dags/example_datasets.py took 0.073 seconds
[2023-12-17T08:28:31.213+0700] {processor.py:157} INFO - Started process (PID=320976) to work on /home/phuc/Practice/DataScience/DSProject/venv/lib/python3.10/site-packages/airflow/example_dags/example_datasets.py
[2023-12-17T08:28:31.220+0700] {processor.py:829} INFO - Processing file /home/phuc/Practice/DataScience/DSProject/venv/lib/python3.10/site-packages/airflow/example_dags/example_datasets.py for tasks to queue
[2023-12-17T08:28:31.221+0700] {logging_mixin.py:154} INFO - [2023-12-17T08:28:31.220+0700] {dagbag.py:536} INFO - Filling up the DagBag from /home/phuc/Practice/DataScience/DSProject/venv/lib/python3.10/site-packages/airflow/example_dags/example_datasets.py
[2023-12-17T08:28:31.229+0700] {processor.py:839} INFO - DAG(s) dict_keys(['dataset_consumes_unknown_never_scheduled', 'dataset_consumes_1_never_scheduled', 'dataset_consumes_1_and_2', 'dataset_produces_1', 'dataset_consumes_1', 'dataset_produces_2']) retrieved from /home/phuc/Practice/DataScience/DSProject/venv/lib/python3.10/site-packages/airflow/example_dags/example_datasets.py
[2023-12-17T08:28:31.244+0700] {logging_mixin.py:154} INFO - [2023-12-17T08:28:31.244+0700] {dag.py:2941} INFO - Sync 6 DAGs
[2023-12-17T08:28:31.258+0700] {logging_mixin.py:154} INFO - [2023-12-17T08:28:31.258+0700] {dag.py:3722} INFO - Setting next_dagrun for dataset_consumes_1 to None, run_after=None
[2023-12-17T08:28:31.260+0700] {logging_mixin.py:154} INFO - [2023-12-17T08:28:31.260+0700] {dag.py:3722} INFO - Setting next_dagrun for dataset_consumes_1_and_2 to None, run_after=None
[2023-12-17T08:28:31.261+0700] {logging_mixin.py:154} INFO - [2023-12-17T08:28:31.260+0700] {dag.py:3722} INFO - Setting next_dagrun for dataset_consumes_1_never_scheduled to None, run_after=None
[2023-12-17T08:28:31.261+0700] {logging_mixin.py:154} INFO - [2023-12-17T08:28:31.261+0700] {dag.py:3722} INFO - Setting next_dagrun for dataset_consumes_unknown_never_scheduled to None, run_after=None
[2023-12-17T08:28:31.263+0700] {logging_mixin.py:154} INFO - [2023-12-17T08:28:31.262+0700] {dag.py:3722} INFO - Setting next_dagrun for dataset_produces_1 to 2023-12-16T00:00:00+00:00, run_after=2023-12-17T00:00:00+00:00
[2023-12-17T08:28:31.263+0700] {logging_mixin.py:154} INFO - [2023-12-17T08:28:31.263+0700] {dag.py:3722} INFO - Setting next_dagrun for dataset_produces_2 to None, run_after=None
[2023-12-17T08:28:31.279+0700] {processor.py:179} INFO - Processing /home/phuc/Practice/DataScience/DSProject/venv/lib/python3.10/site-packages/airflow/example_dags/example_datasets.py took 0.068 seconds
[2023-12-17T08:29:18.414+0700] {processor.py:157} INFO - Started process (PID=321182) to work on /home/phuc/Practice/DataScience/DSProject/venv/lib/python3.10/site-packages/airflow/example_dags/example_datasets.py
[2023-12-17T08:29:18.421+0700] {processor.py:829} INFO - Processing file /home/phuc/Practice/DataScience/DSProject/venv/lib/python3.10/site-packages/airflow/example_dags/example_datasets.py for tasks to queue
[2023-12-17T08:29:18.422+0700] {logging_mixin.py:154} INFO - [2023-12-17T08:29:18.421+0700] {dagbag.py:536} INFO - Filling up the DagBag from /home/phuc/Practice/DataScience/DSProject/venv/lib/python3.10/site-packages/airflow/example_dags/example_datasets.py
[2023-12-17T08:29:18.435+0700] {processor.py:839} INFO - DAG(s) dict_keys(['dataset_consumes_unknown_never_scheduled', 'dataset_consumes_1_never_scheduled', 'dataset_produces_2', 'dataset_consumes_1', 'dataset_consumes_1_and_2', 'dataset_produces_1']) retrieved from /home/phuc/Practice/DataScience/DSProject/venv/lib/python3.10/site-packages/airflow/example_dags/example_datasets.py
[2023-12-17T08:29:18.449+0700] {logging_mixin.py:154} INFO - [2023-12-17T08:29:18.449+0700] {dag.py:2941} INFO - Sync 6 DAGs
[2023-12-17T08:29:18.457+0700] {logging_mixin.py:154} INFO - [2023-12-17T08:29:18.457+0700] {dag.py:3722} INFO - Setting next_dagrun for dataset_consumes_1 to None, run_after=None
[2023-12-17T08:29:18.459+0700] {logging_mixin.py:154} INFO - [2023-12-17T08:29:18.459+0700] {dag.py:3722} INFO - Setting next_dagrun for dataset_consumes_1_and_2 to None, run_after=None
[2023-12-17T08:29:18.459+0700] {logging_mixin.py:154} INFO - [2023-12-17T08:29:18.459+0700] {dag.py:3722} INFO - Setting next_dagrun for dataset_consumes_1_never_scheduled to None, run_after=None
[2023-12-17T08:29:18.459+0700] {logging_mixin.py:154} INFO - [2023-12-17T08:29:18.459+0700] {dag.py:3722} INFO - Setting next_dagrun for dataset_consumes_unknown_never_scheduled to None, run_after=None
[2023-12-17T08:29:18.461+0700] {logging_mixin.py:154} INFO - [2023-12-17T08:29:18.461+0700] {dag.py:3722} INFO - Setting next_dagrun for dataset_produces_1 to 2023-12-16T00:00:00+00:00, run_after=2023-12-17T00:00:00+00:00
[2023-12-17T08:29:18.461+0700] {logging_mixin.py:154} INFO - [2023-12-17T08:29:18.461+0700] {dag.py:3722} INFO - Setting next_dagrun for dataset_produces_2 to None, run_after=None
[2023-12-17T08:29:18.474+0700] {processor.py:179} INFO - Processing /home/phuc/Practice/DataScience/DSProject/venv/lib/python3.10/site-packages/airflow/example_dags/example_datasets.py took 0.064 seconds
[2023-12-17T08:30:10.149+0700] {processor.py:157} INFO - Started process (PID=321422) to work on /home/phuc/Practice/DataScience/DSProject/venv/lib/python3.10/site-packages/airflow/example_dags/example_datasets.py
[2023-12-17T08:30:10.156+0700] {processor.py:829} INFO - Processing file /home/phuc/Practice/DataScience/DSProject/venv/lib/python3.10/site-packages/airflow/example_dags/example_datasets.py for tasks to queue
[2023-12-17T08:30:10.157+0700] {logging_mixin.py:154} INFO - [2023-12-17T08:30:10.156+0700] {dagbag.py:536} INFO - Filling up the DagBag from /home/phuc/Practice/DataScience/DSProject/venv/lib/python3.10/site-packages/airflow/example_dags/example_datasets.py
[2023-12-17T08:30:10.162+0700] {processor.py:839} INFO - DAG(s) dict_keys(['dataset_consumes_1_and_2', 'dataset_produces_1', 'dataset_consumes_1', 'dataset_consumes_unknown_never_scheduled', 'dataset_consumes_1_never_scheduled', 'dataset_produces_2']) retrieved from /home/phuc/Practice/DataScience/DSProject/venv/lib/python3.10/site-packages/airflow/example_dags/example_datasets.py
[2023-12-17T08:30:10.176+0700] {logging_mixin.py:154} INFO - [2023-12-17T08:30:10.176+0700] {dag.py:2941} INFO - Sync 6 DAGs
[2023-12-17T08:30:10.184+0700] {logging_mixin.py:154} INFO - [2023-12-17T08:30:10.184+0700] {dag.py:3722} INFO - Setting next_dagrun for dataset_consumes_1 to None, run_after=None
[2023-12-17T08:30:10.185+0700] {logging_mixin.py:154} INFO - [2023-12-17T08:30:10.185+0700] {dag.py:3722} INFO - Setting next_dagrun for dataset_consumes_1_and_2 to None, run_after=None
[2023-12-17T08:30:10.186+0700] {logging_mixin.py:154} INFO - [2023-12-17T08:30:10.186+0700] {dag.py:3722} INFO - Setting next_dagrun for dataset_consumes_1_never_scheduled to None, run_after=None
[2023-12-17T08:30:10.186+0700] {logging_mixin.py:154} INFO - [2023-12-17T08:30:10.186+0700] {dag.py:3722} INFO - Setting next_dagrun for dataset_consumes_unknown_never_scheduled to None, run_after=None
[2023-12-17T08:30:10.187+0700] {logging_mixin.py:154} INFO - [2023-12-17T08:30:10.187+0700] {dag.py:3722} INFO - Setting next_dagrun for dataset_produces_1 to 2023-12-16T00:00:00+00:00, run_after=2023-12-17T00:00:00+00:00
[2023-12-17T08:30:10.188+0700] {logging_mixin.py:154} INFO - [2023-12-17T08:30:10.188+0700] {dag.py:3722} INFO - Setting next_dagrun for dataset_produces_2 to None, run_after=None
[2023-12-17T08:30:10.200+0700] {processor.py:179} INFO - Processing /home/phuc/Practice/DataScience/DSProject/venv/lib/python3.10/site-packages/airflow/example_dags/example_datasets.py took 0.053 seconds
[2023-12-17T08:31:00.856+0700] {processor.py:157} INFO - Started process (PID=321676) to work on /home/phuc/Practice/DataScience/DSProject/venv/lib/python3.10/site-packages/airflow/example_dags/example_datasets.py
[2023-12-17T08:31:00.863+0700] {processor.py:829} INFO - Processing file /home/phuc/Practice/DataScience/DSProject/venv/lib/python3.10/site-packages/airflow/example_dags/example_datasets.py for tasks to queue
[2023-12-17T08:31:00.864+0700] {logging_mixin.py:154} INFO - [2023-12-17T08:31:00.864+0700] {dagbag.py:536} INFO - Filling up the DagBag from /home/phuc/Practice/DataScience/DSProject/venv/lib/python3.10/site-packages/airflow/example_dags/example_datasets.py
[2023-12-17T08:31:00.870+0700] {processor.py:839} INFO - DAG(s) dict_keys(['dataset_produces_1', 'dataset_consumes_unknown_never_scheduled', 'dataset_consumes_1', 'dataset_produces_2', 'dataset_consumes_1_and_2', 'dataset_consumes_1_never_scheduled']) retrieved from /home/phuc/Practice/DataScience/DSProject/venv/lib/python3.10/site-packages/airflow/example_dags/example_datasets.py
[2023-12-17T08:31:00.889+0700] {logging_mixin.py:154} INFO - [2023-12-17T08:31:00.889+0700] {dag.py:2941} INFO - Sync 6 DAGs
[2023-12-17T08:31:00.901+0700] {logging_mixin.py:154} INFO - [2023-12-17T08:31:00.900+0700] {dag.py:3722} INFO - Setting next_dagrun for dataset_consumes_1 to None, run_after=None
[2023-12-17T08:31:00.903+0700] {logging_mixin.py:154} INFO - [2023-12-17T08:31:00.903+0700] {dag.py:3722} INFO - Setting next_dagrun for dataset_consumes_1_and_2 to None, run_after=None
[2023-12-17T08:31:00.904+0700] {logging_mixin.py:154} INFO - [2023-12-17T08:31:00.903+0700] {dag.py:3722} INFO - Setting next_dagrun for dataset_consumes_1_never_scheduled to None, run_after=None
[2023-12-17T08:31:00.904+0700] {logging_mixin.py:154} INFO - [2023-12-17T08:31:00.904+0700] {dag.py:3722} INFO - Setting next_dagrun for dataset_consumes_unknown_never_scheduled to None, run_after=None
[2023-12-17T08:31:00.906+0700] {logging_mixin.py:154} INFO - [2023-12-17T08:31:00.906+0700] {dag.py:3722} INFO - Setting next_dagrun for dataset_produces_1 to 2023-12-16T00:00:00+00:00, run_after=2023-12-17T00:00:00+00:00
[2023-12-17T08:31:00.907+0700] {logging_mixin.py:154} INFO - [2023-12-17T08:31:00.906+0700] {dag.py:3722} INFO - Setting next_dagrun for dataset_produces_2 to None, run_after=None
[2023-12-17T08:31:00.925+0700] {processor.py:179} INFO - Processing /home/phuc/Practice/DataScience/DSProject/venv/lib/python3.10/site-packages/airflow/example_dags/example_datasets.py took 0.071 seconds
[2023-12-17T08:31:54.456+0700] {processor.py:157} INFO - Started process (PID=322095) to work on /home/phuc/Practice/DataScience/DSProject/venv/lib/python3.10/site-packages/airflow/example_dags/example_datasets.py
[2023-12-17T08:31:54.463+0700] {processor.py:829} INFO - Processing file /home/phuc/Practice/DataScience/DSProject/venv/lib/python3.10/site-packages/airflow/example_dags/example_datasets.py for tasks to queue
[2023-12-17T08:31:54.465+0700] {logging_mixin.py:154} INFO - [2023-12-17T08:31:54.464+0700] {dagbag.py:536} INFO - Filling up the DagBag from /home/phuc/Practice/DataScience/DSProject/venv/lib/python3.10/site-packages/airflow/example_dags/example_datasets.py
[2023-12-17T08:31:54.478+0700] {processor.py:839} INFO - DAG(s) dict_keys(['dataset_consumes_1', 'dataset_consumes_unknown_never_scheduled', 'dataset_consumes_1_and_2', 'dataset_produces_2', 'dataset_consumes_1_never_scheduled', 'dataset_produces_1']) retrieved from /home/phuc/Practice/DataScience/DSProject/venv/lib/python3.10/site-packages/airflow/example_dags/example_datasets.py
[2023-12-17T08:31:54.493+0700] {logging_mixin.py:154} INFO - [2023-12-17T08:31:54.492+0700] {dag.py:2941} INFO - Sync 6 DAGs
[2023-12-17T08:31:54.501+0700] {logging_mixin.py:154} INFO - [2023-12-17T08:31:54.501+0700] {dag.py:3722} INFO - Setting next_dagrun for dataset_consumes_1 to None, run_after=None
[2023-12-17T08:31:54.502+0700] {logging_mixin.py:154} INFO - [2023-12-17T08:31:54.502+0700] {dag.py:3722} INFO - Setting next_dagrun for dataset_consumes_1_and_2 to None, run_after=None
[2023-12-17T08:31:54.503+0700] {logging_mixin.py:154} INFO - [2023-12-17T08:31:54.503+0700] {dag.py:3722} INFO - Setting next_dagrun for dataset_consumes_1_never_scheduled to None, run_after=None
[2023-12-17T08:31:54.503+0700] {logging_mixin.py:154} INFO - [2023-12-17T08:31:54.503+0700] {dag.py:3722} INFO - Setting next_dagrun for dataset_consumes_unknown_never_scheduled to None, run_after=None
[2023-12-17T08:31:54.504+0700] {logging_mixin.py:154} INFO - [2023-12-17T08:31:54.504+0700] {dag.py:3722} INFO - Setting next_dagrun for dataset_produces_1 to 2023-12-16T00:00:00+00:00, run_after=2023-12-17T00:00:00+00:00
[2023-12-17T08:31:54.505+0700] {logging_mixin.py:154} INFO - [2023-12-17T08:31:54.505+0700] {dag.py:3722} INFO - Setting next_dagrun for dataset_produces_2 to None, run_after=None
[2023-12-17T08:31:54.518+0700] {processor.py:179} INFO - Processing /home/phuc/Practice/DataScience/DSProject/venv/lib/python3.10/site-packages/airflow/example_dags/example_datasets.py took 0.065 seconds
[2023-12-17T08:33:04.601+0700] {processor.py:157} INFO - Started process (PID=323080) to work on /home/phuc/Practice/DataScience/DSProject/venv/lib/python3.10/site-packages/airflow/example_dags/example_datasets.py
[2023-12-17T08:33:04.608+0700] {processor.py:829} INFO - Processing file /home/phuc/Practice/DataScience/DSProject/venv/lib/python3.10/site-packages/airflow/example_dags/example_datasets.py for tasks to queue
[2023-12-17T08:33:04.609+0700] {logging_mixin.py:154} INFO - [2023-12-17T08:33:04.608+0700] {dagbag.py:536} INFO - Filling up the DagBag from /home/phuc/Practice/DataScience/DSProject/venv/lib/python3.10/site-packages/airflow/example_dags/example_datasets.py
[2023-12-17T08:33:04.616+0700] {processor.py:839} INFO - DAG(s) dict_keys(['dataset_consumes_1_and_2', 'dataset_consumes_1', 'dataset_produces_2', 'dataset_consumes_unknown_never_scheduled', 'dataset_produces_1', 'dataset_consumes_1_never_scheduled']) retrieved from /home/phuc/Practice/DataScience/DSProject/venv/lib/python3.10/site-packages/airflow/example_dags/example_datasets.py
[2023-12-17T08:33:04.630+0700] {logging_mixin.py:154} INFO - [2023-12-17T08:33:04.630+0700] {dag.py:2941} INFO - Sync 6 DAGs
[2023-12-17T08:33:04.639+0700] {logging_mixin.py:154} INFO - [2023-12-17T08:33:04.639+0700] {dag.py:3722} INFO - Setting next_dagrun for dataset_consumes_1 to None, run_after=None
[2023-12-17T08:33:04.640+0700] {logging_mixin.py:154} INFO - [2023-12-17T08:33:04.640+0700] {dag.py:3722} INFO - Setting next_dagrun for dataset_consumes_1_and_2 to None, run_after=None
[2023-12-17T08:33:04.640+0700] {logging_mixin.py:154} INFO - [2023-12-17T08:33:04.640+0700] {dag.py:3722} INFO - Setting next_dagrun for dataset_consumes_1_never_scheduled to None, run_after=None
[2023-12-17T08:33:04.641+0700] {logging_mixin.py:154} INFO - [2023-12-17T08:33:04.641+0700] {dag.py:3722} INFO - Setting next_dagrun for dataset_consumes_unknown_never_scheduled to None, run_after=None
[2023-12-17T08:33:04.642+0700] {logging_mixin.py:154} INFO - [2023-12-17T08:33:04.642+0700] {dag.py:3722} INFO - Setting next_dagrun for dataset_produces_1 to 2023-12-16T00:00:00+00:00, run_after=2023-12-17T00:00:00+00:00
[2023-12-17T08:33:04.642+0700] {logging_mixin.py:154} INFO - [2023-12-17T08:33:04.642+0700] {dag.py:3722} INFO - Setting next_dagrun for dataset_produces_2 to None, run_after=None
[2023-12-17T08:33:04.655+0700] {processor.py:179} INFO - Processing /home/phuc/Practice/DataScience/DSProject/venv/lib/python3.10/site-packages/airflow/example_dags/example_datasets.py took 0.056 seconds
[2023-12-17T08:33:51.526+0700] {processor.py:157} INFO - Started process (PID=323303) to work on /home/phuc/Practice/DataScience/DSProject/venv/lib/python3.10/site-packages/airflow/example_dags/example_datasets.py
[2023-12-17T08:33:51.532+0700] {processor.py:829} INFO - Processing file /home/phuc/Practice/DataScience/DSProject/venv/lib/python3.10/site-packages/airflow/example_dags/example_datasets.py for tasks to queue
[2023-12-17T08:33:51.533+0700] {logging_mixin.py:154} INFO - [2023-12-17T08:33:51.533+0700] {dagbag.py:536} INFO - Filling up the DagBag from /home/phuc/Practice/DataScience/DSProject/venv/lib/python3.10/site-packages/airflow/example_dags/example_datasets.py
[2023-12-17T08:33:51.538+0700] {processor.py:839} INFO - DAG(s) dict_keys(['dataset_consumes_1_and_2', 'dataset_consumes_1_never_scheduled', 'dataset_consumes_unknown_never_scheduled', 'dataset_consumes_1', 'dataset_produces_2', 'dataset_produces_1']) retrieved from /home/phuc/Practice/DataScience/DSProject/venv/lib/python3.10/site-packages/airflow/example_dags/example_datasets.py
[2023-12-17T08:33:51.554+0700] {logging_mixin.py:154} INFO - [2023-12-17T08:33:51.554+0700] {dag.py:2941} INFO - Sync 6 DAGs
[2023-12-17T08:33:51.563+0700] {logging_mixin.py:154} INFO - [2023-12-17T08:33:51.563+0700] {dag.py:3722} INFO - Setting next_dagrun for dataset_consumes_1 to None, run_after=None
[2023-12-17T08:33:51.565+0700] {logging_mixin.py:154} INFO - [2023-12-17T08:33:51.565+0700] {dag.py:3722} INFO - Setting next_dagrun for dataset_consumes_1_and_2 to None, run_after=None
[2023-12-17T08:33:51.566+0700] {logging_mixin.py:154} INFO - [2023-12-17T08:33:51.565+0700] {dag.py:3722} INFO - Setting next_dagrun for dataset_consumes_1_never_scheduled to None, run_after=None
[2023-12-17T08:33:51.566+0700] {logging_mixin.py:154} INFO - [2023-12-17T08:33:51.566+0700] {dag.py:3722} INFO - Setting next_dagrun for dataset_consumes_unknown_never_scheduled to None, run_after=None
[2023-12-17T08:33:51.567+0700] {logging_mixin.py:154} INFO - [2023-12-17T08:33:51.567+0700] {dag.py:3722} INFO - Setting next_dagrun for dataset_produces_1 to 2023-12-16T00:00:00+00:00, run_after=2023-12-17T00:00:00+00:00
[2023-12-17T08:33:51.568+0700] {logging_mixin.py:154} INFO - [2023-12-17T08:33:51.568+0700] {dag.py:3722} INFO - Setting next_dagrun for dataset_produces_2 to None, run_after=None
[2023-12-17T08:33:51.584+0700] {processor.py:179} INFO - Processing /home/phuc/Practice/DataScience/DSProject/venv/lib/python3.10/site-packages/airflow/example_dags/example_datasets.py took 0.060 seconds
[2023-12-17T08:34:47.245+0700] {processor.py:157} INFO - Started process (PID=323824) to work on /home/phuc/Practice/DataScience/DSProject/venv/lib/python3.10/site-packages/airflow/example_dags/example_datasets.py
[2023-12-17T08:34:47.252+0700] {processor.py:829} INFO - Processing file /home/phuc/Practice/DataScience/DSProject/venv/lib/python3.10/site-packages/airflow/example_dags/example_datasets.py for tasks to queue
[2023-12-17T08:34:47.253+0700] {logging_mixin.py:154} INFO - [2023-12-17T08:34:47.252+0700] {dagbag.py:536} INFO - Filling up the DagBag from /home/phuc/Practice/DataScience/DSProject/venv/lib/python3.10/site-packages/airflow/example_dags/example_datasets.py
[2023-12-17T08:34:47.258+0700] {processor.py:839} INFO - DAG(s) dict_keys(['dataset_consumes_unknown_never_scheduled', 'dataset_consumes_1', 'dataset_produces_1', 'dataset_produces_2', 'dataset_consumes_1_never_scheduled', 'dataset_consumes_1_and_2']) retrieved from /home/phuc/Practice/DataScience/DSProject/venv/lib/python3.10/site-packages/airflow/example_dags/example_datasets.py
[2023-12-17T08:34:47.272+0700] {logging_mixin.py:154} INFO - [2023-12-17T08:34:47.272+0700] {dag.py:2941} INFO - Sync 6 DAGs
[2023-12-17T08:34:47.281+0700] {logging_mixin.py:154} INFO - [2023-12-17T08:34:47.281+0700] {dag.py:3722} INFO - Setting next_dagrun for dataset_consumes_1 to None, run_after=None
[2023-12-17T08:34:47.283+0700] {logging_mixin.py:154} INFO - [2023-12-17T08:34:47.283+0700] {dag.py:3722} INFO - Setting next_dagrun for dataset_consumes_1_and_2 to None, run_after=None
[2023-12-17T08:34:47.283+0700] {logging_mixin.py:154} INFO - [2023-12-17T08:34:47.283+0700] {dag.py:3722} INFO - Setting next_dagrun for dataset_consumes_1_never_scheduled to None, run_after=None
[2023-12-17T08:34:47.284+0700] {logging_mixin.py:154} INFO - [2023-12-17T08:34:47.283+0700] {dag.py:3722} INFO - Setting next_dagrun for dataset_consumes_unknown_never_scheduled to None, run_after=None
[2023-12-17T08:34:47.285+0700] {logging_mixin.py:154} INFO - [2023-12-17T08:34:47.285+0700] {dag.py:3722} INFO - Setting next_dagrun for dataset_produces_1 to 2023-12-16T00:00:00+00:00, run_after=2023-12-17T00:00:00+00:00
[2023-12-17T08:34:47.285+0700] {logging_mixin.py:154} INFO - [2023-12-17T08:34:47.285+0700] {dag.py:3722} INFO - Setting next_dagrun for dataset_produces_2 to None, run_after=None
[2023-12-17T08:34:47.300+0700] {processor.py:179} INFO - Processing /home/phuc/Practice/DataScience/DSProject/venv/lib/python3.10/site-packages/airflow/example_dags/example_datasets.py took 0.056 seconds
[2023-12-17T08:35:42.057+0700] {processor.py:157} INFO - Started process (PID=324257) to work on /home/phuc/Practice/DataScience/DSProject/venv/lib/python3.10/site-packages/airflow/example_dags/example_datasets.py
[2023-12-17T08:35:42.063+0700] {processor.py:829} INFO - Processing file /home/phuc/Practice/DataScience/DSProject/venv/lib/python3.10/site-packages/airflow/example_dags/example_datasets.py for tasks to queue
[2023-12-17T08:35:42.064+0700] {logging_mixin.py:154} INFO - [2023-12-17T08:35:42.064+0700] {dagbag.py:536} INFO - Filling up the DagBag from /home/phuc/Practice/DataScience/DSProject/venv/lib/python3.10/site-packages/airflow/example_dags/example_datasets.py
[2023-12-17T08:35:42.069+0700] {processor.py:839} INFO - DAG(s) dict_keys(['dataset_produces_1', 'dataset_consumes_unknown_never_scheduled', 'dataset_consumes_1_never_scheduled', 'dataset_consumes_1_and_2', 'dataset_produces_2', 'dataset_consumes_1']) retrieved from /home/phuc/Practice/DataScience/DSProject/venv/lib/python3.10/site-packages/airflow/example_dags/example_datasets.py
[2023-12-17T08:35:42.086+0700] {logging_mixin.py:154} INFO - [2023-12-17T08:35:42.086+0700] {dag.py:2941} INFO - Sync 6 DAGs
[2023-12-17T08:35:42.095+0700] {logging_mixin.py:154} INFO - [2023-12-17T08:35:42.095+0700] {dag.py:3722} INFO - Setting next_dagrun for dataset_consumes_1 to None, run_after=None
[2023-12-17T08:35:42.098+0700] {logging_mixin.py:154} INFO - [2023-12-17T08:35:42.097+0700] {dag.py:3722} INFO - Setting next_dagrun for dataset_consumes_1_and_2 to None, run_after=None
[2023-12-17T08:35:42.098+0700] {logging_mixin.py:154} INFO - [2023-12-17T08:35:42.098+0700] {dag.py:3722} INFO - Setting next_dagrun for dataset_consumes_1_never_scheduled to None, run_after=None
[2023-12-17T08:35:42.099+0700] {logging_mixin.py:154} INFO - [2023-12-17T08:35:42.099+0700] {dag.py:3722} INFO - Setting next_dagrun for dataset_consumes_unknown_never_scheduled to None, run_after=None
[2023-12-17T08:35:42.100+0700] {logging_mixin.py:154} INFO - [2023-12-17T08:35:42.100+0700] {dag.py:3722} INFO - Setting next_dagrun for dataset_produces_1 to 2023-12-16T00:00:00+00:00, run_after=2023-12-17T00:00:00+00:00
[2023-12-17T08:35:42.101+0700] {logging_mixin.py:154} INFO - [2023-12-17T08:35:42.100+0700] {dag.py:3722} INFO - Setting next_dagrun for dataset_produces_2 to None, run_after=None
[2023-12-17T08:35:42.116+0700] {processor.py:179} INFO - Processing /home/phuc/Practice/DataScience/DSProject/venv/lib/python3.10/site-packages/airflow/example_dags/example_datasets.py took 0.061 seconds
