[2023-12-17T08:03:31.994+0700] {processor.py:157} INFO - Started process (PID=309838) to work on /home/phuc/Practice/DataScience/DSProject/venv/lib/python3.10/site-packages/airflow/example_dags/example_time_delta_sensor_async.py
[2023-12-17T08:03:31.995+0700] {processor.py:829} INFO - Processing file /home/phuc/Practice/DataScience/DSProject/venv/lib/python3.10/site-packages/airflow/example_dags/example_time_delta_sensor_async.py for tasks to queue
[2023-12-17T08:03:31.997+0700] {logging_mixin.py:154} INFO - [2023-12-17T08:03:31.996+0700] {dagbag.py:536} INFO - Filling up the DagBag from /home/phuc/Practice/DataScience/DSProject/venv/lib/python3.10/site-packages/airflow/example_dags/example_time_delta_sensor_async.py
[2023-12-17T08:03:32.003+0700] {processor.py:839} INFO - DAG(s) dict_keys(['example_time_delta_sensor_async']) retrieved from /home/phuc/Practice/DataScience/DSProject/venv/lib/python3.10/site-packages/airflow/example_dags/example_time_delta_sensor_async.py
[2023-12-17T08:03:32.094+0700] {logging_mixin.py:154} INFO - [2023-12-17T08:03:32.094+0700] {manager.py:499} INFO - Created Permission View: %s
[2023-12-17T08:03:32.104+0700] {logging_mixin.py:154} INFO - [2023-12-17T08:03:32.103+0700] {manager.py:499} INFO - Created Permission View: %s
[2023-12-17T08:03:32.109+0700] {logging_mixin.py:154} INFO - [2023-12-17T08:03:32.109+0700] {manager.py:499} INFO - Created Permission View: %s
[2023-12-17T08:03:32.109+0700] {logging_mixin.py:154} INFO - [2023-12-17T08:03:32.109+0700] {dag.py:2941} INFO - Sync 1 DAGs
[2023-12-17T08:03:32.117+0700] {logging_mixin.py:154} INFO - [2023-12-17T08:03:32.117+0700] {dag.py:2963} INFO - Creating ORM DAG for example_time_delta_sensor_async
[2023-12-17T08:03:32.118+0700] {logging_mixin.py:154} INFO - [2023-12-17T08:03:32.117+0700] {dag.py:3722} INFO - Setting next_dagrun for example_time_delta_sensor_async to None, run_after=None
[2023-12-17T08:03:32.134+0700] {processor.py:179} INFO - Processing /home/phuc/Practice/DataScience/DSProject/venv/lib/python3.10/site-packages/airflow/example_dags/example_time_delta_sensor_async.py took 0.144 seconds
[2023-12-17T08:05:46.842+0700] {processor.py:157} INFO - Started process (PID=311084) to work on /home/phuc/Practice/DataScience/DSProject/venv/lib/python3.10/site-packages/airflow/example_dags/example_time_delta_sensor_async.py
[2023-12-17T08:05:46.842+0700] {processor.py:829} INFO - Processing file /home/phuc/Practice/DataScience/DSProject/venv/lib/python3.10/site-packages/airflow/example_dags/example_time_delta_sensor_async.py for tasks to queue
[2023-12-17T08:05:46.843+0700] {logging_mixin.py:154} INFO - [2023-12-17T08:05:46.843+0700] {dagbag.py:536} INFO - Filling up the DagBag from /home/phuc/Practice/DataScience/DSProject/venv/lib/python3.10/site-packages/airflow/example_dags/example_time_delta_sensor_async.py
[2023-12-17T08:05:46.847+0700] {processor.py:839} INFO - DAG(s) dict_keys(['example_time_delta_sensor_async']) retrieved from /home/phuc/Practice/DataScience/DSProject/venv/lib/python3.10/site-packages/airflow/example_dags/example_time_delta_sensor_async.py
[2023-12-17T08:05:46.858+0700] {logging_mixin.py:154} INFO - [2023-12-17T08:05:46.858+0700] {dag.py:2941} INFO - Sync 1 DAGs
[2023-12-17T08:05:46.866+0700] {logging_mixin.py:154} INFO - [2023-12-17T08:05:46.866+0700] {dag.py:3722} INFO - Setting next_dagrun for example_time_delta_sensor_async to None, run_after=None
[2023-12-17T08:05:46.883+0700] {processor.py:179} INFO - Processing /home/phuc/Practice/DataScience/DSProject/venv/lib/python3.10/site-packages/airflow/example_dags/example_time_delta_sensor_async.py took 0.043 seconds
[2023-12-17T08:06:36.620+0700] {processor.py:157} INFO - Started process (PID=311590) to work on /home/phuc/Practice/DataScience/DSProject/venv/lib/python3.10/site-packages/airflow/example_dags/example_time_delta_sensor_async.py
[2023-12-17T08:06:36.621+0700] {processor.py:829} INFO - Processing file /home/phuc/Practice/DataScience/DSProject/venv/lib/python3.10/site-packages/airflow/example_dags/example_time_delta_sensor_async.py for tasks to queue
[2023-12-17T08:06:36.622+0700] {logging_mixin.py:154} INFO - [2023-12-17T08:06:36.621+0700] {dagbag.py:536} INFO - Filling up the DagBag from /home/phuc/Practice/DataScience/DSProject/venv/lib/python3.10/site-packages/airflow/example_dags/example_time_delta_sensor_async.py
[2023-12-17T08:06:36.625+0700] {processor.py:839} INFO - DAG(s) dict_keys(['example_time_delta_sensor_async']) retrieved from /home/phuc/Practice/DataScience/DSProject/venv/lib/python3.10/site-packages/airflow/example_dags/example_time_delta_sensor_async.py
[2023-12-17T08:06:36.637+0700] {logging_mixin.py:154} INFO - [2023-12-17T08:06:36.637+0700] {dag.py:2941} INFO - Sync 1 DAGs
[2023-12-17T08:06:36.646+0700] {logging_mixin.py:154} INFO - [2023-12-17T08:06:36.645+0700] {dag.py:3722} INFO - Setting next_dagrun for example_time_delta_sensor_async to None, run_after=None
[2023-12-17T08:06:36.663+0700] {processor.py:179} INFO - Processing /home/phuc/Practice/DataScience/DSProject/venv/lib/python3.10/site-packages/airflow/example_dags/example_time_delta_sensor_async.py took 0.045 seconds
[2023-12-17T08:08:08.263+0700] {processor.py:157} INFO - Started process (PID=312982) to work on /home/phuc/Practice/DataScience/DSProject/venv/lib/python3.10/site-packages/airflow/example_dags/example_time_delta_sensor_async.py
[2023-12-17T08:08:08.263+0700] {processor.py:829} INFO - Processing file /home/phuc/Practice/DataScience/DSProject/venv/lib/python3.10/site-packages/airflow/example_dags/example_time_delta_sensor_async.py for tasks to queue
[2023-12-17T08:08:08.264+0700] {logging_mixin.py:154} INFO - [2023-12-17T08:08:08.263+0700] {dagbag.py:536} INFO - Filling up the DagBag from /home/phuc/Practice/DataScience/DSProject/venv/lib/python3.10/site-packages/airflow/example_dags/example_time_delta_sensor_async.py
[2023-12-17T08:08:08.268+0700] {processor.py:839} INFO - DAG(s) dict_keys(['example_time_delta_sensor_async']) retrieved from /home/phuc/Practice/DataScience/DSProject/venv/lib/python3.10/site-packages/airflow/example_dags/example_time_delta_sensor_async.py
[2023-12-17T08:08:08.278+0700] {logging_mixin.py:154} INFO - [2023-12-17T08:08:08.278+0700] {dag.py:2941} INFO - Sync 1 DAGs
[2023-12-17T08:08:08.286+0700] {logging_mixin.py:154} INFO - [2023-12-17T08:08:08.286+0700] {dag.py:3722} INFO - Setting next_dagrun for example_time_delta_sensor_async to None, run_after=None
[2023-12-17T08:08:08.298+0700] {processor.py:179} INFO - Processing /home/phuc/Practice/DataScience/DSProject/venv/lib/python3.10/site-packages/airflow/example_dags/example_time_delta_sensor_async.py took 0.037 seconds
[2023-12-17T08:09:06.161+0700] {processor.py:157} INFO - Started process (PID=313379) to work on /home/phuc/Practice/DataScience/DSProject/venv/lib/python3.10/site-packages/airflow/example_dags/example_time_delta_sensor_async.py
[2023-12-17T08:09:06.168+0700] {processor.py:829} INFO - Processing file /home/phuc/Practice/DataScience/DSProject/venv/lib/python3.10/site-packages/airflow/example_dags/example_time_delta_sensor_async.py for tasks to queue
[2023-12-17T08:09:06.169+0700] {logging_mixin.py:154} INFO - [2023-12-17T08:09:06.169+0700] {dagbag.py:536} INFO - Filling up the DagBag from /home/phuc/Practice/DataScience/DSProject/venv/lib/python3.10/site-packages/airflow/example_dags/example_time_delta_sensor_async.py
[2023-12-17T08:09:06.177+0700] {processor.py:839} INFO - DAG(s) dict_keys(['example_time_delta_sensor_async']) retrieved from /home/phuc/Practice/DataScience/DSProject/venv/lib/python3.10/site-packages/airflow/example_dags/example_time_delta_sensor_async.py
[2023-12-17T08:09:06.189+0700] {logging_mixin.py:154} INFO - [2023-12-17T08:09:06.189+0700] {dag.py:2941} INFO - Sync 1 DAGs
[2023-12-17T08:09:06.195+0700] {logging_mixin.py:154} INFO - [2023-12-17T08:09:06.195+0700] {dag.py:3722} INFO - Setting next_dagrun for example_time_delta_sensor_async to None, run_after=None
[2023-12-17T08:09:06.207+0700] {processor.py:179} INFO - Processing /home/phuc/Practice/DataScience/DSProject/venv/lib/python3.10/site-packages/airflow/example_dags/example_time_delta_sensor_async.py took 0.047 seconds
[2023-12-17T08:09:51.835+0700] {processor.py:157} INFO - Started process (PID=313668) to work on /home/phuc/Practice/DataScience/DSProject/venv/lib/python3.10/site-packages/airflow/example_dags/example_time_delta_sensor_async.py
[2023-12-17T08:09:51.836+0700] {processor.py:829} INFO - Processing file /home/phuc/Practice/DataScience/DSProject/venv/lib/python3.10/site-packages/airflow/example_dags/example_time_delta_sensor_async.py for tasks to queue
[2023-12-17T08:09:51.837+0700] {logging_mixin.py:154} INFO - [2023-12-17T08:09:51.836+0700] {dagbag.py:536} INFO - Filling up the DagBag from /home/phuc/Practice/DataScience/DSProject/venv/lib/python3.10/site-packages/airflow/example_dags/example_time_delta_sensor_async.py
[2023-12-17T08:09:51.841+0700] {processor.py:839} INFO - DAG(s) dict_keys(['example_time_delta_sensor_async']) retrieved from /home/phuc/Practice/DataScience/DSProject/venv/lib/python3.10/site-packages/airflow/example_dags/example_time_delta_sensor_async.py
[2023-12-17T08:09:51.855+0700] {logging_mixin.py:154} INFO - [2023-12-17T08:09:51.855+0700] {dag.py:2941} INFO - Sync 1 DAGs
[2023-12-17T08:09:51.864+0700] {logging_mixin.py:154} INFO - [2023-12-17T08:09:51.864+0700] {dag.py:3722} INFO - Setting next_dagrun for example_time_delta_sensor_async to None, run_after=None
[2023-12-17T08:09:51.884+0700] {processor.py:179} INFO - Processing /home/phuc/Practice/DataScience/DSProject/venv/lib/python3.10/site-packages/airflow/example_dags/example_time_delta_sensor_async.py took 0.052 seconds
[2023-12-17T08:10:43.676+0700] {processor.py:157} INFO - Started process (PID=313944) to work on /home/phuc/Practice/DataScience/DSProject/venv/lib/python3.10/site-packages/airflow/example_dags/example_time_delta_sensor_async.py
[2023-12-17T08:10:43.683+0700] {processor.py:829} INFO - Processing file /home/phuc/Practice/DataScience/DSProject/venv/lib/python3.10/site-packages/airflow/example_dags/example_time_delta_sensor_async.py for tasks to queue
[2023-12-17T08:10:43.684+0700] {logging_mixin.py:154} INFO - [2023-12-17T08:10:43.683+0700] {dagbag.py:536} INFO - Filling up the DagBag from /home/phuc/Practice/DataScience/DSProject/venv/lib/python3.10/site-packages/airflow/example_dags/example_time_delta_sensor_async.py
[2023-12-17T08:10:43.691+0700] {processor.py:839} INFO - DAG(s) dict_keys(['example_time_delta_sensor_async']) retrieved from /home/phuc/Practice/DataScience/DSProject/venv/lib/python3.10/site-packages/airflow/example_dags/example_time_delta_sensor_async.py
[2023-12-17T08:10:43.703+0700] {logging_mixin.py:154} INFO - [2023-12-17T08:10:43.703+0700] {dag.py:2941} INFO - Sync 1 DAGs
[2023-12-17T08:10:43.710+0700] {logging_mixin.py:154} INFO - [2023-12-17T08:10:43.710+0700] {dag.py:3722} INFO - Setting next_dagrun for example_time_delta_sensor_async to None, run_after=None
[2023-12-17T08:10:43.721+0700] {processor.py:179} INFO - Processing /home/phuc/Practice/DataScience/DSProject/venv/lib/python3.10/site-packages/airflow/example_dags/example_time_delta_sensor_async.py took 0.048 seconds
[2023-12-17T08:11:30.968+0700] {processor.py:157} INFO - Started process (PID=314146) to work on /home/phuc/Practice/DataScience/DSProject/venv/lib/python3.10/site-packages/airflow/example_dags/example_time_delta_sensor_async.py
[2023-12-17T08:11:30.975+0700] {processor.py:829} INFO - Processing file /home/phuc/Practice/DataScience/DSProject/venv/lib/python3.10/site-packages/airflow/example_dags/example_time_delta_sensor_async.py for tasks to queue
[2023-12-17T08:11:30.976+0700] {logging_mixin.py:154} INFO - [2023-12-17T08:11:30.975+0700] {dagbag.py:536} INFO - Filling up the DagBag from /home/phuc/Practice/DataScience/DSProject/venv/lib/python3.10/site-packages/airflow/example_dags/example_time_delta_sensor_async.py
[2023-12-17T08:11:30.984+0700] {processor.py:839} INFO - DAG(s) dict_keys(['example_time_delta_sensor_async']) retrieved from /home/phuc/Practice/DataScience/DSProject/venv/lib/python3.10/site-packages/airflow/example_dags/example_time_delta_sensor_async.py
[2023-12-17T08:11:30.996+0700] {logging_mixin.py:154} INFO - [2023-12-17T08:11:30.996+0700] {dag.py:2941} INFO - Sync 1 DAGs
[2023-12-17T08:11:31.002+0700] {logging_mixin.py:154} INFO - [2023-12-17T08:11:31.002+0700] {dag.py:3722} INFO - Setting next_dagrun for example_time_delta_sensor_async to None, run_after=None
[2023-12-17T08:11:31.013+0700] {processor.py:179} INFO - Processing /home/phuc/Practice/DataScience/DSProject/venv/lib/python3.10/site-packages/airflow/example_dags/example_time_delta_sensor_async.py took 0.049 seconds
[2023-12-17T08:12:22.860+0700] {processor.py:157} INFO - Started process (PID=314407) to work on /home/phuc/Practice/DataScience/DSProject/venv/lib/python3.10/site-packages/airflow/example_dags/example_time_delta_sensor_async.py
[2023-12-17T08:12:22.867+0700] {processor.py:829} INFO - Processing file /home/phuc/Practice/DataScience/DSProject/venv/lib/python3.10/site-packages/airflow/example_dags/example_time_delta_sensor_async.py for tasks to queue
[2023-12-17T08:12:22.868+0700] {logging_mixin.py:154} INFO - [2023-12-17T08:12:22.868+0700] {dagbag.py:536} INFO - Filling up the DagBag from /home/phuc/Practice/DataScience/DSProject/venv/lib/python3.10/site-packages/airflow/example_dags/example_time_delta_sensor_async.py
[2023-12-17T08:12:22.875+0700] {processor.py:839} INFO - DAG(s) dict_keys(['example_time_delta_sensor_async']) retrieved from /home/phuc/Practice/DataScience/DSProject/venv/lib/python3.10/site-packages/airflow/example_dags/example_time_delta_sensor_async.py
[2023-12-17T08:12:22.888+0700] {logging_mixin.py:154} INFO - [2023-12-17T08:12:22.887+0700] {dag.py:2941} INFO - Sync 1 DAGs
[2023-12-17T08:12:22.893+0700] {logging_mixin.py:154} INFO - [2023-12-17T08:12:22.893+0700] {dag.py:3722} INFO - Setting next_dagrun for example_time_delta_sensor_async to None, run_after=None
[2023-12-17T08:12:22.906+0700] {processor.py:179} INFO - Processing /home/phuc/Practice/DataScience/DSProject/venv/lib/python3.10/site-packages/airflow/example_dags/example_time_delta_sensor_async.py took 0.048 seconds
[2023-12-17T08:13:11.093+0700] {processor.py:157} INFO - Started process (PID=314629) to work on /home/phuc/Practice/DataScience/DSProject/venv/lib/python3.10/site-packages/airflow/example_dags/example_time_delta_sensor_async.py
[2023-12-17T08:13:11.100+0700] {processor.py:829} INFO - Processing file /home/phuc/Practice/DataScience/DSProject/venv/lib/python3.10/site-packages/airflow/example_dags/example_time_delta_sensor_async.py for tasks to queue
[2023-12-17T08:13:11.102+0700] {logging_mixin.py:154} INFO - [2023-12-17T08:13:11.101+0700] {dagbag.py:536} INFO - Filling up the DagBag from /home/phuc/Practice/DataScience/DSProject/venv/lib/python3.10/site-packages/airflow/example_dags/example_time_delta_sensor_async.py
[2023-12-17T08:13:11.107+0700] {processor.py:839} INFO - DAG(s) dict_keys(['example_time_delta_sensor_async']) retrieved from /home/phuc/Practice/DataScience/DSProject/venv/lib/python3.10/site-packages/airflow/example_dags/example_time_delta_sensor_async.py
[2023-12-17T08:13:11.115+0700] {logging_mixin.py:154} INFO - [2023-12-17T08:13:11.115+0700] {dag.py:2941} INFO - Sync 1 DAGs
[2023-12-17T08:13:11.121+0700] {logging_mixin.py:154} INFO - [2023-12-17T08:13:11.121+0700] {dag.py:3722} INFO - Setting next_dagrun for example_time_delta_sensor_async to None, run_after=None
[2023-12-17T08:13:11.133+0700] {processor.py:179} INFO - Processing /home/phuc/Practice/DataScience/DSProject/venv/lib/python3.10/site-packages/airflow/example_dags/example_time_delta_sensor_async.py took 0.042 seconds
[2023-12-17T08:13:56.427+0700] {processor.py:157} INFO - Started process (PID=314880) to work on /home/phuc/Practice/DataScience/DSProject/venv/lib/python3.10/site-packages/airflow/example_dags/example_time_delta_sensor_async.py
[2023-12-17T08:13:56.434+0700] {processor.py:829} INFO - Processing file /home/phuc/Practice/DataScience/DSProject/venv/lib/python3.10/site-packages/airflow/example_dags/example_time_delta_sensor_async.py for tasks to queue
[2023-12-17T08:13:56.435+0700] {logging_mixin.py:154} INFO - [2023-12-17T08:13:56.435+0700] {dagbag.py:536} INFO - Filling up the DagBag from /home/phuc/Practice/DataScience/DSProject/venv/lib/python3.10/site-packages/airflow/example_dags/example_time_delta_sensor_async.py
[2023-12-17T08:13:56.438+0700] {processor.py:839} INFO - DAG(s) dict_keys(['example_time_delta_sensor_async']) retrieved from /home/phuc/Practice/DataScience/DSProject/venv/lib/python3.10/site-packages/airflow/example_dags/example_time_delta_sensor_async.py
[2023-12-17T08:13:56.448+0700] {logging_mixin.py:154} INFO - [2023-12-17T08:13:56.448+0700] {dag.py:2941} INFO - Sync 1 DAGs
[2023-12-17T08:13:56.454+0700] {logging_mixin.py:154} INFO - [2023-12-17T08:13:56.454+0700] {dag.py:3722} INFO - Setting next_dagrun for example_time_delta_sensor_async to None, run_after=None
[2023-12-17T08:13:56.467+0700] {processor.py:179} INFO - Processing /home/phuc/Practice/DataScience/DSProject/venv/lib/python3.10/site-packages/airflow/example_dags/example_time_delta_sensor_async.py took 0.042 seconds
[2023-12-17T08:14:47.869+0700] {processor.py:157} INFO - Started process (PID=315112) to work on /home/phuc/Practice/DataScience/DSProject/venv/lib/python3.10/site-packages/airflow/example_dags/example_time_delta_sensor_async.py
[2023-12-17T08:14:47.876+0700] {processor.py:829} INFO - Processing file /home/phuc/Practice/DataScience/DSProject/venv/lib/python3.10/site-packages/airflow/example_dags/example_time_delta_sensor_async.py for tasks to queue
[2023-12-17T08:14:47.878+0700] {logging_mixin.py:154} INFO - [2023-12-17T08:14:47.877+0700] {dagbag.py:536} INFO - Filling up the DagBag from /home/phuc/Practice/DataScience/DSProject/venv/lib/python3.10/site-packages/airflow/example_dags/example_time_delta_sensor_async.py
[2023-12-17T08:14:47.885+0700] {processor.py:839} INFO - DAG(s) dict_keys(['example_time_delta_sensor_async']) retrieved from /home/phuc/Practice/DataScience/DSProject/venv/lib/python3.10/site-packages/airflow/example_dags/example_time_delta_sensor_async.py
[2023-12-17T08:14:47.897+0700] {logging_mixin.py:154} INFO - [2023-12-17T08:14:47.897+0700] {dag.py:2941} INFO - Sync 1 DAGs
[2023-12-17T08:14:47.903+0700] {logging_mixin.py:154} INFO - [2023-12-17T08:14:47.903+0700] {dag.py:3722} INFO - Setting next_dagrun for example_time_delta_sensor_async to None, run_after=None
[2023-12-17T08:14:47.915+0700] {processor.py:179} INFO - Processing /home/phuc/Practice/DataScience/DSProject/venv/lib/python3.10/site-packages/airflow/example_dags/example_time_delta_sensor_async.py took 0.051 seconds
[2023-12-17T08:15:41.989+0700] {processor.py:157} INFO - Started process (PID=315340) to work on /home/phuc/Practice/DataScience/DSProject/venv/lib/python3.10/site-packages/airflow/example_dags/example_time_delta_sensor_async.py
[2023-12-17T08:15:41.996+0700] {processor.py:829} INFO - Processing file /home/phuc/Practice/DataScience/DSProject/venv/lib/python3.10/site-packages/airflow/example_dags/example_time_delta_sensor_async.py for tasks to queue
[2023-12-17T08:15:41.997+0700] {logging_mixin.py:154} INFO - [2023-12-17T08:15:41.997+0700] {dagbag.py:536} INFO - Filling up the DagBag from /home/phuc/Practice/DataScience/DSProject/venv/lib/python3.10/site-packages/airflow/example_dags/example_time_delta_sensor_async.py
[2023-12-17T08:15:42.002+0700] {processor.py:839} INFO - DAG(s) dict_keys(['example_time_delta_sensor_async']) retrieved from /home/phuc/Practice/DataScience/DSProject/venv/lib/python3.10/site-packages/airflow/example_dags/example_time_delta_sensor_async.py
[2023-12-17T08:15:42.018+0700] {logging_mixin.py:154} INFO - [2023-12-17T08:15:42.018+0700] {dag.py:2941} INFO - Sync 1 DAGs
[2023-12-17T08:15:42.029+0700] {logging_mixin.py:154} INFO - [2023-12-17T08:15:42.029+0700] {dag.py:3722} INFO - Setting next_dagrun for example_time_delta_sensor_async to None, run_after=None
[2023-12-17T08:15:42.051+0700] {processor.py:179} INFO - Processing /home/phuc/Practice/DataScience/DSProject/venv/lib/python3.10/site-packages/airflow/example_dags/example_time_delta_sensor_async.py took 0.066 seconds
[2023-12-17T08:18:04.928+0700] {processor.py:157} INFO - Started process (PID=316461) to work on /home/phuc/Practice/DataScience/DSProject/venv/lib/python3.10/site-packages/airflow/example_dags/example_time_delta_sensor_async.py
[2023-12-17T08:18:04.935+0700] {processor.py:829} INFO - Processing file /home/phuc/Practice/DataScience/DSProject/venv/lib/python3.10/site-packages/airflow/example_dags/example_time_delta_sensor_async.py for tasks to queue
[2023-12-17T08:18:04.936+0700] {logging_mixin.py:154} INFO - [2023-12-17T08:18:04.935+0700] {dagbag.py:536} INFO - Filling up the DagBag from /home/phuc/Practice/DataScience/DSProject/venv/lib/python3.10/site-packages/airflow/example_dags/example_time_delta_sensor_async.py
[2023-12-17T08:18:04.939+0700] {processor.py:839} INFO - DAG(s) dict_keys(['example_time_delta_sensor_async']) retrieved from /home/phuc/Practice/DataScience/DSProject/venv/lib/python3.10/site-packages/airflow/example_dags/example_time_delta_sensor_async.py
[2023-12-17T08:18:04.948+0700] {logging_mixin.py:154} INFO - [2023-12-17T08:18:04.947+0700] {dag.py:2941} INFO - Sync 1 DAGs
[2023-12-17T08:18:04.954+0700] {logging_mixin.py:154} INFO - [2023-12-17T08:18:04.954+0700] {dag.py:3722} INFO - Setting next_dagrun for example_time_delta_sensor_async to None, run_after=None
[2023-12-17T08:18:04.967+0700] {processor.py:179} INFO - Processing /home/phuc/Practice/DataScience/DSProject/venv/lib/python3.10/site-packages/airflow/example_dags/example_time_delta_sensor_async.py took 0.040 seconds
[2023-12-17T08:18:50.620+0700] {processor.py:157} INFO - Started process (PID=316819) to work on /home/phuc/Practice/DataScience/DSProject/venv/lib/python3.10/site-packages/airflow/example_dags/example_time_delta_sensor_async.py
[2023-12-17T08:18:50.627+0700] {processor.py:829} INFO - Processing file /home/phuc/Practice/DataScience/DSProject/venv/lib/python3.10/site-packages/airflow/example_dags/example_time_delta_sensor_async.py for tasks to queue
[2023-12-17T08:18:50.628+0700] {logging_mixin.py:154} INFO - [2023-12-17T08:18:50.627+0700] {dagbag.py:536} INFO - Filling up the DagBag from /home/phuc/Practice/DataScience/DSProject/venv/lib/python3.10/site-packages/airflow/example_dags/example_time_delta_sensor_async.py
[2023-12-17T08:18:50.631+0700] {processor.py:839} INFO - DAG(s) dict_keys(['example_time_delta_sensor_async']) retrieved from /home/phuc/Practice/DataScience/DSProject/venv/lib/python3.10/site-packages/airflow/example_dags/example_time_delta_sensor_async.py
[2023-12-17T08:18:50.641+0700] {logging_mixin.py:154} INFO - [2023-12-17T08:18:50.641+0700] {dag.py:2941} INFO - Sync 1 DAGs
[2023-12-17T08:18:50.648+0700] {logging_mixin.py:154} INFO - [2023-12-17T08:18:50.648+0700] {dag.py:3722} INFO - Setting next_dagrun for example_time_delta_sensor_async to None, run_after=None
[2023-12-17T08:18:50.660+0700] {processor.py:179} INFO - Processing /home/phuc/Practice/DataScience/DSProject/venv/lib/python3.10/site-packages/airflow/example_dags/example_time_delta_sensor_async.py took 0.042 seconds
[2023-12-17T08:19:42.372+0700] {processor.py:157} INFO - Started process (PID=317340) to work on /home/phuc/Practice/DataScience/DSProject/venv/lib/python3.10/site-packages/airflow/example_dags/example_time_delta_sensor_async.py
[2023-12-17T08:19:42.379+0700] {processor.py:829} INFO - Processing file /home/phuc/Practice/DataScience/DSProject/venv/lib/python3.10/site-packages/airflow/example_dags/example_time_delta_sensor_async.py for tasks to queue
[2023-12-17T08:19:42.380+0700] {logging_mixin.py:154} INFO - [2023-12-17T08:19:42.380+0700] {dagbag.py:536} INFO - Filling up the DagBag from /home/phuc/Practice/DataScience/DSProject/venv/lib/python3.10/site-packages/airflow/example_dags/example_time_delta_sensor_async.py
[2023-12-17T08:19:42.384+0700] {processor.py:839} INFO - DAG(s) dict_keys(['example_time_delta_sensor_async']) retrieved from /home/phuc/Practice/DataScience/DSProject/venv/lib/python3.10/site-packages/airflow/example_dags/example_time_delta_sensor_async.py
[2023-12-17T08:19:42.396+0700] {logging_mixin.py:154} INFO - [2023-12-17T08:19:42.396+0700] {dag.py:2941} INFO - Sync 1 DAGs
[2023-12-17T08:19:42.404+0700] {logging_mixin.py:154} INFO - [2023-12-17T08:19:42.404+0700] {dag.py:3722} INFO - Setting next_dagrun for example_time_delta_sensor_async to None, run_after=None
[2023-12-17T08:19:42.419+0700] {processor.py:179} INFO - Processing /home/phuc/Practice/DataScience/DSProject/venv/lib/python3.10/site-packages/airflow/example_dags/example_time_delta_sensor_async.py took 0.049 seconds
[2023-12-17T08:20:37.479+0700] {processor.py:157} INFO - Started process (PID=317919) to work on /home/phuc/Practice/DataScience/DSProject/venv/lib/python3.10/site-packages/airflow/example_dags/example_time_delta_sensor_async.py
[2023-12-17T08:20:37.486+0700] {processor.py:829} INFO - Processing file /home/phuc/Practice/DataScience/DSProject/venv/lib/python3.10/site-packages/airflow/example_dags/example_time_delta_sensor_async.py for tasks to queue
[2023-12-17T08:20:37.488+0700] {logging_mixin.py:154} INFO - [2023-12-17T08:20:37.487+0700] {dagbag.py:536} INFO - Filling up the DagBag from /home/phuc/Practice/DataScience/DSProject/venv/lib/python3.10/site-packages/airflow/example_dags/example_time_delta_sensor_async.py
[2023-12-17T08:20:37.495+0700] {processor.py:839} INFO - DAG(s) dict_keys(['example_time_delta_sensor_async']) retrieved from /home/phuc/Practice/DataScience/DSProject/venv/lib/python3.10/site-packages/airflow/example_dags/example_time_delta_sensor_async.py
[2023-12-17T08:20:37.508+0700] {logging_mixin.py:154} INFO - [2023-12-17T08:20:37.508+0700] {dag.py:2941} INFO - Sync 1 DAGs
[2023-12-17T08:20:37.516+0700] {logging_mixin.py:154} INFO - [2023-12-17T08:20:37.516+0700] {dag.py:3722} INFO - Setting next_dagrun for example_time_delta_sensor_async to None, run_after=None
[2023-12-17T08:20:37.531+0700] {processor.py:179} INFO - Processing /home/phuc/Practice/DataScience/DSProject/venv/lib/python3.10/site-packages/airflow/example_dags/example_time_delta_sensor_async.py took 0.056 seconds
[2023-12-17T08:23:03.421+0700] {processor.py:157} INFO - Started process (PID=319275) to work on /home/phuc/Practice/DataScience/DSProject/venv/lib/python3.10/site-packages/airflow/example_dags/example_time_delta_sensor_async.py
[2023-12-17T08:23:03.422+0700] {processor.py:829} INFO - Processing file /home/phuc/Practice/DataScience/DSProject/venv/lib/python3.10/site-packages/airflow/example_dags/example_time_delta_sensor_async.py for tasks to queue
[2023-12-17T08:23:03.423+0700] {logging_mixin.py:154} INFO - [2023-12-17T08:23:03.422+0700] {dagbag.py:536} INFO - Filling up the DagBag from /home/phuc/Practice/DataScience/DSProject/venv/lib/python3.10/site-packages/airflow/example_dags/example_time_delta_sensor_async.py
[2023-12-17T08:23:03.427+0700] {processor.py:839} INFO - DAG(s) dict_keys(['example_time_delta_sensor_async']) retrieved from /home/phuc/Practice/DataScience/DSProject/venv/lib/python3.10/site-packages/airflow/example_dags/example_time_delta_sensor_async.py
[2023-12-17T08:23:03.442+0700] {logging_mixin.py:154} INFO - [2023-12-17T08:23:03.441+0700] {dag.py:2941} INFO - Sync 1 DAGs
[2023-12-17T08:23:03.452+0700] {logging_mixin.py:154} INFO - [2023-12-17T08:23:03.451+0700] {dag.py:3722} INFO - Setting next_dagrun for example_time_delta_sensor_async to None, run_after=None
[2023-12-17T08:23:03.468+0700] {processor.py:179} INFO - Processing /home/phuc/Practice/DataScience/DSProject/venv/lib/python3.10/site-packages/airflow/example_dags/example_time_delta_sensor_async.py took 0.050 seconds
[2023-12-17T08:23:50.241+0700] {processor.py:157} INFO - Started process (PID=319630) to work on /home/phuc/Practice/DataScience/DSProject/venv/lib/python3.10/site-packages/airflow/example_dags/example_time_delta_sensor_async.py
[2023-12-17T08:23:50.248+0700] {processor.py:829} INFO - Processing file /home/phuc/Practice/DataScience/DSProject/venv/lib/python3.10/site-packages/airflow/example_dags/example_time_delta_sensor_async.py for tasks to queue
[2023-12-17T08:23:50.250+0700] {logging_mixin.py:154} INFO - [2023-12-17T08:23:50.249+0700] {dagbag.py:536} INFO - Filling up the DagBag from /home/phuc/Practice/DataScience/DSProject/venv/lib/python3.10/site-packages/airflow/example_dags/example_time_delta_sensor_async.py
[2023-12-17T08:23:50.257+0700] {processor.py:839} INFO - DAG(s) dict_keys(['example_time_delta_sensor_async']) retrieved from /home/phuc/Practice/DataScience/DSProject/venv/lib/python3.10/site-packages/airflow/example_dags/example_time_delta_sensor_async.py
[2023-12-17T08:23:50.270+0700] {logging_mixin.py:154} INFO - [2023-12-17T08:23:50.270+0700] {dag.py:2941} INFO - Sync 1 DAGs
[2023-12-17T08:23:50.276+0700] {logging_mixin.py:154} INFO - [2023-12-17T08:23:50.276+0700] {dag.py:3722} INFO - Setting next_dagrun for example_time_delta_sensor_async to None, run_after=None
[2023-12-17T08:23:50.288+0700] {processor.py:179} INFO - Processing /home/phuc/Practice/DataScience/DSProject/venv/lib/python3.10/site-packages/airflow/example_dags/example_time_delta_sensor_async.py took 0.049 seconds
[2023-12-17T08:24:42.711+0700] {processor.py:157} INFO - Started process (PID=319896) to work on /home/phuc/Practice/DataScience/DSProject/venv/lib/python3.10/site-packages/airflow/example_dags/example_time_delta_sensor_async.py
[2023-12-17T08:24:42.718+0700] {processor.py:829} INFO - Processing file /home/phuc/Practice/DataScience/DSProject/venv/lib/python3.10/site-packages/airflow/example_dags/example_time_delta_sensor_async.py for tasks to queue
[2023-12-17T08:24:42.720+0700] {logging_mixin.py:154} INFO - [2023-12-17T08:24:42.719+0700] {dagbag.py:536} INFO - Filling up the DagBag from /home/phuc/Practice/DataScience/DSProject/venv/lib/python3.10/site-packages/airflow/example_dags/example_time_delta_sensor_async.py
[2023-12-17T08:24:42.727+0700] {processor.py:839} INFO - DAG(s) dict_keys(['example_time_delta_sensor_async']) retrieved from /home/phuc/Practice/DataScience/DSProject/venv/lib/python3.10/site-packages/airflow/example_dags/example_time_delta_sensor_async.py
[2023-12-17T08:24:42.739+0700] {logging_mixin.py:154} INFO - [2023-12-17T08:24:42.739+0700] {dag.py:2941} INFO - Sync 1 DAGs
[2023-12-17T08:24:42.745+0700] {logging_mixin.py:154} INFO - [2023-12-17T08:24:42.745+0700] {dag.py:3722} INFO - Setting next_dagrun for example_time_delta_sensor_async to None, run_after=None
[2023-12-17T08:24:42.757+0700] {processor.py:179} INFO - Processing /home/phuc/Practice/DataScience/DSProject/venv/lib/python3.10/site-packages/airflow/example_dags/example_time_delta_sensor_async.py took 0.048 seconds
[2023-12-17T08:25:31.169+0700] {processor.py:157} INFO - Started process (PID=320118) to work on /home/phuc/Practice/DataScience/DSProject/venv/lib/python3.10/site-packages/airflow/example_dags/example_time_delta_sensor_async.py
[2023-12-17T08:25:31.176+0700] {processor.py:829} INFO - Processing file /home/phuc/Practice/DataScience/DSProject/venv/lib/python3.10/site-packages/airflow/example_dags/example_time_delta_sensor_async.py for tasks to queue
[2023-12-17T08:25:31.177+0700] {logging_mixin.py:154} INFO - [2023-12-17T08:25:31.177+0700] {dagbag.py:536} INFO - Filling up the DagBag from /home/phuc/Practice/DataScience/DSProject/venv/lib/python3.10/site-packages/airflow/example_dags/example_time_delta_sensor_async.py
[2023-12-17T08:25:31.185+0700] {processor.py:839} INFO - DAG(s) dict_keys(['example_time_delta_sensor_async']) retrieved from /home/phuc/Practice/DataScience/DSProject/venv/lib/python3.10/site-packages/airflow/example_dags/example_time_delta_sensor_async.py
[2023-12-17T08:25:31.198+0700] {logging_mixin.py:154} INFO - [2023-12-17T08:25:31.198+0700] {dag.py:2941} INFO - Sync 1 DAGs
[2023-12-17T08:25:31.206+0700] {logging_mixin.py:154} INFO - [2023-12-17T08:25:31.206+0700] {dag.py:3722} INFO - Setting next_dagrun for example_time_delta_sensor_async to None, run_after=None
[2023-12-17T08:25:31.218+0700] {processor.py:179} INFO - Processing /home/phuc/Practice/DataScience/DSProject/venv/lib/python3.10/site-packages/airflow/example_dags/example_time_delta_sensor_async.py took 0.052 seconds
[2023-12-17T08:26:18.411+0700] {processor.py:157} INFO - Started process (PID=320322) to work on /home/phuc/Practice/DataScience/DSProject/venv/lib/python3.10/site-packages/airflow/example_dags/example_time_delta_sensor_async.py
[2023-12-17T08:26:18.418+0700] {processor.py:829} INFO - Processing file /home/phuc/Practice/DataScience/DSProject/venv/lib/python3.10/site-packages/airflow/example_dags/example_time_delta_sensor_async.py for tasks to queue
[2023-12-17T08:26:18.419+0700] {logging_mixin.py:154} INFO - [2023-12-17T08:26:18.418+0700] {dagbag.py:536} INFO - Filling up the DagBag from /home/phuc/Practice/DataScience/DSProject/venv/lib/python3.10/site-packages/airflow/example_dags/example_time_delta_sensor_async.py
[2023-12-17T08:26:18.423+0700] {processor.py:839} INFO - DAG(s) dict_keys(['example_time_delta_sensor_async']) retrieved from /home/phuc/Practice/DataScience/DSProject/venv/lib/python3.10/site-packages/airflow/example_dags/example_time_delta_sensor_async.py
[2023-12-17T08:26:18.435+0700] {logging_mixin.py:154} INFO - [2023-12-17T08:26:18.435+0700] {dag.py:2941} INFO - Sync 1 DAGs
[2023-12-17T08:26:18.444+0700] {logging_mixin.py:154} INFO - [2023-12-17T08:26:18.444+0700] {dag.py:3722} INFO - Setting next_dagrun for example_time_delta_sensor_async to None, run_after=None
[2023-12-17T08:26:18.460+0700] {processor.py:179} INFO - Processing /home/phuc/Practice/DataScience/DSProject/venv/lib/python3.10/site-packages/airflow/example_dags/example_time_delta_sensor_async.py took 0.052 seconds
[2023-12-17T08:27:10.748+0700] {processor.py:157} INFO - Started process (PID=320626) to work on /home/phuc/Practice/DataScience/DSProject/venv/lib/python3.10/site-packages/airflow/example_dags/example_time_delta_sensor_async.py
[2023-12-17T08:27:10.748+0700] {processor.py:829} INFO - Processing file /home/phuc/Practice/DataScience/DSProject/venv/lib/python3.10/site-packages/airflow/example_dags/example_time_delta_sensor_async.py for tasks to queue
[2023-12-17T08:27:10.749+0700] {logging_mixin.py:154} INFO - [2023-12-17T08:27:10.749+0700] {dagbag.py:536} INFO - Filling up the DagBag from /home/phuc/Practice/DataScience/DSProject/venv/lib/python3.10/site-packages/airflow/example_dags/example_time_delta_sensor_async.py
[2023-12-17T08:27:10.751+0700] {processor.py:839} INFO - DAG(s) dict_keys(['example_time_delta_sensor_async']) retrieved from /home/phuc/Practice/DataScience/DSProject/venv/lib/python3.10/site-packages/airflow/example_dags/example_time_delta_sensor_async.py
[2023-12-17T08:27:10.760+0700] {logging_mixin.py:154} INFO - [2023-12-17T08:27:10.760+0700] {dag.py:2941} INFO - Sync 1 DAGs
[2023-12-17T08:27:10.766+0700] {logging_mixin.py:154} INFO - [2023-12-17T08:27:10.766+0700] {dag.py:3722} INFO - Setting next_dagrun for example_time_delta_sensor_async to None, run_after=None
[2023-12-17T08:27:10.777+0700] {processor.py:179} INFO - Processing /home/phuc/Practice/DataScience/DSProject/venv/lib/python3.10/site-packages/airflow/example_dags/example_time_delta_sensor_async.py took 0.033 seconds
[2023-12-17T08:28:00.916+0700] {processor.py:157} INFO - Started process (PID=320847) to work on /home/phuc/Practice/DataScience/DSProject/venv/lib/python3.10/site-packages/airflow/example_dags/example_time_delta_sensor_async.py
[2023-12-17T08:28:00.924+0700] {processor.py:829} INFO - Processing file /home/phuc/Practice/DataScience/DSProject/venv/lib/python3.10/site-packages/airflow/example_dags/example_time_delta_sensor_async.py for tasks to queue
[2023-12-17T08:28:00.925+0700] {logging_mixin.py:154} INFO - [2023-12-17T08:28:00.925+0700] {dagbag.py:536} INFO - Filling up the DagBag from /home/phuc/Practice/DataScience/DSProject/venv/lib/python3.10/site-packages/airflow/example_dags/example_time_delta_sensor_async.py
[2023-12-17T08:28:00.929+0700] {processor.py:839} INFO - DAG(s) dict_keys(['example_time_delta_sensor_async']) retrieved from /home/phuc/Practice/DataScience/DSProject/venv/lib/python3.10/site-packages/airflow/example_dags/example_time_delta_sensor_async.py
[2023-12-17T08:28:00.940+0700] {logging_mixin.py:154} INFO - [2023-12-17T08:28:00.939+0700] {dag.py:2941} INFO - Sync 1 DAGs
[2023-12-17T08:28:00.949+0700] {logging_mixin.py:154} INFO - [2023-12-17T08:28:00.949+0700] {dag.py:3722} INFO - Setting next_dagrun for example_time_delta_sensor_async to None, run_after=None
[2023-12-17T08:28:00.964+0700] {processor.py:179} INFO - Processing /home/phuc/Practice/DataScience/DSProject/venv/lib/python3.10/site-packages/airflow/example_dags/example_time_delta_sensor_async.py took 0.050 seconds
[2023-12-17T08:28:48.097+0700] {processor.py:157} INFO - Started process (PID=321048) to work on /home/phuc/Practice/DataScience/DSProject/venv/lib/python3.10/site-packages/airflow/example_dags/example_time_delta_sensor_async.py
[2023-12-17T08:28:48.104+0700] {processor.py:829} INFO - Processing file /home/phuc/Practice/DataScience/DSProject/venv/lib/python3.10/site-packages/airflow/example_dags/example_time_delta_sensor_async.py for tasks to queue
[2023-12-17T08:28:48.105+0700] {logging_mixin.py:154} INFO - [2023-12-17T08:28:48.105+0700] {dagbag.py:536} INFO - Filling up the DagBag from /home/phuc/Practice/DataScience/DSProject/venv/lib/python3.10/site-packages/airflow/example_dags/example_time_delta_sensor_async.py
[2023-12-17T08:28:48.114+0700] {processor.py:839} INFO - DAG(s) dict_keys(['example_time_delta_sensor_async']) retrieved from /home/phuc/Practice/DataScience/DSProject/venv/lib/python3.10/site-packages/airflow/example_dags/example_time_delta_sensor_async.py
[2023-12-17T08:28:48.128+0700] {logging_mixin.py:154} INFO - [2023-12-17T08:28:48.128+0700] {dag.py:2941} INFO - Sync 1 DAGs
[2023-12-17T08:28:48.135+0700] {logging_mixin.py:154} INFO - [2023-12-17T08:28:48.134+0700] {dag.py:3722} INFO - Setting next_dagrun for example_time_delta_sensor_async to None, run_after=None
[2023-12-17T08:28:48.147+0700] {processor.py:179} INFO - Processing /home/phuc/Practice/DataScience/DSProject/venv/lib/python3.10/site-packages/airflow/example_dags/example_time_delta_sensor_async.py took 0.055 seconds
[2023-12-17T08:29:38.708+0700] {processor.py:157} INFO - Started process (PID=321274) to work on /home/phuc/Practice/DataScience/DSProject/venv/lib/python3.10/site-packages/airflow/example_dags/example_time_delta_sensor_async.py
[2023-12-17T08:29:38.715+0700] {processor.py:829} INFO - Processing file /home/phuc/Practice/DataScience/DSProject/venv/lib/python3.10/site-packages/airflow/example_dags/example_time_delta_sensor_async.py for tasks to queue
[2023-12-17T08:29:38.716+0700] {logging_mixin.py:154} INFO - [2023-12-17T08:29:38.716+0700] {dagbag.py:536} INFO - Filling up the DagBag from /home/phuc/Practice/DataScience/DSProject/venv/lib/python3.10/site-packages/airflow/example_dags/example_time_delta_sensor_async.py
[2023-12-17T08:29:38.724+0700] {processor.py:839} INFO - DAG(s) dict_keys(['example_time_delta_sensor_async']) retrieved from /home/phuc/Practice/DataScience/DSProject/venv/lib/python3.10/site-packages/airflow/example_dags/example_time_delta_sensor_async.py
[2023-12-17T08:29:38.736+0700] {logging_mixin.py:154} INFO - [2023-12-17T08:29:38.736+0700] {dag.py:2941} INFO - Sync 1 DAGs
[2023-12-17T08:29:38.742+0700] {logging_mixin.py:154} INFO - [2023-12-17T08:29:38.741+0700] {dag.py:3722} INFO - Setting next_dagrun for example_time_delta_sensor_async to None, run_after=None
[2023-12-17T08:29:38.751+0700] {processor.py:179} INFO - Processing /home/phuc/Practice/DataScience/DSProject/venv/lib/python3.10/site-packages/airflow/example_dags/example_time_delta_sensor_async.py took 0.047 seconds
[2023-12-17T08:30:28.960+0700] {processor.py:157} INFO - Started process (PID=321522) to work on /home/phuc/Practice/DataScience/DSProject/venv/lib/python3.10/site-packages/airflow/example_dags/example_time_delta_sensor_async.py
[2023-12-17T08:30:28.966+0700] {processor.py:829} INFO - Processing file /home/phuc/Practice/DataScience/DSProject/venv/lib/python3.10/site-packages/airflow/example_dags/example_time_delta_sensor_async.py for tasks to queue
[2023-12-17T08:30:28.967+0700] {logging_mixin.py:154} INFO - [2023-12-17T08:30:28.967+0700] {dagbag.py:536} INFO - Filling up the DagBag from /home/phuc/Practice/DataScience/DSProject/venv/lib/python3.10/site-packages/airflow/example_dags/example_time_delta_sensor_async.py
[2023-12-17T08:30:28.970+0700] {processor.py:839} INFO - DAG(s) dict_keys(['example_time_delta_sensor_async']) retrieved from /home/phuc/Practice/DataScience/DSProject/venv/lib/python3.10/site-packages/airflow/example_dags/example_time_delta_sensor_async.py
[2023-12-17T08:30:28.979+0700] {logging_mixin.py:154} INFO - [2023-12-17T08:30:28.979+0700] {dag.py:2941} INFO - Sync 1 DAGs
[2023-12-17T08:30:28.985+0700] {logging_mixin.py:154} INFO - [2023-12-17T08:30:28.985+0700] {dag.py:3722} INFO - Setting next_dagrun for example_time_delta_sensor_async to None, run_after=None
[2023-12-17T08:30:28.997+0700] {processor.py:179} INFO - Processing /home/phuc/Practice/DataScience/DSProject/venv/lib/python3.10/site-packages/airflow/example_dags/example_time_delta_sensor_async.py took 0.039 seconds
[2023-12-17T08:31:21.117+0700] {processor.py:157} INFO - Started process (PID=321828) to work on /home/phuc/Practice/DataScience/DSProject/venv/lib/python3.10/site-packages/airflow/example_dags/example_time_delta_sensor_async.py
[2023-12-17T08:31:21.123+0700] {processor.py:829} INFO - Processing file /home/phuc/Practice/DataScience/DSProject/venv/lib/python3.10/site-packages/airflow/example_dags/example_time_delta_sensor_async.py for tasks to queue
[2023-12-17T08:31:21.124+0700] {logging_mixin.py:154} INFO - [2023-12-17T08:31:21.124+0700] {dagbag.py:536} INFO - Filling up the DagBag from /home/phuc/Practice/DataScience/DSProject/venv/lib/python3.10/site-packages/airflow/example_dags/example_time_delta_sensor_async.py
[2023-12-17T08:31:21.127+0700] {processor.py:839} INFO - DAG(s) dict_keys(['example_time_delta_sensor_async']) retrieved from /home/phuc/Practice/DataScience/DSProject/venv/lib/python3.10/site-packages/airflow/example_dags/example_time_delta_sensor_async.py
[2023-12-17T08:31:21.136+0700] {logging_mixin.py:154} INFO - [2023-12-17T08:31:21.136+0700] {dag.py:2941} INFO - Sync 1 DAGs
[2023-12-17T08:31:21.142+0700] {logging_mixin.py:154} INFO - [2023-12-17T08:31:21.142+0700] {dag.py:3722} INFO - Setting next_dagrun for example_time_delta_sensor_async to None, run_after=None
[2023-12-17T08:31:21.153+0700] {processor.py:179} INFO - Processing /home/phuc/Practice/DataScience/DSProject/venv/lib/python3.10/site-packages/airflow/example_dags/example_time_delta_sensor_async.py took 0.038 seconds
[2023-12-17T08:32:37.787+0700] {processor.py:157} INFO - Started process (PID=322945) to work on /home/phuc/Practice/DataScience/DSProject/venv/lib/python3.10/site-packages/airflow/example_dags/example_time_delta_sensor_async.py
[2023-12-17T08:32:37.794+0700] {processor.py:829} INFO - Processing file /home/phuc/Practice/DataScience/DSProject/venv/lib/python3.10/site-packages/airflow/example_dags/example_time_delta_sensor_async.py for tasks to queue
[2023-12-17T08:32:37.796+0700] {logging_mixin.py:154} INFO - [2023-12-17T08:32:37.795+0700] {dagbag.py:536} INFO - Filling up the DagBag from /home/phuc/Practice/DataScience/DSProject/venv/lib/python3.10/site-packages/airflow/example_dags/example_time_delta_sensor_async.py
[2023-12-17T08:32:37.803+0700] {processor.py:839} INFO - DAG(s) dict_keys(['example_time_delta_sensor_async']) retrieved from /home/phuc/Practice/DataScience/DSProject/venv/lib/python3.10/site-packages/airflow/example_dags/example_time_delta_sensor_async.py
[2023-12-17T08:32:37.815+0700] {logging_mixin.py:154} INFO - [2023-12-17T08:32:37.815+0700] {dag.py:2941} INFO - Sync 1 DAGs
[2023-12-17T08:32:37.821+0700] {logging_mixin.py:154} INFO - [2023-12-17T08:32:37.821+0700] {dag.py:3722} INFO - Setting next_dagrun for example_time_delta_sensor_async to None, run_after=None
[2023-12-17T08:32:37.830+0700] {processor.py:179} INFO - Processing /home/phuc/Practice/DataScience/DSProject/venv/lib/python3.10/site-packages/airflow/example_dags/example_time_delta_sensor_async.py took 0.047 seconds
[2023-12-17T08:33:34.350+0700] {processor.py:157} INFO - Started process (PID=323227) to work on /home/phuc/Practice/DataScience/DSProject/venv/lib/python3.10/site-packages/airflow/example_dags/example_time_delta_sensor_async.py
[2023-12-17T08:33:34.357+0700] {processor.py:829} INFO - Processing file /home/phuc/Practice/DataScience/DSProject/venv/lib/python3.10/site-packages/airflow/example_dags/example_time_delta_sensor_async.py for tasks to queue
[2023-12-17T08:33:34.359+0700] {logging_mixin.py:154} INFO - [2023-12-17T08:33:34.358+0700] {dagbag.py:536} INFO - Filling up the DagBag from /home/phuc/Practice/DataScience/DSProject/venv/lib/python3.10/site-packages/airflow/example_dags/example_time_delta_sensor_async.py
[2023-12-17T08:33:34.366+0700] {processor.py:839} INFO - DAG(s) dict_keys(['example_time_delta_sensor_async']) retrieved from /home/phuc/Practice/DataScience/DSProject/venv/lib/python3.10/site-packages/airflow/example_dags/example_time_delta_sensor_async.py
[2023-12-17T08:33:34.378+0700] {logging_mixin.py:154} INFO - [2023-12-17T08:33:34.377+0700] {dag.py:2941} INFO - Sync 1 DAGs
[2023-12-17T08:33:34.383+0700] {logging_mixin.py:154} INFO - [2023-12-17T08:33:34.383+0700] {dag.py:3722} INFO - Setting next_dagrun for example_time_delta_sensor_async to None, run_after=None
[2023-12-17T08:33:34.393+0700] {processor.py:179} INFO - Processing /home/phuc/Practice/DataScience/DSProject/venv/lib/python3.10/site-packages/airflow/example_dags/example_time_delta_sensor_async.py took 0.047 seconds
[2023-12-17T08:34:25.221+0700] {processor.py:157} INFO - Started process (PID=323640) to work on /home/phuc/Practice/DataScience/DSProject/venv/lib/python3.10/site-packages/airflow/example_dags/example_time_delta_sensor_async.py
[2023-12-17T08:34:25.222+0700] {processor.py:829} INFO - Processing file /home/phuc/Practice/DataScience/DSProject/venv/lib/python3.10/site-packages/airflow/example_dags/example_time_delta_sensor_async.py for tasks to queue
[2023-12-17T08:34:25.223+0700] {logging_mixin.py:154} INFO - [2023-12-17T08:34:25.222+0700] {dagbag.py:536} INFO - Filling up the DagBag from /home/phuc/Practice/DataScience/DSProject/venv/lib/python3.10/site-packages/airflow/example_dags/example_time_delta_sensor_async.py
[2023-12-17T08:34:25.225+0700] {processor.py:839} INFO - DAG(s) dict_keys(['example_time_delta_sensor_async']) retrieved from /home/phuc/Practice/DataScience/DSProject/venv/lib/python3.10/site-packages/airflow/example_dags/example_time_delta_sensor_async.py
[2023-12-17T08:34:25.235+0700] {logging_mixin.py:154} INFO - [2023-12-17T08:34:25.234+0700] {dag.py:2941} INFO - Sync 1 DAGs
[2023-12-17T08:34:25.241+0700] {logging_mixin.py:154} INFO - [2023-12-17T08:34:25.240+0700] {dag.py:3722} INFO - Setting next_dagrun for example_time_delta_sensor_async to None, run_after=None
[2023-12-17T08:34:25.252+0700] {processor.py:179} INFO - Processing /home/phuc/Practice/DataScience/DSProject/venv/lib/python3.10/site-packages/airflow/example_dags/example_time_delta_sensor_async.py took 0.032 seconds
[2023-12-17T08:35:18.965+0700] {processor.py:157} INFO - Started process (PID=324037) to work on /home/phuc/Practice/DataScience/DSProject/venv/lib/python3.10/site-packages/airflow/example_dags/example_time_delta_sensor_async.py
[2023-12-17T08:35:18.966+0700] {processor.py:829} INFO - Processing file /home/phuc/Practice/DataScience/DSProject/venv/lib/python3.10/site-packages/airflow/example_dags/example_time_delta_sensor_async.py for tasks to queue
[2023-12-17T08:35:18.966+0700] {logging_mixin.py:154} INFO - [2023-12-17T08:35:18.966+0700] {dagbag.py:536} INFO - Filling up the DagBag from /home/phuc/Practice/DataScience/DSProject/venv/lib/python3.10/site-packages/airflow/example_dags/example_time_delta_sensor_async.py
[2023-12-17T08:35:18.969+0700] {processor.py:839} INFO - DAG(s) dict_keys(['example_time_delta_sensor_async']) retrieved from /home/phuc/Practice/DataScience/DSProject/venv/lib/python3.10/site-packages/airflow/example_dags/example_time_delta_sensor_async.py
[2023-12-17T08:35:18.978+0700] {logging_mixin.py:154} INFO - [2023-12-17T08:35:18.977+0700] {dag.py:2941} INFO - Sync 1 DAGs
[2023-12-17T08:35:18.984+0700] {logging_mixin.py:154} INFO - [2023-12-17T08:35:18.984+0700] {dag.py:3722} INFO - Setting next_dagrun for example_time_delta_sensor_async to None, run_after=None
[2023-12-17T08:35:18.997+0700] {processor.py:179} INFO - Processing /home/phuc/Practice/DataScience/DSProject/venv/lib/python3.10/site-packages/airflow/example_dags/example_time_delta_sensor_async.py took 0.033 seconds
