[2023-12-17T08:03:26.730+0700] {processor.py:157} INFO - Started process (PID=309785) to work on /home/phuc/Practice/DataScience/DSProject/venv/lib/python3.10/site-packages/airflow/example_dags/example_params_ui_tutorial.py
[2023-12-17T08:03:26.730+0700] {processor.py:829} INFO - Processing file /home/phuc/Practice/DataScience/DSProject/venv/lib/python3.10/site-packages/airflow/example_dags/example_params_ui_tutorial.py for tasks to queue
[2023-12-17T08:03:26.731+0700] {logging_mixin.py:154} INFO - [2023-12-17T08:03:26.731+0700] {dagbag.py:536} INFO - Filling up the DagBag from /home/phuc/Practice/DataScience/DSProject/venv/lib/python3.10/site-packages/airflow/example_dags/example_params_ui_tutorial.py
[2023-12-17T08:03:26.757+0700] {processor.py:839} INFO - DAG(s) dict_keys(['example_params_ui_tutorial']) retrieved from /home/phuc/Practice/DataScience/DSProject/venv/lib/python3.10/site-packages/airflow/example_dags/example_params_ui_tutorial.py
[2023-12-17T08:03:26.868+0700] {logging_mixin.py:154} INFO - [2023-12-17T08:03:26.868+0700] {manager.py:499} INFO - Created Permission View: %s
[2023-12-17T08:03:26.876+0700] {logging_mixin.py:154} INFO - [2023-12-17T08:03:26.876+0700] {manager.py:499} INFO - Created Permission View: %s
[2023-12-17T08:03:26.883+0700] {logging_mixin.py:154} INFO - [2023-12-17T08:03:26.882+0700] {manager.py:499} INFO - Created Permission View: %s
[2023-12-17T08:03:26.883+0700] {logging_mixin.py:154} INFO - [2023-12-17T08:03:26.883+0700] {dag.py:2941} INFO - Sync 1 DAGs
[2023-12-17T08:03:26.891+0700] {logging_mixin.py:154} INFO - [2023-12-17T08:03:26.891+0700] {dag.py:2963} INFO - Creating ORM DAG for example_params_ui_tutorial
[2023-12-17T08:03:26.892+0700] {logging_mixin.py:154} INFO - [2023-12-17T08:03:26.892+0700] {dag.py:3722} INFO - Setting next_dagrun for example_params_ui_tutorial to None, run_after=None
[2023-12-17T08:03:26.905+0700] {processor.py:179} INFO - Processing /home/phuc/Practice/DataScience/DSProject/venv/lib/python3.10/site-packages/airflow/example_dags/example_params_ui_tutorial.py took 0.178 seconds
[2023-12-17T08:05:41.696+0700] {processor.py:157} INFO - Started process (PID=311032) to work on /home/phuc/Practice/DataScience/DSProject/venv/lib/python3.10/site-packages/airflow/example_dags/example_params_ui_tutorial.py
[2023-12-17T08:05:41.697+0700] {processor.py:829} INFO - Processing file /home/phuc/Practice/DataScience/DSProject/venv/lib/python3.10/site-packages/airflow/example_dags/example_params_ui_tutorial.py for tasks to queue
[2023-12-17T08:05:41.698+0700] {logging_mixin.py:154} INFO - [2023-12-17T08:05:41.697+0700] {dagbag.py:536} INFO - Filling up the DagBag from /home/phuc/Practice/DataScience/DSProject/venv/lib/python3.10/site-packages/airflow/example_dags/example_params_ui_tutorial.py
[2023-12-17T08:05:41.720+0700] {processor.py:839} INFO - DAG(s) dict_keys(['example_params_ui_tutorial']) retrieved from /home/phuc/Practice/DataScience/DSProject/venv/lib/python3.10/site-packages/airflow/example_dags/example_params_ui_tutorial.py
[2023-12-17T08:05:41.753+0700] {logging_mixin.py:154} INFO - [2023-12-17T08:05:41.752+0700] {dag.py:2941} INFO - Sync 1 DAGs
[2023-12-17T08:05:41.760+0700] {logging_mixin.py:154} INFO - [2023-12-17T08:05:41.760+0700] {dag.py:3722} INFO - Setting next_dagrun for example_params_ui_tutorial to None, run_after=None
[2023-12-17T08:05:41.777+0700] {processor.py:179} INFO - Processing /home/phuc/Practice/DataScience/DSProject/venv/lib/python3.10/site-packages/airflow/example_dags/example_params_ui_tutorial.py took 0.084 seconds
[2023-12-17T08:06:30.354+0700] {processor.py:157} INFO - Started process (PID=311535) to work on /home/phuc/Practice/DataScience/DSProject/venv/lib/python3.10/site-packages/airflow/example_dags/example_params_ui_tutorial.py
[2023-12-17T08:06:30.361+0700] {processor.py:829} INFO - Processing file /home/phuc/Practice/DataScience/DSProject/venv/lib/python3.10/site-packages/airflow/example_dags/example_params_ui_tutorial.py for tasks to queue
[2023-12-17T08:06:30.361+0700] {logging_mixin.py:154} INFO - [2023-12-17T08:06:30.361+0700] {dagbag.py:536} INFO - Filling up the DagBag from /home/phuc/Practice/DataScience/DSProject/venv/lib/python3.10/site-packages/airflow/example_dags/example_params_ui_tutorial.py
[2023-12-17T08:06:30.383+0700] {processor.py:839} INFO - DAG(s) dict_keys(['example_params_ui_tutorial']) retrieved from /home/phuc/Practice/DataScience/DSProject/venv/lib/python3.10/site-packages/airflow/example_dags/example_params_ui_tutorial.py
[2023-12-17T08:06:30.416+0700] {logging_mixin.py:154} INFO - [2023-12-17T08:06:30.416+0700] {dag.py:2941} INFO - Sync 1 DAGs
[2023-12-17T08:06:30.425+0700] {logging_mixin.py:154} INFO - [2023-12-17T08:06:30.424+0700] {dag.py:3722} INFO - Setting next_dagrun for example_params_ui_tutorial to None, run_after=None
[2023-12-17T08:06:30.440+0700] {processor.py:179} INFO - Processing /home/phuc/Practice/DataScience/DSProject/venv/lib/python3.10/site-packages/airflow/example_dags/example_params_ui_tutorial.py took 0.089 seconds
[2023-12-17T08:07:16.402+0700] {processor.py:157} INFO - Started process (PID=312024) to work on /home/phuc/Practice/DataScience/DSProject/venv/lib/python3.10/site-packages/airflow/example_dags/example_params_ui_tutorial.py
[2023-12-17T08:07:16.407+0700] {processor.py:829} INFO - Processing file /home/phuc/Practice/DataScience/DSProject/venv/lib/python3.10/site-packages/airflow/example_dags/example_params_ui_tutorial.py for tasks to queue
[2023-12-17T08:07:16.408+0700] {logging_mixin.py:154} INFO - [2023-12-17T08:07:16.408+0700] {dagbag.py:536} INFO - Filling up the DagBag from /home/phuc/Practice/DataScience/DSProject/venv/lib/python3.10/site-packages/airflow/example_dags/example_params_ui_tutorial.py
[2023-12-17T08:07:16.436+0700] {processor.py:839} INFO - DAG(s) dict_keys(['example_params_ui_tutorial']) retrieved from /home/phuc/Practice/DataScience/DSProject/venv/lib/python3.10/site-packages/airflow/example_dags/example_params_ui_tutorial.py
[2023-12-17T08:07:16.478+0700] {logging_mixin.py:154} INFO - [2023-12-17T08:07:16.478+0700] {dag.py:2941} INFO - Sync 1 DAGs
[2023-12-17T08:07:16.488+0700] {logging_mixin.py:154} INFO - [2023-12-17T08:07:16.488+0700] {dag.py:3722} INFO - Setting next_dagrun for example_params_ui_tutorial to None, run_after=None
[2023-12-17T08:07:16.506+0700] {processor.py:179} INFO - Processing /home/phuc/Practice/DataScience/DSProject/venv/lib/python3.10/site-packages/airflow/example_dags/example_params_ui_tutorial.py took 0.107 seconds
[2023-12-17T08:08:39.564+0700] {processor.py:157} INFO - Started process (PID=313131) to work on /home/phuc/Practice/DataScience/DSProject/venv/lib/python3.10/site-packages/airflow/example_dags/example_params_ui_tutorial.py
[2023-12-17T08:08:39.565+0700] {processor.py:829} INFO - Processing file /home/phuc/Practice/DataScience/DSProject/venv/lib/python3.10/site-packages/airflow/example_dags/example_params_ui_tutorial.py for tasks to queue
[2023-12-17T08:08:39.567+0700] {logging_mixin.py:154} INFO - [2023-12-17T08:08:39.566+0700] {dagbag.py:536} INFO - Filling up the DagBag from /home/phuc/Practice/DataScience/DSProject/venv/lib/python3.10/site-packages/airflow/example_dags/example_params_ui_tutorial.py
[2023-12-17T08:08:39.586+0700] {processor.py:839} INFO - DAG(s) dict_keys(['example_params_ui_tutorial']) retrieved from /home/phuc/Practice/DataScience/DSProject/venv/lib/python3.10/site-packages/airflow/example_dags/example_params_ui_tutorial.py
[2023-12-17T08:08:39.611+0700] {logging_mixin.py:154} INFO - [2023-12-17T08:08:39.610+0700] {dag.py:2941} INFO - Sync 1 DAGs
[2023-12-17T08:08:39.617+0700] {logging_mixin.py:154} INFO - [2023-12-17T08:08:39.616+0700] {dag.py:3722} INFO - Setting next_dagrun for example_params_ui_tutorial to None, run_after=None
[2023-12-17T08:08:39.628+0700] {processor.py:179} INFO - Processing /home/phuc/Practice/DataScience/DSProject/venv/lib/python3.10/site-packages/airflow/example_dags/example_params_ui_tutorial.py took 0.068 seconds
[2023-12-17T08:09:26.142+0700] {processor.py:157} INFO - Started process (PID=313451) to work on /home/phuc/Practice/DataScience/DSProject/venv/lib/python3.10/site-packages/airflow/example_dags/example_params_ui_tutorial.py
[2023-12-17T08:09:26.149+0700] {processor.py:829} INFO - Processing file /home/phuc/Practice/DataScience/DSProject/venv/lib/python3.10/site-packages/airflow/example_dags/example_params_ui_tutorial.py for tasks to queue
[2023-12-17T08:09:26.151+0700] {logging_mixin.py:154} INFO - [2023-12-17T08:09:26.150+0700] {dagbag.py:536} INFO - Filling up the DagBag from /home/phuc/Practice/DataScience/DSProject/venv/lib/python3.10/site-packages/airflow/example_dags/example_params_ui_tutorial.py
[2023-12-17T08:09:26.170+0700] {processor.py:839} INFO - DAG(s) dict_keys(['example_params_ui_tutorial']) retrieved from /home/phuc/Practice/DataScience/DSProject/venv/lib/python3.10/site-packages/airflow/example_dags/example_params_ui_tutorial.py
[2023-12-17T08:09:26.199+0700] {logging_mixin.py:154} INFO - [2023-12-17T08:09:26.199+0700] {dag.py:2941} INFO - Sync 1 DAGs
[2023-12-17T08:09:26.207+0700] {logging_mixin.py:154} INFO - [2023-12-17T08:09:26.207+0700] {dag.py:3722} INFO - Setting next_dagrun for example_params_ui_tutorial to None, run_after=None
[2023-12-17T08:09:26.221+0700] {processor.py:179} INFO - Processing /home/phuc/Practice/DataScience/DSProject/venv/lib/python3.10/site-packages/airflow/example_dags/example_params_ui_tutorial.py took 0.081 seconds
[2023-12-17T08:10:13.085+0700] {processor.py:157} INFO - Started process (PID=313816) to work on /home/phuc/Practice/DataScience/DSProject/venv/lib/python3.10/site-packages/airflow/example_dags/example_params_ui_tutorial.py
[2023-12-17T08:10:13.092+0700] {processor.py:829} INFO - Processing file /home/phuc/Practice/DataScience/DSProject/venv/lib/python3.10/site-packages/airflow/example_dags/example_params_ui_tutorial.py for tasks to queue
[2023-12-17T08:10:13.093+0700] {logging_mixin.py:154} INFO - [2023-12-17T08:10:13.092+0700] {dagbag.py:536} INFO - Filling up the DagBag from /home/phuc/Practice/DataScience/DSProject/venv/lib/python3.10/site-packages/airflow/example_dags/example_params_ui_tutorial.py
[2023-12-17T08:10:13.118+0700] {processor.py:839} INFO - DAG(s) dict_keys(['example_params_ui_tutorial']) retrieved from /home/phuc/Practice/DataScience/DSProject/venv/lib/python3.10/site-packages/airflow/example_dags/example_params_ui_tutorial.py
[2023-12-17T08:10:13.143+0700] {logging_mixin.py:154} INFO - [2023-12-17T08:10:13.143+0700] {dag.py:2941} INFO - Sync 1 DAGs
[2023-12-17T08:10:13.149+0700] {logging_mixin.py:154} INFO - [2023-12-17T08:10:13.149+0700] {dag.py:3722} INFO - Setting next_dagrun for example_params_ui_tutorial to None, run_after=None
[2023-12-17T08:10:13.160+0700] {processor.py:179} INFO - Processing /home/phuc/Practice/DataScience/DSProject/venv/lib/python3.10/site-packages/airflow/example_dags/example_params_ui_tutorial.py took 0.079 seconds
[2023-12-17T08:11:04.291+0700] {processor.py:157} INFO - Started process (PID=314033) to work on /home/phuc/Practice/DataScience/DSProject/venv/lib/python3.10/site-packages/airflow/example_dags/example_params_ui_tutorial.py
[2023-12-17T08:11:04.298+0700] {processor.py:829} INFO - Processing file /home/phuc/Practice/DataScience/DSProject/venv/lib/python3.10/site-packages/airflow/example_dags/example_params_ui_tutorial.py for tasks to queue
[2023-12-17T08:11:04.299+0700] {logging_mixin.py:154} INFO - [2023-12-17T08:11:04.299+0700] {dagbag.py:536} INFO - Filling up the DagBag from /home/phuc/Practice/DataScience/DSProject/venv/lib/python3.10/site-packages/airflow/example_dags/example_params_ui_tutorial.py
[2023-12-17T08:11:04.323+0700] {processor.py:839} INFO - DAG(s) dict_keys(['example_params_ui_tutorial']) retrieved from /home/phuc/Practice/DataScience/DSProject/venv/lib/python3.10/site-packages/airflow/example_dags/example_params_ui_tutorial.py
[2023-12-17T08:11:04.349+0700] {logging_mixin.py:154} INFO - [2023-12-17T08:11:04.349+0700] {dag.py:2941} INFO - Sync 1 DAGs
[2023-12-17T08:11:04.355+0700] {logging_mixin.py:154} INFO - [2023-12-17T08:11:04.354+0700] {dag.py:3722} INFO - Setting next_dagrun for example_params_ui_tutorial to None, run_after=None
[2023-12-17T08:11:04.366+0700] {processor.py:179} INFO - Processing /home/phuc/Practice/DataScience/DSProject/venv/lib/python3.10/site-packages/airflow/example_dags/example_params_ui_tutorial.py took 0.078 seconds
[2023-12-17T08:11:52.405+0700] {processor.py:157} INFO - Started process (PID=314264) to work on /home/phuc/Practice/DataScience/DSProject/venv/lib/python3.10/site-packages/airflow/example_dags/example_params_ui_tutorial.py
[2023-12-17T08:11:52.412+0700] {processor.py:829} INFO - Processing file /home/phuc/Practice/DataScience/DSProject/venv/lib/python3.10/site-packages/airflow/example_dags/example_params_ui_tutorial.py for tasks to queue
[2023-12-17T08:11:52.413+0700] {logging_mixin.py:154} INFO - [2023-12-17T08:11:52.413+0700] {dagbag.py:536} INFO - Filling up the DagBag from /home/phuc/Practice/DataScience/DSProject/venv/lib/python3.10/site-packages/airflow/example_dags/example_params_ui_tutorial.py
[2023-12-17T08:11:52.438+0700] {processor.py:839} INFO - DAG(s) dict_keys(['example_params_ui_tutorial']) retrieved from /home/phuc/Practice/DataScience/DSProject/venv/lib/python3.10/site-packages/airflow/example_dags/example_params_ui_tutorial.py
[2023-12-17T08:11:52.463+0700] {logging_mixin.py:154} INFO - [2023-12-17T08:11:52.463+0700] {dag.py:2941} INFO - Sync 1 DAGs
[2023-12-17T08:11:52.469+0700] {logging_mixin.py:154} INFO - [2023-12-17T08:11:52.469+0700] {dag.py:3722} INFO - Setting next_dagrun for example_params_ui_tutorial to None, run_after=None
[2023-12-17T08:11:52.481+0700] {processor.py:179} INFO - Processing /home/phuc/Practice/DataScience/DSProject/venv/lib/python3.10/site-packages/airflow/example_dags/example_params_ui_tutorial.py took 0.079 seconds
[2023-12-17T08:12:44.414+0700] {processor.py:157} INFO - Started process (PID=314502) to work on /home/phuc/Practice/DataScience/DSProject/venv/lib/python3.10/site-packages/airflow/example_dags/example_params_ui_tutorial.py
[2023-12-17T08:12:44.421+0700] {processor.py:829} INFO - Processing file /home/phuc/Practice/DataScience/DSProject/venv/lib/python3.10/site-packages/airflow/example_dags/example_params_ui_tutorial.py for tasks to queue
[2023-12-17T08:12:44.422+0700] {logging_mixin.py:154} INFO - [2023-12-17T08:12:44.422+0700] {dagbag.py:536} INFO - Filling up the DagBag from /home/phuc/Practice/DataScience/DSProject/venv/lib/python3.10/site-packages/airflow/example_dags/example_params_ui_tutorial.py
[2023-12-17T08:12:44.443+0700] {processor.py:839} INFO - DAG(s) dict_keys(['example_params_ui_tutorial']) retrieved from /home/phuc/Practice/DataScience/DSProject/venv/lib/python3.10/site-packages/airflow/example_dags/example_params_ui_tutorial.py
[2023-12-17T08:12:44.468+0700] {logging_mixin.py:154} INFO - [2023-12-17T08:12:44.468+0700] {dag.py:2941} INFO - Sync 1 DAGs
[2023-12-17T08:12:44.474+0700] {logging_mixin.py:154} INFO - [2023-12-17T08:12:44.474+0700] {dag.py:3722} INFO - Setting next_dagrun for example_params_ui_tutorial to None, run_after=None
[2023-12-17T08:12:44.486+0700] {processor.py:179} INFO - Processing /home/phuc/Practice/DataScience/DSProject/venv/lib/python3.10/site-packages/airflow/example_dags/example_params_ui_tutorial.py took 0.074 seconds
[2023-12-17T08:13:28.456+0700] {processor.py:157} INFO - Started process (PID=314759) to work on /home/phuc/Practice/DataScience/DSProject/venv/lib/python3.10/site-packages/airflow/example_dags/example_params_ui_tutorial.py
[2023-12-17T08:13:28.463+0700] {processor.py:829} INFO - Processing file /home/phuc/Practice/DataScience/DSProject/venv/lib/python3.10/site-packages/airflow/example_dags/example_params_ui_tutorial.py for tasks to queue
[2023-12-17T08:13:28.464+0700] {logging_mixin.py:154} INFO - [2023-12-17T08:13:28.463+0700] {dagbag.py:536} INFO - Filling up the DagBag from /home/phuc/Practice/DataScience/DSProject/venv/lib/python3.10/site-packages/airflow/example_dags/example_params_ui_tutorial.py
[2023-12-17T08:13:28.482+0700] {processor.py:839} INFO - DAG(s) dict_keys(['example_params_ui_tutorial']) retrieved from /home/phuc/Practice/DataScience/DSProject/venv/lib/python3.10/site-packages/airflow/example_dags/example_params_ui_tutorial.py
[2023-12-17T08:13:28.510+0700] {logging_mixin.py:154} INFO - [2023-12-17T08:13:28.510+0700] {dag.py:2941} INFO - Sync 1 DAGs
[2023-12-17T08:13:28.517+0700] {logging_mixin.py:154} INFO - [2023-12-17T08:13:28.517+0700] {dag.py:3722} INFO - Setting next_dagrun for example_params_ui_tutorial to None, run_after=None
[2023-12-17T08:13:28.530+0700] {processor.py:179} INFO - Processing /home/phuc/Practice/DataScience/DSProject/venv/lib/python3.10/site-packages/airflow/example_dags/example_params_ui_tutorial.py took 0.076 seconds
[2023-12-17T08:14:18.727+0700] {processor.py:157} INFO - Started process (PID=314981) to work on /home/phuc/Practice/DataScience/DSProject/venv/lib/python3.10/site-packages/airflow/example_dags/example_params_ui_tutorial.py
[2023-12-17T08:14:18.734+0700] {processor.py:829} INFO - Processing file /home/phuc/Practice/DataScience/DSProject/venv/lib/python3.10/site-packages/airflow/example_dags/example_params_ui_tutorial.py for tasks to queue
[2023-12-17T08:14:18.735+0700] {logging_mixin.py:154} INFO - [2023-12-17T08:14:18.735+0700] {dagbag.py:536} INFO - Filling up the DagBag from /home/phuc/Practice/DataScience/DSProject/venv/lib/python3.10/site-packages/airflow/example_dags/example_params_ui_tutorial.py
[2023-12-17T08:14:18.760+0700] {processor.py:839} INFO - DAG(s) dict_keys(['example_params_ui_tutorial']) retrieved from /home/phuc/Practice/DataScience/DSProject/venv/lib/python3.10/site-packages/airflow/example_dags/example_params_ui_tutorial.py
[2023-12-17T08:14:18.785+0700] {logging_mixin.py:154} INFO - [2023-12-17T08:14:18.785+0700] {dag.py:2941} INFO - Sync 1 DAGs
[2023-12-17T08:14:18.791+0700] {logging_mixin.py:154} INFO - [2023-12-17T08:14:18.791+0700] {dag.py:3722} INFO - Setting next_dagrun for example_params_ui_tutorial to None, run_after=None
[2023-12-17T08:14:18.803+0700] {processor.py:179} INFO - Processing /home/phuc/Practice/DataScience/DSProject/venv/lib/python3.10/site-packages/airflow/example_dags/example_params_ui_tutorial.py took 0.079 seconds
[2023-12-17T08:15:14.109+0700] {processor.py:157} INFO - Started process (PID=315229) to work on /home/phuc/Practice/DataScience/DSProject/venv/lib/python3.10/site-packages/airflow/example_dags/example_params_ui_tutorial.py
[2023-12-17T08:15:14.116+0700] {processor.py:829} INFO - Processing file /home/phuc/Practice/DataScience/DSProject/venv/lib/python3.10/site-packages/airflow/example_dags/example_params_ui_tutorial.py for tasks to queue
[2023-12-17T08:15:14.117+0700] {logging_mixin.py:154} INFO - [2023-12-17T08:15:14.117+0700] {dagbag.py:536} INFO - Filling up the DagBag from /home/phuc/Practice/DataScience/DSProject/venv/lib/python3.10/site-packages/airflow/example_dags/example_params_ui_tutorial.py
[2023-12-17T08:15:14.139+0700] {processor.py:839} INFO - DAG(s) dict_keys(['example_params_ui_tutorial']) retrieved from /home/phuc/Practice/DataScience/DSProject/venv/lib/python3.10/site-packages/airflow/example_dags/example_params_ui_tutorial.py
[2023-12-17T08:15:14.164+0700] {logging_mixin.py:154} INFO - [2023-12-17T08:15:14.164+0700] {dag.py:2941} INFO - Sync 1 DAGs
[2023-12-17T08:15:14.170+0700] {logging_mixin.py:154} INFO - [2023-12-17T08:15:14.170+0700] {dag.py:3722} INFO - Setting next_dagrun for example_params_ui_tutorial to None, run_after=None
[2023-12-17T08:15:14.182+0700] {processor.py:179} INFO - Processing /home/phuc/Practice/DataScience/DSProject/venv/lib/python3.10/site-packages/airflow/example_dags/example_params_ui_tutorial.py took 0.076 seconds
[2023-12-17T08:16:04.714+0700] {processor.py:157} INFO - Started process (PID=315513) to work on /home/phuc/Practice/DataScience/DSProject/venv/lib/python3.10/site-packages/airflow/example_dags/example_params_ui_tutorial.py
[2023-12-17T08:16:04.721+0700] {processor.py:829} INFO - Processing file /home/phuc/Practice/DataScience/DSProject/venv/lib/python3.10/site-packages/airflow/example_dags/example_params_ui_tutorial.py for tasks to queue
[2023-12-17T08:16:04.723+0700] {logging_mixin.py:154} INFO - [2023-12-17T08:16:04.722+0700] {dagbag.py:536} INFO - Filling up the DagBag from /home/phuc/Practice/DataScience/DSProject/venv/lib/python3.10/site-packages/airflow/example_dags/example_params_ui_tutorial.py
[2023-12-17T08:16:04.746+0700] {processor.py:839} INFO - DAG(s) dict_keys(['example_params_ui_tutorial']) retrieved from /home/phuc/Practice/DataScience/DSProject/venv/lib/python3.10/site-packages/airflow/example_dags/example_params_ui_tutorial.py
[2023-12-17T08:16:04.771+0700] {logging_mixin.py:154} INFO - [2023-12-17T08:16:04.771+0700] {dag.py:2941} INFO - Sync 1 DAGs
[2023-12-17T08:16:04.780+0700] {logging_mixin.py:154} INFO - [2023-12-17T08:16:04.780+0700] {dag.py:3722} INFO - Setting next_dagrun for example_params_ui_tutorial to None, run_after=None
[2023-12-17T08:16:04.799+0700] {processor.py:179} INFO - Processing /home/phuc/Practice/DataScience/DSProject/venv/lib/python3.10/site-packages/airflow/example_dags/example_params_ui_tutorial.py took 0.088 seconds
[2023-12-17T08:17:58.632+0700] {processor.py:157} INFO - Started process (PID=316436) to work on /home/phuc/Practice/DataScience/DSProject/venv/lib/python3.10/site-packages/airflow/example_dags/example_params_ui_tutorial.py
[2023-12-17T08:17:58.639+0700] {processor.py:829} INFO - Processing file /home/phuc/Practice/DataScience/DSProject/venv/lib/python3.10/site-packages/airflow/example_dags/example_params_ui_tutorial.py for tasks to queue
[2023-12-17T08:17:58.640+0700] {logging_mixin.py:154} INFO - [2023-12-17T08:17:58.640+0700] {dagbag.py:536} INFO - Filling up the DagBag from /home/phuc/Practice/DataScience/DSProject/venv/lib/python3.10/site-packages/airflow/example_dags/example_params_ui_tutorial.py
[2023-12-17T08:17:58.665+0700] {processor.py:839} INFO - DAG(s) dict_keys(['example_params_ui_tutorial']) retrieved from /home/phuc/Practice/DataScience/DSProject/venv/lib/python3.10/site-packages/airflow/example_dags/example_params_ui_tutorial.py
[2023-12-17T08:17:58.691+0700] {logging_mixin.py:154} INFO - [2023-12-17T08:17:58.690+0700] {dag.py:2941} INFO - Sync 1 DAGs
[2023-12-17T08:17:58.697+0700] {logging_mixin.py:154} INFO - [2023-12-17T08:17:58.697+0700] {dag.py:3722} INFO - Setting next_dagrun for example_params_ui_tutorial to None, run_after=None
[2023-12-17T08:17:58.711+0700] {processor.py:179} INFO - Processing /home/phuc/Practice/DataScience/DSProject/venv/lib/python3.10/site-packages/airflow/example_dags/example_params_ui_tutorial.py took 0.082 seconds
[2023-12-17T08:18:45.048+0700] {processor.py:157} INFO - Started process (PID=316764) to work on /home/phuc/Practice/DataScience/DSProject/venv/lib/python3.10/site-packages/airflow/example_dags/example_params_ui_tutorial.py
[2023-12-17T08:18:45.056+0700] {processor.py:829} INFO - Processing file /home/phuc/Practice/DataScience/DSProject/venv/lib/python3.10/site-packages/airflow/example_dags/example_params_ui_tutorial.py for tasks to queue
[2023-12-17T08:18:45.057+0700] {logging_mixin.py:154} INFO - [2023-12-17T08:18:45.056+0700] {dagbag.py:536} INFO - Filling up the DagBag from /home/phuc/Practice/DataScience/DSProject/venv/lib/python3.10/site-packages/airflow/example_dags/example_params_ui_tutorial.py
[2023-12-17T08:18:45.082+0700] {processor.py:839} INFO - DAG(s) dict_keys(['example_params_ui_tutorial']) retrieved from /home/phuc/Practice/DataScience/DSProject/venv/lib/python3.10/site-packages/airflow/example_dags/example_params_ui_tutorial.py
[2023-12-17T08:18:45.108+0700] {logging_mixin.py:154} INFO - [2023-12-17T08:18:45.108+0700] {dag.py:2941} INFO - Sync 1 DAGs
[2023-12-17T08:18:45.115+0700] {logging_mixin.py:154} INFO - [2023-12-17T08:18:45.115+0700] {dag.py:3722} INFO - Setting next_dagrun for example_params_ui_tutorial to None, run_after=None
[2023-12-17T08:18:45.128+0700] {processor.py:179} INFO - Processing /home/phuc/Practice/DataScience/DSProject/venv/lib/python3.10/site-packages/airflow/example_dags/example_params_ui_tutorial.py took 0.084 seconds
[2023-12-17T08:19:36.044+0700] {processor.py:157} INFO - Started process (PID=317285) to work on /home/phuc/Practice/DataScience/DSProject/venv/lib/python3.10/site-packages/airflow/example_dags/example_params_ui_tutorial.py
[2023-12-17T08:19:36.051+0700] {processor.py:829} INFO - Processing file /home/phuc/Practice/DataScience/DSProject/venv/lib/python3.10/site-packages/airflow/example_dags/example_params_ui_tutorial.py for tasks to queue
[2023-12-17T08:19:36.052+0700] {logging_mixin.py:154} INFO - [2023-12-17T08:19:36.051+0700] {dagbag.py:536} INFO - Filling up the DagBag from /home/phuc/Practice/DataScience/DSProject/venv/lib/python3.10/site-packages/airflow/example_dags/example_params_ui_tutorial.py
[2023-12-17T08:19:36.079+0700] {processor.py:839} INFO - DAG(s) dict_keys(['example_params_ui_tutorial']) retrieved from /home/phuc/Practice/DataScience/DSProject/venv/lib/python3.10/site-packages/airflow/example_dags/example_params_ui_tutorial.py
[2023-12-17T08:19:36.114+0700] {logging_mixin.py:154} INFO - [2023-12-17T08:19:36.114+0700] {dag.py:2941} INFO - Sync 1 DAGs
[2023-12-17T08:19:36.122+0700] {logging_mixin.py:154} INFO - [2023-12-17T08:19:36.122+0700] {dag.py:3722} INFO - Setting next_dagrun for example_params_ui_tutorial to None, run_after=None
[2023-12-17T08:19:36.138+0700] {processor.py:179} INFO - Processing /home/phuc/Practice/DataScience/DSProject/venv/lib/python3.10/site-packages/airflow/example_dags/example_params_ui_tutorial.py took 0.096 seconds
[2023-12-17T08:20:25.693+0700] {processor.py:157} INFO - Started process (PID=317812) to work on /home/phuc/Practice/DataScience/DSProject/venv/lib/python3.10/site-packages/airflow/example_dags/example_params_ui_tutorial.py
[2023-12-17T08:20:25.700+0700] {processor.py:829} INFO - Processing file /home/phuc/Practice/DataScience/DSProject/venv/lib/python3.10/site-packages/airflow/example_dags/example_params_ui_tutorial.py for tasks to queue
[2023-12-17T08:20:25.701+0700] {logging_mixin.py:154} INFO - [2023-12-17T08:20:25.701+0700] {dagbag.py:536} INFO - Filling up the DagBag from /home/phuc/Practice/DataScience/DSProject/venv/lib/python3.10/site-packages/airflow/example_dags/example_params_ui_tutorial.py
[2023-12-17T08:20:25.723+0700] {processor.py:839} INFO - DAG(s) dict_keys(['example_params_ui_tutorial']) retrieved from /home/phuc/Practice/DataScience/DSProject/venv/lib/python3.10/site-packages/airflow/example_dags/example_params_ui_tutorial.py
[2023-12-17T08:20:25.756+0700] {logging_mixin.py:154} INFO - [2023-12-17T08:20:25.755+0700] {dag.py:2941} INFO - Sync 1 DAGs
[2023-12-17T08:20:25.764+0700] {logging_mixin.py:154} INFO - [2023-12-17T08:20:25.763+0700] {dag.py:3722} INFO - Setting next_dagrun for example_params_ui_tutorial to None, run_after=None
[2023-12-17T08:20:25.779+0700] {processor.py:179} INFO - Processing /home/phuc/Practice/DataScience/DSProject/venv/lib/python3.10/site-packages/airflow/example_dags/example_params_ui_tutorial.py took 0.087 seconds
[2023-12-17T08:22:55.762+0700] {processor.py:157} INFO - Started process (PID=319173) to work on /home/phuc/Practice/DataScience/DSProject/venv/lib/python3.10/site-packages/airflow/example_dags/example_params_ui_tutorial.py
[2023-12-17T08:22:55.769+0700] {processor.py:829} INFO - Processing file /home/phuc/Practice/DataScience/DSProject/venv/lib/python3.10/site-packages/airflow/example_dags/example_params_ui_tutorial.py for tasks to queue
[2023-12-17T08:22:55.770+0700] {logging_mixin.py:154} INFO - [2023-12-17T08:22:55.769+0700] {dagbag.py:536} INFO - Filling up the DagBag from /home/phuc/Practice/DataScience/DSProject/venv/lib/python3.10/site-packages/airflow/example_dags/example_params_ui_tutorial.py
[2023-12-17T08:22:55.794+0700] {processor.py:839} INFO - DAG(s) dict_keys(['example_params_ui_tutorial']) retrieved from /home/phuc/Practice/DataScience/DSProject/venv/lib/python3.10/site-packages/airflow/example_dags/example_params_ui_tutorial.py
[2023-12-17T08:22:55.826+0700] {logging_mixin.py:154} INFO - [2023-12-17T08:22:55.826+0700] {dag.py:2941} INFO - Sync 1 DAGs
[2023-12-17T08:22:55.834+0700] {logging_mixin.py:154} INFO - [2023-12-17T08:22:55.834+0700] {dag.py:3722} INFO - Setting next_dagrun for example_params_ui_tutorial to None, run_after=None
[2023-12-17T08:22:55.849+0700] {processor.py:179} INFO - Processing /home/phuc/Practice/DataScience/DSProject/venv/lib/python3.10/site-packages/airflow/example_dags/example_params_ui_tutorial.py took 0.090 seconds
[2023-12-17T08:23:45.094+0700] {processor.py:157} INFO - Started process (PID=319575) to work on /home/phuc/Practice/DataScience/DSProject/venv/lib/python3.10/site-packages/airflow/example_dags/example_params_ui_tutorial.py
[2023-12-17T08:23:45.100+0700] {processor.py:829} INFO - Processing file /home/phuc/Practice/DataScience/DSProject/venv/lib/python3.10/site-packages/airflow/example_dags/example_params_ui_tutorial.py for tasks to queue
[2023-12-17T08:23:45.102+0700] {logging_mixin.py:154} INFO - [2023-12-17T08:23:45.101+0700] {dagbag.py:536} INFO - Filling up the DagBag from /home/phuc/Practice/DataScience/DSProject/venv/lib/python3.10/site-packages/airflow/example_dags/example_params_ui_tutorial.py
[2023-12-17T08:23:45.127+0700] {processor.py:839} INFO - DAG(s) dict_keys(['example_params_ui_tutorial']) retrieved from /home/phuc/Practice/DataScience/DSProject/venv/lib/python3.10/site-packages/airflow/example_dags/example_params_ui_tutorial.py
[2023-12-17T08:23:45.154+0700] {logging_mixin.py:154} INFO - [2023-12-17T08:23:45.153+0700] {dag.py:2941} INFO - Sync 1 DAGs
[2023-12-17T08:23:45.160+0700] {logging_mixin.py:154} INFO - [2023-12-17T08:23:45.160+0700] {dag.py:3722} INFO - Setting next_dagrun for example_params_ui_tutorial to None, run_after=None
[2023-12-17T08:23:45.173+0700] {processor.py:179} INFO - Processing /home/phuc/Practice/DataScience/DSProject/venv/lib/python3.10/site-packages/airflow/example_dags/example_params_ui_tutorial.py took 0.083 seconds
[2023-12-17T08:24:31.274+0700] {processor.py:157} INFO - Started process (PID=319852) to work on /home/phuc/Practice/DataScience/DSProject/venv/lib/python3.10/site-packages/airflow/example_dags/example_params_ui_tutorial.py
[2023-12-17T08:24:31.281+0700] {processor.py:829} INFO - Processing file /home/phuc/Practice/DataScience/DSProject/venv/lib/python3.10/site-packages/airflow/example_dags/example_params_ui_tutorial.py for tasks to queue
[2023-12-17T08:24:31.282+0700] {logging_mixin.py:154} INFO - [2023-12-17T08:24:31.282+0700] {dagbag.py:536} INFO - Filling up the DagBag from /home/phuc/Practice/DataScience/DSProject/venv/lib/python3.10/site-packages/airflow/example_dags/example_params_ui_tutorial.py
[2023-12-17T08:24:31.308+0700] {processor.py:839} INFO - DAG(s) dict_keys(['example_params_ui_tutorial']) retrieved from /home/phuc/Practice/DataScience/DSProject/venv/lib/python3.10/site-packages/airflow/example_dags/example_params_ui_tutorial.py
[2023-12-17T08:24:31.333+0700] {logging_mixin.py:154} INFO - [2023-12-17T08:24:31.333+0700] {dag.py:2941} INFO - Sync 1 DAGs
[2023-12-17T08:24:31.339+0700] {logging_mixin.py:154} INFO - [2023-12-17T08:24:31.339+0700] {dag.py:3722} INFO - Setting next_dagrun for example_params_ui_tutorial to None, run_after=None
[2023-12-17T08:24:31.351+0700] {processor.py:179} INFO - Processing /home/phuc/Practice/DataScience/DSProject/venv/lib/python3.10/site-packages/airflow/example_dags/example_params_ui_tutorial.py took 0.080 seconds
[2023-12-17T08:25:25.291+0700] {processor.py:157} INFO - Started process (PID=320078) to work on /home/phuc/Practice/DataScience/DSProject/venv/lib/python3.10/site-packages/airflow/example_dags/example_params_ui_tutorial.py
[2023-12-17T08:25:25.299+0700] {processor.py:829} INFO - Processing file /home/phuc/Practice/DataScience/DSProject/venv/lib/python3.10/site-packages/airflow/example_dags/example_params_ui_tutorial.py for tasks to queue
[2023-12-17T08:25:25.300+0700] {logging_mixin.py:154} INFO - [2023-12-17T08:25:25.299+0700] {dagbag.py:536} INFO - Filling up the DagBag from /home/phuc/Practice/DataScience/DSProject/venv/lib/python3.10/site-packages/airflow/example_dags/example_params_ui_tutorial.py
[2023-12-17T08:25:25.325+0700] {processor.py:839} INFO - DAG(s) dict_keys(['example_params_ui_tutorial']) retrieved from /home/phuc/Practice/DataScience/DSProject/venv/lib/python3.10/site-packages/airflow/example_dags/example_params_ui_tutorial.py
[2023-12-17T08:25:25.350+0700] {logging_mixin.py:154} INFO - [2023-12-17T08:25:25.350+0700] {dag.py:2941} INFO - Sync 1 DAGs
[2023-12-17T08:25:25.356+0700] {logging_mixin.py:154} INFO - [2023-12-17T08:25:25.356+0700] {dag.py:3722} INFO - Setting next_dagrun for example_params_ui_tutorial to None, run_after=None
[2023-12-17T08:25:25.368+0700] {processor.py:179} INFO - Processing /home/phuc/Practice/DataScience/DSProject/venv/lib/python3.10/site-packages/airflow/example_dags/example_params_ui_tutorial.py took 0.080 seconds
[2023-12-17T08:26:12.795+0700] {processor.py:157} INFO - Started process (PID=320298) to work on /home/phuc/Practice/DataScience/DSProject/venv/lib/python3.10/site-packages/airflow/example_dags/example_params_ui_tutorial.py
[2023-12-17T08:26:12.795+0700] {processor.py:829} INFO - Processing file /home/phuc/Practice/DataScience/DSProject/venv/lib/python3.10/site-packages/airflow/example_dags/example_params_ui_tutorial.py for tasks to queue
[2023-12-17T08:26:12.796+0700] {logging_mixin.py:154} INFO - [2023-12-17T08:26:12.796+0700] {dagbag.py:536} INFO - Filling up the DagBag from /home/phuc/Practice/DataScience/DSProject/venv/lib/python3.10/site-packages/airflow/example_dags/example_params_ui_tutorial.py
[2023-12-17T08:26:12.813+0700] {processor.py:839} INFO - DAG(s) dict_keys(['example_params_ui_tutorial']) retrieved from /home/phuc/Practice/DataScience/DSProject/venv/lib/python3.10/site-packages/airflow/example_dags/example_params_ui_tutorial.py
[2023-12-17T08:26:12.838+0700] {logging_mixin.py:154} INFO - [2023-12-17T08:26:12.838+0700] {dag.py:2941} INFO - Sync 1 DAGs
[2023-12-17T08:26:12.844+0700] {logging_mixin.py:154} INFO - [2023-12-17T08:26:12.844+0700] {dag.py:3722} INFO - Setting next_dagrun for example_params_ui_tutorial to None, run_after=None
[2023-12-17T08:26:12.855+0700] {processor.py:179} INFO - Processing /home/phuc/Practice/DataScience/DSProject/venv/lib/python3.10/site-packages/airflow/example_dags/example_params_ui_tutorial.py took 0.064 seconds
[2023-12-17T08:27:05.019+0700] {processor.py:157} INFO - Started process (PID=320603) to work on /home/phuc/Practice/DataScience/DSProject/venv/lib/python3.10/site-packages/airflow/example_dags/example_params_ui_tutorial.py
[2023-12-17T08:27:05.026+0700] {processor.py:829} INFO - Processing file /home/phuc/Practice/DataScience/DSProject/venv/lib/python3.10/site-packages/airflow/example_dags/example_params_ui_tutorial.py for tasks to queue
[2023-12-17T08:27:05.028+0700] {logging_mixin.py:154} INFO - [2023-12-17T08:27:05.027+0700] {dagbag.py:536} INFO - Filling up the DagBag from /home/phuc/Practice/DataScience/DSProject/venv/lib/python3.10/site-packages/airflow/example_dags/example_params_ui_tutorial.py
[2023-12-17T08:27:05.052+0700] {processor.py:839} INFO - DAG(s) dict_keys(['example_params_ui_tutorial']) retrieved from /home/phuc/Practice/DataScience/DSProject/venv/lib/python3.10/site-packages/airflow/example_dags/example_params_ui_tutorial.py
[2023-12-17T08:27:05.076+0700] {logging_mixin.py:154} INFO - [2023-12-17T08:27:05.076+0700] {dag.py:2941} INFO - Sync 1 DAGs
[2023-12-17T08:27:05.083+0700] {logging_mixin.py:154} INFO - [2023-12-17T08:27:05.083+0700] {dag.py:3722} INFO - Setting next_dagrun for example_params_ui_tutorial to None, run_after=None
[2023-12-17T08:27:05.094+0700] {processor.py:179} INFO - Processing /home/phuc/Practice/DataScience/DSProject/venv/lib/python3.10/site-packages/airflow/example_dags/example_params_ui_tutorial.py took 0.078 seconds
[2023-12-17T08:27:55.671+0700] {processor.py:157} INFO - Started process (PID=320825) to work on /home/phuc/Practice/DataScience/DSProject/venv/lib/python3.10/site-packages/airflow/example_dags/example_params_ui_tutorial.py
[2023-12-17T08:27:55.678+0700] {processor.py:829} INFO - Processing file /home/phuc/Practice/DataScience/DSProject/venv/lib/python3.10/site-packages/airflow/example_dags/example_params_ui_tutorial.py for tasks to queue
[2023-12-17T08:27:55.679+0700] {logging_mixin.py:154} INFO - [2023-12-17T08:27:55.678+0700] {dagbag.py:536} INFO - Filling up the DagBag from /home/phuc/Practice/DataScience/DSProject/venv/lib/python3.10/site-packages/airflow/example_dags/example_params_ui_tutorial.py
[2023-12-17T08:27:55.704+0700] {processor.py:839} INFO - DAG(s) dict_keys(['example_params_ui_tutorial']) retrieved from /home/phuc/Practice/DataScience/DSProject/venv/lib/python3.10/site-packages/airflow/example_dags/example_params_ui_tutorial.py
[2023-12-17T08:27:55.728+0700] {logging_mixin.py:154} INFO - [2023-12-17T08:27:55.728+0700] {dag.py:2941} INFO - Sync 1 DAGs
[2023-12-17T08:27:55.734+0700] {logging_mixin.py:154} INFO - [2023-12-17T08:27:55.734+0700] {dag.py:3722} INFO - Setting next_dagrun for example_params_ui_tutorial to None, run_after=None
[2023-12-17T08:27:55.745+0700] {processor.py:179} INFO - Processing /home/phuc/Practice/DataScience/DSProject/venv/lib/python3.10/site-packages/airflow/example_dags/example_params_ui_tutorial.py took 0.077 seconds
[2023-12-17T08:28:43.105+0700] {processor.py:157} INFO - Started process (PID=321025) to work on /home/phuc/Practice/DataScience/DSProject/venv/lib/python3.10/site-packages/airflow/example_dags/example_params_ui_tutorial.py
[2023-12-17T08:28:43.112+0700] {processor.py:829} INFO - Processing file /home/phuc/Practice/DataScience/DSProject/venv/lib/python3.10/site-packages/airflow/example_dags/example_params_ui_tutorial.py for tasks to queue
[2023-12-17T08:28:43.114+0700] {logging_mixin.py:154} INFO - [2023-12-17T08:28:43.113+0700] {dagbag.py:536} INFO - Filling up the DagBag from /home/phuc/Practice/DataScience/DSProject/venv/lib/python3.10/site-packages/airflow/example_dags/example_params_ui_tutorial.py
[2023-12-17T08:28:43.139+0700] {processor.py:839} INFO - DAG(s) dict_keys(['example_params_ui_tutorial']) retrieved from /home/phuc/Practice/DataScience/DSProject/venv/lib/python3.10/site-packages/airflow/example_dags/example_params_ui_tutorial.py
[2023-12-17T08:28:43.163+0700] {logging_mixin.py:154} INFO - [2023-12-17T08:28:43.163+0700] {dag.py:2941} INFO - Sync 1 DAGs
[2023-12-17T08:28:43.169+0700] {logging_mixin.py:154} INFO - [2023-12-17T08:28:43.169+0700] {dag.py:3722} INFO - Setting next_dagrun for example_params_ui_tutorial to None, run_after=None
[2023-12-17T08:28:43.181+0700] {processor.py:179} INFO - Processing /home/phuc/Practice/DataScience/DSProject/venv/lib/python3.10/site-packages/airflow/example_dags/example_params_ui_tutorial.py took 0.079 seconds
[2023-12-17T08:29:33.060+0700] {processor.py:157} INFO - Started process (PID=321252) to work on /home/phuc/Practice/DataScience/DSProject/venv/lib/python3.10/site-packages/airflow/example_dags/example_params_ui_tutorial.py
[2023-12-17T08:29:33.067+0700] {processor.py:829} INFO - Processing file /home/phuc/Practice/DataScience/DSProject/venv/lib/python3.10/site-packages/airflow/example_dags/example_params_ui_tutorial.py for tasks to queue
[2023-12-17T08:29:33.068+0700] {logging_mixin.py:154} INFO - [2023-12-17T08:29:33.068+0700] {dagbag.py:536} INFO - Filling up the DagBag from /home/phuc/Practice/DataScience/DSProject/venv/lib/python3.10/site-packages/airflow/example_dags/example_params_ui_tutorial.py
[2023-12-17T08:29:33.091+0700] {processor.py:839} INFO - DAG(s) dict_keys(['example_params_ui_tutorial']) retrieved from /home/phuc/Practice/DataScience/DSProject/venv/lib/python3.10/site-packages/airflow/example_dags/example_params_ui_tutorial.py
[2023-12-17T08:29:33.112+0700] {logging_mixin.py:154} INFO - [2023-12-17T08:29:33.112+0700] {dag.py:2941} INFO - Sync 1 DAGs
[2023-12-17T08:29:33.117+0700] {logging_mixin.py:154} INFO - [2023-12-17T08:29:33.117+0700] {dag.py:3722} INFO - Setting next_dagrun for example_params_ui_tutorial to None, run_after=None
[2023-12-17T08:29:33.127+0700] {processor.py:179} INFO - Processing /home/phuc/Practice/DataScience/DSProject/venv/lib/python3.10/site-packages/airflow/example_dags/example_params_ui_tutorial.py took 0.070 seconds
[2023-12-17T08:30:23.298+0700] {processor.py:157} INFO - Started process (PID=321492) to work on /home/phuc/Practice/DataScience/DSProject/venv/lib/python3.10/site-packages/airflow/example_dags/example_params_ui_tutorial.py
[2023-12-17T08:30:23.305+0700] {processor.py:829} INFO - Processing file /home/phuc/Practice/DataScience/DSProject/venv/lib/python3.10/site-packages/airflow/example_dags/example_params_ui_tutorial.py for tasks to queue
[2023-12-17T08:30:23.305+0700] {logging_mixin.py:154} INFO - [2023-12-17T08:30:23.305+0700] {dagbag.py:536} INFO - Filling up the DagBag from /home/phuc/Practice/DataScience/DSProject/venv/lib/python3.10/site-packages/airflow/example_dags/example_params_ui_tutorial.py
[2023-12-17T08:30:23.327+0700] {processor.py:839} INFO - DAG(s) dict_keys(['example_params_ui_tutorial']) retrieved from /home/phuc/Practice/DataScience/DSProject/venv/lib/python3.10/site-packages/airflow/example_dags/example_params_ui_tutorial.py
[2023-12-17T08:30:23.363+0700] {logging_mixin.py:154} INFO - [2023-12-17T08:30:23.362+0700] {dag.py:2941} INFO - Sync 1 DAGs
[2023-12-17T08:30:23.369+0700] {logging_mixin.py:154} INFO - [2023-12-17T08:30:23.369+0700] {dag.py:3722} INFO - Setting next_dagrun for example_params_ui_tutorial to None, run_after=None
[2023-12-17T08:30:23.388+0700] {processor.py:179} INFO - Processing /home/phuc/Practice/DataScience/DSProject/venv/lib/python3.10/site-packages/airflow/example_dags/example_params_ui_tutorial.py took 0.091 seconds
[2023-12-17T08:31:15.543+0700] {processor.py:157} INFO - Started process (PID=321775) to work on /home/phuc/Practice/DataScience/DSProject/venv/lib/python3.10/site-packages/airflow/example_dags/example_params_ui_tutorial.py
[2023-12-17T08:31:15.550+0700] {processor.py:829} INFO - Processing file /home/phuc/Practice/DataScience/DSProject/venv/lib/python3.10/site-packages/airflow/example_dags/example_params_ui_tutorial.py for tasks to queue
[2023-12-17T08:31:15.551+0700] {logging_mixin.py:154} INFO - [2023-12-17T08:31:15.550+0700] {dagbag.py:536} INFO - Filling up the DagBag from /home/phuc/Practice/DataScience/DSProject/venv/lib/python3.10/site-packages/airflow/example_dags/example_params_ui_tutorial.py
[2023-12-17T08:31:15.574+0700] {processor.py:839} INFO - DAG(s) dict_keys(['example_params_ui_tutorial']) retrieved from /home/phuc/Practice/DataScience/DSProject/venv/lib/python3.10/site-packages/airflow/example_dags/example_params_ui_tutorial.py
[2023-12-17T08:31:15.596+0700] {logging_mixin.py:154} INFO - [2023-12-17T08:31:15.596+0700] {dag.py:2941} INFO - Sync 1 DAGs
[2023-12-17T08:31:15.601+0700] {logging_mixin.py:154} INFO - [2023-12-17T08:31:15.601+0700] {dag.py:3722} INFO - Setting next_dagrun for example_params_ui_tutorial to None, run_after=None
[2023-12-17T08:31:15.612+0700] {processor.py:179} INFO - Processing /home/phuc/Practice/DataScience/DSProject/venv/lib/python3.10/site-packages/airflow/example_dags/example_params_ui_tutorial.py took 0.072 seconds
[2023-12-17T08:32:31.611+0700] {processor.py:157} INFO - Started process (PID=322920) to work on /home/phuc/Practice/DataScience/DSProject/venv/lib/python3.10/site-packages/airflow/example_dags/example_params_ui_tutorial.py
[2023-12-17T08:32:31.617+0700] {processor.py:829} INFO - Processing file /home/phuc/Practice/DataScience/DSProject/venv/lib/python3.10/site-packages/airflow/example_dags/example_params_ui_tutorial.py for tasks to queue
[2023-12-17T08:32:31.618+0700] {logging_mixin.py:154} INFO - [2023-12-17T08:32:31.618+0700] {dagbag.py:536} INFO - Filling up the DagBag from /home/phuc/Practice/DataScience/DSProject/venv/lib/python3.10/site-packages/airflow/example_dags/example_params_ui_tutorial.py
[2023-12-17T08:32:31.634+0700] {processor.py:839} INFO - DAG(s) dict_keys(['example_params_ui_tutorial']) retrieved from /home/phuc/Practice/DataScience/DSProject/venv/lib/python3.10/site-packages/airflow/example_dags/example_params_ui_tutorial.py
[2023-12-17T08:32:31.655+0700] {logging_mixin.py:154} INFO - [2023-12-17T08:32:31.655+0700] {dag.py:2941} INFO - Sync 1 DAGs
[2023-12-17T08:32:31.660+0700] {logging_mixin.py:154} INFO - [2023-12-17T08:32:31.660+0700] {dag.py:3722} INFO - Setting next_dagrun for example_params_ui_tutorial to None, run_after=None
[2023-12-17T08:32:31.671+0700] {processor.py:179} INFO - Processing /home/phuc/Practice/DataScience/DSProject/venv/lib/python3.10/site-packages/airflow/example_dags/example_params_ui_tutorial.py took 0.062 seconds
[2023-12-17T08:33:15.476+0700] {processor.py:157} INFO - Started process (PID=323132) to work on /home/phuc/Practice/DataScience/DSProject/venv/lib/python3.10/site-packages/airflow/example_dags/example_params_ui_tutorial.py
[2023-12-17T08:33:15.483+0700] {processor.py:829} INFO - Processing file /home/phuc/Practice/DataScience/DSProject/venv/lib/python3.10/site-packages/airflow/example_dags/example_params_ui_tutorial.py for tasks to queue
[2023-12-17T08:33:15.483+0700] {logging_mixin.py:154} INFO - [2023-12-17T08:33:15.483+0700] {dagbag.py:536} INFO - Filling up the DagBag from /home/phuc/Practice/DataScience/DSProject/venv/lib/python3.10/site-packages/airflow/example_dags/example_params_ui_tutorial.py
[2023-12-17T08:33:15.498+0700] {processor.py:839} INFO - DAG(s) dict_keys(['example_params_ui_tutorial']) retrieved from /home/phuc/Practice/DataScience/DSProject/venv/lib/python3.10/site-packages/airflow/example_dags/example_params_ui_tutorial.py
[2023-12-17T08:33:15.519+0700] {logging_mixin.py:154} INFO - [2023-12-17T08:33:15.518+0700] {dag.py:2941} INFO - Sync 1 DAGs
[2023-12-17T08:33:15.524+0700] {logging_mixin.py:154} INFO - [2023-12-17T08:33:15.524+0700] {dag.py:3722} INFO - Setting next_dagrun for example_params_ui_tutorial to None, run_after=None
[2023-12-17T08:33:15.533+0700] {processor.py:179} INFO - Processing /home/phuc/Practice/DataScience/DSProject/venv/lib/python3.10/site-packages/airflow/example_dags/example_params_ui_tutorial.py took 0.059 seconds
[2023-12-17T08:34:06.835+0700] {processor.py:157} INFO - Started process (PID=323431) to work on /home/phuc/Practice/DataScience/DSProject/venv/lib/python3.10/site-packages/airflow/example_dags/example_params_ui_tutorial.py
[2023-12-17T08:34:06.841+0700] {processor.py:829} INFO - Processing file /home/phuc/Practice/DataScience/DSProject/venv/lib/python3.10/site-packages/airflow/example_dags/example_params_ui_tutorial.py for tasks to queue
[2023-12-17T08:34:06.842+0700] {logging_mixin.py:154} INFO - [2023-12-17T08:34:06.842+0700] {dagbag.py:536} INFO - Filling up the DagBag from /home/phuc/Practice/DataScience/DSProject/venv/lib/python3.10/site-packages/airflow/example_dags/example_params_ui_tutorial.py
[2023-12-17T08:34:06.864+0700] {processor.py:839} INFO - DAG(s) dict_keys(['example_params_ui_tutorial']) retrieved from /home/phuc/Practice/DataScience/DSProject/venv/lib/python3.10/site-packages/airflow/example_dags/example_params_ui_tutorial.py
[2023-12-17T08:34:06.886+0700] {logging_mixin.py:154} INFO - [2023-12-17T08:34:06.886+0700] {dag.py:2941} INFO - Sync 1 DAGs
[2023-12-17T08:34:06.892+0700] {logging_mixin.py:154} INFO - [2023-12-17T08:34:06.892+0700] {dag.py:3722} INFO - Setting next_dagrun for example_params_ui_tutorial to None, run_after=None
[2023-12-17T08:34:06.902+0700] {processor.py:179} INFO - Processing /home/phuc/Practice/DataScience/DSProject/venv/lib/python3.10/site-packages/airflow/example_dags/example_params_ui_tutorial.py took 0.069 seconds
[2023-12-17T08:35:01.812+0700] {processor.py:157} INFO - Started process (PID=323953) to work on /home/phuc/Practice/DataScience/DSProject/venv/lib/python3.10/site-packages/airflow/example_dags/example_params_ui_tutorial.py
[2023-12-17T08:35:01.812+0700] {processor.py:829} INFO - Processing file /home/phuc/Practice/DataScience/DSProject/venv/lib/python3.10/site-packages/airflow/example_dags/example_params_ui_tutorial.py for tasks to queue
[2023-12-17T08:35:01.813+0700] {logging_mixin.py:154} INFO - [2023-12-17T08:35:01.813+0700] {dagbag.py:536} INFO - Filling up the DagBag from /home/phuc/Practice/DataScience/DSProject/venv/lib/python3.10/site-packages/airflow/example_dags/example_params_ui_tutorial.py
[2023-12-17T08:35:01.827+0700] {processor.py:839} INFO - DAG(s) dict_keys(['example_params_ui_tutorial']) retrieved from /home/phuc/Practice/DataScience/DSProject/venv/lib/python3.10/site-packages/airflow/example_dags/example_params_ui_tutorial.py
[2023-12-17T08:35:01.848+0700] {logging_mixin.py:154} INFO - [2023-12-17T08:35:01.848+0700] {dag.py:2941} INFO - Sync 1 DAGs
[2023-12-17T08:35:01.853+0700] {logging_mixin.py:154} INFO - [2023-12-17T08:35:01.853+0700] {dag.py:3722} INFO - Setting next_dagrun for example_params_ui_tutorial to None, run_after=None
[2023-12-17T08:35:01.863+0700] {processor.py:179} INFO - Processing /home/phuc/Practice/DataScience/DSProject/venv/lib/python3.10/site-packages/airflow/example_dags/example_params_ui_tutorial.py took 0.054 seconds
[2023-12-17T08:35:54.973+0700] {processor.py:157} INFO - Started process (PID=324339) to work on /home/phuc/Practice/DataScience/DSProject/venv/lib/python3.10/site-packages/airflow/example_dags/example_params_ui_tutorial.py
[2023-12-17T08:35:54.980+0700] {processor.py:829} INFO - Processing file /home/phuc/Practice/DataScience/DSProject/venv/lib/python3.10/site-packages/airflow/example_dags/example_params_ui_tutorial.py for tasks to queue
[2023-12-17T08:35:54.981+0700] {logging_mixin.py:154} INFO - [2023-12-17T08:35:54.981+0700] {dagbag.py:536} INFO - Filling up the DagBag from /home/phuc/Practice/DataScience/DSProject/venv/lib/python3.10/site-packages/airflow/example_dags/example_params_ui_tutorial.py
[2023-12-17T08:35:54.998+0700] {processor.py:839} INFO - DAG(s) dict_keys(['example_params_ui_tutorial']) retrieved from /home/phuc/Practice/DataScience/DSProject/venv/lib/python3.10/site-packages/airflow/example_dags/example_params_ui_tutorial.py
[2023-12-17T08:35:55.019+0700] {logging_mixin.py:154} INFO - [2023-12-17T08:35:55.019+0700] {dag.py:2941} INFO - Sync 1 DAGs
[2023-12-17T08:35:55.024+0700] {logging_mixin.py:154} INFO - [2023-12-17T08:35:55.024+0700] {dag.py:3722} INFO - Setting next_dagrun for example_params_ui_tutorial to None, run_after=None
[2023-12-17T08:35:55.034+0700] {processor.py:179} INFO - Processing /home/phuc/Practice/DataScience/DSProject/venv/lib/python3.10/site-packages/airflow/example_dags/example_params_ui_tutorial.py took 0.063 seconds
