[2023-12-17T08:03:43.656+0700] {processor.py:157} INFO - Started process (PID=309900) to work on /home/phuc/Practice/DataScience/DSProject/venv/lib/python3.10/site-packages/airflow/example_dags/example_branch_operator.py
[2023-12-17T08:03:43.656+0700] {processor.py:829} INFO - Processing file /home/phuc/Practice/DataScience/DSProject/venv/lib/python3.10/site-packages/airflow/example_dags/example_branch_operator.py for tasks to queue
[2023-12-17T08:03:43.657+0700] {logging_mixin.py:154} INFO - [2023-12-17T08:03:43.657+0700] {dagbag.py:536} INFO - Filling up the DagBag from /home/phuc/Practice/DataScience/DSProject/venv/lib/python3.10/site-packages/airflow/example_dags/example_branch_operator.py
[2023-12-17T08:03:43.664+0700] {processor.py:839} INFO - DAG(s) dict_keys(['example_branch_operator']) retrieved from /home/phuc/Practice/DataScience/DSProject/venv/lib/python3.10/site-packages/airflow/example_dags/example_branch_operator.py
[2023-12-17T08:03:43.732+0700] {logging_mixin.py:154} INFO - [2023-12-17T08:03:43.732+0700] {manager.py:499} INFO - Created Permission View: %s
[2023-12-17T08:03:43.738+0700] {logging_mixin.py:154} INFO - [2023-12-17T08:03:43.738+0700] {manager.py:499} INFO - Created Permission View: %s
[2023-12-17T08:03:43.743+0700] {logging_mixin.py:154} INFO - [2023-12-17T08:03:43.743+0700] {manager.py:499} INFO - Created Permission View: %s
[2023-12-17T08:03:43.743+0700] {logging_mixin.py:154} INFO - [2023-12-17T08:03:43.743+0700] {dag.py:2941} INFO - Sync 1 DAGs
[2023-12-17T08:03:43.749+0700] {logging_mixin.py:154} INFO - [2023-12-17T08:03:43.749+0700] {dag.py:2963} INFO - Creating ORM DAG for example_branch_operator
[2023-12-17T08:03:43.756+0700] {logging_mixin.py:154} INFO - [2023-12-17T08:03:43.756+0700] {dag.py:3722} INFO - Setting next_dagrun for example_branch_operator to 2023-12-16T00:00:00+00:00, run_after=2023-12-17T00:00:00+00:00
[2023-12-17T08:03:43.768+0700] {processor.py:179} INFO - Processing /home/phuc/Practice/DataScience/DSProject/venv/lib/python3.10/site-packages/airflow/example_dags/example_branch_operator.py took 0.114 seconds
[2023-12-17T08:05:58.302+0700] {processor.py:157} INFO - Started process (PID=311205) to work on /home/phuc/Practice/DataScience/DSProject/venv/lib/python3.10/site-packages/airflow/example_dags/example_branch_operator.py
[2023-12-17T08:05:58.309+0700] {processor.py:829} INFO - Processing file /home/phuc/Practice/DataScience/DSProject/venv/lib/python3.10/site-packages/airflow/example_dags/example_branch_operator.py for tasks to queue
[2023-12-17T08:05:58.309+0700] {logging_mixin.py:154} INFO - [2023-12-17T08:05:58.309+0700] {dagbag.py:536} INFO - Filling up the DagBag from /home/phuc/Practice/DataScience/DSProject/venv/lib/python3.10/site-packages/airflow/example_dags/example_branch_operator.py
[2023-12-17T08:05:58.317+0700] {processor.py:839} INFO - DAG(s) dict_keys(['example_branch_operator']) retrieved from /home/phuc/Practice/DataScience/DSProject/venv/lib/python3.10/site-packages/airflow/example_dags/example_branch_operator.py
[2023-12-17T08:05:58.330+0700] {logging_mixin.py:154} INFO - [2023-12-17T08:05:58.330+0700] {dag.py:2941} INFO - Sync 1 DAGs
[2023-12-17T08:05:58.345+0700] {logging_mixin.py:154} INFO - [2023-12-17T08:05:58.345+0700] {dag.py:3722} INFO - Setting next_dagrun for example_branch_operator to 2023-12-16T00:00:00+00:00, run_after=2023-12-17T00:00:00+00:00
[2023-12-17T08:05:58.360+0700] {processor.py:179} INFO - Processing /home/phuc/Practice/DataScience/DSProject/venv/lib/python3.10/site-packages/airflow/example_dags/example_branch_operator.py took 0.060 seconds
[2023-12-17T08:06:54.991+0700] {processor.py:157} INFO - Started process (PID=311816) to work on /home/phuc/Practice/DataScience/DSProject/venv/lib/python3.10/site-packages/airflow/example_dags/example_branch_operator.py
[2023-12-17T08:06:54.998+0700] {processor.py:829} INFO - Processing file /home/phuc/Practice/DataScience/DSProject/venv/lib/python3.10/site-packages/airflow/example_dags/example_branch_operator.py for tasks to queue
[2023-12-17T08:06:55.000+0700] {logging_mixin.py:154} INFO - [2023-12-17T08:06:54.999+0700] {dagbag.py:536} INFO - Filling up the DagBag from /home/phuc/Practice/DataScience/DSProject/venv/lib/python3.10/site-packages/airflow/example_dags/example_branch_operator.py
[2023-12-17T08:06:55.011+0700] {processor.py:839} INFO - DAG(s) dict_keys(['example_branch_operator']) retrieved from /home/phuc/Practice/DataScience/DSProject/venv/lib/python3.10/site-packages/airflow/example_dags/example_branch_operator.py
[2023-12-17T08:06:55.024+0700] {logging_mixin.py:154} INFO - [2023-12-17T08:06:55.024+0700] {dag.py:2941} INFO - Sync 1 DAGs
[2023-12-17T08:06:55.038+0700] {logging_mixin.py:154} INFO - [2023-12-17T08:06:55.038+0700] {dag.py:3722} INFO - Setting next_dagrun for example_branch_operator to 2023-12-16T00:00:00+00:00, run_after=2023-12-17T00:00:00+00:00
[2023-12-17T08:06:55.053+0700] {processor.py:179} INFO - Processing /home/phuc/Practice/DataScience/DSProject/venv/lib/python3.10/site-packages/airflow/example_dags/example_branch_operator.py took 0.067 seconds
[2023-12-17T08:08:47.918+0700] {processor.py:157} INFO - Started process (PID=313173) to work on /home/phuc/Practice/DataScience/DSProject/venv/lib/python3.10/site-packages/airflow/example_dags/example_branch_operator.py
[2023-12-17T08:08:47.925+0700] {processor.py:829} INFO - Processing file /home/phuc/Practice/DataScience/DSProject/venv/lib/python3.10/site-packages/airflow/example_dags/example_branch_operator.py for tasks to queue
[2023-12-17T08:08:47.926+0700] {logging_mixin.py:154} INFO - [2023-12-17T08:08:47.925+0700] {dagbag.py:536} INFO - Filling up the DagBag from /home/phuc/Practice/DataScience/DSProject/venv/lib/python3.10/site-packages/airflow/example_dags/example_branch_operator.py
[2023-12-17T08:08:47.939+0700] {processor.py:839} INFO - DAG(s) dict_keys(['example_branch_operator']) retrieved from /home/phuc/Practice/DataScience/DSProject/venv/lib/python3.10/site-packages/airflow/example_dags/example_branch_operator.py
[2023-12-17T08:08:47.950+0700] {logging_mixin.py:154} INFO - [2023-12-17T08:08:47.950+0700] {dag.py:2941} INFO - Sync 1 DAGs
[2023-12-17T08:08:47.962+0700] {logging_mixin.py:154} INFO - [2023-12-17T08:08:47.962+0700] {dag.py:3722} INFO - Setting next_dagrun for example_branch_operator to 2023-12-16T00:00:00+00:00, run_after=2023-12-17T00:00:00+00:00
[2023-12-17T08:08:47.975+0700] {processor.py:179} INFO - Processing /home/phuc/Practice/DataScience/DSProject/venv/lib/python3.10/site-packages/airflow/example_dags/example_branch_operator.py took 0.060 seconds
[2023-12-17T08:09:38.184+0700] {processor.py:157} INFO - Started process (PID=313514) to work on /home/phuc/Practice/DataScience/DSProject/venv/lib/python3.10/site-packages/airflow/example_dags/example_branch_operator.py
[2023-12-17T08:09:38.192+0700] {processor.py:829} INFO - Processing file /home/phuc/Practice/DataScience/DSProject/venv/lib/python3.10/site-packages/airflow/example_dags/example_branch_operator.py for tasks to queue
[2023-12-17T08:09:38.193+0700] {logging_mixin.py:154} INFO - [2023-12-17T08:09:38.192+0700] {dagbag.py:536} INFO - Filling up the DagBag from /home/phuc/Practice/DataScience/DSProject/venv/lib/python3.10/site-packages/airflow/example_dags/example_branch_operator.py
[2023-12-17T08:09:38.201+0700] {processor.py:839} INFO - DAG(s) dict_keys(['example_branch_operator']) retrieved from /home/phuc/Practice/DataScience/DSProject/venv/lib/python3.10/site-packages/airflow/example_dags/example_branch_operator.py
[2023-12-17T08:09:38.211+0700] {logging_mixin.py:154} INFO - [2023-12-17T08:09:38.211+0700] {dag.py:2941} INFO - Sync 1 DAGs
[2023-12-17T08:09:38.221+0700] {logging_mixin.py:154} INFO - [2023-12-17T08:09:38.221+0700] {dag.py:3722} INFO - Setting next_dagrun for example_branch_operator to 2023-12-16T00:00:00+00:00, run_after=2023-12-17T00:00:00+00:00
[2023-12-17T08:09:38.233+0700] {processor.py:179} INFO - Processing /home/phuc/Practice/DataScience/DSProject/venv/lib/python3.10/site-packages/airflow/example_dags/example_branch_operator.py took 0.051 seconds
[2023-12-17T08:10:28.110+0700] {processor.py:157} INFO - Started process (PID=313879) to work on /home/phuc/Practice/DataScience/DSProject/venv/lib/python3.10/site-packages/airflow/example_dags/example_branch_operator.py
[2023-12-17T08:10:28.117+0700] {processor.py:829} INFO - Processing file /home/phuc/Practice/DataScience/DSProject/venv/lib/python3.10/site-packages/airflow/example_dags/example_branch_operator.py for tasks to queue
[2023-12-17T08:10:28.118+0700] {logging_mixin.py:154} INFO - [2023-12-17T08:10:28.118+0700] {dagbag.py:536} INFO - Filling up the DagBag from /home/phuc/Practice/DataScience/DSProject/venv/lib/python3.10/site-packages/airflow/example_dags/example_branch_operator.py
[2023-12-17T08:10:28.131+0700] {processor.py:839} INFO - DAG(s) dict_keys(['example_branch_operator']) retrieved from /home/phuc/Practice/DataScience/DSProject/venv/lib/python3.10/site-packages/airflow/example_dags/example_branch_operator.py
[2023-12-17T08:10:28.142+0700] {logging_mixin.py:154} INFO - [2023-12-17T08:10:28.142+0700] {dag.py:2941} INFO - Sync 1 DAGs
[2023-12-17T08:10:28.152+0700] {logging_mixin.py:154} INFO - [2023-12-17T08:10:28.152+0700] {dag.py:3722} INFO - Setting next_dagrun for example_branch_operator to 2023-12-16T00:00:00+00:00, run_after=2023-12-17T00:00:00+00:00
[2023-12-17T08:10:28.164+0700] {processor.py:179} INFO - Processing /home/phuc/Practice/DataScience/DSProject/venv/lib/python3.10/site-packages/airflow/example_dags/example_branch_operator.py took 0.058 seconds
[2023-12-17T08:11:17.134+0700] {processor.py:157} INFO - Started process (PID=314081) to work on /home/phuc/Practice/DataScience/DSProject/venv/lib/python3.10/site-packages/airflow/example_dags/example_branch_operator.py
[2023-12-17T08:11:17.141+0700] {processor.py:829} INFO - Processing file /home/phuc/Practice/DataScience/DSProject/venv/lib/python3.10/site-packages/airflow/example_dags/example_branch_operator.py for tasks to queue
[2023-12-17T08:11:17.142+0700] {logging_mixin.py:154} INFO - [2023-12-17T08:11:17.142+0700] {dagbag.py:536} INFO - Filling up the DagBag from /home/phuc/Practice/DataScience/DSProject/venv/lib/python3.10/site-packages/airflow/example_dags/example_branch_operator.py
[2023-12-17T08:11:17.155+0700] {processor.py:839} INFO - DAG(s) dict_keys(['example_branch_operator']) retrieved from /home/phuc/Practice/DataScience/DSProject/venv/lib/python3.10/site-packages/airflow/example_dags/example_branch_operator.py
[2023-12-17T08:11:17.165+0700] {logging_mixin.py:154} INFO - [2023-12-17T08:11:17.165+0700] {dag.py:2941} INFO - Sync 1 DAGs
[2023-12-17T08:11:17.176+0700] {logging_mixin.py:154} INFO - [2023-12-17T08:11:17.176+0700] {dag.py:3722} INFO - Setting next_dagrun for example_branch_operator to 2023-12-16T00:00:00+00:00, run_after=2023-12-17T00:00:00+00:00
[2023-12-17T08:11:17.187+0700] {processor.py:179} INFO - Processing /home/phuc/Practice/DataScience/DSProject/venv/lib/python3.10/site-packages/airflow/example_dags/example_branch_operator.py took 0.058 seconds
[2023-12-17T08:12:07.245+0700] {processor.py:157} INFO - Started process (PID=314340) to work on /home/phuc/Practice/DataScience/DSProject/venv/lib/python3.10/site-packages/airflow/example_dags/example_branch_operator.py
[2023-12-17T08:12:07.252+0700] {processor.py:829} INFO - Processing file /home/phuc/Practice/DataScience/DSProject/venv/lib/python3.10/site-packages/airflow/example_dags/example_branch_operator.py for tasks to queue
[2023-12-17T08:12:07.253+0700] {logging_mixin.py:154} INFO - [2023-12-17T08:12:07.253+0700] {dagbag.py:536} INFO - Filling up the DagBag from /home/phuc/Practice/DataScience/DSProject/venv/lib/python3.10/site-packages/airflow/example_dags/example_branch_operator.py
[2023-12-17T08:12:07.266+0700] {processor.py:839} INFO - DAG(s) dict_keys(['example_branch_operator']) retrieved from /home/phuc/Practice/DataScience/DSProject/venv/lib/python3.10/site-packages/airflow/example_dags/example_branch_operator.py
[2023-12-17T08:12:07.278+0700] {logging_mixin.py:154} INFO - [2023-12-17T08:12:07.278+0700] {dag.py:2941} INFO - Sync 1 DAGs
[2023-12-17T08:12:07.288+0700] {logging_mixin.py:154} INFO - [2023-12-17T08:12:07.288+0700] {dag.py:3722} INFO - Setting next_dagrun for example_branch_operator to 2023-12-16T00:00:00+00:00, run_after=2023-12-17T00:00:00+00:00
[2023-12-17T08:12:07.301+0700] {processor.py:179} INFO - Processing /home/phuc/Practice/DataScience/DSProject/venv/lib/python3.10/site-packages/airflow/example_dags/example_branch_operator.py took 0.059 seconds
[2023-12-17T08:12:57.575+0700] {processor.py:157} INFO - Started process (PID=314565) to work on /home/phuc/Practice/DataScience/DSProject/venv/lib/python3.10/site-packages/airflow/example_dags/example_branch_operator.py
[2023-12-17T08:12:57.583+0700] {processor.py:829} INFO - Processing file /home/phuc/Practice/DataScience/DSProject/venv/lib/python3.10/site-packages/airflow/example_dags/example_branch_operator.py for tasks to queue
[2023-12-17T08:12:57.584+0700] {logging_mixin.py:154} INFO - [2023-12-17T08:12:57.583+0700] {dagbag.py:536} INFO - Filling up the DagBag from /home/phuc/Practice/DataScience/DSProject/venv/lib/python3.10/site-packages/airflow/example_dags/example_branch_operator.py
[2023-12-17T08:12:57.595+0700] {processor.py:839} INFO - DAG(s) dict_keys(['example_branch_operator']) retrieved from /home/phuc/Practice/DataScience/DSProject/venv/lib/python3.10/site-packages/airflow/example_dags/example_branch_operator.py
[2023-12-17T08:12:57.610+0700] {logging_mixin.py:154} INFO - [2023-12-17T08:12:57.610+0700] {dag.py:2941} INFO - Sync 1 DAGs
[2023-12-17T08:12:57.623+0700] {logging_mixin.py:154} INFO - [2023-12-17T08:12:57.623+0700] {dag.py:3722} INFO - Setting next_dagrun for example_branch_operator to 2023-12-16T00:00:00+00:00, run_after=2023-12-17T00:00:00+00:00
[2023-12-17T08:12:57.637+0700] {processor.py:179} INFO - Processing /home/phuc/Practice/DataScience/DSProject/venv/lib/python3.10/site-packages/airflow/example_dags/example_branch_operator.py took 0.066 seconds
[2023-12-17T08:13:42.542+0700] {processor.py:157} INFO - Started process (PID=314824) to work on /home/phuc/Practice/DataScience/DSProject/venv/lib/python3.10/site-packages/airflow/example_dags/example_branch_operator.py
[2023-12-17T08:13:42.543+0700] {processor.py:829} INFO - Processing file /home/phuc/Practice/DataScience/DSProject/venv/lib/python3.10/site-packages/airflow/example_dags/example_branch_operator.py for tasks to queue
[2023-12-17T08:13:42.544+0700] {logging_mixin.py:154} INFO - [2023-12-17T08:13:42.543+0700] {dagbag.py:536} INFO - Filling up the DagBag from /home/phuc/Practice/DataScience/DSProject/venv/lib/python3.10/site-packages/airflow/example_dags/example_branch_operator.py
[2023-12-17T08:13:42.553+0700] {processor.py:839} INFO - DAG(s) dict_keys(['example_branch_operator']) retrieved from /home/phuc/Practice/DataScience/DSProject/venv/lib/python3.10/site-packages/airflow/example_dags/example_branch_operator.py
[2023-12-17T08:13:42.565+0700] {logging_mixin.py:154} INFO - [2023-12-17T08:13:42.564+0700] {dag.py:2941} INFO - Sync 1 DAGs
[2023-12-17T08:13:42.578+0700] {logging_mixin.py:154} INFO - [2023-12-17T08:13:42.578+0700] {dag.py:3722} INFO - Setting next_dagrun for example_branch_operator to 2023-12-16T00:00:00+00:00, run_after=2023-12-17T00:00:00+00:00
[2023-12-17T08:13:42.593+0700] {processor.py:179} INFO - Processing /home/phuc/Practice/DataScience/DSProject/venv/lib/python3.10/site-packages/airflow/example_dags/example_branch_operator.py took 0.054 seconds
[2023-12-17T08:14:35.282+0700] {processor.py:157} INFO - Started process (PID=315050) to work on /home/phuc/Practice/DataScience/DSProject/venv/lib/python3.10/site-packages/airflow/example_dags/example_branch_operator.py
[2023-12-17T08:14:35.289+0700] {processor.py:829} INFO - Processing file /home/phuc/Practice/DataScience/DSProject/venv/lib/python3.10/site-packages/airflow/example_dags/example_branch_operator.py for tasks to queue
[2023-12-17T08:14:35.290+0700] {logging_mixin.py:154} INFO - [2023-12-17T08:14:35.289+0700] {dagbag.py:536} INFO - Filling up the DagBag from /home/phuc/Practice/DataScience/DSProject/venv/lib/python3.10/site-packages/airflow/example_dags/example_branch_operator.py
[2023-12-17T08:14:35.302+0700] {processor.py:839} INFO - DAG(s) dict_keys(['example_branch_operator']) retrieved from /home/phuc/Practice/DataScience/DSProject/venv/lib/python3.10/site-packages/airflow/example_dags/example_branch_operator.py
[2023-12-17T08:14:35.314+0700] {logging_mixin.py:154} INFO - [2023-12-17T08:14:35.314+0700] {dag.py:2941} INFO - Sync 1 DAGs
[2023-12-17T08:14:35.323+0700] {logging_mixin.py:154} INFO - [2023-12-17T08:14:35.323+0700] {dag.py:3722} INFO - Setting next_dagrun for example_branch_operator to 2023-12-16T00:00:00+00:00, run_after=2023-12-17T00:00:00+00:00
[2023-12-17T08:14:35.335+0700] {processor.py:179} INFO - Processing /home/phuc/Practice/DataScience/DSProject/venv/lib/python3.10/site-packages/airflow/example_dags/example_branch_operator.py took 0.056 seconds
[2023-12-17T08:15:29.731+0700] {processor.py:157} INFO - Started process (PID=315294) to work on /home/phuc/Practice/DataScience/DSProject/venv/lib/python3.10/site-packages/airflow/example_dags/example_branch_operator.py
[2023-12-17T08:15:29.738+0700] {processor.py:829} INFO - Processing file /home/phuc/Practice/DataScience/DSProject/venv/lib/python3.10/site-packages/airflow/example_dags/example_branch_operator.py for tasks to queue
[2023-12-17T08:15:29.739+0700] {logging_mixin.py:154} INFO - [2023-12-17T08:15:29.738+0700] {dagbag.py:536} INFO - Filling up the DagBag from /home/phuc/Practice/DataScience/DSProject/venv/lib/python3.10/site-packages/airflow/example_dags/example_branch_operator.py
[2023-12-17T08:15:29.751+0700] {processor.py:839} INFO - DAG(s) dict_keys(['example_branch_operator']) retrieved from /home/phuc/Practice/DataScience/DSProject/venv/lib/python3.10/site-packages/airflow/example_dags/example_branch_operator.py
[2023-12-17T08:15:29.762+0700] {logging_mixin.py:154} INFO - [2023-12-17T08:15:29.762+0700] {dag.py:2941} INFO - Sync 1 DAGs
[2023-12-17T08:15:29.773+0700] {logging_mixin.py:154} INFO - [2023-12-17T08:15:29.773+0700] {dag.py:3722} INFO - Setting next_dagrun for example_branch_operator to 2023-12-16T00:00:00+00:00, run_after=2023-12-17T00:00:00+00:00
[2023-12-17T08:15:29.784+0700] {processor.py:179} INFO - Processing /home/phuc/Practice/DataScience/DSProject/venv/lib/python3.10/site-packages/airflow/example_dags/example_branch_operator.py took 0.056 seconds
[2023-12-17T08:18:14.328+0700] {processor.py:157} INFO - Started process (PID=316505) to work on /home/phuc/Practice/DataScience/DSProject/venv/lib/python3.10/site-packages/airflow/example_dags/example_branch_operator.py
[2023-12-17T08:18:14.335+0700] {processor.py:829} INFO - Processing file /home/phuc/Practice/DataScience/DSProject/venv/lib/python3.10/site-packages/airflow/example_dags/example_branch_operator.py for tasks to queue
[2023-12-17T08:18:14.335+0700] {logging_mixin.py:154} INFO - [2023-12-17T08:18:14.335+0700] {dagbag.py:536} INFO - Filling up the DagBag from /home/phuc/Practice/DataScience/DSProject/venv/lib/python3.10/site-packages/airflow/example_dags/example_branch_operator.py
[2023-12-17T08:18:14.345+0700] {processor.py:839} INFO - DAG(s) dict_keys(['example_branch_operator']) retrieved from /home/phuc/Practice/DataScience/DSProject/venv/lib/python3.10/site-packages/airflow/example_dags/example_branch_operator.py
[2023-12-17T08:18:14.362+0700] {logging_mixin.py:154} INFO - [2023-12-17T08:18:14.362+0700] {dag.py:2941} INFO - Sync 1 DAGs
[2023-12-17T08:18:14.373+0700] {logging_mixin.py:154} INFO - [2023-12-17T08:18:14.373+0700] {dag.py:3722} INFO - Setting next_dagrun for example_branch_operator to 2023-12-16T00:00:00+00:00, run_after=2023-12-17T00:00:00+00:00
[2023-12-17T08:18:14.390+0700] {processor.py:179} INFO - Processing /home/phuc/Practice/DataScience/DSProject/venv/lib/python3.10/site-packages/airflow/example_dags/example_branch_operator.py took 0.065 seconds
[2023-12-17T08:19:06.177+0700] {processor.py:157} INFO - Started process (PID=316974) to work on /home/phuc/Practice/DataScience/DSProject/venv/lib/python3.10/site-packages/airflow/example_dags/example_branch_operator.py
[2023-12-17T08:19:06.178+0700] {processor.py:829} INFO - Processing file /home/phuc/Practice/DataScience/DSProject/venv/lib/python3.10/site-packages/airflow/example_dags/example_branch_operator.py for tasks to queue
[2023-12-17T08:19:06.179+0700] {logging_mixin.py:154} INFO - [2023-12-17T08:19:06.179+0700] {dagbag.py:536} INFO - Filling up the DagBag from /home/phuc/Practice/DataScience/DSProject/venv/lib/python3.10/site-packages/airflow/example_dags/example_branch_operator.py
[2023-12-17T08:19:06.187+0700] {processor.py:839} INFO - DAG(s) dict_keys(['example_branch_operator']) retrieved from /home/phuc/Practice/DataScience/DSProject/venv/lib/python3.10/site-packages/airflow/example_dags/example_branch_operator.py
[2023-12-17T08:19:06.205+0700] {logging_mixin.py:154} INFO - [2023-12-17T08:19:06.205+0700] {dag.py:2941} INFO - Sync 1 DAGs
[2023-12-17T08:19:06.219+0700] {logging_mixin.py:154} INFO - [2023-12-17T08:19:06.219+0700] {dag.py:3722} INFO - Setting next_dagrun for example_branch_operator to 2023-12-16T00:00:00+00:00, run_after=2023-12-17T00:00:00+00:00
[2023-12-17T08:19:06.236+0700] {processor.py:179} INFO - Processing /home/phuc/Practice/DataScience/DSProject/venv/lib/python3.10/site-packages/airflow/example_dags/example_branch_operator.py took 0.062 seconds
[2023-12-17T08:19:59.800+0700] {processor.py:157} INFO - Started process (PID=317550) to work on /home/phuc/Practice/DataScience/DSProject/venv/lib/python3.10/site-packages/airflow/example_dags/example_branch_operator.py
[2023-12-17T08:19:59.807+0700] {processor.py:829} INFO - Processing file /home/phuc/Practice/DataScience/DSProject/venv/lib/python3.10/site-packages/airflow/example_dags/example_branch_operator.py for tasks to queue
[2023-12-17T08:19:59.808+0700] {logging_mixin.py:154} INFO - [2023-12-17T08:19:59.808+0700] {dagbag.py:536} INFO - Filling up the DagBag from /home/phuc/Practice/DataScience/DSProject/venv/lib/python3.10/site-packages/airflow/example_dags/example_branch_operator.py
[2023-12-17T08:19:59.815+0700] {processor.py:839} INFO - DAG(s) dict_keys(['example_branch_operator']) retrieved from /home/phuc/Practice/DataScience/DSProject/venv/lib/python3.10/site-packages/airflow/example_dags/example_branch_operator.py
[2023-12-17T08:19:59.829+0700] {logging_mixin.py:154} INFO - [2023-12-17T08:19:59.829+0700] {dag.py:2941} INFO - Sync 1 DAGs
[2023-12-17T08:19:59.843+0700] {logging_mixin.py:154} INFO - [2023-12-17T08:19:59.843+0700] {dag.py:3722} INFO - Setting next_dagrun for example_branch_operator to 2023-12-16T00:00:00+00:00, run_after=2023-12-17T00:00:00+00:00
[2023-12-17T08:19:59.859+0700] {processor.py:179} INFO - Processing /home/phuc/Practice/DataScience/DSProject/venv/lib/python3.10/site-packages/airflow/example_dags/example_branch_operator.py took 0.061 seconds
[2023-12-17T08:23:14.075+0700] {processor.py:157} INFO - Started process (PID=319381) to work on /home/phuc/Practice/DataScience/DSProject/venv/lib/python3.10/site-packages/airflow/example_dags/example_branch_operator.py
[2023-12-17T08:23:14.083+0700] {processor.py:829} INFO - Processing file /home/phuc/Practice/DataScience/DSProject/venv/lib/python3.10/site-packages/airflow/example_dags/example_branch_operator.py for tasks to queue
[2023-12-17T08:23:14.084+0700] {logging_mixin.py:154} INFO - [2023-12-17T08:23:14.084+0700] {dagbag.py:536} INFO - Filling up the DagBag from /home/phuc/Practice/DataScience/DSProject/venv/lib/python3.10/site-packages/airflow/example_dags/example_branch_operator.py
[2023-12-17T08:23:14.096+0700] {processor.py:839} INFO - DAG(s) dict_keys(['example_branch_operator']) retrieved from /home/phuc/Practice/DataScience/DSProject/venv/lib/python3.10/site-packages/airflow/example_dags/example_branch_operator.py
[2023-12-17T08:23:14.110+0700] {logging_mixin.py:154} INFO - [2023-12-17T08:23:14.110+0700] {dag.py:2941} INFO - Sync 1 DAGs
[2023-12-17T08:23:14.123+0700] {logging_mixin.py:154} INFO - [2023-12-17T08:23:14.123+0700] {dag.py:3722} INFO - Setting next_dagrun for example_branch_operator to 2023-12-16T00:00:00+00:00, run_after=2023-12-17T00:00:00+00:00
[2023-12-17T08:23:14.140+0700] {processor.py:179} INFO - Processing /home/phuc/Practice/DataScience/DSProject/venv/lib/python3.10/site-packages/airflow/example_dags/example_branch_operator.py took 0.069 seconds
[2023-12-17T08:24:00.547+0700] {processor.py:157} INFO - Started process (PID=319704) to work on /home/phuc/Practice/DataScience/DSProject/venv/lib/python3.10/site-packages/airflow/example_dags/example_branch_operator.py
[2023-12-17T08:24:00.555+0700] {processor.py:829} INFO - Processing file /home/phuc/Practice/DataScience/DSProject/venv/lib/python3.10/site-packages/airflow/example_dags/example_branch_operator.py for tasks to queue
[2023-12-17T08:24:00.556+0700] {logging_mixin.py:154} INFO - [2023-12-17T08:24:00.556+0700] {dagbag.py:536} INFO - Filling up the DagBag from /home/phuc/Practice/DataScience/DSProject/venv/lib/python3.10/site-packages/airflow/example_dags/example_branch_operator.py
[2023-12-17T08:24:00.569+0700] {processor.py:839} INFO - DAG(s) dict_keys(['example_branch_operator']) retrieved from /home/phuc/Practice/DataScience/DSProject/venv/lib/python3.10/site-packages/airflow/example_dags/example_branch_operator.py
[2023-12-17T08:24:00.582+0700] {logging_mixin.py:154} INFO - [2023-12-17T08:24:00.582+0700] {dag.py:2941} INFO - Sync 1 DAGs
[2023-12-17T08:24:00.592+0700] {logging_mixin.py:154} INFO - [2023-12-17T08:24:00.592+0700] {dag.py:3722} INFO - Setting next_dagrun for example_branch_operator to 2023-12-16T00:00:00+00:00, run_after=2023-12-17T00:00:00+00:00
[2023-12-17T08:24:00.603+0700] {processor.py:179} INFO - Processing /home/phuc/Practice/DataScience/DSProject/venv/lib/python3.10/site-packages/airflow/example_dags/example_branch_operator.py took 0.058 seconds
[2023-12-17T08:24:54.074+0700] {processor.py:157} INFO - Started process (PID=319942) to work on /home/phuc/Practice/DataScience/DSProject/venv/lib/python3.10/site-packages/airflow/example_dags/example_branch_operator.py
[2023-12-17T08:24:54.081+0700] {processor.py:829} INFO - Processing file /home/phuc/Practice/DataScience/DSProject/venv/lib/python3.10/site-packages/airflow/example_dags/example_branch_operator.py for tasks to queue
[2023-12-17T08:24:54.083+0700] {logging_mixin.py:154} INFO - [2023-12-17T08:24:54.082+0700] {dagbag.py:536} INFO - Filling up the DagBag from /home/phuc/Practice/DataScience/DSProject/venv/lib/python3.10/site-packages/airflow/example_dags/example_branch_operator.py
[2023-12-17T08:24:54.095+0700] {processor.py:839} INFO - DAG(s) dict_keys(['example_branch_operator']) retrieved from /home/phuc/Practice/DataScience/DSProject/venv/lib/python3.10/site-packages/airflow/example_dags/example_branch_operator.py
[2023-12-17T08:24:54.106+0700] {logging_mixin.py:154} INFO - [2023-12-17T08:24:54.106+0700] {dag.py:2941} INFO - Sync 1 DAGs
[2023-12-17T08:24:54.116+0700] {logging_mixin.py:154} INFO - [2023-12-17T08:24:54.116+0700] {dag.py:3722} INFO - Setting next_dagrun for example_branch_operator to 2023-12-16T00:00:00+00:00, run_after=2023-12-17T00:00:00+00:00
[2023-12-17T08:24:54.128+0700] {processor.py:179} INFO - Processing /home/phuc/Practice/DataScience/DSProject/venv/lib/python3.10/site-packages/airflow/example_dags/example_branch_operator.py took 0.057 seconds
[2023-12-17T08:25:48.337+0700] {processor.py:157} INFO - Started process (PID=320188) to work on /home/phuc/Practice/DataScience/DSProject/venv/lib/python3.10/site-packages/airflow/example_dags/example_branch_operator.py
[2023-12-17T08:25:48.344+0700] {processor.py:829} INFO - Processing file /home/phuc/Practice/DataScience/DSProject/venv/lib/python3.10/site-packages/airflow/example_dags/example_branch_operator.py for tasks to queue
[2023-12-17T08:25:48.345+0700] {logging_mixin.py:154} INFO - [2023-12-17T08:25:48.344+0700] {dagbag.py:536} INFO - Filling up the DagBag from /home/phuc/Practice/DataScience/DSProject/venv/lib/python3.10/site-packages/airflow/example_dags/example_branch_operator.py
[2023-12-17T08:25:48.357+0700] {processor.py:839} INFO - DAG(s) dict_keys(['example_branch_operator']) retrieved from /home/phuc/Practice/DataScience/DSProject/venv/lib/python3.10/site-packages/airflow/example_dags/example_branch_operator.py
[2023-12-17T08:25:48.369+0700] {logging_mixin.py:154} INFO - [2023-12-17T08:25:48.368+0700] {dag.py:2941} INFO - Sync 1 DAGs
[2023-12-17T08:25:48.379+0700] {logging_mixin.py:154} INFO - [2023-12-17T08:25:48.379+0700] {dag.py:3722} INFO - Setting next_dagrun for example_branch_operator to 2023-12-16T00:00:00+00:00, run_after=2023-12-17T00:00:00+00:00
[2023-12-17T08:25:48.391+0700] {processor.py:179} INFO - Processing /home/phuc/Practice/DataScience/DSProject/venv/lib/python3.10/site-packages/airflow/example_dags/example_branch_operator.py took 0.056 seconds
[2023-12-17T08:26:36.424+0700] {processor.py:157} INFO - Started process (PID=320398) to work on /home/phuc/Practice/DataScience/DSProject/venv/lib/python3.10/site-packages/airflow/example_dags/example_branch_operator.py
[2023-12-17T08:26:36.425+0700] {processor.py:829} INFO - Processing file /home/phuc/Practice/DataScience/DSProject/venv/lib/python3.10/site-packages/airflow/example_dags/example_branch_operator.py for tasks to queue
[2023-12-17T08:26:36.426+0700] {logging_mixin.py:154} INFO - [2023-12-17T08:26:36.426+0700] {dagbag.py:536} INFO - Filling up the DagBag from /home/phuc/Practice/DataScience/DSProject/venv/lib/python3.10/site-packages/airflow/example_dags/example_branch_operator.py
[2023-12-17T08:26:36.436+0700] {processor.py:839} INFO - DAG(s) dict_keys(['example_branch_operator']) retrieved from /home/phuc/Practice/DataScience/DSProject/venv/lib/python3.10/site-packages/airflow/example_dags/example_branch_operator.py
[2023-12-17T08:26:36.448+0700] {logging_mixin.py:154} INFO - [2023-12-17T08:26:36.448+0700] {dag.py:2941} INFO - Sync 1 DAGs
[2023-12-17T08:26:36.459+0700] {logging_mixin.py:154} INFO - [2023-12-17T08:26:36.459+0700] {dag.py:3722} INFO - Setting next_dagrun for example_branch_operator to 2023-12-16T00:00:00+00:00, run_after=2023-12-17T00:00:00+00:00
[2023-12-17T08:26:36.470+0700] {processor.py:179} INFO - Processing /home/phuc/Practice/DataScience/DSProject/venv/lib/python3.10/site-packages/airflow/example_dags/example_branch_operator.py took 0.051 seconds
[2023-12-17T08:27:28.193+0700] {processor.py:157} INFO - Started process (PID=320712) to work on /home/phuc/Practice/DataScience/DSProject/venv/lib/python3.10/site-packages/airflow/example_dags/example_branch_operator.py
[2023-12-17T08:27:28.200+0700] {processor.py:829} INFO - Processing file /home/phuc/Practice/DataScience/DSProject/venv/lib/python3.10/site-packages/airflow/example_dags/example_branch_operator.py for tasks to queue
[2023-12-17T08:27:28.201+0700] {logging_mixin.py:154} INFO - [2023-12-17T08:27:28.200+0700] {dagbag.py:536} INFO - Filling up the DagBag from /home/phuc/Practice/DataScience/DSProject/venv/lib/python3.10/site-packages/airflow/example_dags/example_branch_operator.py
[2023-12-17T08:27:28.213+0700] {processor.py:839} INFO - DAG(s) dict_keys(['example_branch_operator']) retrieved from /home/phuc/Practice/DataScience/DSProject/venv/lib/python3.10/site-packages/airflow/example_dags/example_branch_operator.py
[2023-12-17T08:27:28.224+0700] {logging_mixin.py:154} INFO - [2023-12-17T08:27:28.224+0700] {dag.py:2941} INFO - Sync 1 DAGs
[2023-12-17T08:27:28.234+0700] {logging_mixin.py:154} INFO - [2023-12-17T08:27:28.234+0700] {dag.py:3722} INFO - Setting next_dagrun for example_branch_operator to 2023-12-16T00:00:00+00:00, run_after=2023-12-17T00:00:00+00:00
[2023-12-17T08:27:28.246+0700] {processor.py:179} INFO - Processing /home/phuc/Practice/DataScience/DSProject/venv/lib/python3.10/site-packages/airflow/example_dags/example_branch_operator.py took 0.056 seconds
[2023-12-17T08:28:17.505+0700] {processor.py:157} INFO - Started process (PID=320914) to work on /home/phuc/Practice/DataScience/DSProject/venv/lib/python3.10/site-packages/airflow/example_dags/example_branch_operator.py
[2023-12-17T08:28:17.512+0700] {processor.py:829} INFO - Processing file /home/phuc/Practice/DataScience/DSProject/venv/lib/python3.10/site-packages/airflow/example_dags/example_branch_operator.py for tasks to queue
[2023-12-17T08:28:17.513+0700] {logging_mixin.py:154} INFO - [2023-12-17T08:28:17.513+0700] {dagbag.py:536} INFO - Filling up the DagBag from /home/phuc/Practice/DataScience/DSProject/venv/lib/python3.10/site-packages/airflow/example_dags/example_branch_operator.py
[2023-12-17T08:28:17.520+0700] {processor.py:839} INFO - DAG(s) dict_keys(['example_branch_operator']) retrieved from /home/phuc/Practice/DataScience/DSProject/venv/lib/python3.10/site-packages/airflow/example_dags/example_branch_operator.py
[2023-12-17T08:28:17.533+0700] {logging_mixin.py:154} INFO - [2023-12-17T08:28:17.533+0700] {dag.py:2941} INFO - Sync 1 DAGs
[2023-12-17T08:28:17.549+0700] {logging_mixin.py:154} INFO - [2023-12-17T08:28:17.549+0700] {dag.py:3722} INFO - Setting next_dagrun for example_branch_operator to 2023-12-16T00:00:00+00:00, run_after=2023-12-17T00:00:00+00:00
[2023-12-17T08:28:17.565+0700] {processor.py:179} INFO - Processing /home/phuc/Practice/DataScience/DSProject/venv/lib/python3.10/site-packages/airflow/example_dags/example_branch_operator.py took 0.063 seconds
[2023-12-17T08:29:05.020+0700] {processor.py:157} INFO - Started process (PID=321134) to work on /home/phuc/Practice/DataScience/DSProject/venv/lib/python3.10/site-packages/airflow/example_dags/example_branch_operator.py
[2023-12-17T08:29:05.027+0700] {processor.py:829} INFO - Processing file /home/phuc/Practice/DataScience/DSProject/venv/lib/python3.10/site-packages/airflow/example_dags/example_branch_operator.py for tasks to queue
[2023-12-17T08:29:05.029+0700] {logging_mixin.py:154} INFO - [2023-12-17T08:29:05.028+0700] {dagbag.py:536} INFO - Filling up the DagBag from /home/phuc/Practice/DataScience/DSProject/venv/lib/python3.10/site-packages/airflow/example_dags/example_branch_operator.py
[2023-12-17T08:29:05.041+0700] {processor.py:839} INFO - DAG(s) dict_keys(['example_branch_operator']) retrieved from /home/phuc/Practice/DataScience/DSProject/venv/lib/python3.10/site-packages/airflow/example_dags/example_branch_operator.py
[2023-12-17T08:29:05.052+0700] {logging_mixin.py:154} INFO - [2023-12-17T08:29:05.052+0700] {dag.py:2941} INFO - Sync 1 DAGs
[2023-12-17T08:29:05.062+0700] {logging_mixin.py:154} INFO - [2023-12-17T08:29:05.062+0700] {dag.py:3722} INFO - Setting next_dagrun for example_branch_operator to 2023-12-16T00:00:00+00:00, run_after=2023-12-17T00:00:00+00:00
[2023-12-17T08:29:05.074+0700] {processor.py:179} INFO - Processing /home/phuc/Practice/DataScience/DSProject/venv/lib/python3.10/site-packages/airflow/example_dags/example_branch_operator.py took 0.057 seconds
[2023-12-17T08:29:56.455+0700] {processor.py:157} INFO - Started process (PID=321359) to work on /home/phuc/Practice/DataScience/DSProject/venv/lib/python3.10/site-packages/airflow/example_dags/example_branch_operator.py
[2023-12-17T08:29:56.462+0700] {processor.py:829} INFO - Processing file /home/phuc/Practice/DataScience/DSProject/venv/lib/python3.10/site-packages/airflow/example_dags/example_branch_operator.py for tasks to queue
[2023-12-17T08:29:56.463+0700] {logging_mixin.py:154} INFO - [2023-12-17T08:29:56.463+0700] {dagbag.py:536} INFO - Filling up the DagBag from /home/phuc/Practice/DataScience/DSProject/venv/lib/python3.10/site-packages/airflow/example_dags/example_branch_operator.py
[2023-12-17T08:29:56.475+0700] {processor.py:839} INFO - DAG(s) dict_keys(['example_branch_operator']) retrieved from /home/phuc/Practice/DataScience/DSProject/venv/lib/python3.10/site-packages/airflow/example_dags/example_branch_operator.py
[2023-12-17T08:29:56.486+0700] {logging_mixin.py:154} INFO - [2023-12-17T08:29:56.486+0700] {dag.py:2941} INFO - Sync 1 DAGs
[2023-12-17T08:29:56.494+0700] {logging_mixin.py:154} INFO - [2023-12-17T08:29:56.494+0700] {dag.py:3722} INFO - Setting next_dagrun for example_branch_operator to 2023-12-16T00:00:00+00:00, run_after=2023-12-17T00:00:00+00:00
[2023-12-17T08:29:56.504+0700] {processor.py:179} INFO - Processing /home/phuc/Practice/DataScience/DSProject/venv/lib/python3.10/site-packages/airflow/example_dags/example_branch_operator.py took 0.052 seconds
[2023-12-17T08:30:46.723+0700] {processor.py:157} INFO - Started process (PID=321622) to work on /home/phuc/Practice/DataScience/DSProject/venv/lib/python3.10/site-packages/airflow/example_dags/example_branch_operator.py
[2023-12-17T08:30:46.730+0700] {processor.py:829} INFO - Processing file /home/phuc/Practice/DataScience/DSProject/venv/lib/python3.10/site-packages/airflow/example_dags/example_branch_operator.py for tasks to queue
[2023-12-17T08:30:46.731+0700] {logging_mixin.py:154} INFO - [2023-12-17T08:30:46.730+0700] {dagbag.py:536} INFO - Filling up the DagBag from /home/phuc/Practice/DataScience/DSProject/venv/lib/python3.10/site-packages/airflow/example_dags/example_branch_operator.py
[2023-12-17T08:30:46.736+0700] {processor.py:839} INFO - DAG(s) dict_keys(['example_branch_operator']) retrieved from /home/phuc/Practice/DataScience/DSProject/venv/lib/python3.10/site-packages/airflow/example_dags/example_branch_operator.py
[2023-12-17T08:30:46.746+0700] {logging_mixin.py:154} INFO - [2023-12-17T08:30:46.746+0700] {dag.py:2941} INFO - Sync 1 DAGs
[2023-12-17T08:30:46.757+0700] {logging_mixin.py:154} INFO - [2023-12-17T08:30:46.756+0700] {dag.py:3722} INFO - Setting next_dagrun for example_branch_operator to 2023-12-16T00:00:00+00:00, run_after=2023-12-17T00:00:00+00:00
[2023-12-17T08:30:46.769+0700] {processor.py:179} INFO - Processing /home/phuc/Practice/DataScience/DSProject/venv/lib/python3.10/site-packages/airflow/example_dags/example_branch_operator.py took 0.047 seconds
[2023-12-17T08:31:39.023+0700] {processor.py:157} INFO - Started process (PID=321976) to work on /home/phuc/Practice/DataScience/DSProject/venv/lib/python3.10/site-packages/airflow/example_dags/example_branch_operator.py
[2023-12-17T08:31:39.030+0700] {processor.py:829} INFO - Processing file /home/phuc/Practice/DataScience/DSProject/venv/lib/python3.10/site-packages/airflow/example_dags/example_branch_operator.py for tasks to queue
[2023-12-17T08:31:39.032+0700] {logging_mixin.py:154} INFO - [2023-12-17T08:31:39.031+0700] {dagbag.py:536} INFO - Filling up the DagBag from /home/phuc/Practice/DataScience/DSProject/venv/lib/python3.10/site-packages/airflow/example_dags/example_branch_operator.py
[2023-12-17T08:31:39.039+0700] {processor.py:839} INFO - DAG(s) dict_keys(['example_branch_operator']) retrieved from /home/phuc/Practice/DataScience/DSProject/venv/lib/python3.10/site-packages/airflow/example_dags/example_branch_operator.py
[2023-12-17T08:31:39.048+0700] {logging_mixin.py:154} INFO - [2023-12-17T08:31:39.048+0700] {dag.py:2941} INFO - Sync 1 DAGs
[2023-12-17T08:31:39.057+0700] {logging_mixin.py:154} INFO - [2023-12-17T08:31:39.057+0700] {dag.py:3722} INFO - Setting next_dagrun for example_branch_operator to 2023-12-16T00:00:00+00:00, run_after=2023-12-17T00:00:00+00:00
[2023-12-17T08:31:39.066+0700] {processor.py:179} INFO - Processing /home/phuc/Practice/DataScience/DSProject/venv/lib/python3.10/site-packages/airflow/example_dags/example_branch_operator.py took 0.044 seconds
[2023-12-17T08:33:00.051+0700] {processor.py:157} INFO - Started process (PID=323059) to work on /home/phuc/Practice/DataScience/DSProject/venv/lib/python3.10/site-packages/airflow/example_dags/example_branch_operator.py
[2023-12-17T08:33:00.058+0700] {processor.py:829} INFO - Processing file /home/phuc/Practice/DataScience/DSProject/venv/lib/python3.10/site-packages/airflow/example_dags/example_branch_operator.py for tasks to queue
[2023-12-17T08:33:00.058+0700] {logging_mixin.py:154} INFO - [2023-12-17T08:33:00.058+0700] {dagbag.py:536} INFO - Filling up the DagBag from /home/phuc/Practice/DataScience/DSProject/venv/lib/python3.10/site-packages/airflow/example_dags/example_branch_operator.py
[2023-12-17T08:33:00.063+0700] {processor.py:839} INFO - DAG(s) dict_keys(['example_branch_operator']) retrieved from /home/phuc/Practice/DataScience/DSProject/venv/lib/python3.10/site-packages/airflow/example_dags/example_branch_operator.py
[2023-12-17T08:33:00.074+0700] {logging_mixin.py:154} INFO - [2023-12-17T08:33:00.074+0700] {dag.py:2941} INFO - Sync 1 DAGs
[2023-12-17T08:33:00.086+0700] {logging_mixin.py:154} INFO - [2023-12-17T08:33:00.085+0700] {dag.py:3722} INFO - Setting next_dagrun for example_branch_operator to 2023-12-16T00:00:00+00:00, run_after=2023-12-17T00:00:00+00:00
[2023-12-17T08:33:00.101+0700] {processor.py:179} INFO - Processing /home/phuc/Practice/DataScience/DSProject/venv/lib/python3.10/site-packages/airflow/example_dags/example_branch_operator.py took 0.051 seconds
[2023-12-17T08:33:47.396+0700] {processor.py:157} INFO - Started process (PID=323280) to work on /home/phuc/Practice/DataScience/DSProject/venv/lib/python3.10/site-packages/airflow/example_dags/example_branch_operator.py
[2023-12-17T08:33:47.398+0700] {processor.py:829} INFO - Processing file /home/phuc/Practice/DataScience/DSProject/venv/lib/python3.10/site-packages/airflow/example_dags/example_branch_operator.py for tasks to queue
[2023-12-17T08:33:47.399+0700] {logging_mixin.py:154} INFO - [2023-12-17T08:33:47.399+0700] {dagbag.py:536} INFO - Filling up the DagBag from /home/phuc/Practice/DataScience/DSProject/venv/lib/python3.10/site-packages/airflow/example_dags/example_branch_operator.py
[2023-12-17T08:33:47.404+0700] {processor.py:839} INFO - DAG(s) dict_keys(['example_branch_operator']) retrieved from /home/phuc/Practice/DataScience/DSProject/venv/lib/python3.10/site-packages/airflow/example_dags/example_branch_operator.py
[2023-12-17T08:33:47.413+0700] {logging_mixin.py:154} INFO - [2023-12-17T08:33:47.413+0700] {dag.py:2941} INFO - Sync 1 DAGs
[2023-12-17T08:33:47.423+0700] {logging_mixin.py:154} INFO - [2023-12-17T08:33:47.423+0700] {dag.py:3722} INFO - Setting next_dagrun for example_branch_operator to 2023-12-16T00:00:00+00:00, run_after=2023-12-17T00:00:00+00:00
[2023-12-17T08:33:47.434+0700] {processor.py:179} INFO - Processing /home/phuc/Practice/DataScience/DSProject/venv/lib/python3.10/site-packages/airflow/example_dags/example_branch_operator.py took 0.040 seconds
[2023-12-17T08:34:42.917+0700] {processor.py:157} INFO - Started process (PID=323774) to work on /home/phuc/Practice/DataScience/DSProject/venv/lib/python3.10/site-packages/airflow/example_dags/example_branch_operator.py
[2023-12-17T08:34:42.924+0700] {processor.py:829} INFO - Processing file /home/phuc/Practice/DataScience/DSProject/venv/lib/python3.10/site-packages/airflow/example_dags/example_branch_operator.py for tasks to queue
[2023-12-17T08:34:42.925+0700] {logging_mixin.py:154} INFO - [2023-12-17T08:34:42.925+0700] {dagbag.py:536} INFO - Filling up the DagBag from /home/phuc/Practice/DataScience/DSProject/venv/lib/python3.10/site-packages/airflow/example_dags/example_branch_operator.py
[2023-12-17T08:34:42.937+0700] {processor.py:839} INFO - DAG(s) dict_keys(['example_branch_operator']) retrieved from /home/phuc/Practice/DataScience/DSProject/venv/lib/python3.10/site-packages/airflow/example_dags/example_branch_operator.py
[2023-12-17T08:34:42.947+0700] {logging_mixin.py:154} INFO - [2023-12-17T08:34:42.947+0700] {dag.py:2941} INFO - Sync 1 DAGs
[2023-12-17T08:34:42.956+0700] {logging_mixin.py:154} INFO - [2023-12-17T08:34:42.956+0700] {dag.py:3722} INFO - Setting next_dagrun for example_branch_operator to 2023-12-16T00:00:00+00:00, run_after=2023-12-17T00:00:00+00:00
[2023-12-17T08:34:42.966+0700] {processor.py:179} INFO - Processing /home/phuc/Practice/DataScience/DSProject/venv/lib/python3.10/site-packages/airflow/example_dags/example_branch_operator.py took 0.052 seconds
[2023-12-17T08:35:39.066+0700] {processor.py:157} INFO - Started process (PID=324171) to work on /home/phuc/Practice/DataScience/DSProject/venv/lib/python3.10/site-packages/airflow/example_dags/example_branch_operator.py
[2023-12-17T08:35:39.073+0700] {processor.py:829} INFO - Processing file /home/phuc/Practice/DataScience/DSProject/venv/lib/python3.10/site-packages/airflow/example_dags/example_branch_operator.py for tasks to queue
[2023-12-17T08:35:39.074+0700] {logging_mixin.py:154} INFO - [2023-12-17T08:35:39.074+0700] {dagbag.py:536} INFO - Filling up the DagBag from /home/phuc/Practice/DataScience/DSProject/venv/lib/python3.10/site-packages/airflow/example_dags/example_branch_operator.py
[2023-12-17T08:35:39.082+0700] {processor.py:839} INFO - DAG(s) dict_keys(['example_branch_operator']) retrieved from /home/phuc/Practice/DataScience/DSProject/venv/lib/python3.10/site-packages/airflow/example_dags/example_branch_operator.py
[2023-12-17T08:35:39.090+0700] {logging_mixin.py:154} INFO - [2023-12-17T08:35:39.090+0700] {dag.py:2941} INFO - Sync 1 DAGs
[2023-12-17T08:35:39.099+0700] {logging_mixin.py:154} INFO - [2023-12-17T08:35:39.099+0700] {dag.py:3722} INFO - Setting next_dagrun for example_branch_operator to 2023-12-16T00:00:00+00:00, run_after=2023-12-17T00:00:00+00:00
[2023-12-17T08:35:39.108+0700] {processor.py:179} INFO - Processing /home/phuc/Practice/DataScience/DSProject/venv/lib/python3.10/site-packages/airflow/example_dags/example_branch_operator.py took 0.043 seconds
