[2023-12-17T08:03:22.730+0700] {processor.py:157} INFO - Started process (PID=309748) to work on /home/phuc/Practice/DataScience/DSProject/venv/lib/python3.10/site-packages/airflow/example_dags/example_short_circuit_decorator.py
[2023-12-17T08:03:22.731+0700] {processor.py:829} INFO - Processing file /home/phuc/Practice/DataScience/DSProject/venv/lib/python3.10/site-packages/airflow/example_dags/example_short_circuit_decorator.py for tasks to queue
[2023-12-17T08:03:22.731+0700] {logging_mixin.py:154} INFO - [2023-12-17T08:03:22.731+0700] {dagbag.py:536} INFO - Filling up the DagBag from /home/phuc/Practice/DataScience/DSProject/venv/lib/python3.10/site-packages/airflow/example_dags/example_short_circuit_decorator.py
[2023-12-17T08:03:22.741+0700] {processor.py:839} INFO - DAG(s) dict_keys(['example_short_circuit_decorator']) retrieved from /home/phuc/Practice/DataScience/DSProject/venv/lib/python3.10/site-packages/airflow/example_dags/example_short_circuit_decorator.py
[2023-12-17T08:03:22.830+0700] {logging_mixin.py:154} INFO - [2023-12-17T08:03:22.830+0700] {manager.py:499} INFO - Created Permission View: %s
[2023-12-17T08:03:22.838+0700] {logging_mixin.py:154} INFO - [2023-12-17T08:03:22.837+0700] {manager.py:499} INFO - Created Permission View: %s
[2023-12-17T08:03:22.843+0700] {logging_mixin.py:154} INFO - [2023-12-17T08:03:22.842+0700] {manager.py:499} INFO - Created Permission View: %s
[2023-12-17T08:03:22.843+0700] {logging_mixin.py:154} INFO - [2023-12-17T08:03:22.843+0700] {dag.py:2941} INFO - Sync 1 DAGs
[2023-12-17T08:03:22.851+0700] {logging_mixin.py:154} INFO - [2023-12-17T08:03:22.851+0700] {dag.py:2963} INFO - Creating ORM DAG for example_short_circuit_decorator
[2023-12-17T08:03:22.857+0700] {logging_mixin.py:154} INFO - [2023-12-17T08:03:22.857+0700] {dag.py:3722} INFO - Setting next_dagrun for example_short_circuit_decorator to 2023-12-16T01:03:22.857199+00:00, run_after=2023-12-17T01:03:22.857199+00:00
[2023-12-17T08:03:22.872+0700] {processor.py:179} INFO - Processing /home/phuc/Practice/DataScience/DSProject/venv/lib/python3.10/site-packages/airflow/example_dags/example_short_circuit_decorator.py took 0.145 seconds
[2023-12-17T08:05:37.704+0700] {processor.py:157} INFO - Started process (PID=310981) to work on /home/phuc/Practice/DataScience/DSProject/venv/lib/python3.10/site-packages/airflow/example_dags/example_short_circuit_decorator.py
[2023-12-17T08:05:37.712+0700] {processor.py:829} INFO - Processing file /home/phuc/Practice/DataScience/DSProject/venv/lib/python3.10/site-packages/airflow/example_dags/example_short_circuit_decorator.py for tasks to queue
[2023-12-17T08:05:37.713+0700] {logging_mixin.py:154} INFO - [2023-12-17T08:05:37.713+0700] {dagbag.py:536} INFO - Filling up the DagBag from /home/phuc/Practice/DataScience/DSProject/venv/lib/python3.10/site-packages/airflow/example_dags/example_short_circuit_decorator.py
[2023-12-17T08:05:37.725+0700] {processor.py:839} INFO - DAG(s) dict_keys(['example_short_circuit_decorator']) retrieved from /home/phuc/Practice/DataScience/DSProject/venv/lib/python3.10/site-packages/airflow/example_dags/example_short_circuit_decorator.py
[2023-12-17T08:05:37.740+0700] {logging_mixin.py:154} INFO - [2023-12-17T08:05:37.740+0700] {dag.py:2941} INFO - Sync 1 DAGs
[2023-12-17T08:05:37.752+0700] {logging_mixin.py:154} INFO - [2023-12-17T08:05:37.751+0700] {dag.py:3722} INFO - Setting next_dagrun for example_short_circuit_decorator to 2023-12-16T01:05:37.751704+00:00, run_after=2023-12-17T01:05:37.751704+00:00
[2023-12-17T08:05:37.766+0700] {processor.py:179} INFO - Processing /home/phuc/Practice/DataScience/DSProject/venv/lib/python3.10/site-packages/airflow/example_dags/example_short_circuit_decorator.py took 0.065 seconds
[2023-12-17T08:06:26.361+0700] {processor.py:157} INFO - Started process (PID=311485) to work on /home/phuc/Practice/DataScience/DSProject/venv/lib/python3.10/site-packages/airflow/example_dags/example_short_circuit_decorator.py
[2023-12-17T08:06:26.362+0700] {processor.py:829} INFO - Processing file /home/phuc/Practice/DataScience/DSProject/venv/lib/python3.10/site-packages/airflow/example_dags/example_short_circuit_decorator.py for tasks to queue
[2023-12-17T08:06:26.363+0700] {logging_mixin.py:154} INFO - [2023-12-17T08:06:26.362+0700] {dagbag.py:536} INFO - Filling up the DagBag from /home/phuc/Practice/DataScience/DSProject/venv/lib/python3.10/site-packages/airflow/example_dags/example_short_circuit_decorator.py
[2023-12-17T08:06:26.369+0700] {processor.py:839} INFO - DAG(s) dict_keys(['example_short_circuit_decorator']) retrieved from /home/phuc/Practice/DataScience/DSProject/venv/lib/python3.10/site-packages/airflow/example_dags/example_short_circuit_decorator.py
[2023-12-17T08:06:26.383+0700] {logging_mixin.py:154} INFO - [2023-12-17T08:06:26.382+0700] {dag.py:2941} INFO - Sync 1 DAGs
[2023-12-17T08:06:26.395+0700] {logging_mixin.py:154} INFO - [2023-12-17T08:06:26.395+0700] {dag.py:3722} INFO - Setting next_dagrun for example_short_circuit_decorator to 2023-12-16T01:06:26.394842+00:00, run_after=2023-12-17T01:06:26.394842+00:00
[2023-12-17T08:06:26.410+0700] {processor.py:179} INFO - Processing /home/phuc/Practice/DataScience/DSProject/venv/lib/python3.10/site-packages/airflow/example_dags/example_short_circuit_decorator.py took 0.051 seconds
[2023-12-17T08:07:12.752+0700] {processor.py:157} INFO - Started process (PID=311973) to work on /home/phuc/Practice/DataScience/DSProject/venv/lib/python3.10/site-packages/airflow/example_dags/example_short_circuit_decorator.py
[2023-12-17T08:07:12.759+0700] {processor.py:829} INFO - Processing file /home/phuc/Practice/DataScience/DSProject/venv/lib/python3.10/site-packages/airflow/example_dags/example_short_circuit_decorator.py for tasks to queue
[2023-12-17T08:07:12.761+0700] {logging_mixin.py:154} INFO - [2023-12-17T08:07:12.760+0700] {dagbag.py:536} INFO - Filling up the DagBag from /home/phuc/Practice/DataScience/DSProject/venv/lib/python3.10/site-packages/airflow/example_dags/example_short_circuit_decorator.py
[2023-12-17T08:07:12.772+0700] {processor.py:839} INFO - DAG(s) dict_keys(['example_short_circuit_decorator']) retrieved from /home/phuc/Practice/DataScience/DSProject/venv/lib/python3.10/site-packages/airflow/example_dags/example_short_circuit_decorator.py
[2023-12-17T08:07:12.786+0700] {logging_mixin.py:154} INFO - [2023-12-17T08:07:12.786+0700] {dag.py:2941} INFO - Sync 1 DAGs
[2023-12-17T08:07:12.799+0700] {logging_mixin.py:154} INFO - [2023-12-17T08:07:12.799+0700] {dag.py:3722} INFO - Setting next_dagrun for example_short_circuit_decorator to 2023-12-16T01:07:12.799029+00:00, run_after=2023-12-17T01:07:12.799029+00:00
[2023-12-17T08:07:12.815+0700] {processor.py:179} INFO - Processing /home/phuc/Practice/DataScience/DSProject/venv/lib/python3.10/site-packages/airflow/example_dags/example_short_circuit_decorator.py took 0.065 seconds
[2023-12-17T08:08:35.222+0700] {processor.py:157} INFO - Started process (PID=313126) to work on /home/phuc/Practice/DataScience/DSProject/venv/lib/python3.10/site-packages/airflow/example_dags/example_short_circuit_decorator.py
[2023-12-17T08:08:35.229+0700] {processor.py:829} INFO - Processing file /home/phuc/Practice/DataScience/DSProject/venv/lib/python3.10/site-packages/airflow/example_dags/example_short_circuit_decorator.py for tasks to queue
[2023-12-17T08:08:35.230+0700] {logging_mixin.py:154} INFO - [2023-12-17T08:08:35.229+0700] {dagbag.py:536} INFO - Filling up the DagBag from /home/phuc/Practice/DataScience/DSProject/venv/lib/python3.10/site-packages/airflow/example_dags/example_short_circuit_decorator.py
[2023-12-17T08:08:35.235+0700] {processor.py:839} INFO - DAG(s) dict_keys(['example_short_circuit_decorator']) retrieved from /home/phuc/Practice/DataScience/DSProject/venv/lib/python3.10/site-packages/airflow/example_dags/example_short_circuit_decorator.py
[2023-12-17T08:08:35.245+0700] {logging_mixin.py:154} INFO - [2023-12-17T08:08:35.245+0700] {dag.py:2941} INFO - Sync 1 DAGs
[2023-12-17T08:08:35.255+0700] {logging_mixin.py:154} INFO - [2023-12-17T08:08:35.255+0700] {dag.py:3722} INFO - Setting next_dagrun for example_short_circuit_decorator to 2023-12-16T01:08:35.255511+00:00, run_after=2023-12-17T01:08:35.255511+00:00
[2023-12-17T08:08:35.269+0700] {processor.py:179} INFO - Processing /home/phuc/Practice/DataScience/DSProject/venv/lib/python3.10/site-packages/airflow/example_dags/example_short_circuit_decorator.py took 0.049 seconds
[2023-12-17T08:09:21.582+0700] {processor.py:157} INFO - Started process (PID=313447) to work on /home/phuc/Practice/DataScience/DSProject/venv/lib/python3.10/site-packages/airflow/example_dags/example_short_circuit_decorator.py
[2023-12-17T08:09:21.584+0700] {processor.py:829} INFO - Processing file /home/phuc/Practice/DataScience/DSProject/venv/lib/python3.10/site-packages/airflow/example_dags/example_short_circuit_decorator.py for tasks to queue
[2023-12-17T08:09:21.585+0700] {logging_mixin.py:154} INFO - [2023-12-17T08:09:21.585+0700] {dagbag.py:536} INFO - Filling up the DagBag from /home/phuc/Practice/DataScience/DSProject/venv/lib/python3.10/site-packages/airflow/example_dags/example_short_circuit_decorator.py
[2023-12-17T08:09:21.595+0700] {processor.py:839} INFO - DAG(s) dict_keys(['example_short_circuit_decorator']) retrieved from /home/phuc/Practice/DataScience/DSProject/venv/lib/python3.10/site-packages/airflow/example_dags/example_short_circuit_decorator.py
[2023-12-17T08:09:21.606+0700] {logging_mixin.py:154} INFO - [2023-12-17T08:09:21.606+0700] {dag.py:2941} INFO - Sync 1 DAGs
[2023-12-17T08:09:21.615+0700] {logging_mixin.py:154} INFO - [2023-12-17T08:09:21.615+0700] {dag.py:3722} INFO - Setting next_dagrun for example_short_circuit_decorator to 2023-12-16T01:09:21.615703+00:00, run_after=2023-12-17T01:09:21.615703+00:00
[2023-12-17T08:09:21.628+0700] {processor.py:179} INFO - Processing /home/phuc/Practice/DataScience/DSProject/venv/lib/python3.10/site-packages/airflow/example_dags/example_short_circuit_decorator.py took 0.050 seconds
[2023-12-17T08:10:09.430+0700] {processor.py:157} INFO - Started process (PID=313796) to work on /home/phuc/Practice/DataScience/DSProject/venv/lib/python3.10/site-packages/airflow/example_dags/example_short_circuit_decorator.py
[2023-12-17T08:10:09.437+0700] {processor.py:829} INFO - Processing file /home/phuc/Practice/DataScience/DSProject/venv/lib/python3.10/site-packages/airflow/example_dags/example_short_circuit_decorator.py for tasks to queue
[2023-12-17T08:10:09.438+0700] {logging_mixin.py:154} INFO - [2023-12-17T08:10:09.438+0700] {dagbag.py:536} INFO - Filling up the DagBag from /home/phuc/Practice/DataScience/DSProject/venv/lib/python3.10/site-packages/airflow/example_dags/example_short_circuit_decorator.py
[2023-12-17T08:10:09.450+0700] {processor.py:839} INFO - DAG(s) dict_keys(['example_short_circuit_decorator']) retrieved from /home/phuc/Practice/DataScience/DSProject/venv/lib/python3.10/site-packages/airflow/example_dags/example_short_circuit_decorator.py
[2023-12-17T08:10:09.462+0700] {logging_mixin.py:154} INFO - [2023-12-17T08:10:09.462+0700] {dag.py:2941} INFO - Sync 1 DAGs
[2023-12-17T08:10:09.470+0700] {logging_mixin.py:154} INFO - [2023-12-17T08:10:09.470+0700] {dag.py:3722} INFO - Setting next_dagrun for example_short_circuit_decorator to 2023-12-16T01:10:09.470639+00:00, run_after=2023-12-17T01:10:09.470639+00:00
[2023-12-17T08:10:09.482+0700] {processor.py:179} INFO - Processing /home/phuc/Practice/DataScience/DSProject/venv/lib/python3.10/site-packages/airflow/example_dags/example_short_circuit_decorator.py took 0.054 seconds
[2023-12-17T08:11:00.544+0700] {processor.py:157} INFO - Started process (PID=314013) to work on /home/phuc/Practice/DataScience/DSProject/venv/lib/python3.10/site-packages/airflow/example_dags/example_short_circuit_decorator.py
[2023-12-17T08:11:00.551+0700] {processor.py:829} INFO - Processing file /home/phuc/Practice/DataScience/DSProject/venv/lib/python3.10/site-packages/airflow/example_dags/example_short_circuit_decorator.py for tasks to queue
[2023-12-17T08:11:00.553+0700] {logging_mixin.py:154} INFO - [2023-12-17T08:11:00.552+0700] {dagbag.py:536} INFO - Filling up the DagBag from /home/phuc/Practice/DataScience/DSProject/venv/lib/python3.10/site-packages/airflow/example_dags/example_short_circuit_decorator.py
[2023-12-17T08:11:00.564+0700] {processor.py:839} INFO - DAG(s) dict_keys(['example_short_circuit_decorator']) retrieved from /home/phuc/Practice/DataScience/DSProject/venv/lib/python3.10/site-packages/airflow/example_dags/example_short_circuit_decorator.py
[2023-12-17T08:11:00.576+0700] {logging_mixin.py:154} INFO - [2023-12-17T08:11:00.575+0700] {dag.py:2941} INFO - Sync 1 DAGs
[2023-12-17T08:11:00.589+0700] {logging_mixin.py:154} INFO - [2023-12-17T08:11:00.589+0700] {dag.py:3722} INFO - Setting next_dagrun for example_short_circuit_decorator to 2023-12-16T01:11:00.589419+00:00, run_after=2023-12-17T01:11:00.589419+00:00
[2023-12-17T08:11:00.602+0700] {processor.py:179} INFO - Processing /home/phuc/Practice/DataScience/DSProject/venv/lib/python3.10/site-packages/airflow/example_dags/example_short_circuit_decorator.py took 0.062 seconds
[2023-12-17T08:11:48.905+0700] {processor.py:157} INFO - Started process (PID=314244) to work on /home/phuc/Practice/DataScience/DSProject/venv/lib/python3.10/site-packages/airflow/example_dags/example_short_circuit_decorator.py
[2023-12-17T08:11:48.912+0700] {processor.py:829} INFO - Processing file /home/phuc/Practice/DataScience/DSProject/venv/lib/python3.10/site-packages/airflow/example_dags/example_short_circuit_decorator.py for tasks to queue
[2023-12-17T08:11:48.913+0700] {logging_mixin.py:154} INFO - [2023-12-17T08:11:48.913+0700] {dagbag.py:536} INFO - Filling up the DagBag from /home/phuc/Practice/DataScience/DSProject/venv/lib/python3.10/site-packages/airflow/example_dags/example_short_circuit_decorator.py
[2023-12-17T08:11:48.925+0700] {processor.py:839} INFO - DAG(s) dict_keys(['example_short_circuit_decorator']) retrieved from /home/phuc/Practice/DataScience/DSProject/venv/lib/python3.10/site-packages/airflow/example_dags/example_short_circuit_decorator.py
[2023-12-17T08:11:48.937+0700] {logging_mixin.py:154} INFO - [2023-12-17T08:11:48.937+0700] {dag.py:2941} INFO - Sync 1 DAGs
[2023-12-17T08:11:48.949+0700] {logging_mixin.py:154} INFO - [2023-12-17T08:11:48.948+0700] {dag.py:3722} INFO - Setting next_dagrun for example_short_circuit_decorator to 2023-12-16T01:11:48.948822+00:00, run_after=2023-12-17T01:11:48.948822+00:00
[2023-12-17T08:11:48.964+0700] {processor.py:179} INFO - Processing /home/phuc/Practice/DataScience/DSProject/venv/lib/python3.10/site-packages/airflow/example_dags/example_short_circuit_decorator.py took 0.063 seconds
[2023-12-17T08:12:40.915+0700] {processor.py:157} INFO - Started process (PID=314498) to work on /home/phuc/Practice/DataScience/DSProject/venv/lib/python3.10/site-packages/airflow/example_dags/example_short_circuit_decorator.py
[2023-12-17T08:12:40.922+0700] {processor.py:829} INFO - Processing file /home/phuc/Practice/DataScience/DSProject/venv/lib/python3.10/site-packages/airflow/example_dags/example_short_circuit_decorator.py for tasks to queue
[2023-12-17T08:12:40.923+0700] {logging_mixin.py:154} INFO - [2023-12-17T08:12:40.922+0700] {dagbag.py:536} INFO - Filling up the DagBag from /home/phuc/Practice/DataScience/DSProject/venv/lib/python3.10/site-packages/airflow/example_dags/example_short_circuit_decorator.py
[2023-12-17T08:12:40.929+0700] {processor.py:839} INFO - DAG(s) dict_keys(['example_short_circuit_decorator']) retrieved from /home/phuc/Practice/DataScience/DSProject/venv/lib/python3.10/site-packages/airflow/example_dags/example_short_circuit_decorator.py
[2023-12-17T08:12:40.942+0700] {logging_mixin.py:154} INFO - [2023-12-17T08:12:40.942+0700] {dag.py:2941} INFO - Sync 1 DAGs
[2023-12-17T08:12:40.955+0700] {logging_mixin.py:154} INFO - [2023-12-17T08:12:40.955+0700] {dag.py:3722} INFO - Setting next_dagrun for example_short_circuit_decorator to 2023-12-16T01:12:40.955462+00:00, run_after=2023-12-17T01:12:40.955462+00:00
[2023-12-17T08:12:40.971+0700] {processor.py:179} INFO - Processing /home/phuc/Practice/DataScience/DSProject/venv/lib/python3.10/site-packages/airflow/example_dags/example_short_circuit_decorator.py took 0.059 seconds
[2023-12-17T08:13:24.457+0700] {processor.py:157} INFO - Started process (PID=314736) to work on /home/phuc/Practice/DataScience/DSProject/venv/lib/python3.10/site-packages/airflow/example_dags/example_short_circuit_decorator.py
[2023-12-17T08:13:24.458+0700] {processor.py:829} INFO - Processing file /home/phuc/Practice/DataScience/DSProject/venv/lib/python3.10/site-packages/airflow/example_dags/example_short_circuit_decorator.py for tasks to queue
[2023-12-17T08:13:24.458+0700] {logging_mixin.py:154} INFO - [2023-12-17T08:13:24.458+0700] {dagbag.py:536} INFO - Filling up the DagBag from /home/phuc/Practice/DataScience/DSProject/venv/lib/python3.10/site-packages/airflow/example_dags/example_short_circuit_decorator.py
[2023-12-17T08:13:24.463+0700] {processor.py:839} INFO - DAG(s) dict_keys(['example_short_circuit_decorator']) retrieved from /home/phuc/Practice/DataScience/DSProject/venv/lib/python3.10/site-packages/airflow/example_dags/example_short_circuit_decorator.py
[2023-12-17T08:13:24.474+0700] {logging_mixin.py:154} INFO - [2023-12-17T08:13:24.474+0700] {dag.py:2941} INFO - Sync 1 DAGs
[2023-12-17T08:13:24.483+0700] {logging_mixin.py:154} INFO - [2023-12-17T08:13:24.483+0700] {dag.py:3722} INFO - Setting next_dagrun for example_short_circuit_decorator to 2023-12-16T01:13:24.483599+00:00, run_after=2023-12-17T01:13:24.483599+00:00
[2023-12-17T08:13:24.495+0700] {processor.py:179} INFO - Processing /home/phuc/Practice/DataScience/DSProject/venv/lib/python3.10/site-packages/airflow/example_dags/example_short_circuit_decorator.py took 0.041 seconds
[2023-12-17T08:14:14.747+0700] {processor.py:157} INFO - Started process (PID=314960) to work on /home/phuc/Practice/DataScience/DSProject/venv/lib/python3.10/site-packages/airflow/example_dags/example_short_circuit_decorator.py
[2023-12-17T08:14:14.755+0700] {processor.py:829} INFO - Processing file /home/phuc/Practice/DataScience/DSProject/venv/lib/python3.10/site-packages/airflow/example_dags/example_short_circuit_decorator.py for tasks to queue
[2023-12-17T08:14:14.756+0700] {logging_mixin.py:154} INFO - [2023-12-17T08:14:14.756+0700] {dagbag.py:536} INFO - Filling up the DagBag from /home/phuc/Practice/DataScience/DSProject/venv/lib/python3.10/site-packages/airflow/example_dags/example_short_circuit_decorator.py
[2023-12-17T08:14:14.768+0700] {processor.py:839} INFO - DAG(s) dict_keys(['example_short_circuit_decorator']) retrieved from /home/phuc/Practice/DataScience/DSProject/venv/lib/python3.10/site-packages/airflow/example_dags/example_short_circuit_decorator.py
[2023-12-17T08:14:14.779+0700] {logging_mixin.py:154} INFO - [2023-12-17T08:14:14.779+0700] {dag.py:2941} INFO - Sync 1 DAGs
[2023-12-17T08:14:14.788+0700] {logging_mixin.py:154} INFO - [2023-12-17T08:14:14.788+0700] {dag.py:3722} INFO - Setting next_dagrun for example_short_circuit_decorator to 2023-12-16T01:14:14.788228+00:00, run_after=2023-12-17T01:14:14.788228+00:00
[2023-12-17T08:14:14.800+0700] {processor.py:179} INFO - Processing /home/phuc/Practice/DataScience/DSProject/venv/lib/python3.10/site-packages/airflow/example_dags/example_short_circuit_decorator.py took 0.057 seconds
[2023-12-17T08:15:10.726+0700] {processor.py:157} INFO - Started process (PID=315208) to work on /home/phuc/Practice/DataScience/DSProject/venv/lib/python3.10/site-packages/airflow/example_dags/example_short_circuit_decorator.py
[2023-12-17T08:15:10.733+0700] {processor.py:829} INFO - Processing file /home/phuc/Practice/DataScience/DSProject/venv/lib/python3.10/site-packages/airflow/example_dags/example_short_circuit_decorator.py for tasks to queue
[2023-12-17T08:15:10.735+0700] {logging_mixin.py:154} INFO - [2023-12-17T08:15:10.734+0700] {dagbag.py:536} INFO - Filling up the DagBag from /home/phuc/Practice/DataScience/DSProject/venv/lib/python3.10/site-packages/airflow/example_dags/example_short_circuit_decorator.py
[2023-12-17T08:15:10.742+0700] {processor.py:839} INFO - DAG(s) dict_keys(['example_short_circuit_decorator']) retrieved from /home/phuc/Practice/DataScience/DSProject/venv/lib/python3.10/site-packages/airflow/example_dags/example_short_circuit_decorator.py
[2023-12-17T08:15:10.753+0700] {logging_mixin.py:154} INFO - [2023-12-17T08:15:10.752+0700] {dag.py:2941} INFO - Sync 1 DAGs
[2023-12-17T08:15:10.762+0700] {logging_mixin.py:154} INFO - [2023-12-17T08:15:10.761+0700] {dag.py:3722} INFO - Setting next_dagrun for example_short_circuit_decorator to 2023-12-16T01:15:10.761808+00:00, run_after=2023-12-17T01:15:10.761808+00:00
[2023-12-17T08:15:10.773+0700] {processor.py:179} INFO - Processing /home/phuc/Practice/DataScience/DSProject/venv/lib/python3.10/site-packages/airflow/example_dags/example_short_circuit_decorator.py took 0.051 seconds
[2023-12-17T08:16:01.150+0700] {processor.py:157} INFO - Started process (PID=315488) to work on /home/phuc/Practice/DataScience/DSProject/venv/lib/python3.10/site-packages/airflow/example_dags/example_short_circuit_decorator.py
[2023-12-17T08:16:01.151+0700] {processor.py:829} INFO - Processing file /home/phuc/Practice/DataScience/DSProject/venv/lib/python3.10/site-packages/airflow/example_dags/example_short_circuit_decorator.py for tasks to queue
[2023-12-17T08:16:01.152+0700] {logging_mixin.py:154} INFO - [2023-12-17T08:16:01.152+0700] {dagbag.py:536} INFO - Filling up the DagBag from /home/phuc/Practice/DataScience/DSProject/venv/lib/python3.10/site-packages/airflow/example_dags/example_short_circuit_decorator.py
[2023-12-17T08:16:01.162+0700] {processor.py:839} INFO - DAG(s) dict_keys(['example_short_circuit_decorator']) retrieved from /home/phuc/Practice/DataScience/DSProject/venv/lib/python3.10/site-packages/airflow/example_dags/example_short_circuit_decorator.py
[2023-12-17T08:16:01.181+0700] {logging_mixin.py:154} INFO - [2023-12-17T08:16:01.181+0700] {dag.py:2941} INFO - Sync 1 DAGs
[2023-12-17T08:16:01.199+0700] {logging_mixin.py:154} INFO - [2023-12-17T08:16:01.198+0700] {dag.py:3722} INFO - Setting next_dagrun for example_short_circuit_decorator to 2023-12-16T01:16:01.198503+00:00, run_after=2023-12-17T01:16:01.198503+00:00
[2023-12-17T08:16:01.220+0700] {processor.py:179} INFO - Processing /home/phuc/Practice/DataScience/DSProject/venv/lib/python3.10/site-packages/airflow/example_dags/example_short_circuit_decorator.py took 0.073 seconds
[2023-12-17T08:17:54.782+0700] {processor.py:157} INFO - Started process (PID=316416) to work on /home/phuc/Practice/DataScience/DSProject/venv/lib/python3.10/site-packages/airflow/example_dags/example_short_circuit_decorator.py
[2023-12-17T08:17:54.789+0700] {processor.py:829} INFO - Processing file /home/phuc/Practice/DataScience/DSProject/venv/lib/python3.10/site-packages/airflow/example_dags/example_short_circuit_decorator.py for tasks to queue
[2023-12-17T08:17:54.790+0700] {logging_mixin.py:154} INFO - [2023-12-17T08:17:54.790+0700] {dagbag.py:536} INFO - Filling up the DagBag from /home/phuc/Practice/DataScience/DSProject/venv/lib/python3.10/site-packages/airflow/example_dags/example_short_circuit_decorator.py
[2023-12-17T08:17:54.802+0700] {processor.py:839} INFO - DAG(s) dict_keys(['example_short_circuit_decorator']) retrieved from /home/phuc/Practice/DataScience/DSProject/venv/lib/python3.10/site-packages/airflow/example_dags/example_short_circuit_decorator.py
[2023-12-17T08:17:54.815+0700] {logging_mixin.py:154} INFO - [2023-12-17T08:17:54.815+0700] {dag.py:2941} INFO - Sync 1 DAGs
[2023-12-17T08:17:54.824+0700] {logging_mixin.py:154} INFO - [2023-12-17T08:17:54.824+0700] {dag.py:3722} INFO - Setting next_dagrun for example_short_circuit_decorator to 2023-12-16T01:17:54.824172+00:00, run_after=2023-12-17T01:17:54.824172+00:00
[2023-12-17T08:17:54.835+0700] {processor.py:179} INFO - Processing /home/phuc/Practice/DataScience/DSProject/venv/lib/python3.10/site-packages/airflow/example_dags/example_short_circuit_decorator.py took 0.055 seconds
[2023-12-17T08:18:40.778+0700] {processor.py:157} INFO - Started process (PID=316714) to work on /home/phuc/Practice/DataScience/DSProject/venv/lib/python3.10/site-packages/airflow/example_dags/example_short_circuit_decorator.py
[2023-12-17T08:18:40.784+0700] {processor.py:829} INFO - Processing file /home/phuc/Practice/DataScience/DSProject/venv/lib/python3.10/site-packages/airflow/example_dags/example_short_circuit_decorator.py for tasks to queue
[2023-12-17T08:18:40.785+0700] {logging_mixin.py:154} INFO - [2023-12-17T08:18:40.785+0700] {dagbag.py:536} INFO - Filling up the DagBag from /home/phuc/Practice/DataScience/DSProject/venv/lib/python3.10/site-packages/airflow/example_dags/example_short_circuit_decorator.py
[2023-12-17T08:18:40.793+0700] {processor.py:839} INFO - DAG(s) dict_keys(['example_short_circuit_decorator']) retrieved from /home/phuc/Practice/DataScience/DSProject/venv/lib/python3.10/site-packages/airflow/example_dags/example_short_circuit_decorator.py
[2023-12-17T08:18:40.810+0700] {logging_mixin.py:154} INFO - [2023-12-17T08:18:40.809+0700] {dag.py:2941} INFO - Sync 1 DAGs
[2023-12-17T08:18:40.826+0700] {logging_mixin.py:154} INFO - [2023-12-17T08:18:40.825+0700] {dag.py:3722} INFO - Setting next_dagrun for example_short_circuit_decorator to 2023-12-16T01:18:40.825634+00:00, run_after=2023-12-17T01:18:40.825634+00:00
[2023-12-17T08:18:40.845+0700] {processor.py:179} INFO - Processing /home/phuc/Practice/DataScience/DSProject/venv/lib/python3.10/site-packages/airflow/example_dags/example_short_circuit_decorator.py took 0.070 seconds
[2023-12-17T08:19:28.946+0700] {processor.py:157} INFO - Started process (PID=317230) to work on /home/phuc/Practice/DataScience/DSProject/venv/lib/python3.10/site-packages/airflow/example_dags/example_short_circuit_decorator.py
[2023-12-17T08:19:28.953+0700] {processor.py:829} INFO - Processing file /home/phuc/Practice/DataScience/DSProject/venv/lib/python3.10/site-packages/airflow/example_dags/example_short_circuit_decorator.py for tasks to queue
[2023-12-17T08:19:28.954+0700] {logging_mixin.py:154} INFO - [2023-12-17T08:19:28.954+0700] {dagbag.py:536} INFO - Filling up the DagBag from /home/phuc/Practice/DataScience/DSProject/venv/lib/python3.10/site-packages/airflow/example_dags/example_short_circuit_decorator.py
[2023-12-17T08:19:28.961+0700] {processor.py:839} INFO - DAG(s) dict_keys(['example_short_circuit_decorator']) retrieved from /home/phuc/Practice/DataScience/DSProject/venv/lib/python3.10/site-packages/airflow/example_dags/example_short_circuit_decorator.py
[2023-12-17T08:19:28.974+0700] {logging_mixin.py:154} INFO - [2023-12-17T08:19:28.974+0700] {dag.py:2941} INFO - Sync 1 DAGs
[2023-12-17T08:19:28.986+0700] {logging_mixin.py:154} INFO - [2023-12-17T08:19:28.986+0700] {dag.py:3722} INFO - Setting next_dagrun for example_short_circuit_decorator to 2023-12-16T01:19:28.986573+00:00, run_after=2023-12-17T01:19:28.986573+00:00
[2023-12-17T08:19:29.000+0700] {processor.py:179} INFO - Processing /home/phuc/Practice/DataScience/DSProject/venv/lib/python3.10/site-packages/airflow/example_dags/example_short_circuit_decorator.py took 0.056 seconds
[2023-12-17T08:20:21.397+0700] {processor.py:157} INFO - Started process (PID=317762) to work on /home/phuc/Practice/DataScience/DSProject/venv/lib/python3.10/site-packages/airflow/example_dags/example_short_circuit_decorator.py
[2023-12-17T08:20:21.404+0700] {processor.py:829} INFO - Processing file /home/phuc/Practice/DataScience/DSProject/venv/lib/python3.10/site-packages/airflow/example_dags/example_short_circuit_decorator.py for tasks to queue
[2023-12-17T08:20:21.405+0700] {logging_mixin.py:154} INFO - [2023-12-17T08:20:21.405+0700] {dagbag.py:536} INFO - Filling up the DagBag from /home/phuc/Practice/DataScience/DSProject/venv/lib/python3.10/site-packages/airflow/example_dags/example_short_circuit_decorator.py
[2023-12-17T08:20:21.412+0700] {processor.py:839} INFO - DAG(s) dict_keys(['example_short_circuit_decorator']) retrieved from /home/phuc/Practice/DataScience/DSProject/venv/lib/python3.10/site-packages/airflow/example_dags/example_short_circuit_decorator.py
[2023-12-17T08:20:21.425+0700] {logging_mixin.py:154} INFO - [2023-12-17T08:20:21.425+0700] {dag.py:2941} INFO - Sync 1 DAGs
[2023-12-17T08:20:21.438+0700] {logging_mixin.py:154} INFO - [2023-12-17T08:20:21.438+0700] {dag.py:3722} INFO - Setting next_dagrun for example_short_circuit_decorator to 2023-12-16T01:20:21.438113+00:00, run_after=2023-12-17T01:20:21.438113+00:00
[2023-12-17T08:20:21.453+0700] {processor.py:179} INFO - Processing /home/phuc/Practice/DataScience/DSProject/venv/lib/python3.10/site-packages/airflow/example_dags/example_short_circuit_decorator.py took 0.059 seconds
[2023-12-17T08:22:04.208+0700] {processor.py:157} INFO - Started process (PID=318823) to work on /home/phuc/Practice/DataScience/DSProject/venv/lib/python3.10/site-packages/airflow/example_dags/example_short_circuit_decorator.py
[2023-12-17T08:22:04.215+0700] {processor.py:829} INFO - Processing file /home/phuc/Practice/DataScience/DSProject/venv/lib/python3.10/site-packages/airflow/example_dags/example_short_circuit_decorator.py for tasks to queue
[2023-12-17T08:22:04.216+0700] {logging_mixin.py:154} INFO - [2023-12-17T08:22:04.216+0700] {dagbag.py:536} INFO - Filling up the DagBag from /home/phuc/Practice/DataScience/DSProject/venv/lib/python3.10/site-packages/airflow/example_dags/example_short_circuit_decorator.py
[2023-12-17T08:22:04.227+0700] {processor.py:839} INFO - DAG(s) dict_keys(['example_short_circuit_decorator']) retrieved from /home/phuc/Practice/DataScience/DSProject/venv/lib/python3.10/site-packages/airflow/example_dags/example_short_circuit_decorator.py
[2023-12-17T08:22:04.243+0700] {logging_mixin.py:154} INFO - [2023-12-17T08:22:04.243+0700] {dag.py:2941} INFO - Sync 1 DAGs
[2023-12-17T08:22:04.255+0700] {logging_mixin.py:154} INFO - [2023-12-17T08:22:04.255+0700] {dag.py:3722} INFO - Setting next_dagrun for example_short_circuit_decorator to 2023-12-16T01:22:04.255320+00:00, run_after=2023-12-17T01:22:04.255320+00:00
[2023-12-17T08:22:04.270+0700] {processor.py:179} INFO - Processing /home/phuc/Practice/DataScience/DSProject/venv/lib/python3.10/site-packages/airflow/example_dags/example_short_circuit_decorator.py took 0.065 seconds
[2023-12-17T08:23:41.085+0700] {processor.py:157} INFO - Started process (PID=319555) to work on /home/phuc/Practice/DataScience/DSProject/venv/lib/python3.10/site-packages/airflow/example_dags/example_short_circuit_decorator.py
[2023-12-17T08:23:41.092+0700] {processor.py:829} INFO - Processing file /home/phuc/Practice/DataScience/DSProject/venv/lib/python3.10/site-packages/airflow/example_dags/example_short_circuit_decorator.py for tasks to queue
[2023-12-17T08:23:41.093+0700] {logging_mixin.py:154} INFO - [2023-12-17T08:23:41.092+0700] {dagbag.py:536} INFO - Filling up the DagBag from /home/phuc/Practice/DataScience/DSProject/venv/lib/python3.10/site-packages/airflow/example_dags/example_short_circuit_decorator.py
[2023-12-17T08:23:41.104+0700] {processor.py:839} INFO - DAG(s) dict_keys(['example_short_circuit_decorator']) retrieved from /home/phuc/Practice/DataScience/DSProject/venv/lib/python3.10/site-packages/airflow/example_dags/example_short_circuit_decorator.py
[2023-12-17T08:23:41.115+0700] {logging_mixin.py:154} INFO - [2023-12-17T08:23:41.115+0700] {dag.py:2941} INFO - Sync 1 DAGs
[2023-12-17T08:23:41.124+0700] {logging_mixin.py:154} INFO - [2023-12-17T08:23:41.124+0700] {dag.py:3722} INFO - Setting next_dagrun for example_short_circuit_decorator to 2023-12-16T01:23:41.124402+00:00, run_after=2023-12-17T01:23:41.124402+00:00
[2023-12-17T08:23:41.136+0700] {processor.py:179} INFO - Processing /home/phuc/Practice/DataScience/DSProject/venv/lib/python3.10/site-packages/airflow/example_dags/example_short_circuit_decorator.py took 0.054 seconds
[2023-12-17T08:24:27.285+0700] {processor.py:157} INFO - Started process (PID=319831) to work on /home/phuc/Practice/DataScience/DSProject/venv/lib/python3.10/site-packages/airflow/example_dags/example_short_circuit_decorator.py
[2023-12-17T08:24:27.293+0700] {processor.py:829} INFO - Processing file /home/phuc/Practice/DataScience/DSProject/venv/lib/python3.10/site-packages/airflow/example_dags/example_short_circuit_decorator.py for tasks to queue
[2023-12-17T08:24:27.294+0700] {logging_mixin.py:154} INFO - [2023-12-17T08:24:27.293+0700] {dagbag.py:536} INFO - Filling up the DagBag from /home/phuc/Practice/DataScience/DSProject/venv/lib/python3.10/site-packages/airflow/example_dags/example_short_circuit_decorator.py
[2023-12-17T08:24:27.306+0700] {processor.py:839} INFO - DAG(s) dict_keys(['example_short_circuit_decorator']) retrieved from /home/phuc/Practice/DataScience/DSProject/venv/lib/python3.10/site-packages/airflow/example_dags/example_short_circuit_decorator.py
[2023-12-17T08:24:27.317+0700] {logging_mixin.py:154} INFO - [2023-12-17T08:24:27.317+0700] {dag.py:2941} INFO - Sync 1 DAGs
[2023-12-17T08:24:27.326+0700] {logging_mixin.py:154} INFO - [2023-12-17T08:24:27.326+0700] {dag.py:3722} INFO - Setting next_dagrun for example_short_circuit_decorator to 2023-12-16T01:24:27.326493+00:00, run_after=2023-12-17T01:24:27.326493+00:00
[2023-12-17T08:24:27.338+0700] {processor.py:179} INFO - Processing /home/phuc/Practice/DataScience/DSProject/venv/lib/python3.10/site-packages/airflow/example_dags/example_short_circuit_decorator.py took 0.057 seconds
[2023-12-17T08:25:22.139+0700] {processor.py:157} INFO - Started process (PID=320074) to work on /home/phuc/Practice/DataScience/DSProject/venv/lib/python3.10/site-packages/airflow/example_dags/example_short_circuit_decorator.py
[2023-12-17T08:25:22.140+0700] {processor.py:829} INFO - Processing file /home/phuc/Practice/DataScience/DSProject/venv/lib/python3.10/site-packages/airflow/example_dags/example_short_circuit_decorator.py for tasks to queue
[2023-12-17T08:25:22.141+0700] {logging_mixin.py:154} INFO - [2023-12-17T08:25:22.141+0700] {dagbag.py:536} INFO - Filling up the DagBag from /home/phuc/Practice/DataScience/DSProject/venv/lib/python3.10/site-packages/airflow/example_dags/example_short_circuit_decorator.py
[2023-12-17T08:25:22.149+0700] {processor.py:839} INFO - DAG(s) dict_keys(['example_short_circuit_decorator']) retrieved from /home/phuc/Practice/DataScience/DSProject/venv/lib/python3.10/site-packages/airflow/example_dags/example_short_circuit_decorator.py
[2023-12-17T08:25:22.164+0700] {logging_mixin.py:154} INFO - [2023-12-17T08:25:22.164+0700] {dag.py:2941} INFO - Sync 1 DAGs
[2023-12-17T08:25:22.178+0700] {logging_mixin.py:154} INFO - [2023-12-17T08:25:22.177+0700] {dag.py:3722} INFO - Setting next_dagrun for example_short_circuit_decorator to 2023-12-16T01:25:22.177610+00:00, run_after=2023-12-17T01:25:22.177610+00:00
[2023-12-17T08:25:22.192+0700] {processor.py:179} INFO - Processing /home/phuc/Practice/DataScience/DSProject/venv/lib/python3.10/site-packages/airflow/example_dags/example_short_circuit_decorator.py took 0.055 seconds
[2023-12-17T08:26:08.944+0700] {processor.py:157} INFO - Started process (PID=320275) to work on /home/phuc/Practice/DataScience/DSProject/venv/lib/python3.10/site-packages/airflow/example_dags/example_short_circuit_decorator.py
[2023-12-17T08:26:08.951+0700] {processor.py:829} INFO - Processing file /home/phuc/Practice/DataScience/DSProject/venv/lib/python3.10/site-packages/airflow/example_dags/example_short_circuit_decorator.py for tasks to queue
[2023-12-17T08:26:08.953+0700] {logging_mixin.py:154} INFO - [2023-12-17T08:26:08.952+0700] {dagbag.py:536} INFO - Filling up the DagBag from /home/phuc/Practice/DataScience/DSProject/venv/lib/python3.10/site-packages/airflow/example_dags/example_short_circuit_decorator.py
[2023-12-17T08:26:08.965+0700] {processor.py:839} INFO - DAG(s) dict_keys(['example_short_circuit_decorator']) retrieved from /home/phuc/Practice/DataScience/DSProject/venv/lib/python3.10/site-packages/airflow/example_dags/example_short_circuit_decorator.py
[2023-12-17T08:26:08.977+0700] {logging_mixin.py:154} INFO - [2023-12-17T08:26:08.977+0700] {dag.py:2941} INFO - Sync 1 DAGs
[2023-12-17T08:26:08.987+0700] {logging_mixin.py:154} INFO - [2023-12-17T08:26:08.987+0700] {dag.py:3722} INFO - Setting next_dagrun for example_short_circuit_decorator to 2023-12-16T01:26:08.987059+00:00, run_after=2023-12-17T01:26:08.987059+00:00
[2023-12-17T08:26:08.999+0700] {processor.py:179} INFO - Processing /home/phuc/Practice/DataScience/DSProject/venv/lib/python3.10/site-packages/airflow/example_dags/example_short_circuit_decorator.py took 0.057 seconds
[2023-12-17T08:27:00.445+0700] {processor.py:157} INFO - Started process (PID=320582) to work on /home/phuc/Practice/DataScience/DSProject/venv/lib/python3.10/site-packages/airflow/example_dags/example_short_circuit_decorator.py
[2023-12-17T08:27:00.452+0700] {processor.py:829} INFO - Processing file /home/phuc/Practice/DataScience/DSProject/venv/lib/python3.10/site-packages/airflow/example_dags/example_short_circuit_decorator.py for tasks to queue
[2023-12-17T08:27:00.454+0700] {logging_mixin.py:154} INFO - [2023-12-17T08:27:00.453+0700] {dagbag.py:536} INFO - Filling up the DagBag from /home/phuc/Practice/DataScience/DSProject/venv/lib/python3.10/site-packages/airflow/example_dags/example_short_circuit_decorator.py
[2023-12-17T08:27:00.469+0700] {processor.py:839} INFO - DAG(s) dict_keys(['example_short_circuit_decorator']) retrieved from /home/phuc/Practice/DataScience/DSProject/venv/lib/python3.10/site-packages/airflow/example_dags/example_short_circuit_decorator.py
[2023-12-17T08:27:00.482+0700] {logging_mixin.py:154} INFO - [2023-12-17T08:27:00.482+0700] {dag.py:2941} INFO - Sync 1 DAGs
[2023-12-17T08:27:00.491+0700] {logging_mixin.py:154} INFO - [2023-12-17T08:27:00.491+0700] {dag.py:3722} INFO - Setting next_dagrun for example_short_circuit_decorator to 2023-12-16T01:27:00.491643+00:00, run_after=2023-12-17T01:27:00.491643+00:00
[2023-12-17T08:27:00.503+0700] {processor.py:179} INFO - Processing /home/phuc/Practice/DataScience/DSProject/venv/lib/python3.10/site-packages/airflow/example_dags/example_short_circuit_decorator.py took 0.061 seconds
[2023-12-17T08:27:51.895+0700] {processor.py:157} INFO - Started process (PID=320805) to work on /home/phuc/Practice/DataScience/DSProject/venv/lib/python3.10/site-packages/airflow/example_dags/example_short_circuit_decorator.py
[2023-12-17T08:27:51.902+0700] {processor.py:829} INFO - Processing file /home/phuc/Practice/DataScience/DSProject/venv/lib/python3.10/site-packages/airflow/example_dags/example_short_circuit_decorator.py for tasks to queue
[2023-12-17T08:27:51.903+0700] {logging_mixin.py:154} INFO - [2023-12-17T08:27:51.903+0700] {dagbag.py:536} INFO - Filling up the DagBag from /home/phuc/Practice/DataScience/DSProject/venv/lib/python3.10/site-packages/airflow/example_dags/example_short_circuit_decorator.py
[2023-12-17T08:27:51.914+0700] {processor.py:839} INFO - DAG(s) dict_keys(['example_short_circuit_decorator']) retrieved from /home/phuc/Practice/DataScience/DSProject/venv/lib/python3.10/site-packages/airflow/example_dags/example_short_circuit_decorator.py
[2023-12-17T08:27:51.930+0700] {logging_mixin.py:154} INFO - [2023-12-17T08:27:51.929+0700] {dag.py:2941} INFO - Sync 1 DAGs
[2023-12-17T08:27:51.942+0700] {logging_mixin.py:154} INFO - [2023-12-17T08:27:51.942+0700] {dag.py:3722} INFO - Setting next_dagrun for example_short_circuit_decorator to 2023-12-16T01:27:51.942002+00:00, run_after=2023-12-17T01:27:51.942002+00:00
[2023-12-17T08:27:51.957+0700] {processor.py:179} INFO - Processing /home/phuc/Practice/DataScience/DSProject/venv/lib/python3.10/site-packages/airflow/example_dags/example_short_circuit_decorator.py took 0.064 seconds
[2023-12-17T08:28:39.246+0700] {processor.py:157} INFO - Started process (PID=321019) to work on /home/phuc/Practice/DataScience/DSProject/venv/lib/python3.10/site-packages/airflow/example_dags/example_short_circuit_decorator.py
[2023-12-17T08:28:39.253+0700] {processor.py:829} INFO - Processing file /home/phuc/Practice/DataScience/DSProject/venv/lib/python3.10/site-packages/airflow/example_dags/example_short_circuit_decorator.py for tasks to queue
[2023-12-17T08:28:39.253+0700] {logging_mixin.py:154} INFO - [2023-12-17T08:28:39.253+0700] {dagbag.py:536} INFO - Filling up the DagBag from /home/phuc/Practice/DataScience/DSProject/venv/lib/python3.10/site-packages/airflow/example_dags/example_short_circuit_decorator.py
[2023-12-17T08:28:39.259+0700] {processor.py:839} INFO - DAG(s) dict_keys(['example_short_circuit_decorator']) retrieved from /home/phuc/Practice/DataScience/DSProject/venv/lib/python3.10/site-packages/airflow/example_dags/example_short_circuit_decorator.py
[2023-12-17T08:28:39.270+0700] {logging_mixin.py:154} INFO - [2023-12-17T08:28:39.270+0700] {dag.py:2941} INFO - Sync 1 DAGs
[2023-12-17T08:28:39.279+0700] {logging_mixin.py:154} INFO - [2023-12-17T08:28:39.279+0700] {dag.py:3722} INFO - Setting next_dagrun for example_short_circuit_decorator to 2023-12-16T01:28:39.279312+00:00, run_after=2023-12-17T01:28:39.279312+00:00
[2023-12-17T08:28:39.292+0700] {processor.py:179} INFO - Processing /home/phuc/Practice/DataScience/DSProject/venv/lib/python3.10/site-packages/airflow/example_dags/example_short_circuit_decorator.py took 0.048 seconds
[2023-12-17T08:29:28.563+0700] {processor.py:157} INFO - Started process (PID=321229) to work on /home/phuc/Practice/DataScience/DSProject/venv/lib/python3.10/site-packages/airflow/example_dags/example_short_circuit_decorator.py
[2023-12-17T08:29:28.570+0700] {processor.py:829} INFO - Processing file /home/phuc/Practice/DataScience/DSProject/venv/lib/python3.10/site-packages/airflow/example_dags/example_short_circuit_decorator.py for tasks to queue
[2023-12-17T08:29:28.572+0700] {logging_mixin.py:154} INFO - [2023-12-17T08:29:28.571+0700] {dagbag.py:536} INFO - Filling up the DagBag from /home/phuc/Practice/DataScience/DSProject/venv/lib/python3.10/site-packages/airflow/example_dags/example_short_circuit_decorator.py
[2023-12-17T08:29:28.583+0700] {processor.py:839} INFO - DAG(s) dict_keys(['example_short_circuit_decorator']) retrieved from /home/phuc/Practice/DataScience/DSProject/venv/lib/python3.10/site-packages/airflow/example_dags/example_short_circuit_decorator.py
[2023-12-17T08:29:28.594+0700] {logging_mixin.py:154} INFO - [2023-12-17T08:29:28.594+0700] {dag.py:2941} INFO - Sync 1 DAGs
[2023-12-17T08:29:28.602+0700] {logging_mixin.py:154} INFO - [2023-12-17T08:29:28.601+0700] {dag.py:3722} INFO - Setting next_dagrun for example_short_circuit_decorator to 2023-12-16T01:29:28.601826+00:00, run_after=2023-12-17T01:29:28.601826+00:00
[2023-12-17T08:29:28.612+0700] {processor.py:179} INFO - Processing /home/phuc/Practice/DataScience/DSProject/venv/lib/python3.10/site-packages/airflow/example_dags/example_short_circuit_decorator.py took 0.054 seconds
[2023-12-17T08:30:19.152+0700] {processor.py:157} INFO - Started process (PID=321469) to work on /home/phuc/Practice/DataScience/DSProject/venv/lib/python3.10/site-packages/airflow/example_dags/example_short_circuit_decorator.py
[2023-12-17T08:30:19.159+0700] {processor.py:829} INFO - Processing file /home/phuc/Practice/DataScience/DSProject/venv/lib/python3.10/site-packages/airflow/example_dags/example_short_circuit_decorator.py for tasks to queue
[2023-12-17T08:30:19.160+0700] {logging_mixin.py:154} INFO - [2023-12-17T08:30:19.160+0700] {dagbag.py:536} INFO - Filling up the DagBag from /home/phuc/Practice/DataScience/DSProject/venv/lib/python3.10/site-packages/airflow/example_dags/example_short_circuit_decorator.py
[2023-12-17T08:30:19.168+0700] {processor.py:839} INFO - DAG(s) dict_keys(['example_short_circuit_decorator']) retrieved from /home/phuc/Practice/DataScience/DSProject/venv/lib/python3.10/site-packages/airflow/example_dags/example_short_circuit_decorator.py
[2023-12-17T08:30:19.177+0700] {logging_mixin.py:154} INFO - [2023-12-17T08:30:19.177+0700] {dag.py:2941} INFO - Sync 1 DAGs
[2023-12-17T08:30:19.185+0700] {logging_mixin.py:154} INFO - [2023-12-17T08:30:19.185+0700] {dag.py:3722} INFO - Setting next_dagrun for example_short_circuit_decorator to 2023-12-16T01:30:19.185419+00:00, run_after=2023-12-17T01:30:19.185419+00:00
[2023-12-17T08:30:19.195+0700] {processor.py:179} INFO - Processing /home/phuc/Practice/DataScience/DSProject/venv/lib/python3.10/site-packages/airflow/example_dags/example_short_circuit_decorator.py took 0.044 seconds
[2023-12-17T08:31:10.996+0700] {processor.py:157} INFO - Started process (PID=321723) to work on /home/phuc/Practice/DataScience/DSProject/venv/lib/python3.10/site-packages/airflow/example_dags/example_short_circuit_decorator.py
[2023-12-17T08:31:11.003+0700] {processor.py:829} INFO - Processing file /home/phuc/Practice/DataScience/DSProject/venv/lib/python3.10/site-packages/airflow/example_dags/example_short_circuit_decorator.py for tasks to queue
[2023-12-17T08:31:11.004+0700] {logging_mixin.py:154} INFO - [2023-12-17T08:31:11.004+0700] {dagbag.py:536} INFO - Filling up the DagBag from /home/phuc/Practice/DataScience/DSProject/venv/lib/python3.10/site-packages/airflow/example_dags/example_short_circuit_decorator.py
[2023-12-17T08:31:11.016+0700] {processor.py:839} INFO - DAG(s) dict_keys(['example_short_circuit_decorator']) retrieved from /home/phuc/Practice/DataScience/DSProject/venv/lib/python3.10/site-packages/airflow/example_dags/example_short_circuit_decorator.py
[2023-12-17T08:31:11.026+0700] {logging_mixin.py:154} INFO - [2023-12-17T08:31:11.026+0700] {dag.py:2941} INFO - Sync 1 DAGs
[2023-12-17T08:31:11.034+0700] {logging_mixin.py:154} INFO - [2023-12-17T08:31:11.034+0700] {dag.py:3722} INFO - Setting next_dagrun for example_short_circuit_decorator to 2023-12-16T01:31:11.034537+00:00, run_after=2023-12-17T01:31:11.034537+00:00
[2023-12-17T08:31:11.044+0700] {processor.py:179} INFO - Processing /home/phuc/Practice/DataScience/DSProject/venv/lib/python3.10/site-packages/airflow/example_dags/example_short_circuit_decorator.py took 0.050 seconds
[2023-12-17T08:32:27.753+0700] {processor.py:157} INFO - Started process (PID=322867) to work on /home/phuc/Practice/DataScience/DSProject/venv/lib/python3.10/site-packages/airflow/example_dags/example_short_circuit_decorator.py
[2023-12-17T08:32:27.760+0700] {processor.py:829} INFO - Processing file /home/phuc/Practice/DataScience/DSProject/venv/lib/python3.10/site-packages/airflow/example_dags/example_short_circuit_decorator.py for tasks to queue
[2023-12-17T08:32:27.761+0700] {logging_mixin.py:154} INFO - [2023-12-17T08:32:27.760+0700] {dagbag.py:536} INFO - Filling up the DagBag from /home/phuc/Practice/DataScience/DSProject/venv/lib/python3.10/site-packages/airflow/example_dags/example_short_circuit_decorator.py
[2023-12-17T08:32:27.772+0700] {processor.py:839} INFO - DAG(s) dict_keys(['example_short_circuit_decorator']) retrieved from /home/phuc/Practice/DataScience/DSProject/venv/lib/python3.10/site-packages/airflow/example_dags/example_short_circuit_decorator.py
[2023-12-17T08:32:27.783+0700] {logging_mixin.py:154} INFO - [2023-12-17T08:32:27.783+0700] {dag.py:2941} INFO - Sync 1 DAGs
[2023-12-17T08:32:27.792+0700] {logging_mixin.py:154} INFO - [2023-12-17T08:32:27.792+0700] {dag.py:3722} INFO - Setting next_dagrun for example_short_circuit_decorator to 2023-12-16T01:32:27.792140+00:00, run_after=2023-12-17T01:32:27.792140+00:00
[2023-12-17T08:32:27.802+0700] {processor.py:179} INFO - Processing /home/phuc/Practice/DataScience/DSProject/venv/lib/python3.10/site-packages/airflow/example_dags/example_short_circuit_decorator.py took 0.051 seconds
[2023-12-17T08:33:11.479+0700] {processor.py:157} INFO - Started process (PID=323108) to work on /home/phuc/Practice/DataScience/DSProject/venv/lib/python3.10/site-packages/airflow/example_dags/example_short_circuit_decorator.py
[2023-12-17T08:33:11.486+0700] {processor.py:829} INFO - Processing file /home/phuc/Practice/DataScience/DSProject/venv/lib/python3.10/site-packages/airflow/example_dags/example_short_circuit_decorator.py for tasks to queue
[2023-12-17T08:33:11.487+0700] {logging_mixin.py:154} INFO - [2023-12-17T08:33:11.487+0700] {dagbag.py:536} INFO - Filling up the DagBag from /home/phuc/Practice/DataScience/DSProject/venv/lib/python3.10/site-packages/airflow/example_dags/example_short_circuit_decorator.py
[2023-12-17T08:33:11.499+0700] {processor.py:839} INFO - DAG(s) dict_keys(['example_short_circuit_decorator']) retrieved from /home/phuc/Practice/DataScience/DSProject/venv/lib/python3.10/site-packages/airflow/example_dags/example_short_circuit_decorator.py
[2023-12-17T08:33:11.510+0700] {logging_mixin.py:154} INFO - [2023-12-17T08:33:11.510+0700] {dag.py:2941} INFO - Sync 1 DAGs
[2023-12-17T08:33:11.518+0700] {logging_mixin.py:154} INFO - [2023-12-17T08:33:11.518+0700] {dag.py:3722} INFO - Setting next_dagrun for example_short_circuit_decorator to 2023-12-16T01:33:11.518685+00:00, run_after=2023-12-17T01:33:11.518685+00:00
[2023-12-17T08:33:11.528+0700] {processor.py:179} INFO - Processing /home/phuc/Practice/DataScience/DSProject/venv/lib/python3.10/site-packages/airflow/example_dags/example_short_circuit_decorator.py took 0.051 seconds
[2023-12-17T08:34:03.979+0700] {processor.py:157} INFO - Started process (PID=323409) to work on /home/phuc/Practice/DataScience/DSProject/venv/lib/python3.10/site-packages/airflow/example_dags/example_short_circuit_decorator.py
[2023-12-17T08:34:03.980+0700] {processor.py:829} INFO - Processing file /home/phuc/Practice/DataScience/DSProject/venv/lib/python3.10/site-packages/airflow/example_dags/example_short_circuit_decorator.py for tasks to queue
[2023-12-17T08:34:03.980+0700] {logging_mixin.py:154} INFO - [2023-12-17T08:34:03.980+0700] {dagbag.py:536} INFO - Filling up the DagBag from /home/phuc/Practice/DataScience/DSProject/venv/lib/python3.10/site-packages/airflow/example_dags/example_short_circuit_decorator.py
[2023-12-17T08:34:03.985+0700] {processor.py:839} INFO - DAG(s) dict_keys(['example_short_circuit_decorator']) retrieved from /home/phuc/Practice/DataScience/DSProject/venv/lib/python3.10/site-packages/airflow/example_dags/example_short_circuit_decorator.py
[2023-12-17T08:34:03.994+0700] {logging_mixin.py:154} INFO - [2023-12-17T08:34:03.994+0700] {dag.py:2941} INFO - Sync 1 DAGs
[2023-12-17T08:34:04.002+0700] {logging_mixin.py:154} INFO - [2023-12-17T08:34:04.002+0700] {dag.py:3722} INFO - Setting next_dagrun for example_short_circuit_decorator to 2023-12-16T01:34:04.002571+00:00, run_after=2023-12-17T01:34:04.002571+00:00
[2023-12-17T08:34:04.012+0700] {processor.py:179} INFO - Processing /home/phuc/Practice/DataScience/DSProject/venv/lib/python3.10/site-packages/airflow/example_dags/example_short_circuit_decorator.py took 0.036 seconds
[2023-12-17T08:34:57.404+0700] {processor.py:157} INFO - Started process (PID=323930) to work on /home/phuc/Practice/DataScience/DSProject/venv/lib/python3.10/site-packages/airflow/example_dags/example_short_circuit_decorator.py
[2023-12-17T08:34:57.411+0700] {processor.py:829} INFO - Processing file /home/phuc/Practice/DataScience/DSProject/venv/lib/python3.10/site-packages/airflow/example_dags/example_short_circuit_decorator.py for tasks to queue
[2023-12-17T08:34:57.412+0700] {logging_mixin.py:154} INFO - [2023-12-17T08:34:57.412+0700] {dagbag.py:536} INFO - Filling up the DagBag from /home/phuc/Practice/DataScience/DSProject/venv/lib/python3.10/site-packages/airflow/example_dags/example_short_circuit_decorator.py
[2023-12-17T08:34:57.424+0700] {processor.py:839} INFO - DAG(s) dict_keys(['example_short_circuit_decorator']) retrieved from /home/phuc/Practice/DataScience/DSProject/venv/lib/python3.10/site-packages/airflow/example_dags/example_short_circuit_decorator.py
[2023-12-17T08:34:57.435+0700] {logging_mixin.py:154} INFO - [2023-12-17T08:34:57.434+0700] {dag.py:2941} INFO - Sync 1 DAGs
[2023-12-17T08:34:57.444+0700] {logging_mixin.py:154} INFO - [2023-12-17T08:34:57.444+0700] {dag.py:3722} INFO - Setting next_dagrun for example_short_circuit_decorator to 2023-12-16T01:34:57.443992+00:00, run_after=2023-12-17T01:34:57.443992+00:00
[2023-12-17T08:34:57.457+0700] {processor.py:179} INFO - Processing /home/phuc/Practice/DataScience/DSProject/venv/lib/python3.10/site-packages/airflow/example_dags/example_short_circuit_decorator.py took 0.055 seconds
[2023-12-17T08:35:50.973+0700] {processor.py:157} INFO - Started process (PID=324309) to work on /home/phuc/Practice/DataScience/DSProject/venv/lib/python3.10/site-packages/airflow/example_dags/example_short_circuit_decorator.py
[2023-12-17T08:35:50.973+0700] {processor.py:829} INFO - Processing file /home/phuc/Practice/DataScience/DSProject/venv/lib/python3.10/site-packages/airflow/example_dags/example_short_circuit_decorator.py for tasks to queue
[2023-12-17T08:35:50.974+0700] {logging_mixin.py:154} INFO - [2023-12-17T08:35:50.974+0700] {dagbag.py:536} INFO - Filling up the DagBag from /home/phuc/Practice/DataScience/DSProject/venv/lib/python3.10/site-packages/airflow/example_dags/example_short_circuit_decorator.py
[2023-12-17T08:35:50.979+0700] {processor.py:839} INFO - DAG(s) dict_keys(['example_short_circuit_decorator']) retrieved from /home/phuc/Practice/DataScience/DSProject/venv/lib/python3.10/site-packages/airflow/example_dags/example_short_circuit_decorator.py
[2023-12-17T08:35:50.989+0700] {logging_mixin.py:154} INFO - [2023-12-17T08:35:50.988+0700] {dag.py:2941} INFO - Sync 1 DAGs
[2023-12-17T08:35:50.998+0700] {logging_mixin.py:154} INFO - [2023-12-17T08:35:50.997+0700] {dag.py:3722} INFO - Setting next_dagrun for example_short_circuit_decorator to 2023-12-16T01:35:50.997806+00:00, run_after=2023-12-17T01:35:50.997806+00:00
[2023-12-17T08:35:51.009+0700] {processor.py:179} INFO - Processing /home/phuc/Practice/DataScience/DSProject/venv/lib/python3.10/site-packages/airflow/example_dags/example_short_circuit_decorator.py took 0.037 seconds
