[2023-12-17T08:03:03.577+0700] {processor.py:157} INFO - Started process (PID=309584) to work on /home/phuc/Practice/DataScience/DSProject/venv/lib/python3.10/site-packages/airflow/example_dags/example_short_circuit_operator.py
[2023-12-17T08:03:03.577+0700] {processor.py:829} INFO - Processing file /home/phuc/Practice/DataScience/DSProject/venv/lib/python3.10/site-packages/airflow/example_dags/example_short_circuit_operator.py for tasks to queue
[2023-12-17T08:03:03.578+0700] {logging_mixin.py:154} INFO - [2023-12-17T08:03:03.577+0700] {dagbag.py:536} INFO - Filling up the DagBag from /home/phuc/Practice/DataScience/DSProject/venv/lib/python3.10/site-packages/airflow/example_dags/example_short_circuit_operator.py
[2023-12-17T08:03:03.585+0700] {processor.py:839} INFO - DAG(s) dict_keys(['example_short_circuit_operator']) retrieved from /home/phuc/Practice/DataScience/DSProject/venv/lib/python3.10/site-packages/airflow/example_dags/example_short_circuit_operator.py
[2023-12-17T08:03:03.652+0700] {logging_mixin.py:154} INFO - [2023-12-17T08:03:03.652+0700] {manager.py:499} INFO - Created Permission View: %s
[2023-12-17T08:03:03.659+0700] {logging_mixin.py:154} INFO - [2023-12-17T08:03:03.659+0700] {manager.py:499} INFO - Created Permission View: %s
[2023-12-17T08:03:03.664+0700] {logging_mixin.py:154} INFO - [2023-12-17T08:03:03.664+0700] {manager.py:499} INFO - Created Permission View: %s
[2023-12-17T08:03:03.664+0700] {logging_mixin.py:154} INFO - [2023-12-17T08:03:03.664+0700] {dag.py:2941} INFO - Sync 1 DAGs
[2023-12-17T08:03:03.670+0700] {logging_mixin.py:154} INFO - [2023-12-17T08:03:03.670+0700] {dag.py:2963} INFO - Creating ORM DAG for example_short_circuit_operator
[2023-12-17T08:03:03.675+0700] {logging_mixin.py:154} INFO - [2023-12-17T08:03:03.675+0700] {dag.py:3722} INFO - Setting next_dagrun for example_short_circuit_operator to 2023-12-16T01:03:03.675149+00:00, run_after=2023-12-17T01:03:03.675149+00:00
[2023-12-17T08:03:03.687+0700] {processor.py:179} INFO - Processing /home/phuc/Practice/DataScience/DSProject/venv/lib/python3.10/site-packages/airflow/example_dags/example_short_circuit_operator.py took 0.113 seconds
[2023-12-17T08:05:20.143+0700] {processor.py:157} INFO - Started process (PID=310808) to work on /home/phuc/Practice/DataScience/DSProject/venv/lib/python3.10/site-packages/airflow/example_dags/example_short_circuit_operator.py
[2023-12-17T08:05:20.150+0700] {processor.py:829} INFO - Processing file /home/phuc/Practice/DataScience/DSProject/venv/lib/python3.10/site-packages/airflow/example_dags/example_short_circuit_operator.py for tasks to queue
[2023-12-17T08:05:20.151+0700] {logging_mixin.py:154} INFO - [2023-12-17T08:05:20.151+0700] {dagbag.py:536} INFO - Filling up the DagBag from /home/phuc/Practice/DataScience/DSProject/venv/lib/python3.10/site-packages/airflow/example_dags/example_short_circuit_operator.py
[2023-12-17T08:05:20.157+0700] {processor.py:839} INFO - DAG(s) dict_keys(['example_short_circuit_operator']) retrieved from /home/phuc/Practice/DataScience/DSProject/venv/lib/python3.10/site-packages/airflow/example_dags/example_short_circuit_operator.py
[2023-12-17T08:05:20.177+0700] {logging_mixin.py:154} INFO - [2023-12-17T08:05:20.177+0700] {dag.py:2941} INFO - Sync 1 DAGs
[2023-12-17T08:05:20.190+0700] {logging_mixin.py:154} INFO - [2023-12-17T08:05:20.190+0700] {dag.py:3722} INFO - Setting next_dagrun for example_short_circuit_operator to 2023-12-16T01:05:20.190197+00:00, run_after=2023-12-17T01:05:20.190197+00:00
[2023-12-17T08:05:20.209+0700] {processor.py:179} INFO - Processing /home/phuc/Practice/DataScience/DSProject/venv/lib/python3.10/site-packages/airflow/example_dags/example_short_circuit_operator.py took 0.069 seconds
[2023-12-17T08:06:08.613+0700] {processor.py:157} INFO - Started process (PID=311307) to work on /home/phuc/Practice/DataScience/DSProject/venv/lib/python3.10/site-packages/airflow/example_dags/example_short_circuit_operator.py
[2023-12-17T08:06:08.620+0700] {processor.py:829} INFO - Processing file /home/phuc/Practice/DataScience/DSProject/venv/lib/python3.10/site-packages/airflow/example_dags/example_short_circuit_operator.py for tasks to queue
[2023-12-17T08:06:08.621+0700] {logging_mixin.py:154} INFO - [2023-12-17T08:06:08.621+0700] {dagbag.py:536} INFO - Filling up the DagBag from /home/phuc/Practice/DataScience/DSProject/venv/lib/python3.10/site-packages/airflow/example_dags/example_short_circuit_operator.py
[2023-12-17T08:06:08.627+0700] {processor.py:839} INFO - DAG(s) dict_keys(['example_short_circuit_operator']) retrieved from /home/phuc/Practice/DataScience/DSProject/venv/lib/python3.10/site-packages/airflow/example_dags/example_short_circuit_operator.py
[2023-12-17T08:06:08.643+0700] {logging_mixin.py:154} INFO - [2023-12-17T08:06:08.642+0700] {dag.py:2941} INFO - Sync 1 DAGs
[2023-12-17T08:06:08.655+0700] {logging_mixin.py:154} INFO - [2023-12-17T08:06:08.655+0700] {dag.py:3722} INFO - Setting next_dagrun for example_short_circuit_operator to 2023-12-16T01:06:08.655499+00:00, run_after=2023-12-17T01:06:08.655499+00:00
[2023-12-17T08:06:08.670+0700] {processor.py:179} INFO - Processing /home/phuc/Practice/DataScience/DSProject/venv/lib/python3.10/site-packages/airflow/example_dags/example_short_circuit_operator.py took 0.060 seconds
[2023-12-17T08:06:47.183+0700] {processor.py:157} INFO - Started process (PID=311714) to work on /home/phuc/Practice/DataScience/DSProject/venv/lib/python3.10/site-packages/airflow/example_dags/example_short_circuit_operator.py
[2023-12-17T08:06:47.190+0700] {processor.py:829} INFO - Processing file /home/phuc/Practice/DataScience/DSProject/venv/lib/python3.10/site-packages/airflow/example_dags/example_short_circuit_operator.py for tasks to queue
[2023-12-17T08:06:47.191+0700] {logging_mixin.py:154} INFO - [2023-12-17T08:06:47.191+0700] {dagbag.py:536} INFO - Filling up the DagBag from /home/phuc/Practice/DataScience/DSProject/venv/lib/python3.10/site-packages/airflow/example_dags/example_short_circuit_operator.py
[2023-12-17T08:06:47.197+0700] {processor.py:839} INFO - DAG(s) dict_keys(['example_short_circuit_operator']) retrieved from /home/phuc/Practice/DataScience/DSProject/venv/lib/python3.10/site-packages/airflow/example_dags/example_short_circuit_operator.py
[2023-12-17T08:06:47.212+0700] {logging_mixin.py:154} INFO - [2023-12-17T08:06:47.212+0700] {dag.py:2941} INFO - Sync 1 DAGs
[2023-12-17T08:06:47.225+0700] {logging_mixin.py:154} INFO - [2023-12-17T08:06:47.225+0700] {dag.py:3722} INFO - Setting next_dagrun for example_short_circuit_operator to 2023-12-16T01:06:47.225159+00:00, run_after=2023-12-17T01:06:47.225159+00:00
[2023-12-17T08:06:47.239+0700] {processor.py:179} INFO - Processing /home/phuc/Practice/DataScience/DSProject/venv/lib/python3.10/site-packages/airflow/example_dags/example_short_circuit_operator.py took 0.058 seconds
[2023-12-17T08:07:20.771+0700] {processor.py:157} INFO - Started process (PID=312079) to work on /home/phuc/Practice/DataScience/DSProject/venv/lib/python3.10/site-packages/airflow/example_dags/example_short_circuit_operator.py
[2023-12-17T08:07:20.778+0700] {processor.py:829} INFO - Processing file /home/phuc/Practice/DataScience/DSProject/venv/lib/python3.10/site-packages/airflow/example_dags/example_short_circuit_operator.py for tasks to queue
[2023-12-17T08:07:20.779+0700] {logging_mixin.py:154} INFO - [2023-12-17T08:07:20.779+0700] {dagbag.py:536} INFO - Filling up the DagBag from /home/phuc/Practice/DataScience/DSProject/venv/lib/python3.10/site-packages/airflow/example_dags/example_short_circuit_operator.py
[2023-12-17T08:07:20.784+0700] {processor.py:839} INFO - DAG(s) dict_keys(['example_short_circuit_operator']) retrieved from /home/phuc/Practice/DataScience/DSProject/venv/lib/python3.10/site-packages/airflow/example_dags/example_short_circuit_operator.py
[2023-12-17T08:07:20.801+0700] {logging_mixin.py:154} INFO - [2023-12-17T08:07:20.801+0700] {dag.py:2941} INFO - Sync 1 DAGs
[2023-12-17T08:07:20.818+0700] {logging_mixin.py:154} INFO - [2023-12-17T08:07:20.817+0700] {dag.py:3722} INFO - Setting next_dagrun for example_short_circuit_operator to 2023-12-16T01:07:20.817555+00:00, run_after=2023-12-17T01:07:20.817555+00:00
[2023-12-17T08:07:20.836+0700] {processor.py:179} INFO - Processing /home/phuc/Practice/DataScience/DSProject/venv/lib/python3.10/site-packages/airflow/example_dags/example_short_circuit_operator.py took 0.067 seconds
[2023-12-17T08:08:18.441+0700] {processor.py:157} INFO - Started process (PID=313041) to work on /home/phuc/Practice/DataScience/DSProject/venv/lib/python3.10/site-packages/airflow/example_dags/example_short_circuit_operator.py
[2023-12-17T08:08:18.442+0700] {processor.py:829} INFO - Processing file /home/phuc/Practice/DataScience/DSProject/venv/lib/python3.10/site-packages/airflow/example_dags/example_short_circuit_operator.py for tasks to queue
[2023-12-17T08:08:18.442+0700] {logging_mixin.py:154} INFO - [2023-12-17T08:08:18.442+0700] {dagbag.py:536} INFO - Filling up the DagBag from /home/phuc/Practice/DataScience/DSProject/venv/lib/python3.10/site-packages/airflow/example_dags/example_short_circuit_operator.py
[2023-12-17T08:08:18.449+0700] {processor.py:839} INFO - DAG(s) dict_keys(['example_short_circuit_operator']) retrieved from /home/phuc/Practice/DataScience/DSProject/venv/lib/python3.10/site-packages/airflow/example_dags/example_short_circuit_operator.py
[2023-12-17T08:08:18.461+0700] {logging_mixin.py:154} INFO - [2023-12-17T08:08:18.461+0700] {dag.py:2941} INFO - Sync 1 DAGs
[2023-12-17T08:08:18.470+0700] {logging_mixin.py:154} INFO - [2023-12-17T08:08:18.470+0700] {dag.py:3722} INFO - Setting next_dagrun for example_short_circuit_operator to 2023-12-16T01:08:18.470426+00:00, run_after=2023-12-17T01:08:18.470426+00:00
[2023-12-17T08:08:18.482+0700] {processor.py:179} INFO - Processing /home/phuc/Practice/DataScience/DSProject/venv/lib/python3.10/site-packages/airflow/example_dags/example_short_circuit_operator.py took 0.043 seconds
[2023-12-17T08:08:58.137+0700] {processor.py:157} INFO - Started process (PID=313278) to work on /home/phuc/Practice/DataScience/DSProject/venv/lib/python3.10/site-packages/airflow/example_dags/example_short_circuit_operator.py
[2023-12-17T08:08:58.144+0700] {processor.py:829} INFO - Processing file /home/phuc/Practice/DataScience/DSProject/venv/lib/python3.10/site-packages/airflow/example_dags/example_short_circuit_operator.py for tasks to queue
[2023-12-17T08:08:58.145+0700] {logging_mixin.py:154} INFO - [2023-12-17T08:08:58.145+0700] {dagbag.py:536} INFO - Filling up the DagBag from /home/phuc/Practice/DataScience/DSProject/venv/lib/python3.10/site-packages/airflow/example_dags/example_short_circuit_operator.py
[2023-12-17T08:08:58.151+0700] {processor.py:839} INFO - DAG(s) dict_keys(['example_short_circuit_operator']) retrieved from /home/phuc/Practice/DataScience/DSProject/venv/lib/python3.10/site-packages/airflow/example_dags/example_short_circuit_operator.py
[2023-12-17T08:08:58.166+0700] {logging_mixin.py:154} INFO - [2023-12-17T08:08:58.165+0700] {dag.py:2941} INFO - Sync 1 DAGs
[2023-12-17T08:08:58.179+0700] {logging_mixin.py:154} INFO - [2023-12-17T08:08:58.179+0700] {dag.py:3722} INFO - Setting next_dagrun for example_short_circuit_operator to 2023-12-16T01:08:58.179403+00:00, run_after=2023-12-17T01:08:58.179403+00:00
[2023-12-17T08:08:58.196+0700] {processor.py:179} INFO - Processing /home/phuc/Practice/DataScience/DSProject/venv/lib/python3.10/site-packages/airflow/example_dags/example_short_circuit_operator.py took 0.061 seconds
[2023-12-17T08:09:31.883+0700] {processor.py:157} INFO - Started process (PID=313492) to work on /home/phuc/Practice/DataScience/DSProject/venv/lib/python3.10/site-packages/airflow/example_dags/example_short_circuit_operator.py
[2023-12-17T08:09:31.890+0700] {processor.py:829} INFO - Processing file /home/phuc/Practice/DataScience/DSProject/venv/lib/python3.10/site-packages/airflow/example_dags/example_short_circuit_operator.py for tasks to queue
[2023-12-17T08:09:31.891+0700] {logging_mixin.py:154} INFO - [2023-12-17T08:09:31.891+0700] {dagbag.py:536} INFO - Filling up the DagBag from /home/phuc/Practice/DataScience/DSProject/venv/lib/python3.10/site-packages/airflow/example_dags/example_short_circuit_operator.py
[2023-12-17T08:09:31.901+0700] {processor.py:839} INFO - DAG(s) dict_keys(['example_short_circuit_operator']) retrieved from /home/phuc/Practice/DataScience/DSProject/venv/lib/python3.10/site-packages/airflow/example_dags/example_short_circuit_operator.py
[2023-12-17T08:09:31.914+0700] {logging_mixin.py:154} INFO - [2023-12-17T08:09:31.914+0700] {dag.py:2941} INFO - Sync 1 DAGs
[2023-12-17T08:09:31.923+0700] {logging_mixin.py:154} INFO - [2023-12-17T08:09:31.923+0700] {dag.py:3722} INFO - Setting next_dagrun for example_short_circuit_operator to 2023-12-16T01:09:31.923664+00:00, run_after=2023-12-17T01:09:31.923664+00:00
[2023-12-17T08:09:31.935+0700] {processor.py:179} INFO - Processing /home/phuc/Practice/DataScience/DSProject/venv/lib/python3.10/site-packages/airflow/example_dags/example_short_circuit_operator.py took 0.055 seconds
[2023-12-17T08:10:19.279+0700] {processor.py:157} INFO - Started process (PID=313838) to work on /home/phuc/Practice/DataScience/DSProject/venv/lib/python3.10/site-packages/airflow/example_dags/example_short_circuit_operator.py
[2023-12-17T08:10:19.286+0700] {processor.py:829} INFO - Processing file /home/phuc/Practice/DataScience/DSProject/venv/lib/python3.10/site-packages/airflow/example_dags/example_short_circuit_operator.py for tasks to queue
[2023-12-17T08:10:19.287+0700] {logging_mixin.py:154} INFO - [2023-12-17T08:10:19.287+0700] {dagbag.py:536} INFO - Filling up the DagBag from /home/phuc/Practice/DataScience/DSProject/venv/lib/python3.10/site-packages/airflow/example_dags/example_short_circuit_operator.py
[2023-12-17T08:10:19.297+0700] {processor.py:839} INFO - DAG(s) dict_keys(['example_short_circuit_operator']) retrieved from /home/phuc/Practice/DataScience/DSProject/venv/lib/python3.10/site-packages/airflow/example_dags/example_short_circuit_operator.py
[2023-12-17T08:10:19.310+0700] {logging_mixin.py:154} INFO - [2023-12-17T08:10:19.310+0700] {dag.py:2941} INFO - Sync 1 DAGs
[2023-12-17T08:10:19.319+0700] {logging_mixin.py:154} INFO - [2023-12-17T08:10:19.319+0700] {dag.py:3722} INFO - Setting next_dagrun for example_short_circuit_operator to 2023-12-16T01:10:19.319459+00:00, run_after=2023-12-17T01:10:19.319459+00:00
[2023-12-17T08:10:19.330+0700] {processor.py:179} INFO - Processing /home/phuc/Practice/DataScience/DSProject/venv/lib/python3.10/site-packages/airflow/example_dags/example_short_circuit_operator.py took 0.055 seconds
[2023-12-17T08:10:53.819+0700] {processor.py:157} INFO - Started process (PID=313989) to work on /home/phuc/Practice/DataScience/DSProject/venv/lib/python3.10/site-packages/airflow/example_dags/example_short_circuit_operator.py
[2023-12-17T08:10:53.825+0700] {processor.py:829} INFO - Processing file /home/phuc/Practice/DataScience/DSProject/venv/lib/python3.10/site-packages/airflow/example_dags/example_short_circuit_operator.py for tasks to queue
[2023-12-17T08:10:53.827+0700] {logging_mixin.py:154} INFO - [2023-12-17T08:10:53.826+0700] {dagbag.py:536} INFO - Filling up the DagBag from /home/phuc/Practice/DataScience/DSProject/venv/lib/python3.10/site-packages/airflow/example_dags/example_short_circuit_operator.py
[2023-12-17T08:10:53.837+0700] {processor.py:839} INFO - DAG(s) dict_keys(['example_short_circuit_operator']) retrieved from /home/phuc/Practice/DataScience/DSProject/venv/lib/python3.10/site-packages/airflow/example_dags/example_short_circuit_operator.py
[2023-12-17T08:10:53.850+0700] {logging_mixin.py:154} INFO - [2023-12-17T08:10:53.850+0700] {dag.py:2941} INFO - Sync 1 DAGs
[2023-12-17T08:10:53.860+0700] {logging_mixin.py:154} INFO - [2023-12-17T08:10:53.859+0700] {dag.py:3722} INFO - Setting next_dagrun for example_short_circuit_operator to 2023-12-16T01:10:53.859762+00:00, run_after=2023-12-17T01:10:53.859762+00:00
[2023-12-17T08:10:53.871+0700] {processor.py:179} INFO - Processing /home/phuc/Practice/DataScience/DSProject/venv/lib/python3.10/site-packages/airflow/example_dags/example_short_circuit_operator.py took 0.056 seconds
[2023-12-17T08:11:25.173+0700] {processor.py:157} INFO - Started process (PID=314123) to work on /home/phuc/Practice/DataScience/DSProject/venv/lib/python3.10/site-packages/airflow/example_dags/example_short_circuit_operator.py
[2023-12-17T08:11:25.180+0700] {processor.py:829} INFO - Processing file /home/phuc/Practice/DataScience/DSProject/venv/lib/python3.10/site-packages/airflow/example_dags/example_short_circuit_operator.py for tasks to queue
[2023-12-17T08:11:25.182+0700] {logging_mixin.py:154} INFO - [2023-12-17T08:11:25.181+0700] {dagbag.py:536} INFO - Filling up the DagBag from /home/phuc/Practice/DataScience/DSProject/venv/lib/python3.10/site-packages/airflow/example_dags/example_short_circuit_operator.py
[2023-12-17T08:11:25.191+0700] {processor.py:839} INFO - DAG(s) dict_keys(['example_short_circuit_operator']) retrieved from /home/phuc/Practice/DataScience/DSProject/venv/lib/python3.10/site-packages/airflow/example_dags/example_short_circuit_operator.py
[2023-12-17T08:11:25.204+0700] {logging_mixin.py:154} INFO - [2023-12-17T08:11:25.204+0700] {dag.py:2941} INFO - Sync 1 DAGs
[2023-12-17T08:11:25.213+0700] {logging_mixin.py:154} INFO - [2023-12-17T08:11:25.213+0700] {dag.py:3722} INFO - Setting next_dagrun for example_short_circuit_operator to 2023-12-16T01:11:25.213629+00:00, run_after=2023-12-17T01:11:25.213629+00:00
[2023-12-17T08:11:25.225+0700] {processor.py:179} INFO - Processing /home/phuc/Practice/DataScience/DSProject/venv/lib/python3.10/site-packages/airflow/example_dags/example_short_circuit_operator.py took 0.053 seconds
[2023-12-17T08:11:58.091+0700] {processor.py:157} INFO - Started process (PID=314297) to work on /home/phuc/Practice/DataScience/DSProject/venv/lib/python3.10/site-packages/airflow/example_dags/example_short_circuit_operator.py
[2023-12-17T08:11:58.097+0700] {processor.py:829} INFO - Processing file /home/phuc/Practice/DataScience/DSProject/venv/lib/python3.10/site-packages/airflow/example_dags/example_short_circuit_operator.py for tasks to queue
[2023-12-17T08:11:58.098+0700] {logging_mixin.py:154} INFO - [2023-12-17T08:11:58.098+0700] {dagbag.py:536} INFO - Filling up the DagBag from /home/phuc/Practice/DataScience/DSProject/venv/lib/python3.10/site-packages/airflow/example_dags/example_short_circuit_operator.py
[2023-12-17T08:11:58.102+0700] {processor.py:839} INFO - DAG(s) dict_keys(['example_short_circuit_operator']) retrieved from /home/phuc/Practice/DataScience/DSProject/venv/lib/python3.10/site-packages/airflow/example_dags/example_short_circuit_operator.py
[2023-12-17T08:11:58.114+0700] {logging_mixin.py:154} INFO - [2023-12-17T08:11:58.114+0700] {dag.py:2941} INFO - Sync 1 DAGs
[2023-12-17T08:11:58.123+0700] {logging_mixin.py:154} INFO - [2023-12-17T08:11:58.123+0700] {dag.py:3722} INFO - Setting next_dagrun for example_short_circuit_operator to 2023-12-16T01:11:58.123487+00:00, run_after=2023-12-17T01:11:58.123487+00:00
[2023-12-17T08:11:58.135+0700] {processor.py:179} INFO - Processing /home/phuc/Practice/DataScience/DSProject/venv/lib/python3.10/site-packages/airflow/example_dags/example_short_circuit_operator.py took 0.048 seconds
[2023-12-17T08:12:32.986+0700] {processor.py:157} INFO - Started process (PID=314456) to work on /home/phuc/Practice/DataScience/DSProject/venv/lib/python3.10/site-packages/airflow/example_dags/example_short_circuit_operator.py
[2023-12-17T08:12:32.993+0700] {processor.py:829} INFO - Processing file /home/phuc/Practice/DataScience/DSProject/venv/lib/python3.10/site-packages/airflow/example_dags/example_short_circuit_operator.py for tasks to queue
[2023-12-17T08:12:32.995+0700] {logging_mixin.py:154} INFO - [2023-12-17T08:12:32.994+0700] {dagbag.py:536} INFO - Filling up the DagBag from /home/phuc/Practice/DataScience/DSProject/venv/lib/python3.10/site-packages/airflow/example_dags/example_short_circuit_operator.py
[2023-12-17T08:12:33.006+0700] {processor.py:839} INFO - DAG(s) dict_keys(['example_short_circuit_operator']) retrieved from /home/phuc/Practice/DataScience/DSProject/venv/lib/python3.10/site-packages/airflow/example_dags/example_short_circuit_operator.py
[2023-12-17T08:12:33.019+0700] {logging_mixin.py:154} INFO - [2023-12-17T08:12:33.019+0700] {dag.py:2941} INFO - Sync 1 DAGs
[2023-12-17T08:12:33.029+0700] {logging_mixin.py:154} INFO - [2023-12-17T08:12:33.029+0700] {dag.py:3722} INFO - Setting next_dagrun for example_short_circuit_operator to 2023-12-16T01:12:33.029100+00:00, run_after=2023-12-17T01:12:33.029100+00:00
[2023-12-17T08:12:33.041+0700] {processor.py:179} INFO - Processing /home/phuc/Practice/DataScience/DSProject/venv/lib/python3.10/site-packages/airflow/example_dags/example_short_circuit_operator.py took 0.057 seconds
[2023-12-17T08:13:06.146+0700] {processor.py:157} INFO - Started process (PID=314607) to work on /home/phuc/Practice/DataScience/DSProject/venv/lib/python3.10/site-packages/airflow/example_dags/example_short_circuit_operator.py
[2023-12-17T08:13:06.153+0700] {processor.py:829} INFO - Processing file /home/phuc/Practice/DataScience/DSProject/venv/lib/python3.10/site-packages/airflow/example_dags/example_short_circuit_operator.py for tasks to queue
[2023-12-17T08:13:06.153+0700] {logging_mixin.py:154} INFO - [2023-12-17T08:13:06.153+0700] {dagbag.py:536} INFO - Filling up the DagBag from /home/phuc/Practice/DataScience/DSProject/venv/lib/python3.10/site-packages/airflow/example_dags/example_short_circuit_operator.py
[2023-12-17T08:13:06.157+0700] {processor.py:839} INFO - DAG(s) dict_keys(['example_short_circuit_operator']) retrieved from /home/phuc/Practice/DataScience/DSProject/venv/lib/python3.10/site-packages/airflow/example_dags/example_short_circuit_operator.py
[2023-12-17T08:13:06.169+0700] {logging_mixin.py:154} INFO - [2023-12-17T08:13:06.169+0700] {dag.py:2941} INFO - Sync 1 DAGs
[2023-12-17T08:13:06.179+0700] {logging_mixin.py:154} INFO - [2023-12-17T08:13:06.179+0700] {dag.py:3722} INFO - Setting next_dagrun for example_short_circuit_operator to 2023-12-16T01:13:06.179376+00:00, run_after=2023-12-17T01:13:06.179376+00:00
[2023-12-17T08:13:06.192+0700] {processor.py:179} INFO - Processing /home/phuc/Practice/DataScience/DSProject/venv/lib/python3.10/site-packages/airflow/example_dags/example_short_circuit_operator.py took 0.050 seconds
[2023-12-17T08:13:49.035+0700] {processor.py:157} INFO - Started process (PID=314848) to work on /home/phuc/Practice/DataScience/DSProject/venv/lib/python3.10/site-packages/airflow/example_dags/example_short_circuit_operator.py
[2023-12-17T08:13:49.042+0700] {processor.py:829} INFO - Processing file /home/phuc/Practice/DataScience/DSProject/venv/lib/python3.10/site-packages/airflow/example_dags/example_short_circuit_operator.py for tasks to queue
[2023-12-17T08:13:49.044+0700] {logging_mixin.py:154} INFO - [2023-12-17T08:13:49.043+0700] {dagbag.py:536} INFO - Filling up the DagBag from /home/phuc/Practice/DataScience/DSProject/venv/lib/python3.10/site-packages/airflow/example_dags/example_short_circuit_operator.py
[2023-12-17T08:13:49.054+0700] {processor.py:839} INFO - DAG(s) dict_keys(['example_short_circuit_operator']) retrieved from /home/phuc/Practice/DataScience/DSProject/venv/lib/python3.10/site-packages/airflow/example_dags/example_short_circuit_operator.py
[2023-12-17T08:13:49.067+0700] {logging_mixin.py:154} INFO - [2023-12-17T08:13:49.067+0700] {dag.py:2941} INFO - Sync 1 DAGs
[2023-12-17T08:13:49.076+0700] {logging_mixin.py:154} INFO - [2023-12-17T08:13:49.076+0700] {dag.py:3722} INFO - Setting next_dagrun for example_short_circuit_operator to 2023-12-16T01:13:49.076620+00:00, run_after=2023-12-17T01:13:49.076620+00:00
[2023-12-17T08:13:49.089+0700] {processor.py:179} INFO - Processing /home/phuc/Practice/DataScience/DSProject/venv/lib/python3.10/site-packages/airflow/example_dags/example_short_circuit_operator.py took 0.057 seconds
[2023-12-17T08:14:24.438+0700] {processor.py:157} INFO - Started process (PID=315003) to work on /home/phuc/Practice/DataScience/DSProject/venv/lib/python3.10/site-packages/airflow/example_dags/example_short_circuit_operator.py
[2023-12-17T08:14:24.445+0700] {processor.py:829} INFO - Processing file /home/phuc/Practice/DataScience/DSProject/venv/lib/python3.10/site-packages/airflow/example_dags/example_short_circuit_operator.py for tasks to queue
[2023-12-17T08:14:24.446+0700] {logging_mixin.py:154} INFO - [2023-12-17T08:14:24.446+0700] {dagbag.py:536} INFO - Filling up the DagBag from /home/phuc/Practice/DataScience/DSProject/venv/lib/python3.10/site-packages/airflow/example_dags/example_short_circuit_operator.py
[2023-12-17T08:14:24.456+0700] {processor.py:839} INFO - DAG(s) dict_keys(['example_short_circuit_operator']) retrieved from /home/phuc/Practice/DataScience/DSProject/venv/lib/python3.10/site-packages/airflow/example_dags/example_short_circuit_operator.py
[2023-12-17T08:14:24.469+0700] {logging_mixin.py:154} INFO - [2023-12-17T08:14:24.469+0700] {dag.py:2941} INFO - Sync 1 DAGs
[2023-12-17T08:14:24.479+0700] {logging_mixin.py:154} INFO - [2023-12-17T08:14:24.479+0700] {dag.py:3722} INFO - Setting next_dagrun for example_short_circuit_operator to 2023-12-16T01:14:24.479066+00:00, run_after=2023-12-17T01:14:24.479066+00:00
[2023-12-17T08:14:24.490+0700] {processor.py:179} INFO - Processing /home/phuc/Practice/DataScience/DSProject/venv/lib/python3.10/site-packages/airflow/example_dags/example_short_circuit_operator.py took 0.056 seconds
[2023-12-17T08:15:00.450+0700] {processor.py:157} INFO - Started process (PID=315160) to work on /home/phuc/Practice/DataScience/DSProject/venv/lib/python3.10/site-packages/airflow/example_dags/example_short_circuit_operator.py
[2023-12-17T08:15:00.458+0700] {processor.py:829} INFO - Processing file /home/phuc/Practice/DataScience/DSProject/venv/lib/python3.10/site-packages/airflow/example_dags/example_short_circuit_operator.py for tasks to queue
[2023-12-17T08:15:00.459+0700] {logging_mixin.py:154} INFO - [2023-12-17T08:15:00.458+0700] {dagbag.py:536} INFO - Filling up the DagBag from /home/phuc/Practice/DataScience/DSProject/venv/lib/python3.10/site-packages/airflow/example_dags/example_short_circuit_operator.py
[2023-12-17T08:15:00.465+0700] {processor.py:839} INFO - DAG(s) dict_keys(['example_short_circuit_operator']) retrieved from /home/phuc/Practice/DataScience/DSProject/venv/lib/python3.10/site-packages/airflow/example_dags/example_short_circuit_operator.py
[2023-12-17T08:15:00.475+0700] {logging_mixin.py:154} INFO - [2023-12-17T08:15:00.475+0700] {dag.py:2941} INFO - Sync 1 DAGs
[2023-12-17T08:15:00.484+0700] {logging_mixin.py:154} INFO - [2023-12-17T08:15:00.484+0700] {dag.py:3722} INFO - Setting next_dagrun for example_short_circuit_operator to 2023-12-16T01:15:00.484348+00:00, run_after=2023-12-17T01:15:00.484348+00:00
[2023-12-17T08:15:00.496+0700] {processor.py:179} INFO - Processing /home/phuc/Practice/DataScience/DSProject/venv/lib/python3.10/site-packages/airflow/example_dags/example_short_circuit_operator.py took 0.048 seconds
[2023-12-17T08:15:36.675+0700] {processor.py:157} INFO - Started process (PID=315318) to work on /home/phuc/Practice/DataScience/DSProject/venv/lib/python3.10/site-packages/airflow/example_dags/example_short_circuit_operator.py
[2023-12-17T08:15:36.681+0700] {processor.py:829} INFO - Processing file /home/phuc/Practice/DataScience/DSProject/venv/lib/python3.10/site-packages/airflow/example_dags/example_short_circuit_operator.py for tasks to queue
[2023-12-17T08:15:36.682+0700] {logging_mixin.py:154} INFO - [2023-12-17T08:15:36.682+0700] {dagbag.py:536} INFO - Filling up the DagBag from /home/phuc/Practice/DataScience/DSProject/venv/lib/python3.10/site-packages/airflow/example_dags/example_short_circuit_operator.py
[2023-12-17T08:15:36.686+0700] {processor.py:839} INFO - DAG(s) dict_keys(['example_short_circuit_operator']) retrieved from /home/phuc/Practice/DataScience/DSProject/venv/lib/python3.10/site-packages/airflow/example_dags/example_short_circuit_operator.py
[2023-12-17T08:15:36.698+0700] {logging_mixin.py:154} INFO - [2023-12-17T08:15:36.697+0700] {dag.py:2941} INFO - Sync 1 DAGs
[2023-12-17T08:15:36.708+0700] {logging_mixin.py:154} INFO - [2023-12-17T08:15:36.707+0700] {dag.py:3722} INFO - Setting next_dagrun for example_short_circuit_operator to 2023-12-16T01:15:36.707741+00:00, run_after=2023-12-17T01:15:36.707741+00:00
[2023-12-17T08:15:36.720+0700] {processor.py:179} INFO - Processing /home/phuc/Practice/DataScience/DSProject/venv/lib/python3.10/site-packages/airflow/example_dags/example_short_circuit_operator.py took 0.047 seconds
[2023-12-17T08:16:11.155+0700] {processor.py:157} INFO - Started process (PID=315536) to work on /home/phuc/Practice/DataScience/DSProject/venv/lib/python3.10/site-packages/airflow/example_dags/example_short_circuit_operator.py
[2023-12-17T08:16:11.162+0700] {processor.py:829} INFO - Processing file /home/phuc/Practice/DataScience/DSProject/venv/lib/python3.10/site-packages/airflow/example_dags/example_short_circuit_operator.py for tasks to queue
[2023-12-17T08:16:11.163+0700] {logging_mixin.py:154} INFO - [2023-12-17T08:16:11.163+0700] {dagbag.py:536} INFO - Filling up the DagBag from /home/phuc/Practice/DataScience/DSProject/venv/lib/python3.10/site-packages/airflow/example_dags/example_short_circuit_operator.py
[2023-12-17T08:16:11.174+0700] {processor.py:839} INFO - DAG(s) dict_keys(['example_short_circuit_operator']) retrieved from /home/phuc/Practice/DataScience/DSProject/venv/lib/python3.10/site-packages/airflow/example_dags/example_short_circuit_operator.py
[2023-12-17T08:16:11.191+0700] {logging_mixin.py:154} INFO - [2023-12-17T08:16:11.191+0700] {dag.py:2941} INFO - Sync 1 DAGs
[2023-12-17T08:16:11.208+0700] {logging_mixin.py:154} INFO - [2023-12-17T08:16:11.207+0700] {dag.py:3722} INFO - Setting next_dagrun for example_short_circuit_operator to 2023-12-16T01:16:11.207712+00:00, run_after=2023-12-17T01:16:11.207712+00:00
[2023-12-17T08:16:11.225+0700] {processor.py:179} INFO - Processing /home/phuc/Practice/DataScience/DSProject/venv/lib/python3.10/site-packages/airflow/example_dags/example_short_circuit_operator.py took 0.074 seconds
[2023-12-17T08:17:37.888+0700] {processor.py:157} INFO - Started process (PID=316348) to work on /home/phuc/Practice/DataScience/DSProject/venv/lib/python3.10/site-packages/airflow/example_dags/example_short_circuit_operator.py
[2023-12-17T08:17:37.895+0700] {processor.py:829} INFO - Processing file /home/phuc/Practice/DataScience/DSProject/venv/lib/python3.10/site-packages/airflow/example_dags/example_short_circuit_operator.py for tasks to queue
[2023-12-17T08:17:37.897+0700] {logging_mixin.py:154} INFO - [2023-12-17T08:17:37.896+0700] {dagbag.py:536} INFO - Filling up the DagBag from /home/phuc/Practice/DataScience/DSProject/venv/lib/python3.10/site-packages/airflow/example_dags/example_short_circuit_operator.py
[2023-12-17T08:17:37.907+0700] {processor.py:839} INFO - DAG(s) dict_keys(['example_short_circuit_operator']) retrieved from /home/phuc/Practice/DataScience/DSProject/venv/lib/python3.10/site-packages/airflow/example_dags/example_short_circuit_operator.py
[2023-12-17T08:17:37.923+0700] {logging_mixin.py:154} INFO - [2023-12-17T08:17:37.923+0700] {dag.py:2941} INFO - Sync 1 DAGs
[2023-12-17T08:17:37.934+0700] {logging_mixin.py:154} INFO - [2023-12-17T08:17:37.934+0700] {dag.py:3722} INFO - Setting next_dagrun for example_short_circuit_operator to 2023-12-16T01:17:37.934196+00:00, run_after=2023-12-17T01:17:37.934196+00:00
[2023-12-17T08:17:37.945+0700] {processor.py:179} INFO - Processing /home/phuc/Practice/DataScience/DSProject/venv/lib/python3.10/site-packages/airflow/example_dags/example_short_circuit_operator.py took 0.061 seconds
[2023-12-17T08:18:24.418+0700] {processor.py:157} INFO - Started process (PID=316548) to work on /home/phuc/Practice/DataScience/DSProject/venv/lib/python3.10/site-packages/airflow/example_dags/example_short_circuit_operator.py
[2023-12-17T08:18:24.425+0700] {processor.py:829} INFO - Processing file /home/phuc/Practice/DataScience/DSProject/venv/lib/python3.10/site-packages/airflow/example_dags/example_short_circuit_operator.py for tasks to queue
[2023-12-17T08:18:24.426+0700] {logging_mixin.py:154} INFO - [2023-12-17T08:18:24.425+0700] {dagbag.py:536} INFO - Filling up the DagBag from /home/phuc/Practice/DataScience/DSProject/venv/lib/python3.10/site-packages/airflow/example_dags/example_short_circuit_operator.py
[2023-12-17T08:18:24.431+0700] {processor.py:839} INFO - DAG(s) dict_keys(['example_short_circuit_operator']) retrieved from /home/phuc/Practice/DataScience/DSProject/venv/lib/python3.10/site-packages/airflow/example_dags/example_short_circuit_operator.py
[2023-12-17T08:18:24.446+0700] {logging_mixin.py:154} INFO - [2023-12-17T08:18:24.446+0700] {dag.py:2941} INFO - Sync 1 DAGs
[2023-12-17T08:18:24.460+0700] {logging_mixin.py:154} INFO - [2023-12-17T08:18:24.460+0700] {dag.py:3722} INFO - Setting next_dagrun for example_short_circuit_operator to 2023-12-16T01:18:24.460084+00:00, run_after=2023-12-17T01:18:24.460084+00:00
[2023-12-17T08:18:24.477+0700] {processor.py:179} INFO - Processing /home/phuc/Practice/DataScience/DSProject/venv/lib/python3.10/site-packages/airflow/example_dags/example_short_circuit_operator.py took 0.062 seconds
[2023-12-17T08:18:58.073+0700] {processor.py:157} INFO - Started process (PID=316904) to work on /home/phuc/Practice/DataScience/DSProject/venv/lib/python3.10/site-packages/airflow/example_dags/example_short_circuit_operator.py
[2023-12-17T08:18:58.080+0700] {processor.py:829} INFO - Processing file /home/phuc/Practice/DataScience/DSProject/venv/lib/python3.10/site-packages/airflow/example_dags/example_short_circuit_operator.py for tasks to queue
[2023-12-17T08:18:58.081+0700] {logging_mixin.py:154} INFO - [2023-12-17T08:18:58.080+0700] {dagbag.py:536} INFO - Filling up the DagBag from /home/phuc/Practice/DataScience/DSProject/venv/lib/python3.10/site-packages/airflow/example_dags/example_short_circuit_operator.py
[2023-12-17T08:18:58.087+0700] {processor.py:839} INFO - DAG(s) dict_keys(['example_short_circuit_operator']) retrieved from /home/phuc/Practice/DataScience/DSProject/venv/lib/python3.10/site-packages/airflow/example_dags/example_short_circuit_operator.py
[2023-12-17T08:18:58.101+0700] {logging_mixin.py:154} INFO - [2023-12-17T08:18:58.101+0700] {dag.py:2941} INFO - Sync 1 DAGs
[2023-12-17T08:18:58.113+0700] {logging_mixin.py:154} INFO - [2023-12-17T08:18:58.113+0700] {dag.py:3722} INFO - Setting next_dagrun for example_short_circuit_operator to 2023-12-16T01:18:58.113611+00:00, run_after=2023-12-17T01:18:58.113611+00:00
[2023-12-17T08:18:58.134+0700] {processor.py:179} INFO - Processing /home/phuc/Practice/DataScience/DSProject/venv/lib/python3.10/site-packages/airflow/example_dags/example_short_circuit_operator.py took 0.063 seconds
[2023-12-17T08:19:35.020+0700] {processor.py:157} INFO - Started process (PID=317283) to work on /home/phuc/Practice/DataScience/DSProject/venv/lib/python3.10/site-packages/airflow/example_dags/example_short_circuit_operator.py
[2023-12-17T08:19:35.027+0700] {processor.py:829} INFO - Processing file /home/phuc/Practice/DataScience/DSProject/venv/lib/python3.10/site-packages/airflow/example_dags/example_short_circuit_operator.py for tasks to queue
[2023-12-17T08:19:35.027+0700] {logging_mixin.py:154} INFO - [2023-12-17T08:19:35.027+0700] {dagbag.py:536} INFO - Filling up the DagBag from /home/phuc/Practice/DataScience/DSProject/venv/lib/python3.10/site-packages/airflow/example_dags/example_short_circuit_operator.py
[2023-12-17T08:19:35.032+0700] {processor.py:839} INFO - DAG(s) dict_keys(['example_short_circuit_operator']) retrieved from /home/phuc/Practice/DataScience/DSProject/venv/lib/python3.10/site-packages/airflow/example_dags/example_short_circuit_operator.py
[2023-12-17T08:19:35.046+0700] {logging_mixin.py:154} INFO - [2023-12-17T08:19:35.046+0700] {dag.py:2941} INFO - Sync 1 DAGs
[2023-12-17T08:19:35.059+0700] {logging_mixin.py:154} INFO - [2023-12-17T08:19:35.059+0700] {dag.py:3722} INFO - Setting next_dagrun for example_short_circuit_operator to 2023-12-16T01:19:35.058869+00:00, run_after=2023-12-17T01:19:35.058869+00:00
[2023-12-17T08:19:35.074+0700] {processor.py:179} INFO - Processing /home/phuc/Practice/DataScience/DSProject/venv/lib/python3.10/site-packages/airflow/example_dags/example_short_circuit_operator.py took 0.056 seconds
[2023-12-17T08:20:10.226+0700] {processor.py:157} INFO - Started process (PID=317658) to work on /home/phuc/Practice/DataScience/DSProject/venv/lib/python3.10/site-packages/airflow/example_dags/example_short_circuit_operator.py
[2023-12-17T08:20:10.233+0700] {processor.py:829} INFO - Processing file /home/phuc/Practice/DataScience/DSProject/venv/lib/python3.10/site-packages/airflow/example_dags/example_short_circuit_operator.py for tasks to queue
[2023-12-17T08:20:10.234+0700] {logging_mixin.py:154} INFO - [2023-12-17T08:20:10.233+0700] {dagbag.py:536} INFO - Filling up the DagBag from /home/phuc/Practice/DataScience/DSProject/venv/lib/python3.10/site-packages/airflow/example_dags/example_short_circuit_operator.py
[2023-12-17T08:20:10.239+0700] {processor.py:839} INFO - DAG(s) dict_keys(['example_short_circuit_operator']) retrieved from /home/phuc/Practice/DataScience/DSProject/venv/lib/python3.10/site-packages/airflow/example_dags/example_short_circuit_operator.py
[2023-12-17T08:20:10.253+0700] {logging_mixin.py:154} INFO - [2023-12-17T08:20:10.253+0700] {dag.py:2941} INFO - Sync 1 DAGs
[2023-12-17T08:20:10.267+0700] {logging_mixin.py:154} INFO - [2023-12-17T08:20:10.267+0700] {dag.py:3722} INFO - Setting next_dagrun for example_short_circuit_operator to 2023-12-16T01:20:10.267244+00:00, run_after=2023-12-17T01:20:10.267244+00:00
[2023-12-17T08:20:10.288+0700] {processor.py:179} INFO - Processing /home/phuc/Practice/DataScience/DSProject/venv/lib/python3.10/site-packages/airflow/example_dags/example_short_circuit_operator.py took 0.065 seconds
[2023-12-17T08:21:48.916+0700] {processor.py:157} INFO - Started process (PID=318663) to work on /home/phuc/Practice/DataScience/DSProject/venv/lib/python3.10/site-packages/airflow/example_dags/example_short_circuit_operator.py
[2023-12-17T08:21:48.917+0700] {processor.py:829} INFO - Processing file /home/phuc/Practice/DataScience/DSProject/venv/lib/python3.10/site-packages/airflow/example_dags/example_short_circuit_operator.py for tasks to queue
[2023-12-17T08:21:48.919+0700] {logging_mixin.py:154} INFO - [2023-12-17T08:21:48.918+0700] {dagbag.py:536} INFO - Filling up the DagBag from /home/phuc/Practice/DataScience/DSProject/venv/lib/python3.10/site-packages/airflow/example_dags/example_short_circuit_operator.py
[2023-12-17T08:21:48.927+0700] {processor.py:839} INFO - DAG(s) dict_keys(['example_short_circuit_operator']) retrieved from /home/phuc/Practice/DataScience/DSProject/venv/lib/python3.10/site-packages/airflow/example_dags/example_short_circuit_operator.py
[2023-12-17T08:21:48.951+0700] {logging_mixin.py:154} INFO - [2023-12-17T08:21:48.951+0700] {dag.py:2941} INFO - Sync 1 DAGs
[2023-12-17T08:21:48.970+0700] {logging_mixin.py:154} INFO - [2023-12-17T08:21:48.970+0700] {dag.py:3722} INFO - Setting next_dagrun for example_short_circuit_operator to 2023-12-16T01:21:48.970099+00:00, run_after=2023-12-17T01:21:48.970099+00:00
[2023-12-17T08:21:48.985+0700] {processor.py:179} INFO - Processing /home/phuc/Practice/DataScience/DSProject/venv/lib/python3.10/site-packages/airflow/example_dags/example_short_circuit_operator.py took 0.073 seconds
[2023-12-17T08:23:24.083+0700] {processor.py:157} INFO - Started process (PID=319483) to work on /home/phuc/Practice/DataScience/DSProject/venv/lib/python3.10/site-packages/airflow/example_dags/example_short_circuit_operator.py
[2023-12-17T08:23:24.090+0700] {processor.py:829} INFO - Processing file /home/phuc/Practice/DataScience/DSProject/venv/lib/python3.10/site-packages/airflow/example_dags/example_short_circuit_operator.py for tasks to queue
[2023-12-17T08:23:24.091+0700] {logging_mixin.py:154} INFO - [2023-12-17T08:23:24.091+0700] {dagbag.py:536} INFO - Filling up the DagBag from /home/phuc/Practice/DataScience/DSProject/venv/lib/python3.10/site-packages/airflow/example_dags/example_short_circuit_operator.py
[2023-12-17T08:23:24.101+0700] {processor.py:839} INFO - DAG(s) dict_keys(['example_short_circuit_operator']) retrieved from /home/phuc/Practice/DataScience/DSProject/venv/lib/python3.10/site-packages/airflow/example_dags/example_short_circuit_operator.py
[2023-12-17T08:23:24.114+0700] {logging_mixin.py:154} INFO - [2023-12-17T08:23:24.114+0700] {dag.py:2941} INFO - Sync 1 DAGs
[2023-12-17T08:23:24.123+0700] {logging_mixin.py:154} INFO - [2023-12-17T08:23:24.123+0700] {dag.py:3722} INFO - Setting next_dagrun for example_short_circuit_operator to 2023-12-16T01:23:24.123543+00:00, run_after=2023-12-17T01:23:24.123543+00:00
[2023-12-17T08:23:24.135+0700] {processor.py:179} INFO - Processing /home/phuc/Practice/DataScience/DSProject/venv/lib/python3.10/site-packages/airflow/example_dags/example_short_circuit_operator.py took 0.054 seconds
[2023-12-17T08:24:03.971+0700] {processor.py:157} INFO - Started process (PID=319724) to work on /home/phuc/Practice/DataScience/DSProject/venv/lib/python3.10/site-packages/airflow/example_dags/example_short_circuit_operator.py
[2023-12-17T08:24:03.971+0700] {processor.py:829} INFO - Processing file /home/phuc/Practice/DataScience/DSProject/venv/lib/python3.10/site-packages/airflow/example_dags/example_short_circuit_operator.py for tasks to queue
[2023-12-17T08:24:03.972+0700] {logging_mixin.py:154} INFO - [2023-12-17T08:24:03.972+0700] {dagbag.py:536} INFO - Filling up the DagBag from /home/phuc/Practice/DataScience/DSProject/venv/lib/python3.10/site-packages/airflow/example_dags/example_short_circuit_operator.py
[2023-12-17T08:24:03.979+0700] {processor.py:839} INFO - DAG(s) dict_keys(['example_short_circuit_operator']) retrieved from /home/phuc/Practice/DataScience/DSProject/venv/lib/python3.10/site-packages/airflow/example_dags/example_short_circuit_operator.py
[2023-12-17T08:24:03.992+0700] {logging_mixin.py:154} INFO - [2023-12-17T08:24:03.992+0700] {dag.py:2941} INFO - Sync 1 DAGs
[2023-12-17T08:24:04.001+0700] {logging_mixin.py:154} INFO - [2023-12-17T08:24:04.001+0700] {dag.py:3722} INFO - Setting next_dagrun for example_short_circuit_operator to 2023-12-16T01:24:04.001367+00:00, run_after=2023-12-17T01:24:04.001367+00:00
[2023-12-17T08:24:04.012+0700] {processor.py:179} INFO - Processing /home/phuc/Practice/DataScience/DSProject/venv/lib/python3.10/site-packages/airflow/example_dags/example_short_circuit_operator.py took 0.044 seconds
[2023-12-17T08:24:38.710+0700] {processor.py:157} INFO - Started process (PID=319876) to work on /home/phuc/Practice/DataScience/DSProject/venv/lib/python3.10/site-packages/airflow/example_dags/example_short_circuit_operator.py
[2023-12-17T08:24:38.717+0700] {processor.py:829} INFO - Processing file /home/phuc/Practice/DataScience/DSProject/venv/lib/python3.10/site-packages/airflow/example_dags/example_short_circuit_operator.py for tasks to queue
[2023-12-17T08:24:38.718+0700] {logging_mixin.py:154} INFO - [2023-12-17T08:24:38.717+0700] {dagbag.py:536} INFO - Filling up the DagBag from /home/phuc/Practice/DataScience/DSProject/venv/lib/python3.10/site-packages/airflow/example_dags/example_short_circuit_operator.py
[2023-12-17T08:24:38.728+0700] {processor.py:839} INFO - DAG(s) dict_keys(['example_short_circuit_operator']) retrieved from /home/phuc/Practice/DataScience/DSProject/venv/lib/python3.10/site-packages/airflow/example_dags/example_short_circuit_operator.py
[2023-12-17T08:24:38.741+0700] {logging_mixin.py:154} INFO - [2023-12-17T08:24:38.741+0700] {dag.py:2941} INFO - Sync 1 DAGs
[2023-12-17T08:24:38.750+0700] {logging_mixin.py:154} INFO - [2023-12-17T08:24:38.750+0700] {dag.py:3722} INFO - Setting next_dagrun for example_short_circuit_operator to 2023-12-16T01:24:38.750376+00:00, run_after=2023-12-17T01:24:38.750376+00:00
[2023-12-17T08:24:38.761+0700] {processor.py:179} INFO - Processing /home/phuc/Practice/DataScience/DSProject/venv/lib/python3.10/site-packages/airflow/example_dags/example_short_circuit_operator.py took 0.054 seconds
[2023-12-17T08:25:16.438+0700] {processor.py:157} INFO - Started process (PID=320051) to work on /home/phuc/Practice/DataScience/DSProject/venv/lib/python3.10/site-packages/airflow/example_dags/example_short_circuit_operator.py
[2023-12-17T08:25:16.445+0700] {processor.py:829} INFO - Processing file /home/phuc/Practice/DataScience/DSProject/venv/lib/python3.10/site-packages/airflow/example_dags/example_short_circuit_operator.py for tasks to queue
[2023-12-17T08:25:16.447+0700] {logging_mixin.py:154} INFO - [2023-12-17T08:25:16.446+0700] {dagbag.py:536} INFO - Filling up the DagBag from /home/phuc/Practice/DataScience/DSProject/venv/lib/python3.10/site-packages/airflow/example_dags/example_short_circuit_operator.py
[2023-12-17T08:25:16.453+0700] {processor.py:839} INFO - DAG(s) dict_keys(['example_short_circuit_operator']) retrieved from /home/phuc/Practice/DataScience/DSProject/venv/lib/python3.10/site-packages/airflow/example_dags/example_short_circuit_operator.py
[2023-12-17T08:25:16.464+0700] {logging_mixin.py:154} INFO - [2023-12-17T08:25:16.463+0700] {dag.py:2941} INFO - Sync 1 DAGs
[2023-12-17T08:25:16.473+0700] {logging_mixin.py:154} INFO - [2023-12-17T08:25:16.473+0700] {dag.py:3722} INFO - Setting next_dagrun for example_short_circuit_operator to 2023-12-16T01:25:16.473324+00:00, run_after=2023-12-17T01:25:16.473324+00:00
[2023-12-17T08:25:16.484+0700] {processor.py:179} INFO - Processing /home/phuc/Practice/DataScience/DSProject/venv/lib/python3.10/site-packages/airflow/example_dags/example_short_circuit_operator.py took 0.048 seconds
[2023-12-17T08:25:51.770+0700] {processor.py:157} INFO - Started process (PID=320208) to work on /home/phuc/Practice/DataScience/DSProject/venv/lib/python3.10/site-packages/airflow/example_dags/example_short_circuit_operator.py
[2023-12-17T08:25:51.777+0700] {processor.py:829} INFO - Processing file /home/phuc/Practice/DataScience/DSProject/venv/lib/python3.10/site-packages/airflow/example_dags/example_short_circuit_operator.py for tasks to queue
[2023-12-17T08:25:51.778+0700] {logging_mixin.py:154} INFO - [2023-12-17T08:25:51.778+0700] {dagbag.py:536} INFO - Filling up the DagBag from /home/phuc/Practice/DataScience/DSProject/venv/lib/python3.10/site-packages/airflow/example_dags/example_short_circuit_operator.py
[2023-12-17T08:25:51.787+0700] {processor.py:839} INFO - DAG(s) dict_keys(['example_short_circuit_operator']) retrieved from /home/phuc/Practice/DataScience/DSProject/venv/lib/python3.10/site-packages/airflow/example_dags/example_short_circuit_operator.py
[2023-12-17T08:25:51.801+0700] {logging_mixin.py:154} INFO - [2023-12-17T08:25:51.801+0700] {dag.py:2941} INFO - Sync 1 DAGs
[2023-12-17T08:25:51.811+0700] {logging_mixin.py:154} INFO - [2023-12-17T08:25:51.811+0700] {dag.py:3722} INFO - Setting next_dagrun for example_short_circuit_operator to 2023-12-16T01:25:51.811234+00:00, run_after=2023-12-17T01:25:51.811234+00:00
[2023-12-17T08:25:51.823+0700] {processor.py:179} INFO - Processing /home/phuc/Practice/DataScience/DSProject/venv/lib/python3.10/site-packages/airflow/example_dags/example_short_circuit_operator.py took 0.057 seconds
[2023-12-17T08:26:38.719+0700] {processor.py:157} INFO - Started process (PID=320449) to work on /home/phuc/Practice/DataScience/DSProject/venv/lib/python3.10/site-packages/airflow/example_dags/example_short_circuit_operator.py
[2023-12-17T08:26:38.726+0700] {processor.py:829} INFO - Processing file /home/phuc/Practice/DataScience/DSProject/venv/lib/python3.10/site-packages/airflow/example_dags/example_short_circuit_operator.py for tasks to queue
[2023-12-17T08:26:38.728+0700] {logging_mixin.py:154} INFO - [2023-12-17T08:26:38.727+0700] {dagbag.py:536} INFO - Filling up the DagBag from /home/phuc/Practice/DataScience/DSProject/venv/lib/python3.10/site-packages/airflow/example_dags/example_short_circuit_operator.py
[2023-12-17T08:26:38.738+0700] {processor.py:839} INFO - DAG(s) dict_keys(['example_short_circuit_operator']) retrieved from /home/phuc/Practice/DataScience/DSProject/venv/lib/python3.10/site-packages/airflow/example_dags/example_short_circuit_operator.py
[2023-12-17T08:26:38.752+0700] {logging_mixin.py:154} INFO - [2023-12-17T08:26:38.752+0700] {dag.py:2941} INFO - Sync 1 DAGs
[2023-12-17T08:26:38.762+0700] {logging_mixin.py:154} INFO - [2023-12-17T08:26:38.762+0700] {dag.py:3722} INFO - Setting next_dagrun for example_short_circuit_operator to 2023-12-16T01:26:38.762736+00:00, run_after=2023-12-17T01:26:38.762736+00:00
[2023-12-17T08:26:38.774+0700] {processor.py:179} INFO - Processing /home/phuc/Practice/DataScience/DSProject/venv/lib/python3.10/site-packages/airflow/example_dags/example_short_circuit_operator.py took 0.057 seconds
[2023-12-17T08:27:13.239+0700] {processor.py:157} INFO - Started process (PID=320645) to work on /home/phuc/Practice/DataScience/DSProject/venv/lib/python3.10/site-packages/airflow/example_dags/example_short_circuit_operator.py
[2023-12-17T08:27:13.246+0700] {processor.py:829} INFO - Processing file /home/phuc/Practice/DataScience/DSProject/venv/lib/python3.10/site-packages/airflow/example_dags/example_short_circuit_operator.py for tasks to queue
[2023-12-17T08:27:13.247+0700] {logging_mixin.py:154} INFO - [2023-12-17T08:27:13.247+0700] {dagbag.py:536} INFO - Filling up the DagBag from /home/phuc/Practice/DataScience/DSProject/venv/lib/python3.10/site-packages/airflow/example_dags/example_short_circuit_operator.py
[2023-12-17T08:27:13.257+0700] {processor.py:839} INFO - DAG(s) dict_keys(['example_short_circuit_operator']) retrieved from /home/phuc/Practice/DataScience/DSProject/venv/lib/python3.10/site-packages/airflow/example_dags/example_short_circuit_operator.py
[2023-12-17T08:27:13.270+0700] {logging_mixin.py:154} INFO - [2023-12-17T08:27:13.270+0700] {dag.py:2941} INFO - Sync 1 DAGs
[2023-12-17T08:27:13.279+0700] {logging_mixin.py:154} INFO - [2023-12-17T08:27:13.279+0700] {dag.py:3722} INFO - Setting next_dagrun for example_short_circuit_operator to 2023-12-16T01:27:13.279281+00:00, run_after=2023-12-17T01:27:13.279281+00:00
[2023-12-17T08:27:13.291+0700] {processor.py:179} INFO - Processing /home/phuc/Practice/DataScience/DSProject/venv/lib/python3.10/site-packages/airflow/example_dags/example_short_circuit_operator.py took 0.055 seconds
[2023-12-17T08:27:46.978+0700] {processor.py:157} INFO - Started process (PID=320784) to work on /home/phuc/Practice/DataScience/DSProject/venv/lib/python3.10/site-packages/airflow/example_dags/example_short_circuit_operator.py
[2023-12-17T08:27:46.979+0700] {processor.py:829} INFO - Processing file /home/phuc/Practice/DataScience/DSProject/venv/lib/python3.10/site-packages/airflow/example_dags/example_short_circuit_operator.py for tasks to queue
[2023-12-17T08:27:46.979+0700] {logging_mixin.py:154} INFO - [2023-12-17T08:27:46.979+0700] {dagbag.py:536} INFO - Filling up the DagBag from /home/phuc/Practice/DataScience/DSProject/venv/lib/python3.10/site-packages/airflow/example_dags/example_short_circuit_operator.py
[2023-12-17T08:27:46.983+0700] {processor.py:839} INFO - DAG(s) dict_keys(['example_short_circuit_operator']) retrieved from /home/phuc/Practice/DataScience/DSProject/venv/lib/python3.10/site-packages/airflow/example_dags/example_short_circuit_operator.py
[2023-12-17T08:27:46.994+0700] {logging_mixin.py:154} INFO - [2023-12-17T08:27:46.994+0700] {dag.py:2941} INFO - Sync 1 DAGs
[2023-12-17T08:27:47.003+0700] {logging_mixin.py:154} INFO - [2023-12-17T08:27:47.003+0700] {dag.py:3722} INFO - Setting next_dagrun for example_short_circuit_operator to 2023-12-16T01:27:47.003327+00:00, run_after=2023-12-17T01:27:47.003327+00:00
[2023-12-17T08:27:47.014+0700] {processor.py:179} INFO - Processing /home/phuc/Practice/DataScience/DSProject/venv/lib/python3.10/site-packages/airflow/example_dags/example_short_circuit_operator.py took 0.037 seconds
[2023-12-17T08:28:18.919+0700] {processor.py:157} INFO - Started process (PID=320933) to work on /home/phuc/Practice/DataScience/DSProject/venv/lib/python3.10/site-packages/airflow/example_dags/example_short_circuit_operator.py
[2023-12-17T08:28:18.920+0700] {processor.py:829} INFO - Processing file /home/phuc/Practice/DataScience/DSProject/venv/lib/python3.10/site-packages/airflow/example_dags/example_short_circuit_operator.py for tasks to queue
[2023-12-17T08:28:18.921+0700] {logging_mixin.py:154} INFO - [2023-12-17T08:28:18.920+0700] {dagbag.py:536} INFO - Filling up the DagBag from /home/phuc/Practice/DataScience/DSProject/venv/lib/python3.10/site-packages/airflow/example_dags/example_short_circuit_operator.py
[2023-12-17T08:28:18.925+0700] {processor.py:839} INFO - DAG(s) dict_keys(['example_short_circuit_operator']) retrieved from /home/phuc/Practice/DataScience/DSProject/venv/lib/python3.10/site-packages/airflow/example_dags/example_short_circuit_operator.py
[2023-12-17T08:28:18.936+0700] {logging_mixin.py:154} INFO - [2023-12-17T08:28:18.936+0700] {dag.py:2941} INFO - Sync 1 DAGs
[2023-12-17T08:28:18.946+0700] {logging_mixin.py:154} INFO - [2023-12-17T08:28:18.946+0700] {dag.py:3722} INFO - Setting next_dagrun for example_short_circuit_operator to 2023-12-16T01:28:18.946005+00:00, run_after=2023-12-17T01:28:18.946005+00:00
[2023-12-17T08:28:18.957+0700] {processor.py:179} INFO - Processing /home/phuc/Practice/DataScience/DSProject/venv/lib/python3.10/site-packages/airflow/example_dags/example_short_circuit_operator.py took 0.039 seconds
[2023-12-17T08:28:50.723+0700] {processor.py:157} INFO - Started process (PID=321068) to work on /home/phuc/Practice/DataScience/DSProject/venv/lib/python3.10/site-packages/airflow/example_dags/example_short_circuit_operator.py
[2023-12-17T08:28:50.730+0700] {processor.py:829} INFO - Processing file /home/phuc/Practice/DataScience/DSProject/venv/lib/python3.10/site-packages/airflow/example_dags/example_short_circuit_operator.py for tasks to queue
[2023-12-17T08:28:50.731+0700] {logging_mixin.py:154} INFO - [2023-12-17T08:28:50.731+0700] {dagbag.py:536} INFO - Filling up the DagBag from /home/phuc/Practice/DataScience/DSProject/venv/lib/python3.10/site-packages/airflow/example_dags/example_short_circuit_operator.py
[2023-12-17T08:28:50.741+0700] {processor.py:839} INFO - DAG(s) dict_keys(['example_short_circuit_operator']) retrieved from /home/phuc/Practice/DataScience/DSProject/venv/lib/python3.10/site-packages/airflow/example_dags/example_short_circuit_operator.py
[2023-12-17T08:28:50.754+0700] {logging_mixin.py:154} INFO - [2023-12-17T08:28:50.754+0700] {dag.py:2941} INFO - Sync 1 DAGs
[2023-12-17T08:28:50.764+0700] {logging_mixin.py:154} INFO - [2023-12-17T08:28:50.763+0700] {dag.py:3722} INFO - Setting next_dagrun for example_short_circuit_operator to 2023-12-16T01:28:50.763810+00:00, run_after=2023-12-17T01:28:50.763810+00:00
[2023-12-17T08:28:50.775+0700] {processor.py:179} INFO - Processing /home/phuc/Practice/DataScience/DSProject/venv/lib/python3.10/site-packages/airflow/example_dags/example_short_circuit_operator.py took 0.055 seconds
[2023-12-17T08:29:23.869+0700] {processor.py:157} INFO - Started process (PID=321204) to work on /home/phuc/Practice/DataScience/DSProject/venv/lib/python3.10/site-packages/airflow/example_dags/example_short_circuit_operator.py
[2023-12-17T08:29:23.876+0700] {processor.py:829} INFO - Processing file /home/phuc/Practice/DataScience/DSProject/venv/lib/python3.10/site-packages/airflow/example_dags/example_short_circuit_operator.py for tasks to queue
[2023-12-17T08:29:23.878+0700] {logging_mixin.py:154} INFO - [2023-12-17T08:29:23.877+0700] {dagbag.py:536} INFO - Filling up the DagBag from /home/phuc/Practice/DataScience/DSProject/venv/lib/python3.10/site-packages/airflow/example_dags/example_short_circuit_operator.py
[2023-12-17T08:29:23.888+0700] {processor.py:839} INFO - DAG(s) dict_keys(['example_short_circuit_operator']) retrieved from /home/phuc/Practice/DataScience/DSProject/venv/lib/python3.10/site-packages/airflow/example_dags/example_short_circuit_operator.py
[2023-12-17T08:29:23.900+0700] {logging_mixin.py:154} INFO - [2023-12-17T08:29:23.900+0700] {dag.py:2941} INFO - Sync 1 DAGs
[2023-12-17T08:29:23.908+0700] {logging_mixin.py:154} INFO - [2023-12-17T08:29:23.908+0700] {dag.py:3722} INFO - Setting next_dagrun for example_short_circuit_operator to 2023-12-16T01:29:23.908421+00:00, run_after=2023-12-17T01:29:23.908421+00:00
[2023-12-17T08:29:23.918+0700] {processor.py:179} INFO - Processing /home/phuc/Practice/DataScience/DSProject/venv/lib/python3.10/site-packages/airflow/example_dags/example_short_circuit_operator.py took 0.053 seconds
[2023-12-17T08:29:58.695+0700] {processor.py:157} INFO - Started process (PID=321363) to work on /home/phuc/Practice/DataScience/DSProject/venv/lib/python3.10/site-packages/airflow/example_dags/example_short_circuit_operator.py
[2023-12-17T08:29:58.702+0700] {processor.py:829} INFO - Processing file /home/phuc/Practice/DataScience/DSProject/venv/lib/python3.10/site-packages/airflow/example_dags/example_short_circuit_operator.py for tasks to queue
[2023-12-17T08:29:58.704+0700] {logging_mixin.py:154} INFO - [2023-12-17T08:29:58.703+0700] {dagbag.py:536} INFO - Filling up the DagBag from /home/phuc/Practice/DataScience/DSProject/venv/lib/python3.10/site-packages/airflow/example_dags/example_short_circuit_operator.py
[2023-12-17T08:29:58.714+0700] {processor.py:839} INFO - DAG(s) dict_keys(['example_short_circuit_operator']) retrieved from /home/phuc/Practice/DataScience/DSProject/venv/lib/python3.10/site-packages/airflow/example_dags/example_short_circuit_operator.py
[2023-12-17T08:29:58.726+0700] {logging_mixin.py:154} INFO - [2023-12-17T08:29:58.726+0700] {dag.py:2941} INFO - Sync 1 DAGs
[2023-12-17T08:29:58.734+0700] {logging_mixin.py:154} INFO - [2023-12-17T08:29:58.734+0700] {dag.py:3722} INFO - Setting next_dagrun for example_short_circuit_operator to 2023-12-16T01:29:58.734259+00:00, run_after=2023-12-17T01:29:58.734259+00:00
[2023-12-17T08:29:58.743+0700] {processor.py:179} INFO - Processing /home/phuc/Practice/DataScience/DSProject/venv/lib/python3.10/site-packages/airflow/example_dags/example_short_circuit_operator.py took 0.051 seconds
[2023-12-17T08:30:31.297+0700] {processor.py:157} INFO - Started process (PID=321542) to work on /home/phuc/Practice/DataScience/DSProject/venv/lib/python3.10/site-packages/airflow/example_dags/example_short_circuit_operator.py
[2023-12-17T08:30:31.298+0700] {processor.py:829} INFO - Processing file /home/phuc/Practice/DataScience/DSProject/venv/lib/python3.10/site-packages/airflow/example_dags/example_short_circuit_operator.py for tasks to queue
[2023-12-17T08:30:31.298+0700] {logging_mixin.py:154} INFO - [2023-12-17T08:30:31.298+0700] {dagbag.py:536} INFO - Filling up the DagBag from /home/phuc/Practice/DataScience/DSProject/venv/lib/python3.10/site-packages/airflow/example_dags/example_short_circuit_operator.py
[2023-12-17T08:30:31.302+0700] {processor.py:839} INFO - DAG(s) dict_keys(['example_short_circuit_operator']) retrieved from /home/phuc/Practice/DataScience/DSProject/venv/lib/python3.10/site-packages/airflow/example_dags/example_short_circuit_operator.py
[2023-12-17T08:30:31.313+0700] {logging_mixin.py:154} INFO - [2023-12-17T08:30:31.313+0700] {dag.py:2941} INFO - Sync 1 DAGs
[2023-12-17T08:30:31.323+0700] {logging_mixin.py:154} INFO - [2023-12-17T08:30:31.323+0700] {dag.py:3722} INFO - Setting next_dagrun for example_short_circuit_operator to 2023-12-16T01:30:31.322879+00:00, run_after=2023-12-17T01:30:31.322879+00:00
[2023-12-17T08:30:31.334+0700] {processor.py:179} INFO - Processing /home/phuc/Practice/DataScience/DSProject/venv/lib/python3.10/site-packages/airflow/example_dags/example_short_circuit_operator.py took 0.038 seconds
[2023-12-17T08:31:06.540+0700] {processor.py:157} INFO - Started process (PID=321701) to work on /home/phuc/Practice/DataScience/DSProject/venv/lib/python3.10/site-packages/airflow/example_dags/example_short_circuit_operator.py
[2023-12-17T08:31:06.547+0700] {processor.py:829} INFO - Processing file /home/phuc/Practice/DataScience/DSProject/venv/lib/python3.10/site-packages/airflow/example_dags/example_short_circuit_operator.py for tasks to queue
[2023-12-17T08:31:06.548+0700] {logging_mixin.py:154} INFO - [2023-12-17T08:31:06.547+0700] {dagbag.py:536} INFO - Filling up the DagBag from /home/phuc/Practice/DataScience/DSProject/venv/lib/python3.10/site-packages/airflow/example_dags/example_short_circuit_operator.py
[2023-12-17T08:31:06.557+0700] {processor.py:839} INFO - DAG(s) dict_keys(['example_short_circuit_operator']) retrieved from /home/phuc/Practice/DataScience/DSProject/venv/lib/python3.10/site-packages/airflow/example_dags/example_short_circuit_operator.py
[2023-12-17T08:31:06.571+0700] {logging_mixin.py:154} INFO - [2023-12-17T08:31:06.571+0700] {dag.py:2941} INFO - Sync 1 DAGs
[2023-12-17T08:31:06.580+0700] {logging_mixin.py:154} INFO - [2023-12-17T08:31:06.580+0700] {dag.py:3722} INFO - Setting next_dagrun for example_short_circuit_operator to 2023-12-16T01:31:06.580299+00:00, run_after=2023-12-17T01:31:06.580299+00:00
[2023-12-17T08:31:06.590+0700] {processor.py:179} INFO - Processing /home/phuc/Practice/DataScience/DSProject/venv/lib/python3.10/site-packages/airflow/example_dags/example_short_circuit_operator.py took 0.052 seconds
[2023-12-17T08:31:41.293+0700] {processor.py:157} INFO - Started process (PID=322002) to work on /home/phuc/Practice/DataScience/DSProject/venv/lib/python3.10/site-packages/airflow/example_dags/example_short_circuit_operator.py
[2023-12-17T08:31:41.301+0700] {processor.py:829} INFO - Processing file /home/phuc/Practice/DataScience/DSProject/venv/lib/python3.10/site-packages/airflow/example_dags/example_short_circuit_operator.py for tasks to queue
[2023-12-17T08:31:41.302+0700] {logging_mixin.py:154} INFO - [2023-12-17T08:31:41.301+0700] {dagbag.py:536} INFO - Filling up the DagBag from /home/phuc/Practice/DataScience/DSProject/venv/lib/python3.10/site-packages/airflow/example_dags/example_short_circuit_operator.py
[2023-12-17T08:31:41.312+0700] {processor.py:839} INFO - DAG(s) dict_keys(['example_short_circuit_operator']) retrieved from /home/phuc/Practice/DataScience/DSProject/venv/lib/python3.10/site-packages/airflow/example_dags/example_short_circuit_operator.py
[2023-12-17T08:31:41.325+0700] {logging_mixin.py:154} INFO - [2023-12-17T08:31:41.325+0700] {dag.py:2941} INFO - Sync 1 DAGs
[2023-12-17T08:31:41.333+0700] {logging_mixin.py:154} INFO - [2023-12-17T08:31:41.333+0700] {dag.py:3722} INFO - Setting next_dagrun for example_short_circuit_operator to 2023-12-16T01:31:41.333119+00:00, run_after=2023-12-17T01:31:41.333119+00:00
[2023-12-17T08:31:41.343+0700] {processor.py:179} INFO - Processing /home/phuc/Practice/DataScience/DSProject/venv/lib/python3.10/site-packages/airflow/example_dags/example_short_circuit_operator.py took 0.051 seconds
[2023-12-17T08:32:41.769+0700] {processor.py:157} INFO - Started process (PID=322968) to work on /home/phuc/Practice/DataScience/DSProject/venv/lib/python3.10/site-packages/airflow/example_dags/example_short_circuit_operator.py
[2023-12-17T08:32:41.776+0700] {processor.py:829} INFO - Processing file /home/phuc/Practice/DataScience/DSProject/venv/lib/python3.10/site-packages/airflow/example_dags/example_short_circuit_operator.py for tasks to queue
[2023-12-17T08:32:41.777+0700] {logging_mixin.py:154} INFO - [2023-12-17T08:32:41.777+0700] {dagbag.py:536} INFO - Filling up the DagBag from /home/phuc/Practice/DataScience/DSProject/venv/lib/python3.10/site-packages/airflow/example_dags/example_short_circuit_operator.py
[2023-12-17T08:32:41.783+0700] {processor.py:839} INFO - DAG(s) dict_keys(['example_short_circuit_operator']) retrieved from /home/phuc/Practice/DataScience/DSProject/venv/lib/python3.10/site-packages/airflow/example_dags/example_short_circuit_operator.py
[2023-12-17T08:32:41.793+0700] {logging_mixin.py:154} INFO - [2023-12-17T08:32:41.792+0700] {dag.py:2941} INFO - Sync 1 DAGs
[2023-12-17T08:32:41.801+0700] {logging_mixin.py:154} INFO - [2023-12-17T08:32:41.801+0700] {dag.py:3722} INFO - Setting next_dagrun for example_short_circuit_operator to 2023-12-16T01:32:41.800980+00:00, run_after=2023-12-17T01:32:41.800980+00:00
[2023-12-17T08:32:41.810+0700] {processor.py:179} INFO - Processing /home/phuc/Practice/DataScience/DSProject/venv/lib/python3.10/site-packages/airflow/example_dags/example_short_circuit_operator.py took 0.044 seconds
[2023-12-17T08:33:24.058+0700] {processor.py:157} INFO - Started process (PID=323178) to work on /home/phuc/Practice/DataScience/DSProject/venv/lib/python3.10/site-packages/airflow/example_dags/example_short_circuit_operator.py
[2023-12-17T08:33:24.059+0700] {processor.py:829} INFO - Processing file /home/phuc/Practice/DataScience/DSProject/venv/lib/python3.10/site-packages/airflow/example_dags/example_short_circuit_operator.py for tasks to queue
[2023-12-17T08:33:24.061+0700] {logging_mixin.py:154} INFO - [2023-12-17T08:33:24.060+0700] {dagbag.py:536} INFO - Filling up the DagBag from /home/phuc/Practice/DataScience/DSProject/venv/lib/python3.10/site-packages/airflow/example_dags/example_short_circuit_operator.py
[2023-12-17T08:33:24.067+0700] {processor.py:839} INFO - DAG(s) dict_keys(['example_short_circuit_operator']) retrieved from /home/phuc/Practice/DataScience/DSProject/venv/lib/python3.10/site-packages/airflow/example_dags/example_short_circuit_operator.py
[2023-12-17T08:33:24.078+0700] {logging_mixin.py:154} INFO - [2023-12-17T08:33:24.077+0700] {dag.py:2941} INFO - Sync 1 DAGs
[2023-12-17T08:33:24.086+0700] {logging_mixin.py:154} INFO - [2023-12-17T08:33:24.086+0700] {dag.py:3722} INFO - Setting next_dagrun for example_short_circuit_operator to 2023-12-16T01:33:24.086443+00:00, run_after=2023-12-17T01:33:24.086443+00:00
[2023-12-17T08:33:24.099+0700] {processor.py:179} INFO - Processing /home/phuc/Practice/DataScience/DSProject/venv/lib/python3.10/site-packages/airflow/example_dags/example_short_circuit_operator.py took 0.044 seconds
[2023-12-17T08:33:57.694+0700] {processor.py:157} INFO - Started process (PID=323326) to work on /home/phuc/Practice/DataScience/DSProject/venv/lib/python3.10/site-packages/airflow/example_dags/example_short_circuit_operator.py
[2023-12-17T08:33:57.695+0700] {processor.py:829} INFO - Processing file /home/phuc/Practice/DataScience/DSProject/venv/lib/python3.10/site-packages/airflow/example_dags/example_short_circuit_operator.py for tasks to queue
[2023-12-17T08:33:57.695+0700] {logging_mixin.py:154} INFO - [2023-12-17T08:33:57.695+0700] {dagbag.py:536} INFO - Filling up the DagBag from /home/phuc/Practice/DataScience/DSProject/venv/lib/python3.10/site-packages/airflow/example_dags/example_short_circuit_operator.py
[2023-12-17T08:33:57.699+0700] {processor.py:839} INFO - DAG(s) dict_keys(['example_short_circuit_operator']) retrieved from /home/phuc/Practice/DataScience/DSProject/venv/lib/python3.10/site-packages/airflow/example_dags/example_short_circuit_operator.py
[2023-12-17T08:33:57.710+0700] {logging_mixin.py:154} INFO - [2023-12-17T08:33:57.710+0700] {dag.py:2941} INFO - Sync 1 DAGs
[2023-12-17T08:33:57.721+0700] {logging_mixin.py:154} INFO - [2023-12-17T08:33:57.721+0700] {dag.py:3722} INFO - Setting next_dagrun for example_short_circuit_operator to 2023-12-16T01:33:57.721163+00:00, run_after=2023-12-17T01:33:57.721163+00:00
[2023-12-17T08:33:57.736+0700] {processor.py:179} INFO - Processing /home/phuc/Practice/DataScience/DSProject/venv/lib/python3.10/site-packages/airflow/example_dags/example_short_circuit_operator.py took 0.044 seconds
[2023-12-17T08:34:35.982+0700] {processor.py:157} INFO - Started process (PID=323714) to work on /home/phuc/Practice/DataScience/DSProject/venv/lib/python3.10/site-packages/airflow/example_dags/example_short_circuit_operator.py
[2023-12-17T08:34:35.983+0700] {processor.py:829} INFO - Processing file /home/phuc/Practice/DataScience/DSProject/venv/lib/python3.10/site-packages/airflow/example_dags/example_short_circuit_operator.py for tasks to queue
[2023-12-17T08:34:35.984+0700] {logging_mixin.py:154} INFO - [2023-12-17T08:34:35.984+0700] {dagbag.py:536} INFO - Filling up the DagBag from /home/phuc/Practice/DataScience/DSProject/venv/lib/python3.10/site-packages/airflow/example_dags/example_short_circuit_operator.py
[2023-12-17T08:34:35.990+0700] {processor.py:839} INFO - DAG(s) dict_keys(['example_short_circuit_operator']) retrieved from /home/phuc/Practice/DataScience/DSProject/venv/lib/python3.10/site-packages/airflow/example_dags/example_short_circuit_operator.py
[2023-12-17T08:34:36.001+0700] {logging_mixin.py:154} INFO - [2023-12-17T08:34:36.001+0700] {dag.py:2941} INFO - Sync 1 DAGs
[2023-12-17T08:34:36.009+0700] {logging_mixin.py:154} INFO - [2023-12-17T08:34:36.009+0700] {dag.py:3722} INFO - Setting next_dagrun for example_short_circuit_operator to 2023-12-16T01:34:36.009645+00:00, run_after=2023-12-17T01:34:36.009645+00:00
[2023-12-17T08:34:36.019+0700] {processor.py:179} INFO - Processing /home/phuc/Practice/DataScience/DSProject/venv/lib/python3.10/site-packages/airflow/example_dags/example_short_circuit_operator.py took 0.041 seconds
[2023-12-17T08:35:11.771+0700] {processor.py:157} INFO - Started process (PID=323998) to work on /home/phuc/Practice/DataScience/DSProject/venv/lib/python3.10/site-packages/airflow/example_dags/example_short_circuit_operator.py
[2023-12-17T08:35:11.778+0700] {processor.py:829} INFO - Processing file /home/phuc/Practice/DataScience/DSProject/venv/lib/python3.10/site-packages/airflow/example_dags/example_short_circuit_operator.py for tasks to queue
[2023-12-17T08:35:11.779+0700] {logging_mixin.py:154} INFO - [2023-12-17T08:35:11.779+0700] {dagbag.py:536} INFO - Filling up the DagBag from /home/phuc/Practice/DataScience/DSProject/venv/lib/python3.10/site-packages/airflow/example_dags/example_short_circuit_operator.py
[2023-12-17T08:35:11.789+0700] {processor.py:839} INFO - DAG(s) dict_keys(['example_short_circuit_operator']) retrieved from /home/phuc/Practice/DataScience/DSProject/venv/lib/python3.10/site-packages/airflow/example_dags/example_short_circuit_operator.py
[2023-12-17T08:35:11.802+0700] {logging_mixin.py:154} INFO - [2023-12-17T08:35:11.802+0700] {dag.py:2941} INFO - Sync 1 DAGs
[2023-12-17T08:35:11.813+0700] {logging_mixin.py:154} INFO - [2023-12-17T08:35:11.812+0700] {dag.py:3722} INFO - Setting next_dagrun for example_short_circuit_operator to 2023-12-16T01:35:11.812740+00:00, run_after=2023-12-17T01:35:11.812740+00:00
[2023-12-17T08:35:11.825+0700] {processor.py:179} INFO - Processing /home/phuc/Practice/DataScience/DSProject/venv/lib/python3.10/site-packages/airflow/example_dags/example_short_circuit_operator.py took 0.059 seconds
[2023-12-17T08:35:47.529+0700] {processor.py:157} INFO - Started process (PID=324291) to work on /home/phuc/Practice/DataScience/DSProject/venv/lib/python3.10/site-packages/airflow/example_dags/example_short_circuit_operator.py
[2023-12-17T08:35:47.536+0700] {processor.py:829} INFO - Processing file /home/phuc/Practice/DataScience/DSProject/venv/lib/python3.10/site-packages/airflow/example_dags/example_short_circuit_operator.py for tasks to queue
[2023-12-17T08:35:47.538+0700] {logging_mixin.py:154} INFO - [2023-12-17T08:35:47.537+0700] {dagbag.py:536} INFO - Filling up the DagBag from /home/phuc/Practice/DataScience/DSProject/venv/lib/python3.10/site-packages/airflow/example_dags/example_short_circuit_operator.py
[2023-12-17T08:35:47.549+0700] {processor.py:839} INFO - DAG(s) dict_keys(['example_short_circuit_operator']) retrieved from /home/phuc/Practice/DataScience/DSProject/venv/lib/python3.10/site-packages/airflow/example_dags/example_short_circuit_operator.py
[2023-12-17T08:35:47.560+0700] {logging_mixin.py:154} INFO - [2023-12-17T08:35:47.560+0700] {dag.py:2941} INFO - Sync 1 DAGs
[2023-12-17T08:35:47.569+0700] {logging_mixin.py:154} INFO - [2023-12-17T08:35:47.569+0700] {dag.py:3722} INFO - Setting next_dagrun for example_short_circuit_operator to 2023-12-16T01:35:47.569118+00:00, run_after=2023-12-17T01:35:47.569118+00:00
[2023-12-17T08:35:47.579+0700] {processor.py:179} INFO - Processing /home/phuc/Practice/DataScience/DSProject/venv/lib/python3.10/site-packages/airflow/example_dags/example_short_circuit_operator.py took 0.051 seconds
