[2023-12-17T08:03:04.812+0700] {processor.py:157} INFO - Started process (PID=309594) to work on /home/phuc/Practice/DataScience/DSProject/venv/lib/python3.10/site-packages/airflow/example_dags/example_sensors.py
[2023-12-17T08:03:04.813+0700] {processor.py:829} INFO - Processing file /home/phuc/Practice/DataScience/DSProject/venv/lib/python3.10/site-packages/airflow/example_dags/example_sensors.py for tasks to queue
[2023-12-17T08:03:04.814+0700] {logging_mixin.py:154} INFO - [2023-12-17T08:03:04.814+0700] {dagbag.py:536} INFO - Filling up the DagBag from /home/phuc/Practice/DataScience/DSProject/venv/lib/python3.10/site-packages/airflow/example_dags/example_sensors.py
[2023-12-17T08:03:04.826+0700] {processor.py:839} INFO - DAG(s) dict_keys(['example_sensors']) retrieved from /home/phuc/Practice/DataScience/DSProject/venv/lib/python3.10/site-packages/airflow/example_dags/example_sensors.py
[2023-12-17T08:03:04.898+0700] {logging_mixin.py:154} INFO - [2023-12-17T08:03:04.898+0700] {manager.py:499} INFO - Created Permission View: %s
[2023-12-17T08:03:04.905+0700] {logging_mixin.py:154} INFO - [2023-12-17T08:03:04.904+0700] {manager.py:499} INFO - Created Permission View: %s
[2023-12-17T08:03:04.909+0700] {logging_mixin.py:154} INFO - [2023-12-17T08:03:04.909+0700] {manager.py:499} INFO - Created Permission View: %s
[2023-12-17T08:03:04.909+0700] {logging_mixin.py:154} INFO - [2023-12-17T08:03:04.909+0700] {dag.py:2941} INFO - Sync 1 DAGs
[2023-12-17T08:03:04.915+0700] {logging_mixin.py:154} INFO - [2023-12-17T08:03:04.915+0700] {dag.py:2963} INFO - Creating ORM DAG for example_sensors
[2023-12-17T08:03:04.915+0700] {logging_mixin.py:154} INFO - [2023-12-17T08:03:04.915+0700] {dag.py:3722} INFO - Setting next_dagrun for example_sensors to None, run_after=None
[2023-12-17T08:03:04.927+0700] {processor.py:179} INFO - Processing /home/phuc/Practice/DataScience/DSProject/venv/lib/python3.10/site-packages/airflow/example_dags/example_sensors.py took 0.117 seconds
[2023-12-17T08:05:21.295+0700] {processor.py:157} INFO - Started process (PID=310825) to work on /home/phuc/Practice/DataScience/DSProject/venv/lib/python3.10/site-packages/airflow/example_dags/example_sensors.py
[2023-12-17T08:05:21.302+0700] {processor.py:829} INFO - Processing file /home/phuc/Practice/DataScience/DSProject/venv/lib/python3.10/site-packages/airflow/example_dags/example_sensors.py for tasks to queue
[2023-12-17T08:05:21.303+0700] {logging_mixin.py:154} INFO - [2023-12-17T08:05:21.303+0700] {dagbag.py:536} INFO - Filling up the DagBag from /home/phuc/Practice/DataScience/DSProject/venv/lib/python3.10/site-packages/airflow/example_dags/example_sensors.py
[2023-12-17T08:05:21.312+0700] {processor.py:839} INFO - DAG(s) dict_keys(['example_sensors']) retrieved from /home/phuc/Practice/DataScience/DSProject/venv/lib/python3.10/site-packages/airflow/example_dags/example_sensors.py
[2023-12-17T08:05:21.333+0700] {logging_mixin.py:154} INFO - [2023-12-17T08:05:21.333+0700] {dag.py:2941} INFO - Sync 1 DAGs
[2023-12-17T08:05:21.342+0700] {logging_mixin.py:154} INFO - [2023-12-17T08:05:21.341+0700] {dag.py:3722} INFO - Setting next_dagrun for example_sensors to None, run_after=None
[2023-12-17T08:05:21.358+0700] {processor.py:179} INFO - Processing /home/phuc/Practice/DataScience/DSProject/venv/lib/python3.10/site-packages/airflow/example_dags/example_sensors.py took 0.065 seconds
[2023-12-17T08:06:09.761+0700] {processor.py:157} INFO - Started process (PID=311323) to work on /home/phuc/Practice/DataScience/DSProject/venv/lib/python3.10/site-packages/airflow/example_dags/example_sensors.py
[2023-12-17T08:06:09.768+0700] {processor.py:829} INFO - Processing file /home/phuc/Practice/DataScience/DSProject/venv/lib/python3.10/site-packages/airflow/example_dags/example_sensors.py for tasks to queue
[2023-12-17T08:06:09.769+0700] {logging_mixin.py:154} INFO - [2023-12-17T08:06:09.768+0700] {dagbag.py:536} INFO - Filling up the DagBag from /home/phuc/Practice/DataScience/DSProject/venv/lib/python3.10/site-packages/airflow/example_dags/example_sensors.py
[2023-12-17T08:06:09.781+0700] {processor.py:839} INFO - DAG(s) dict_keys(['example_sensors']) retrieved from /home/phuc/Practice/DataScience/DSProject/venv/lib/python3.10/site-packages/airflow/example_dags/example_sensors.py
[2023-12-17T08:06:09.797+0700] {logging_mixin.py:154} INFO - [2023-12-17T08:06:09.797+0700] {dag.py:2941} INFO - Sync 1 DAGs
[2023-12-17T08:06:09.805+0700] {logging_mixin.py:154} INFO - [2023-12-17T08:06:09.804+0700] {dag.py:3722} INFO - Setting next_dagrun for example_sensors to None, run_after=None
[2023-12-17T08:06:09.819+0700] {processor.py:179} INFO - Processing /home/phuc/Practice/DataScience/DSProject/venv/lib/python3.10/site-packages/airflow/example_dags/example_sensors.py took 0.061 seconds
[2023-12-17T08:06:47.348+0700] {processor.py:157} INFO - Started process (PID=311715) to work on /home/phuc/Practice/DataScience/DSProject/venv/lib/python3.10/site-packages/airflow/example_dags/example_sensors.py
[2023-12-17T08:06:47.349+0700] {processor.py:829} INFO - Processing file /home/phuc/Practice/DataScience/DSProject/venv/lib/python3.10/site-packages/airflow/example_dags/example_sensors.py for tasks to queue
[2023-12-17T08:06:47.350+0700] {logging_mixin.py:154} INFO - [2023-12-17T08:06:47.349+0700] {dagbag.py:536} INFO - Filling up the DagBag from /home/phuc/Practice/DataScience/DSProject/venv/lib/python3.10/site-packages/airflow/example_dags/example_sensors.py
[2023-12-17T08:06:47.357+0700] {processor.py:839} INFO - DAG(s) dict_keys(['example_sensors']) retrieved from /home/phuc/Practice/DataScience/DSProject/venv/lib/python3.10/site-packages/airflow/example_dags/example_sensors.py
[2023-12-17T08:06:47.373+0700] {logging_mixin.py:154} INFO - [2023-12-17T08:06:47.373+0700] {dag.py:2941} INFO - Sync 1 DAGs
[2023-12-17T08:06:47.382+0700] {logging_mixin.py:154} INFO - [2023-12-17T08:06:47.382+0700] {dag.py:3722} INFO - Setting next_dagrun for example_sensors to None, run_after=None
[2023-12-17T08:06:47.396+0700] {processor.py:179} INFO - Processing /home/phuc/Practice/DataScience/DSProject/venv/lib/python3.10/site-packages/airflow/example_dags/example_sensors.py took 0.051 seconds
[2023-12-17T08:07:21.918+0700] {processor.py:157} INFO - Started process (PID=312080) to work on /home/phuc/Practice/DataScience/DSProject/venv/lib/python3.10/site-packages/airflow/example_dags/example_sensors.py
[2023-12-17T08:07:21.925+0700] {processor.py:829} INFO - Processing file /home/phuc/Practice/DataScience/DSProject/venv/lib/python3.10/site-packages/airflow/example_dags/example_sensors.py for tasks to queue
[2023-12-17T08:07:21.927+0700] {logging_mixin.py:154} INFO - [2023-12-17T08:07:21.926+0700] {dagbag.py:536} INFO - Filling up the DagBag from /home/phuc/Practice/DataScience/DSProject/venv/lib/python3.10/site-packages/airflow/example_dags/example_sensors.py
[2023-12-17T08:07:21.939+0700] {processor.py:839} INFO - DAG(s) dict_keys(['example_sensors']) retrieved from /home/phuc/Practice/DataScience/DSProject/venv/lib/python3.10/site-packages/airflow/example_dags/example_sensors.py
[2023-12-17T08:07:21.956+0700] {logging_mixin.py:154} INFO - [2023-12-17T08:07:21.955+0700] {dag.py:2941} INFO - Sync 1 DAGs
[2023-12-17T08:07:21.965+0700] {logging_mixin.py:154} INFO - [2023-12-17T08:07:21.964+0700] {dag.py:3722} INFO - Setting next_dagrun for example_sensors to None, run_after=None
[2023-12-17T08:07:21.981+0700] {processor.py:179} INFO - Processing /home/phuc/Practice/DataScience/DSProject/venv/lib/python3.10/site-packages/airflow/example_dags/example_sensors.py took 0.066 seconds
[2023-12-17T08:08:19.599+0700] {processor.py:157} INFO - Started process (PID=313042) to work on /home/phuc/Practice/DataScience/DSProject/venv/lib/python3.10/site-packages/airflow/example_dags/example_sensors.py
[2023-12-17T08:08:19.606+0700] {processor.py:829} INFO - Processing file /home/phuc/Practice/DataScience/DSProject/venv/lib/python3.10/site-packages/airflow/example_dags/example_sensors.py for tasks to queue
[2023-12-17T08:08:19.607+0700] {logging_mixin.py:154} INFO - [2023-12-17T08:08:19.607+0700] {dagbag.py:536} INFO - Filling up the DagBag from /home/phuc/Practice/DataScience/DSProject/venv/lib/python3.10/site-packages/airflow/example_dags/example_sensors.py
[2023-12-17T08:08:19.621+0700] {processor.py:839} INFO - DAG(s) dict_keys(['example_sensors']) retrieved from /home/phuc/Practice/DataScience/DSProject/venv/lib/python3.10/site-packages/airflow/example_dags/example_sensors.py
[2023-12-17T08:08:19.633+0700] {logging_mixin.py:154} INFO - [2023-12-17T08:08:19.632+0700] {dag.py:2941} INFO - Sync 1 DAGs
[2023-12-17T08:08:19.638+0700] {logging_mixin.py:154} INFO - [2023-12-17T08:08:19.638+0700] {dag.py:3722} INFO - Setting next_dagrun for example_sensors to None, run_after=None
[2023-12-17T08:08:19.650+0700] {processor.py:179} INFO - Processing /home/phuc/Practice/DataScience/DSProject/venv/lib/python3.10/site-packages/airflow/example_dags/example_sensors.py took 0.054 seconds
[2023-12-17T08:08:58.805+0700] {processor.py:157} INFO - Started process (PID=313279) to work on /home/phuc/Practice/DataScience/DSProject/venv/lib/python3.10/site-packages/airflow/example_dags/example_sensors.py
[2023-12-17T08:08:58.812+0700] {processor.py:829} INFO - Processing file /home/phuc/Practice/DataScience/DSProject/venv/lib/python3.10/site-packages/airflow/example_dags/example_sensors.py for tasks to queue
[2023-12-17T08:08:58.814+0700] {logging_mixin.py:154} INFO - [2023-12-17T08:08:58.813+0700] {dagbag.py:536} INFO - Filling up the DagBag from /home/phuc/Practice/DataScience/DSProject/venv/lib/python3.10/site-packages/airflow/example_dags/example_sensors.py
[2023-12-17T08:08:58.827+0700] {processor.py:839} INFO - DAG(s) dict_keys(['example_sensors']) retrieved from /home/phuc/Practice/DataScience/DSProject/venv/lib/python3.10/site-packages/airflow/example_dags/example_sensors.py
[2023-12-17T08:08:58.840+0700] {logging_mixin.py:154} INFO - [2023-12-17T08:08:58.840+0700] {dag.py:2941} INFO - Sync 1 DAGs
[2023-12-17T08:08:58.846+0700] {logging_mixin.py:154} INFO - [2023-12-17T08:08:58.846+0700] {dag.py:3722} INFO - Setting next_dagrun for example_sensors to None, run_after=None
[2023-12-17T08:08:58.858+0700] {processor.py:179} INFO - Processing /home/phuc/Practice/DataScience/DSProject/venv/lib/python3.10/site-packages/airflow/example_dags/example_sensors.py took 0.056 seconds
[2023-12-17T08:09:33.036+0700] {processor.py:157} INFO - Started process (PID=313493) to work on /home/phuc/Practice/DataScience/DSProject/venv/lib/python3.10/site-packages/airflow/example_dags/example_sensors.py
[2023-12-17T08:09:33.043+0700] {processor.py:829} INFO - Processing file /home/phuc/Practice/DataScience/DSProject/venv/lib/python3.10/site-packages/airflow/example_dags/example_sensors.py for tasks to queue
[2023-12-17T08:09:33.044+0700] {logging_mixin.py:154} INFO - [2023-12-17T08:09:33.044+0700] {dagbag.py:536} INFO - Filling up the DagBag from /home/phuc/Practice/DataScience/DSProject/venv/lib/python3.10/site-packages/airflow/example_dags/example_sensors.py
[2023-12-17T08:09:33.052+0700] {processor.py:839} INFO - DAG(s) dict_keys(['example_sensors']) retrieved from /home/phuc/Practice/DataScience/DSProject/venv/lib/python3.10/site-packages/airflow/example_dags/example_sensors.py
[2023-12-17T08:09:33.063+0700] {logging_mixin.py:154} INFO - [2023-12-17T08:09:33.063+0700] {dag.py:2941} INFO - Sync 1 DAGs
[2023-12-17T08:09:33.069+0700] {logging_mixin.py:154} INFO - [2023-12-17T08:09:33.069+0700] {dag.py:3722} INFO - Setting next_dagrun for example_sensors to None, run_after=None
[2023-12-17T08:09:33.081+0700] {processor.py:179} INFO - Processing /home/phuc/Practice/DataScience/DSProject/venv/lib/python3.10/site-packages/airflow/example_dags/example_sensors.py took 0.047 seconds
[2023-12-17T08:10:19.972+0700] {processor.py:157} INFO - Started process (PID=313839) to work on /home/phuc/Practice/DataScience/DSProject/venv/lib/python3.10/site-packages/airflow/example_dags/example_sensors.py
[2023-12-17T08:10:19.979+0700] {processor.py:829} INFO - Processing file /home/phuc/Practice/DataScience/DSProject/venv/lib/python3.10/site-packages/airflow/example_dags/example_sensors.py for tasks to queue
[2023-12-17T08:10:19.981+0700] {logging_mixin.py:154} INFO - [2023-12-17T08:10:19.980+0700] {dagbag.py:536} INFO - Filling up the DagBag from /home/phuc/Practice/DataScience/DSProject/venv/lib/python3.10/site-packages/airflow/example_dags/example_sensors.py
[2023-12-17T08:10:19.994+0700] {processor.py:839} INFO - DAG(s) dict_keys(['example_sensors']) retrieved from /home/phuc/Practice/DataScience/DSProject/venv/lib/python3.10/site-packages/airflow/example_dags/example_sensors.py
[2023-12-17T08:10:20.005+0700] {logging_mixin.py:154} INFO - [2023-12-17T08:10:20.005+0700] {dag.py:2941} INFO - Sync 1 DAGs
[2023-12-17T08:10:20.011+0700] {logging_mixin.py:154} INFO - [2023-12-17T08:10:20.011+0700] {dag.py:3722} INFO - Setting next_dagrun for example_sensors to None, run_after=None
[2023-12-17T08:10:20.023+0700] {processor.py:179} INFO - Processing /home/phuc/Practice/DataScience/DSProject/venv/lib/python3.10/site-packages/airflow/example_dags/example_sensors.py took 0.053 seconds
[2023-12-17T08:10:53.986+0700] {processor.py:157} INFO - Started process (PID=313990) to work on /home/phuc/Practice/DataScience/DSProject/venv/lib/python3.10/site-packages/airflow/example_dags/example_sensors.py
[2023-12-17T08:10:53.993+0700] {processor.py:829} INFO - Processing file /home/phuc/Practice/DataScience/DSProject/venv/lib/python3.10/site-packages/airflow/example_dags/example_sensors.py for tasks to queue
[2023-12-17T08:10:53.995+0700] {logging_mixin.py:154} INFO - [2023-12-17T08:10:53.994+0700] {dagbag.py:536} INFO - Filling up the DagBag from /home/phuc/Practice/DataScience/DSProject/venv/lib/python3.10/site-packages/airflow/example_dags/example_sensors.py
[2023-12-17T08:10:54.008+0700] {processor.py:839} INFO - DAG(s) dict_keys(['example_sensors']) retrieved from /home/phuc/Practice/DataScience/DSProject/venv/lib/python3.10/site-packages/airflow/example_dags/example_sensors.py
[2023-12-17T08:10:54.020+0700] {logging_mixin.py:154} INFO - [2023-12-17T08:10:54.019+0700] {dag.py:2941} INFO - Sync 1 DAGs
[2023-12-17T08:10:54.026+0700] {logging_mixin.py:154} INFO - [2023-12-17T08:10:54.025+0700] {dag.py:3722} INFO - Setting next_dagrun for example_sensors to None, run_after=None
[2023-12-17T08:10:54.037+0700] {processor.py:179} INFO - Processing /home/phuc/Practice/DataScience/DSProject/venv/lib/python3.10/site-packages/airflow/example_dags/example_sensors.py took 0.053 seconds
[2023-12-17T08:11:26.320+0700] {processor.py:157} INFO - Started process (PID=314124) to work on /home/phuc/Practice/DataScience/DSProject/venv/lib/python3.10/site-packages/airflow/example_dags/example_sensors.py
[2023-12-17T08:11:26.327+0700] {processor.py:829} INFO - Processing file /home/phuc/Practice/DataScience/DSProject/venv/lib/python3.10/site-packages/airflow/example_dags/example_sensors.py for tasks to queue
[2023-12-17T08:11:26.328+0700] {logging_mixin.py:154} INFO - [2023-12-17T08:11:26.328+0700] {dagbag.py:536} INFO - Filling up the DagBag from /home/phuc/Practice/DataScience/DSProject/venv/lib/python3.10/site-packages/airflow/example_dags/example_sensors.py
[2023-12-17T08:11:26.342+0700] {processor.py:839} INFO - DAG(s) dict_keys(['example_sensors']) retrieved from /home/phuc/Practice/DataScience/DSProject/venv/lib/python3.10/site-packages/airflow/example_dags/example_sensors.py
[2023-12-17T08:11:26.354+0700] {logging_mixin.py:154} INFO - [2023-12-17T08:11:26.354+0700] {dag.py:2941} INFO - Sync 1 DAGs
[2023-12-17T08:11:26.360+0700] {logging_mixin.py:154} INFO - [2023-12-17T08:11:26.360+0700] {dag.py:3722} INFO - Setting next_dagrun for example_sensors to None, run_after=None
[2023-12-17T08:11:26.371+0700] {processor.py:179} INFO - Processing /home/phuc/Practice/DataScience/DSProject/venv/lib/python3.10/site-packages/airflow/example_dags/example_sensors.py took 0.054 seconds
[2023-12-17T08:11:59.228+0700] {processor.py:157} INFO - Started process (PID=314314) to work on /home/phuc/Practice/DataScience/DSProject/venv/lib/python3.10/site-packages/airflow/example_dags/example_sensors.py
[2023-12-17T08:11:59.228+0700] {processor.py:829} INFO - Processing file /home/phuc/Practice/DataScience/DSProject/venv/lib/python3.10/site-packages/airflow/example_dags/example_sensors.py for tasks to queue
[2023-12-17T08:11:59.229+0700] {logging_mixin.py:154} INFO - [2023-12-17T08:11:59.229+0700] {dagbag.py:536} INFO - Filling up the DagBag from /home/phuc/Practice/DataScience/DSProject/venv/lib/python3.10/site-packages/airflow/example_dags/example_sensors.py
[2023-12-17T08:11:59.236+0700] {processor.py:839} INFO - DAG(s) dict_keys(['example_sensors']) retrieved from /home/phuc/Practice/DataScience/DSProject/venv/lib/python3.10/site-packages/airflow/example_dags/example_sensors.py
[2023-12-17T08:11:59.250+0700] {logging_mixin.py:154} INFO - [2023-12-17T08:11:59.250+0700] {dag.py:2941} INFO - Sync 1 DAGs
[2023-12-17T08:11:59.258+0700] {logging_mixin.py:154} INFO - [2023-12-17T08:11:59.257+0700] {dag.py:3722} INFO - Setting next_dagrun for example_sensors to None, run_after=None
[2023-12-17T08:11:59.269+0700] {processor.py:179} INFO - Processing /home/phuc/Practice/DataScience/DSProject/venv/lib/python3.10/site-packages/airflow/example_dags/example_sensors.py took 0.044 seconds
[2023-12-17T08:12:34.133+0700] {processor.py:157} INFO - Started process (PID=314457) to work on /home/phuc/Practice/DataScience/DSProject/venv/lib/python3.10/site-packages/airflow/example_dags/example_sensors.py
[2023-12-17T08:12:34.140+0700] {processor.py:829} INFO - Processing file /home/phuc/Practice/DataScience/DSProject/venv/lib/python3.10/site-packages/airflow/example_dags/example_sensors.py for tasks to queue
[2023-12-17T08:12:34.142+0700] {logging_mixin.py:154} INFO - [2023-12-17T08:12:34.141+0700] {dagbag.py:536} INFO - Filling up the DagBag from /home/phuc/Practice/DataScience/DSProject/venv/lib/python3.10/site-packages/airflow/example_dags/example_sensors.py
[2023-12-17T08:12:34.154+0700] {processor.py:839} INFO - DAG(s) dict_keys(['example_sensors']) retrieved from /home/phuc/Practice/DataScience/DSProject/venv/lib/python3.10/site-packages/airflow/example_dags/example_sensors.py
[2023-12-17T08:12:34.167+0700] {logging_mixin.py:154} INFO - [2023-12-17T08:12:34.167+0700] {dag.py:2941} INFO - Sync 1 DAGs
[2023-12-17T08:12:34.180+0700] {logging_mixin.py:154} INFO - [2023-12-17T08:12:34.179+0700] {dag.py:3722} INFO - Setting next_dagrun for example_sensors to None, run_after=None
[2023-12-17T08:12:34.204+0700] {processor.py:179} INFO - Processing /home/phuc/Practice/DataScience/DSProject/venv/lib/python3.10/site-packages/airflow/example_dags/example_sensors.py took 0.074 seconds
[2023-12-17T08:13:07.277+0700] {processor.py:157} INFO - Started process (PID=314608) to work on /home/phuc/Practice/DataScience/DSProject/venv/lib/python3.10/site-packages/airflow/example_dags/example_sensors.py
[2023-12-17T08:13:07.284+0700] {processor.py:829} INFO - Processing file /home/phuc/Practice/DataScience/DSProject/venv/lib/python3.10/site-packages/airflow/example_dags/example_sensors.py for tasks to queue
[2023-12-17T08:13:07.285+0700] {logging_mixin.py:154} INFO - [2023-12-17T08:13:07.285+0700] {dagbag.py:536} INFO - Filling up the DagBag from /home/phuc/Practice/DataScience/DSProject/venv/lib/python3.10/site-packages/airflow/example_dags/example_sensors.py
[2023-12-17T08:13:07.293+0700] {processor.py:839} INFO - DAG(s) dict_keys(['example_sensors']) retrieved from /home/phuc/Practice/DataScience/DSProject/venv/lib/python3.10/site-packages/airflow/example_dags/example_sensors.py
[2023-12-17T08:13:07.309+0700] {logging_mixin.py:154} INFO - [2023-12-17T08:13:07.309+0700] {dag.py:2941} INFO - Sync 1 DAGs
[2023-12-17T08:13:07.317+0700] {logging_mixin.py:154} INFO - [2023-12-17T08:13:07.317+0700] {dag.py:3722} INFO - Setting next_dagrun for example_sensors to None, run_after=None
[2023-12-17T08:13:07.333+0700] {processor.py:179} INFO - Processing /home/phuc/Practice/DataScience/DSProject/venv/lib/python3.10/site-packages/airflow/example_dags/example_sensors.py took 0.058 seconds
[2023-12-17T08:13:50.181+0700] {processor.py:157} INFO - Started process (PID=314849) to work on /home/phuc/Practice/DataScience/DSProject/venv/lib/python3.10/site-packages/airflow/example_dags/example_sensors.py
[2023-12-17T08:13:50.189+0700] {processor.py:829} INFO - Processing file /home/phuc/Practice/DataScience/DSProject/venv/lib/python3.10/site-packages/airflow/example_dags/example_sensors.py for tasks to queue
[2023-12-17T08:13:50.190+0700] {logging_mixin.py:154} INFO - [2023-12-17T08:13:50.189+0700] {dagbag.py:536} INFO - Filling up the DagBag from /home/phuc/Practice/DataScience/DSProject/venv/lib/python3.10/site-packages/airflow/example_dags/example_sensors.py
[2023-12-17T08:13:50.201+0700] {processor.py:839} INFO - DAG(s) dict_keys(['example_sensors']) retrieved from /home/phuc/Practice/DataScience/DSProject/venv/lib/python3.10/site-packages/airflow/example_dags/example_sensors.py
[2023-12-17T08:13:50.214+0700] {logging_mixin.py:154} INFO - [2023-12-17T08:13:50.214+0700] {dag.py:2941} INFO - Sync 1 DAGs
[2023-12-17T08:13:50.221+0700] {logging_mixin.py:154} INFO - [2023-12-17T08:13:50.221+0700] {dag.py:3722} INFO - Setting next_dagrun for example_sensors to None, run_after=None
[2023-12-17T08:13:50.233+0700] {processor.py:179} INFO - Processing /home/phuc/Practice/DataScience/DSProject/venv/lib/python3.10/site-packages/airflow/example_dags/example_sensors.py took 0.055 seconds
[2023-12-17T08:14:25.003+0700] {processor.py:157} INFO - Started process (PID=315004) to work on /home/phuc/Practice/DataScience/DSProject/venv/lib/python3.10/site-packages/airflow/example_dags/example_sensors.py
[2023-12-17T08:14:25.010+0700] {processor.py:829} INFO - Processing file /home/phuc/Practice/DataScience/DSProject/venv/lib/python3.10/site-packages/airflow/example_dags/example_sensors.py for tasks to queue
[2023-12-17T08:14:25.012+0700] {logging_mixin.py:154} INFO - [2023-12-17T08:14:25.011+0700] {dagbag.py:536} INFO - Filling up the DagBag from /home/phuc/Practice/DataScience/DSProject/venv/lib/python3.10/site-packages/airflow/example_dags/example_sensors.py
[2023-12-17T08:14:25.025+0700] {processor.py:839} INFO - DAG(s) dict_keys(['example_sensors']) retrieved from /home/phuc/Practice/DataScience/DSProject/venv/lib/python3.10/site-packages/airflow/example_dags/example_sensors.py
[2023-12-17T08:14:25.036+0700] {logging_mixin.py:154} INFO - [2023-12-17T08:14:25.036+0700] {dag.py:2941} INFO - Sync 1 DAGs
[2023-12-17T08:14:25.042+0700] {logging_mixin.py:154} INFO - [2023-12-17T08:14:25.042+0700] {dag.py:3722} INFO - Setting next_dagrun for example_sensors to None, run_after=None
[2023-12-17T08:14:25.053+0700] {processor.py:179} INFO - Processing /home/phuc/Practice/DataScience/DSProject/venv/lib/python3.10/site-packages/airflow/example_dags/example_sensors.py took 0.054 seconds
[2023-12-17T08:15:01.020+0700] {processor.py:157} INFO - Started process (PID=315161) to work on /home/phuc/Practice/DataScience/DSProject/venv/lib/python3.10/site-packages/airflow/example_dags/example_sensors.py
[2023-12-17T08:15:01.027+0700] {processor.py:829} INFO - Processing file /home/phuc/Practice/DataScience/DSProject/venv/lib/python3.10/site-packages/airflow/example_dags/example_sensors.py for tasks to queue
[2023-12-17T08:15:01.029+0700] {logging_mixin.py:154} INFO - [2023-12-17T08:15:01.028+0700] {dagbag.py:536} INFO - Filling up the DagBag from /home/phuc/Practice/DataScience/DSProject/venv/lib/python3.10/site-packages/airflow/example_dags/example_sensors.py
[2023-12-17T08:15:01.042+0700] {processor.py:839} INFO - DAG(s) dict_keys(['example_sensors']) retrieved from /home/phuc/Practice/DataScience/DSProject/venv/lib/python3.10/site-packages/airflow/example_dags/example_sensors.py
[2023-12-17T08:15:01.054+0700] {logging_mixin.py:154} INFO - [2023-12-17T08:15:01.054+0700] {dag.py:2941} INFO - Sync 1 DAGs
[2023-12-17T08:15:01.060+0700] {logging_mixin.py:154} INFO - [2023-12-17T08:15:01.060+0700] {dag.py:3722} INFO - Setting next_dagrun for example_sensors to None, run_after=None
[2023-12-17T08:15:01.072+0700] {processor.py:179} INFO - Processing /home/phuc/Practice/DataScience/DSProject/venv/lib/python3.10/site-packages/airflow/example_dags/example_sensors.py took 0.054 seconds
[2023-12-17T08:15:36.833+0700] {processor.py:157} INFO - Started process (PID=315319) to work on /home/phuc/Practice/DataScience/DSProject/venv/lib/python3.10/site-packages/airflow/example_dags/example_sensors.py
[2023-12-17T08:15:36.840+0700] {processor.py:829} INFO - Processing file /home/phuc/Practice/DataScience/DSProject/venv/lib/python3.10/site-packages/airflow/example_dags/example_sensors.py for tasks to queue
[2023-12-17T08:15:36.841+0700] {logging_mixin.py:154} INFO - [2023-12-17T08:15:36.841+0700] {dagbag.py:536} INFO - Filling up the DagBag from /home/phuc/Practice/DataScience/DSProject/venv/lib/python3.10/site-packages/airflow/example_dags/example_sensors.py
[2023-12-17T08:15:36.854+0700] {processor.py:839} INFO - DAG(s) dict_keys(['example_sensors']) retrieved from /home/phuc/Practice/DataScience/DSProject/venv/lib/python3.10/site-packages/airflow/example_dags/example_sensors.py
[2023-12-17T08:15:36.867+0700] {logging_mixin.py:154} INFO - [2023-12-17T08:15:36.867+0700] {dag.py:2941} INFO - Sync 1 DAGs
[2023-12-17T08:15:36.875+0700] {logging_mixin.py:154} INFO - [2023-12-17T08:15:36.875+0700] {dag.py:3722} INFO - Setting next_dagrun for example_sensors to None, run_after=None
[2023-12-17T08:15:36.890+0700] {processor.py:179} INFO - Processing /home/phuc/Practice/DataScience/DSProject/venv/lib/python3.10/site-packages/airflow/example_dags/example_sensors.py took 0.059 seconds
[2023-12-17T08:16:12.294+0700] {processor.py:157} INFO - Started process (PID=315537) to work on /home/phuc/Practice/DataScience/DSProject/venv/lib/python3.10/site-packages/airflow/example_dags/example_sensors.py
[2023-12-17T08:16:12.300+0700] {processor.py:829} INFO - Processing file /home/phuc/Practice/DataScience/DSProject/venv/lib/python3.10/site-packages/airflow/example_dags/example_sensors.py for tasks to queue
[2023-12-17T08:16:12.302+0700] {logging_mixin.py:154} INFO - [2023-12-17T08:16:12.301+0700] {dagbag.py:536} INFO - Filling up the DagBag from /home/phuc/Practice/DataScience/DSProject/venv/lib/python3.10/site-packages/airflow/example_dags/example_sensors.py
[2023-12-17T08:16:12.314+0700] {processor.py:839} INFO - DAG(s) dict_keys(['example_sensors']) retrieved from /home/phuc/Practice/DataScience/DSProject/venv/lib/python3.10/site-packages/airflow/example_dags/example_sensors.py
[2023-12-17T08:16:12.326+0700] {logging_mixin.py:154} INFO - [2023-12-17T08:16:12.326+0700] {dag.py:2941} INFO - Sync 1 DAGs
[2023-12-17T08:16:12.332+0700] {logging_mixin.py:154} INFO - [2023-12-17T08:16:12.332+0700] {dag.py:3722} INFO - Setting next_dagrun for example_sensors to None, run_after=None
[2023-12-17T08:16:12.343+0700] {processor.py:179} INFO - Processing /home/phuc/Practice/DataScience/DSProject/venv/lib/python3.10/site-packages/airflow/example_dags/example_sensors.py took 0.053 seconds
[2023-12-17T08:17:39.031+0700] {processor.py:157} INFO - Started process (PID=316350) to work on /home/phuc/Practice/DataScience/DSProject/venv/lib/python3.10/site-packages/airflow/example_dags/example_sensors.py
[2023-12-17T08:17:39.038+0700] {processor.py:829} INFO - Processing file /home/phuc/Practice/DataScience/DSProject/venv/lib/python3.10/site-packages/airflow/example_dags/example_sensors.py for tasks to queue
[2023-12-17T08:17:39.039+0700] {logging_mixin.py:154} INFO - [2023-12-17T08:17:39.039+0700] {dagbag.py:536} INFO - Filling up the DagBag from /home/phuc/Practice/DataScience/DSProject/venv/lib/python3.10/site-packages/airflow/example_dags/example_sensors.py
[2023-12-17T08:17:39.053+0700] {processor.py:839} INFO - DAG(s) dict_keys(['example_sensors']) retrieved from /home/phuc/Practice/DataScience/DSProject/venv/lib/python3.10/site-packages/airflow/example_dags/example_sensors.py
[2023-12-17T08:17:39.070+0700] {logging_mixin.py:154} INFO - [2023-12-17T08:17:39.070+0700] {dag.py:2941} INFO - Sync 1 DAGs
[2023-12-17T08:17:39.076+0700] {logging_mixin.py:154} INFO - [2023-12-17T08:17:39.075+0700] {dag.py:3722} INFO - Setting next_dagrun for example_sensors to None, run_after=None
[2023-12-17T08:17:39.087+0700] {processor.py:179} INFO - Processing /home/phuc/Practice/DataScience/DSProject/venv/lib/python3.10/site-packages/airflow/example_dags/example_sensors.py took 0.059 seconds
[2023-12-17T08:18:25.566+0700] {processor.py:157} INFO - Started process (PID=316549) to work on /home/phuc/Practice/DataScience/DSProject/venv/lib/python3.10/site-packages/airflow/example_dags/example_sensors.py
[2023-12-17T08:18:25.573+0700] {processor.py:829} INFO - Processing file /home/phuc/Practice/DataScience/DSProject/venv/lib/python3.10/site-packages/airflow/example_dags/example_sensors.py for tasks to queue
[2023-12-17T08:18:25.573+0700] {logging_mixin.py:154} INFO - [2023-12-17T08:18:25.573+0700] {dagbag.py:536} INFO - Filling up the DagBag from /home/phuc/Practice/DataScience/DSProject/venv/lib/python3.10/site-packages/airflow/example_dags/example_sensors.py
[2023-12-17T08:18:25.580+0700] {processor.py:839} INFO - DAG(s) dict_keys(['example_sensors']) retrieved from /home/phuc/Practice/DataScience/DSProject/venv/lib/python3.10/site-packages/airflow/example_dags/example_sensors.py
[2023-12-17T08:18:25.594+0700] {logging_mixin.py:154} INFO - [2023-12-17T08:18:25.594+0700] {dag.py:2941} INFO - Sync 1 DAGs
[2023-12-17T08:18:25.600+0700] {logging_mixin.py:154} INFO - [2023-12-17T08:18:25.600+0700] {dag.py:3722} INFO - Setting next_dagrun for example_sensors to None, run_after=None
[2023-12-17T08:18:25.615+0700] {processor.py:179} INFO - Processing /home/phuc/Practice/DataScience/DSProject/venv/lib/python3.10/site-packages/airflow/example_dags/example_sensors.py took 0.051 seconds
[2023-12-17T08:18:59.226+0700] {processor.py:157} INFO - Started process (PID=316920) to work on /home/phuc/Practice/DataScience/DSProject/venv/lib/python3.10/site-packages/airflow/example_dags/example_sensors.py
[2023-12-17T08:18:59.233+0700] {processor.py:829} INFO - Processing file /home/phuc/Practice/DataScience/DSProject/venv/lib/python3.10/site-packages/airflow/example_dags/example_sensors.py for tasks to queue
[2023-12-17T08:18:59.234+0700] {logging_mixin.py:154} INFO - [2023-12-17T08:18:59.234+0700] {dagbag.py:536} INFO - Filling up the DagBag from /home/phuc/Practice/DataScience/DSProject/venv/lib/python3.10/site-packages/airflow/example_dags/example_sensors.py
[2023-12-17T08:18:59.245+0700] {processor.py:839} INFO - DAG(s) dict_keys(['example_sensors']) retrieved from /home/phuc/Practice/DataScience/DSProject/venv/lib/python3.10/site-packages/airflow/example_dags/example_sensors.py
[2023-12-17T08:18:59.267+0700] {logging_mixin.py:154} INFO - [2023-12-17T08:18:59.267+0700] {dag.py:2941} INFO - Sync 1 DAGs
[2023-12-17T08:18:59.279+0700] {logging_mixin.py:154} INFO - [2023-12-17T08:18:59.278+0700] {dag.py:3722} INFO - Setting next_dagrun for example_sensors to None, run_after=None
[2023-12-17T08:18:59.302+0700] {processor.py:179} INFO - Processing /home/phuc/Practice/DataScience/DSProject/venv/lib/python3.10/site-packages/airflow/example_dags/example_sensors.py took 0.079 seconds
[2023-12-17T08:19:35.175+0700] {processor.py:157} INFO - Started process (PID=317284) to work on /home/phuc/Practice/DataScience/DSProject/venv/lib/python3.10/site-packages/airflow/example_dags/example_sensors.py
[2023-12-17T08:19:35.176+0700] {processor.py:829} INFO - Processing file /home/phuc/Practice/DataScience/DSProject/venv/lib/python3.10/site-packages/airflow/example_dags/example_sensors.py for tasks to queue
[2023-12-17T08:19:35.177+0700] {logging_mixin.py:154} INFO - [2023-12-17T08:19:35.177+0700] {dagbag.py:536} INFO - Filling up the DagBag from /home/phuc/Practice/DataScience/DSProject/venv/lib/python3.10/site-packages/airflow/example_dags/example_sensors.py
[2023-12-17T08:19:35.185+0700] {processor.py:839} INFO - DAG(s) dict_keys(['example_sensors']) retrieved from /home/phuc/Practice/DataScience/DSProject/venv/lib/python3.10/site-packages/airflow/example_dags/example_sensors.py
[2023-12-17T08:19:35.201+0700] {logging_mixin.py:154} INFO - [2023-12-17T08:19:35.201+0700] {dag.py:2941} INFO - Sync 1 DAGs
[2023-12-17T08:19:35.210+0700] {logging_mixin.py:154} INFO - [2023-12-17T08:19:35.210+0700] {dag.py:3722} INFO - Setting next_dagrun for example_sensors to None, run_after=None
[2023-12-17T08:19:35.226+0700] {processor.py:179} INFO - Processing /home/phuc/Practice/DataScience/DSProject/venv/lib/python3.10/site-packages/airflow/example_dags/example_sensors.py took 0.053 seconds
[2023-12-17T08:20:11.377+0700] {processor.py:157} INFO - Started process (PID=317659) to work on /home/phuc/Practice/DataScience/DSProject/venv/lib/python3.10/site-packages/airflow/example_dags/example_sensors.py
[2023-12-17T08:20:11.384+0700] {processor.py:829} INFO - Processing file /home/phuc/Practice/DataScience/DSProject/venv/lib/python3.10/site-packages/airflow/example_dags/example_sensors.py for tasks to queue
[2023-12-17T08:20:11.385+0700] {logging_mixin.py:154} INFO - [2023-12-17T08:20:11.384+0700] {dagbag.py:536} INFO - Filling up the DagBag from /home/phuc/Practice/DataScience/DSProject/venv/lib/python3.10/site-packages/airflow/example_dags/example_sensors.py
[2023-12-17T08:20:11.393+0700] {processor.py:839} INFO - DAG(s) dict_keys(['example_sensors']) retrieved from /home/phuc/Practice/DataScience/DSProject/venv/lib/python3.10/site-packages/airflow/example_dags/example_sensors.py
[2023-12-17T08:20:11.409+0700] {logging_mixin.py:154} INFO - [2023-12-17T08:20:11.409+0700] {dag.py:2941} INFO - Sync 1 DAGs
[2023-12-17T08:20:11.418+0700] {logging_mixin.py:154} INFO - [2023-12-17T08:20:11.418+0700] {dag.py:3722} INFO - Setting next_dagrun for example_sensors to None, run_after=None
[2023-12-17T08:20:11.435+0700] {processor.py:179} INFO - Processing /home/phuc/Practice/DataScience/DSProject/venv/lib/python3.10/site-packages/airflow/example_dags/example_sensors.py took 0.061 seconds
[2023-12-17T08:21:50.067+0700] {processor.py:157} INFO - Started process (PID=318668) to work on /home/phuc/Practice/DataScience/DSProject/venv/lib/python3.10/site-packages/airflow/example_dags/example_sensors.py
[2023-12-17T08:21:50.073+0700] {processor.py:829} INFO - Processing file /home/phuc/Practice/DataScience/DSProject/venv/lib/python3.10/site-packages/airflow/example_dags/example_sensors.py for tasks to queue
[2023-12-17T08:21:50.074+0700] {logging_mixin.py:154} INFO - [2023-12-17T08:21:50.074+0700] {dagbag.py:536} INFO - Filling up the DagBag from /home/phuc/Practice/DataScience/DSProject/venv/lib/python3.10/site-packages/airflow/example_dags/example_sensors.py
[2023-12-17T08:21:50.082+0700] {processor.py:839} INFO - DAG(s) dict_keys(['example_sensors']) retrieved from /home/phuc/Practice/DataScience/DSProject/venv/lib/python3.10/site-packages/airflow/example_dags/example_sensors.py
[2023-12-17T08:21:50.104+0700] {logging_mixin.py:154} INFO - [2023-12-17T08:21:50.104+0700] {dag.py:2941} INFO - Sync 1 DAGs
[2023-12-17T08:21:50.112+0700] {logging_mixin.py:154} INFO - [2023-12-17T08:21:50.112+0700] {dag.py:3722} INFO - Setting next_dagrun for example_sensors to None, run_after=None
[2023-12-17T08:21:50.129+0700] {processor.py:179} INFO - Processing /home/phuc/Practice/DataScience/DSProject/venv/lib/python3.10/site-packages/airflow/example_dags/example_sensors.py took 0.064 seconds
[2023-12-17T08:23:24.383+0700] {processor.py:157} INFO - Started process (PID=319484) to work on /home/phuc/Practice/DataScience/DSProject/venv/lib/python3.10/site-packages/airflow/example_dags/example_sensors.py
[2023-12-17T08:23:24.391+0700] {processor.py:829} INFO - Processing file /home/phuc/Practice/DataScience/DSProject/venv/lib/python3.10/site-packages/airflow/example_dags/example_sensors.py for tasks to queue
[2023-12-17T08:23:24.392+0700] {logging_mixin.py:154} INFO - [2023-12-17T08:23:24.391+0700] {dagbag.py:536} INFO - Filling up the DagBag from /home/phuc/Practice/DataScience/DSProject/venv/lib/python3.10/site-packages/airflow/example_dags/example_sensors.py
[2023-12-17T08:23:24.405+0700] {processor.py:839} INFO - DAG(s) dict_keys(['example_sensors']) retrieved from /home/phuc/Practice/DataScience/DSProject/venv/lib/python3.10/site-packages/airflow/example_dags/example_sensors.py
[2023-12-17T08:23:24.417+0700] {logging_mixin.py:154} INFO - [2023-12-17T08:23:24.417+0700] {dag.py:2941} INFO - Sync 1 DAGs
[2023-12-17T08:23:24.423+0700] {logging_mixin.py:154} INFO - [2023-12-17T08:23:24.423+0700] {dag.py:3722} INFO - Setting next_dagrun for example_sensors to None, run_after=None
[2023-12-17T08:23:24.435+0700] {processor.py:179} INFO - Processing /home/phuc/Practice/DataScience/DSProject/venv/lib/python3.10/site-packages/airflow/example_dags/example_sensors.py took 0.054 seconds
[2023-12-17T08:24:04.538+0700] {processor.py:157} INFO - Started process (PID=319725) to work on /home/phuc/Practice/DataScience/DSProject/venv/lib/python3.10/site-packages/airflow/example_dags/example_sensors.py
[2023-12-17T08:24:04.545+0700] {processor.py:829} INFO - Processing file /home/phuc/Practice/DataScience/DSProject/venv/lib/python3.10/site-packages/airflow/example_dags/example_sensors.py for tasks to queue
[2023-12-17T08:24:04.546+0700] {logging_mixin.py:154} INFO - [2023-12-17T08:24:04.545+0700] {dagbag.py:536} INFO - Filling up the DagBag from /home/phuc/Practice/DataScience/DSProject/venv/lib/python3.10/site-packages/airflow/example_dags/example_sensors.py
[2023-12-17T08:24:04.560+0700] {processor.py:839} INFO - DAG(s) dict_keys(['example_sensors']) retrieved from /home/phuc/Practice/DataScience/DSProject/venv/lib/python3.10/site-packages/airflow/example_dags/example_sensors.py
[2023-12-17T08:24:04.573+0700] {logging_mixin.py:154} INFO - [2023-12-17T08:24:04.573+0700] {dag.py:2941} INFO - Sync 1 DAGs
[2023-12-17T08:24:04.579+0700] {logging_mixin.py:154} INFO - [2023-12-17T08:24:04.579+0700] {dag.py:3722} INFO - Setting next_dagrun for example_sensors to None, run_after=None
[2023-12-17T08:24:04.592+0700] {processor.py:179} INFO - Processing /home/phuc/Practice/DataScience/DSProject/venv/lib/python3.10/site-packages/airflow/example_dags/example_sensors.py took 0.057 seconds
[2023-12-17T08:24:39.842+0700] {processor.py:157} INFO - Started process (PID=319893) to work on /home/phuc/Practice/DataScience/DSProject/venv/lib/python3.10/site-packages/airflow/example_dags/example_sensors.py
[2023-12-17T08:24:39.849+0700] {processor.py:829} INFO - Processing file /home/phuc/Practice/DataScience/DSProject/venv/lib/python3.10/site-packages/airflow/example_dags/example_sensors.py for tasks to queue
[2023-12-17T08:24:39.850+0700] {logging_mixin.py:154} INFO - [2023-12-17T08:24:39.850+0700] {dagbag.py:536} INFO - Filling up the DagBag from /home/phuc/Practice/DataScience/DSProject/venv/lib/python3.10/site-packages/airflow/example_dags/example_sensors.py
[2023-12-17T08:24:39.864+0700] {processor.py:839} INFO - DAG(s) dict_keys(['example_sensors']) retrieved from /home/phuc/Practice/DataScience/DSProject/venv/lib/python3.10/site-packages/airflow/example_dags/example_sensors.py
[2023-12-17T08:24:39.881+0700] {logging_mixin.py:154} INFO - [2023-12-17T08:24:39.881+0700] {dag.py:2941} INFO - Sync 1 DAGs
[2023-12-17T08:24:39.889+0700] {logging_mixin.py:154} INFO - [2023-12-17T08:24:39.889+0700] {dag.py:3722} INFO - Setting next_dagrun for example_sensors to None, run_after=None
[2023-12-17T08:24:39.903+0700] {processor.py:179} INFO - Processing /home/phuc/Practice/DataScience/DSProject/venv/lib/python3.10/site-packages/airflow/example_dags/example_sensors.py took 0.064 seconds
[2023-12-17T08:25:17.572+0700] {processor.py:157} INFO - Started process (PID=320052) to work on /home/phuc/Practice/DataScience/DSProject/venv/lib/python3.10/site-packages/airflow/example_dags/example_sensors.py
[2023-12-17T08:25:17.579+0700] {processor.py:829} INFO - Processing file /home/phuc/Practice/DataScience/DSProject/venv/lib/python3.10/site-packages/airflow/example_dags/example_sensors.py for tasks to queue
[2023-12-17T08:25:17.580+0700] {logging_mixin.py:154} INFO - [2023-12-17T08:25:17.580+0700] {dagbag.py:536} INFO - Filling up the DagBag from /home/phuc/Practice/DataScience/DSProject/venv/lib/python3.10/site-packages/airflow/example_dags/example_sensors.py
[2023-12-17T08:25:17.594+0700] {processor.py:839} INFO - DAG(s) dict_keys(['example_sensors']) retrieved from /home/phuc/Practice/DataScience/DSProject/venv/lib/python3.10/site-packages/airflow/example_dags/example_sensors.py
[2023-12-17T08:25:17.606+0700] {logging_mixin.py:154} INFO - [2023-12-17T08:25:17.606+0700] {dag.py:2941} INFO - Sync 1 DAGs
[2023-12-17T08:25:17.616+0700] {logging_mixin.py:154} INFO - [2023-12-17T08:25:17.616+0700] {dag.py:3722} INFO - Setting next_dagrun for example_sensors to None, run_after=None
[2023-12-17T08:25:17.633+0700] {processor.py:179} INFO - Processing /home/phuc/Practice/DataScience/DSProject/venv/lib/python3.10/site-packages/airflow/example_dags/example_sensors.py took 0.064 seconds
[2023-12-17T08:25:52.905+0700] {processor.py:157} INFO - Started process (PID=320209) to work on /home/phuc/Practice/DataScience/DSProject/venv/lib/python3.10/site-packages/airflow/example_dags/example_sensors.py
[2023-12-17T08:25:52.912+0700] {processor.py:829} INFO - Processing file /home/phuc/Practice/DataScience/DSProject/venv/lib/python3.10/site-packages/airflow/example_dags/example_sensors.py for tasks to queue
[2023-12-17T08:25:52.913+0700] {logging_mixin.py:154} INFO - [2023-12-17T08:25:52.912+0700] {dagbag.py:536} INFO - Filling up the DagBag from /home/phuc/Practice/DataScience/DSProject/venv/lib/python3.10/site-packages/airflow/example_dags/example_sensors.py
[2023-12-17T08:25:52.926+0700] {processor.py:839} INFO - DAG(s) dict_keys(['example_sensors']) retrieved from /home/phuc/Practice/DataScience/DSProject/venv/lib/python3.10/site-packages/airflow/example_dags/example_sensors.py
[2023-12-17T08:25:52.938+0700] {logging_mixin.py:154} INFO - [2023-12-17T08:25:52.938+0700] {dag.py:2941} INFO - Sync 1 DAGs
[2023-12-17T08:25:52.944+0700] {logging_mixin.py:154} INFO - [2023-12-17T08:25:52.944+0700] {dag.py:3722} INFO - Setting next_dagrun for example_sensors to None, run_after=None
[2023-12-17T08:25:52.955+0700] {processor.py:179} INFO - Processing /home/phuc/Practice/DataScience/DSProject/venv/lib/python3.10/site-packages/airflow/example_dags/example_sensors.py took 0.053 seconds
[2023-12-17T08:26:39.865+0700] {processor.py:157} INFO - Started process (PID=320492) to work on /home/phuc/Practice/DataScience/DSProject/venv/lib/python3.10/site-packages/airflow/example_dags/example_sensors.py
[2023-12-17T08:26:39.867+0700] {processor.py:829} INFO - Processing file /home/phuc/Practice/DataScience/DSProject/venv/lib/python3.10/site-packages/airflow/example_dags/example_sensors.py for tasks to queue
[2023-12-17T08:26:39.868+0700] {logging_mixin.py:154} INFO - [2023-12-17T08:26:39.867+0700] {dagbag.py:536} INFO - Filling up the DagBag from /home/phuc/Practice/DataScience/DSProject/venv/lib/python3.10/site-packages/airflow/example_dags/example_sensors.py
[2023-12-17T08:26:39.879+0700] {processor.py:839} INFO - DAG(s) dict_keys(['example_sensors']) retrieved from /home/phuc/Practice/DataScience/DSProject/venv/lib/python3.10/site-packages/airflow/example_dags/example_sensors.py
[2023-12-17T08:26:39.891+0700] {logging_mixin.py:154} INFO - [2023-12-17T08:26:39.891+0700] {dag.py:2941} INFO - Sync 1 DAGs
[2023-12-17T08:26:39.897+0700] {logging_mixin.py:154} INFO - [2023-12-17T08:26:39.897+0700] {dag.py:3722} INFO - Setting next_dagrun for example_sensors to None, run_after=None
[2023-12-17T08:26:39.909+0700] {processor.py:179} INFO - Processing /home/phuc/Practice/DataScience/DSProject/venv/lib/python3.10/site-packages/airflow/example_dags/example_sensors.py took 0.049 seconds
[2023-12-17T08:27:14.376+0700] {processor.py:157} INFO - Started process (PID=320646) to work on /home/phuc/Practice/DataScience/DSProject/venv/lib/python3.10/site-packages/airflow/example_dags/example_sensors.py
[2023-12-17T08:27:14.383+0700] {processor.py:829} INFO - Processing file /home/phuc/Practice/DataScience/DSProject/venv/lib/python3.10/site-packages/airflow/example_dags/example_sensors.py for tasks to queue
[2023-12-17T08:27:14.384+0700] {logging_mixin.py:154} INFO - [2023-12-17T08:27:14.384+0700] {dagbag.py:536} INFO - Filling up the DagBag from /home/phuc/Practice/DataScience/DSProject/venv/lib/python3.10/site-packages/airflow/example_dags/example_sensors.py
[2023-12-17T08:27:14.398+0700] {processor.py:839} INFO - DAG(s) dict_keys(['example_sensors']) retrieved from /home/phuc/Practice/DataScience/DSProject/venv/lib/python3.10/site-packages/airflow/example_dags/example_sensors.py
[2023-12-17T08:27:14.410+0700] {logging_mixin.py:154} INFO - [2023-12-17T08:27:14.409+0700] {dag.py:2941} INFO - Sync 1 DAGs
[2023-12-17T08:27:14.415+0700] {logging_mixin.py:154} INFO - [2023-12-17T08:27:14.415+0700] {dag.py:3722} INFO - Setting next_dagrun for example_sensors to None, run_after=None
[2023-12-17T08:27:14.426+0700] {processor.py:179} INFO - Processing /home/phuc/Practice/DataScience/DSProject/venv/lib/python3.10/site-packages/airflow/example_dags/example_sensors.py took 0.053 seconds
[2023-12-17T08:27:47.329+0700] {processor.py:157} INFO - Started process (PID=320785) to work on /home/phuc/Practice/DataScience/DSProject/venv/lib/python3.10/site-packages/airflow/example_dags/example_sensors.py
[2023-12-17T08:27:47.335+0700] {processor.py:829} INFO - Processing file /home/phuc/Practice/DataScience/DSProject/venv/lib/python3.10/site-packages/airflow/example_dags/example_sensors.py for tasks to queue
[2023-12-17T08:27:47.336+0700] {logging_mixin.py:154} INFO - [2023-12-17T08:27:47.336+0700] {dagbag.py:536} INFO - Filling up the DagBag from /home/phuc/Practice/DataScience/DSProject/venv/lib/python3.10/site-packages/airflow/example_dags/example_sensors.py
[2023-12-17T08:27:47.343+0700] {processor.py:839} INFO - DAG(s) dict_keys(['example_sensors']) retrieved from /home/phuc/Practice/DataScience/DSProject/venv/lib/python3.10/site-packages/airflow/example_dags/example_sensors.py
[2023-12-17T08:27:47.357+0700] {logging_mixin.py:154} INFO - [2023-12-17T08:27:47.357+0700] {dag.py:2941} INFO - Sync 1 DAGs
[2023-12-17T08:27:47.365+0700] {logging_mixin.py:154} INFO - [2023-12-17T08:27:47.364+0700] {dag.py:3722} INFO - Setting next_dagrun for example_sensors to None, run_after=None
[2023-12-17T08:27:47.381+0700] {processor.py:179} INFO - Processing /home/phuc/Practice/DataScience/DSProject/venv/lib/python3.10/site-packages/airflow/example_dags/example_sensors.py took 0.055 seconds
[2023-12-17T08:28:20.051+0700] {processor.py:157} INFO - Started process (PID=320934) to work on /home/phuc/Practice/DataScience/DSProject/venv/lib/python3.10/site-packages/airflow/example_dags/example_sensors.py
[2023-12-17T08:28:20.058+0700] {processor.py:829} INFO - Processing file /home/phuc/Practice/DataScience/DSProject/venv/lib/python3.10/site-packages/airflow/example_dags/example_sensors.py for tasks to queue
[2023-12-17T08:28:20.059+0700] {logging_mixin.py:154} INFO - [2023-12-17T08:28:20.058+0700] {dagbag.py:536} INFO - Filling up the DagBag from /home/phuc/Practice/DataScience/DSProject/venv/lib/python3.10/site-packages/airflow/example_dags/example_sensors.py
[2023-12-17T08:28:20.065+0700] {processor.py:839} INFO - DAG(s) dict_keys(['example_sensors']) retrieved from /home/phuc/Practice/DataScience/DSProject/venv/lib/python3.10/site-packages/airflow/example_dags/example_sensors.py
[2023-12-17T08:28:20.077+0700] {logging_mixin.py:154} INFO - [2023-12-17T08:28:20.077+0700] {dag.py:2941} INFO - Sync 1 DAGs
[2023-12-17T08:28:20.083+0700] {logging_mixin.py:154} INFO - [2023-12-17T08:28:20.083+0700] {dag.py:3722} INFO - Setting next_dagrun for example_sensors to None, run_after=None
[2023-12-17T08:28:20.095+0700] {processor.py:179} INFO - Processing /home/phuc/Practice/DataScience/DSProject/venv/lib/python3.10/site-packages/airflow/example_dags/example_sensors.py took 0.046 seconds
[2023-12-17T08:29:07.291+0700] {processor.py:157} INFO - Started process (PID=321136) to work on /home/phuc/Practice/DataScience/DSProject/venv/lib/python3.10/site-packages/airflow/example_dags/example_sensors.py
[2023-12-17T08:29:07.299+0700] {processor.py:829} INFO - Processing file /home/phuc/Practice/DataScience/DSProject/venv/lib/python3.10/site-packages/airflow/example_dags/example_sensors.py for tasks to queue
[2023-12-17T08:29:07.300+0700] {logging_mixin.py:154} INFO - [2023-12-17T08:29:07.299+0700] {dagbag.py:536} INFO - Filling up the DagBag from /home/phuc/Practice/DataScience/DSProject/venv/lib/python3.10/site-packages/airflow/example_dags/example_sensors.py
[2023-12-17T08:29:07.308+0700] {processor.py:839} INFO - DAG(s) dict_keys(['example_sensors']) retrieved from /home/phuc/Practice/DataScience/DSProject/venv/lib/python3.10/site-packages/airflow/example_dags/example_sensors.py
[2023-12-17T08:29:07.319+0700] {logging_mixin.py:154} INFO - [2023-12-17T08:29:07.319+0700] {dag.py:2941} INFO - Sync 1 DAGs
[2023-12-17T08:29:07.325+0700] {logging_mixin.py:154} INFO - [2023-12-17T08:29:07.325+0700] {dag.py:3722} INFO - Setting next_dagrun for example_sensors to None, run_after=None
[2023-12-17T08:29:07.337+0700] {processor.py:179} INFO - Processing /home/phuc/Practice/DataScience/DSProject/venv/lib/python3.10/site-packages/airflow/example_dags/example_sensors.py took 0.049 seconds
[2023-12-17T08:29:42.126+0700] {processor.py:157} INFO - Started process (PID=321293) to work on /home/phuc/Practice/DataScience/DSProject/venv/lib/python3.10/site-packages/airflow/example_dags/example_sensors.py
[2023-12-17T08:29:42.133+0700] {processor.py:829} INFO - Processing file /home/phuc/Practice/DataScience/DSProject/venv/lib/python3.10/site-packages/airflow/example_dags/example_sensors.py for tasks to queue
[2023-12-17T08:29:42.134+0700] {logging_mixin.py:154} INFO - [2023-12-17T08:29:42.134+0700] {dagbag.py:536} INFO - Filling up the DagBag from /home/phuc/Practice/DataScience/DSProject/venv/lib/python3.10/site-packages/airflow/example_dags/example_sensors.py
[2023-12-17T08:29:42.147+0700] {processor.py:839} INFO - DAG(s) dict_keys(['example_sensors']) retrieved from /home/phuc/Practice/DataScience/DSProject/venv/lib/python3.10/site-packages/airflow/example_dags/example_sensors.py
[2023-12-17T08:29:42.159+0700] {logging_mixin.py:154} INFO - [2023-12-17T08:29:42.158+0700] {dag.py:2941} INFO - Sync 1 DAGs
[2023-12-17T08:29:42.164+0700] {logging_mixin.py:154} INFO - [2023-12-17T08:29:42.164+0700] {dag.py:3722} INFO - Setting next_dagrun for example_sensors to None, run_after=None
[2023-12-17T08:29:42.173+0700] {processor.py:179} INFO - Processing /home/phuc/Practice/DataScience/DSProject/venv/lib/python3.10/site-packages/airflow/example_dags/example_sensors.py took 0.050 seconds
[2023-12-17T08:30:14.967+0700] {processor.py:157} INFO - Started process (PID=321449) to work on /home/phuc/Practice/DataScience/DSProject/venv/lib/python3.10/site-packages/airflow/example_dags/example_sensors.py
[2023-12-17T08:30:14.973+0700] {processor.py:829} INFO - Processing file /home/phuc/Practice/DataScience/DSProject/venv/lib/python3.10/site-packages/airflow/example_dags/example_sensors.py for tasks to queue
[2023-12-17T08:30:14.974+0700] {logging_mixin.py:154} INFO - [2023-12-17T08:30:14.974+0700] {dagbag.py:536} INFO - Filling up the DagBag from /home/phuc/Practice/DataScience/DSProject/venv/lib/python3.10/site-packages/airflow/example_dags/example_sensors.py
[2023-12-17T08:30:14.986+0700] {processor.py:839} INFO - DAG(s) dict_keys(['example_sensors']) retrieved from /home/phuc/Practice/DataScience/DSProject/venv/lib/python3.10/site-packages/airflow/example_dags/example_sensors.py
[2023-12-17T08:30:14.998+0700] {logging_mixin.py:154} INFO - [2023-12-17T08:30:14.997+0700] {dag.py:2941} INFO - Sync 1 DAGs
[2023-12-17T08:30:15.003+0700] {logging_mixin.py:154} INFO - [2023-12-17T08:30:15.003+0700] {dag.py:3722} INFO - Setting next_dagrun for example_sensors to None, run_after=None
[2023-12-17T08:30:15.013+0700] {processor.py:179} INFO - Processing /home/phuc/Practice/DataScience/DSProject/venv/lib/python3.10/site-packages/airflow/example_dags/example_sensors.py took 0.049 seconds
[2023-12-17T08:30:49.002+0700] {processor.py:157} INFO - Started process (PID=321625) to work on /home/phuc/Practice/DataScience/DSProject/venv/lib/python3.10/site-packages/airflow/example_dags/example_sensors.py
[2023-12-17T08:30:49.009+0700] {processor.py:829} INFO - Processing file /home/phuc/Practice/DataScience/DSProject/venv/lib/python3.10/site-packages/airflow/example_dags/example_sensors.py for tasks to queue
[2023-12-17T08:30:49.011+0700] {logging_mixin.py:154} INFO - [2023-12-17T08:30:49.010+0700] {dagbag.py:536} INFO - Filling up the DagBag from /home/phuc/Practice/DataScience/DSProject/venv/lib/python3.10/site-packages/airflow/example_dags/example_sensors.py
[2023-12-17T08:30:49.019+0700] {processor.py:839} INFO - DAG(s) dict_keys(['example_sensors']) retrieved from /home/phuc/Practice/DataScience/DSProject/venv/lib/python3.10/site-packages/airflow/example_dags/example_sensors.py
[2023-12-17T08:30:49.028+0700] {logging_mixin.py:154} INFO - [2023-12-17T08:30:49.028+0700] {dag.py:2941} INFO - Sync 1 DAGs
[2023-12-17T08:30:49.033+0700] {logging_mixin.py:154} INFO - [2023-12-17T08:30:49.033+0700] {dag.py:3722} INFO - Setting next_dagrun for example_sensors to None, run_after=None
[2023-12-17T08:30:49.043+0700] {processor.py:179} INFO - Processing /home/phuc/Practice/DataScience/DSProject/venv/lib/python3.10/site-packages/airflow/example_dags/example_sensors.py took 0.043 seconds
[2023-12-17T08:31:23.586+0700] {processor.py:157} INFO - Started process (PID=321877) to work on /home/phuc/Practice/DataScience/DSProject/venv/lib/python3.10/site-packages/airflow/example_dags/example_sensors.py
[2023-12-17T08:31:23.593+0700] {processor.py:829} INFO - Processing file /home/phuc/Practice/DataScience/DSProject/venv/lib/python3.10/site-packages/airflow/example_dags/example_sensors.py for tasks to queue
[2023-12-17T08:31:23.593+0700] {logging_mixin.py:154} INFO - [2023-12-17T08:31:23.593+0700] {dagbag.py:536} INFO - Filling up the DagBag from /home/phuc/Practice/DataScience/DSProject/venv/lib/python3.10/site-packages/airflow/example_dags/example_sensors.py
[2023-12-17T08:31:23.602+0700] {processor.py:839} INFO - DAG(s) dict_keys(['example_sensors']) retrieved from /home/phuc/Practice/DataScience/DSProject/venv/lib/python3.10/site-packages/airflow/example_dags/example_sensors.py
[2023-12-17T08:31:23.614+0700] {logging_mixin.py:154} INFO - [2023-12-17T08:31:23.614+0700] {dag.py:2941} INFO - Sync 1 DAGs
[2023-12-17T08:31:23.619+0700] {logging_mixin.py:154} INFO - [2023-12-17T08:31:23.619+0700] {dag.py:3722} INFO - Setting next_dagrun for example_sensors to None, run_after=None
[2023-12-17T08:31:23.629+0700] {processor.py:179} INFO - Processing /home/phuc/Practice/DataScience/DSProject/venv/lib/python3.10/site-packages/airflow/example_dags/example_sensors.py took 0.046 seconds
[2023-12-17T08:31:59.873+0700] {processor.py:157} INFO - Started process (PID=322163) to work on /home/phuc/Practice/DataScience/DSProject/venv/lib/python3.10/site-packages/airflow/example_dags/example_sensors.py
[2023-12-17T08:31:59.873+0700] {processor.py:829} INFO - Processing file /home/phuc/Practice/DataScience/DSProject/venv/lib/python3.10/site-packages/airflow/example_dags/example_sensors.py for tasks to queue
[2023-12-17T08:31:59.874+0700] {logging_mixin.py:154} INFO - [2023-12-17T08:31:59.874+0700] {dagbag.py:536} INFO - Filling up the DagBag from /home/phuc/Practice/DataScience/DSProject/venv/lib/python3.10/site-packages/airflow/example_dags/example_sensors.py
[2023-12-17T08:31:59.879+0700] {processor.py:839} INFO - DAG(s) dict_keys(['example_sensors']) retrieved from /home/phuc/Practice/DataScience/DSProject/venv/lib/python3.10/site-packages/airflow/example_dags/example_sensors.py
[2023-12-17T08:31:59.891+0700] {logging_mixin.py:154} INFO - [2023-12-17T08:31:59.891+0700] {dag.py:2941} INFO - Sync 1 DAGs
[2023-12-17T08:31:59.897+0700] {logging_mixin.py:154} INFO - [2023-12-17T08:31:59.897+0700] {dag.py:3722} INFO - Setting next_dagrun for example_sensors to None, run_after=None
[2023-12-17T08:31:59.909+0700] {processor.py:179} INFO - Processing /home/phuc/Practice/DataScience/DSProject/venv/lib/python3.10/site-packages/airflow/example_dags/example_sensors.py took 0.038 seconds
[2023-12-17T08:32:42.904+0700] {processor.py:157} INFO - Started process (PID=322969) to work on /home/phuc/Practice/DataScience/DSProject/venv/lib/python3.10/site-packages/airflow/example_dags/example_sensors.py
[2023-12-17T08:32:42.911+0700] {processor.py:829} INFO - Processing file /home/phuc/Practice/DataScience/DSProject/venv/lib/python3.10/site-packages/airflow/example_dags/example_sensors.py for tasks to queue
[2023-12-17T08:32:42.913+0700] {logging_mixin.py:154} INFO - [2023-12-17T08:32:42.912+0700] {dagbag.py:536} INFO - Filling up the DagBag from /home/phuc/Practice/DataScience/DSProject/venv/lib/python3.10/site-packages/airflow/example_dags/example_sensors.py
[2023-12-17T08:32:42.926+0700] {processor.py:839} INFO - DAG(s) dict_keys(['example_sensors']) retrieved from /home/phuc/Practice/DataScience/DSProject/venv/lib/python3.10/site-packages/airflow/example_dags/example_sensors.py
[2023-12-17T08:32:42.937+0700] {logging_mixin.py:154} INFO - [2023-12-17T08:32:42.937+0700] {dag.py:2941} INFO - Sync 1 DAGs
[2023-12-17T08:32:42.943+0700] {logging_mixin.py:154} INFO - [2023-12-17T08:32:42.942+0700] {dag.py:3722} INFO - Setting next_dagrun for example_sensors to None, run_after=None
[2023-12-17T08:32:42.952+0700] {processor.py:179} INFO - Processing /home/phuc/Practice/DataScience/DSProject/venv/lib/python3.10/site-packages/airflow/example_dags/example_sensors.py took 0.050 seconds
[2023-12-17T08:33:24.741+0700] {processor.py:157} INFO - Started process (PID=323179) to work on /home/phuc/Practice/DataScience/DSProject/venv/lib/python3.10/site-packages/airflow/example_dags/example_sensors.py
[2023-12-17T08:33:24.748+0700] {processor.py:829} INFO - Processing file /home/phuc/Practice/DataScience/DSProject/venv/lib/python3.10/site-packages/airflow/example_dags/example_sensors.py for tasks to queue
[2023-12-17T08:33:24.750+0700] {logging_mixin.py:154} INFO - [2023-12-17T08:33:24.749+0700] {dagbag.py:536} INFO - Filling up the DagBag from /home/phuc/Practice/DataScience/DSProject/venv/lib/python3.10/site-packages/airflow/example_dags/example_sensors.py
[2023-12-17T08:33:24.762+0700] {processor.py:839} INFO - DAG(s) dict_keys(['example_sensors']) retrieved from /home/phuc/Practice/DataScience/DSProject/venv/lib/python3.10/site-packages/airflow/example_dags/example_sensors.py
[2023-12-17T08:33:24.773+0700] {logging_mixin.py:154} INFO - [2023-12-17T08:33:24.773+0700] {dag.py:2941} INFO - Sync 1 DAGs
[2023-12-17T08:33:24.779+0700] {logging_mixin.py:154} INFO - [2023-12-17T08:33:24.779+0700] {dag.py:3722} INFO - Setting next_dagrun for example_sensors to None, run_after=None
[2023-12-17T08:33:24.790+0700] {processor.py:179} INFO - Processing /home/phuc/Practice/DataScience/DSProject/venv/lib/python3.10/site-packages/airflow/example_dags/example_sensors.py took 0.052 seconds
[2023-12-17T08:33:58.858+0700] {processor.py:157} INFO - Started process (PID=323357) to work on /home/phuc/Practice/DataScience/DSProject/venv/lib/python3.10/site-packages/airflow/example_dags/example_sensors.py
[2023-12-17T08:33:58.859+0700] {processor.py:829} INFO - Processing file /home/phuc/Practice/DataScience/DSProject/venv/lib/python3.10/site-packages/airflow/example_dags/example_sensors.py for tasks to queue
[2023-12-17T08:33:58.860+0700] {logging_mixin.py:154} INFO - [2023-12-17T08:33:58.860+0700] {dagbag.py:536} INFO - Filling up the DagBag from /home/phuc/Practice/DataScience/DSProject/venv/lib/python3.10/site-packages/airflow/example_dags/example_sensors.py
[2023-12-17T08:33:58.866+0700] {processor.py:839} INFO - DAG(s) dict_keys(['example_sensors']) retrieved from /home/phuc/Practice/DataScience/DSProject/venv/lib/python3.10/site-packages/airflow/example_dags/example_sensors.py
[2023-12-17T08:33:58.876+0700] {logging_mixin.py:154} INFO - [2023-12-17T08:33:58.875+0700] {dag.py:2941} INFO - Sync 1 DAGs
[2023-12-17T08:33:58.881+0700] {logging_mixin.py:154} INFO - [2023-12-17T08:33:58.881+0700] {dag.py:3722} INFO - Setting next_dagrun for example_sensors to None, run_after=None
[2023-12-17T08:33:58.891+0700] {processor.py:179} INFO - Processing /home/phuc/Practice/DataScience/DSProject/venv/lib/python3.10/site-packages/airflow/example_dags/example_sensors.py took 0.035 seconds
[2023-12-17T08:34:37.109+0700] {processor.py:157} INFO - Started process (PID=323719) to work on /home/phuc/Practice/DataScience/DSProject/venv/lib/python3.10/site-packages/airflow/example_dags/example_sensors.py
[2023-12-17T08:34:37.115+0700] {processor.py:829} INFO - Processing file /home/phuc/Practice/DataScience/DSProject/venv/lib/python3.10/site-packages/airflow/example_dags/example_sensors.py for tasks to queue
[2023-12-17T08:34:37.116+0700] {logging_mixin.py:154} INFO - [2023-12-17T08:34:37.116+0700] {dagbag.py:536} INFO - Filling up the DagBag from /home/phuc/Practice/DataScience/DSProject/venv/lib/python3.10/site-packages/airflow/example_dags/example_sensors.py
[2023-12-17T08:34:37.121+0700] {processor.py:839} INFO - DAG(s) dict_keys(['example_sensors']) retrieved from /home/phuc/Practice/DataScience/DSProject/venv/lib/python3.10/site-packages/airflow/example_dags/example_sensors.py
[2023-12-17T08:34:37.132+0700] {logging_mixin.py:154} INFO - [2023-12-17T08:34:37.131+0700] {dag.py:2941} INFO - Sync 1 DAGs
[2023-12-17T08:34:37.137+0700] {logging_mixin.py:154} INFO - [2023-12-17T08:34:37.137+0700] {dag.py:3722} INFO - Setting next_dagrun for example_sensors to None, run_after=None
[2023-12-17T08:34:37.148+0700] {processor.py:179} INFO - Processing /home/phuc/Practice/DataScience/DSProject/venv/lib/python3.10/site-packages/airflow/example_dags/example_sensors.py took 0.041 seconds
[2023-12-17T08:35:12.911+0700] {processor.py:157} INFO - Started process (PID=324001) to work on /home/phuc/Practice/DataScience/DSProject/venv/lib/python3.10/site-packages/airflow/example_dags/example_sensors.py
[2023-12-17T08:35:12.912+0700] {processor.py:829} INFO - Processing file /home/phuc/Practice/DataScience/DSProject/venv/lib/python3.10/site-packages/airflow/example_dags/example_sensors.py for tasks to queue
[2023-12-17T08:35:12.913+0700] {logging_mixin.py:154} INFO - [2023-12-17T08:35:12.913+0700] {dagbag.py:536} INFO - Filling up the DagBag from /home/phuc/Practice/DataScience/DSProject/venv/lib/python3.10/site-packages/airflow/example_dags/example_sensors.py
[2023-12-17T08:35:12.922+0700] {processor.py:839} INFO - DAG(s) dict_keys(['example_sensors']) retrieved from /home/phuc/Practice/DataScience/DSProject/venv/lib/python3.10/site-packages/airflow/example_dags/example_sensors.py
[2023-12-17T08:35:12.932+0700] {logging_mixin.py:154} INFO - [2023-12-17T08:35:12.931+0700] {dag.py:2941} INFO - Sync 1 DAGs
[2023-12-17T08:35:12.937+0700] {logging_mixin.py:154} INFO - [2023-12-17T08:35:12.937+0700] {dag.py:3722} INFO - Setting next_dagrun for example_sensors to None, run_after=None
[2023-12-17T08:35:12.947+0700] {processor.py:179} INFO - Processing /home/phuc/Practice/DataScience/DSProject/venv/lib/python3.10/site-packages/airflow/example_dags/example_sensors.py took 0.037 seconds
[2023-12-17T08:35:48.690+0700] {processor.py:157} INFO - Started process (PID=324295) to work on /home/phuc/Practice/DataScience/DSProject/venv/lib/python3.10/site-packages/airflow/example_dags/example_sensors.py
[2023-12-17T08:35:48.697+0700] {processor.py:829} INFO - Processing file /home/phuc/Practice/DataScience/DSProject/venv/lib/python3.10/site-packages/airflow/example_dags/example_sensors.py for tasks to queue
[2023-12-17T08:35:48.698+0700] {logging_mixin.py:154} INFO - [2023-12-17T08:35:48.698+0700] {dagbag.py:536} INFO - Filling up the DagBag from /home/phuc/Practice/DataScience/DSProject/venv/lib/python3.10/site-packages/airflow/example_dags/example_sensors.py
[2023-12-17T08:35:48.711+0700] {processor.py:839} INFO - DAG(s) dict_keys(['example_sensors']) retrieved from /home/phuc/Practice/DataScience/DSProject/venv/lib/python3.10/site-packages/airflow/example_dags/example_sensors.py
[2023-12-17T08:35:48.722+0700] {logging_mixin.py:154} INFO - [2023-12-17T08:35:48.722+0700] {dag.py:2941} INFO - Sync 1 DAGs
[2023-12-17T08:35:48.728+0700] {logging_mixin.py:154} INFO - [2023-12-17T08:35:48.727+0700] {dag.py:3722} INFO - Setting next_dagrun for example_sensors to None, run_after=None
[2023-12-17T08:35:48.737+0700] {processor.py:179} INFO - Processing /home/phuc/Practice/DataScience/DSProject/venv/lib/python3.10/site-packages/airflow/example_dags/example_sensors.py took 0.052 seconds
