[2023-12-17T08:03:07.150+0700] {processor.py:157} INFO - Started process (PID=309599) to work on /home/phuc/Practice/DataScience/DSProject/venv/lib/python3.10/site-packages/airflow/example_dags/example_dynamic_task_mapping.py
[2023-12-17T08:03:07.151+0700] {processor.py:829} INFO - Processing file /home/phuc/Practice/DataScience/DSProject/venv/lib/python3.10/site-packages/airflow/example_dags/example_dynamic_task_mapping.py for tasks to queue
[2023-12-17T08:03:07.151+0700] {logging_mixin.py:154} INFO - [2023-12-17T08:03:07.151+0700] {dagbag.py:536} INFO - Filling up the DagBag from /home/phuc/Practice/DataScience/DSProject/venv/lib/python3.10/site-packages/airflow/example_dags/example_dynamic_task_mapping.py
[2023-12-17T08:03:07.157+0700] {processor.py:839} INFO - DAG(s) dict_keys(['example_dynamic_task_mapping']) retrieved from /home/phuc/Practice/DataScience/DSProject/venv/lib/python3.10/site-packages/airflow/example_dags/example_dynamic_task_mapping.py
[2023-12-17T08:03:07.235+0700] {logging_mixin.py:154} INFO - [2023-12-17T08:03:07.235+0700] {manager.py:499} INFO - Created Permission View: %s
[2023-12-17T08:03:07.244+0700] {logging_mixin.py:154} INFO - [2023-12-17T08:03:07.243+0700] {manager.py:499} INFO - Created Permission View: %s
[2023-12-17T08:03:07.248+0700] {logging_mixin.py:154} INFO - [2023-12-17T08:03:07.248+0700] {manager.py:499} INFO - Created Permission View: %s
[2023-12-17T08:03:07.249+0700] {logging_mixin.py:154} INFO - [2023-12-17T08:03:07.248+0700] {dag.py:2941} INFO - Sync 1 DAGs
[2023-12-17T08:03:07.255+0700] {logging_mixin.py:154} INFO - [2023-12-17T08:03:07.255+0700] {dag.py:2963} INFO - Creating ORM DAG for example_dynamic_task_mapping
[2023-12-17T08:03:07.260+0700] {logging_mixin.py:154} INFO - [2023-12-17T08:03:07.260+0700] {dag.py:3722} INFO - Setting next_dagrun for example_dynamic_task_mapping to 2022-03-04T00:00:00+00:00, run_after=2022-03-05T00:00:00+00:00
[2023-12-17T08:03:07.269+0700] {processor.py:179} INFO - Processing /home/phuc/Practice/DataScience/DSProject/venv/lib/python3.10/site-packages/airflow/example_dags/example_dynamic_task_mapping.py took 0.121 seconds
[2023-12-17T08:05:23.605+0700] {processor.py:157} INFO - Started process (PID=310843) to work on /home/phuc/Practice/DataScience/DSProject/venv/lib/python3.10/site-packages/airflow/example_dags/example_dynamic_task_mapping.py
[2023-12-17T08:05:23.612+0700] {processor.py:829} INFO - Processing file /home/phuc/Practice/DataScience/DSProject/venv/lib/python3.10/site-packages/airflow/example_dags/example_dynamic_task_mapping.py for tasks to queue
[2023-12-17T08:05:23.613+0700] {logging_mixin.py:154} INFO - [2023-12-17T08:05:23.612+0700] {dagbag.py:536} INFO - Filling up the DagBag from /home/phuc/Practice/DataScience/DSProject/venv/lib/python3.10/site-packages/airflow/example_dags/example_dynamic_task_mapping.py
[2023-12-17T08:05:23.621+0700] {processor.py:839} INFO - DAG(s) dict_keys(['example_dynamic_task_mapping']) retrieved from /home/phuc/Practice/DataScience/DSProject/venv/lib/python3.10/site-packages/airflow/example_dags/example_dynamic_task_mapping.py
[2023-12-17T08:05:23.639+0700] {logging_mixin.py:154} INFO - [2023-12-17T08:05:23.639+0700] {dag.py:2941} INFO - Sync 1 DAGs
[2023-12-17T08:05:23.650+0700] {logging_mixin.py:154} INFO - [2023-12-17T08:05:23.650+0700] {dag.py:3722} INFO - Setting next_dagrun for example_dynamic_task_mapping to 2022-03-04T00:00:00+00:00, run_after=2022-03-05T00:00:00+00:00
[2023-12-17T08:05:23.665+0700] {processor.py:179} INFO - Processing /home/phuc/Practice/DataScience/DSProject/venv/lib/python3.10/site-packages/airflow/example_dags/example_dynamic_task_mapping.py took 0.062 seconds
[2023-12-17T08:06:12.054+0700] {processor.py:157} INFO - Started process (PID=311325) to work on /home/phuc/Practice/DataScience/DSProject/venv/lib/python3.10/site-packages/airflow/example_dags/example_dynamic_task_mapping.py
[2023-12-17T08:06:12.061+0700] {processor.py:829} INFO - Processing file /home/phuc/Practice/DataScience/DSProject/venv/lib/python3.10/site-packages/airflow/example_dags/example_dynamic_task_mapping.py for tasks to queue
[2023-12-17T08:06:12.062+0700] {logging_mixin.py:154} INFO - [2023-12-17T08:06:12.061+0700] {dagbag.py:536} INFO - Filling up the DagBag from /home/phuc/Practice/DataScience/DSProject/venv/lib/python3.10/site-packages/airflow/example_dags/example_dynamic_task_mapping.py
[2023-12-17T08:06:12.066+0700] {processor.py:839} INFO - DAG(s) dict_keys(['example_dynamic_task_mapping']) retrieved from /home/phuc/Practice/DataScience/DSProject/venv/lib/python3.10/site-packages/airflow/example_dags/example_dynamic_task_mapping.py
[2023-12-17T08:06:12.078+0700] {logging_mixin.py:154} INFO - [2023-12-17T08:06:12.077+0700] {dag.py:2941} INFO - Sync 1 DAGs
[2023-12-17T08:06:12.090+0700] {logging_mixin.py:154} INFO - [2023-12-17T08:06:12.089+0700] {dag.py:3722} INFO - Setting next_dagrun for example_dynamic_task_mapping to 2022-03-04T00:00:00+00:00, run_after=2022-03-05T00:00:00+00:00
[2023-12-17T08:06:12.105+0700] {processor.py:179} INFO - Processing /home/phuc/Practice/DataScience/DSProject/venv/lib/python3.10/site-packages/airflow/example_dags/example_dynamic_task_mapping.py took 0.053 seconds
[2023-12-17T08:06:48.667+0700] {processor.py:157} INFO - Started process (PID=311748) to work on /home/phuc/Practice/DataScience/DSProject/venv/lib/python3.10/site-packages/airflow/example_dags/example_dynamic_task_mapping.py
[2023-12-17T08:06:48.668+0700] {processor.py:829} INFO - Processing file /home/phuc/Practice/DataScience/DSProject/venv/lib/python3.10/site-packages/airflow/example_dags/example_dynamic_task_mapping.py for tasks to queue
[2023-12-17T08:06:48.669+0700] {logging_mixin.py:154} INFO - [2023-12-17T08:06:48.669+0700] {dagbag.py:536} INFO - Filling up the DagBag from /home/phuc/Practice/DataScience/DSProject/venv/lib/python3.10/site-packages/airflow/example_dags/example_dynamic_task_mapping.py
[2023-12-17T08:06:48.675+0700] {processor.py:839} INFO - DAG(s) dict_keys(['example_dynamic_task_mapping']) retrieved from /home/phuc/Practice/DataScience/DSProject/venv/lib/python3.10/site-packages/airflow/example_dags/example_dynamic_task_mapping.py
[2023-12-17T08:06:48.687+0700] {logging_mixin.py:154} INFO - [2023-12-17T08:06:48.687+0700] {dag.py:2941} INFO - Sync 1 DAGs
[2023-12-17T08:06:48.699+0700] {logging_mixin.py:154} INFO - [2023-12-17T08:06:48.699+0700] {dag.py:3722} INFO - Setting next_dagrun for example_dynamic_task_mapping to 2022-03-04T00:00:00+00:00, run_after=2022-03-05T00:00:00+00:00
[2023-12-17T08:06:48.713+0700] {processor.py:179} INFO - Processing /home/phuc/Practice/DataScience/DSProject/venv/lib/python3.10/site-packages/airflow/example_dags/example_dynamic_task_mapping.py took 0.048 seconds
[2023-12-17T08:07:24.768+0700] {processor.py:157} INFO - Started process (PID=312131) to work on /home/phuc/Practice/DataScience/DSProject/venv/lib/python3.10/site-packages/airflow/example_dags/example_dynamic_task_mapping.py
[2023-12-17T08:07:24.775+0700] {processor.py:829} INFO - Processing file /home/phuc/Practice/DataScience/DSProject/venv/lib/python3.10/site-packages/airflow/example_dags/example_dynamic_task_mapping.py for tasks to queue
[2023-12-17T08:07:24.776+0700] {logging_mixin.py:154} INFO - [2023-12-17T08:07:24.776+0700] {dagbag.py:536} INFO - Filling up the DagBag from /home/phuc/Practice/DataScience/DSProject/venv/lib/python3.10/site-packages/airflow/example_dags/example_dynamic_task_mapping.py
[2023-12-17T08:07:24.781+0700] {processor.py:839} INFO - DAG(s) dict_keys(['example_dynamic_task_mapping']) retrieved from /home/phuc/Practice/DataScience/DSProject/venv/lib/python3.10/site-packages/airflow/example_dags/example_dynamic_task_mapping.py
[2023-12-17T08:07:24.792+0700] {logging_mixin.py:154} INFO - [2023-12-17T08:07:24.792+0700] {dag.py:2941} INFO - Sync 1 DAGs
[2023-12-17T08:07:24.805+0700] {logging_mixin.py:154} INFO - [2023-12-17T08:07:24.805+0700] {dag.py:3722} INFO - Setting next_dagrun for example_dynamic_task_mapping to 2022-03-04T00:00:00+00:00, run_after=2022-03-05T00:00:00+00:00
[2023-12-17T08:07:24.819+0700] {processor.py:179} INFO - Processing /home/phuc/Practice/DataScience/DSProject/venv/lib/python3.10/site-packages/airflow/example_dags/example_dynamic_task_mapping.py took 0.052 seconds
[2023-12-17T08:08:21.885+0700] {processor.py:157} INFO - Started process (PID=313060) to work on /home/phuc/Practice/DataScience/DSProject/venv/lib/python3.10/site-packages/airflow/example_dags/example_dynamic_task_mapping.py
[2023-12-17T08:08:21.892+0700] {processor.py:829} INFO - Processing file /home/phuc/Practice/DataScience/DSProject/venv/lib/python3.10/site-packages/airflow/example_dags/example_dynamic_task_mapping.py for tasks to queue
[2023-12-17T08:08:21.894+0700] {logging_mixin.py:154} INFO - [2023-12-17T08:08:21.893+0700] {dagbag.py:536} INFO - Filling up the DagBag from /home/phuc/Practice/DataScience/DSProject/venv/lib/python3.10/site-packages/airflow/example_dags/example_dynamic_task_mapping.py
[2023-12-17T08:08:21.903+0700] {processor.py:839} INFO - DAG(s) dict_keys(['example_dynamic_task_mapping']) retrieved from /home/phuc/Practice/DataScience/DSProject/venv/lib/python3.10/site-packages/airflow/example_dags/example_dynamic_task_mapping.py
[2023-12-17T08:08:21.913+0700] {logging_mixin.py:154} INFO - [2023-12-17T08:08:21.912+0700] {dag.py:2941} INFO - Sync 1 DAGs
[2023-12-17T08:08:21.922+0700] {logging_mixin.py:154} INFO - [2023-12-17T08:08:21.922+0700] {dag.py:3722} INFO - Setting next_dagrun for example_dynamic_task_mapping to 2022-03-04T00:00:00+00:00, run_after=2022-03-05T00:00:00+00:00
[2023-12-17T08:08:21.933+0700] {processor.py:179} INFO - Processing /home/phuc/Practice/DataScience/DSProject/venv/lib/python3.10/site-packages/airflow/example_dags/example_dynamic_task_mapping.py took 0.050 seconds
[2023-12-17T08:09:01.012+0700] {processor.py:157} INFO - Started process (PID=313327) to work on /home/phuc/Practice/DataScience/DSProject/venv/lib/python3.10/site-packages/airflow/example_dags/example_dynamic_task_mapping.py
[2023-12-17T08:09:01.019+0700] {processor.py:829} INFO - Processing file /home/phuc/Practice/DataScience/DSProject/venv/lib/python3.10/site-packages/airflow/example_dags/example_dynamic_task_mapping.py for tasks to queue
[2023-12-17T08:09:01.020+0700] {logging_mixin.py:154} INFO - [2023-12-17T08:09:01.020+0700] {dagbag.py:536} INFO - Filling up the DagBag from /home/phuc/Practice/DataScience/DSProject/venv/lib/python3.10/site-packages/airflow/example_dags/example_dynamic_task_mapping.py
[2023-12-17T08:09:01.027+0700] {processor.py:839} INFO - DAG(s) dict_keys(['example_dynamic_task_mapping']) retrieved from /home/phuc/Practice/DataScience/DSProject/venv/lib/python3.10/site-packages/airflow/example_dags/example_dynamic_task_mapping.py
[2023-12-17T08:09:01.040+0700] {logging_mixin.py:154} INFO - [2023-12-17T08:09:01.040+0700] {dag.py:2941} INFO - Sync 1 DAGs
[2023-12-17T08:09:01.054+0700] {logging_mixin.py:154} INFO - [2023-12-17T08:09:01.054+0700] {dag.py:3722} INFO - Setting next_dagrun for example_dynamic_task_mapping to 2022-03-04T00:00:00+00:00, run_after=2022-03-05T00:00:00+00:00
[2023-12-17T08:09:01.069+0700] {processor.py:179} INFO - Processing /home/phuc/Practice/DataScience/DSProject/venv/lib/python3.10/site-packages/airflow/example_dags/example_dynamic_task_mapping.py took 0.060 seconds
[2023-12-17T08:09:45.622+0700] {processor.py:157} INFO - Started process (PID=313583) to work on /home/phuc/Practice/DataScience/DSProject/venv/lib/python3.10/site-packages/airflow/example_dags/example_dynamic_task_mapping.py
[2023-12-17T08:09:45.623+0700] {processor.py:829} INFO - Processing file /home/phuc/Practice/DataScience/DSProject/venv/lib/python3.10/site-packages/airflow/example_dags/example_dynamic_task_mapping.py for tasks to queue
[2023-12-17T08:09:45.623+0700] {logging_mixin.py:154} INFO - [2023-12-17T08:09:45.623+0700] {dagbag.py:536} INFO - Filling up the DagBag from /home/phuc/Practice/DataScience/DSProject/venv/lib/python3.10/site-packages/airflow/example_dags/example_dynamic_task_mapping.py
[2023-12-17T08:09:45.630+0700] {processor.py:839} INFO - DAG(s) dict_keys(['example_dynamic_task_mapping']) retrieved from /home/phuc/Practice/DataScience/DSProject/venv/lib/python3.10/site-packages/airflow/example_dags/example_dynamic_task_mapping.py
[2023-12-17T08:09:45.650+0700] {logging_mixin.py:154} INFO - [2023-12-17T08:09:45.650+0700] {dag.py:2941} INFO - Sync 1 DAGs
[2023-12-17T08:09:45.668+0700] {logging_mixin.py:154} INFO - [2023-12-17T08:09:45.668+0700] {dag.py:3722} INFO - Setting next_dagrun for example_dynamic_task_mapping to 2022-03-04T00:00:00+00:00, run_after=2022-03-05T00:00:00+00:00
[2023-12-17T08:09:45.696+0700] {processor.py:179} INFO - Processing /home/phuc/Practice/DataScience/DSProject/venv/lib/python3.10/site-packages/airflow/example_dags/example_dynamic_task_mapping.py took 0.077 seconds
[2023-12-17T08:10:22.254+0700] {processor.py:157} INFO - Started process (PID=313856) to work on /home/phuc/Practice/DataScience/DSProject/venv/lib/python3.10/site-packages/airflow/example_dags/example_dynamic_task_mapping.py
[2023-12-17T08:10:22.261+0700] {processor.py:829} INFO - Processing file /home/phuc/Practice/DataScience/DSProject/venv/lib/python3.10/site-packages/airflow/example_dags/example_dynamic_task_mapping.py for tasks to queue
[2023-12-17T08:10:22.262+0700] {logging_mixin.py:154} INFO - [2023-12-17T08:10:22.261+0700] {dagbag.py:536} INFO - Filling up the DagBag from /home/phuc/Practice/DataScience/DSProject/venv/lib/python3.10/site-packages/airflow/example_dags/example_dynamic_task_mapping.py
[2023-12-17T08:10:22.265+0700] {processor.py:839} INFO - DAG(s) dict_keys(['example_dynamic_task_mapping']) retrieved from /home/phuc/Practice/DataScience/DSProject/venv/lib/python3.10/site-packages/airflow/example_dags/example_dynamic_task_mapping.py
[2023-12-17T08:10:22.276+0700] {logging_mixin.py:154} INFO - [2023-12-17T08:10:22.276+0700] {dag.py:2941} INFO - Sync 1 DAGs
[2023-12-17T08:10:22.288+0700] {logging_mixin.py:154} INFO - [2023-12-17T08:10:22.288+0700] {dag.py:3722} INFO - Setting next_dagrun for example_dynamic_task_mapping to 2022-03-04T00:00:00+00:00, run_after=2022-03-05T00:00:00+00:00
[2023-12-17T08:10:22.301+0700] {processor.py:179} INFO - Processing /home/phuc/Practice/DataScience/DSProject/venv/lib/python3.10/site-packages/airflow/example_dags/example_dynamic_task_mapping.py took 0.048 seconds
[2023-12-17T08:10:56.021+0700] {processor.py:157} INFO - Started process (PID=313992) to work on /home/phuc/Practice/DataScience/DSProject/venv/lib/python3.10/site-packages/airflow/example_dags/example_dynamic_task_mapping.py
[2023-12-17T08:10:56.028+0700] {processor.py:829} INFO - Processing file /home/phuc/Practice/DataScience/DSProject/venv/lib/python3.10/site-packages/airflow/example_dags/example_dynamic_task_mapping.py for tasks to queue
[2023-12-17T08:10:56.029+0700] {logging_mixin.py:154} INFO - [2023-12-17T08:10:56.029+0700] {dagbag.py:536} INFO - Filling up the DagBag from /home/phuc/Practice/DataScience/DSProject/venv/lib/python3.10/site-packages/airflow/example_dags/example_dynamic_task_mapping.py
[2023-12-17T08:10:56.038+0700] {processor.py:839} INFO - DAG(s) dict_keys(['example_dynamic_task_mapping']) retrieved from /home/phuc/Practice/DataScience/DSProject/venv/lib/python3.10/site-packages/airflow/example_dags/example_dynamic_task_mapping.py
[2023-12-17T08:10:56.049+0700] {logging_mixin.py:154} INFO - [2023-12-17T08:10:56.049+0700] {dag.py:2941} INFO - Sync 1 DAGs
[2023-12-17T08:10:56.059+0700] {logging_mixin.py:154} INFO - [2023-12-17T08:10:56.059+0700] {dag.py:3722} INFO - Setting next_dagrun for example_dynamic_task_mapping to 2022-03-04T00:00:00+00:00, run_after=2022-03-05T00:00:00+00:00
[2023-12-17T08:10:56.070+0700] {processor.py:179} INFO - Processing /home/phuc/Practice/DataScience/DSProject/venv/lib/python3.10/site-packages/airflow/example_dags/example_dynamic_task_mapping.py took 0.053 seconds
[2023-12-17T08:11:42.265+0700] {processor.py:157} INFO - Started process (PID=314222) to work on /home/phuc/Practice/DataScience/DSProject/venv/lib/python3.10/site-packages/airflow/example_dags/example_dynamic_task_mapping.py
[2023-12-17T08:11:42.272+0700] {processor.py:829} INFO - Processing file /home/phuc/Practice/DataScience/DSProject/venv/lib/python3.10/site-packages/airflow/example_dags/example_dynamic_task_mapping.py for tasks to queue
[2023-12-17T08:11:42.272+0700] {logging_mixin.py:154} INFO - [2023-12-17T08:11:42.272+0700] {dagbag.py:536} INFO - Filling up the DagBag from /home/phuc/Practice/DataScience/DSProject/venv/lib/python3.10/site-packages/airflow/example_dags/example_dynamic_task_mapping.py
[2023-12-17T08:11:42.277+0700] {processor.py:839} INFO - DAG(s) dict_keys(['example_dynamic_task_mapping']) retrieved from /home/phuc/Practice/DataScience/DSProject/venv/lib/python3.10/site-packages/airflow/example_dags/example_dynamic_task_mapping.py
[2023-12-17T08:11:42.290+0700] {logging_mixin.py:154} INFO - [2023-12-17T08:11:42.289+0700] {dag.py:2941} INFO - Sync 1 DAGs
[2023-12-17T08:11:42.304+0700] {logging_mixin.py:154} INFO - [2023-12-17T08:11:42.304+0700] {dag.py:3722} INFO - Setting next_dagrun for example_dynamic_task_mapping to 2022-03-04T00:00:00+00:00, run_after=2022-03-05T00:00:00+00:00
[2023-12-17T08:11:42.322+0700] {processor.py:179} INFO - Processing /home/phuc/Practice/DataScience/DSProject/venv/lib/python3.10/site-packages/airflow/example_dags/example_dynamic_task_mapping.py took 0.059 seconds
[2023-12-17T08:12:16.398+0700] {processor.py:157} INFO - Started process (PID=314384) to work on /home/phuc/Practice/DataScience/DSProject/venv/lib/python3.10/site-packages/airflow/example_dags/example_dynamic_task_mapping.py
[2023-12-17T08:12:16.405+0700] {processor.py:829} INFO - Processing file /home/phuc/Practice/DataScience/DSProject/venv/lib/python3.10/site-packages/airflow/example_dags/example_dynamic_task_mapping.py for tasks to queue
[2023-12-17T08:12:16.407+0700] {logging_mixin.py:154} INFO - [2023-12-17T08:12:16.406+0700] {dagbag.py:536} INFO - Filling up the DagBag from /home/phuc/Practice/DataScience/DSProject/venv/lib/python3.10/site-packages/airflow/example_dags/example_dynamic_task_mapping.py
[2023-12-17T08:12:16.416+0700] {processor.py:839} INFO - DAG(s) dict_keys(['example_dynamic_task_mapping']) retrieved from /home/phuc/Practice/DataScience/DSProject/venv/lib/python3.10/site-packages/airflow/example_dags/example_dynamic_task_mapping.py
[2023-12-17T08:12:16.426+0700] {logging_mixin.py:154} INFO - [2023-12-17T08:12:16.426+0700] {dag.py:2941} INFO - Sync 1 DAGs
[2023-12-17T08:12:16.435+0700] {logging_mixin.py:154} INFO - [2023-12-17T08:12:16.435+0700] {dag.py:3722} INFO - Setting next_dagrun for example_dynamic_task_mapping to 2022-03-04T00:00:00+00:00, run_after=2022-03-05T00:00:00+00:00
[2023-12-17T08:12:16.447+0700] {processor.py:179} INFO - Processing /home/phuc/Practice/DataScience/DSProject/venv/lib/python3.10/site-packages/airflow/example_dags/example_dynamic_task_mapping.py took 0.054 seconds
[2023-12-17T08:12:51.853+0700] {processor.py:157} INFO - Started process (PID=314541) to work on /home/phuc/Practice/DataScience/DSProject/venv/lib/python3.10/site-packages/airflow/example_dags/example_dynamic_task_mapping.py
[2023-12-17T08:12:51.860+0700] {processor.py:829} INFO - Processing file /home/phuc/Practice/DataScience/DSProject/venv/lib/python3.10/site-packages/airflow/example_dags/example_dynamic_task_mapping.py for tasks to queue
[2023-12-17T08:12:51.861+0700] {logging_mixin.py:154} INFO - [2023-12-17T08:12:51.860+0700] {dagbag.py:536} INFO - Filling up the DagBag from /home/phuc/Practice/DataScience/DSProject/venv/lib/python3.10/site-packages/airflow/example_dags/example_dynamic_task_mapping.py
[2023-12-17T08:12:51.866+0700] {processor.py:839} INFO - DAG(s) dict_keys(['example_dynamic_task_mapping']) retrieved from /home/phuc/Practice/DataScience/DSProject/venv/lib/python3.10/site-packages/airflow/example_dags/example_dynamic_task_mapping.py
[2023-12-17T08:12:51.879+0700] {logging_mixin.py:154} INFO - [2023-12-17T08:12:51.879+0700] {dag.py:2941} INFO - Sync 1 DAGs
[2023-12-17T08:12:51.893+0700] {logging_mixin.py:154} INFO - [2023-12-17T08:12:51.893+0700] {dag.py:3722} INFO - Setting next_dagrun for example_dynamic_task_mapping to 2022-03-04T00:00:00+00:00, run_after=2022-03-05T00:00:00+00:00
[2023-12-17T08:12:51.910+0700] {processor.py:179} INFO - Processing /home/phuc/Practice/DataScience/DSProject/venv/lib/python3.10/site-packages/airflow/example_dags/example_dynamic_task_mapping.py took 0.060 seconds
[2023-12-17T08:13:34.744+0700] {processor.py:157} INFO - Started process (PID=314783) to work on /home/phuc/Practice/DataScience/DSProject/venv/lib/python3.10/site-packages/airflow/example_dags/example_dynamic_task_mapping.py
[2023-12-17T08:13:34.752+0700] {processor.py:829} INFO - Processing file /home/phuc/Practice/DataScience/DSProject/venv/lib/python3.10/site-packages/airflow/example_dags/example_dynamic_task_mapping.py for tasks to queue
[2023-12-17T08:13:34.754+0700] {logging_mixin.py:154} INFO - [2023-12-17T08:13:34.753+0700] {dagbag.py:536} INFO - Filling up the DagBag from /home/phuc/Practice/DataScience/DSProject/venv/lib/python3.10/site-packages/airflow/example_dags/example_dynamic_task_mapping.py
[2023-12-17T08:13:34.763+0700] {processor.py:839} INFO - DAG(s) dict_keys(['example_dynamic_task_mapping']) retrieved from /home/phuc/Practice/DataScience/DSProject/venv/lib/python3.10/site-packages/airflow/example_dags/example_dynamic_task_mapping.py
[2023-12-17T08:13:34.778+0700] {logging_mixin.py:154} INFO - [2023-12-17T08:13:34.778+0700] {dag.py:2941} INFO - Sync 1 DAGs
[2023-12-17T08:13:34.792+0700] {logging_mixin.py:154} INFO - [2023-12-17T08:13:34.792+0700] {dag.py:3722} INFO - Setting next_dagrun for example_dynamic_task_mapping to 2022-03-04T00:00:00+00:00, run_after=2022-03-05T00:00:00+00:00
[2023-12-17T08:13:34.809+0700] {processor.py:179} INFO - Processing /home/phuc/Practice/DataScience/DSProject/venv/lib/python3.10/site-packages/airflow/example_dags/example_dynamic_task_mapping.py took 0.068 seconds
[2023-12-17T08:14:09.015+0700] {processor.py:157} INFO - Started process (PID=314937) to work on /home/phuc/Practice/DataScience/DSProject/venv/lib/python3.10/site-packages/airflow/example_dags/example_dynamic_task_mapping.py
[2023-12-17T08:14:09.016+0700] {processor.py:829} INFO - Processing file /home/phuc/Practice/DataScience/DSProject/venv/lib/python3.10/site-packages/airflow/example_dags/example_dynamic_task_mapping.py for tasks to queue
[2023-12-17T08:14:09.016+0700] {logging_mixin.py:154} INFO - [2023-12-17T08:14:09.016+0700] {dagbag.py:536} INFO - Filling up the DagBag from /home/phuc/Practice/DataScience/DSProject/venv/lib/python3.10/site-packages/airflow/example_dags/example_dynamic_task_mapping.py
[2023-12-17T08:14:09.023+0700] {processor.py:839} INFO - DAG(s) dict_keys(['example_dynamic_task_mapping']) retrieved from /home/phuc/Practice/DataScience/DSProject/venv/lib/python3.10/site-packages/airflow/example_dags/example_dynamic_task_mapping.py
[2023-12-17T08:14:09.033+0700] {logging_mixin.py:154} INFO - [2023-12-17T08:14:09.033+0700] {dag.py:2941} INFO - Sync 1 DAGs
[2023-12-17T08:14:09.043+0700] {logging_mixin.py:154} INFO - [2023-12-17T08:14:09.043+0700] {dag.py:3722} INFO - Setting next_dagrun for example_dynamic_task_mapping to 2022-03-04T00:00:00+00:00, run_after=2022-03-05T00:00:00+00:00
[2023-12-17T08:14:09.053+0700] {processor.py:179} INFO - Processing /home/phuc/Practice/DataScience/DSProject/venv/lib/python3.10/site-packages/airflow/example_dags/example_dynamic_task_mapping.py took 0.041 seconds
[2023-12-17T08:14:43.028+0700] {processor.py:157} INFO - Started process (PID=315090) to work on /home/phuc/Practice/DataScience/DSProject/venv/lib/python3.10/site-packages/airflow/example_dags/example_dynamic_task_mapping.py
[2023-12-17T08:14:43.029+0700] {processor.py:829} INFO - Processing file /home/phuc/Practice/DataScience/DSProject/venv/lib/python3.10/site-packages/airflow/example_dags/example_dynamic_task_mapping.py for tasks to queue
[2023-12-17T08:14:43.029+0700] {logging_mixin.py:154} INFO - [2023-12-17T08:14:43.029+0700] {dagbag.py:536} INFO - Filling up the DagBag from /home/phuc/Practice/DataScience/DSProject/venv/lib/python3.10/site-packages/airflow/example_dags/example_dynamic_task_mapping.py
[2023-12-17T08:14:43.033+0700] {processor.py:839} INFO - DAG(s) dict_keys(['example_dynamic_task_mapping']) retrieved from /home/phuc/Practice/DataScience/DSProject/venv/lib/python3.10/site-packages/airflow/example_dags/example_dynamic_task_mapping.py
[2023-12-17T08:14:43.043+0700] {logging_mixin.py:154} INFO - [2023-12-17T08:14:43.043+0700] {dag.py:2941} INFO - Sync 1 DAGs
[2023-12-17T08:14:43.053+0700] {logging_mixin.py:154} INFO - [2023-12-17T08:14:43.052+0700] {dag.py:3722} INFO - Setting next_dagrun for example_dynamic_task_mapping to 2022-03-04T00:00:00+00:00, run_after=2022-03-05T00:00:00+00:00
[2023-12-17T08:14:43.064+0700] {processor.py:179} INFO - Processing /home/phuc/Practice/DataScience/DSProject/venv/lib/python3.10/site-packages/airflow/example_dags/example_dynamic_task_mapping.py took 0.039 seconds
[2023-12-17T08:15:20.004+0700] {processor.py:157} INFO - Started process (PID=315251) to work on /home/phuc/Practice/DataScience/DSProject/venv/lib/python3.10/site-packages/airflow/example_dags/example_dynamic_task_mapping.py
[2023-12-17T08:15:20.010+0700] {processor.py:829} INFO - Processing file /home/phuc/Practice/DataScience/DSProject/venv/lib/python3.10/site-packages/airflow/example_dags/example_dynamic_task_mapping.py for tasks to queue
[2023-12-17T08:15:20.012+0700] {logging_mixin.py:154} INFO - [2023-12-17T08:15:20.011+0700] {dagbag.py:536} INFO - Filling up the DagBag from /home/phuc/Practice/DataScience/DSProject/venv/lib/python3.10/site-packages/airflow/example_dags/example_dynamic_task_mapping.py
[2023-12-17T08:15:20.021+0700] {processor.py:839} INFO - DAG(s) dict_keys(['example_dynamic_task_mapping']) retrieved from /home/phuc/Practice/DataScience/DSProject/venv/lib/python3.10/site-packages/airflow/example_dags/example_dynamic_task_mapping.py
[2023-12-17T08:15:20.032+0700] {logging_mixin.py:154} INFO - [2023-12-17T08:15:20.032+0700] {dag.py:2941} INFO - Sync 1 DAGs
[2023-12-17T08:15:20.042+0700] {logging_mixin.py:154} INFO - [2023-12-17T08:15:20.042+0700] {dag.py:3722} INFO - Setting next_dagrun for example_dynamic_task_mapping to 2022-03-04T00:00:00+00:00, run_after=2022-03-05T00:00:00+00:00
[2023-12-17T08:15:20.053+0700] {processor.py:179} INFO - Processing /home/phuc/Practice/DataScience/DSProject/venv/lib/python3.10/site-packages/airflow/example_dags/example_dynamic_task_mapping.py took 0.053 seconds
[2023-12-17T08:15:54.574+0700] {processor.py:157} INFO - Started process (PID=315402) to work on /home/phuc/Practice/DataScience/DSProject/venv/lib/python3.10/site-packages/airflow/example_dags/example_dynamic_task_mapping.py
[2023-12-17T08:15:54.581+0700] {processor.py:829} INFO - Processing file /home/phuc/Practice/DataScience/DSProject/venv/lib/python3.10/site-packages/airflow/example_dags/example_dynamic_task_mapping.py for tasks to queue
[2023-12-17T08:15:54.583+0700] {logging_mixin.py:154} INFO - [2023-12-17T08:15:54.582+0700] {dagbag.py:536} INFO - Filling up the DagBag from /home/phuc/Practice/DataScience/DSProject/venv/lib/python3.10/site-packages/airflow/example_dags/example_dynamic_task_mapping.py
[2023-12-17T08:15:54.593+0700] {processor.py:839} INFO - DAG(s) dict_keys(['example_dynamic_task_mapping']) retrieved from /home/phuc/Practice/DataScience/DSProject/venv/lib/python3.10/site-packages/airflow/example_dags/example_dynamic_task_mapping.py
[2023-12-17T08:15:54.604+0700] {logging_mixin.py:154} INFO - [2023-12-17T08:15:54.604+0700] {dag.py:2941} INFO - Sync 1 DAGs
[2023-12-17T08:15:54.617+0700] {logging_mixin.py:154} INFO - [2023-12-17T08:15:54.617+0700] {dag.py:3722} INFO - Setting next_dagrun for example_dynamic_task_mapping to 2022-03-04T00:00:00+00:00, run_after=2022-03-05T00:00:00+00:00
[2023-12-17T08:15:54.629+0700] {processor.py:179} INFO - Processing /home/phuc/Practice/DataScience/DSProject/venv/lib/python3.10/site-packages/airflow/example_dags/example_dynamic_task_mapping.py took 0.058 seconds
[2023-12-17T08:17:41.189+0700] {processor.py:157} INFO - Started process (PID=316369) to work on /home/phuc/Practice/DataScience/DSProject/venv/lib/python3.10/site-packages/airflow/example_dags/example_dynamic_task_mapping.py
[2023-12-17T08:17:41.196+0700] {processor.py:829} INFO - Processing file /home/phuc/Practice/DataScience/DSProject/venv/lib/python3.10/site-packages/airflow/example_dags/example_dynamic_task_mapping.py for tasks to queue
[2023-12-17T08:17:41.197+0700] {logging_mixin.py:154} INFO - [2023-12-17T08:17:41.196+0700] {dagbag.py:536} INFO - Filling up the DagBag from /home/phuc/Practice/DataScience/DSProject/venv/lib/python3.10/site-packages/airflow/example_dags/example_dynamic_task_mapping.py
[2023-12-17T08:17:41.203+0700] {processor.py:839} INFO - DAG(s) dict_keys(['example_dynamic_task_mapping']) retrieved from /home/phuc/Practice/DataScience/DSProject/venv/lib/python3.10/site-packages/airflow/example_dags/example_dynamic_task_mapping.py
[2023-12-17T08:17:41.217+0700] {logging_mixin.py:154} INFO - [2023-12-17T08:17:41.216+0700] {dag.py:2941} INFO - Sync 1 DAGs
[2023-12-17T08:17:41.226+0700] {logging_mixin.py:154} INFO - [2023-12-17T08:17:41.226+0700] {dag.py:3722} INFO - Setting next_dagrun for example_dynamic_task_mapping to 2022-03-04T00:00:00+00:00, run_after=2022-03-05T00:00:00+00:00
[2023-12-17T08:17:41.237+0700] {processor.py:179} INFO - Processing /home/phuc/Practice/DataScience/DSProject/venv/lib/python3.10/site-packages/airflow/example_dags/example_dynamic_task_mapping.py took 0.050 seconds
[2023-12-17T08:18:27.272+0700] {processor.py:157} INFO - Started process (PID=316568) to work on /home/phuc/Practice/DataScience/DSProject/venv/lib/python3.10/site-packages/airflow/example_dags/example_dynamic_task_mapping.py
[2023-12-17T08:18:27.279+0700] {processor.py:829} INFO - Processing file /home/phuc/Practice/DataScience/DSProject/venv/lib/python3.10/site-packages/airflow/example_dags/example_dynamic_task_mapping.py for tasks to queue
[2023-12-17T08:18:27.279+0700] {logging_mixin.py:154} INFO - [2023-12-17T08:18:27.279+0700] {dagbag.py:536} INFO - Filling up the DagBag from /home/phuc/Practice/DataScience/DSProject/venv/lib/python3.10/site-packages/airflow/example_dags/example_dynamic_task_mapping.py
[2023-12-17T08:18:27.284+0700] {processor.py:839} INFO - DAG(s) dict_keys(['example_dynamic_task_mapping']) retrieved from /home/phuc/Practice/DataScience/DSProject/venv/lib/python3.10/site-packages/airflow/example_dags/example_dynamic_task_mapping.py
[2023-12-17T08:18:27.297+0700] {logging_mixin.py:154} INFO - [2023-12-17T08:18:27.296+0700] {dag.py:2941} INFO - Sync 1 DAGs
[2023-12-17T08:18:27.310+0700] {logging_mixin.py:154} INFO - [2023-12-17T08:18:27.309+0700] {dag.py:3722} INFO - Setting next_dagrun for example_dynamic_task_mapping to 2022-03-04T00:00:00+00:00, run_after=2022-03-05T00:00:00+00:00
[2023-12-17T08:18:27.325+0700] {processor.py:179} INFO - Processing /home/phuc/Practice/DataScience/DSProject/venv/lib/python3.10/site-packages/airflow/example_dags/example_dynamic_task_mapping.py took 0.055 seconds
[2023-12-17T08:19:15.836+0700] {processor.py:157} INFO - Started process (PID=317077) to work on /home/phuc/Practice/DataScience/DSProject/venv/lib/python3.10/site-packages/airflow/example_dags/example_dynamic_task_mapping.py
[2023-12-17T08:19:15.843+0700] {processor.py:829} INFO - Processing file /home/phuc/Practice/DataScience/DSProject/venv/lib/python3.10/site-packages/airflow/example_dags/example_dynamic_task_mapping.py for tasks to queue
[2023-12-17T08:19:15.844+0700] {logging_mixin.py:154} INFO - [2023-12-17T08:19:15.844+0700] {dagbag.py:536} INFO - Filling up the DagBag from /home/phuc/Practice/DataScience/DSProject/venv/lib/python3.10/site-packages/airflow/example_dags/example_dynamic_task_mapping.py
[2023-12-17T08:19:15.849+0700] {processor.py:839} INFO - DAG(s) dict_keys(['example_dynamic_task_mapping']) retrieved from /home/phuc/Practice/DataScience/DSProject/venv/lib/python3.10/site-packages/airflow/example_dags/example_dynamic_task_mapping.py
[2023-12-17T08:19:15.862+0700] {logging_mixin.py:154} INFO - [2023-12-17T08:19:15.862+0700] {dag.py:2941} INFO - Sync 1 DAGs
[2023-12-17T08:19:15.876+0700] {logging_mixin.py:154} INFO - [2023-12-17T08:19:15.876+0700] {dag.py:3722} INFO - Setting next_dagrun for example_dynamic_task_mapping to 2022-03-04T00:00:00+00:00, run_after=2022-03-05T00:00:00+00:00
[2023-12-17T08:19:15.892+0700] {processor.py:179} INFO - Processing /home/phuc/Practice/DataScience/DSProject/venv/lib/python3.10/site-packages/airflow/example_dags/example_dynamic_task_mapping.py took 0.058 seconds
[2023-12-17T08:19:51.194+0700] {processor.py:157} INFO - Started process (PID=317446) to work on /home/phuc/Practice/DataScience/DSProject/venv/lib/python3.10/site-packages/airflow/example_dags/example_dynamic_task_mapping.py
[2023-12-17T08:19:51.201+0700] {processor.py:829} INFO - Processing file /home/phuc/Practice/DataScience/DSProject/venv/lib/python3.10/site-packages/airflow/example_dags/example_dynamic_task_mapping.py for tasks to queue
[2023-12-17T08:19:51.202+0700] {logging_mixin.py:154} INFO - [2023-12-17T08:19:51.202+0700] {dagbag.py:536} INFO - Filling up the DagBag from /home/phuc/Practice/DataScience/DSProject/venv/lib/python3.10/site-packages/airflow/example_dags/example_dynamic_task_mapping.py
[2023-12-17T08:19:51.206+0700] {processor.py:839} INFO - DAG(s) dict_keys(['example_dynamic_task_mapping']) retrieved from /home/phuc/Practice/DataScience/DSProject/venv/lib/python3.10/site-packages/airflow/example_dags/example_dynamic_task_mapping.py
[2023-12-17T08:19:51.218+0700] {logging_mixin.py:154} INFO - [2023-12-17T08:19:51.218+0700] {dag.py:2941} INFO - Sync 1 DAGs
[2023-12-17T08:19:51.231+0700] {logging_mixin.py:154} INFO - [2023-12-17T08:19:51.231+0700] {dag.py:3722} INFO - Setting next_dagrun for example_dynamic_task_mapping to 2022-03-04T00:00:00+00:00, run_after=2022-03-05T00:00:00+00:00
[2023-12-17T08:19:51.245+0700] {processor.py:179} INFO - Processing /home/phuc/Practice/DataScience/DSProject/venv/lib/python3.10/site-packages/airflow/example_dags/example_dynamic_task_mapping.py took 0.053 seconds
[2023-12-17T08:20:29.614+0700] {processor.py:157} INFO - Started process (PID=317863) to work on /home/phuc/Practice/DataScience/DSProject/venv/lib/python3.10/site-packages/airflow/example_dags/example_dynamic_task_mapping.py
[2023-12-17T08:20:29.618+0700] {processor.py:829} INFO - Processing file /home/phuc/Practice/DataScience/DSProject/venv/lib/python3.10/site-packages/airflow/example_dags/example_dynamic_task_mapping.py for tasks to queue
[2023-12-17T08:20:29.619+0700] {logging_mixin.py:154} INFO - [2023-12-17T08:20:29.619+0700] {dagbag.py:536} INFO - Filling up the DagBag from /home/phuc/Practice/DataScience/DSProject/venv/lib/python3.10/site-packages/airflow/example_dags/example_dynamic_task_mapping.py
[2023-12-17T08:20:29.623+0700] {processor.py:839} INFO - DAG(s) dict_keys(['example_dynamic_task_mapping']) retrieved from /home/phuc/Practice/DataScience/DSProject/venv/lib/python3.10/site-packages/airflow/example_dags/example_dynamic_task_mapping.py
[2023-12-17T08:20:29.635+0700] {logging_mixin.py:154} INFO - [2023-12-17T08:20:29.635+0700] {dag.py:2941} INFO - Sync 1 DAGs
[2023-12-17T08:20:29.648+0700] {logging_mixin.py:154} INFO - [2023-12-17T08:20:29.647+0700] {dag.py:3722} INFO - Setting next_dagrun for example_dynamic_task_mapping to 2022-03-04T00:00:00+00:00, run_after=2022-03-05T00:00:00+00:00
[2023-12-17T08:20:29.662+0700] {processor.py:179} INFO - Processing /home/phuc/Practice/DataScience/DSProject/venv/lib/python3.10/site-packages/airflow/example_dags/example_dynamic_task_mapping.py took 0.051 seconds
[2023-12-17T08:21:51.593+0700] {processor.py:157} INFO - Started process (PID=318686) to work on /home/phuc/Practice/DataScience/DSProject/venv/lib/python3.10/site-packages/airflow/example_dags/example_dynamic_task_mapping.py
[2023-12-17T08:21:51.600+0700] {processor.py:829} INFO - Processing file /home/phuc/Practice/DataScience/DSProject/venv/lib/python3.10/site-packages/airflow/example_dags/example_dynamic_task_mapping.py for tasks to queue
[2023-12-17T08:21:51.601+0700] {logging_mixin.py:154} INFO - [2023-12-17T08:21:51.601+0700] {dagbag.py:536} INFO - Filling up the DagBag from /home/phuc/Practice/DataScience/DSProject/venv/lib/python3.10/site-packages/airflow/example_dags/example_dynamic_task_mapping.py
[2023-12-17T08:21:51.605+0700] {processor.py:839} INFO - DAG(s) dict_keys(['example_dynamic_task_mapping']) retrieved from /home/phuc/Practice/DataScience/DSProject/venv/lib/python3.10/site-packages/airflow/example_dags/example_dynamic_task_mapping.py
[2023-12-17T08:21:51.623+0700] {logging_mixin.py:154} INFO - [2023-12-17T08:21:51.623+0700] {dag.py:2941} INFO - Sync 1 DAGs
[2023-12-17T08:21:51.635+0700] {logging_mixin.py:154} INFO - [2023-12-17T08:21:51.635+0700] {dag.py:3722} INFO - Setting next_dagrun for example_dynamic_task_mapping to 2022-03-04T00:00:00+00:00, run_after=2022-03-05T00:00:00+00:00
[2023-12-17T08:21:51.651+0700] {processor.py:179} INFO - Processing /home/phuc/Practice/DataScience/DSProject/venv/lib/python3.10/site-packages/airflow/example_dags/example_dynamic_task_mapping.py took 0.060 seconds
[2023-12-17T08:23:26.676+0700] {processor.py:157} INFO - Started process (PID=319486) to work on /home/phuc/Practice/DataScience/DSProject/venv/lib/python3.10/site-packages/airflow/example_dags/example_dynamic_task_mapping.py
[2023-12-17T08:23:26.683+0700] {processor.py:829} INFO - Processing file /home/phuc/Practice/DataScience/DSProject/venv/lib/python3.10/site-packages/airflow/example_dags/example_dynamic_task_mapping.py for tasks to queue
[2023-12-17T08:23:26.684+0700] {logging_mixin.py:154} INFO - [2023-12-17T08:23:26.684+0700] {dagbag.py:536} INFO - Filling up the DagBag from /home/phuc/Practice/DataScience/DSProject/venv/lib/python3.10/site-packages/airflow/example_dags/example_dynamic_task_mapping.py
[2023-12-17T08:23:26.693+0700] {processor.py:839} INFO - DAG(s) dict_keys(['example_dynamic_task_mapping']) retrieved from /home/phuc/Practice/DataScience/DSProject/venv/lib/python3.10/site-packages/airflow/example_dags/example_dynamic_task_mapping.py
[2023-12-17T08:23:26.717+0700] {logging_mixin.py:154} INFO - [2023-12-17T08:23:26.716+0700] {dag.py:2941} INFO - Sync 1 DAGs
[2023-12-17T08:23:26.735+0700] {logging_mixin.py:154} INFO - [2023-12-17T08:23:26.735+0700] {dag.py:3722} INFO - Setting next_dagrun for example_dynamic_task_mapping to 2022-03-04T00:00:00+00:00, run_after=2022-03-05T00:00:00+00:00
[2023-12-17T08:23:26.757+0700] {processor.py:179} INFO - Processing /home/phuc/Practice/DataScience/DSProject/venv/lib/python3.10/site-packages/airflow/example_dags/example_dynamic_task_mapping.py took 0.083 seconds
[2023-12-17T08:24:06.830+0700] {processor.py:157} INFO - Started process (PID=319727) to work on /home/phuc/Practice/DataScience/DSProject/venv/lib/python3.10/site-packages/airflow/example_dags/example_dynamic_task_mapping.py
[2023-12-17T08:24:06.837+0700] {processor.py:829} INFO - Processing file /home/phuc/Practice/DataScience/DSProject/venv/lib/python3.10/site-packages/airflow/example_dags/example_dynamic_task_mapping.py for tasks to queue
[2023-12-17T08:24:06.839+0700] {logging_mixin.py:154} INFO - [2023-12-17T08:24:06.838+0700] {dagbag.py:536} INFO - Filling up the DagBag from /home/phuc/Practice/DataScience/DSProject/venv/lib/python3.10/site-packages/airflow/example_dags/example_dynamic_task_mapping.py
[2023-12-17T08:24:06.849+0700] {processor.py:839} INFO - DAG(s) dict_keys(['example_dynamic_task_mapping']) retrieved from /home/phuc/Practice/DataScience/DSProject/venv/lib/python3.10/site-packages/airflow/example_dags/example_dynamic_task_mapping.py
[2023-12-17T08:24:06.860+0700] {logging_mixin.py:154} INFO - [2023-12-17T08:24:06.860+0700] {dag.py:2941} INFO - Sync 1 DAGs
[2023-12-17T08:24:06.870+0700] {logging_mixin.py:154} INFO - [2023-12-17T08:24:06.870+0700] {dag.py:3722} INFO - Setting next_dagrun for example_dynamic_task_mapping to 2022-03-04T00:00:00+00:00, run_after=2022-03-05T00:00:00+00:00
[2023-12-17T08:24:06.881+0700] {processor.py:179} INFO - Processing /home/phuc/Practice/DataScience/DSProject/venv/lib/python3.10/site-packages/airflow/example_dags/example_dynamic_task_mapping.py took 0.054 seconds
[2023-12-17T08:24:54.990+0700] {processor.py:157} INFO - Started process (PID=319959) to work on /home/phuc/Practice/DataScience/DSProject/venv/lib/python3.10/site-packages/airflow/example_dags/example_dynamic_task_mapping.py
[2023-12-17T08:24:54.991+0700] {processor.py:829} INFO - Processing file /home/phuc/Practice/DataScience/DSProject/venv/lib/python3.10/site-packages/airflow/example_dags/example_dynamic_task_mapping.py for tasks to queue
[2023-12-17T08:24:54.992+0700] {logging_mixin.py:154} INFO - [2023-12-17T08:24:54.992+0700] {dagbag.py:536} INFO - Filling up the DagBag from /home/phuc/Practice/DataScience/DSProject/venv/lib/python3.10/site-packages/airflow/example_dags/example_dynamic_task_mapping.py
[2023-12-17T08:24:54.998+0700] {processor.py:839} INFO - DAG(s) dict_keys(['example_dynamic_task_mapping']) retrieved from /home/phuc/Practice/DataScience/DSProject/venv/lib/python3.10/site-packages/airflow/example_dags/example_dynamic_task_mapping.py
[2023-12-17T08:24:55.007+0700] {logging_mixin.py:154} INFO - [2023-12-17T08:24:55.007+0700] {dag.py:2941} INFO - Sync 1 DAGs
[2023-12-17T08:24:55.016+0700] {logging_mixin.py:154} INFO - [2023-12-17T08:24:55.016+0700] {dag.py:3722} INFO - Setting next_dagrun for example_dynamic_task_mapping to 2022-03-04T00:00:00+00:00, run_after=2022-03-05T00:00:00+00:00
[2023-12-17T08:24:55.027+0700] {processor.py:179} INFO - Processing /home/phuc/Practice/DataScience/DSProject/venv/lib/python3.10/site-packages/airflow/example_dags/example_dynamic_task_mapping.py took 0.040 seconds
[2023-12-17T08:25:32.883+0700] {processor.py:157} INFO - Started process (PID=320121) to work on /home/phuc/Practice/DataScience/DSProject/venv/lib/python3.10/site-packages/airflow/example_dags/example_dynamic_task_mapping.py
[2023-12-17T08:25:32.890+0700] {processor.py:829} INFO - Processing file /home/phuc/Practice/DataScience/DSProject/venv/lib/python3.10/site-packages/airflow/example_dags/example_dynamic_task_mapping.py for tasks to queue
[2023-12-17T08:25:32.891+0700] {logging_mixin.py:154} INFO - [2023-12-17T08:25:32.891+0700] {dagbag.py:536} INFO - Filling up the DagBag from /home/phuc/Practice/DataScience/DSProject/venv/lib/python3.10/site-packages/airflow/example_dags/example_dynamic_task_mapping.py
[2023-12-17T08:25:32.900+0700] {processor.py:839} INFO - DAG(s) dict_keys(['example_dynamic_task_mapping']) retrieved from /home/phuc/Practice/DataScience/DSProject/venv/lib/python3.10/site-packages/airflow/example_dags/example_dynamic_task_mapping.py
[2023-12-17T08:25:32.912+0700] {logging_mixin.py:154} INFO - [2023-12-17T08:25:32.911+0700] {dag.py:2941} INFO - Sync 1 DAGs
[2023-12-17T08:25:32.922+0700] {logging_mixin.py:154} INFO - [2023-12-17T08:25:32.922+0700] {dag.py:3722} INFO - Setting next_dagrun for example_dynamic_task_mapping to 2022-03-04T00:00:00+00:00, run_after=2022-03-05T00:00:00+00:00
[2023-12-17T08:25:32.939+0700] {processor.py:179} INFO - Processing /home/phuc/Practice/DataScience/DSProject/venv/lib/python3.10/site-packages/airflow/example_dags/example_dynamic_task_mapping.py took 0.058 seconds
[2023-12-17T08:26:04.940+0700] {processor.py:157} INFO - Started process (PID=320255) to work on /home/phuc/Practice/DataScience/DSProject/venv/lib/python3.10/site-packages/airflow/example_dags/example_dynamic_task_mapping.py
[2023-12-17T08:26:04.947+0700] {processor.py:829} INFO - Processing file /home/phuc/Practice/DataScience/DSProject/venv/lib/python3.10/site-packages/airflow/example_dags/example_dynamic_task_mapping.py for tasks to queue
[2023-12-17T08:26:04.948+0700] {logging_mixin.py:154} INFO - [2023-12-17T08:26:04.947+0700] {dagbag.py:536} INFO - Filling up the DagBag from /home/phuc/Practice/DataScience/DSProject/venv/lib/python3.10/site-packages/airflow/example_dags/example_dynamic_task_mapping.py
[2023-12-17T08:26:04.953+0700] {processor.py:839} INFO - DAG(s) dict_keys(['example_dynamic_task_mapping']) retrieved from /home/phuc/Practice/DataScience/DSProject/venv/lib/python3.10/site-packages/airflow/example_dags/example_dynamic_task_mapping.py
[2023-12-17T08:26:04.966+0700] {logging_mixin.py:154} INFO - [2023-12-17T08:26:04.966+0700] {dag.py:2941} INFO - Sync 1 DAGs
[2023-12-17T08:26:04.978+0700] {logging_mixin.py:154} INFO - [2023-12-17T08:26:04.978+0700] {dag.py:3722} INFO - Setting next_dagrun for example_dynamic_task_mapping to 2022-03-04T00:00:00+00:00, run_after=2022-03-05T00:00:00+00:00
[2023-12-17T08:26:04.991+0700] {processor.py:179} INFO - Processing /home/phuc/Practice/DataScience/DSProject/venv/lib/python3.10/site-packages/airflow/example_dags/example_dynamic_task_mapping.py took 0.053 seconds
[2023-12-17T08:26:41.814+0700] {processor.py:157} INFO - Started process (PID=320494) to work on /home/phuc/Practice/DataScience/DSProject/venv/lib/python3.10/site-packages/airflow/example_dags/example_dynamic_task_mapping.py
[2023-12-17T08:26:41.821+0700] {processor.py:829} INFO - Processing file /home/phuc/Practice/DataScience/DSProject/venv/lib/python3.10/site-packages/airflow/example_dags/example_dynamic_task_mapping.py for tasks to queue
[2023-12-17T08:26:41.822+0700] {logging_mixin.py:154} INFO - [2023-12-17T08:26:41.822+0700] {dagbag.py:536} INFO - Filling up the DagBag from /home/phuc/Practice/DataScience/DSProject/venv/lib/python3.10/site-packages/airflow/example_dags/example_dynamic_task_mapping.py
[2023-12-17T08:26:41.831+0700] {processor.py:839} INFO - DAG(s) dict_keys(['example_dynamic_task_mapping']) retrieved from /home/phuc/Practice/DataScience/DSProject/venv/lib/python3.10/site-packages/airflow/example_dags/example_dynamic_task_mapping.py
[2023-12-17T08:26:41.842+0700] {logging_mixin.py:154} INFO - [2023-12-17T08:26:41.842+0700] {dag.py:2941} INFO - Sync 1 DAGs
[2023-12-17T08:26:41.853+0700] {logging_mixin.py:154} INFO - [2023-12-17T08:26:41.853+0700] {dag.py:3722} INFO - Setting next_dagrun for example_dynamic_task_mapping to 2022-03-04T00:00:00+00:00, run_after=2022-03-05T00:00:00+00:00
[2023-12-17T08:26:41.869+0700] {processor.py:179} INFO - Processing /home/phuc/Practice/DataScience/DSProject/venv/lib/python3.10/site-packages/airflow/example_dags/example_dynamic_task_mapping.py took 0.057 seconds
[2023-12-17T08:27:15.902+0700] {processor.py:157} INFO - Started process (PID=320648) to work on /home/phuc/Practice/DataScience/DSProject/venv/lib/python3.10/site-packages/airflow/example_dags/example_dynamic_task_mapping.py
[2023-12-17T08:27:15.910+0700] {processor.py:829} INFO - Processing file /home/phuc/Practice/DataScience/DSProject/venv/lib/python3.10/site-packages/airflow/example_dags/example_dynamic_task_mapping.py for tasks to queue
[2023-12-17T08:27:15.911+0700] {logging_mixin.py:154} INFO - [2023-12-17T08:27:15.910+0700] {dagbag.py:536} INFO - Filling up the DagBag from /home/phuc/Practice/DataScience/DSProject/venv/lib/python3.10/site-packages/airflow/example_dags/example_dynamic_task_mapping.py
[2023-12-17T08:27:15.919+0700] {processor.py:839} INFO - DAG(s) dict_keys(['example_dynamic_task_mapping']) retrieved from /home/phuc/Practice/DataScience/DSProject/venv/lib/python3.10/site-packages/airflow/example_dags/example_dynamic_task_mapping.py
[2023-12-17T08:27:15.931+0700] {logging_mixin.py:154} INFO - [2023-12-17T08:27:15.930+0700] {dag.py:2941} INFO - Sync 1 DAGs
[2023-12-17T08:27:15.941+0700] {logging_mixin.py:154} INFO - [2023-12-17T08:27:15.941+0700] {dag.py:3722} INFO - Setting next_dagrun for example_dynamic_task_mapping to 2022-03-04T00:00:00+00:00, run_after=2022-03-05T00:00:00+00:00
[2023-12-17T08:27:15.953+0700] {processor.py:179} INFO - Processing /home/phuc/Practice/DataScience/DSProject/venv/lib/python3.10/site-packages/airflow/example_dags/example_dynamic_task_mapping.py took 0.055 seconds
[2023-12-17T08:27:49.608+0700] {processor.py:157} INFO - Started process (PID=320803) to work on /home/phuc/Practice/DataScience/DSProject/venv/lib/python3.10/site-packages/airflow/example_dags/example_dynamic_task_mapping.py
[2023-12-17T08:27:49.615+0700] {processor.py:829} INFO - Processing file /home/phuc/Practice/DataScience/DSProject/venv/lib/python3.10/site-packages/airflow/example_dags/example_dynamic_task_mapping.py for tasks to queue
[2023-12-17T08:27:49.616+0700] {logging_mixin.py:154} INFO - [2023-12-17T08:27:49.616+0700] {dagbag.py:536} INFO - Filling up the DagBag from /home/phuc/Practice/DataScience/DSProject/venv/lib/python3.10/site-packages/airflow/example_dags/example_dynamic_task_mapping.py
[2023-12-17T08:27:49.621+0700] {processor.py:839} INFO - DAG(s) dict_keys(['example_dynamic_task_mapping']) retrieved from /home/phuc/Practice/DataScience/DSProject/venv/lib/python3.10/site-packages/airflow/example_dags/example_dynamic_task_mapping.py
[2023-12-17T08:27:49.632+0700] {logging_mixin.py:154} INFO - [2023-12-17T08:27:49.632+0700] {dag.py:2941} INFO - Sync 1 DAGs
[2023-12-17T08:27:49.643+0700] {logging_mixin.py:154} INFO - [2023-12-17T08:27:49.643+0700] {dag.py:3722} INFO - Setting next_dagrun for example_dynamic_task_mapping to 2022-03-04T00:00:00+00:00, run_after=2022-03-05T00:00:00+00:00
[2023-12-17T08:27:49.657+0700] {processor.py:179} INFO - Processing /home/phuc/Practice/DataScience/DSProject/venv/lib/python3.10/site-packages/airflow/example_dags/example_dynamic_task_mapping.py took 0.052 seconds
[2023-12-17T08:28:37.498+0700] {processor.py:157} INFO - Started process (PID=321000) to work on /home/phuc/Practice/DataScience/DSProject/venv/lib/python3.10/site-packages/airflow/example_dags/example_dynamic_task_mapping.py
[2023-12-17T08:28:37.500+0700] {processor.py:829} INFO - Processing file /home/phuc/Practice/DataScience/DSProject/venv/lib/python3.10/site-packages/airflow/example_dags/example_dynamic_task_mapping.py for tasks to queue
[2023-12-17T08:28:37.500+0700] {logging_mixin.py:154} INFO - [2023-12-17T08:28:37.500+0700] {dagbag.py:536} INFO - Filling up the DagBag from /home/phuc/Practice/DataScience/DSProject/venv/lib/python3.10/site-packages/airflow/example_dags/example_dynamic_task_mapping.py
[2023-12-17T08:28:37.506+0700] {processor.py:839} INFO - DAG(s) dict_keys(['example_dynamic_task_mapping']) retrieved from /home/phuc/Practice/DataScience/DSProject/venv/lib/python3.10/site-packages/airflow/example_dags/example_dynamic_task_mapping.py
[2023-12-17T08:28:37.517+0700] {logging_mixin.py:154} INFO - [2023-12-17T08:28:37.517+0700] {dag.py:2941} INFO - Sync 1 DAGs
[2023-12-17T08:28:37.526+0700] {logging_mixin.py:154} INFO - [2023-12-17T08:28:37.526+0700] {dag.py:3722} INFO - Setting next_dagrun for example_dynamic_task_mapping to 2022-03-04T00:00:00+00:00, run_after=2022-03-05T00:00:00+00:00
[2023-12-17T08:28:37.538+0700] {processor.py:179} INFO - Processing /home/phuc/Practice/DataScience/DSProject/venv/lib/python3.10/site-packages/airflow/example_dags/example_dynamic_task_mapping.py took 0.042 seconds
[2023-12-17T08:29:25.605+0700] {processor.py:157} INFO - Started process (PID=321225) to work on /home/phuc/Practice/DataScience/DSProject/venv/lib/python3.10/site-packages/airflow/example_dags/example_dynamic_task_mapping.py
[2023-12-17T08:29:25.612+0700] {processor.py:829} INFO - Processing file /home/phuc/Practice/DataScience/DSProject/venv/lib/python3.10/site-packages/airflow/example_dags/example_dynamic_task_mapping.py for tasks to queue
[2023-12-17T08:29:25.614+0700] {logging_mixin.py:154} INFO - [2023-12-17T08:29:25.613+0700] {dagbag.py:536} INFO - Filling up the DagBag from /home/phuc/Practice/DataScience/DSProject/venv/lib/python3.10/site-packages/airflow/example_dags/example_dynamic_task_mapping.py
[2023-12-17T08:29:25.623+0700] {processor.py:839} INFO - DAG(s) dict_keys(['example_dynamic_task_mapping']) retrieved from /home/phuc/Practice/DataScience/DSProject/venv/lib/python3.10/site-packages/airflow/example_dags/example_dynamic_task_mapping.py
[2023-12-17T08:29:25.633+0700] {logging_mixin.py:154} INFO - [2023-12-17T08:29:25.632+0700] {dag.py:2941} INFO - Sync 1 DAGs
[2023-12-17T08:29:25.640+0700] {logging_mixin.py:154} INFO - [2023-12-17T08:29:25.640+0700] {dag.py:3722} INFO - Setting next_dagrun for example_dynamic_task_mapping to 2022-03-04T00:00:00+00:00, run_after=2022-03-05T00:00:00+00:00
[2023-12-17T08:29:25.649+0700] {processor.py:179} INFO - Processing /home/phuc/Practice/DataScience/DSProject/venv/lib/python3.10/site-packages/airflow/example_dags/example_dynamic_task_mapping.py took 0.048 seconds
[2023-12-17T08:30:00.139+0700] {processor.py:157} INFO - Started process (PID=321365) to work on /home/phuc/Practice/DataScience/DSProject/venv/lib/python3.10/site-packages/airflow/example_dags/example_dynamic_task_mapping.py
[2023-12-17T08:30:00.146+0700] {processor.py:829} INFO - Processing file /home/phuc/Practice/DataScience/DSProject/venv/lib/python3.10/site-packages/airflow/example_dags/example_dynamic_task_mapping.py for tasks to queue
[2023-12-17T08:30:00.147+0700] {logging_mixin.py:154} INFO - [2023-12-17T08:30:00.147+0700] {dagbag.py:536} INFO - Filling up the DagBag from /home/phuc/Practice/DataScience/DSProject/venv/lib/python3.10/site-packages/airflow/example_dags/example_dynamic_task_mapping.py
[2023-12-17T08:30:00.156+0700] {processor.py:839} INFO - DAG(s) dict_keys(['example_dynamic_task_mapping']) retrieved from /home/phuc/Practice/DataScience/DSProject/venv/lib/python3.10/site-packages/airflow/example_dags/example_dynamic_task_mapping.py
[2023-12-17T08:30:00.168+0700] {logging_mixin.py:154} INFO - [2023-12-17T08:30:00.167+0700] {dag.py:2941} INFO - Sync 1 DAGs
[2023-12-17T08:30:00.176+0700] {logging_mixin.py:154} INFO - [2023-12-17T08:30:00.175+0700] {dag.py:3722} INFO - Setting next_dagrun for example_dynamic_task_mapping to 2022-03-04T00:00:00+00:00, run_after=2022-03-05T00:00:00+00:00
[2023-12-17T08:30:00.185+0700] {processor.py:179} INFO - Processing /home/phuc/Practice/DataScience/DSProject/venv/lib/python3.10/site-packages/airflow/example_dags/example_dynamic_task_mapping.py took 0.048 seconds
[2023-12-17T08:30:33.562+0700] {processor.py:157} INFO - Started process (PID=321545) to work on /home/phuc/Practice/DataScience/DSProject/venv/lib/python3.10/site-packages/airflow/example_dags/example_dynamic_task_mapping.py
[2023-12-17T08:30:33.568+0700] {processor.py:829} INFO - Processing file /home/phuc/Practice/DataScience/DSProject/venv/lib/python3.10/site-packages/airflow/example_dags/example_dynamic_task_mapping.py for tasks to queue
[2023-12-17T08:30:33.569+0700] {logging_mixin.py:154} INFO - [2023-12-17T08:30:33.569+0700] {dagbag.py:536} INFO - Filling up the DagBag from /home/phuc/Practice/DataScience/DSProject/venv/lib/python3.10/site-packages/airflow/example_dags/example_dynamic_task_mapping.py
[2023-12-17T08:30:33.572+0700] {processor.py:839} INFO - DAG(s) dict_keys(['example_dynamic_task_mapping']) retrieved from /home/phuc/Practice/DataScience/DSProject/venv/lib/python3.10/site-packages/airflow/example_dags/example_dynamic_task_mapping.py
[2023-12-17T08:30:33.581+0700] {logging_mixin.py:154} INFO - [2023-12-17T08:30:33.581+0700] {dag.py:2941} INFO - Sync 1 DAGs
[2023-12-17T08:30:33.590+0700] {logging_mixin.py:154} INFO - [2023-12-17T08:30:33.590+0700] {dag.py:3722} INFO - Setting next_dagrun for example_dynamic_task_mapping to 2022-03-04T00:00:00+00:00, run_after=2022-03-05T00:00:00+00:00
[2023-12-17T08:30:33.600+0700] {processor.py:179} INFO - Processing /home/phuc/Practice/DataScience/DSProject/venv/lib/python3.10/site-packages/airflow/example_dags/example_dynamic_task_mapping.py took 0.040 seconds
[2023-12-17T08:31:08.259+0700] {processor.py:157} INFO - Started process (PID=321720) to work on /home/phuc/Practice/DataScience/DSProject/venv/lib/python3.10/site-packages/airflow/example_dags/example_dynamic_task_mapping.py
[2023-12-17T08:31:08.266+0700] {processor.py:829} INFO - Processing file /home/phuc/Practice/DataScience/DSProject/venv/lib/python3.10/site-packages/airflow/example_dags/example_dynamic_task_mapping.py for tasks to queue
[2023-12-17T08:31:08.266+0700] {logging_mixin.py:154} INFO - [2023-12-17T08:31:08.266+0700] {dagbag.py:536} INFO - Filling up the DagBag from /home/phuc/Practice/DataScience/DSProject/venv/lib/python3.10/site-packages/airflow/example_dags/example_dynamic_task_mapping.py
[2023-12-17T08:31:08.270+0700] {processor.py:839} INFO - DAG(s) dict_keys(['example_dynamic_task_mapping']) retrieved from /home/phuc/Practice/DataScience/DSProject/venv/lib/python3.10/site-packages/airflow/example_dags/example_dynamic_task_mapping.py
[2023-12-17T08:31:08.278+0700] {logging_mixin.py:154} INFO - [2023-12-17T08:31:08.278+0700] {dag.py:2941} INFO - Sync 1 DAGs
[2023-12-17T08:31:08.286+0700] {logging_mixin.py:154} INFO - [2023-12-17T08:31:08.286+0700] {dag.py:3722} INFO - Setting next_dagrun for example_dynamic_task_mapping to 2022-03-04T00:00:00+00:00, run_after=2022-03-05T00:00:00+00:00
[2023-12-17T08:31:08.296+0700] {processor.py:179} INFO - Processing /home/phuc/Practice/DataScience/DSProject/venv/lib/python3.10/site-packages/airflow/example_dags/example_dynamic_task_mapping.py took 0.038 seconds
[2023-12-17T08:31:43.032+0700] {processor.py:157} INFO - Started process (PID=322020) to work on /home/phuc/Practice/DataScience/DSProject/venv/lib/python3.10/site-packages/airflow/example_dags/example_dynamic_task_mapping.py
[2023-12-17T08:31:43.039+0700] {processor.py:829} INFO - Processing file /home/phuc/Practice/DataScience/DSProject/venv/lib/python3.10/site-packages/airflow/example_dags/example_dynamic_task_mapping.py for tasks to queue
[2023-12-17T08:31:43.040+0700] {logging_mixin.py:154} INFO - [2023-12-17T08:31:43.039+0700] {dagbag.py:536} INFO - Filling up the DagBag from /home/phuc/Practice/DataScience/DSProject/venv/lib/python3.10/site-packages/airflow/example_dags/example_dynamic_task_mapping.py
[2023-12-17T08:31:43.046+0700] {processor.py:839} INFO - DAG(s) dict_keys(['example_dynamic_task_mapping']) retrieved from /home/phuc/Practice/DataScience/DSProject/venv/lib/python3.10/site-packages/airflow/example_dags/example_dynamic_task_mapping.py
[2023-12-17T08:31:43.055+0700] {logging_mixin.py:154} INFO - [2023-12-17T08:31:43.055+0700] {dag.py:2941} INFO - Sync 1 DAGs
[2023-12-17T08:31:43.064+0700] {logging_mixin.py:154} INFO - [2023-12-17T08:31:43.064+0700] {dag.py:3722} INFO - Setting next_dagrun for example_dynamic_task_mapping to 2022-03-04T00:00:00+00:00, run_after=2022-03-05T00:00:00+00:00
[2023-12-17T08:31:43.073+0700] {processor.py:179} INFO - Processing /home/phuc/Practice/DataScience/DSProject/venv/lib/python3.10/site-packages/airflow/example_dags/example_dynamic_task_mapping.py took 0.044 seconds
[2023-12-17T08:32:44.494+0700] {processor.py:157} INFO - Started process (PID=322987) to work on /home/phuc/Practice/DataScience/DSProject/venv/lib/python3.10/site-packages/airflow/example_dags/example_dynamic_task_mapping.py
[2023-12-17T08:32:44.501+0700] {processor.py:829} INFO - Processing file /home/phuc/Practice/DataScience/DSProject/venv/lib/python3.10/site-packages/airflow/example_dags/example_dynamic_task_mapping.py for tasks to queue
[2023-12-17T08:32:44.502+0700] {logging_mixin.py:154} INFO - [2023-12-17T08:32:44.501+0700] {dagbag.py:536} INFO - Filling up the DagBag from /home/phuc/Practice/DataScience/DSProject/venv/lib/python3.10/site-packages/airflow/example_dags/example_dynamic_task_mapping.py
[2023-12-17T08:32:44.505+0700] {processor.py:839} INFO - DAG(s) dict_keys(['example_dynamic_task_mapping']) retrieved from /home/phuc/Practice/DataScience/DSProject/venv/lib/python3.10/site-packages/airflow/example_dags/example_dynamic_task_mapping.py
[2023-12-17T08:32:44.514+0700] {logging_mixin.py:154} INFO - [2023-12-17T08:32:44.514+0700] {dag.py:2941} INFO - Sync 1 DAGs
[2023-12-17T08:32:44.525+0700] {logging_mixin.py:154} INFO - [2023-12-17T08:32:44.524+0700] {dag.py:3722} INFO - Setting next_dagrun for example_dynamic_task_mapping to 2022-03-04T00:00:00+00:00, run_after=2022-03-05T00:00:00+00:00
[2023-12-17T08:32:44.535+0700] {processor.py:179} INFO - Processing /home/phuc/Practice/DataScience/DSProject/venv/lib/python3.10/site-packages/airflow/example_dags/example_dynamic_task_mapping.py took 0.043 seconds
[2023-12-17T08:33:25.773+0700] {processor.py:157} INFO - Started process (PID=323182) to work on /home/phuc/Practice/DataScience/DSProject/venv/lib/python3.10/site-packages/airflow/example_dags/example_dynamic_task_mapping.py
[2023-12-17T08:33:25.774+0700] {processor.py:829} INFO - Processing file /home/phuc/Practice/DataScience/DSProject/venv/lib/python3.10/site-packages/airflow/example_dags/example_dynamic_task_mapping.py for tasks to queue
[2023-12-17T08:33:25.774+0700] {logging_mixin.py:154} INFO - [2023-12-17T08:33:25.774+0700] {dagbag.py:536} INFO - Filling up the DagBag from /home/phuc/Practice/DataScience/DSProject/venv/lib/python3.10/site-packages/airflow/example_dags/example_dynamic_task_mapping.py
[2023-12-17T08:33:25.777+0700] {processor.py:839} INFO - DAG(s) dict_keys(['example_dynamic_task_mapping']) retrieved from /home/phuc/Practice/DataScience/DSProject/venv/lib/python3.10/site-packages/airflow/example_dags/example_dynamic_task_mapping.py
[2023-12-17T08:33:25.787+0700] {logging_mixin.py:154} INFO - [2023-12-17T08:33:25.787+0700] {dag.py:2941} INFO - Sync 1 DAGs
[2023-12-17T08:33:25.796+0700] {logging_mixin.py:154} INFO - [2023-12-17T08:33:25.796+0700] {dag.py:3722} INFO - Setting next_dagrun for example_dynamic_task_mapping to 2022-03-04T00:00:00+00:00, run_after=2022-03-05T00:00:00+00:00
[2023-12-17T08:33:25.806+0700] {processor.py:179} INFO - Processing /home/phuc/Practice/DataScience/DSProject/venv/lib/python3.10/site-packages/airflow/example_dags/example_dynamic_task_mapping.py took 0.035 seconds
[2023-12-17T08:34:15.689+0700] {processor.py:157} INFO - Started process (PID=323534) to work on /home/phuc/Practice/DataScience/DSProject/venv/lib/python3.10/site-packages/airflow/example_dags/example_dynamic_task_mapping.py
[2023-12-17T08:34:15.696+0700] {processor.py:829} INFO - Processing file /home/phuc/Practice/DataScience/DSProject/venv/lib/python3.10/site-packages/airflow/example_dags/example_dynamic_task_mapping.py for tasks to queue
[2023-12-17T08:34:15.698+0700] {logging_mixin.py:154} INFO - [2023-12-17T08:34:15.697+0700] {dagbag.py:536} INFO - Filling up the DagBag from /home/phuc/Practice/DataScience/DSProject/venv/lib/python3.10/site-packages/airflow/example_dags/example_dynamic_task_mapping.py
[2023-12-17T08:34:15.706+0700] {processor.py:839} INFO - DAG(s) dict_keys(['example_dynamic_task_mapping']) retrieved from /home/phuc/Practice/DataScience/DSProject/venv/lib/python3.10/site-packages/airflow/example_dags/example_dynamic_task_mapping.py
[2023-12-17T08:34:15.716+0700] {logging_mixin.py:154} INFO - [2023-12-17T08:34:15.716+0700] {dag.py:2941} INFO - Sync 1 DAGs
[2023-12-17T08:34:15.724+0700] {logging_mixin.py:154} INFO - [2023-12-17T08:34:15.724+0700] {dag.py:3722} INFO - Setting next_dagrun for example_dynamic_task_mapping to 2022-03-04T00:00:00+00:00, run_after=2022-03-05T00:00:00+00:00
[2023-12-17T08:34:15.733+0700] {processor.py:179} INFO - Processing /home/phuc/Practice/DataScience/DSProject/venv/lib/python3.10/site-packages/airflow/example_dags/example_dynamic_task_mapping.py took 0.049 seconds
[2023-12-17T08:34:51.496+0700] {processor.py:157} INFO - Started process (PID=323882) to work on /home/phuc/Practice/DataScience/DSProject/venv/lib/python3.10/site-packages/airflow/example_dags/example_dynamic_task_mapping.py
[2023-12-17T08:34:51.503+0700] {processor.py:829} INFO - Processing file /home/phuc/Practice/DataScience/DSProject/venv/lib/python3.10/site-packages/airflow/example_dags/example_dynamic_task_mapping.py for tasks to queue
[2023-12-17T08:34:51.503+0700] {logging_mixin.py:154} INFO - [2023-12-17T08:34:51.503+0700] {dagbag.py:536} INFO - Filling up the DagBag from /home/phuc/Practice/DataScience/DSProject/venv/lib/python3.10/site-packages/airflow/example_dags/example_dynamic_task_mapping.py
[2023-12-17T08:34:51.509+0700] {processor.py:839} INFO - DAG(s) dict_keys(['example_dynamic_task_mapping']) retrieved from /home/phuc/Practice/DataScience/DSProject/venv/lib/python3.10/site-packages/airflow/example_dags/example_dynamic_task_mapping.py
[2023-12-17T08:34:51.520+0700] {logging_mixin.py:154} INFO - [2023-12-17T08:34:51.519+0700] {dag.py:2941} INFO - Sync 1 DAGs
[2023-12-17T08:34:51.530+0700] {logging_mixin.py:154} INFO - [2023-12-17T08:34:51.530+0700] {dag.py:3722} INFO - Setting next_dagrun for example_dynamic_task_mapping to 2022-03-04T00:00:00+00:00, run_after=2022-03-05T00:00:00+00:00
[2023-12-17T08:34:51.540+0700] {processor.py:179} INFO - Processing /home/phuc/Practice/DataScience/DSProject/venv/lib/python3.10/site-packages/airflow/example_dags/example_dynamic_task_mapping.py took 0.046 seconds
[2023-12-17T08:35:27.810+0700] {processor.py:157} INFO - Started process (PID=324085) to work on /home/phuc/Practice/DataScience/DSProject/venv/lib/python3.10/site-packages/airflow/example_dags/example_dynamic_task_mapping.py
[2023-12-17T08:35:27.816+0700] {processor.py:829} INFO - Processing file /home/phuc/Practice/DataScience/DSProject/venv/lib/python3.10/site-packages/airflow/example_dags/example_dynamic_task_mapping.py for tasks to queue
[2023-12-17T08:35:27.818+0700] {logging_mixin.py:154} INFO - [2023-12-17T08:35:27.817+0700] {dagbag.py:536} INFO - Filling up the DagBag from /home/phuc/Practice/DataScience/DSProject/venv/lib/python3.10/site-packages/airflow/example_dags/example_dynamic_task_mapping.py
[2023-12-17T08:35:27.823+0700] {processor.py:839} INFO - DAG(s) dict_keys(['example_dynamic_task_mapping']) retrieved from /home/phuc/Practice/DataScience/DSProject/venv/lib/python3.10/site-packages/airflow/example_dags/example_dynamic_task_mapping.py
[2023-12-17T08:35:27.831+0700] {logging_mixin.py:154} INFO - [2023-12-17T08:35:27.831+0700] {dag.py:2941} INFO - Sync 1 DAGs
[2023-12-17T08:35:27.839+0700] {logging_mixin.py:154} INFO - [2023-12-17T08:35:27.839+0700] {dag.py:3722} INFO - Setting next_dagrun for example_dynamic_task_mapping to 2022-03-04T00:00:00+00:00, run_after=2022-03-05T00:00:00+00:00
[2023-12-17T08:35:27.848+0700] {processor.py:179} INFO - Processing /home/phuc/Practice/DataScience/DSProject/venv/lib/python3.10/site-packages/airflow/example_dags/example_dynamic_task_mapping.py took 0.040 seconds
