[2023-12-17T08:03:50.237+0700] {processor.py:157} INFO - Started process (PID=309969) to work on /home/phuc/Practice/DataScience/DSProject/venv/lib/python3.10/site-packages/airflow/example_dags/example_branch_operator_decorator.py
[2023-12-17T08:03:50.237+0700] {processor.py:829} INFO - Processing file /home/phuc/Practice/DataScience/DSProject/venv/lib/python3.10/site-packages/airflow/example_dags/example_branch_operator_decorator.py for tasks to queue
[2023-12-17T08:03:50.238+0700] {logging_mixin.py:154} INFO - [2023-12-17T08:03:50.238+0700] {dagbag.py:536} INFO - Filling up the DagBag from /home/phuc/Practice/DataScience/DSProject/venv/lib/python3.10/site-packages/airflow/example_dags/example_branch_operator_decorator.py
[2023-12-17T08:03:50.248+0700] {processor.py:839} INFO - DAG(s) dict_keys(['example_branch_python_operator_decorator']) retrieved from /home/phuc/Practice/DataScience/DSProject/venv/lib/python3.10/site-packages/airflow/example_dags/example_branch_operator_decorator.py
[2023-12-17T08:03:50.344+0700] {logging_mixin.py:154} INFO - [2023-12-17T08:03:50.344+0700] {manager.py:499} INFO - Created Permission View: %s
[2023-12-17T08:03:50.355+0700] {logging_mixin.py:154} INFO - [2023-12-17T08:03:50.355+0700] {manager.py:499} INFO - Created Permission View: %s
[2023-12-17T08:03:50.364+0700] {logging_mixin.py:154} INFO - [2023-12-17T08:03:50.364+0700] {manager.py:499} INFO - Created Permission View: %s
[2023-12-17T08:03:50.365+0700] {logging_mixin.py:154} INFO - [2023-12-17T08:03:50.365+0700] {dag.py:2941} INFO - Sync 1 DAGs
[2023-12-17T08:03:50.377+0700] {logging_mixin.py:154} INFO - [2023-12-17T08:03:50.377+0700] {dag.py:2963} INFO - Creating ORM DAG for example_branch_python_operator_decorator
[2023-12-17T08:03:50.388+0700] {logging_mixin.py:154} INFO - [2023-12-17T08:03:50.388+0700] {dag.py:3722} INFO - Setting next_dagrun for example_branch_python_operator_decorator to 2023-12-16T00:00:00+00:00, run_after=2023-12-17T00:00:00+00:00
[2023-12-17T08:03:50.406+0700] {processor.py:179} INFO - Processing /home/phuc/Practice/DataScience/DSProject/venv/lib/python3.10/site-packages/airflow/example_dags/example_branch_operator_decorator.py took 0.173 seconds
[2023-12-17T08:06:04.605+0700] {processor.py:157} INFO - Started process (PID=311272) to work on /home/phuc/Practice/DataScience/DSProject/venv/lib/python3.10/site-packages/airflow/example_dags/example_branch_operator_decorator.py
[2023-12-17T08:06:04.612+0700] {processor.py:829} INFO - Processing file /home/phuc/Practice/DataScience/DSProject/venv/lib/python3.10/site-packages/airflow/example_dags/example_branch_operator_decorator.py for tasks to queue
[2023-12-17T08:06:04.613+0700] {logging_mixin.py:154} INFO - [2023-12-17T08:06:04.613+0700] {dagbag.py:536} INFO - Filling up the DagBag from /home/phuc/Practice/DataScience/DSProject/venv/lib/python3.10/site-packages/airflow/example_dags/example_branch_operator_decorator.py
[2023-12-17T08:06:04.626+0700] {processor.py:839} INFO - DAG(s) dict_keys(['example_branch_python_operator_decorator']) retrieved from /home/phuc/Practice/DataScience/DSProject/venv/lib/python3.10/site-packages/airflow/example_dags/example_branch_operator_decorator.py
[2023-12-17T08:06:04.640+0700] {logging_mixin.py:154} INFO - [2023-12-17T08:06:04.640+0700] {dag.py:2941} INFO - Sync 1 DAGs
[2023-12-17T08:06:04.653+0700] {logging_mixin.py:154} INFO - [2023-12-17T08:06:04.653+0700] {dag.py:3722} INFO - Setting next_dagrun for example_branch_python_operator_decorator to 2023-12-16T00:00:00+00:00, run_after=2023-12-17T00:00:00+00:00
[2023-12-17T08:06:04.667+0700] {processor.py:179} INFO - Processing /home/phuc/Practice/DataScience/DSProject/venv/lib/python3.10/site-packages/airflow/example_dags/example_branch_operator_decorator.py took 0.065 seconds
[2023-12-17T08:07:00.163+0700] {processor.py:157} INFO - Started process (PID=311868) to work on /home/phuc/Practice/DataScience/DSProject/venv/lib/python3.10/site-packages/airflow/example_dags/example_branch_operator_decorator.py
[2023-12-17T08:07:00.164+0700] {processor.py:829} INFO - Processing file /home/phuc/Practice/DataScience/DSProject/venv/lib/python3.10/site-packages/airflow/example_dags/example_branch_operator_decorator.py for tasks to queue
[2023-12-17T08:07:00.164+0700] {logging_mixin.py:154} INFO - [2023-12-17T08:07:00.164+0700] {dagbag.py:536} INFO - Filling up the DagBag from /home/phuc/Practice/DataScience/DSProject/venv/lib/python3.10/site-packages/airflow/example_dags/example_branch_operator_decorator.py
[2023-12-17T08:07:00.172+0700] {processor.py:839} INFO - DAG(s) dict_keys(['example_branch_python_operator_decorator']) retrieved from /home/phuc/Practice/DataScience/DSProject/venv/lib/python3.10/site-packages/airflow/example_dags/example_branch_operator_decorator.py
[2023-12-17T08:07:00.184+0700] {logging_mixin.py:154} INFO - [2023-12-17T08:07:00.184+0700] {dag.py:2941} INFO - Sync 1 DAGs
[2023-12-17T08:07:00.197+0700] {logging_mixin.py:154} INFO - [2023-12-17T08:07:00.197+0700] {dag.py:3722} INFO - Setting next_dagrun for example_branch_python_operator_decorator to 2023-12-16T00:00:00+00:00, run_after=2023-12-17T00:00:00+00:00
[2023-12-17T08:07:00.213+0700] {processor.py:179} INFO - Processing /home/phuc/Practice/DataScience/DSProject/venv/lib/python3.10/site-packages/airflow/example_dags/example_branch_operator_decorator.py took 0.053 seconds
[2023-12-17T08:08:53.566+0700] {processor.py:157} INFO - Started process (PID=313227) to work on /home/phuc/Practice/DataScience/DSProject/venv/lib/python3.10/site-packages/airflow/example_dags/example_branch_operator_decorator.py
[2023-12-17T08:08:53.573+0700] {processor.py:829} INFO - Processing file /home/phuc/Practice/DataScience/DSProject/venv/lib/python3.10/site-packages/airflow/example_dags/example_branch_operator_decorator.py for tasks to queue
[2023-12-17T08:08:53.574+0700] {logging_mixin.py:154} INFO - [2023-12-17T08:08:53.573+0700] {dagbag.py:536} INFO - Filling up the DagBag from /home/phuc/Practice/DataScience/DSProject/venv/lib/python3.10/site-packages/airflow/example_dags/example_branch_operator_decorator.py
[2023-12-17T08:08:53.588+0700] {processor.py:839} INFO - DAG(s) dict_keys(['example_branch_python_operator_decorator']) retrieved from /home/phuc/Practice/DataScience/DSProject/venv/lib/python3.10/site-packages/airflow/example_dags/example_branch_operator_decorator.py
[2023-12-17T08:08:53.600+0700] {logging_mixin.py:154} INFO - [2023-12-17T08:08:53.600+0700] {dag.py:2941} INFO - Sync 1 DAGs
[2023-12-17T08:08:53.613+0700] {logging_mixin.py:154} INFO - [2023-12-17T08:08:53.613+0700] {dag.py:3722} INFO - Setting next_dagrun for example_branch_python_operator_decorator to 2023-12-16T00:00:00+00:00, run_after=2023-12-17T00:00:00+00:00
[2023-12-17T08:08:53.626+0700] {processor.py:179} INFO - Processing /home/phuc/Practice/DataScience/DSProject/venv/lib/python3.10/site-packages/airflow/example_dags/example_branch_operator_decorator.py took 0.062 seconds
[2023-12-17T08:09:43.334+0700] {processor.py:157} INFO - Started process (PID=313566) to work on /home/phuc/Practice/DataScience/DSProject/venv/lib/python3.10/site-packages/airflow/example_dags/example_branch_operator_decorator.py
[2023-12-17T08:09:43.340+0700] {processor.py:829} INFO - Processing file /home/phuc/Practice/DataScience/DSProject/venv/lib/python3.10/site-packages/airflow/example_dags/example_branch_operator_decorator.py for tasks to queue
[2023-12-17T08:09:43.341+0700] {logging_mixin.py:154} INFO - [2023-12-17T08:09:43.341+0700] {dagbag.py:536} INFO - Filling up the DagBag from /home/phuc/Practice/DataScience/DSProject/venv/lib/python3.10/site-packages/airflow/example_dags/example_branch_operator_decorator.py
[2023-12-17T08:09:43.349+0700] {processor.py:839} INFO - DAG(s) dict_keys(['example_branch_python_operator_decorator']) retrieved from /home/phuc/Practice/DataScience/DSProject/venv/lib/python3.10/site-packages/airflow/example_dags/example_branch_operator_decorator.py
[2023-12-17T08:09:43.362+0700] {logging_mixin.py:154} INFO - [2023-12-17T08:09:43.361+0700] {dag.py:2941} INFO - Sync 1 DAGs
[2023-12-17T08:09:43.375+0700] {logging_mixin.py:154} INFO - [2023-12-17T08:09:43.375+0700] {dag.py:3722} INFO - Setting next_dagrun for example_branch_python_operator_decorator to 2023-12-16T00:00:00+00:00, run_after=2023-12-17T00:00:00+00:00
[2023-12-17T08:09:43.388+0700] {processor.py:179} INFO - Processing /home/phuc/Practice/DataScience/DSProject/venv/lib/python3.10/site-packages/airflow/example_dags/example_branch_operator_decorator.py took 0.057 seconds
[2023-12-17T08:10:33.520+0700] {processor.py:157} INFO - Started process (PID=313902) to work on /home/phuc/Practice/DataScience/DSProject/venv/lib/python3.10/site-packages/airflow/example_dags/example_branch_operator_decorator.py
[2023-12-17T08:10:33.527+0700] {processor.py:829} INFO - Processing file /home/phuc/Practice/DataScience/DSProject/venv/lib/python3.10/site-packages/airflow/example_dags/example_branch_operator_decorator.py for tasks to queue
[2023-12-17T08:10:33.528+0700] {logging_mixin.py:154} INFO - [2023-12-17T08:10:33.528+0700] {dagbag.py:536} INFO - Filling up the DagBag from /home/phuc/Practice/DataScience/DSProject/venv/lib/python3.10/site-packages/airflow/example_dags/example_branch_operator_decorator.py
[2023-12-17T08:10:33.542+0700] {processor.py:839} INFO - DAG(s) dict_keys(['example_branch_python_operator_decorator']) retrieved from /home/phuc/Practice/DataScience/DSProject/venv/lib/python3.10/site-packages/airflow/example_dags/example_branch_operator_decorator.py
[2023-12-17T08:10:33.553+0700] {logging_mixin.py:154} INFO - [2023-12-17T08:10:33.553+0700] {dag.py:2941} INFO - Sync 1 DAGs
[2023-12-17T08:10:33.563+0700] {logging_mixin.py:154} INFO - [2023-12-17T08:10:33.563+0700] {dag.py:3722} INFO - Setting next_dagrun for example_branch_python_operator_decorator to 2023-12-16T00:00:00+00:00, run_after=2023-12-17T00:00:00+00:00
[2023-12-17T08:10:33.576+0700] {processor.py:179} INFO - Processing /home/phuc/Practice/DataScience/DSProject/venv/lib/python3.10/site-packages/airflow/example_dags/example_branch_operator_decorator.py took 0.059 seconds
[2023-12-17T08:11:23.114+0700] {processor.py:157} INFO - Started process (PID=314104) to work on /home/phuc/Practice/DataScience/DSProject/venv/lib/python3.10/site-packages/airflow/example_dags/example_branch_operator_decorator.py
[2023-12-17T08:11:23.121+0700] {processor.py:829} INFO - Processing file /home/phuc/Practice/DataScience/DSProject/venv/lib/python3.10/site-packages/airflow/example_dags/example_branch_operator_decorator.py for tasks to queue
[2023-12-17T08:11:23.123+0700] {logging_mixin.py:154} INFO - [2023-12-17T08:11:23.122+0700] {dagbag.py:536} INFO - Filling up the DagBag from /home/phuc/Practice/DataScience/DSProject/venv/lib/python3.10/site-packages/airflow/example_dags/example_branch_operator_decorator.py
[2023-12-17T08:11:23.136+0700] {processor.py:839} INFO - DAG(s) dict_keys(['example_branch_python_operator_decorator']) retrieved from /home/phuc/Practice/DataScience/DSProject/venv/lib/python3.10/site-packages/airflow/example_dags/example_branch_operator_decorator.py
[2023-12-17T08:11:23.147+0700] {logging_mixin.py:154} INFO - [2023-12-17T08:11:23.147+0700] {dag.py:2941} INFO - Sync 1 DAGs
[2023-12-17T08:11:23.157+0700] {logging_mixin.py:154} INFO - [2023-12-17T08:11:23.157+0700] {dag.py:3722} INFO - Setting next_dagrun for example_branch_python_operator_decorator to 2023-12-16T00:00:00+00:00, run_after=2023-12-17T00:00:00+00:00
[2023-12-17T08:11:23.169+0700] {processor.py:179} INFO - Processing /home/phuc/Practice/DataScience/DSProject/venv/lib/python3.10/site-packages/airflow/example_dags/example_branch_operator_decorator.py took 0.058 seconds
[2023-12-17T08:12:12.711+0700] {processor.py:157} INFO - Started process (PID=314363) to work on /home/phuc/Practice/DataScience/DSProject/venv/lib/python3.10/site-packages/airflow/example_dags/example_branch_operator_decorator.py
[2023-12-17T08:12:12.718+0700] {processor.py:829} INFO - Processing file /home/phuc/Practice/DataScience/DSProject/venv/lib/python3.10/site-packages/airflow/example_dags/example_branch_operator_decorator.py for tasks to queue
[2023-12-17T08:12:12.719+0700] {logging_mixin.py:154} INFO - [2023-12-17T08:12:12.719+0700] {dagbag.py:536} INFO - Filling up the DagBag from /home/phuc/Practice/DataScience/DSProject/venv/lib/python3.10/site-packages/airflow/example_dags/example_branch_operator_decorator.py
[2023-12-17T08:12:12.732+0700] {processor.py:839} INFO - DAG(s) dict_keys(['example_branch_python_operator_decorator']) retrieved from /home/phuc/Practice/DataScience/DSProject/venv/lib/python3.10/site-packages/airflow/example_dags/example_branch_operator_decorator.py
[2023-12-17T08:12:12.743+0700] {logging_mixin.py:154} INFO - [2023-12-17T08:12:12.743+0700] {dag.py:2941} INFO - Sync 1 DAGs
[2023-12-17T08:12:12.753+0700] {logging_mixin.py:154} INFO - [2023-12-17T08:12:12.753+0700] {dag.py:3722} INFO - Setting next_dagrun for example_branch_python_operator_decorator to 2023-12-16T00:00:00+00:00, run_after=2023-12-17T00:00:00+00:00
[2023-12-17T08:12:12.765+0700] {processor.py:179} INFO - Processing /home/phuc/Practice/DataScience/DSProject/venv/lib/python3.10/site-packages/airflow/example_dags/example_branch_operator_decorator.py took 0.056 seconds
[2023-12-17T08:13:02.720+0700] {processor.py:157} INFO - Started process (PID=314588) to work on /home/phuc/Practice/DataScience/DSProject/venv/lib/python3.10/site-packages/airflow/example_dags/example_branch_operator_decorator.py
[2023-12-17T08:13:02.727+0700] {processor.py:829} INFO - Processing file /home/phuc/Practice/DataScience/DSProject/venv/lib/python3.10/site-packages/airflow/example_dags/example_branch_operator_decorator.py for tasks to queue
[2023-12-17T08:13:02.727+0700] {logging_mixin.py:154} INFO - [2023-12-17T08:13:02.727+0700] {dagbag.py:536} INFO - Filling up the DagBag from /home/phuc/Practice/DataScience/DSProject/venv/lib/python3.10/site-packages/airflow/example_dags/example_branch_operator_decorator.py
[2023-12-17T08:13:02.735+0700] {processor.py:839} INFO - DAG(s) dict_keys(['example_branch_python_operator_decorator']) retrieved from /home/phuc/Practice/DataScience/DSProject/venv/lib/python3.10/site-packages/airflow/example_dags/example_branch_operator_decorator.py
[2023-12-17T08:13:02.750+0700] {logging_mixin.py:154} INFO - [2023-12-17T08:13:02.749+0700] {dag.py:2941} INFO - Sync 1 DAGs
[2023-12-17T08:13:02.764+0700] {logging_mixin.py:154} INFO - [2023-12-17T08:13:02.764+0700] {dag.py:3722} INFO - Setting next_dagrun for example_branch_python_operator_decorator to 2023-12-16T00:00:00+00:00, run_after=2023-12-17T00:00:00+00:00
[2023-12-17T08:13:02.779+0700] {processor.py:179} INFO - Processing /home/phuc/Practice/DataScience/DSProject/venv/lib/python3.10/site-packages/airflow/example_dags/example_branch_operator_decorator.py took 0.062 seconds
[2023-12-17T08:14:04.441+0700] {processor.py:157} INFO - Started process (PID=314916) to work on /home/phuc/Practice/DataScience/DSProject/venv/lib/python3.10/site-packages/airflow/example_dags/example_branch_operator_decorator.py
[2023-12-17T08:14:04.448+0700] {processor.py:829} INFO - Processing file /home/phuc/Practice/DataScience/DSProject/venv/lib/python3.10/site-packages/airflow/example_dags/example_branch_operator_decorator.py for tasks to queue
[2023-12-17T08:14:04.450+0700] {logging_mixin.py:154} INFO - [2023-12-17T08:14:04.449+0700] {dagbag.py:536} INFO - Filling up the DagBag from /home/phuc/Practice/DataScience/DSProject/venv/lib/python3.10/site-packages/airflow/example_dags/example_branch_operator_decorator.py
[2023-12-17T08:14:04.464+0700] {processor.py:839} INFO - DAG(s) dict_keys(['example_branch_python_operator_decorator']) retrieved from /home/phuc/Practice/DataScience/DSProject/venv/lib/python3.10/site-packages/airflow/example_dags/example_branch_operator_decorator.py
[2023-12-17T08:14:04.475+0700] {logging_mixin.py:154} INFO - [2023-12-17T08:14:04.474+0700] {dag.py:2941} INFO - Sync 1 DAGs
[2023-12-17T08:14:04.485+0700] {logging_mixin.py:154} INFO - [2023-12-17T08:14:04.485+0700] {dag.py:3722} INFO - Setting next_dagrun for example_branch_python_operator_decorator to 2023-12-16T00:00:00+00:00, run_after=2023-12-17T00:00:00+00:00
[2023-12-17T08:14:04.497+0700] {processor.py:179} INFO - Processing /home/phuc/Practice/DataScience/DSProject/venv/lib/python3.10/site-packages/airflow/example_dags/example_branch_operator_decorator.py took 0.060 seconds
[2023-12-17T08:14:57.022+0700] {processor.py:157} INFO - Started process (PID=315137) to work on /home/phuc/Practice/DataScience/DSProject/venv/lib/python3.10/site-packages/airflow/example_dags/example_branch_operator_decorator.py
[2023-12-17T08:14:57.029+0700] {processor.py:829} INFO - Processing file /home/phuc/Practice/DataScience/DSProject/venv/lib/python3.10/site-packages/airflow/example_dags/example_branch_operator_decorator.py for tasks to queue
[2023-12-17T08:14:57.030+0700] {logging_mixin.py:154} INFO - [2023-12-17T08:14:57.029+0700] {dagbag.py:536} INFO - Filling up the DagBag from /home/phuc/Practice/DataScience/DSProject/venv/lib/python3.10/site-packages/airflow/example_dags/example_branch_operator_decorator.py
[2023-12-17T08:14:57.044+0700] {processor.py:839} INFO - DAG(s) dict_keys(['example_branch_python_operator_decorator']) retrieved from /home/phuc/Practice/DataScience/DSProject/venv/lib/python3.10/site-packages/airflow/example_dags/example_branch_operator_decorator.py
[2023-12-17T08:14:57.054+0700] {logging_mixin.py:154} INFO - [2023-12-17T08:14:57.054+0700] {dag.py:2941} INFO - Sync 1 DAGs
[2023-12-17T08:14:57.065+0700] {logging_mixin.py:154} INFO - [2023-12-17T08:14:57.064+0700] {dag.py:3722} INFO - Setting next_dagrun for example_branch_python_operator_decorator to 2023-12-16T00:00:00+00:00, run_after=2023-12-17T00:00:00+00:00
[2023-12-17T08:14:57.076+0700] {processor.py:179} INFO - Processing /home/phuc/Practice/DataScience/DSProject/venv/lib/python3.10/site-packages/airflow/example_dags/example_branch_operator_decorator.py took 0.058 seconds
[2023-12-17T08:15:50.568+0700] {processor.py:157} INFO - Started process (PID=315382) to work on /home/phuc/Practice/DataScience/DSProject/venv/lib/python3.10/site-packages/airflow/example_dags/example_branch_operator_decorator.py
[2023-12-17T08:15:50.575+0700] {processor.py:829} INFO - Processing file /home/phuc/Practice/DataScience/DSProject/venv/lib/python3.10/site-packages/airflow/example_dags/example_branch_operator_decorator.py for tasks to queue
[2023-12-17T08:15:50.575+0700] {logging_mixin.py:154} INFO - [2023-12-17T08:15:50.575+0700] {dagbag.py:536} INFO - Filling up the DagBag from /home/phuc/Practice/DataScience/DSProject/venv/lib/python3.10/site-packages/airflow/example_dags/example_branch_operator_decorator.py
[2023-12-17T08:15:50.581+0700] {processor.py:839} INFO - DAG(s) dict_keys(['example_branch_python_operator_decorator']) retrieved from /home/phuc/Practice/DataScience/DSProject/venv/lib/python3.10/site-packages/airflow/example_dags/example_branch_operator_decorator.py
[2023-12-17T08:15:50.592+0700] {logging_mixin.py:154} INFO - [2023-12-17T08:15:50.592+0700] {dag.py:2941} INFO - Sync 1 DAGs
[2023-12-17T08:15:50.602+0700] {logging_mixin.py:154} INFO - [2023-12-17T08:15:50.602+0700] {dag.py:3722} INFO - Setting next_dagrun for example_branch_python_operator_decorator to 2023-12-16T00:00:00+00:00, run_after=2023-12-17T00:00:00+00:00
[2023-12-17T08:15:50.617+0700] {processor.py:179} INFO - Processing /home/phuc/Practice/DataScience/DSProject/venv/lib/python3.10/site-packages/airflow/example_dags/example_branch_operator_decorator.py took 0.051 seconds
[2023-12-17T08:18:20.315+0700] {processor.py:157} INFO - Started process (PID=316527) to work on /home/phuc/Practice/DataScience/DSProject/venv/lib/python3.10/site-packages/airflow/example_dags/example_branch_operator_decorator.py
[2023-12-17T08:18:20.323+0700] {processor.py:829} INFO - Processing file /home/phuc/Practice/DataScience/DSProject/venv/lib/python3.10/site-packages/airflow/example_dags/example_branch_operator_decorator.py for tasks to queue
[2023-12-17T08:18:20.324+0700] {logging_mixin.py:154} INFO - [2023-12-17T08:18:20.324+0700] {dagbag.py:536} INFO - Filling up the DagBag from /home/phuc/Practice/DataScience/DSProject/venv/lib/python3.10/site-packages/airflow/example_dags/example_branch_operator_decorator.py
[2023-12-17T08:18:20.337+0700] {processor.py:839} INFO - DAG(s) dict_keys(['example_branch_python_operator_decorator']) retrieved from /home/phuc/Practice/DataScience/DSProject/venv/lib/python3.10/site-packages/airflow/example_dags/example_branch_operator_decorator.py
[2023-12-17T08:18:20.353+0700] {logging_mixin.py:154} INFO - [2023-12-17T08:18:20.352+0700] {dag.py:2941} INFO - Sync 1 DAGs
[2023-12-17T08:18:20.368+0700] {logging_mixin.py:154} INFO - [2023-12-17T08:18:20.368+0700] {dag.py:3722} INFO - Setting next_dagrun for example_branch_python_operator_decorator to 2023-12-16T00:00:00+00:00, run_after=2023-12-17T00:00:00+00:00
[2023-12-17T08:18:20.384+0700] {processor.py:179} INFO - Processing /home/phuc/Practice/DataScience/DSProject/venv/lib/python3.10/site-packages/airflow/example_dags/example_branch_operator_decorator.py took 0.073 seconds
[2023-12-17T08:19:12.381+0700] {processor.py:157} INFO - Started process (PID=317027) to work on /home/phuc/Practice/DataScience/DSProject/venv/lib/python3.10/site-packages/airflow/example_dags/example_branch_operator_decorator.py
[2023-12-17T08:19:12.382+0700] {processor.py:829} INFO - Processing file /home/phuc/Practice/DataScience/DSProject/venv/lib/python3.10/site-packages/airflow/example_dags/example_branch_operator_decorator.py for tasks to queue
[2023-12-17T08:19:12.383+0700] {logging_mixin.py:154} INFO - [2023-12-17T08:19:12.382+0700] {dagbag.py:536} INFO - Filling up the DagBag from /home/phuc/Practice/DataScience/DSProject/venv/lib/python3.10/site-packages/airflow/example_dags/example_branch_operator_decorator.py
[2023-12-17T08:19:12.392+0700] {processor.py:839} INFO - DAG(s) dict_keys(['example_branch_python_operator_decorator']) retrieved from /home/phuc/Practice/DataScience/DSProject/venv/lib/python3.10/site-packages/airflow/example_dags/example_branch_operator_decorator.py
[2023-12-17T08:19:12.408+0700] {logging_mixin.py:154} INFO - [2023-12-17T08:19:12.408+0700] {dag.py:2941} INFO - Sync 1 DAGs
[2023-12-17T08:19:12.427+0700] {logging_mixin.py:154} INFO - [2023-12-17T08:19:12.427+0700] {dag.py:3722} INFO - Setting next_dagrun for example_branch_python_operator_decorator to 2023-12-16T00:00:00+00:00, run_after=2023-12-17T00:00:00+00:00
[2023-12-17T08:19:12.448+0700] {processor.py:179} INFO - Processing /home/phuc/Practice/DataScience/DSProject/venv/lib/python3.10/site-packages/airflow/example_dags/example_branch_operator_decorator.py took 0.069 seconds
[2023-12-17T08:20:06.226+0700] {processor.py:157} INFO - Started process (PID=317607) to work on /home/phuc/Practice/DataScience/DSProject/venv/lib/python3.10/site-packages/airflow/example_dags/example_branch_operator_decorator.py
[2023-12-17T08:20:06.233+0700] {processor.py:829} INFO - Processing file /home/phuc/Practice/DataScience/DSProject/venv/lib/python3.10/site-packages/airflow/example_dags/example_branch_operator_decorator.py for tasks to queue
[2023-12-17T08:20:06.234+0700] {logging_mixin.py:154} INFO - [2023-12-17T08:20:06.234+0700] {dagbag.py:536} INFO - Filling up the DagBag from /home/phuc/Practice/DataScience/DSProject/venv/lib/python3.10/site-packages/airflow/example_dags/example_branch_operator_decorator.py
[2023-12-17T08:20:06.242+0700] {processor.py:839} INFO - DAG(s) dict_keys(['example_branch_python_operator_decorator']) retrieved from /home/phuc/Practice/DataScience/DSProject/venv/lib/python3.10/site-packages/airflow/example_dags/example_branch_operator_decorator.py
[2023-12-17T08:20:06.255+0700] {logging_mixin.py:154} INFO - [2023-12-17T08:20:06.254+0700] {dag.py:2941} INFO - Sync 1 DAGs
[2023-12-17T08:20:06.270+0700] {logging_mixin.py:154} INFO - [2023-12-17T08:20:06.269+0700] {dag.py:3722} INFO - Setting next_dagrun for example_branch_python_operator_decorator to 2023-12-16T00:00:00+00:00, run_after=2023-12-17T00:00:00+00:00
[2023-12-17T08:20:06.287+0700] {processor.py:179} INFO - Processing /home/phuc/Practice/DataScience/DSProject/venv/lib/python3.10/site-packages/airflow/example_dags/example_branch_operator_decorator.py took 0.062 seconds
[2023-12-17T08:23:20.380+0700] {processor.py:157} INFO - Started process (PID=319433) to work on /home/phuc/Practice/DataScience/DSProject/venv/lib/python3.10/site-packages/airflow/example_dags/example_branch_operator_decorator.py
[2023-12-17T08:23:20.387+0700] {processor.py:829} INFO - Processing file /home/phuc/Practice/DataScience/DSProject/venv/lib/python3.10/site-packages/airflow/example_dags/example_branch_operator_decorator.py for tasks to queue
[2023-12-17T08:23:20.388+0700] {logging_mixin.py:154} INFO - [2023-12-17T08:23:20.388+0700] {dagbag.py:536} INFO - Filling up the DagBag from /home/phuc/Practice/DataScience/DSProject/venv/lib/python3.10/site-packages/airflow/example_dags/example_branch_operator_decorator.py
[2023-12-17T08:23:20.395+0700] {processor.py:839} INFO - DAG(s) dict_keys(['example_branch_python_operator_decorator']) retrieved from /home/phuc/Practice/DataScience/DSProject/venv/lib/python3.10/site-packages/airflow/example_dags/example_branch_operator_decorator.py
[2023-12-17T08:23:20.408+0700] {logging_mixin.py:154} INFO - [2023-12-17T08:23:20.408+0700] {dag.py:2941} INFO - Sync 1 DAGs
[2023-12-17T08:23:20.421+0700] {logging_mixin.py:154} INFO - [2023-12-17T08:23:20.421+0700] {dag.py:3722} INFO - Setting next_dagrun for example_branch_python_operator_decorator to 2023-12-16T00:00:00+00:00, run_after=2023-12-17T00:00:00+00:00
[2023-12-17T08:23:20.434+0700] {processor.py:179} INFO - Processing /home/phuc/Practice/DataScience/DSProject/venv/lib/python3.10/site-packages/airflow/example_dags/example_branch_operator_decorator.py took 0.056 seconds
[2023-12-17T08:24:16.962+0700] {processor.py:157} INFO - Started process (PID=319771) to work on /home/phuc/Practice/DataScience/DSProject/venv/lib/python3.10/site-packages/airflow/example_dags/example_branch_operator_decorator.py
[2023-12-17T08:24:16.969+0700] {processor.py:829} INFO - Processing file /home/phuc/Practice/DataScience/DSProject/venv/lib/python3.10/site-packages/airflow/example_dags/example_branch_operator_decorator.py for tasks to queue
[2023-12-17T08:24:16.971+0700] {logging_mixin.py:154} INFO - [2023-12-17T08:24:16.970+0700] {dagbag.py:536} INFO - Filling up the DagBag from /home/phuc/Practice/DataScience/DSProject/venv/lib/python3.10/site-packages/airflow/example_dags/example_branch_operator_decorator.py
[2023-12-17T08:24:16.984+0700] {processor.py:839} INFO - DAG(s) dict_keys(['example_branch_python_operator_decorator']) retrieved from /home/phuc/Practice/DataScience/DSProject/venv/lib/python3.10/site-packages/airflow/example_dags/example_branch_operator_decorator.py
[2023-12-17T08:24:16.994+0700] {logging_mixin.py:154} INFO - [2023-12-17T08:24:16.994+0700] {dag.py:2941} INFO - Sync 1 DAGs
[2023-12-17T08:24:17.004+0700] {logging_mixin.py:154} INFO - [2023-12-17T08:24:17.004+0700] {dag.py:3722} INFO - Setting next_dagrun for example_branch_python_operator_decorator to 2023-12-16T00:00:00+00:00, run_after=2023-12-17T00:00:00+00:00
[2023-12-17T08:24:17.016+0700] {processor.py:179} INFO - Processing /home/phuc/Practice/DataScience/DSProject/venv/lib/python3.10/site-packages/airflow/example_dags/example_branch_operator_decorator.py took 0.056 seconds
[2023-12-17T08:25:12.427+0700] {processor.py:157} INFO - Started process (PID=320030) to work on /home/phuc/Practice/DataScience/DSProject/venv/lib/python3.10/site-packages/airflow/example_dags/example_branch_operator_decorator.py
[2023-12-17T08:25:12.434+0700] {processor.py:829} INFO - Processing file /home/phuc/Practice/DataScience/DSProject/venv/lib/python3.10/site-packages/airflow/example_dags/example_branch_operator_decorator.py for tasks to queue
[2023-12-17T08:25:12.436+0700] {logging_mixin.py:154} INFO - [2023-12-17T08:25:12.435+0700] {dagbag.py:536} INFO - Filling up the DagBag from /home/phuc/Practice/DataScience/DSProject/venv/lib/python3.10/site-packages/airflow/example_dags/example_branch_operator_decorator.py
[2023-12-17T08:25:12.444+0700] {processor.py:839} INFO - DAG(s) dict_keys(['example_branch_python_operator_decorator']) retrieved from /home/phuc/Practice/DataScience/DSProject/venv/lib/python3.10/site-packages/airflow/example_dags/example_branch_operator_decorator.py
[2023-12-17T08:25:12.454+0700] {logging_mixin.py:154} INFO - [2023-12-17T08:25:12.454+0700] {dag.py:2941} INFO - Sync 1 DAGs
[2023-12-17T08:25:12.464+0700] {logging_mixin.py:154} INFO - [2023-12-17T08:25:12.464+0700] {dag.py:3722} INFO - Setting next_dagrun for example_branch_python_operator_decorator to 2023-12-16T00:00:00+00:00, run_after=2023-12-17T00:00:00+00:00
[2023-12-17T08:25:12.475+0700] {processor.py:179} INFO - Processing /home/phuc/Practice/DataScience/DSProject/venv/lib/python3.10/site-packages/airflow/example_dags/example_branch_operator_decorator.py took 0.051 seconds
[2023-12-17T08:26:03.212+0700] {processor.py:157} INFO - Started process (PID=320253) to work on /home/phuc/Practice/DataScience/DSProject/venv/lib/python3.10/site-packages/airflow/example_dags/example_branch_operator_decorator.py
[2023-12-17T08:26:03.219+0700] {processor.py:829} INFO - Processing file /home/phuc/Practice/DataScience/DSProject/venv/lib/python3.10/site-packages/airflow/example_dags/example_branch_operator_decorator.py for tasks to queue
[2023-12-17T08:26:03.220+0700] {logging_mixin.py:154} INFO - [2023-12-17T08:26:03.220+0700] {dagbag.py:536} INFO - Filling up the DagBag from /home/phuc/Practice/DataScience/DSProject/venv/lib/python3.10/site-packages/airflow/example_dags/example_branch_operator_decorator.py
[2023-12-17T08:26:03.229+0700] {processor.py:839} INFO - DAG(s) dict_keys(['example_branch_python_operator_decorator']) retrieved from /home/phuc/Practice/DataScience/DSProject/venv/lib/python3.10/site-packages/airflow/example_dags/example_branch_operator_decorator.py
[2023-12-17T08:26:03.243+0700] {logging_mixin.py:154} INFO - [2023-12-17T08:26:03.243+0700] {dag.py:2941} INFO - Sync 1 DAGs
[2023-12-17T08:26:03.259+0700] {logging_mixin.py:154} INFO - [2023-12-17T08:26:03.259+0700] {dag.py:3722} INFO - Setting next_dagrun for example_branch_python_operator_decorator to 2023-12-16T00:00:00+00:00, run_after=2023-12-17T00:00:00+00:00
[2023-12-17T08:26:03.272+0700] {processor.py:179} INFO - Processing /home/phuc/Practice/DataScience/DSProject/venv/lib/python3.10/site-packages/airflow/example_dags/example_branch_operator_decorator.py took 0.063 seconds
[2023-12-17T08:26:53.574+0700] {processor.py:157} INFO - Started process (PID=320557) to work on /home/phuc/Practice/DataScience/DSProject/venv/lib/python3.10/site-packages/airflow/example_dags/example_branch_operator_decorator.py
[2023-12-17T08:26:53.581+0700] {processor.py:829} INFO - Processing file /home/phuc/Practice/DataScience/DSProject/venv/lib/python3.10/site-packages/airflow/example_dags/example_branch_operator_decorator.py for tasks to queue
[2023-12-17T08:26:53.582+0700] {logging_mixin.py:154} INFO - [2023-12-17T08:26:53.582+0700] {dagbag.py:536} INFO - Filling up the DagBag from /home/phuc/Practice/DataScience/DSProject/venv/lib/python3.10/site-packages/airflow/example_dags/example_branch_operator_decorator.py
[2023-12-17T08:26:53.595+0700] {processor.py:839} INFO - DAG(s) dict_keys(['example_branch_python_operator_decorator']) retrieved from /home/phuc/Practice/DataScience/DSProject/venv/lib/python3.10/site-packages/airflow/example_dags/example_branch_operator_decorator.py
[2023-12-17T08:26:53.607+0700] {logging_mixin.py:154} INFO - [2023-12-17T08:26:53.607+0700] {dag.py:2941} INFO - Sync 1 DAGs
[2023-12-17T08:26:53.622+0700] {logging_mixin.py:154} INFO - [2023-12-17T08:26:53.622+0700] {dag.py:3722} INFO - Setting next_dagrun for example_branch_python_operator_decorator to 2023-12-16T00:00:00+00:00, run_after=2023-12-17T00:00:00+00:00
[2023-12-17T08:26:53.633+0700] {processor.py:179} INFO - Processing /home/phuc/Practice/DataScience/DSProject/venv/lib/python3.10/site-packages/airflow/example_dags/example_branch_operator_decorator.py took 0.062 seconds
[2023-12-17T08:27:45.106+0700] {processor.py:157} INFO - Started process (PID=320781) to work on /home/phuc/Practice/DataScience/DSProject/venv/lib/python3.10/site-packages/airflow/example_dags/example_branch_operator_decorator.py
[2023-12-17T08:27:45.113+0700] {processor.py:829} INFO - Processing file /home/phuc/Practice/DataScience/DSProject/venv/lib/python3.10/site-packages/airflow/example_dags/example_branch_operator_decorator.py for tasks to queue
[2023-12-17T08:27:45.114+0700] {logging_mixin.py:154} INFO - [2023-12-17T08:27:45.114+0700] {dagbag.py:536} INFO - Filling up the DagBag from /home/phuc/Practice/DataScience/DSProject/venv/lib/python3.10/site-packages/airflow/example_dags/example_branch_operator_decorator.py
[2023-12-17T08:27:45.127+0700] {processor.py:839} INFO - DAG(s) dict_keys(['example_branch_python_operator_decorator']) retrieved from /home/phuc/Practice/DataScience/DSProject/venv/lib/python3.10/site-packages/airflow/example_dags/example_branch_operator_decorator.py
[2023-12-17T08:27:45.138+0700] {logging_mixin.py:154} INFO - [2023-12-17T08:27:45.138+0700] {dag.py:2941} INFO - Sync 1 DAGs
[2023-12-17T08:27:45.151+0700] {logging_mixin.py:154} INFO - [2023-12-17T08:27:45.150+0700] {dag.py:3722} INFO - Setting next_dagrun for example_branch_python_operator_decorator to 2023-12-16T00:00:00+00:00, run_after=2023-12-17T00:00:00+00:00
[2023-12-17T08:27:45.163+0700] {processor.py:179} INFO - Processing /home/phuc/Practice/DataScience/DSProject/venv/lib/python3.10/site-packages/airflow/example_dags/example_branch_operator_decorator.py took 0.059 seconds
[2023-12-17T08:28:32.940+0700] {processor.py:157} INFO - Started process (PID=320979) to work on /home/phuc/Practice/DataScience/DSProject/venv/lib/python3.10/site-packages/airflow/example_dags/example_branch_operator_decorator.py
[2023-12-17T08:28:32.946+0700] {processor.py:829} INFO - Processing file /home/phuc/Practice/DataScience/DSProject/venv/lib/python3.10/site-packages/airflow/example_dags/example_branch_operator_decorator.py for tasks to queue
[2023-12-17T08:28:32.948+0700] {logging_mixin.py:154} INFO - [2023-12-17T08:28:32.947+0700] {dagbag.py:536} INFO - Filling up the DagBag from /home/phuc/Practice/DataScience/DSProject/venv/lib/python3.10/site-packages/airflow/example_dags/example_branch_operator_decorator.py
[2023-12-17T08:28:32.961+0700] {processor.py:839} INFO - DAG(s) dict_keys(['example_branch_python_operator_decorator']) retrieved from /home/phuc/Practice/DataScience/DSProject/venv/lib/python3.10/site-packages/airflow/example_dags/example_branch_operator_decorator.py
[2023-12-17T08:28:32.972+0700] {logging_mixin.py:154} INFO - [2023-12-17T08:28:32.972+0700] {dag.py:2941} INFO - Sync 1 DAGs
[2023-12-17T08:28:32.982+0700] {logging_mixin.py:154} INFO - [2023-12-17T08:28:32.982+0700] {dag.py:3722} INFO - Setting next_dagrun for example_branch_python_operator_decorator to 2023-12-16T00:00:00+00:00, run_after=2023-12-17T00:00:00+00:00
[2023-12-17T08:28:32.993+0700] {processor.py:179} INFO - Processing /home/phuc/Practice/DataScience/DSProject/venv/lib/python3.10/site-packages/airflow/example_dags/example_branch_operator_decorator.py took 0.057 seconds
[2023-12-17T08:29:20.463+0700] {processor.py:157} INFO - Started process (PID=321201) to work on /home/phuc/Practice/DataScience/DSProject/venv/lib/python3.10/site-packages/airflow/example_dags/example_branch_operator_decorator.py
[2023-12-17T08:29:20.470+0700] {processor.py:829} INFO - Processing file /home/phuc/Practice/DataScience/DSProject/venv/lib/python3.10/site-packages/airflow/example_dags/example_branch_operator_decorator.py for tasks to queue
[2023-12-17T08:29:20.472+0700] {logging_mixin.py:154} INFO - [2023-12-17T08:29:20.471+0700] {dagbag.py:536} INFO - Filling up the DagBag from /home/phuc/Practice/DataScience/DSProject/venv/lib/python3.10/site-packages/airflow/example_dags/example_branch_operator_decorator.py
[2023-12-17T08:29:20.479+0700] {processor.py:839} INFO - DAG(s) dict_keys(['example_branch_python_operator_decorator']) retrieved from /home/phuc/Practice/DataScience/DSProject/venv/lib/python3.10/site-packages/airflow/example_dags/example_branch_operator_decorator.py
[2023-12-17T08:29:20.488+0700] {logging_mixin.py:154} INFO - [2023-12-17T08:29:20.488+0700] {dag.py:2941} INFO - Sync 1 DAGs
[2023-12-17T08:29:20.496+0700] {logging_mixin.py:154} INFO - [2023-12-17T08:29:20.496+0700] {dag.py:3722} INFO - Setting next_dagrun for example_branch_python_operator_decorator to 2023-12-16T00:00:00+00:00, run_after=2023-12-17T00:00:00+00:00
[2023-12-17T08:29:20.506+0700] {processor.py:179} INFO - Processing /home/phuc/Practice/DataScience/DSProject/venv/lib/python3.10/site-packages/airflow/example_dags/example_branch_operator_decorator.py took 0.044 seconds
[2023-12-17T08:30:11.891+0700] {processor.py:157} INFO - Started process (PID=321446) to work on /home/phuc/Practice/DataScience/DSProject/venv/lib/python3.10/site-packages/airflow/example_dags/example_branch_operator_decorator.py
[2023-12-17T08:30:11.898+0700] {processor.py:829} INFO - Processing file /home/phuc/Practice/DataScience/DSProject/venv/lib/python3.10/site-packages/airflow/example_dags/example_branch_operator_decorator.py for tasks to queue
[2023-12-17T08:30:11.899+0700] {logging_mixin.py:154} INFO - [2023-12-17T08:30:11.899+0700] {dagbag.py:536} INFO - Filling up the DagBag from /home/phuc/Practice/DataScience/DSProject/venv/lib/python3.10/site-packages/airflow/example_dags/example_branch_operator_decorator.py
[2023-12-17T08:30:11.912+0700] {processor.py:839} INFO - DAG(s) dict_keys(['example_branch_python_operator_decorator']) retrieved from /home/phuc/Practice/DataScience/DSProject/venv/lib/python3.10/site-packages/airflow/example_dags/example_branch_operator_decorator.py
[2023-12-17T08:30:11.921+0700] {logging_mixin.py:154} INFO - [2023-12-17T08:30:11.921+0700] {dag.py:2941} INFO - Sync 1 DAGs
[2023-12-17T08:30:11.930+0700] {logging_mixin.py:154} INFO - [2023-12-17T08:30:11.930+0700] {dag.py:3722} INFO - Setting next_dagrun for example_branch_python_operator_decorator to 2023-12-16T00:00:00+00:00, run_after=2023-12-17T00:00:00+00:00
[2023-12-17T08:30:11.939+0700] {processor.py:179} INFO - Processing /home/phuc/Practice/DataScience/DSProject/venv/lib/python3.10/site-packages/airflow/example_dags/example_branch_operator_decorator.py took 0.052 seconds
[2023-12-17T08:31:03.125+0700] {processor.py:157} INFO - Started process (PID=321696) to work on /home/phuc/Practice/DataScience/DSProject/venv/lib/python3.10/site-packages/airflow/example_dags/example_branch_operator_decorator.py
[2023-12-17T08:31:03.132+0700] {processor.py:829} INFO - Processing file /home/phuc/Practice/DataScience/DSProject/venv/lib/python3.10/site-packages/airflow/example_dags/example_branch_operator_decorator.py for tasks to queue
[2023-12-17T08:31:03.133+0700] {logging_mixin.py:154} INFO - [2023-12-17T08:31:03.132+0700] {dagbag.py:536} INFO - Filling up the DagBag from /home/phuc/Practice/DataScience/DSProject/venv/lib/python3.10/site-packages/airflow/example_dags/example_branch_operator_decorator.py
[2023-12-17T08:31:03.138+0700] {processor.py:839} INFO - DAG(s) dict_keys(['example_branch_python_operator_decorator']) retrieved from /home/phuc/Practice/DataScience/DSProject/venv/lib/python3.10/site-packages/airflow/example_dags/example_branch_operator_decorator.py
[2023-12-17T08:31:03.149+0700] {logging_mixin.py:154} INFO - [2023-12-17T08:31:03.149+0700] {dag.py:2941} INFO - Sync 1 DAGs
[2023-12-17T08:31:03.159+0700] {logging_mixin.py:154} INFO - [2023-12-17T08:31:03.159+0700] {dag.py:3722} INFO - Setting next_dagrun for example_branch_python_operator_decorator to 2023-12-16T00:00:00+00:00, run_after=2023-12-17T00:00:00+00:00
[2023-12-17T08:31:03.169+0700] {processor.py:179} INFO - Processing /home/phuc/Practice/DataScience/DSProject/venv/lib/python3.10/site-packages/airflow/example_dags/example_branch_operator_decorator.py took 0.045 seconds
[2023-12-17T08:31:56.244+0700] {processor.py:157} INFO - Started process (PID=322127) to work on /home/phuc/Practice/DataScience/DSProject/venv/lib/python3.10/site-packages/airflow/example_dags/example_branch_operator_decorator.py
[2023-12-17T08:31:56.250+0700] {processor.py:829} INFO - Processing file /home/phuc/Practice/DataScience/DSProject/venv/lib/python3.10/site-packages/airflow/example_dags/example_branch_operator_decorator.py for tasks to queue
[2023-12-17T08:31:56.251+0700] {logging_mixin.py:154} INFO - [2023-12-17T08:31:56.251+0700] {dagbag.py:536} INFO - Filling up the DagBag from /home/phuc/Practice/DataScience/DSProject/venv/lib/python3.10/site-packages/airflow/example_dags/example_branch_operator_decorator.py
[2023-12-17T08:31:56.257+0700] {processor.py:839} INFO - DAG(s) dict_keys(['example_branch_python_operator_decorator']) retrieved from /home/phuc/Practice/DataScience/DSProject/venv/lib/python3.10/site-packages/airflow/example_dags/example_branch_operator_decorator.py
[2023-12-17T08:31:56.266+0700] {logging_mixin.py:154} INFO - [2023-12-17T08:31:56.266+0700] {dag.py:2941} INFO - Sync 1 DAGs
[2023-12-17T08:31:56.276+0700] {logging_mixin.py:154} INFO - [2023-12-17T08:31:56.276+0700] {dag.py:3722} INFO - Setting next_dagrun for example_branch_python_operator_decorator to 2023-12-16T00:00:00+00:00, run_after=2023-12-17T00:00:00+00:00
[2023-12-17T08:31:56.287+0700] {processor.py:179} INFO - Processing /home/phuc/Practice/DataScience/DSProject/venv/lib/python3.10/site-packages/airflow/example_dags/example_branch_operator_decorator.py took 0.046 seconds
[2023-12-17T08:33:05.188+0700] {processor.py:157} INFO - Started process (PID=323082) to work on /home/phuc/Practice/DataScience/DSProject/venv/lib/python3.10/site-packages/airflow/example_dags/example_branch_operator_decorator.py
[2023-12-17T08:33:05.195+0700] {processor.py:829} INFO - Processing file /home/phuc/Practice/DataScience/DSProject/venv/lib/python3.10/site-packages/airflow/example_dags/example_branch_operator_decorator.py for tasks to queue
[2023-12-17T08:33:05.197+0700] {logging_mixin.py:154} INFO - [2023-12-17T08:33:05.196+0700] {dagbag.py:536} INFO - Filling up the DagBag from /home/phuc/Practice/DataScience/DSProject/venv/lib/python3.10/site-packages/airflow/example_dags/example_branch_operator_decorator.py
[2023-12-17T08:33:05.211+0700] {processor.py:839} INFO - DAG(s) dict_keys(['example_branch_python_operator_decorator']) retrieved from /home/phuc/Practice/DataScience/DSProject/venv/lib/python3.10/site-packages/airflow/example_dags/example_branch_operator_decorator.py
[2023-12-17T08:33:05.220+0700] {logging_mixin.py:154} INFO - [2023-12-17T08:33:05.220+0700] {dag.py:2941} INFO - Sync 1 DAGs
[2023-12-17T08:33:05.229+0700] {logging_mixin.py:154} INFO - [2023-12-17T08:33:05.229+0700] {dag.py:3722} INFO - Setting next_dagrun for example_branch_python_operator_decorator to 2023-12-16T00:00:00+00:00, run_after=2023-12-17T00:00:00+00:00
[2023-12-17T08:33:05.238+0700] {processor.py:179} INFO - Processing /home/phuc/Practice/DataScience/DSProject/venv/lib/python3.10/site-packages/airflow/example_dags/example_branch_operator_decorator.py took 0.052 seconds
[2023-12-17T08:33:53.810+0700] {processor.py:157} INFO - Started process (PID=323305) to work on /home/phuc/Practice/DataScience/DSProject/venv/lib/python3.10/site-packages/airflow/example_dags/example_branch_operator_decorator.py
[2023-12-17T08:33:53.816+0700] {processor.py:829} INFO - Processing file /home/phuc/Practice/DataScience/DSProject/venv/lib/python3.10/site-packages/airflow/example_dags/example_branch_operator_decorator.py for tasks to queue
[2023-12-17T08:33:53.817+0700] {logging_mixin.py:154} INFO - [2023-12-17T08:33:53.817+0700] {dagbag.py:536} INFO - Filling up the DagBag from /home/phuc/Practice/DataScience/DSProject/venv/lib/python3.10/site-packages/airflow/example_dags/example_branch_operator_decorator.py
[2023-12-17T08:33:53.822+0700] {processor.py:839} INFO - DAG(s) dict_keys(['example_branch_python_operator_decorator']) retrieved from /home/phuc/Practice/DataScience/DSProject/venv/lib/python3.10/site-packages/airflow/example_dags/example_branch_operator_decorator.py
[2023-12-17T08:33:53.832+0700] {logging_mixin.py:154} INFO - [2023-12-17T08:33:53.832+0700] {dag.py:2941} INFO - Sync 1 DAGs
[2023-12-17T08:33:53.842+0700] {logging_mixin.py:154} INFO - [2023-12-17T08:33:53.842+0700] {dag.py:3722} INFO - Setting next_dagrun for example_branch_python_operator_decorator to 2023-12-16T00:00:00+00:00, run_after=2023-12-17T00:00:00+00:00
[2023-12-17T08:33:53.853+0700] {processor.py:179} INFO - Processing /home/phuc/Practice/DataScience/DSProject/venv/lib/python3.10/site-packages/airflow/example_dags/example_branch_operator_decorator.py took 0.045 seconds
[2023-12-17T08:34:49.222+0700] {processor.py:157} INFO - Started process (PID=323829) to work on /home/phuc/Practice/DataScience/DSProject/venv/lib/python3.10/site-packages/airflow/example_dags/example_branch_operator_decorator.py
[2023-12-17T08:34:49.229+0700] {processor.py:829} INFO - Processing file /home/phuc/Practice/DataScience/DSProject/venv/lib/python3.10/site-packages/airflow/example_dags/example_branch_operator_decorator.py for tasks to queue
[2023-12-17T08:34:49.231+0700] {logging_mixin.py:154} INFO - [2023-12-17T08:34:49.230+0700] {dagbag.py:536} INFO - Filling up the DagBag from /home/phuc/Practice/DataScience/DSProject/venv/lib/python3.10/site-packages/airflow/example_dags/example_branch_operator_decorator.py
[2023-12-17T08:34:49.244+0700] {processor.py:839} INFO - DAG(s) dict_keys(['example_branch_python_operator_decorator']) retrieved from /home/phuc/Practice/DataScience/DSProject/venv/lib/python3.10/site-packages/airflow/example_dags/example_branch_operator_decorator.py
[2023-12-17T08:34:49.253+0700] {logging_mixin.py:154} INFO - [2023-12-17T08:34:49.253+0700] {dag.py:2941} INFO - Sync 1 DAGs
[2023-12-17T08:34:49.261+0700] {logging_mixin.py:154} INFO - [2023-12-17T08:34:49.261+0700] {dag.py:3722} INFO - Setting next_dagrun for example_branch_python_operator_decorator to 2023-12-16T00:00:00+00:00, run_after=2023-12-17T00:00:00+00:00
[2023-12-17T08:34:49.271+0700] {processor.py:179} INFO - Processing /home/phuc/Practice/DataScience/DSProject/venv/lib/python3.10/site-packages/airflow/example_dags/example_branch_operator_decorator.py took 0.052 seconds
[2023-12-17T08:35:44.332+0700] {processor.py:157} INFO - Started process (PID=324260) to work on /home/phuc/Practice/DataScience/DSProject/venv/lib/python3.10/site-packages/airflow/example_dags/example_branch_operator_decorator.py
[2023-12-17T08:35:44.339+0700] {processor.py:829} INFO - Processing file /home/phuc/Practice/DataScience/DSProject/venv/lib/python3.10/site-packages/airflow/example_dags/example_branch_operator_decorator.py for tasks to queue
[2023-12-17T08:35:44.341+0700] {logging_mixin.py:154} INFO - [2023-12-17T08:35:44.340+0700] {dagbag.py:536} INFO - Filling up the DagBag from /home/phuc/Practice/DataScience/DSProject/venv/lib/python3.10/site-packages/airflow/example_dags/example_branch_operator_decorator.py
[2023-12-17T08:35:44.354+0700] {processor.py:839} INFO - DAG(s) dict_keys(['example_branch_python_operator_decorator']) retrieved from /home/phuc/Practice/DataScience/DSProject/venv/lib/python3.10/site-packages/airflow/example_dags/example_branch_operator_decorator.py
[2023-12-17T08:35:44.363+0700] {logging_mixin.py:154} INFO - [2023-12-17T08:35:44.363+0700] {dag.py:2941} INFO - Sync 1 DAGs
[2023-12-17T08:35:44.372+0700] {logging_mixin.py:154} INFO - [2023-12-17T08:35:44.372+0700] {dag.py:3722} INFO - Setting next_dagrun for example_branch_python_operator_decorator to 2023-12-16T00:00:00+00:00, run_after=2023-12-17T00:00:00+00:00
[2023-12-17T08:35:44.382+0700] {processor.py:179} INFO - Processing /home/phuc/Practice/DataScience/DSProject/venv/lib/python3.10/site-packages/airflow/example_dags/example_branch_operator_decorator.py took 0.053 seconds
