[2023-12-17T08:03:46.399+0700] {processor.py:157} INFO - Started process (PID=309920) to work on /home/phuc/Practice/DataScience/DSProject/venv/lib/python3.10/site-packages/airflow/example_dags/example_branch_day_of_week_operator.py
[2023-12-17T08:03:46.400+0700] {processor.py:829} INFO - Processing file /home/phuc/Practice/DataScience/DSProject/venv/lib/python3.10/site-packages/airflow/example_dags/example_branch_day_of_week_operator.py for tasks to queue
[2023-12-17T08:03:46.401+0700] {logging_mixin.py:154} INFO - [2023-12-17T08:03:46.400+0700] {dagbag.py:536} INFO - Filling up the DagBag from /home/phuc/Practice/DataScience/DSProject/venv/lib/python3.10/site-packages/airflow/example_dags/example_branch_day_of_week_operator.py
[2023-12-17T08:03:46.407+0700] {processor.py:839} INFO - DAG(s) dict_keys(['example_weekday_branch_operator']) retrieved from /home/phuc/Practice/DataScience/DSProject/venv/lib/python3.10/site-packages/airflow/example_dags/example_branch_day_of_week_operator.py
[2023-12-17T08:03:46.487+0700] {logging_mixin.py:154} INFO - [2023-12-17T08:03:46.487+0700] {manager.py:499} INFO - Created Permission View: %s
[2023-12-17T08:03:46.495+0700] {logging_mixin.py:154} INFO - [2023-12-17T08:03:46.495+0700] {manager.py:499} INFO - Created Permission View: %s
[2023-12-17T08:03:46.501+0700] {logging_mixin.py:154} INFO - [2023-12-17T08:03:46.501+0700] {manager.py:499} INFO - Created Permission View: %s
[2023-12-17T08:03:46.501+0700] {logging_mixin.py:154} INFO - [2023-12-17T08:03:46.501+0700] {dag.py:2941} INFO - Sync 1 DAGs
[2023-12-17T08:03:46.509+0700] {logging_mixin.py:154} INFO - [2023-12-17T08:03:46.509+0700] {dag.py:2963} INFO - Creating ORM DAG for example_weekday_branch_operator
[2023-12-17T08:03:46.518+0700] {logging_mixin.py:154} INFO - [2023-12-17T08:03:46.518+0700] {dag.py:3722} INFO - Setting next_dagrun for example_weekday_branch_operator to 2023-12-16T00:00:00+00:00, run_after=2023-12-17T00:00:00+00:00
[2023-12-17T08:03:46.534+0700] {processor.py:179} INFO - Processing /home/phuc/Practice/DataScience/DSProject/venv/lib/python3.10/site-packages/airflow/example_dags/example_branch_day_of_week_operator.py took 0.137 seconds
[2023-12-17T08:06:01.721+0700] {processor.py:157} INFO - Started process (PID=311223) to work on /home/phuc/Practice/DataScience/DSProject/venv/lib/python3.10/site-packages/airflow/example_dags/example_branch_day_of_week_operator.py
[2023-12-17T08:06:01.728+0700] {processor.py:829} INFO - Processing file /home/phuc/Practice/DataScience/DSProject/venv/lib/python3.10/site-packages/airflow/example_dags/example_branch_day_of_week_operator.py for tasks to queue
[2023-12-17T08:06:01.730+0700] {logging_mixin.py:154} INFO - [2023-12-17T08:06:01.729+0700] {dagbag.py:536} INFO - Filling up the DagBag from /home/phuc/Practice/DataScience/DSProject/venv/lib/python3.10/site-packages/airflow/example_dags/example_branch_day_of_week_operator.py
[2023-12-17T08:06:01.740+0700] {processor.py:839} INFO - DAG(s) dict_keys(['example_weekday_branch_operator']) retrieved from /home/phuc/Practice/DataScience/DSProject/venv/lib/python3.10/site-packages/airflow/example_dags/example_branch_day_of_week_operator.py
[2023-12-17T08:06:01.753+0700] {logging_mixin.py:154} INFO - [2023-12-17T08:06:01.753+0700] {dag.py:2941} INFO - Sync 1 DAGs
[2023-12-17T08:06:01.766+0700] {logging_mixin.py:154} INFO - [2023-12-17T08:06:01.766+0700] {dag.py:3722} INFO - Setting next_dagrun for example_weekday_branch_operator to 2023-12-16T00:00:00+00:00, run_after=2023-12-17T00:00:00+00:00
[2023-12-17T08:06:01.781+0700] {processor.py:179} INFO - Processing /home/phuc/Practice/DataScience/DSProject/venv/lib/python3.10/site-packages/airflow/example_dags/example_branch_day_of_week_operator.py took 0.063 seconds
[2023-12-17T08:06:57.501+0700] {processor.py:157} INFO - Started process (PID=311819) to work on /home/phuc/Practice/DataScience/DSProject/venv/lib/python3.10/site-packages/airflow/example_dags/example_branch_day_of_week_operator.py
[2023-12-17T08:06:57.502+0700] {processor.py:829} INFO - Processing file /home/phuc/Practice/DataScience/DSProject/venv/lib/python3.10/site-packages/airflow/example_dags/example_branch_day_of_week_operator.py for tasks to queue
[2023-12-17T08:06:57.503+0700] {logging_mixin.py:154} INFO - [2023-12-17T08:06:57.503+0700] {dagbag.py:536} INFO - Filling up the DagBag from /home/phuc/Practice/DataScience/DSProject/venv/lib/python3.10/site-packages/airflow/example_dags/example_branch_day_of_week_operator.py
[2023-12-17T08:06:57.509+0700] {processor.py:839} INFO - DAG(s) dict_keys(['example_weekday_branch_operator']) retrieved from /home/phuc/Practice/DataScience/DSProject/venv/lib/python3.10/site-packages/airflow/example_dags/example_branch_day_of_week_operator.py
[2023-12-17T08:06:57.519+0700] {logging_mixin.py:154} INFO - [2023-12-17T08:06:57.519+0700] {dag.py:2941} INFO - Sync 1 DAGs
[2023-12-17T08:06:57.533+0700] {logging_mixin.py:154} INFO - [2023-12-17T08:06:57.533+0700] {dag.py:3722} INFO - Setting next_dagrun for example_weekday_branch_operator to 2023-12-16T00:00:00+00:00, run_after=2023-12-17T00:00:00+00:00
[2023-12-17T08:06:57.550+0700] {processor.py:179} INFO - Processing /home/phuc/Practice/DataScience/DSProject/venv/lib/python3.10/site-packages/airflow/example_dags/example_branch_day_of_week_operator.py took 0.051 seconds
[2023-12-17T08:08:50.762+0700] {processor.py:157} INFO - Started process (PID=313224) to work on /home/phuc/Practice/DataScience/DSProject/venv/lib/python3.10/site-packages/airflow/example_dags/example_branch_day_of_week_operator.py
[2023-12-17T08:08:50.769+0700] {processor.py:829} INFO - Processing file /home/phuc/Practice/DataScience/DSProject/venv/lib/python3.10/site-packages/airflow/example_dags/example_branch_day_of_week_operator.py for tasks to queue
[2023-12-17T08:08:50.770+0700] {logging_mixin.py:154} INFO - [2023-12-17T08:08:50.769+0700] {dagbag.py:536} INFO - Filling up the DagBag from /home/phuc/Practice/DataScience/DSProject/venv/lib/python3.10/site-packages/airflow/example_dags/example_branch_day_of_week_operator.py
[2023-12-17T08:08:50.775+0700] {processor.py:839} INFO - DAG(s) dict_keys(['example_weekday_branch_operator']) retrieved from /home/phuc/Practice/DataScience/DSProject/venv/lib/python3.10/site-packages/airflow/example_dags/example_branch_day_of_week_operator.py
[2023-12-17T08:08:50.787+0700] {logging_mixin.py:154} INFO - [2023-12-17T08:08:50.787+0700] {dag.py:2941} INFO - Sync 1 DAGs
[2023-12-17T08:08:50.800+0700] {logging_mixin.py:154} INFO - [2023-12-17T08:08:50.800+0700] {dag.py:3722} INFO - Setting next_dagrun for example_weekday_branch_operator to 2023-12-16T00:00:00+00:00, run_after=2023-12-17T00:00:00+00:00
[2023-12-17T08:08:50.816+0700] {processor.py:179} INFO - Processing /home/phuc/Practice/DataScience/DSProject/venv/lib/python3.10/site-packages/airflow/example_dags/example_branch_day_of_week_operator.py took 0.057 seconds
[2023-12-17T08:09:40.558+0700] {processor.py:157} INFO - Started process (PID=313532) to work on /home/phuc/Practice/DataScience/DSProject/venv/lib/python3.10/site-packages/airflow/example_dags/example_branch_day_of_week_operator.py
[2023-12-17T08:09:40.559+0700] {processor.py:829} INFO - Processing file /home/phuc/Practice/DataScience/DSProject/venv/lib/python3.10/site-packages/airflow/example_dags/example_branch_day_of_week_operator.py for tasks to queue
[2023-12-17T08:09:40.560+0700] {logging_mixin.py:154} INFO - [2023-12-17T08:09:40.559+0700] {dagbag.py:536} INFO - Filling up the DagBag from /home/phuc/Practice/DataScience/DSProject/venv/lib/python3.10/site-packages/airflow/example_dags/example_branch_day_of_week_operator.py
[2023-12-17T08:09:40.565+0700] {processor.py:839} INFO - DAG(s) dict_keys(['example_weekday_branch_operator']) retrieved from /home/phuc/Practice/DataScience/DSProject/venv/lib/python3.10/site-packages/airflow/example_dags/example_branch_day_of_week_operator.py
[2023-12-17T08:09:40.575+0700] {logging_mixin.py:154} INFO - [2023-12-17T08:09:40.575+0700] {dag.py:2941} INFO - Sync 1 DAGs
[2023-12-17T08:09:40.586+0700] {logging_mixin.py:154} INFO - [2023-12-17T08:09:40.586+0700] {dag.py:3722} INFO - Setting next_dagrun for example_weekday_branch_operator to 2023-12-16T00:00:00+00:00, run_after=2023-12-17T00:00:00+00:00
[2023-12-17T08:09:40.599+0700] {processor.py:179} INFO - Processing /home/phuc/Practice/DataScience/DSProject/venv/lib/python3.10/site-packages/airflow/example_dags/example_branch_day_of_week_operator.py took 0.043 seconds
[2023-12-17T08:10:30.111+0700] {processor.py:157} INFO - Started process (PID=313882) to work on /home/phuc/Practice/DataScience/DSProject/venv/lib/python3.10/site-packages/airflow/example_dags/example_branch_day_of_week_operator.py
[2023-12-17T08:10:30.118+0700] {processor.py:829} INFO - Processing file /home/phuc/Practice/DataScience/DSProject/venv/lib/python3.10/site-packages/airflow/example_dags/example_branch_day_of_week_operator.py for tasks to queue
[2023-12-17T08:10:30.120+0700] {logging_mixin.py:154} INFO - [2023-12-17T08:10:30.119+0700] {dagbag.py:536} INFO - Filling up the DagBag from /home/phuc/Practice/DataScience/DSProject/venv/lib/python3.10/site-packages/airflow/example_dags/example_branch_day_of_week_operator.py
[2023-12-17T08:10:30.131+0700] {processor.py:839} INFO - DAG(s) dict_keys(['example_weekday_branch_operator']) retrieved from /home/phuc/Practice/DataScience/DSProject/venv/lib/python3.10/site-packages/airflow/example_dags/example_branch_day_of_week_operator.py
[2023-12-17T08:10:30.142+0700] {logging_mixin.py:154} INFO - [2023-12-17T08:10:30.142+0700] {dag.py:2941} INFO - Sync 1 DAGs
[2023-12-17T08:10:30.152+0700] {logging_mixin.py:154} INFO - [2023-12-17T08:10:30.152+0700] {dag.py:3722} INFO - Setting next_dagrun for example_weekday_branch_operator to 2023-12-16T00:00:00+00:00, run_after=2023-12-17T00:00:00+00:00
[2023-12-17T08:10:30.164+0700] {processor.py:179} INFO - Processing /home/phuc/Practice/DataScience/DSProject/venv/lib/python3.10/site-packages/airflow/example_dags/example_branch_day_of_week_operator.py took 0.057 seconds
[2023-12-17T08:11:19.733+0700] {processor.py:157} INFO - Started process (PID=314100) to work on /home/phuc/Practice/DataScience/DSProject/venv/lib/python3.10/site-packages/airflow/example_dags/example_branch_day_of_week_operator.py
[2023-12-17T08:11:19.740+0700] {processor.py:829} INFO - Processing file /home/phuc/Practice/DataScience/DSProject/venv/lib/python3.10/site-packages/airflow/example_dags/example_branch_day_of_week_operator.py for tasks to queue
[2023-12-17T08:11:19.741+0700] {logging_mixin.py:154} INFO - [2023-12-17T08:11:19.741+0700] {dagbag.py:536} INFO - Filling up the DagBag from /home/phuc/Practice/DataScience/DSProject/venv/lib/python3.10/site-packages/airflow/example_dags/example_branch_day_of_week_operator.py
[2023-12-17T08:11:19.748+0700] {processor.py:839} INFO - DAG(s) dict_keys(['example_weekday_branch_operator']) retrieved from /home/phuc/Practice/DataScience/DSProject/venv/lib/python3.10/site-packages/airflow/example_dags/example_branch_day_of_week_operator.py
[2023-12-17T08:11:19.762+0700] {logging_mixin.py:154} INFO - [2023-12-17T08:11:19.762+0700] {dag.py:2941} INFO - Sync 1 DAGs
[2023-12-17T08:11:19.776+0700] {logging_mixin.py:154} INFO - [2023-12-17T08:11:19.776+0700] {dag.py:3722} INFO - Setting next_dagrun for example_weekday_branch_operator to 2023-12-16T00:00:00+00:00, run_after=2023-12-17T00:00:00+00:00
[2023-12-17T08:11:19.791+0700] {processor.py:179} INFO - Processing /home/phuc/Practice/DataScience/DSProject/venv/lib/python3.10/site-packages/airflow/example_dags/example_branch_day_of_week_operator.py took 0.060 seconds
[2023-12-17T08:12:10.626+0700] {processor.py:157} INFO - Started process (PID=314360) to work on /home/phuc/Practice/DataScience/DSProject/venv/lib/python3.10/site-packages/airflow/example_dags/example_branch_day_of_week_operator.py
[2023-12-17T08:12:10.633+0700] {processor.py:829} INFO - Processing file /home/phuc/Practice/DataScience/DSProject/venv/lib/python3.10/site-packages/airflow/example_dags/example_branch_day_of_week_operator.py for tasks to queue
[2023-12-17T08:12:10.634+0700] {logging_mixin.py:154} INFO - [2023-12-17T08:12:10.634+0700] {dagbag.py:536} INFO - Filling up the DagBag from /home/phuc/Practice/DataScience/DSProject/venv/lib/python3.10/site-packages/airflow/example_dags/example_branch_day_of_week_operator.py
[2023-12-17T08:12:10.645+0700] {processor.py:839} INFO - DAG(s) dict_keys(['example_weekday_branch_operator']) retrieved from /home/phuc/Practice/DataScience/DSProject/venv/lib/python3.10/site-packages/airflow/example_dags/example_branch_day_of_week_operator.py
[2023-12-17T08:12:10.656+0700] {logging_mixin.py:154} INFO - [2023-12-17T08:12:10.656+0700] {dag.py:2941} INFO - Sync 1 DAGs
[2023-12-17T08:12:10.666+0700] {logging_mixin.py:154} INFO - [2023-12-17T08:12:10.666+0700] {dag.py:3722} INFO - Setting next_dagrun for example_weekday_branch_operator to 2023-12-16T00:00:00+00:00, run_after=2023-12-17T00:00:00+00:00
[2023-12-17T08:12:10.678+0700] {processor.py:179} INFO - Processing /home/phuc/Practice/DataScience/DSProject/venv/lib/python3.10/site-packages/airflow/example_dags/example_branch_day_of_week_operator.py took 0.054 seconds
[2023-12-17T08:13:00.989+0700] {processor.py:157} INFO - Started process (PID=314585) to work on /home/phuc/Practice/DataScience/DSProject/venv/lib/python3.10/site-packages/airflow/example_dags/example_branch_day_of_week_operator.py
[2023-12-17T08:13:00.996+0700] {processor.py:829} INFO - Processing file /home/phuc/Practice/DataScience/DSProject/venv/lib/python3.10/site-packages/airflow/example_dags/example_branch_day_of_week_operator.py for tasks to queue
[2023-12-17T08:13:00.998+0700] {logging_mixin.py:154} INFO - [2023-12-17T08:13:00.997+0700] {dagbag.py:536} INFO - Filling up the DagBag from /home/phuc/Practice/DataScience/DSProject/venv/lib/python3.10/site-packages/airflow/example_dags/example_branch_day_of_week_operator.py
[2023-12-17T08:13:01.008+0700] {processor.py:839} INFO - DAG(s) dict_keys(['example_weekday_branch_operator']) retrieved from /home/phuc/Practice/DataScience/DSProject/venv/lib/python3.10/site-packages/airflow/example_dags/example_branch_day_of_week_operator.py
[2023-12-17T08:13:01.021+0700] {logging_mixin.py:154} INFO - [2023-12-17T08:13:01.020+0700] {dag.py:2941} INFO - Sync 1 DAGs
[2023-12-17T08:13:01.034+0700] {logging_mixin.py:154} INFO - [2023-12-17T08:13:01.034+0700] {dag.py:3722} INFO - Setting next_dagrun for example_weekday_branch_operator to 2023-12-16T00:00:00+00:00, run_after=2023-12-17T00:00:00+00:00
[2023-12-17T08:13:01.048+0700] {processor.py:179} INFO - Processing /home/phuc/Practice/DataScience/DSProject/venv/lib/python3.10/site-packages/airflow/example_dags/example_branch_day_of_week_operator.py took 0.062 seconds
[2023-12-17T08:13:45.035+0700] {processor.py:157} INFO - Started process (PID=314827) to work on /home/phuc/Practice/DataScience/DSProject/venv/lib/python3.10/site-packages/airflow/example_dags/example_branch_day_of_week_operator.py
[2023-12-17T08:13:45.042+0700] {processor.py:829} INFO - Processing file /home/phuc/Practice/DataScience/DSProject/venv/lib/python3.10/site-packages/airflow/example_dags/example_branch_day_of_week_operator.py for tasks to queue
[2023-12-17T08:13:45.043+0700] {logging_mixin.py:154} INFO - [2023-12-17T08:13:45.043+0700] {dagbag.py:536} INFO - Filling up the DagBag from /home/phuc/Practice/DataScience/DSProject/venv/lib/python3.10/site-packages/airflow/example_dags/example_branch_day_of_week_operator.py
[2023-12-17T08:13:45.055+0700] {processor.py:839} INFO - DAG(s) dict_keys(['example_weekday_branch_operator']) retrieved from /home/phuc/Practice/DataScience/DSProject/venv/lib/python3.10/site-packages/airflow/example_dags/example_branch_day_of_week_operator.py
[2023-12-17T08:13:45.066+0700] {logging_mixin.py:154} INFO - [2023-12-17T08:13:45.066+0700] {dag.py:2941} INFO - Sync 1 DAGs
[2023-12-17T08:13:45.076+0700] {logging_mixin.py:154} INFO - [2023-12-17T08:13:45.076+0700] {dag.py:3722} INFO - Setting next_dagrun for example_weekday_branch_operator to 2023-12-16T00:00:00+00:00, run_after=2023-12-17T00:00:00+00:00
[2023-12-17T08:13:45.088+0700] {processor.py:179} INFO - Processing /home/phuc/Practice/DataScience/DSProject/venv/lib/python3.10/site-packages/airflow/example_dags/example_branch_day_of_week_operator.py took 0.056 seconds
[2023-12-17T08:14:38.702+0700] {processor.py:157} INFO - Started process (PID=315069) to work on /home/phuc/Practice/DataScience/DSProject/venv/lib/python3.10/site-packages/airflow/example_dags/example_branch_day_of_week_operator.py
[2023-12-17T08:14:38.709+0700] {processor.py:829} INFO - Processing file /home/phuc/Practice/DataScience/DSProject/venv/lib/python3.10/site-packages/airflow/example_dags/example_branch_day_of_week_operator.py for tasks to queue
[2023-12-17T08:14:38.710+0700] {logging_mixin.py:154} INFO - [2023-12-17T08:14:38.710+0700] {dagbag.py:536} INFO - Filling up the DagBag from /home/phuc/Practice/DataScience/DSProject/venv/lib/python3.10/site-packages/airflow/example_dags/example_branch_day_of_week_operator.py
[2023-12-17T08:14:38.722+0700] {processor.py:839} INFO - DAG(s) dict_keys(['example_weekday_branch_operator']) retrieved from /home/phuc/Practice/DataScience/DSProject/venv/lib/python3.10/site-packages/airflow/example_dags/example_branch_day_of_week_operator.py
[2023-12-17T08:14:38.733+0700] {logging_mixin.py:154} INFO - [2023-12-17T08:14:38.732+0700] {dag.py:2941} INFO - Sync 1 DAGs
[2023-12-17T08:14:38.743+0700] {logging_mixin.py:154} INFO - [2023-12-17T08:14:38.742+0700] {dag.py:3722} INFO - Setting next_dagrun for example_weekday_branch_operator to 2023-12-16T00:00:00+00:00, run_after=2023-12-17T00:00:00+00:00
[2023-12-17T08:14:38.754+0700] {processor.py:179} INFO - Processing /home/phuc/Practice/DataScience/DSProject/venv/lib/python3.10/site-packages/airflow/example_dags/example_branch_day_of_week_operator.py took 0.055 seconds
[2023-12-17T08:15:32.838+0700] {processor.py:157} INFO - Started process (PID=315298) to work on /home/phuc/Practice/DataScience/DSProject/venv/lib/python3.10/site-packages/airflow/example_dags/example_branch_day_of_week_operator.py
[2023-12-17T08:15:32.845+0700] {processor.py:829} INFO - Processing file /home/phuc/Practice/DataScience/DSProject/venv/lib/python3.10/site-packages/airflow/example_dags/example_branch_day_of_week_operator.py for tasks to queue
[2023-12-17T08:15:32.845+0700] {logging_mixin.py:154} INFO - [2023-12-17T08:15:32.845+0700] {dagbag.py:536} INFO - Filling up the DagBag from /home/phuc/Practice/DataScience/DSProject/venv/lib/python3.10/site-packages/airflow/example_dags/example_branch_day_of_week_operator.py
[2023-12-17T08:15:32.856+0700] {processor.py:839} INFO - DAG(s) dict_keys(['example_weekday_branch_operator']) retrieved from /home/phuc/Practice/DataScience/DSProject/venv/lib/python3.10/site-packages/airflow/example_dags/example_branch_day_of_week_operator.py
[2023-12-17T08:15:32.867+0700] {logging_mixin.py:154} INFO - [2023-12-17T08:15:32.866+0700] {dag.py:2941} INFO - Sync 1 DAGs
[2023-12-17T08:15:32.877+0700] {logging_mixin.py:154} INFO - [2023-12-17T08:15:32.877+0700] {dag.py:3722} INFO - Setting next_dagrun for example_weekday_branch_operator to 2023-12-16T00:00:00+00:00, run_after=2023-12-17T00:00:00+00:00
[2023-12-17T08:15:32.888+0700] {processor.py:179} INFO - Processing /home/phuc/Practice/DataScience/DSProject/venv/lib/python3.10/site-packages/airflow/example_dags/example_branch_day_of_week_operator.py took 0.055 seconds
[2023-12-17T08:18:16.973+0700] {processor.py:157} INFO - Started process (PID=316524) to work on /home/phuc/Practice/DataScience/DSProject/venv/lib/python3.10/site-packages/airflow/example_dags/example_branch_day_of_week_operator.py
[2023-12-17T08:18:16.980+0700] {processor.py:829} INFO - Processing file /home/phuc/Practice/DataScience/DSProject/venv/lib/python3.10/site-packages/airflow/example_dags/example_branch_day_of_week_operator.py for tasks to queue
[2023-12-17T08:18:16.981+0700] {logging_mixin.py:154} INFO - [2023-12-17T08:18:16.981+0700] {dagbag.py:536} INFO - Filling up the DagBag from /home/phuc/Practice/DataScience/DSProject/venv/lib/python3.10/site-packages/airflow/example_dags/example_branch_day_of_week_operator.py
[2023-12-17T08:18:16.992+0700] {processor.py:839} INFO - DAG(s) dict_keys(['example_weekday_branch_operator']) retrieved from /home/phuc/Practice/DataScience/DSProject/venv/lib/python3.10/site-packages/airflow/example_dags/example_branch_day_of_week_operator.py
[2023-12-17T08:18:17.003+0700] {logging_mixin.py:154} INFO - [2023-12-17T08:18:17.003+0700] {dag.py:2941} INFO - Sync 1 DAGs
[2023-12-17T08:18:17.014+0700] {logging_mixin.py:154} INFO - [2023-12-17T08:18:17.014+0700] {dag.py:3722} INFO - Setting next_dagrun for example_weekday_branch_operator to 2023-12-16T00:00:00+00:00, run_after=2023-12-17T00:00:00+00:00
[2023-12-17T08:18:17.028+0700] {processor.py:179} INFO - Processing /home/phuc/Practice/DataScience/DSProject/venv/lib/python3.10/site-packages/airflow/example_dags/example_branch_day_of_week_operator.py took 0.057 seconds
[2023-12-17T08:19:09.549+0700] {processor.py:157} INFO - Started process (PID=317024) to work on /home/phuc/Practice/DataScience/DSProject/venv/lib/python3.10/site-packages/airflow/example_dags/example_branch_day_of_week_operator.py
[2023-12-17T08:19:09.557+0700] {processor.py:829} INFO - Processing file /home/phuc/Practice/DataScience/DSProject/venv/lib/python3.10/site-packages/airflow/example_dags/example_branch_day_of_week_operator.py for tasks to queue
[2023-12-17T08:19:09.558+0700] {logging_mixin.py:154} INFO - [2023-12-17T08:19:09.557+0700] {dagbag.py:536} INFO - Filling up the DagBag from /home/phuc/Practice/DataScience/DSProject/venv/lib/python3.10/site-packages/airflow/example_dags/example_branch_day_of_week_operator.py
[2023-12-17T08:19:09.569+0700] {processor.py:839} INFO - DAG(s) dict_keys(['example_weekday_branch_operator']) retrieved from /home/phuc/Practice/DataScience/DSProject/venv/lib/python3.10/site-packages/airflow/example_dags/example_branch_day_of_week_operator.py
[2023-12-17T08:19:09.580+0700] {logging_mixin.py:154} INFO - [2023-12-17T08:19:09.580+0700] {dag.py:2941} INFO - Sync 1 DAGs
[2023-12-17T08:19:09.591+0700] {logging_mixin.py:154} INFO - [2023-12-17T08:19:09.591+0700] {dag.py:3722} INFO - Setting next_dagrun for example_weekday_branch_operator to 2023-12-16T00:00:00+00:00, run_after=2023-12-17T00:00:00+00:00
[2023-12-17T08:19:09.604+0700] {processor.py:179} INFO - Processing /home/phuc/Practice/DataScience/DSProject/venv/lib/python3.10/site-packages/airflow/example_dags/example_branch_day_of_week_operator.py took 0.059 seconds
[2023-12-17T08:20:03.250+0700] {processor.py:157} INFO - Started process (PID=317569) to work on /home/phuc/Practice/DataScience/DSProject/venv/lib/python3.10/site-packages/airflow/example_dags/example_branch_day_of_week_operator.py
[2023-12-17T08:20:03.257+0700] {processor.py:829} INFO - Processing file /home/phuc/Practice/DataScience/DSProject/venv/lib/python3.10/site-packages/airflow/example_dags/example_branch_day_of_week_operator.py for tasks to queue
[2023-12-17T08:20:03.258+0700] {logging_mixin.py:154} INFO - [2023-12-17T08:20:03.258+0700] {dagbag.py:536} INFO - Filling up the DagBag from /home/phuc/Practice/DataScience/DSProject/venv/lib/python3.10/site-packages/airflow/example_dags/example_branch_day_of_week_operator.py
[2023-12-17T08:20:03.265+0700] {processor.py:839} INFO - DAG(s) dict_keys(['example_weekday_branch_operator']) retrieved from /home/phuc/Practice/DataScience/DSProject/venv/lib/python3.10/site-packages/airflow/example_dags/example_branch_day_of_week_operator.py
[2023-12-17T08:20:03.282+0700] {logging_mixin.py:154} INFO - [2023-12-17T08:20:03.282+0700] {dag.py:2941} INFO - Sync 1 DAGs
[2023-12-17T08:20:03.301+0700] {logging_mixin.py:154} INFO - [2023-12-17T08:20:03.301+0700] {dag.py:3722} INFO - Setting next_dagrun for example_weekday_branch_operator to 2023-12-16T00:00:00+00:00, run_after=2023-12-17T00:00:00+00:00
[2023-12-17T08:20:03.324+0700] {processor.py:179} INFO - Processing /home/phuc/Practice/DataScience/DSProject/venv/lib/python3.10/site-packages/airflow/example_dags/example_branch_day_of_week_operator.py took 0.077 seconds
[2023-12-17T08:23:17.526+0700] {processor.py:157} INFO - Started process (PID=319414) to work on /home/phuc/Practice/DataScience/DSProject/venv/lib/python3.10/site-packages/airflow/example_dags/example_branch_day_of_week_operator.py
[2023-12-17T08:23:17.527+0700] {processor.py:829} INFO - Processing file /home/phuc/Practice/DataScience/DSProject/venv/lib/python3.10/site-packages/airflow/example_dags/example_branch_day_of_week_operator.py for tasks to queue
[2023-12-17T08:23:17.528+0700] {logging_mixin.py:154} INFO - [2023-12-17T08:23:17.527+0700] {dagbag.py:536} INFO - Filling up the DagBag from /home/phuc/Practice/DataScience/DSProject/venv/lib/python3.10/site-packages/airflow/example_dags/example_branch_day_of_week_operator.py
[2023-12-17T08:23:17.536+0700] {processor.py:839} INFO - DAG(s) dict_keys(['example_weekday_branch_operator']) retrieved from /home/phuc/Practice/DataScience/DSProject/venv/lib/python3.10/site-packages/airflow/example_dags/example_branch_day_of_week_operator.py
[2023-12-17T08:23:17.554+0700] {logging_mixin.py:154} INFO - [2023-12-17T08:23:17.554+0700] {dag.py:2941} INFO - Sync 1 DAGs
[2023-12-17T08:23:17.573+0700] {logging_mixin.py:154} INFO - [2023-12-17T08:23:17.572+0700] {dag.py:3722} INFO - Setting next_dagrun for example_weekday_branch_operator to 2023-12-16T00:00:00+00:00, run_after=2023-12-17T00:00:00+00:00
[2023-12-17T08:23:17.589+0700] {processor.py:179} INFO - Processing /home/phuc/Practice/DataScience/DSProject/venv/lib/python3.10/site-packages/airflow/example_dags/example_branch_day_of_week_operator.py took 0.066 seconds
[2023-12-17T08:24:14.115+0700] {processor.py:157} INFO - Started process (PID=319767) to work on /home/phuc/Practice/DataScience/DSProject/venv/lib/python3.10/site-packages/airflow/example_dags/example_branch_day_of_week_operator.py
[2023-12-17T08:24:14.122+0700] {processor.py:829} INFO - Processing file /home/phuc/Practice/DataScience/DSProject/venv/lib/python3.10/site-packages/airflow/example_dags/example_branch_day_of_week_operator.py for tasks to queue
[2023-12-17T08:24:14.123+0700] {logging_mixin.py:154} INFO - [2023-12-17T08:24:14.123+0700] {dagbag.py:536} INFO - Filling up the DagBag from /home/phuc/Practice/DataScience/DSProject/venv/lib/python3.10/site-packages/airflow/example_dags/example_branch_day_of_week_operator.py
[2023-12-17T08:24:14.129+0700] {processor.py:839} INFO - DAG(s) dict_keys(['example_weekday_branch_operator']) retrieved from /home/phuc/Practice/DataScience/DSProject/venv/lib/python3.10/site-packages/airflow/example_dags/example_branch_day_of_week_operator.py
[2023-12-17T08:24:14.140+0700] {logging_mixin.py:154} INFO - [2023-12-17T08:24:14.140+0700] {dag.py:2941} INFO - Sync 1 DAGs
[2023-12-17T08:24:14.151+0700] {logging_mixin.py:154} INFO - [2023-12-17T08:24:14.151+0700] {dag.py:3722} INFO - Setting next_dagrun for example_weekday_branch_operator to 2023-12-16T00:00:00+00:00, run_after=2023-12-17T00:00:00+00:00
[2023-12-17T08:24:14.163+0700] {processor.py:179} INFO - Processing /home/phuc/Practice/DataScience/DSProject/venv/lib/python3.10/site-packages/airflow/example_dags/example_branch_day_of_week_operator.py took 0.050 seconds
[2023-12-17T08:25:09.705+0700] {processor.py:157} INFO - Started process (PID=320011) to work on /home/phuc/Practice/DataScience/DSProject/venv/lib/python3.10/site-packages/airflow/example_dags/example_branch_day_of_week_operator.py
[2023-12-17T08:25:09.712+0700] {processor.py:829} INFO - Processing file /home/phuc/Practice/DataScience/DSProject/venv/lib/python3.10/site-packages/airflow/example_dags/example_branch_day_of_week_operator.py for tasks to queue
[2023-12-17T08:25:09.713+0700] {logging_mixin.py:154} INFO - [2023-12-17T08:25:09.712+0700] {dagbag.py:536} INFO - Filling up the DagBag from /home/phuc/Practice/DataScience/DSProject/venv/lib/python3.10/site-packages/airflow/example_dags/example_branch_day_of_week_operator.py
[2023-12-17T08:25:09.719+0700] {processor.py:839} INFO - DAG(s) dict_keys(['example_weekday_branch_operator']) retrieved from /home/phuc/Practice/DataScience/DSProject/venv/lib/python3.10/site-packages/airflow/example_dags/example_branch_day_of_week_operator.py
[2023-12-17T08:25:09.729+0700] {logging_mixin.py:154} INFO - [2023-12-17T08:25:09.729+0700] {dag.py:2941} INFO - Sync 1 DAGs
[2023-12-17T08:25:09.740+0700] {logging_mixin.py:154} INFO - [2023-12-17T08:25:09.740+0700] {dag.py:3722} INFO - Setting next_dagrun for example_weekday_branch_operator to 2023-12-16T00:00:00+00:00, run_after=2023-12-17T00:00:00+00:00
[2023-12-17T08:25:09.751+0700] {processor.py:179} INFO - Processing /home/phuc/Practice/DataScience/DSProject/venv/lib/python3.10/site-packages/airflow/example_dags/example_branch_day_of_week_operator.py took 0.049 seconds
[2023-12-17T08:25:59.790+0700] {processor.py:157} INFO - Started process (PID=320234) to work on /home/phuc/Practice/DataScience/DSProject/venv/lib/python3.10/site-packages/airflow/example_dags/example_branch_day_of_week_operator.py
[2023-12-17T08:25:59.797+0700] {processor.py:829} INFO - Processing file /home/phuc/Practice/DataScience/DSProject/venv/lib/python3.10/site-packages/airflow/example_dags/example_branch_day_of_week_operator.py for tasks to queue
[2023-12-17T08:25:59.798+0700] {logging_mixin.py:154} INFO - [2023-12-17T08:25:59.797+0700] {dagbag.py:536} INFO - Filling up the DagBag from /home/phuc/Practice/DataScience/DSProject/venv/lib/python3.10/site-packages/airflow/example_dags/example_branch_day_of_week_operator.py
[2023-12-17T08:25:59.804+0700] {processor.py:839} INFO - DAG(s) dict_keys(['example_weekday_branch_operator']) retrieved from /home/phuc/Practice/DataScience/DSProject/venv/lib/python3.10/site-packages/airflow/example_dags/example_branch_day_of_week_operator.py
[2023-12-17T08:25:59.818+0700] {logging_mixin.py:154} INFO - [2023-12-17T08:25:59.818+0700] {dag.py:2941} INFO - Sync 1 DAGs
[2023-12-17T08:25:59.830+0700] {logging_mixin.py:154} INFO - [2023-12-17T08:25:59.830+0700] {dag.py:3722} INFO - Setting next_dagrun for example_weekday_branch_operator to 2023-12-16T00:00:00+00:00, run_after=2023-12-17T00:00:00+00:00
[2023-12-17T08:25:59.841+0700] {processor.py:179} INFO - Processing /home/phuc/Practice/DataScience/DSProject/venv/lib/python3.10/site-packages/airflow/example_dags/example_branch_day_of_week_operator.py took 0.054 seconds
[2023-12-17T08:26:50.158+0700] {processor.py:157} INFO - Started process (PID=320536) to work on /home/phuc/Practice/DataScience/DSProject/venv/lib/python3.10/site-packages/airflow/example_dags/example_branch_day_of_week_operator.py
[2023-12-17T08:26:50.165+0700] {processor.py:829} INFO - Processing file /home/phuc/Practice/DataScience/DSProject/venv/lib/python3.10/site-packages/airflow/example_dags/example_branch_day_of_week_operator.py for tasks to queue
[2023-12-17T08:26:50.166+0700] {logging_mixin.py:154} INFO - [2023-12-17T08:26:50.165+0700] {dagbag.py:536} INFO - Filling up the DagBag from /home/phuc/Practice/DataScience/DSProject/venv/lib/python3.10/site-packages/airflow/example_dags/example_branch_day_of_week_operator.py
[2023-12-17T08:26:50.172+0700] {processor.py:839} INFO - DAG(s) dict_keys(['example_weekday_branch_operator']) retrieved from /home/phuc/Practice/DataScience/DSProject/venv/lib/python3.10/site-packages/airflow/example_dags/example_branch_day_of_week_operator.py
[2023-12-17T08:26:50.184+0700] {logging_mixin.py:154} INFO - [2023-12-17T08:26:50.184+0700] {dag.py:2941} INFO - Sync 1 DAGs
[2023-12-17T08:26:50.198+0700] {logging_mixin.py:154} INFO - [2023-12-17T08:26:50.198+0700] {dag.py:3722} INFO - Setting next_dagrun for example_weekday_branch_operator to 2023-12-16T00:00:00+00:00, run_after=2023-12-17T00:00:00+00:00
[2023-12-17T08:26:50.211+0700] {processor.py:179} INFO - Processing /home/phuc/Practice/DataScience/DSProject/venv/lib/python3.10/site-packages/airflow/example_dags/example_branch_day_of_week_operator.py took 0.056 seconds
[2023-12-17T08:27:41.668+0700] {processor.py:157} INFO - Started process (PID=320759) to work on /home/phuc/Practice/DataScience/DSProject/venv/lib/python3.10/site-packages/airflow/example_dags/example_branch_day_of_week_operator.py
[2023-12-17T08:27:41.674+0700] {processor.py:829} INFO - Processing file /home/phuc/Practice/DataScience/DSProject/venv/lib/python3.10/site-packages/airflow/example_dags/example_branch_day_of_week_operator.py for tasks to queue
[2023-12-17T08:27:41.676+0700] {logging_mixin.py:154} INFO - [2023-12-17T08:27:41.675+0700] {dagbag.py:536} INFO - Filling up the DagBag from /home/phuc/Practice/DataScience/DSProject/venv/lib/python3.10/site-packages/airflow/example_dags/example_branch_day_of_week_operator.py
[2023-12-17T08:27:41.688+0700] {processor.py:839} INFO - DAG(s) dict_keys(['example_weekday_branch_operator']) retrieved from /home/phuc/Practice/DataScience/DSProject/venv/lib/python3.10/site-packages/airflow/example_dags/example_branch_day_of_week_operator.py
[2023-12-17T08:27:41.698+0700] {logging_mixin.py:154} INFO - [2023-12-17T08:27:41.698+0700] {dag.py:2941} INFO - Sync 1 DAGs
[2023-12-17T08:27:41.707+0700] {logging_mixin.py:154} INFO - [2023-12-17T08:27:41.707+0700] {dag.py:3722} INFO - Setting next_dagrun for example_weekday_branch_operator to 2023-12-16T00:00:00+00:00, run_after=2023-12-17T00:00:00+00:00
[2023-12-17T08:27:41.718+0700] {processor.py:179} INFO - Processing /home/phuc/Practice/DataScience/DSProject/venv/lib/python3.10/site-packages/airflow/example_dags/example_branch_day_of_week_operator.py took 0.053 seconds
[2023-12-17T08:28:30.079+0700] {processor.py:157} INFO - Started process (PID=320975) to work on /home/phuc/Practice/DataScience/DSProject/venv/lib/python3.10/site-packages/airflow/example_dags/example_branch_day_of_week_operator.py
[2023-12-17T08:28:30.085+0700] {processor.py:829} INFO - Processing file /home/phuc/Practice/DataScience/DSProject/venv/lib/python3.10/site-packages/airflow/example_dags/example_branch_day_of_week_operator.py for tasks to queue
[2023-12-17T08:28:30.087+0700] {logging_mixin.py:154} INFO - [2023-12-17T08:28:30.086+0700] {dagbag.py:536} INFO - Filling up the DagBag from /home/phuc/Practice/DataScience/DSProject/venv/lib/python3.10/site-packages/airflow/example_dags/example_branch_day_of_week_operator.py
[2023-12-17T08:28:30.098+0700] {processor.py:839} INFO - DAG(s) dict_keys(['example_weekday_branch_operator']) retrieved from /home/phuc/Practice/DataScience/DSProject/venv/lib/python3.10/site-packages/airflow/example_dags/example_branch_day_of_week_operator.py
[2023-12-17T08:28:30.109+0700] {logging_mixin.py:154} INFO - [2023-12-17T08:28:30.109+0700] {dag.py:2941} INFO - Sync 1 DAGs
[2023-12-17T08:28:30.119+0700] {logging_mixin.py:154} INFO - [2023-12-17T08:28:30.119+0700] {dag.py:3722} INFO - Setting next_dagrun for example_weekday_branch_operator to 2023-12-16T00:00:00+00:00, run_after=2023-12-17T00:00:00+00:00
[2023-12-17T08:28:30.129+0700] {processor.py:179} INFO - Processing /home/phuc/Practice/DataScience/DSProject/venv/lib/python3.10/site-packages/airflow/example_dags/example_branch_day_of_week_operator.py took 0.053 seconds
[2023-12-17T08:29:17.584+0700] {processor.py:157} INFO - Started process (PID=321181) to work on /home/phuc/Practice/DataScience/DSProject/venv/lib/python3.10/site-packages/airflow/example_dags/example_branch_day_of_week_operator.py
[2023-12-17T08:29:17.591+0700] {processor.py:829} INFO - Processing file /home/phuc/Practice/DataScience/DSProject/venv/lib/python3.10/site-packages/airflow/example_dags/example_branch_day_of_week_operator.py for tasks to queue
[2023-12-17T08:29:17.592+0700] {logging_mixin.py:154} INFO - [2023-12-17T08:29:17.591+0700] {dagbag.py:536} INFO - Filling up the DagBag from /home/phuc/Practice/DataScience/DSProject/venv/lib/python3.10/site-packages/airflow/example_dags/example_branch_day_of_week_operator.py
[2023-12-17T08:29:17.603+0700] {processor.py:839} INFO - DAG(s) dict_keys(['example_weekday_branch_operator']) retrieved from /home/phuc/Practice/DataScience/DSProject/venv/lib/python3.10/site-packages/airflow/example_dags/example_branch_day_of_week_operator.py
[2023-12-17T08:29:17.614+0700] {logging_mixin.py:154} INFO - [2023-12-17T08:29:17.614+0700] {dag.py:2941} INFO - Sync 1 DAGs
[2023-12-17T08:29:17.623+0700] {logging_mixin.py:154} INFO - [2023-12-17T08:29:17.623+0700] {dag.py:3722} INFO - Setting next_dagrun for example_weekday_branch_operator to 2023-12-16T00:00:00+00:00, run_after=2023-12-17T00:00:00+00:00
[2023-12-17T08:29:17.632+0700] {processor.py:179} INFO - Processing /home/phuc/Practice/DataScience/DSProject/venv/lib/python3.10/site-packages/airflow/example_dags/example_branch_day_of_week_operator.py took 0.052 seconds
[2023-12-17T08:30:09.014+0700] {processor.py:157} INFO - Started process (PID=321421) to work on /home/phuc/Practice/DataScience/DSProject/venv/lib/python3.10/site-packages/airflow/example_dags/example_branch_day_of_week_operator.py
[2023-12-17T08:30:09.021+0700] {processor.py:829} INFO - Processing file /home/phuc/Practice/DataScience/DSProject/venv/lib/python3.10/site-packages/airflow/example_dags/example_branch_day_of_week_operator.py for tasks to queue
[2023-12-17T08:30:09.022+0700] {logging_mixin.py:154} INFO - [2023-12-17T08:30:09.022+0700] {dagbag.py:536} INFO - Filling up the DagBag from /home/phuc/Practice/DataScience/DSProject/venv/lib/python3.10/site-packages/airflow/example_dags/example_branch_day_of_week_operator.py
[2023-12-17T08:30:09.029+0700] {processor.py:839} INFO - DAG(s) dict_keys(['example_weekday_branch_operator']) retrieved from /home/phuc/Practice/DataScience/DSProject/venv/lib/python3.10/site-packages/airflow/example_dags/example_branch_day_of_week_operator.py
[2023-12-17T08:30:09.036+0700] {logging_mixin.py:154} INFO - [2023-12-17T08:30:09.036+0700] {dag.py:2941} INFO - Sync 1 DAGs
[2023-12-17T08:30:09.045+0700] {logging_mixin.py:154} INFO - [2023-12-17T08:30:09.045+0700] {dag.py:3722} INFO - Setting next_dagrun for example_weekday_branch_operator to 2023-12-16T00:00:00+00:00, run_after=2023-12-17T00:00:00+00:00
[2023-12-17T08:30:09.054+0700] {processor.py:179} INFO - Processing /home/phuc/Practice/DataScience/DSProject/venv/lib/python3.10/site-packages/airflow/example_dags/example_branch_day_of_week_operator.py took 0.041 seconds
[2023-12-17T08:30:59.718+0700] {processor.py:157} INFO - Started process (PID=321671) to work on /home/phuc/Practice/DataScience/DSProject/venv/lib/python3.10/site-packages/airflow/example_dags/example_branch_day_of_week_operator.py
[2023-12-17T08:30:59.725+0700] {processor.py:829} INFO - Processing file /home/phuc/Practice/DataScience/DSProject/venv/lib/python3.10/site-packages/airflow/example_dags/example_branch_day_of_week_operator.py for tasks to queue
[2023-12-17T08:30:59.727+0700] {logging_mixin.py:154} INFO - [2023-12-17T08:30:59.726+0700] {dagbag.py:536} INFO - Filling up the DagBag from /home/phuc/Practice/DataScience/DSProject/venv/lib/python3.10/site-packages/airflow/example_dags/example_branch_day_of_week_operator.py
[2023-12-17T08:30:59.738+0700] {processor.py:839} INFO - DAG(s) dict_keys(['example_weekday_branch_operator']) retrieved from /home/phuc/Practice/DataScience/DSProject/venv/lib/python3.10/site-packages/airflow/example_dags/example_branch_day_of_week_operator.py
[2023-12-17T08:30:59.749+0700] {logging_mixin.py:154} INFO - [2023-12-17T08:30:59.749+0700] {dag.py:2941} INFO - Sync 1 DAGs
[2023-12-17T08:30:59.757+0700] {logging_mixin.py:154} INFO - [2023-12-17T08:30:59.757+0700] {dag.py:3722} INFO - Setting next_dagrun for example_weekday_branch_operator to 2023-12-16T00:00:00+00:00, run_after=2023-12-17T00:00:00+00:00
[2023-12-17T08:30:59.767+0700] {processor.py:179} INFO - Processing /home/phuc/Practice/DataScience/DSProject/venv/lib/python3.10/site-packages/airflow/example_dags/example_branch_day_of_week_operator.py took 0.050 seconds
[2023-12-17T08:31:53.314+0700] {processor.py:157} INFO - Started process (PID=322094) to work on /home/phuc/Practice/DataScience/DSProject/venv/lib/python3.10/site-packages/airflow/example_dags/example_branch_day_of_week_operator.py
[2023-12-17T08:31:53.315+0700] {processor.py:829} INFO - Processing file /home/phuc/Practice/DataScience/DSProject/venv/lib/python3.10/site-packages/airflow/example_dags/example_branch_day_of_week_operator.py for tasks to queue
[2023-12-17T08:31:53.315+0700] {logging_mixin.py:154} INFO - [2023-12-17T08:31:53.315+0700] {dagbag.py:536} INFO - Filling up the DagBag from /home/phuc/Practice/DataScience/DSProject/venv/lib/python3.10/site-packages/airflow/example_dags/example_branch_day_of_week_operator.py
[2023-12-17T08:31:53.320+0700] {processor.py:839} INFO - DAG(s) dict_keys(['example_weekday_branch_operator']) retrieved from /home/phuc/Practice/DataScience/DSProject/venv/lib/python3.10/site-packages/airflow/example_dags/example_branch_day_of_week_operator.py
[2023-12-17T08:31:53.330+0700] {logging_mixin.py:154} INFO - [2023-12-17T08:31:53.330+0700] {dag.py:2941} INFO - Sync 1 DAGs
[2023-12-17T08:31:53.341+0700] {logging_mixin.py:154} INFO - [2023-12-17T08:31:53.340+0700] {dag.py:3722} INFO - Setting next_dagrun for example_weekday_branch_operator to 2023-12-16T00:00:00+00:00, run_after=2023-12-17T00:00:00+00:00
[2023-12-17T08:31:53.352+0700] {processor.py:179} INFO - Processing /home/phuc/Practice/DataScience/DSProject/venv/lib/python3.10/site-packages/airflow/example_dags/example_branch_day_of_week_operator.py took 0.040 seconds
[2023-12-17T08:33:03.458+0700] {processor.py:157} INFO - Started process (PID=323063) to work on /home/phuc/Practice/DataScience/DSProject/venv/lib/python3.10/site-packages/airflow/example_dags/example_branch_day_of_week_operator.py
[2023-12-17T08:33:03.464+0700] {processor.py:829} INFO - Processing file /home/phuc/Practice/DataScience/DSProject/venv/lib/python3.10/site-packages/airflow/example_dags/example_branch_day_of_week_operator.py for tasks to queue
[2023-12-17T08:33:03.465+0700] {logging_mixin.py:154} INFO - [2023-12-17T08:33:03.464+0700] {dagbag.py:536} INFO - Filling up the DagBag from /home/phuc/Practice/DataScience/DSProject/venv/lib/python3.10/site-packages/airflow/example_dags/example_branch_day_of_week_operator.py
[2023-12-17T08:33:03.471+0700] {processor.py:839} INFO - DAG(s) dict_keys(['example_weekday_branch_operator']) retrieved from /home/phuc/Practice/DataScience/DSProject/venv/lib/python3.10/site-packages/airflow/example_dags/example_branch_day_of_week_operator.py
[2023-12-17T08:33:03.479+0700] {logging_mixin.py:154} INFO - [2023-12-17T08:33:03.479+0700] {dag.py:2941} INFO - Sync 1 DAGs
[2023-12-17T08:33:03.488+0700] {logging_mixin.py:154} INFO - [2023-12-17T08:33:03.487+0700] {dag.py:3722} INFO - Setting next_dagrun for example_weekday_branch_operator to 2023-12-16T00:00:00+00:00, run_after=2023-12-17T00:00:00+00:00
[2023-12-17T08:33:03.497+0700] {processor.py:179} INFO - Processing /home/phuc/Practice/DataScience/DSProject/venv/lib/python3.10/site-packages/airflow/example_dags/example_branch_day_of_week_operator.py took 0.041 seconds
[2023-12-17T08:33:50.814+0700] {processor.py:157} INFO - Started process (PID=323301) to work on /home/phuc/Practice/DataScience/DSProject/venv/lib/python3.10/site-packages/airflow/example_dags/example_branch_day_of_week_operator.py
[2023-12-17T08:33:50.821+0700] {processor.py:829} INFO - Processing file /home/phuc/Practice/DataScience/DSProject/venv/lib/python3.10/site-packages/airflow/example_dags/example_branch_day_of_week_operator.py for tasks to queue
[2023-12-17T08:33:50.823+0700] {logging_mixin.py:154} INFO - [2023-12-17T08:33:50.822+0700] {dagbag.py:536} INFO - Filling up the DagBag from /home/phuc/Practice/DataScience/DSProject/venv/lib/python3.10/site-packages/airflow/example_dags/example_branch_day_of_week_operator.py
[2023-12-17T08:33:50.834+0700] {processor.py:839} INFO - DAG(s) dict_keys(['example_weekday_branch_operator']) retrieved from /home/phuc/Practice/DataScience/DSProject/venv/lib/python3.10/site-packages/airflow/example_dags/example_branch_day_of_week_operator.py
[2023-12-17T08:33:50.843+0700] {logging_mixin.py:154} INFO - [2023-12-17T08:33:50.843+0700] {dag.py:2941} INFO - Sync 1 DAGs
[2023-12-17T08:33:50.852+0700] {logging_mixin.py:154} INFO - [2023-12-17T08:33:50.852+0700] {dag.py:3722} INFO - Setting next_dagrun for example_weekday_branch_operator to 2023-12-16T00:00:00+00:00, run_after=2023-12-17T00:00:00+00:00
[2023-12-17T08:33:50.861+0700] {processor.py:179} INFO - Processing /home/phuc/Practice/DataScience/DSProject/venv/lib/python3.10/site-packages/airflow/example_dags/example_branch_day_of_week_operator.py took 0.049 seconds
[2023-12-17T08:34:46.112+0700] {processor.py:157} INFO - Started process (PID=323823) to work on /home/phuc/Practice/DataScience/DSProject/venv/lib/python3.10/site-packages/airflow/example_dags/example_branch_day_of_week_operator.py
[2023-12-17T08:34:46.119+0700] {processor.py:829} INFO - Processing file /home/phuc/Practice/DataScience/DSProject/venv/lib/python3.10/site-packages/airflow/example_dags/example_branch_day_of_week_operator.py for tasks to queue
[2023-12-17T08:34:46.120+0700] {logging_mixin.py:154} INFO - [2023-12-17T08:34:46.120+0700] {dagbag.py:536} INFO - Filling up the DagBag from /home/phuc/Practice/DataScience/DSProject/venv/lib/python3.10/site-packages/airflow/example_dags/example_branch_day_of_week_operator.py
[2023-12-17T08:34:46.131+0700] {processor.py:839} INFO - DAG(s) dict_keys(['example_weekday_branch_operator']) retrieved from /home/phuc/Practice/DataScience/DSProject/venv/lib/python3.10/site-packages/airflow/example_dags/example_branch_day_of_week_operator.py
[2023-12-17T08:34:46.141+0700] {logging_mixin.py:154} INFO - [2023-12-17T08:34:46.141+0700] {dag.py:2941} INFO - Sync 1 DAGs
[2023-12-17T08:34:46.150+0700] {logging_mixin.py:154} INFO - [2023-12-17T08:34:46.150+0700] {dag.py:3722} INFO - Setting next_dagrun for example_weekday_branch_operator to 2023-12-16T00:00:00+00:00, run_after=2023-12-17T00:00:00+00:00
[2023-12-17T08:34:46.159+0700] {processor.py:179} INFO - Processing /home/phuc/Practice/DataScience/DSProject/venv/lib/python3.10/site-packages/airflow/example_dags/example_branch_day_of_week_operator.py took 0.051 seconds
[2023-12-17T08:35:40.914+0700] {processor.py:157} INFO - Started process (PID=324239) to work on /home/phuc/Practice/DataScience/DSProject/venv/lib/python3.10/site-packages/airflow/example_dags/example_branch_day_of_week_operator.py
[2023-12-17T08:35:40.921+0700] {processor.py:829} INFO - Processing file /home/phuc/Practice/DataScience/DSProject/venv/lib/python3.10/site-packages/airflow/example_dags/example_branch_day_of_week_operator.py for tasks to queue
[2023-12-17T08:35:40.923+0700] {logging_mixin.py:154} INFO - [2023-12-17T08:35:40.922+0700] {dagbag.py:536} INFO - Filling up the DagBag from /home/phuc/Practice/DataScience/DSProject/venv/lib/python3.10/site-packages/airflow/example_dags/example_branch_day_of_week_operator.py
[2023-12-17T08:35:40.934+0700] {processor.py:839} INFO - DAG(s) dict_keys(['example_weekday_branch_operator']) retrieved from /home/phuc/Practice/DataScience/DSProject/venv/lib/python3.10/site-packages/airflow/example_dags/example_branch_day_of_week_operator.py
[2023-12-17T08:35:40.944+0700] {logging_mixin.py:154} INFO - [2023-12-17T08:35:40.944+0700] {dag.py:2941} INFO - Sync 1 DAGs
[2023-12-17T08:35:40.953+0700] {logging_mixin.py:154} INFO - [2023-12-17T08:35:40.953+0700] {dag.py:3722} INFO - Setting next_dagrun for example_weekday_branch_operator to 2023-12-16T00:00:00+00:00, run_after=2023-12-17T00:00:00+00:00
[2023-12-17T08:35:40.963+0700] {processor.py:179} INFO - Processing /home/phuc/Practice/DataScience/DSProject/venv/lib/python3.10/site-packages/airflow/example_dags/example_branch_day_of_week_operator.py took 0.053 seconds
