[2023-12-17T08:03:34.484+0700] {processor.py:157} INFO - Started process (PID=309871) to work on /home/phuc/Practice/DataScience/DSProject/venv/lib/python3.10/site-packages/airflow/example_dags/example_nested_branch_dag.py
[2023-12-17T08:03:34.485+0700] {processor.py:829} INFO - Processing file /home/phuc/Practice/DataScience/DSProject/venv/lib/python3.10/site-packages/airflow/example_dags/example_nested_branch_dag.py for tasks to queue
[2023-12-17T08:03:34.486+0700] {logging_mixin.py:154} INFO - [2023-12-17T08:03:34.485+0700] {dagbag.py:536} INFO - Filling up the DagBag from /home/phuc/Practice/DataScience/DSProject/venv/lib/python3.10/site-packages/airflow/example_dags/example_nested_branch_dag.py
[2023-12-17T08:03:34.494+0700] {processor.py:839} INFO - DAG(s) dict_keys(['example_nested_branch_dag']) retrieved from /home/phuc/Practice/DataScience/DSProject/venv/lib/python3.10/site-packages/airflow/example_dags/example_nested_branch_dag.py
[2023-12-17T08:03:34.576+0700] {logging_mixin.py:154} INFO - [2023-12-17T08:03:34.576+0700] {manager.py:499} INFO - Created Permission View: %s
[2023-12-17T08:03:34.584+0700] {logging_mixin.py:154} INFO - [2023-12-17T08:03:34.584+0700] {manager.py:499} INFO - Created Permission View: %s
[2023-12-17T08:03:34.590+0700] {logging_mixin.py:154} INFO - [2023-12-17T08:03:34.590+0700] {manager.py:499} INFO - Created Permission View: %s
[2023-12-17T08:03:34.590+0700] {logging_mixin.py:154} INFO - [2023-12-17T08:03:34.590+0700] {dag.py:2941} INFO - Sync 1 DAGs
[2023-12-17T08:03:34.598+0700] {logging_mixin.py:154} INFO - [2023-12-17T08:03:34.598+0700] {dag.py:2963} INFO - Creating ORM DAG for example_nested_branch_dag
[2023-12-17T08:03:34.606+0700] {logging_mixin.py:154} INFO - [2023-12-17T08:03:34.605+0700] {dag.py:3722} INFO - Setting next_dagrun for example_nested_branch_dag to 2023-12-16T00:00:00+00:00, run_after=2023-12-17T00:00:00+00:00
[2023-12-17T08:03:34.622+0700] {processor.py:179} INFO - Processing /home/phuc/Practice/DataScience/DSProject/venv/lib/python3.10/site-packages/airflow/example_dags/example_nested_branch_dag.py took 0.140 seconds
[2023-12-17T08:05:49.140+0700] {processor.py:157} INFO - Started process (PID=311116) to work on /home/phuc/Practice/DataScience/DSProject/venv/lib/python3.10/site-packages/airflow/example_dags/example_nested_branch_dag.py
[2023-12-17T08:05:49.147+0700] {processor.py:829} INFO - Processing file /home/phuc/Practice/DataScience/DSProject/venv/lib/python3.10/site-packages/airflow/example_dags/example_nested_branch_dag.py for tasks to queue
[2023-12-17T08:05:49.149+0700] {logging_mixin.py:154} INFO - [2023-12-17T08:05:49.148+0700] {dagbag.py:536} INFO - Filling up the DagBag from /home/phuc/Practice/DataScience/DSProject/venv/lib/python3.10/site-packages/airflow/example_dags/example_nested_branch_dag.py
[2023-12-17T08:05:49.160+0700] {processor.py:839} INFO - DAG(s) dict_keys(['example_nested_branch_dag']) retrieved from /home/phuc/Practice/DataScience/DSProject/venv/lib/python3.10/site-packages/airflow/example_dags/example_nested_branch_dag.py
[2023-12-17T08:05:49.172+0700] {logging_mixin.py:154} INFO - [2023-12-17T08:05:49.172+0700] {dag.py:2941} INFO - Sync 1 DAGs
[2023-12-17T08:05:49.187+0700] {logging_mixin.py:154} INFO - [2023-12-17T08:05:49.187+0700] {dag.py:3722} INFO - Setting next_dagrun for example_nested_branch_dag to 2023-12-16T00:00:00+00:00, run_after=2023-12-17T00:00:00+00:00
[2023-12-17T08:05:49.204+0700] {processor.py:179} INFO - Processing /home/phuc/Practice/DataScience/DSProject/venv/lib/python3.10/site-packages/airflow/example_dags/example_nested_branch_dag.py took 0.067 seconds
[2023-12-17T08:06:38.332+0700] {processor.py:157} INFO - Started process (PID=311623) to work on /home/phuc/Practice/DataScience/DSProject/venv/lib/python3.10/site-packages/airflow/example_dags/example_nested_branch_dag.py
[2023-12-17T08:06:38.339+0700] {processor.py:829} INFO - Processing file /home/phuc/Practice/DataScience/DSProject/venv/lib/python3.10/site-packages/airflow/example_dags/example_nested_branch_dag.py for tasks to queue
[2023-12-17T08:06:38.340+0700] {logging_mixin.py:154} INFO - [2023-12-17T08:06:38.339+0700] {dagbag.py:536} INFO - Filling up the DagBag from /home/phuc/Practice/DataScience/DSProject/venv/lib/python3.10/site-packages/airflow/example_dags/example_nested_branch_dag.py
[2023-12-17T08:06:38.347+0700] {processor.py:839} INFO - DAG(s) dict_keys(['example_nested_branch_dag']) retrieved from /home/phuc/Practice/DataScience/DSProject/venv/lib/python3.10/site-packages/airflow/example_dags/example_nested_branch_dag.py
[2023-12-17T08:06:38.360+0700] {logging_mixin.py:154} INFO - [2023-12-17T08:06:38.360+0700] {dag.py:2941} INFO - Sync 1 DAGs
[2023-12-17T08:06:38.374+0700] {logging_mixin.py:154} INFO - [2023-12-17T08:06:38.374+0700] {dag.py:3722} INFO - Setting next_dagrun for example_nested_branch_dag to 2023-12-16T00:00:00+00:00, run_after=2023-12-17T00:00:00+00:00
[2023-12-17T08:06:38.390+0700] {processor.py:179} INFO - Processing /home/phuc/Practice/DataScience/DSProject/venv/lib/python3.10/site-packages/airflow/example_dags/example_nested_branch_dag.py took 0.060 seconds
[2023-12-17T08:08:10.586+0700] {processor.py:157} INFO - Started process (PID=313015) to work on /home/phuc/Practice/DataScience/DSProject/venv/lib/python3.10/site-packages/airflow/example_dags/example_nested_branch_dag.py
[2023-12-17T08:08:10.593+0700] {processor.py:829} INFO - Processing file /home/phuc/Practice/DataScience/DSProject/venv/lib/python3.10/site-packages/airflow/example_dags/example_nested_branch_dag.py for tasks to queue
[2023-12-17T08:08:10.594+0700] {logging_mixin.py:154} INFO - [2023-12-17T08:08:10.594+0700] {dagbag.py:536} INFO - Filling up the DagBag from /home/phuc/Practice/DataScience/DSProject/venv/lib/python3.10/site-packages/airflow/example_dags/example_nested_branch_dag.py
[2023-12-17T08:08:10.607+0700] {processor.py:839} INFO - DAG(s) dict_keys(['example_nested_branch_dag']) retrieved from /home/phuc/Practice/DataScience/DSProject/venv/lib/python3.10/site-packages/airflow/example_dags/example_nested_branch_dag.py
[2023-12-17T08:08:10.617+0700] {logging_mixin.py:154} INFO - [2023-12-17T08:08:10.617+0700] {dag.py:2941} INFO - Sync 1 DAGs
[2023-12-17T08:08:10.627+0700] {logging_mixin.py:154} INFO - [2023-12-17T08:08:10.627+0700] {dag.py:3722} INFO - Setting next_dagrun for example_nested_branch_dag to 2023-12-16T00:00:00+00:00, run_after=2023-12-17T00:00:00+00:00
[2023-12-17T08:08:10.639+0700] {processor.py:179} INFO - Processing /home/phuc/Practice/DataScience/DSProject/venv/lib/python3.10/site-packages/airflow/example_dags/example_nested_branch_dag.py took 0.057 seconds
[2023-12-17T08:09:08.455+0700] {processor.py:157} INFO - Started process (PID=313381) to work on /home/phuc/Practice/DataScience/DSProject/venv/lib/python3.10/site-packages/airflow/example_dags/example_nested_branch_dag.py
[2023-12-17T08:09:08.462+0700] {processor.py:829} INFO - Processing file /home/phuc/Practice/DataScience/DSProject/venv/lib/python3.10/site-packages/airflow/example_dags/example_nested_branch_dag.py for tasks to queue
[2023-12-17T08:09:08.463+0700] {logging_mixin.py:154} INFO - [2023-12-17T08:09:08.462+0700] {dagbag.py:536} INFO - Filling up the DagBag from /home/phuc/Practice/DataScience/DSProject/venv/lib/python3.10/site-packages/airflow/example_dags/example_nested_branch_dag.py
[2023-12-17T08:09:08.476+0700] {processor.py:839} INFO - DAG(s) dict_keys(['example_nested_branch_dag']) retrieved from /home/phuc/Practice/DataScience/DSProject/venv/lib/python3.10/site-packages/airflow/example_dags/example_nested_branch_dag.py
[2023-12-17T08:09:08.487+0700] {logging_mixin.py:154} INFO - [2023-12-17T08:09:08.486+0700] {dag.py:2941} INFO - Sync 1 DAGs
[2023-12-17T08:09:08.497+0700] {logging_mixin.py:154} INFO - [2023-12-17T08:09:08.497+0700] {dag.py:3722} INFO - Setting next_dagrun for example_nested_branch_dag to 2023-12-16T00:00:00+00:00, run_after=2023-12-17T00:00:00+00:00
[2023-12-17T08:09:08.509+0700] {processor.py:179} INFO - Processing /home/phuc/Practice/DataScience/DSProject/venv/lib/python3.10/site-packages/airflow/example_dags/example_nested_branch_dag.py took 0.057 seconds
[2023-12-17T08:09:53.630+0700] {processor.py:157} INFO - Started process (PID=313670) to work on /home/phuc/Practice/DataScience/DSProject/venv/lib/python3.10/site-packages/airflow/example_dags/example_nested_branch_dag.py
[2023-12-17T08:09:53.637+0700] {processor.py:829} INFO - Processing file /home/phuc/Practice/DataScience/DSProject/venv/lib/python3.10/site-packages/airflow/example_dags/example_nested_branch_dag.py for tasks to queue
[2023-12-17T08:09:53.639+0700] {logging_mixin.py:154} INFO - [2023-12-17T08:09:53.638+0700] {dagbag.py:536} INFO - Filling up the DagBag from /home/phuc/Practice/DataScience/DSProject/venv/lib/python3.10/site-packages/airflow/example_dags/example_nested_branch_dag.py
[2023-12-17T08:09:53.647+0700] {processor.py:839} INFO - DAG(s) dict_keys(['example_nested_branch_dag']) retrieved from /home/phuc/Practice/DataScience/DSProject/venv/lib/python3.10/site-packages/airflow/example_dags/example_nested_branch_dag.py
[2023-12-17T08:09:53.661+0700] {logging_mixin.py:154} INFO - [2023-12-17T08:09:53.661+0700] {dag.py:2941} INFO - Sync 1 DAGs
[2023-12-17T08:09:53.677+0700] {logging_mixin.py:154} INFO - [2023-12-17T08:09:53.677+0700] {dag.py:3722} INFO - Setting next_dagrun for example_nested_branch_dag to 2023-12-16T00:00:00+00:00, run_after=2023-12-17T00:00:00+00:00
[2023-12-17T08:09:53.694+0700] {processor.py:179} INFO - Processing /home/phuc/Practice/DataScience/DSProject/venv/lib/python3.10/site-packages/airflow/example_dags/example_nested_branch_dag.py took 0.067 seconds
[2023-12-17T08:10:45.955+0700] {processor.py:157} INFO - Started process (PID=313946) to work on /home/phuc/Practice/DataScience/DSProject/venv/lib/python3.10/site-packages/airflow/example_dags/example_nested_branch_dag.py
[2023-12-17T08:10:45.962+0700] {processor.py:829} INFO - Processing file /home/phuc/Practice/DataScience/DSProject/venv/lib/python3.10/site-packages/airflow/example_dags/example_nested_branch_dag.py for tasks to queue
[2023-12-17T08:10:45.964+0700] {logging_mixin.py:154} INFO - [2023-12-17T08:10:45.963+0700] {dagbag.py:536} INFO - Filling up the DagBag from /home/phuc/Practice/DataScience/DSProject/venv/lib/python3.10/site-packages/airflow/example_dags/example_nested_branch_dag.py
[2023-12-17T08:10:45.977+0700] {processor.py:839} INFO - DAG(s) dict_keys(['example_nested_branch_dag']) retrieved from /home/phuc/Practice/DataScience/DSProject/venv/lib/python3.10/site-packages/airflow/example_dags/example_nested_branch_dag.py
[2023-12-17T08:10:45.987+0700] {logging_mixin.py:154} INFO - [2023-12-17T08:10:45.987+0700] {dag.py:2941} INFO - Sync 1 DAGs
[2023-12-17T08:10:45.997+0700] {logging_mixin.py:154} INFO - [2023-12-17T08:10:45.997+0700] {dag.py:3722} INFO - Setting next_dagrun for example_nested_branch_dag to 2023-12-16T00:00:00+00:00, run_after=2023-12-17T00:00:00+00:00
[2023-12-17T08:10:46.008+0700] {processor.py:179} INFO - Processing /home/phuc/Practice/DataScience/DSProject/venv/lib/python3.10/site-packages/airflow/example_dags/example_nested_branch_dag.py took 0.056 seconds
[2023-12-17T08:11:33.256+0700] {processor.py:157} INFO - Started process (PID=314149) to work on /home/phuc/Practice/DataScience/DSProject/venv/lib/python3.10/site-packages/airflow/example_dags/example_nested_branch_dag.py
[2023-12-17T08:11:33.263+0700] {processor.py:829} INFO - Processing file /home/phuc/Practice/DataScience/DSProject/venv/lib/python3.10/site-packages/airflow/example_dags/example_nested_branch_dag.py for tasks to queue
[2023-12-17T08:11:33.265+0700] {logging_mixin.py:154} INFO - [2023-12-17T08:11:33.264+0700] {dagbag.py:536} INFO - Filling up the DagBag from /home/phuc/Practice/DataScience/DSProject/venv/lib/python3.10/site-packages/airflow/example_dags/example_nested_branch_dag.py
[2023-12-17T08:11:33.278+0700] {processor.py:839} INFO - DAG(s) dict_keys(['example_nested_branch_dag']) retrieved from /home/phuc/Practice/DataScience/DSProject/venv/lib/python3.10/site-packages/airflow/example_dags/example_nested_branch_dag.py
[2023-12-17T08:11:33.288+0700] {logging_mixin.py:154} INFO - [2023-12-17T08:11:33.288+0700] {dag.py:2941} INFO - Sync 1 DAGs
[2023-12-17T08:11:33.298+0700] {logging_mixin.py:154} INFO - [2023-12-17T08:11:33.298+0700] {dag.py:3722} INFO - Setting next_dagrun for example_nested_branch_dag to 2023-12-16T00:00:00+00:00, run_after=2023-12-17T00:00:00+00:00
[2023-12-17T08:11:33.309+0700] {processor.py:179} INFO - Processing /home/phuc/Practice/DataScience/DSProject/venv/lib/python3.10/site-packages/airflow/example_dags/example_nested_branch_dag.py took 0.057 seconds
[2023-12-17T08:12:25.136+0700] {processor.py:157} INFO - Started process (PID=314426) to work on /home/phuc/Practice/DataScience/DSProject/venv/lib/python3.10/site-packages/airflow/example_dags/example_nested_branch_dag.py
[2023-12-17T08:12:25.144+0700] {processor.py:829} INFO - Processing file /home/phuc/Practice/DataScience/DSProject/venv/lib/python3.10/site-packages/airflow/example_dags/example_nested_branch_dag.py for tasks to queue
[2023-12-17T08:12:25.145+0700] {logging_mixin.py:154} INFO - [2023-12-17T08:12:25.144+0700] {dagbag.py:536} INFO - Filling up the DagBag from /home/phuc/Practice/DataScience/DSProject/venv/lib/python3.10/site-packages/airflow/example_dags/example_nested_branch_dag.py
[2023-12-17T08:12:25.158+0700] {processor.py:839} INFO - DAG(s) dict_keys(['example_nested_branch_dag']) retrieved from /home/phuc/Practice/DataScience/DSProject/venv/lib/python3.10/site-packages/airflow/example_dags/example_nested_branch_dag.py
[2023-12-17T08:12:25.168+0700] {logging_mixin.py:154} INFO - [2023-12-17T08:12:25.168+0700] {dag.py:2941} INFO - Sync 1 DAGs
[2023-12-17T08:12:25.178+0700] {logging_mixin.py:154} INFO - [2023-12-17T08:12:25.178+0700] {dag.py:3722} INFO - Setting next_dagrun for example_nested_branch_dag to 2023-12-16T00:00:00+00:00, run_after=2023-12-17T00:00:00+00:00
[2023-12-17T08:12:25.190+0700] {processor.py:179} INFO - Processing /home/phuc/Practice/DataScience/DSProject/venv/lib/python3.10/site-packages/airflow/example_dags/example_nested_branch_dag.py took 0.058 seconds
[2023-12-17T08:13:12.413+0700] {processor.py:157} INFO - Started process (PID=314631) to work on /home/phuc/Practice/DataScience/DSProject/venv/lib/python3.10/site-packages/airflow/example_dags/example_nested_branch_dag.py
[2023-12-17T08:13:12.420+0700] {processor.py:829} INFO - Processing file /home/phuc/Practice/DataScience/DSProject/venv/lib/python3.10/site-packages/airflow/example_dags/example_nested_branch_dag.py for tasks to queue
[2023-12-17T08:13:12.421+0700] {logging_mixin.py:154} INFO - [2023-12-17T08:13:12.421+0700] {dagbag.py:536} INFO - Filling up the DagBag from /home/phuc/Practice/DataScience/DSProject/venv/lib/python3.10/site-packages/airflow/example_dags/example_nested_branch_dag.py
[2023-12-17T08:13:12.434+0700] {processor.py:839} INFO - DAG(s) dict_keys(['example_nested_branch_dag']) retrieved from /home/phuc/Practice/DataScience/DSProject/venv/lib/python3.10/site-packages/airflow/example_dags/example_nested_branch_dag.py
[2023-12-17T08:13:12.446+0700] {logging_mixin.py:154} INFO - [2023-12-17T08:13:12.445+0700] {dag.py:2941} INFO - Sync 1 DAGs
[2023-12-17T08:13:12.459+0700] {logging_mixin.py:154} INFO - [2023-12-17T08:13:12.459+0700] {dag.py:3722} INFO - Setting next_dagrun for example_nested_branch_dag to 2023-12-16T00:00:00+00:00, run_after=2023-12-17T00:00:00+00:00
[2023-12-17T08:13:12.475+0700] {processor.py:179} INFO - Processing /home/phuc/Practice/DataScience/DSProject/venv/lib/python3.10/site-packages/airflow/example_dags/example_nested_branch_dag.py took 0.065 seconds
[2023-12-17T08:13:58.707+0700] {processor.py:157} INFO - Started process (PID=314893) to work on /home/phuc/Practice/DataScience/DSProject/venv/lib/python3.10/site-packages/airflow/example_dags/example_nested_branch_dag.py
[2023-12-17T08:13:58.714+0700] {processor.py:829} INFO - Processing file /home/phuc/Practice/DataScience/DSProject/venv/lib/python3.10/site-packages/airflow/example_dags/example_nested_branch_dag.py for tasks to queue
[2023-12-17T08:13:58.715+0700] {logging_mixin.py:154} INFO - [2023-12-17T08:13:58.714+0700] {dagbag.py:536} INFO - Filling up the DagBag from /home/phuc/Practice/DataScience/DSProject/venv/lib/python3.10/site-packages/airflow/example_dags/example_nested_branch_dag.py
[2023-12-17T08:13:58.728+0700] {processor.py:839} INFO - DAG(s) dict_keys(['example_nested_branch_dag']) retrieved from /home/phuc/Practice/DataScience/DSProject/venv/lib/python3.10/site-packages/airflow/example_dags/example_nested_branch_dag.py
[2023-12-17T08:13:58.739+0700] {logging_mixin.py:154} INFO - [2023-12-17T08:13:58.738+0700] {dag.py:2941} INFO - Sync 1 DAGs
[2023-12-17T08:13:58.749+0700] {logging_mixin.py:154} INFO - [2023-12-17T08:13:58.748+0700] {dag.py:3722} INFO - Setting next_dagrun for example_nested_branch_dag to 2023-12-16T00:00:00+00:00, run_after=2023-12-17T00:00:00+00:00
[2023-12-17T08:13:58.761+0700] {processor.py:179} INFO - Processing /home/phuc/Practice/DataScience/DSProject/venv/lib/python3.10/site-packages/airflow/example_dags/example_nested_branch_dag.py took 0.057 seconds
[2023-12-17T08:14:50.136+0700] {processor.py:157} INFO - Started process (PID=315114) to work on /home/phuc/Practice/DataScience/DSProject/venv/lib/python3.10/site-packages/airflow/example_dags/example_nested_branch_dag.py
[2023-12-17T08:14:50.143+0700] {processor.py:829} INFO - Processing file /home/phuc/Practice/DataScience/DSProject/venv/lib/python3.10/site-packages/airflow/example_dags/example_nested_branch_dag.py for tasks to queue
[2023-12-17T08:14:50.144+0700] {logging_mixin.py:154} INFO - [2023-12-17T08:14:50.144+0700] {dagbag.py:536} INFO - Filling up the DagBag from /home/phuc/Practice/DataScience/DSProject/venv/lib/python3.10/site-packages/airflow/example_dags/example_nested_branch_dag.py
[2023-12-17T08:14:50.152+0700] {processor.py:839} INFO - DAG(s) dict_keys(['example_nested_branch_dag']) retrieved from /home/phuc/Practice/DataScience/DSProject/venv/lib/python3.10/site-packages/airflow/example_dags/example_nested_branch_dag.py
[2023-12-17T08:14:50.164+0700] {logging_mixin.py:154} INFO - [2023-12-17T08:14:50.163+0700] {dag.py:2941} INFO - Sync 1 DAGs
[2023-12-17T08:14:50.175+0700] {logging_mixin.py:154} INFO - [2023-12-17T08:14:50.175+0700] {dag.py:3722} INFO - Setting next_dagrun for example_nested_branch_dag to 2023-12-16T00:00:00+00:00, run_after=2023-12-17T00:00:00+00:00
[2023-12-17T08:14:50.187+0700] {processor.py:179} INFO - Processing /home/phuc/Practice/DataScience/DSProject/venv/lib/python3.10/site-packages/airflow/example_dags/example_nested_branch_dag.py took 0.053 seconds
[2023-12-17T08:15:43.730+0700] {processor.py:157} INFO - Started process (PID=315359) to work on /home/phuc/Practice/DataScience/DSProject/venv/lib/python3.10/site-packages/airflow/example_dags/example_nested_branch_dag.py
[2023-12-17T08:15:43.732+0700] {processor.py:829} INFO - Processing file /home/phuc/Practice/DataScience/DSProject/venv/lib/python3.10/site-packages/airflow/example_dags/example_nested_branch_dag.py for tasks to queue
[2023-12-17T08:15:43.733+0700] {logging_mixin.py:154} INFO - [2023-12-17T08:15:43.732+0700] {dagbag.py:536} INFO - Filling up the DagBag from /home/phuc/Practice/DataScience/DSProject/venv/lib/python3.10/site-packages/airflow/example_dags/example_nested_branch_dag.py
[2023-12-17T08:15:43.745+0700] {processor.py:839} INFO - DAG(s) dict_keys(['example_nested_branch_dag']) retrieved from /home/phuc/Practice/DataScience/DSProject/venv/lib/python3.10/site-packages/airflow/example_dags/example_nested_branch_dag.py
[2023-12-17T08:15:43.755+0700] {logging_mixin.py:154} INFO - [2023-12-17T08:15:43.755+0700] {dag.py:2941} INFO - Sync 1 DAGs
[2023-12-17T08:15:43.765+0700] {logging_mixin.py:154} INFO - [2023-12-17T08:15:43.764+0700] {dag.py:3722} INFO - Setting next_dagrun for example_nested_branch_dag to 2023-12-16T00:00:00+00:00, run_after=2023-12-17T00:00:00+00:00
[2023-12-17T08:15:43.777+0700] {processor.py:179} INFO - Processing /home/phuc/Practice/DataScience/DSProject/venv/lib/python3.10/site-packages/airflow/example_dags/example_nested_branch_dag.py took 0.051 seconds
[2023-12-17T08:18:05.329+0700] {processor.py:157} INFO - Started process (PID=316463) to work on /home/phuc/Practice/DataScience/DSProject/venv/lib/python3.10/site-packages/airflow/example_dags/example_nested_branch_dag.py
[2023-12-17T08:18:05.330+0700] {processor.py:829} INFO - Processing file /home/phuc/Practice/DataScience/DSProject/venv/lib/python3.10/site-packages/airflow/example_dags/example_nested_branch_dag.py for tasks to queue
[2023-12-17T08:18:05.330+0700] {logging_mixin.py:154} INFO - [2023-12-17T08:18:05.330+0700] {dagbag.py:536} INFO - Filling up the DagBag from /home/phuc/Practice/DataScience/DSProject/venv/lib/python3.10/site-packages/airflow/example_dags/example_nested_branch_dag.py
[2023-12-17T08:18:05.337+0700] {processor.py:839} INFO - DAG(s) dict_keys(['example_nested_branch_dag']) retrieved from /home/phuc/Practice/DataScience/DSProject/venv/lib/python3.10/site-packages/airflow/example_dags/example_nested_branch_dag.py
[2023-12-17T08:18:05.347+0700] {logging_mixin.py:154} INFO - [2023-12-17T08:18:05.347+0700] {dag.py:2941} INFO - Sync 1 DAGs
[2023-12-17T08:18:05.360+0700] {logging_mixin.py:154} INFO - [2023-12-17T08:18:05.359+0700] {dag.py:3722} INFO - Setting next_dagrun for example_nested_branch_dag to 2023-12-16T00:00:00+00:00, run_after=2023-12-17T00:00:00+00:00
[2023-12-17T08:18:05.373+0700] {processor.py:179} INFO - Processing /home/phuc/Practice/DataScience/DSProject/venv/lib/python3.10/site-packages/airflow/example_dags/example_nested_branch_dag.py took 0.046 seconds
[2023-12-17T08:18:52.916+0700] {processor.py:157} INFO - Started process (PID=316853) to work on /home/phuc/Practice/DataScience/DSProject/venv/lib/python3.10/site-packages/airflow/example_dags/example_nested_branch_dag.py
[2023-12-17T08:18:52.924+0700] {processor.py:829} INFO - Processing file /home/phuc/Practice/DataScience/DSProject/venv/lib/python3.10/site-packages/airflow/example_dags/example_nested_branch_dag.py for tasks to queue
[2023-12-17T08:18:52.925+0700] {logging_mixin.py:154} INFO - [2023-12-17T08:18:52.924+0700] {dagbag.py:536} INFO - Filling up the DagBag from /home/phuc/Practice/DataScience/DSProject/venv/lib/python3.10/site-packages/airflow/example_dags/example_nested_branch_dag.py
[2023-12-17T08:18:52.936+0700] {processor.py:839} INFO - DAG(s) dict_keys(['example_nested_branch_dag']) retrieved from /home/phuc/Practice/DataScience/DSProject/venv/lib/python3.10/site-packages/airflow/example_dags/example_nested_branch_dag.py
[2023-12-17T08:18:52.954+0700] {logging_mixin.py:154} INFO - [2023-12-17T08:18:52.953+0700] {dag.py:2941} INFO - Sync 1 DAGs
[2023-12-17T08:18:52.973+0700] {logging_mixin.py:154} INFO - [2023-12-17T08:18:52.972+0700] {dag.py:3722} INFO - Setting next_dagrun for example_nested_branch_dag to 2023-12-16T00:00:00+00:00, run_after=2023-12-17T00:00:00+00:00
[2023-12-17T08:18:52.993+0700] {processor.py:179} INFO - Processing /home/phuc/Practice/DataScience/DSProject/venv/lib/python3.10/site-packages/airflow/example_dags/example_nested_branch_dag.py took 0.082 seconds
[2023-12-17T08:19:44.401+0700] {processor.py:157} INFO - Started process (PID=317389) to work on /home/phuc/Practice/DataScience/DSProject/venv/lib/python3.10/site-packages/airflow/example_dags/example_nested_branch_dag.py
[2023-12-17T08:19:44.402+0700] {processor.py:829} INFO - Processing file /home/phuc/Practice/DataScience/DSProject/venv/lib/python3.10/site-packages/airflow/example_dags/example_nested_branch_dag.py for tasks to queue
[2023-12-17T08:19:44.402+0700] {logging_mixin.py:154} INFO - [2023-12-17T08:19:44.402+0700] {dagbag.py:536} INFO - Filling up the DagBag from /home/phuc/Practice/DataScience/DSProject/venv/lib/python3.10/site-packages/airflow/example_dags/example_nested_branch_dag.py
[2023-12-17T08:19:44.409+0700] {processor.py:839} INFO - DAG(s) dict_keys(['example_nested_branch_dag']) retrieved from /home/phuc/Practice/DataScience/DSProject/venv/lib/python3.10/site-packages/airflow/example_dags/example_nested_branch_dag.py
[2023-12-17T08:19:44.422+0700] {logging_mixin.py:154} INFO - [2023-12-17T08:19:44.422+0700] {dag.py:2941} INFO - Sync 1 DAGs
[2023-12-17T08:19:44.436+0700] {logging_mixin.py:154} INFO - [2023-12-17T08:19:44.435+0700] {dag.py:3722} INFO - Setting next_dagrun for example_nested_branch_dag to 2023-12-16T00:00:00+00:00, run_after=2023-12-17T00:00:00+00:00
[2023-12-17T08:19:44.450+0700] {processor.py:179} INFO - Processing /home/phuc/Practice/DataScience/DSProject/venv/lib/python3.10/site-packages/airflow/example_dags/example_nested_branch_dag.py took 0.052 seconds
[2023-12-17T08:20:39.772+0700] {processor.py:157} INFO - Started process (PID=317968) to work on /home/phuc/Practice/DataScience/DSProject/venv/lib/python3.10/site-packages/airflow/example_dags/example_nested_branch_dag.py
[2023-12-17T08:20:39.773+0700] {processor.py:829} INFO - Processing file /home/phuc/Practice/DataScience/DSProject/venv/lib/python3.10/site-packages/airflow/example_dags/example_nested_branch_dag.py for tasks to queue
[2023-12-17T08:20:39.775+0700] {logging_mixin.py:154} INFO - [2023-12-17T08:20:39.774+0700] {dagbag.py:536} INFO - Filling up the DagBag from /home/phuc/Practice/DataScience/DSProject/venv/lib/python3.10/site-packages/airflow/example_dags/example_nested_branch_dag.py
[2023-12-17T08:20:39.786+0700] {processor.py:839} INFO - DAG(s) dict_keys(['example_nested_branch_dag']) retrieved from /home/phuc/Practice/DataScience/DSProject/venv/lib/python3.10/site-packages/airflow/example_dags/example_nested_branch_dag.py
[2023-12-17T08:20:39.798+0700] {logging_mixin.py:154} INFO - [2023-12-17T08:20:39.798+0700] {dag.py:2941} INFO - Sync 1 DAGs
[2023-12-17T08:20:39.812+0700] {logging_mixin.py:154} INFO - [2023-12-17T08:20:39.811+0700] {dag.py:3722} INFO - Setting next_dagrun for example_nested_branch_dag to 2023-12-16T00:00:00+00:00, run_after=2023-12-17T00:00:00+00:00
[2023-12-17T08:20:39.827+0700] {processor.py:179} INFO - Processing /home/phuc/Practice/DataScience/DSProject/venv/lib/python3.10/site-packages/airflow/example_dags/example_nested_branch_dag.py took 0.057 seconds
[2023-12-17T08:23:05.073+0700] {processor.py:157} INFO - Started process (PID=319277) to work on /home/phuc/Practice/DataScience/DSProject/venv/lib/python3.10/site-packages/airflow/example_dags/example_nested_branch_dag.py
[2023-12-17T08:23:05.080+0700] {processor.py:829} INFO - Processing file /home/phuc/Practice/DataScience/DSProject/venv/lib/python3.10/site-packages/airflow/example_dags/example_nested_branch_dag.py for tasks to queue
[2023-12-17T08:23:05.081+0700] {logging_mixin.py:154} INFO - [2023-12-17T08:23:05.081+0700] {dagbag.py:536} INFO - Filling up the DagBag from /home/phuc/Practice/DataScience/DSProject/venv/lib/python3.10/site-packages/airflow/example_dags/example_nested_branch_dag.py
[2023-12-17T08:23:05.088+0700] {processor.py:839} INFO - DAG(s) dict_keys(['example_nested_branch_dag']) retrieved from /home/phuc/Practice/DataScience/DSProject/venv/lib/python3.10/site-packages/airflow/example_dags/example_nested_branch_dag.py
[2023-12-17T08:23:05.101+0700] {logging_mixin.py:154} INFO - [2023-12-17T08:23:05.101+0700] {dag.py:2941} INFO - Sync 1 DAGs
[2023-12-17T08:23:05.116+0700] {logging_mixin.py:154} INFO - [2023-12-17T08:23:05.116+0700] {dag.py:3722} INFO - Setting next_dagrun for example_nested_branch_dag to 2023-12-16T00:00:00+00:00, run_after=2023-12-17T00:00:00+00:00
[2023-12-17T08:23:05.134+0700] {processor.py:179} INFO - Processing /home/phuc/Practice/DataScience/DSProject/venv/lib/python3.10/site-packages/airflow/example_dags/example_nested_branch_dag.py took 0.063 seconds
[2023-12-17T08:23:52.526+0700] {processor.py:157} INFO - Started process (PID=319645) to work on /home/phuc/Practice/DataScience/DSProject/venv/lib/python3.10/site-packages/airflow/example_dags/example_nested_branch_dag.py
[2023-12-17T08:23:52.533+0700] {processor.py:829} INFO - Processing file /home/phuc/Practice/DataScience/DSProject/venv/lib/python3.10/site-packages/airflow/example_dags/example_nested_branch_dag.py for tasks to queue
[2023-12-17T08:23:52.535+0700] {logging_mixin.py:154} INFO - [2023-12-17T08:23:52.534+0700] {dagbag.py:536} INFO - Filling up the DagBag from /home/phuc/Practice/DataScience/DSProject/venv/lib/python3.10/site-packages/airflow/example_dags/example_nested_branch_dag.py
[2023-12-17T08:23:52.552+0700] {processor.py:839} INFO - DAG(s) dict_keys(['example_nested_branch_dag']) retrieved from /home/phuc/Practice/DataScience/DSProject/venv/lib/python3.10/site-packages/airflow/example_dags/example_nested_branch_dag.py
[2023-12-17T08:23:52.563+0700] {logging_mixin.py:154} INFO - [2023-12-17T08:23:52.563+0700] {dag.py:2941} INFO - Sync 1 DAGs
[2023-12-17T08:23:52.574+0700] {logging_mixin.py:154} INFO - [2023-12-17T08:23:52.574+0700] {dag.py:3722} INFO - Setting next_dagrun for example_nested_branch_dag to 2023-12-16T00:00:00+00:00, run_after=2023-12-17T00:00:00+00:00
[2023-12-17T08:23:52.585+0700] {processor.py:179} INFO - Processing /home/phuc/Practice/DataScience/DSProject/venv/lib/python3.10/site-packages/airflow/example_dags/example_nested_branch_dag.py took 0.063 seconds
[2023-12-17T08:24:44.864+0700] {processor.py:157} INFO - Started process (PID=319915) to work on /home/phuc/Practice/DataScience/DSProject/venv/lib/python3.10/site-packages/airflow/example_dags/example_nested_branch_dag.py
[2023-12-17T08:24:44.871+0700] {processor.py:829} INFO - Processing file /home/phuc/Practice/DataScience/DSProject/venv/lib/python3.10/site-packages/airflow/example_dags/example_nested_branch_dag.py for tasks to queue
[2023-12-17T08:24:44.872+0700] {logging_mixin.py:154} INFO - [2023-12-17T08:24:44.872+0700] {dagbag.py:536} INFO - Filling up the DagBag from /home/phuc/Practice/DataScience/DSProject/venv/lib/python3.10/site-packages/airflow/example_dags/example_nested_branch_dag.py
[2023-12-17T08:24:44.885+0700] {processor.py:839} INFO - DAG(s) dict_keys(['example_nested_branch_dag']) retrieved from /home/phuc/Practice/DataScience/DSProject/venv/lib/python3.10/site-packages/airflow/example_dags/example_nested_branch_dag.py
[2023-12-17T08:24:44.896+0700] {logging_mixin.py:154} INFO - [2023-12-17T08:24:44.896+0700] {dag.py:2941} INFO - Sync 1 DAGs
[2023-12-17T08:24:44.906+0700] {logging_mixin.py:154} INFO - [2023-12-17T08:24:44.906+0700] {dag.py:3722} INFO - Setting next_dagrun for example_nested_branch_dag to 2023-12-16T00:00:00+00:00, run_after=2023-12-17T00:00:00+00:00
[2023-12-17T08:24:44.917+0700] {processor.py:179} INFO - Processing /home/phuc/Practice/DataScience/DSProject/venv/lib/python3.10/site-packages/airflow/example_dags/example_nested_branch_dag.py took 0.056 seconds
[2023-12-17T08:25:40.323+0700] {processor.py:157} INFO - Started process (PID=320146) to work on /home/phuc/Practice/DataScience/DSProject/venv/lib/python3.10/site-packages/airflow/example_dags/example_nested_branch_dag.py
[2023-12-17T08:25:40.330+0700] {processor.py:829} INFO - Processing file /home/phuc/Practice/DataScience/DSProject/venv/lib/python3.10/site-packages/airflow/example_dags/example_nested_branch_dag.py for tasks to queue
[2023-12-17T08:25:40.331+0700] {logging_mixin.py:154} INFO - [2023-12-17T08:25:40.331+0700] {dagbag.py:536} INFO - Filling up the DagBag from /home/phuc/Practice/DataScience/DSProject/venv/lib/python3.10/site-packages/airflow/example_dags/example_nested_branch_dag.py
[2023-12-17T08:25:40.339+0700] {processor.py:839} INFO - DAG(s) dict_keys(['example_nested_branch_dag']) retrieved from /home/phuc/Practice/DataScience/DSProject/venv/lib/python3.10/site-packages/airflow/example_dags/example_nested_branch_dag.py
[2023-12-17T08:25:40.352+0700] {logging_mixin.py:154} INFO - [2023-12-17T08:25:40.351+0700] {dag.py:2941} INFO - Sync 1 DAGs
[2023-12-17T08:25:40.364+0700] {logging_mixin.py:154} INFO - [2023-12-17T08:25:40.364+0700] {dag.py:3722} INFO - Setting next_dagrun for example_nested_branch_dag to 2023-12-16T00:00:00+00:00, run_after=2023-12-17T00:00:00+00:00
[2023-12-17T08:25:40.379+0700] {processor.py:179} INFO - Processing /home/phuc/Practice/DataScience/DSProject/venv/lib/python3.10/site-packages/airflow/example_dags/example_nested_branch_dag.py took 0.060 seconds
[2023-12-17T08:26:27.414+0700] {processor.py:157} INFO - Started process (PID=320370) to work on /home/phuc/Practice/DataScience/DSProject/venv/lib/python3.10/site-packages/airflow/example_dags/example_nested_branch_dag.py
[2023-12-17T08:26:27.414+0700] {processor.py:829} INFO - Processing file /home/phuc/Practice/DataScience/DSProject/venv/lib/python3.10/site-packages/airflow/example_dags/example_nested_branch_dag.py for tasks to queue
[2023-12-17T08:26:27.415+0700] {logging_mixin.py:154} INFO - [2023-12-17T08:26:27.415+0700] {dagbag.py:536} INFO - Filling up the DagBag from /home/phuc/Practice/DataScience/DSProject/venv/lib/python3.10/site-packages/airflow/example_dags/example_nested_branch_dag.py
[2023-12-17T08:26:27.423+0700] {processor.py:839} INFO - DAG(s) dict_keys(['example_nested_branch_dag']) retrieved from /home/phuc/Practice/DataScience/DSProject/venv/lib/python3.10/site-packages/airflow/example_dags/example_nested_branch_dag.py
[2023-12-17T08:26:27.437+0700] {logging_mixin.py:154} INFO - [2023-12-17T08:26:27.437+0700] {dag.py:2941} INFO - Sync 1 DAGs
[2023-12-17T08:26:27.451+0700] {logging_mixin.py:154} INFO - [2023-12-17T08:26:27.451+0700] {dag.py:3722} INFO - Setting next_dagrun for example_nested_branch_dag to 2023-12-16T00:00:00+00:00, run_after=2023-12-17T00:00:00+00:00
[2023-12-17T08:26:27.465+0700] {processor.py:179} INFO - Processing /home/phuc/Practice/DataScience/DSProject/venv/lib/python3.10/site-packages/airflow/example_dags/example_nested_branch_dag.py took 0.054 seconds
[2023-12-17T08:27:19.172+0700] {processor.py:157} INFO - Started process (PID=320667) to work on /home/phuc/Practice/DataScience/DSProject/venv/lib/python3.10/site-packages/airflow/example_dags/example_nested_branch_dag.py
[2023-12-17T08:27:19.179+0700] {processor.py:829} INFO - Processing file /home/phuc/Practice/DataScience/DSProject/venv/lib/python3.10/site-packages/airflow/example_dags/example_nested_branch_dag.py for tasks to queue
[2023-12-17T08:27:19.181+0700] {logging_mixin.py:154} INFO - [2023-12-17T08:27:19.180+0700] {dagbag.py:536} INFO - Filling up the DagBag from /home/phuc/Practice/DataScience/DSProject/venv/lib/python3.10/site-packages/airflow/example_dags/example_nested_branch_dag.py
[2023-12-17T08:27:19.194+0700] {processor.py:839} INFO - DAG(s) dict_keys(['example_nested_branch_dag']) retrieved from /home/phuc/Practice/DataScience/DSProject/venv/lib/python3.10/site-packages/airflow/example_dags/example_nested_branch_dag.py
[2023-12-17T08:27:19.204+0700] {logging_mixin.py:154} INFO - [2023-12-17T08:27:19.204+0700] {dag.py:2941} INFO - Sync 1 DAGs
[2023-12-17T08:27:19.215+0700] {logging_mixin.py:154} INFO - [2023-12-17T08:27:19.215+0700] {dag.py:3722} INFO - Setting next_dagrun for example_nested_branch_dag to 2023-12-16T00:00:00+00:00, run_after=2023-12-17T00:00:00+00:00
[2023-12-17T08:27:19.231+0700] {processor.py:179} INFO - Processing /home/phuc/Practice/DataScience/DSProject/venv/lib/python3.10/site-packages/airflow/example_dags/example_nested_branch_dag.py took 0.062 seconds
[2023-12-17T08:28:08.674+0700] {processor.py:157} INFO - Started process (PID=320887) to work on /home/phuc/Practice/DataScience/DSProject/venv/lib/python3.10/site-packages/airflow/example_dags/example_nested_branch_dag.py
[2023-12-17T08:28:08.674+0700] {processor.py:829} INFO - Processing file /home/phuc/Practice/DataScience/DSProject/venv/lib/python3.10/site-packages/airflow/example_dags/example_nested_branch_dag.py for tasks to queue
[2023-12-17T08:28:08.675+0700] {logging_mixin.py:154} INFO - [2023-12-17T08:28:08.675+0700] {dagbag.py:536} INFO - Filling up the DagBag from /home/phuc/Practice/DataScience/DSProject/venv/lib/python3.10/site-packages/airflow/example_dags/example_nested_branch_dag.py
[2023-12-17T08:28:08.682+0700] {processor.py:839} INFO - DAG(s) dict_keys(['example_nested_branch_dag']) retrieved from /home/phuc/Practice/DataScience/DSProject/venv/lib/python3.10/site-packages/airflow/example_dags/example_nested_branch_dag.py
[2023-12-17T08:28:08.693+0700] {logging_mixin.py:154} INFO - [2023-12-17T08:28:08.693+0700] {dag.py:2941} INFO - Sync 1 DAGs
[2023-12-17T08:28:08.706+0700] {logging_mixin.py:154} INFO - [2023-12-17T08:28:08.706+0700] {dag.py:3722} INFO - Setting next_dagrun for example_nested_branch_dag to 2023-12-16T00:00:00+00:00, run_after=2023-12-17T00:00:00+00:00
[2023-12-17T08:28:08.717+0700] {processor.py:179} INFO - Processing /home/phuc/Practice/DataScience/DSProject/venv/lib/python3.10/site-packages/airflow/example_dags/example_nested_branch_dag.py took 0.046 seconds
[2023-12-17T08:28:55.817+0700] {processor.py:157} INFO - Started process (PID=321091) to work on /home/phuc/Practice/DataScience/DSProject/venv/lib/python3.10/site-packages/airflow/example_dags/example_nested_branch_dag.py
[2023-12-17T08:28:55.824+0700] {processor.py:829} INFO - Processing file /home/phuc/Practice/DataScience/DSProject/venv/lib/python3.10/site-packages/airflow/example_dags/example_nested_branch_dag.py for tasks to queue
[2023-12-17T08:28:55.826+0700] {logging_mixin.py:154} INFO - [2023-12-17T08:28:55.825+0700] {dagbag.py:536} INFO - Filling up the DagBag from /home/phuc/Practice/DataScience/DSProject/venv/lib/python3.10/site-packages/airflow/example_dags/example_nested_branch_dag.py
[2023-12-17T08:28:55.839+0700] {processor.py:839} INFO - DAG(s) dict_keys(['example_nested_branch_dag']) retrieved from /home/phuc/Practice/DataScience/DSProject/venv/lib/python3.10/site-packages/airflow/example_dags/example_nested_branch_dag.py
[2023-12-17T08:28:55.851+0700] {logging_mixin.py:154} INFO - [2023-12-17T08:28:55.851+0700] {dag.py:2941} INFO - Sync 1 DAGs
[2023-12-17T08:28:55.863+0700] {logging_mixin.py:154} INFO - [2023-12-17T08:28:55.863+0700] {dag.py:3722} INFO - Setting next_dagrun for example_nested_branch_dag to 2023-12-16T00:00:00+00:00, run_after=2023-12-17T00:00:00+00:00
[2023-12-17T08:28:55.875+0700] {processor.py:179} INFO - Processing /home/phuc/Practice/DataScience/DSProject/venv/lib/python3.10/site-packages/airflow/example_dags/example_nested_branch_dag.py took 0.061 seconds
[2023-12-17T08:29:48.272+0700] {processor.py:157} INFO - Started process (PID=321317) to work on /home/phuc/Practice/DataScience/DSProject/venv/lib/python3.10/site-packages/airflow/example_dags/example_nested_branch_dag.py
[2023-12-17T08:29:48.279+0700] {processor.py:829} INFO - Processing file /home/phuc/Practice/DataScience/DSProject/venv/lib/python3.10/site-packages/airflow/example_dags/example_nested_branch_dag.py for tasks to queue
[2023-12-17T08:29:48.281+0700] {logging_mixin.py:154} INFO - [2023-12-17T08:29:48.280+0700] {dagbag.py:536} INFO - Filling up the DagBag from /home/phuc/Practice/DataScience/DSProject/venv/lib/python3.10/site-packages/airflow/example_dags/example_nested_branch_dag.py
[2023-12-17T08:29:48.295+0700] {processor.py:839} INFO - DAG(s) dict_keys(['example_nested_branch_dag']) retrieved from /home/phuc/Practice/DataScience/DSProject/venv/lib/python3.10/site-packages/airflow/example_dags/example_nested_branch_dag.py
[2023-12-17T08:29:48.304+0700] {logging_mixin.py:154} INFO - [2023-12-17T08:29:48.304+0700] {dag.py:2941} INFO - Sync 1 DAGs
[2023-12-17T08:29:48.313+0700] {logging_mixin.py:154} INFO - [2023-12-17T08:29:48.313+0700] {dag.py:3722} INFO - Setting next_dagrun for example_nested_branch_dag to 2023-12-16T00:00:00+00:00, run_after=2023-12-17T00:00:00+00:00
[2023-12-17T08:29:48.322+0700] {processor.py:179} INFO - Processing /home/phuc/Practice/DataScience/DSProject/venv/lib/python3.10/site-packages/airflow/example_dags/example_nested_branch_dag.py took 0.053 seconds
[2023-12-17T08:30:38.698+0700] {processor.py:157} INFO - Started process (PID=321571) to work on /home/phuc/Practice/DataScience/DSProject/venv/lib/python3.10/site-packages/airflow/example_dags/example_nested_branch_dag.py
[2023-12-17T08:30:38.705+0700] {processor.py:829} INFO - Processing file /home/phuc/Practice/DataScience/DSProject/venv/lib/python3.10/site-packages/airflow/example_dags/example_nested_branch_dag.py for tasks to queue
[2023-12-17T08:30:38.706+0700] {logging_mixin.py:154} INFO - [2023-12-17T08:30:38.706+0700] {dagbag.py:536} INFO - Filling up the DagBag from /home/phuc/Practice/DataScience/DSProject/venv/lib/python3.10/site-packages/airflow/example_dags/example_nested_branch_dag.py
[2023-12-17T08:30:38.717+0700] {processor.py:839} INFO - DAG(s) dict_keys(['example_nested_branch_dag']) retrieved from /home/phuc/Practice/DataScience/DSProject/venv/lib/python3.10/site-packages/airflow/example_dags/example_nested_branch_dag.py
[2023-12-17T08:30:38.727+0700] {logging_mixin.py:154} INFO - [2023-12-17T08:30:38.727+0700] {dag.py:2941} INFO - Sync 1 DAGs
[2023-12-17T08:30:38.737+0700] {logging_mixin.py:154} INFO - [2023-12-17T08:30:38.737+0700] {dag.py:3722} INFO - Setting next_dagrun for example_nested_branch_dag to 2023-12-16T00:00:00+00:00, run_after=2023-12-17T00:00:00+00:00
[2023-12-17T08:30:38.747+0700] {processor.py:179} INFO - Processing /home/phuc/Practice/DataScience/DSProject/venv/lib/python3.10/site-packages/airflow/example_dags/example_nested_branch_dag.py took 0.051 seconds
[2023-12-17T08:31:30.116+0700] {processor.py:157} INFO - Started process (PID=321931) to work on /home/phuc/Practice/DataScience/DSProject/venv/lib/python3.10/site-packages/airflow/example_dags/example_nested_branch_dag.py
[2023-12-17T08:31:30.123+0700] {processor.py:829} INFO - Processing file /home/phuc/Practice/DataScience/DSProject/venv/lib/python3.10/site-packages/airflow/example_dags/example_nested_branch_dag.py for tasks to queue
[2023-12-17T08:31:30.124+0700] {logging_mixin.py:154} INFO - [2023-12-17T08:31:30.124+0700] {dagbag.py:536} INFO - Filling up the DagBag from /home/phuc/Practice/DataScience/DSProject/venv/lib/python3.10/site-packages/airflow/example_dags/example_nested_branch_dag.py
[2023-12-17T08:31:30.131+0700] {processor.py:839} INFO - DAG(s) dict_keys(['example_nested_branch_dag']) retrieved from /home/phuc/Practice/DataScience/DSProject/venv/lib/python3.10/site-packages/airflow/example_dags/example_nested_branch_dag.py
[2023-12-17T08:31:30.140+0700] {logging_mixin.py:154} INFO - [2023-12-17T08:31:30.140+0700] {dag.py:2941} INFO - Sync 1 DAGs
[2023-12-17T08:31:30.149+0700] {logging_mixin.py:154} INFO - [2023-12-17T08:31:30.149+0700] {dag.py:3722} INFO - Setting next_dagrun for example_nested_branch_dag to 2023-12-16T00:00:00+00:00, run_after=2023-12-17T00:00:00+00:00
[2023-12-17T08:31:30.160+0700] {processor.py:179} INFO - Processing /home/phuc/Practice/DataScience/DSProject/venv/lib/python3.10/site-packages/airflow/example_dags/example_nested_branch_dag.py took 0.046 seconds
[2023-12-17T08:32:54.314+0700] {processor.py:157} INFO - Started process (PID=323029) to work on /home/phuc/Practice/DataScience/DSProject/venv/lib/python3.10/site-packages/airflow/example_dags/example_nested_branch_dag.py
[2023-12-17T08:32:54.321+0700] {processor.py:829} INFO - Processing file /home/phuc/Practice/DataScience/DSProject/venv/lib/python3.10/site-packages/airflow/example_dags/example_nested_branch_dag.py for tasks to queue
[2023-12-17T08:32:54.321+0700] {logging_mixin.py:154} INFO - [2023-12-17T08:32:54.321+0700] {dagbag.py:536} INFO - Filling up the DagBag from /home/phuc/Practice/DataScience/DSProject/venv/lib/python3.10/site-packages/airflow/example_dags/example_nested_branch_dag.py
[2023-12-17T08:32:54.327+0700] {processor.py:839} INFO - DAG(s) dict_keys(['example_nested_branch_dag']) retrieved from /home/phuc/Practice/DataScience/DSProject/venv/lib/python3.10/site-packages/airflow/example_dags/example_nested_branch_dag.py
[2023-12-17T08:32:54.336+0700] {logging_mixin.py:154} INFO - [2023-12-17T08:32:54.336+0700] {dag.py:2941} INFO - Sync 1 DAGs
[2023-12-17T08:32:54.346+0700] {logging_mixin.py:154} INFO - [2023-12-17T08:32:54.346+0700] {dag.py:3722} INFO - Setting next_dagrun for example_nested_branch_dag to 2023-12-16T00:00:00+00:00, run_after=2023-12-17T00:00:00+00:00
[2023-12-17T08:32:54.357+0700] {processor.py:179} INFO - Processing /home/phuc/Practice/DataScience/DSProject/venv/lib/python3.10/site-packages/airflow/example_dags/example_nested_branch_dag.py took 0.045 seconds
[2023-12-17T08:33:39.473+0700] {processor.py:157} INFO - Started process (PID=323250) to work on /home/phuc/Practice/DataScience/DSProject/venv/lib/python3.10/site-packages/airflow/example_dags/example_nested_branch_dag.py
[2023-12-17T08:33:39.480+0700] {processor.py:829} INFO - Processing file /home/phuc/Practice/DataScience/DSProject/venv/lib/python3.10/site-packages/airflow/example_dags/example_nested_branch_dag.py for tasks to queue
[2023-12-17T08:33:39.482+0700] {logging_mixin.py:154} INFO - [2023-12-17T08:33:39.481+0700] {dagbag.py:536} INFO - Filling up the DagBag from /home/phuc/Practice/DataScience/DSProject/venv/lib/python3.10/site-packages/airflow/example_dags/example_nested_branch_dag.py
[2023-12-17T08:33:39.489+0700] {processor.py:839} INFO - DAG(s) dict_keys(['example_nested_branch_dag']) retrieved from /home/phuc/Practice/DataScience/DSProject/venv/lib/python3.10/site-packages/airflow/example_dags/example_nested_branch_dag.py
[2023-12-17T08:33:39.497+0700] {logging_mixin.py:154} INFO - [2023-12-17T08:33:39.497+0700] {dag.py:2941} INFO - Sync 1 DAGs
[2023-12-17T08:33:39.506+0700] {logging_mixin.py:154} INFO - [2023-12-17T08:33:39.506+0700] {dag.py:3722} INFO - Setting next_dagrun for example_nested_branch_dag to 2023-12-16T00:00:00+00:00, run_after=2023-12-17T00:00:00+00:00
[2023-12-17T08:33:39.515+0700] {processor.py:179} INFO - Processing /home/phuc/Practice/DataScience/DSProject/venv/lib/python3.10/site-packages/airflow/example_dags/example_nested_branch_dag.py took 0.043 seconds
[2023-12-17T08:34:26.981+0700] {processor.py:157} INFO - Started process (PID=323642) to work on /home/phuc/Practice/DataScience/DSProject/venv/lib/python3.10/site-packages/airflow/example_dags/example_nested_branch_dag.py
[2023-12-17T08:34:26.983+0700] {processor.py:829} INFO - Processing file /home/phuc/Practice/DataScience/DSProject/venv/lib/python3.10/site-packages/airflow/example_dags/example_nested_branch_dag.py for tasks to queue
[2023-12-17T08:34:26.984+0700] {logging_mixin.py:154} INFO - [2023-12-17T08:34:26.983+0700] {dagbag.py:536} INFO - Filling up the DagBag from /home/phuc/Practice/DataScience/DSProject/venv/lib/python3.10/site-packages/airflow/example_dags/example_nested_branch_dag.py
[2023-12-17T08:34:26.995+0700] {processor.py:839} INFO - DAG(s) dict_keys(['example_nested_branch_dag']) retrieved from /home/phuc/Practice/DataScience/DSProject/venv/lib/python3.10/site-packages/airflow/example_dags/example_nested_branch_dag.py
[2023-12-17T08:34:27.004+0700] {logging_mixin.py:154} INFO - [2023-12-17T08:34:27.004+0700] {dag.py:2941} INFO - Sync 1 DAGs
[2023-12-17T08:34:27.013+0700] {logging_mixin.py:154} INFO - [2023-12-17T08:34:27.013+0700] {dag.py:3722} INFO - Setting next_dagrun for example_nested_branch_dag to 2023-12-16T00:00:00+00:00, run_after=2023-12-17T00:00:00+00:00
[2023-12-17T08:34:27.022+0700] {processor.py:179} INFO - Processing /home/phuc/Practice/DataScience/DSProject/venv/lib/python3.10/site-packages/airflow/example_dags/example_nested_branch_dag.py took 0.044 seconds
[2023-12-17T08:35:21.230+0700] {processor.py:157} INFO - Started process (PID=324061) to work on /home/phuc/Practice/DataScience/DSProject/venv/lib/python3.10/site-packages/airflow/example_dags/example_nested_branch_dag.py
[2023-12-17T08:35:21.237+0700] {processor.py:829} INFO - Processing file /home/phuc/Practice/DataScience/DSProject/venv/lib/python3.10/site-packages/airflow/example_dags/example_nested_branch_dag.py for tasks to queue
[2023-12-17T08:35:21.239+0700] {logging_mixin.py:154} INFO - [2023-12-17T08:35:21.238+0700] {dagbag.py:536} INFO - Filling up the DagBag from /home/phuc/Practice/DataScience/DSProject/venv/lib/python3.10/site-packages/airflow/example_dags/example_nested_branch_dag.py
[2023-12-17T08:35:21.246+0700] {processor.py:839} INFO - DAG(s) dict_keys(['example_nested_branch_dag']) retrieved from /home/phuc/Practice/DataScience/DSProject/venv/lib/python3.10/site-packages/airflow/example_dags/example_nested_branch_dag.py
[2023-12-17T08:35:21.254+0700] {logging_mixin.py:154} INFO - [2023-12-17T08:35:21.254+0700] {dag.py:2941} INFO - Sync 1 DAGs
[2023-12-17T08:35:21.263+0700] {logging_mixin.py:154} INFO - [2023-12-17T08:35:21.263+0700] {dag.py:3722} INFO - Setting next_dagrun for example_nested_branch_dag to 2023-12-16T00:00:00+00:00, run_after=2023-12-17T00:00:00+00:00
[2023-12-17T08:35:21.273+0700] {processor.py:179} INFO - Processing /home/phuc/Practice/DataScience/DSProject/venv/lib/python3.10/site-packages/airflow/example_dags/example_nested_branch_dag.py took 0.045 seconds
