[2023-12-17T08:03:33.241+0700] {processor.py:157} INFO - Started process (PID=309854) to work on /home/phuc/Practice/DataScience/DSProject/venv/lib/python3.10/site-packages/airflow/example_dags/example_xcomargs.py
[2023-12-17T08:03:33.242+0700] {processor.py:829} INFO - Processing file /home/phuc/Practice/DataScience/DSProject/venv/lib/python3.10/site-packages/airflow/example_dags/example_xcomargs.py for tasks to queue
[2023-12-17T08:03:33.242+0700] {logging_mixin.py:154} INFO - [2023-12-17T08:03:33.242+0700] {dagbag.py:536} INFO - Filling up the DagBag from /home/phuc/Practice/DataScience/DSProject/venv/lib/python3.10/site-packages/airflow/example_dags/example_xcomargs.py
[2023-12-17T08:03:33.249+0700] {processor.py:839} INFO - DAG(s) dict_keys(['example_xcom_args', 'example_xcom_args_with_operators']) retrieved from /home/phuc/Practice/DataScience/DSProject/venv/lib/python3.10/site-packages/airflow/example_dags/example_xcomargs.py
[2023-12-17T08:03:33.319+0700] {logging_mixin.py:154} INFO - [2023-12-17T08:03:33.319+0700] {manager.py:499} INFO - Created Permission View: %s
[2023-12-17T08:03:33.326+0700] {logging_mixin.py:154} INFO - [2023-12-17T08:03:33.326+0700] {manager.py:499} INFO - Created Permission View: %s
[2023-12-17T08:03:33.332+0700] {logging_mixin.py:154} INFO - [2023-12-17T08:03:33.332+0700] {manager.py:499} INFO - Created Permission View: %s
[2023-12-17T08:03:33.343+0700] {logging_mixin.py:154} INFO - [2023-12-17T08:03:33.343+0700] {manager.py:499} INFO - Created Permission View: %s
[2023-12-17T08:03:33.348+0700] {logging_mixin.py:154} INFO - [2023-12-17T08:03:33.348+0700] {manager.py:499} INFO - Created Permission View: %s
[2023-12-17T08:03:33.352+0700] {logging_mixin.py:154} INFO - [2023-12-17T08:03:33.352+0700] {manager.py:499} INFO - Created Permission View: %s
[2023-12-17T08:03:33.353+0700] {logging_mixin.py:154} INFO - [2023-12-17T08:03:33.353+0700] {dag.py:2941} INFO - Sync 2 DAGs
[2023-12-17T08:03:33.359+0700] {logging_mixin.py:154} INFO - [2023-12-17T08:03:33.359+0700] {dag.py:2963} INFO - Creating ORM DAG for example_xcom_args_with_operators
[2023-12-17T08:03:33.359+0700] {logging_mixin.py:154} INFO - [2023-12-17T08:03:33.359+0700] {dag.py:2963} INFO - Creating ORM DAG for example_xcom_args
[2023-12-17T08:03:33.359+0700] {logging_mixin.py:154} INFO - [2023-12-17T08:03:33.359+0700] {dag.py:3722} INFO - Setting next_dagrun for example_xcom_args to None, run_after=None
[2023-12-17T08:03:33.359+0700] {logging_mixin.py:154} INFO - [2023-12-17T08:03:33.359+0700] {dag.py:3722} INFO - Setting next_dagrun for example_xcom_args_with_operators to None, run_after=None
[2023-12-17T08:03:33.371+0700] {processor.py:179} INFO - Processing /home/phuc/Practice/DataScience/DSProject/venv/lib/python3.10/site-packages/airflow/example_dags/example_xcomargs.py took 0.132 seconds
[2023-12-17T08:05:47.998+0700] {processor.py:157} INFO - Started process (PID=311085) to work on /home/phuc/Practice/DataScience/DSProject/venv/lib/python3.10/site-packages/airflow/example_dags/example_xcomargs.py
[2023-12-17T08:05:48.005+0700] {processor.py:829} INFO - Processing file /home/phuc/Practice/DataScience/DSProject/venv/lib/python3.10/site-packages/airflow/example_dags/example_xcomargs.py for tasks to queue
[2023-12-17T08:05:48.006+0700] {logging_mixin.py:154} INFO - [2023-12-17T08:05:48.005+0700] {dagbag.py:536} INFO - Filling up the DagBag from /home/phuc/Practice/DataScience/DSProject/venv/lib/python3.10/site-packages/airflow/example_dags/example_xcomargs.py
[2023-12-17T08:05:48.017+0700] {processor.py:839} INFO - DAG(s) dict_keys(['example_xcom_args_with_operators', 'example_xcom_args']) retrieved from /home/phuc/Practice/DataScience/DSProject/venv/lib/python3.10/site-packages/airflow/example_dags/example_xcomargs.py
[2023-12-17T08:05:48.033+0700] {logging_mixin.py:154} INFO - [2023-12-17T08:05:48.033+0700] {dag.py:2941} INFO - Sync 2 DAGs
[2023-12-17T08:05:48.043+0700] {logging_mixin.py:154} INFO - [2023-12-17T08:05:48.043+0700] {dag.py:3722} INFO - Setting next_dagrun for example_xcom_args to None, run_after=None
[2023-12-17T08:05:48.046+0700] {logging_mixin.py:154} INFO - [2023-12-17T08:05:48.046+0700] {dag.py:3722} INFO - Setting next_dagrun for example_xcom_args_with_operators to None, run_after=None
[2023-12-17T08:05:48.060+0700] {processor.py:179} INFO - Processing /home/phuc/Practice/DataScience/DSProject/venv/lib/python3.10/site-packages/airflow/example_dags/example_xcomargs.py took 0.064 seconds
[2023-12-17T08:06:37.194+0700] {processor.py:157} INFO - Started process (PID=311591) to work on /home/phuc/Practice/DataScience/DSProject/venv/lib/python3.10/site-packages/airflow/example_dags/example_xcomargs.py
[2023-12-17T08:06:37.201+0700] {processor.py:829} INFO - Processing file /home/phuc/Practice/DataScience/DSProject/venv/lib/python3.10/site-packages/airflow/example_dags/example_xcomargs.py for tasks to queue
[2023-12-17T08:06:37.202+0700] {logging_mixin.py:154} INFO - [2023-12-17T08:06:37.202+0700] {dagbag.py:536} INFO - Filling up the DagBag from /home/phuc/Practice/DataScience/DSProject/venv/lib/python3.10/site-packages/airflow/example_dags/example_xcomargs.py
[2023-12-17T08:06:37.214+0700] {processor.py:839} INFO - DAG(s) dict_keys(['example_xcom_args', 'example_xcom_args_with_operators']) retrieved from /home/phuc/Practice/DataScience/DSProject/venv/lib/python3.10/site-packages/airflow/example_dags/example_xcomargs.py
[2023-12-17T08:06:37.228+0700] {logging_mixin.py:154} INFO - [2023-12-17T08:06:37.228+0700] {dag.py:2941} INFO - Sync 2 DAGs
[2023-12-17T08:06:37.236+0700] {logging_mixin.py:154} INFO - [2023-12-17T08:06:37.236+0700] {dag.py:3722} INFO - Setting next_dagrun for example_xcom_args to None, run_after=None
[2023-12-17T08:06:37.238+0700] {logging_mixin.py:154} INFO - [2023-12-17T08:06:37.238+0700] {dag.py:3722} INFO - Setting next_dagrun for example_xcom_args_with_operators to None, run_after=None
[2023-12-17T08:06:37.250+0700] {processor.py:179} INFO - Processing /home/phuc/Practice/DataScience/DSProject/venv/lib/python3.10/site-packages/airflow/example_dags/example_xcomargs.py took 0.060 seconds
[2023-12-17T08:08:09.437+0700] {processor.py:157} INFO - Started process (PID=312998) to work on /home/phuc/Practice/DataScience/DSProject/venv/lib/python3.10/site-packages/airflow/example_dags/example_xcomargs.py
[2023-12-17T08:08:09.444+0700] {processor.py:829} INFO - Processing file /home/phuc/Practice/DataScience/DSProject/venv/lib/python3.10/site-packages/airflow/example_dags/example_xcomargs.py for tasks to queue
[2023-12-17T08:08:09.446+0700] {logging_mixin.py:154} INFO - [2023-12-17T08:08:09.445+0700] {dagbag.py:536} INFO - Filling up the DagBag from /home/phuc/Practice/DataScience/DSProject/venv/lib/python3.10/site-packages/airflow/example_dags/example_xcomargs.py
[2023-12-17T08:08:09.457+0700] {processor.py:839} INFO - DAG(s) dict_keys(['example_xcom_args_with_operators', 'example_xcom_args']) retrieved from /home/phuc/Practice/DataScience/DSProject/venv/lib/python3.10/site-packages/airflow/example_dags/example_xcomargs.py
[2023-12-17T08:08:09.469+0700] {logging_mixin.py:154} INFO - [2023-12-17T08:08:09.469+0700] {dag.py:2941} INFO - Sync 2 DAGs
[2023-12-17T08:08:09.475+0700] {logging_mixin.py:154} INFO - [2023-12-17T08:08:09.475+0700] {dag.py:3722} INFO - Setting next_dagrun for example_xcom_args to None, run_after=None
[2023-12-17T08:08:09.477+0700] {logging_mixin.py:154} INFO - [2023-12-17T08:08:09.476+0700] {dag.py:3722} INFO - Setting next_dagrun for example_xcom_args_with_operators to None, run_after=None
[2023-12-17T08:08:09.487+0700] {processor.py:179} INFO - Processing /home/phuc/Practice/DataScience/DSProject/venv/lib/python3.10/site-packages/airflow/example_dags/example_xcomargs.py took 0.053 seconds
[2023-12-17T08:09:07.321+0700] {processor.py:157} INFO - Started process (PID=313380) to work on /home/phuc/Practice/DataScience/DSProject/venv/lib/python3.10/site-packages/airflow/example_dags/example_xcomargs.py
[2023-12-17T08:09:07.328+0700] {processor.py:829} INFO - Processing file /home/phuc/Practice/DataScience/DSProject/venv/lib/python3.10/site-packages/airflow/example_dags/example_xcomargs.py for tasks to queue
[2023-12-17T08:09:07.329+0700] {logging_mixin.py:154} INFO - [2023-12-17T08:09:07.329+0700] {dagbag.py:536} INFO - Filling up the DagBag from /home/phuc/Practice/DataScience/DSProject/venv/lib/python3.10/site-packages/airflow/example_dags/example_xcomargs.py
[2023-12-17T08:09:07.341+0700] {processor.py:839} INFO - DAG(s) dict_keys(['example_xcom_args_with_operators', 'example_xcom_args']) retrieved from /home/phuc/Practice/DataScience/DSProject/venv/lib/python3.10/site-packages/airflow/example_dags/example_xcomargs.py
[2023-12-17T08:09:07.352+0700] {logging_mixin.py:154} INFO - [2023-12-17T08:09:07.352+0700] {dag.py:2941} INFO - Sync 2 DAGs
[2023-12-17T08:09:07.358+0700] {logging_mixin.py:154} INFO - [2023-12-17T08:09:07.358+0700] {dag.py:3722} INFO - Setting next_dagrun for example_xcom_args to None, run_after=None
[2023-12-17T08:09:07.360+0700] {logging_mixin.py:154} INFO - [2023-12-17T08:09:07.360+0700] {dag.py:3722} INFO - Setting next_dagrun for example_xcom_args_with_operators to None, run_after=None
[2023-12-17T08:09:07.371+0700] {processor.py:179} INFO - Processing /home/phuc/Practice/DataScience/DSProject/venv/lib/python3.10/site-packages/airflow/example_dags/example_xcomargs.py took 0.052 seconds
[2023-12-17T08:09:52.473+0700] {processor.py:157} INFO - Started process (PID=313669) to work on /home/phuc/Practice/DataScience/DSProject/venv/lib/python3.10/site-packages/airflow/example_dags/example_xcomargs.py
[2023-12-17T08:09:52.480+0700] {processor.py:829} INFO - Processing file /home/phuc/Practice/DataScience/DSProject/venv/lib/python3.10/site-packages/airflow/example_dags/example_xcomargs.py for tasks to queue
[2023-12-17T08:09:52.481+0700] {logging_mixin.py:154} INFO - [2023-12-17T08:09:52.481+0700] {dagbag.py:536} INFO - Filling up the DagBag from /home/phuc/Practice/DataScience/DSProject/venv/lib/python3.10/site-packages/airflow/example_dags/example_xcomargs.py
[2023-12-17T08:09:52.487+0700] {processor.py:839} INFO - DAG(s) dict_keys(['example_xcom_args', 'example_xcom_args_with_operators']) retrieved from /home/phuc/Practice/DataScience/DSProject/venv/lib/python3.10/site-packages/airflow/example_dags/example_xcomargs.py
[2023-12-17T08:09:52.501+0700] {logging_mixin.py:154} INFO - [2023-12-17T08:09:52.501+0700] {dag.py:2941} INFO - Sync 2 DAGs
[2023-12-17T08:09:52.510+0700] {logging_mixin.py:154} INFO - [2023-12-17T08:09:52.510+0700] {dag.py:3722} INFO - Setting next_dagrun for example_xcom_args to None, run_after=None
[2023-12-17T08:09:52.514+0700] {logging_mixin.py:154} INFO - [2023-12-17T08:09:52.513+0700] {dag.py:3722} INFO - Setting next_dagrun for example_xcom_args_with_operators to None, run_after=None
[2023-12-17T08:09:52.531+0700] {processor.py:179} INFO - Processing /home/phuc/Practice/DataScience/DSProject/venv/lib/python3.10/site-packages/airflow/example_dags/example_xcomargs.py took 0.060 seconds
[2023-12-17T08:10:44.817+0700] {processor.py:157} INFO - Started process (PID=313945) to work on /home/phuc/Practice/DataScience/DSProject/venv/lib/python3.10/site-packages/airflow/example_dags/example_xcomargs.py
[2023-12-17T08:10:44.824+0700] {processor.py:829} INFO - Processing file /home/phuc/Practice/DataScience/DSProject/venv/lib/python3.10/site-packages/airflow/example_dags/example_xcomargs.py for tasks to queue
[2023-12-17T08:10:44.826+0700] {logging_mixin.py:154} INFO - [2023-12-17T08:10:44.825+0700] {dagbag.py:536} INFO - Filling up the DagBag from /home/phuc/Practice/DataScience/DSProject/venv/lib/python3.10/site-packages/airflow/example_dags/example_xcomargs.py
[2023-12-17T08:10:44.838+0700] {processor.py:839} INFO - DAG(s) dict_keys(['example_xcom_args_with_operators', 'example_xcom_args']) retrieved from /home/phuc/Practice/DataScience/DSProject/venv/lib/python3.10/site-packages/airflow/example_dags/example_xcomargs.py
[2023-12-17T08:10:44.850+0700] {logging_mixin.py:154} INFO - [2023-12-17T08:10:44.849+0700] {dag.py:2941} INFO - Sync 2 DAGs
[2023-12-17T08:10:44.855+0700] {logging_mixin.py:154} INFO - [2023-12-17T08:10:44.855+0700] {dag.py:3722} INFO - Setting next_dagrun for example_xcom_args to None, run_after=None
[2023-12-17T08:10:44.857+0700] {logging_mixin.py:154} INFO - [2023-12-17T08:10:44.857+0700] {dag.py:3722} INFO - Setting next_dagrun for example_xcom_args_with_operators to None, run_after=None
[2023-12-17T08:10:44.868+0700] {processor.py:179} INFO - Processing /home/phuc/Practice/DataScience/DSProject/venv/lib/python3.10/site-packages/airflow/example_dags/example_xcomargs.py took 0.053 seconds
[2023-12-17T08:11:32.111+0700] {processor.py:157} INFO - Started process (PID=314148) to work on /home/phuc/Practice/DataScience/DSProject/venv/lib/python3.10/site-packages/airflow/example_dags/example_xcomargs.py
[2023-12-17T08:11:32.118+0700] {processor.py:829} INFO - Processing file /home/phuc/Practice/DataScience/DSProject/venv/lib/python3.10/site-packages/airflow/example_dags/example_xcomargs.py for tasks to queue
[2023-12-17T08:11:32.120+0700] {logging_mixin.py:154} INFO - [2023-12-17T08:11:32.119+0700] {dagbag.py:536} INFO - Filling up the DagBag from /home/phuc/Practice/DataScience/DSProject/venv/lib/python3.10/site-packages/airflow/example_dags/example_xcomargs.py
[2023-12-17T08:11:32.131+0700] {processor.py:839} INFO - DAG(s) dict_keys(['example_xcom_args', 'example_xcom_args_with_operators']) retrieved from /home/phuc/Practice/DataScience/DSProject/venv/lib/python3.10/site-packages/airflow/example_dags/example_xcomargs.py
[2023-12-17T08:11:32.143+0700] {logging_mixin.py:154} INFO - [2023-12-17T08:11:32.143+0700] {dag.py:2941} INFO - Sync 2 DAGs
[2023-12-17T08:11:32.149+0700] {logging_mixin.py:154} INFO - [2023-12-17T08:11:32.149+0700] {dag.py:3722} INFO - Setting next_dagrun for example_xcom_args to None, run_after=None
[2023-12-17T08:11:32.150+0700] {logging_mixin.py:154} INFO - [2023-12-17T08:11:32.150+0700] {dag.py:3722} INFO - Setting next_dagrun for example_xcom_args_with_operators to None, run_after=None
[2023-12-17T08:11:32.161+0700] {processor.py:179} INFO - Processing /home/phuc/Practice/DataScience/DSProject/venv/lib/python3.10/site-packages/airflow/example_dags/example_xcomargs.py took 0.053 seconds
[2023-12-17T08:12:23.996+0700] {processor.py:157} INFO - Started process (PID=314408) to work on /home/phuc/Practice/DataScience/DSProject/venv/lib/python3.10/site-packages/airflow/example_dags/example_xcomargs.py
[2023-12-17T08:12:24.003+0700] {processor.py:829} INFO - Processing file /home/phuc/Practice/DataScience/DSProject/venv/lib/python3.10/site-packages/airflow/example_dags/example_xcomargs.py for tasks to queue
[2023-12-17T08:12:24.004+0700] {logging_mixin.py:154} INFO - [2023-12-17T08:12:24.004+0700] {dagbag.py:536} INFO - Filling up the DagBag from /home/phuc/Practice/DataScience/DSProject/venv/lib/python3.10/site-packages/airflow/example_dags/example_xcomargs.py
[2023-12-17T08:12:24.016+0700] {processor.py:839} INFO - DAG(s) dict_keys(['example_xcom_args_with_operators', 'example_xcom_args']) retrieved from /home/phuc/Practice/DataScience/DSProject/venv/lib/python3.10/site-packages/airflow/example_dags/example_xcomargs.py
[2023-12-17T08:12:24.027+0700] {logging_mixin.py:154} INFO - [2023-12-17T08:12:24.027+0700] {dag.py:2941} INFO - Sync 2 DAGs
[2023-12-17T08:12:24.033+0700] {logging_mixin.py:154} INFO - [2023-12-17T08:12:24.033+0700] {dag.py:3722} INFO - Setting next_dagrun for example_xcom_args to None, run_after=None
[2023-12-17T08:12:24.035+0700] {logging_mixin.py:154} INFO - [2023-12-17T08:12:24.035+0700] {dag.py:3722} INFO - Setting next_dagrun for example_xcom_args_with_operators to None, run_after=None
[2023-12-17T08:12:24.046+0700] {processor.py:179} INFO - Processing /home/phuc/Practice/DataScience/DSProject/venv/lib/python3.10/site-packages/airflow/example_dags/example_xcomargs.py took 0.053 seconds
[2023-12-17T08:13:12.242+0700] {processor.py:157} INFO - Started process (PID=314630) to work on /home/phuc/Practice/DataScience/DSProject/venv/lib/python3.10/site-packages/airflow/example_dags/example_xcomargs.py
[2023-12-17T08:13:12.249+0700] {processor.py:829} INFO - Processing file /home/phuc/Practice/DataScience/DSProject/venv/lib/python3.10/site-packages/airflow/example_dags/example_xcomargs.py for tasks to queue
[2023-12-17T08:13:12.250+0700] {logging_mixin.py:154} INFO - [2023-12-17T08:13:12.249+0700] {dagbag.py:536} INFO - Filling up the DagBag from /home/phuc/Practice/DataScience/DSProject/venv/lib/python3.10/site-packages/airflow/example_dags/example_xcomargs.py
[2023-12-17T08:13:12.261+0700] {processor.py:839} INFO - DAG(s) dict_keys(['example_xcom_args_with_operators', 'example_xcom_args']) retrieved from /home/phuc/Practice/DataScience/DSProject/venv/lib/python3.10/site-packages/airflow/example_dags/example_xcomargs.py
[2023-12-17T08:13:12.274+0700] {logging_mixin.py:154} INFO - [2023-12-17T08:13:12.274+0700] {dag.py:2941} INFO - Sync 2 DAGs
[2023-12-17T08:13:12.284+0700] {logging_mixin.py:154} INFO - [2023-12-17T08:13:12.284+0700] {dag.py:3722} INFO - Setting next_dagrun for example_xcom_args to None, run_after=None
[2023-12-17T08:13:12.287+0700] {logging_mixin.py:154} INFO - [2023-12-17T08:13:12.286+0700] {dag.py:3722} INFO - Setting next_dagrun for example_xcom_args_with_operators to None, run_after=None
[2023-12-17T08:13:12.301+0700] {processor.py:179} INFO - Processing /home/phuc/Practice/DataScience/DSProject/venv/lib/python3.10/site-packages/airflow/example_dags/example_xcomargs.py took 0.062 seconds
[2023-12-17T08:13:57.572+0700] {processor.py:157} INFO - Started process (PID=314892) to work on /home/phuc/Practice/DataScience/DSProject/venv/lib/python3.10/site-packages/airflow/example_dags/example_xcomargs.py
[2023-12-17T08:13:57.579+0700] {processor.py:829} INFO - Processing file /home/phuc/Practice/DataScience/DSProject/venv/lib/python3.10/site-packages/airflow/example_dags/example_xcomargs.py for tasks to queue
[2023-12-17T08:13:57.581+0700] {logging_mixin.py:154} INFO - [2023-12-17T08:13:57.580+0700] {dagbag.py:536} INFO - Filling up the DagBag from /home/phuc/Practice/DataScience/DSProject/venv/lib/python3.10/site-packages/airflow/example_dags/example_xcomargs.py
[2023-12-17T08:13:57.592+0700] {processor.py:839} INFO - DAG(s) dict_keys(['example_xcom_args', 'example_xcom_args_with_operators']) retrieved from /home/phuc/Practice/DataScience/DSProject/venv/lib/python3.10/site-packages/airflow/example_dags/example_xcomargs.py
[2023-12-17T08:13:57.604+0700] {logging_mixin.py:154} INFO - [2023-12-17T08:13:57.603+0700] {dag.py:2941} INFO - Sync 2 DAGs
[2023-12-17T08:13:57.613+0700] {logging_mixin.py:154} INFO - [2023-12-17T08:13:57.613+0700] {dag.py:3722} INFO - Setting next_dagrun for example_xcom_args to None, run_after=None
[2023-12-17T08:13:57.615+0700] {logging_mixin.py:154} INFO - [2023-12-17T08:13:57.615+0700] {dag.py:3722} INFO - Setting next_dagrun for example_xcom_args_with_operators to None, run_after=None
[2023-12-17T08:13:57.627+0700] {processor.py:179} INFO - Processing /home/phuc/Practice/DataScience/DSProject/venv/lib/python3.10/site-packages/airflow/example_dags/example_xcomargs.py took 0.057 seconds
[2023-12-17T08:14:49.002+0700] {processor.py:157} INFO - Started process (PID=315113) to work on /home/phuc/Practice/DataScience/DSProject/venv/lib/python3.10/site-packages/airflow/example_dags/example_xcomargs.py
[2023-12-17T08:14:49.009+0700] {processor.py:829} INFO - Processing file /home/phuc/Practice/DataScience/DSProject/venv/lib/python3.10/site-packages/airflow/example_dags/example_xcomargs.py for tasks to queue
[2023-12-17T08:14:49.010+0700] {logging_mixin.py:154} INFO - [2023-12-17T08:14:49.009+0700] {dagbag.py:536} INFO - Filling up the DagBag from /home/phuc/Practice/DataScience/DSProject/venv/lib/python3.10/site-packages/airflow/example_dags/example_xcomargs.py
[2023-12-17T08:14:49.022+0700] {processor.py:839} INFO - DAG(s) dict_keys(['example_xcom_args', 'example_xcom_args_with_operators']) retrieved from /home/phuc/Practice/DataScience/DSProject/venv/lib/python3.10/site-packages/airflow/example_dags/example_xcomargs.py
[2023-12-17T08:14:49.034+0700] {logging_mixin.py:154} INFO - [2023-12-17T08:14:49.034+0700] {dag.py:2941} INFO - Sync 2 DAGs
[2023-12-17T08:14:49.040+0700] {logging_mixin.py:154} INFO - [2023-12-17T08:14:49.040+0700] {dag.py:3722} INFO - Setting next_dagrun for example_xcom_args to None, run_after=None
[2023-12-17T08:14:49.041+0700] {logging_mixin.py:154} INFO - [2023-12-17T08:14:49.041+0700] {dag.py:3722} INFO - Setting next_dagrun for example_xcom_args_with_operators to None, run_after=None
[2023-12-17T08:14:49.052+0700] {processor.py:179} INFO - Processing /home/phuc/Practice/DataScience/DSProject/venv/lib/python3.10/site-packages/airflow/example_dags/example_xcomargs.py took 0.054 seconds
[2023-12-17T08:15:42.581+0700] {processor.py:157} INFO - Started process (PID=315341) to work on /home/phuc/Practice/DataScience/DSProject/venv/lib/python3.10/site-packages/airflow/example_dags/example_xcomargs.py
[2023-12-17T08:15:42.588+0700] {processor.py:829} INFO - Processing file /home/phuc/Practice/DataScience/DSProject/venv/lib/python3.10/site-packages/airflow/example_dags/example_xcomargs.py for tasks to queue
[2023-12-17T08:15:42.589+0700] {logging_mixin.py:154} INFO - [2023-12-17T08:15:42.588+0700] {dagbag.py:536} INFO - Filling up the DagBag from /home/phuc/Practice/DataScience/DSProject/venv/lib/python3.10/site-packages/airflow/example_dags/example_xcomargs.py
[2023-12-17T08:15:42.600+0700] {processor.py:839} INFO - DAG(s) dict_keys(['example_xcom_args_with_operators', 'example_xcom_args']) retrieved from /home/phuc/Practice/DataScience/DSProject/venv/lib/python3.10/site-packages/airflow/example_dags/example_xcomargs.py
[2023-12-17T08:15:42.616+0700] {logging_mixin.py:154} INFO - [2023-12-17T08:15:42.616+0700] {dag.py:2941} INFO - Sync 2 DAGs
[2023-12-17T08:15:42.623+0700] {logging_mixin.py:154} INFO - [2023-12-17T08:15:42.623+0700] {dag.py:3722} INFO - Setting next_dagrun for example_xcom_args to None, run_after=None
[2023-12-17T08:15:42.626+0700] {logging_mixin.py:154} INFO - [2023-12-17T08:15:42.625+0700] {dag.py:3722} INFO - Setting next_dagrun for example_xcom_args_with_operators to None, run_after=None
[2023-12-17T08:15:42.637+0700] {processor.py:179} INFO - Processing /home/phuc/Practice/DataScience/DSProject/venv/lib/python3.10/site-packages/airflow/example_dags/example_xcomargs.py took 0.059 seconds
[2023-12-17T08:18:05.170+0700] {processor.py:157} INFO - Started process (PID=316462) to work on /home/phuc/Practice/DataScience/DSProject/venv/lib/python3.10/site-packages/airflow/example_dags/example_xcomargs.py
[2023-12-17T08:18:05.177+0700] {processor.py:829} INFO - Processing file /home/phuc/Practice/DataScience/DSProject/venv/lib/python3.10/site-packages/airflow/example_dags/example_xcomargs.py for tasks to queue
[2023-12-17T08:18:05.177+0700] {logging_mixin.py:154} INFO - [2023-12-17T08:18:05.177+0700] {dagbag.py:536} INFO - Filling up the DagBag from /home/phuc/Practice/DataScience/DSProject/venv/lib/python3.10/site-packages/airflow/example_dags/example_xcomargs.py
[2023-12-17T08:18:05.182+0700] {processor.py:839} INFO - DAG(s) dict_keys(['example_xcom_args_with_operators', 'example_xcom_args']) retrieved from /home/phuc/Practice/DataScience/DSProject/venv/lib/python3.10/site-packages/airflow/example_dags/example_xcomargs.py
[2023-12-17T08:18:05.193+0700] {logging_mixin.py:154} INFO - [2023-12-17T08:18:05.193+0700] {dag.py:2941} INFO - Sync 2 DAGs
[2023-12-17T08:18:05.200+0700] {logging_mixin.py:154} INFO - [2023-12-17T08:18:05.200+0700] {dag.py:3722} INFO - Setting next_dagrun for example_xcom_args to None, run_after=None
[2023-12-17T08:18:05.201+0700] {logging_mixin.py:154} INFO - [2023-12-17T08:18:05.201+0700] {dag.py:3722} INFO - Setting next_dagrun for example_xcom_args_with_operators to None, run_after=None
[2023-12-17T08:18:05.212+0700] {processor.py:179} INFO - Processing /home/phuc/Practice/DataScience/DSProject/venv/lib/python3.10/site-packages/airflow/example_dags/example_xcomargs.py took 0.044 seconds
[2023-12-17T08:18:51.765+0700] {processor.py:157} INFO - Started process (PID=316820) to work on /home/phuc/Practice/DataScience/DSProject/venv/lib/python3.10/site-packages/airflow/example_dags/example_xcomargs.py
[2023-12-17T08:18:51.773+0700] {processor.py:829} INFO - Processing file /home/phuc/Practice/DataScience/DSProject/venv/lib/python3.10/site-packages/airflow/example_dags/example_xcomargs.py for tasks to queue
[2023-12-17T08:18:51.774+0700] {logging_mixin.py:154} INFO - [2023-12-17T08:18:51.773+0700] {dagbag.py:536} INFO - Filling up the DagBag from /home/phuc/Practice/DataScience/DSProject/venv/lib/python3.10/site-packages/airflow/example_dags/example_xcomargs.py
[2023-12-17T08:18:51.783+0700] {processor.py:839} INFO - DAG(s) dict_keys(['example_xcom_args_with_operators', 'example_xcom_args']) retrieved from /home/phuc/Practice/DataScience/DSProject/venv/lib/python3.10/site-packages/airflow/example_dags/example_xcomargs.py
[2023-12-17T08:18:51.803+0700] {logging_mixin.py:154} INFO - [2023-12-17T08:18:51.803+0700] {dag.py:2941} INFO - Sync 2 DAGs
[2023-12-17T08:18:51.815+0700] {logging_mixin.py:154} INFO - [2023-12-17T08:18:51.815+0700] {dag.py:3722} INFO - Setting next_dagrun for example_xcom_args to None, run_after=None
[2023-12-17T08:18:51.819+0700] {logging_mixin.py:154} INFO - [2023-12-17T08:18:51.818+0700] {dag.py:3722} INFO - Setting next_dagrun for example_xcom_args_with_operators to None, run_after=None
[2023-12-17T08:18:51.834+0700] {processor.py:179} INFO - Processing /home/phuc/Practice/DataScience/DSProject/venv/lib/python3.10/site-packages/airflow/example_dags/example_xcomargs.py took 0.073 seconds
[2023-12-17T08:19:43.250+0700] {processor.py:157} INFO - Started process (PID=317356) to work on /home/phuc/Practice/DataScience/DSProject/venv/lib/python3.10/site-packages/airflow/example_dags/example_xcomargs.py
[2023-12-17T08:19:43.257+0700] {processor.py:829} INFO - Processing file /home/phuc/Practice/DataScience/DSProject/venv/lib/python3.10/site-packages/airflow/example_dags/example_xcomargs.py for tasks to queue
[2023-12-17T08:19:43.258+0700] {logging_mixin.py:154} INFO - [2023-12-17T08:19:43.258+0700] {dagbag.py:536} INFO - Filling up the DagBag from /home/phuc/Practice/DataScience/DSProject/venv/lib/python3.10/site-packages/airflow/example_dags/example_xcomargs.py
[2023-12-17T08:19:43.265+0700] {processor.py:839} INFO - DAG(s) dict_keys(['example_xcom_args_with_operators', 'example_xcom_args']) retrieved from /home/phuc/Practice/DataScience/DSProject/venv/lib/python3.10/site-packages/airflow/example_dags/example_xcomargs.py
[2023-12-17T08:19:43.278+0700] {logging_mixin.py:154} INFO - [2023-12-17T08:19:43.278+0700] {dag.py:2941} INFO - Sync 2 DAGs
[2023-12-17T08:19:43.286+0700] {logging_mixin.py:154} INFO - [2023-12-17T08:19:43.286+0700] {dag.py:3722} INFO - Setting next_dagrun for example_xcom_args to None, run_after=None
[2023-12-17T08:19:43.289+0700] {logging_mixin.py:154} INFO - [2023-12-17T08:19:43.289+0700] {dag.py:3722} INFO - Setting next_dagrun for example_xcom_args_with_operators to None, run_after=None
[2023-12-17T08:19:43.304+0700] {processor.py:179} INFO - Processing /home/phuc/Practice/DataScience/DSProject/venv/lib/python3.10/site-packages/airflow/example_dags/example_xcomargs.py took 0.056 seconds
[2023-12-17T08:20:38.624+0700] {processor.py:157} INFO - Started process (PID=317935) to work on /home/phuc/Practice/DataScience/DSProject/venv/lib/python3.10/site-packages/airflow/example_dags/example_xcomargs.py
[2023-12-17T08:20:38.632+0700] {processor.py:829} INFO - Processing file /home/phuc/Practice/DataScience/DSProject/venv/lib/python3.10/site-packages/airflow/example_dags/example_xcomargs.py for tasks to queue
[2023-12-17T08:20:38.633+0700] {logging_mixin.py:154} INFO - [2023-12-17T08:20:38.633+0700] {dagbag.py:536} INFO - Filling up the DagBag from /home/phuc/Practice/DataScience/DSProject/venv/lib/python3.10/site-packages/airflow/example_dags/example_xcomargs.py
[2023-12-17T08:20:38.643+0700] {processor.py:839} INFO - DAG(s) dict_keys(['example_xcom_args_with_operators', 'example_xcom_args']) retrieved from /home/phuc/Practice/DataScience/DSProject/venv/lib/python3.10/site-packages/airflow/example_dags/example_xcomargs.py
[2023-12-17T08:20:38.658+0700] {logging_mixin.py:154} INFO - [2023-12-17T08:20:38.658+0700] {dag.py:2941} INFO - Sync 2 DAGs
[2023-12-17T08:20:38.666+0700] {logging_mixin.py:154} INFO - [2023-12-17T08:20:38.666+0700] {dag.py:3722} INFO - Setting next_dagrun for example_xcom_args to None, run_after=None
[2023-12-17T08:20:38.669+0700] {logging_mixin.py:154} INFO - [2023-12-17T08:20:38.669+0700] {dag.py:3722} INFO - Setting next_dagrun for example_xcom_args_with_operators to None, run_after=None
[2023-12-17T08:20:38.683+0700] {processor.py:179} INFO - Processing /home/phuc/Practice/DataScience/DSProject/venv/lib/python3.10/site-packages/airflow/example_dags/example_xcomargs.py took 0.063 seconds
[2023-12-17T08:23:03.920+0700] {processor.py:157} INFO - Started process (PID=319276) to work on /home/phuc/Practice/DataScience/DSProject/venv/lib/python3.10/site-packages/airflow/example_dags/example_xcomargs.py
[2023-12-17T08:23:03.927+0700] {processor.py:829} INFO - Processing file /home/phuc/Practice/DataScience/DSProject/venv/lib/python3.10/site-packages/airflow/example_dags/example_xcomargs.py for tasks to queue
[2023-12-17T08:23:03.928+0700] {logging_mixin.py:154} INFO - [2023-12-17T08:23:03.927+0700] {dagbag.py:536} INFO - Filling up the DagBag from /home/phuc/Practice/DataScience/DSProject/venv/lib/python3.10/site-packages/airflow/example_dags/example_xcomargs.py
[2023-12-17T08:23:03.935+0700] {processor.py:839} INFO - DAG(s) dict_keys(['example_xcom_args_with_operators', 'example_xcom_args']) retrieved from /home/phuc/Practice/DataScience/DSProject/venv/lib/python3.10/site-packages/airflow/example_dags/example_xcomargs.py
[2023-12-17T08:23:03.950+0700] {logging_mixin.py:154} INFO - [2023-12-17T08:23:03.950+0700] {dag.py:2941} INFO - Sync 2 DAGs
[2023-12-17T08:23:03.959+0700] {logging_mixin.py:154} INFO - [2023-12-17T08:23:03.959+0700] {dag.py:3722} INFO - Setting next_dagrun for example_xcom_args to None, run_after=None
[2023-12-17T08:23:03.962+0700] {logging_mixin.py:154} INFO - [2023-12-17T08:23:03.962+0700] {dag.py:3722} INFO - Setting next_dagrun for example_xcom_args_with_operators to None, run_after=None
[2023-12-17T08:23:03.977+0700] {processor.py:179} INFO - Processing /home/phuc/Practice/DataScience/DSProject/venv/lib/python3.10/site-packages/airflow/example_dags/example_xcomargs.py took 0.060 seconds
[2023-12-17T08:23:51.391+0700] {processor.py:157} INFO - Started process (PID=319644) to work on /home/phuc/Practice/DataScience/DSProject/venv/lib/python3.10/site-packages/airflow/example_dags/example_xcomargs.py
[2023-12-17T08:23:51.398+0700] {processor.py:829} INFO - Processing file /home/phuc/Practice/DataScience/DSProject/venv/lib/python3.10/site-packages/airflow/example_dags/example_xcomargs.py for tasks to queue
[2023-12-17T08:23:51.399+0700] {logging_mixin.py:154} INFO - [2023-12-17T08:23:51.398+0700] {dagbag.py:536} INFO - Filling up the DagBag from /home/phuc/Practice/DataScience/DSProject/venv/lib/python3.10/site-packages/airflow/example_dags/example_xcomargs.py
[2023-12-17T08:23:51.404+0700] {processor.py:839} INFO - DAG(s) dict_keys(['example_xcom_args', 'example_xcom_args_with_operators']) retrieved from /home/phuc/Practice/DataScience/DSProject/venv/lib/python3.10/site-packages/airflow/example_dags/example_xcomargs.py
[2023-12-17T08:23:51.418+0700] {logging_mixin.py:154} INFO - [2023-12-17T08:23:51.418+0700] {dag.py:2941} INFO - Sync 2 DAGs
[2023-12-17T08:23:51.426+0700] {logging_mixin.py:154} INFO - [2023-12-17T08:23:51.426+0700] {dag.py:3722} INFO - Setting next_dagrun for example_xcom_args to None, run_after=None
[2023-12-17T08:23:51.429+0700] {logging_mixin.py:154} INFO - [2023-12-17T08:23:51.429+0700] {dag.py:3722} INFO - Setting next_dagrun for example_xcom_args_with_operators to None, run_after=None
[2023-12-17T08:23:51.444+0700] {processor.py:179} INFO - Processing /home/phuc/Practice/DataScience/DSProject/venv/lib/python3.10/site-packages/airflow/example_dags/example_xcomargs.py took 0.055 seconds
[2023-12-17T08:24:43.859+0700] {processor.py:157} INFO - Started process (PID=319897) to work on /home/phuc/Practice/DataScience/DSProject/venv/lib/python3.10/site-packages/airflow/example_dags/example_xcomargs.py
[2023-12-17T08:24:43.866+0700] {processor.py:829} INFO - Processing file /home/phuc/Practice/DataScience/DSProject/venv/lib/python3.10/site-packages/airflow/example_dags/example_xcomargs.py for tasks to queue
[2023-12-17T08:24:43.868+0700] {logging_mixin.py:154} INFO - [2023-12-17T08:24:43.867+0700] {dagbag.py:536} INFO - Filling up the DagBag from /home/phuc/Practice/DataScience/DSProject/venv/lib/python3.10/site-packages/airflow/example_dags/example_xcomargs.py
[2023-12-17T08:24:43.879+0700] {processor.py:839} INFO - DAG(s) dict_keys(['example_xcom_args_with_operators', 'example_xcom_args']) retrieved from /home/phuc/Practice/DataScience/DSProject/venv/lib/python3.10/site-packages/airflow/example_dags/example_xcomargs.py
[2023-12-17T08:24:43.893+0700] {logging_mixin.py:154} INFO - [2023-12-17T08:24:43.893+0700] {dag.py:2941} INFO - Sync 2 DAGs
[2023-12-17T08:24:43.901+0700] {logging_mixin.py:154} INFO - [2023-12-17T08:24:43.900+0700] {dag.py:3722} INFO - Setting next_dagrun for example_xcom_args to None, run_after=None
[2023-12-17T08:24:43.902+0700] {logging_mixin.py:154} INFO - [2023-12-17T08:24:43.902+0700] {dag.py:3722} INFO - Setting next_dagrun for example_xcom_args_with_operators to None, run_after=None
[2023-12-17T08:24:43.915+0700] {processor.py:179} INFO - Processing /home/phuc/Practice/DataScience/DSProject/venv/lib/python3.10/site-packages/airflow/example_dags/example_xcomargs.py took 0.060 seconds
[2023-12-17T08:25:32.301+0700] {processor.py:157} INFO - Started process (PID=320119) to work on /home/phuc/Practice/DataScience/DSProject/venv/lib/python3.10/site-packages/airflow/example_dags/example_xcomargs.py
[2023-12-17T08:25:32.302+0700] {processor.py:829} INFO - Processing file /home/phuc/Practice/DataScience/DSProject/venv/lib/python3.10/site-packages/airflow/example_dags/example_xcomargs.py for tasks to queue
[2023-12-17T08:25:32.303+0700] {logging_mixin.py:154} INFO - [2023-12-17T08:25:32.302+0700] {dagbag.py:536} INFO - Filling up the DagBag from /home/phuc/Practice/DataScience/DSProject/venv/lib/python3.10/site-packages/airflow/example_dags/example_xcomargs.py
[2023-12-17T08:25:32.311+0700] {processor.py:839} INFO - DAG(s) dict_keys(['example_xcom_args_with_operators', 'example_xcom_args']) retrieved from /home/phuc/Practice/DataScience/DSProject/venv/lib/python3.10/site-packages/airflow/example_dags/example_xcomargs.py
[2023-12-17T08:25:32.325+0700] {logging_mixin.py:154} INFO - [2023-12-17T08:25:32.325+0700] {dag.py:2941} INFO - Sync 2 DAGs
[2023-12-17T08:25:32.334+0700] {logging_mixin.py:154} INFO - [2023-12-17T08:25:32.334+0700] {dag.py:3722} INFO - Setting next_dagrun for example_xcom_args to None, run_after=None
[2023-12-17T08:25:32.336+0700] {logging_mixin.py:154} INFO - [2023-12-17T08:25:32.336+0700] {dag.py:3722} INFO - Setting next_dagrun for example_xcom_args_with_operators to None, run_after=None
[2023-12-17T08:25:32.348+0700] {processor.py:179} INFO - Processing /home/phuc/Practice/DataScience/DSProject/venv/lib/python3.10/site-packages/airflow/example_dags/example_xcomargs.py took 0.050 seconds
[2023-12-17T08:26:19.226+0700] {processor.py:157} INFO - Started process (PID=320323) to work on /home/phuc/Practice/DataScience/DSProject/venv/lib/python3.10/site-packages/airflow/example_dags/example_xcomargs.py
[2023-12-17T08:26:19.233+0700] {processor.py:829} INFO - Processing file /home/phuc/Practice/DataScience/DSProject/venv/lib/python3.10/site-packages/airflow/example_dags/example_xcomargs.py for tasks to queue
[2023-12-17T08:26:19.234+0700] {logging_mixin.py:154} INFO - [2023-12-17T08:26:19.233+0700] {dagbag.py:536} INFO - Filling up the DagBag from /home/phuc/Practice/DataScience/DSProject/venv/lib/python3.10/site-packages/airflow/example_dags/example_xcomargs.py
[2023-12-17T08:26:19.241+0700] {processor.py:839} INFO - DAG(s) dict_keys(['example_xcom_args_with_operators', 'example_xcom_args']) retrieved from /home/phuc/Practice/DataScience/DSProject/venv/lib/python3.10/site-packages/airflow/example_dags/example_xcomargs.py
[2023-12-17T08:26:19.258+0700] {logging_mixin.py:154} INFO - [2023-12-17T08:26:19.257+0700] {dag.py:2941} INFO - Sync 2 DAGs
[2023-12-17T08:26:19.268+0700] {logging_mixin.py:154} INFO - [2023-12-17T08:26:19.268+0700] {dag.py:3722} INFO - Setting next_dagrun for example_xcom_args to None, run_after=None
[2023-12-17T08:26:19.271+0700] {logging_mixin.py:154} INFO - [2023-12-17T08:26:19.271+0700] {dag.py:3722} INFO - Setting next_dagrun for example_xcom_args_with_operators to None, run_after=None
[2023-12-17T08:26:19.288+0700] {processor.py:179} INFO - Processing /home/phuc/Practice/DataScience/DSProject/venv/lib/python3.10/site-packages/airflow/example_dags/example_xcomargs.py took 0.065 seconds
[2023-12-17T08:27:10.952+0700] {processor.py:157} INFO - Started process (PID=320627) to work on /home/phuc/Practice/DataScience/DSProject/venv/lib/python3.10/site-packages/airflow/example_dags/example_xcomargs.py
[2023-12-17T08:27:10.953+0700] {processor.py:829} INFO - Processing file /home/phuc/Practice/DataScience/DSProject/venv/lib/python3.10/site-packages/airflow/example_dags/example_xcomargs.py for tasks to queue
[2023-12-17T08:27:10.953+0700] {logging_mixin.py:154} INFO - [2023-12-17T08:27:10.953+0700] {dagbag.py:536} INFO - Filling up the DagBag from /home/phuc/Practice/DataScience/DSProject/venv/lib/python3.10/site-packages/airflow/example_dags/example_xcomargs.py
[2023-12-17T08:27:10.963+0700] {processor.py:839} INFO - DAG(s) dict_keys(['example_xcom_args_with_operators', 'example_xcom_args']) retrieved from /home/phuc/Practice/DataScience/DSProject/venv/lib/python3.10/site-packages/airflow/example_dags/example_xcomargs.py
[2023-12-17T08:27:10.974+0700] {logging_mixin.py:154} INFO - [2023-12-17T08:27:10.974+0700] {dag.py:2941} INFO - Sync 2 DAGs
[2023-12-17T08:27:10.980+0700] {logging_mixin.py:154} INFO - [2023-12-17T08:27:10.980+0700] {dag.py:3722} INFO - Setting next_dagrun for example_xcom_args to None, run_after=None
[2023-12-17T08:27:10.981+0700] {logging_mixin.py:154} INFO - [2023-12-17T08:27:10.981+0700] {dag.py:3722} INFO - Setting next_dagrun for example_xcom_args_with_operators to None, run_after=None
[2023-12-17T08:27:10.991+0700] {processor.py:179} INFO - Processing /home/phuc/Practice/DataScience/DSProject/venv/lib/python3.10/site-packages/airflow/example_dags/example_xcomargs.py took 0.041 seconds
[2023-12-17T08:28:02.054+0700] {processor.py:157} INFO - Started process (PID=320848) to work on /home/phuc/Practice/DataScience/DSProject/venv/lib/python3.10/site-packages/airflow/example_dags/example_xcomargs.py
[2023-12-17T08:28:02.061+0700] {processor.py:829} INFO - Processing file /home/phuc/Practice/DataScience/DSProject/venv/lib/python3.10/site-packages/airflow/example_dags/example_xcomargs.py for tasks to queue
[2023-12-17T08:28:02.063+0700] {logging_mixin.py:154} INFO - [2023-12-17T08:28:02.062+0700] {dagbag.py:536} INFO - Filling up the DagBag from /home/phuc/Practice/DataScience/DSProject/venv/lib/python3.10/site-packages/airflow/example_dags/example_xcomargs.py
[2023-12-17T08:28:02.075+0700] {processor.py:839} INFO - DAG(s) dict_keys(['example_xcom_args_with_operators', 'example_xcom_args']) retrieved from /home/phuc/Practice/DataScience/DSProject/venv/lib/python3.10/site-packages/airflow/example_dags/example_xcomargs.py
[2023-12-17T08:28:02.087+0700] {logging_mixin.py:154} INFO - [2023-12-17T08:28:02.087+0700] {dag.py:2941} INFO - Sync 2 DAGs
[2023-12-17T08:28:02.093+0700] {logging_mixin.py:154} INFO - [2023-12-17T08:28:02.093+0700] {dag.py:3722} INFO - Setting next_dagrun for example_xcom_args to None, run_after=None
[2023-12-17T08:28:02.095+0700] {logging_mixin.py:154} INFO - [2023-12-17T08:28:02.095+0700] {dag.py:3722} INFO - Setting next_dagrun for example_xcom_args_with_operators to None, run_after=None
[2023-12-17T08:28:02.106+0700] {processor.py:179} INFO - Processing /home/phuc/Practice/DataScience/DSProject/venv/lib/python3.10/site-packages/airflow/example_dags/example_xcomargs.py took 0.055 seconds
[2023-12-17T08:28:48.417+0700] {processor.py:157} INFO - Started process (PID=321049) to work on /home/phuc/Practice/DataScience/DSProject/venv/lib/python3.10/site-packages/airflow/example_dags/example_xcomargs.py
[2023-12-17T08:28:48.424+0700] {processor.py:829} INFO - Processing file /home/phuc/Practice/DataScience/DSProject/venv/lib/python3.10/site-packages/airflow/example_dags/example_xcomargs.py for tasks to queue
[2023-12-17T08:28:48.425+0700] {logging_mixin.py:154} INFO - [2023-12-17T08:28:48.425+0700] {dagbag.py:536} INFO - Filling up the DagBag from /home/phuc/Practice/DataScience/DSProject/venv/lib/python3.10/site-packages/airflow/example_dags/example_xcomargs.py
[2023-12-17T08:28:48.437+0700] {processor.py:839} INFO - DAG(s) dict_keys(['example_xcom_args', 'example_xcom_args_with_operators']) retrieved from /home/phuc/Practice/DataScience/DSProject/venv/lib/python3.10/site-packages/airflow/example_dags/example_xcomargs.py
[2023-12-17T08:28:48.449+0700] {logging_mixin.py:154} INFO - [2023-12-17T08:28:48.449+0700] {dag.py:2941} INFO - Sync 2 DAGs
[2023-12-17T08:28:48.455+0700] {logging_mixin.py:154} INFO - [2023-12-17T08:28:48.455+0700] {dag.py:3722} INFO - Setting next_dagrun for example_xcom_args to None, run_after=None
[2023-12-17T08:28:48.457+0700] {logging_mixin.py:154} INFO - [2023-12-17T08:28:48.457+0700] {dag.py:3722} INFO - Setting next_dagrun for example_xcom_args_with_operators to None, run_after=None
[2023-12-17T08:28:48.468+0700] {processor.py:179} INFO - Processing /home/phuc/Practice/DataScience/DSProject/venv/lib/python3.10/site-packages/airflow/example_dags/example_xcomargs.py took 0.053 seconds
[2023-12-17T08:29:39.842+0700] {processor.py:157} INFO - Started process (PID=321275) to work on /home/phuc/Practice/DataScience/DSProject/venv/lib/python3.10/site-packages/airflow/example_dags/example_xcomargs.py
[2023-12-17T08:29:39.850+0700] {processor.py:829} INFO - Processing file /home/phuc/Practice/DataScience/DSProject/venv/lib/python3.10/site-packages/airflow/example_dags/example_xcomargs.py for tasks to queue
[2023-12-17T08:29:39.851+0700] {logging_mixin.py:154} INFO - [2023-12-17T08:29:39.850+0700] {dagbag.py:536} INFO - Filling up the DagBag from /home/phuc/Practice/DataScience/DSProject/venv/lib/python3.10/site-packages/airflow/example_dags/example_xcomargs.py
[2023-12-17T08:29:39.862+0700] {processor.py:839} INFO - DAG(s) dict_keys(['example_xcom_args', 'example_xcom_args_with_operators']) retrieved from /home/phuc/Practice/DataScience/DSProject/venv/lib/python3.10/site-packages/airflow/example_dags/example_xcomargs.py
[2023-12-17T08:29:39.873+0700] {logging_mixin.py:154} INFO - [2023-12-17T08:29:39.873+0700] {dag.py:2941} INFO - Sync 2 DAGs
[2023-12-17T08:29:39.878+0700] {logging_mixin.py:154} INFO - [2023-12-17T08:29:39.878+0700] {dag.py:3722} INFO - Setting next_dagrun for example_xcom_args to None, run_after=None
[2023-12-17T08:29:39.879+0700] {logging_mixin.py:154} INFO - [2023-12-17T08:29:39.879+0700] {dag.py:3722} INFO - Setting next_dagrun for example_xcom_args_with_operators to None, run_after=None
[2023-12-17T08:29:39.888+0700] {processor.py:179} INFO - Processing /home/phuc/Practice/DataScience/DSProject/venv/lib/python3.10/site-packages/airflow/example_dags/example_xcomargs.py took 0.049 seconds
[2023-12-17T08:30:29.291+0700] {processor.py:157} INFO - Started process (PID=321523) to work on /home/phuc/Practice/DataScience/DSProject/venv/lib/python3.10/site-packages/airflow/example_dags/example_xcomargs.py
[2023-12-17T08:30:29.297+0700] {processor.py:829} INFO - Processing file /home/phuc/Practice/DataScience/DSProject/venv/lib/python3.10/site-packages/airflow/example_dags/example_xcomargs.py for tasks to queue
[2023-12-17T08:30:29.298+0700] {logging_mixin.py:154} INFO - [2023-12-17T08:30:29.298+0700] {dagbag.py:536} INFO - Filling up the DagBag from /home/phuc/Practice/DataScience/DSProject/venv/lib/python3.10/site-packages/airflow/example_dags/example_xcomargs.py
[2023-12-17T08:30:29.302+0700] {processor.py:839} INFO - DAG(s) dict_keys(['example_xcom_args', 'example_xcom_args_with_operators']) retrieved from /home/phuc/Practice/DataScience/DSProject/venv/lib/python3.10/site-packages/airflow/example_dags/example_xcomargs.py
[2023-12-17T08:30:29.311+0700] {logging_mixin.py:154} INFO - [2023-12-17T08:30:29.311+0700] {dag.py:2941} INFO - Sync 2 DAGs
[2023-12-17T08:30:29.316+0700] {logging_mixin.py:154} INFO - [2023-12-17T08:30:29.316+0700] {dag.py:3722} INFO - Setting next_dagrun for example_xcom_args to None, run_after=None
[2023-12-17T08:30:29.317+0700] {logging_mixin.py:154} INFO - [2023-12-17T08:30:29.317+0700] {dag.py:3722} INFO - Setting next_dagrun for example_xcom_args_with_operators to None, run_after=None
[2023-12-17T08:30:29.326+0700] {processor.py:179} INFO - Processing /home/phuc/Practice/DataScience/DSProject/venv/lib/python3.10/site-packages/airflow/example_dags/example_xcomargs.py took 0.037 seconds
[2023-12-17T08:31:22.245+0700] {processor.py:157} INFO - Started process (PID=321860) to work on /home/phuc/Practice/DataScience/DSProject/venv/lib/python3.10/site-packages/airflow/example_dags/example_xcomargs.py
[2023-12-17T08:31:22.252+0700] {processor.py:829} INFO - Processing file /home/phuc/Practice/DataScience/DSProject/venv/lib/python3.10/site-packages/airflow/example_dags/example_xcomargs.py for tasks to queue
[2023-12-17T08:31:22.252+0700] {logging_mixin.py:154} INFO - [2023-12-17T08:31:22.252+0700] {dagbag.py:536} INFO - Filling up the DagBag from /home/phuc/Practice/DataScience/DSProject/venv/lib/python3.10/site-packages/airflow/example_dags/example_xcomargs.py
[2023-12-17T08:31:22.257+0700] {processor.py:839} INFO - DAG(s) dict_keys(['example_xcom_args', 'example_xcom_args_with_operators']) retrieved from /home/phuc/Practice/DataScience/DSProject/venv/lib/python3.10/site-packages/airflow/example_dags/example_xcomargs.py
[2023-12-17T08:31:22.267+0700] {logging_mixin.py:154} INFO - [2023-12-17T08:31:22.267+0700] {dag.py:2941} INFO - Sync 2 DAGs
[2023-12-17T08:31:22.273+0700] {logging_mixin.py:154} INFO - [2023-12-17T08:31:22.273+0700] {dag.py:3722} INFO - Setting next_dagrun for example_xcom_args to None, run_after=None
[2023-12-17T08:31:22.275+0700] {logging_mixin.py:154} INFO - [2023-12-17T08:31:22.274+0700] {dag.py:3722} INFO - Setting next_dagrun for example_xcom_args_with_operators to None, run_after=None
[2023-12-17T08:31:22.284+0700] {processor.py:179} INFO - Processing /home/phuc/Practice/DataScience/DSProject/venv/lib/python3.10/site-packages/airflow/example_dags/example_xcomargs.py took 0.041 seconds
[2023-12-17T08:32:38.940+0700] {processor.py:157} INFO - Started process (PID=322963) to work on /home/phuc/Practice/DataScience/DSProject/venv/lib/python3.10/site-packages/airflow/example_dags/example_xcomargs.py
[2023-12-17T08:32:38.947+0700] {processor.py:829} INFO - Processing file /home/phuc/Practice/DataScience/DSProject/venv/lib/python3.10/site-packages/airflow/example_dags/example_xcomargs.py for tasks to queue
[2023-12-17T08:32:38.948+0700] {logging_mixin.py:154} INFO - [2023-12-17T08:32:38.948+0700] {dagbag.py:536} INFO - Filling up the DagBag from /home/phuc/Practice/DataScience/DSProject/venv/lib/python3.10/site-packages/airflow/example_dags/example_xcomargs.py
[2023-12-17T08:32:38.960+0700] {processor.py:839} INFO - DAG(s) dict_keys(['example_xcom_args', 'example_xcom_args_with_operators']) retrieved from /home/phuc/Practice/DataScience/DSProject/venv/lib/python3.10/site-packages/airflow/example_dags/example_xcomargs.py
[2023-12-17T08:32:38.971+0700] {logging_mixin.py:154} INFO - [2023-12-17T08:32:38.970+0700] {dag.py:2941} INFO - Sync 2 DAGs
[2023-12-17T08:32:38.976+0700] {logging_mixin.py:154} INFO - [2023-12-17T08:32:38.976+0700] {dag.py:3722} INFO - Setting next_dagrun for example_xcom_args to None, run_after=None
[2023-12-17T08:32:38.977+0700] {logging_mixin.py:154} INFO - [2023-12-17T08:32:38.977+0700] {dag.py:3722} INFO - Setting next_dagrun for example_xcom_args_with_operators to None, run_after=None
[2023-12-17T08:32:38.986+0700] {processor.py:179} INFO - Processing /home/phuc/Practice/DataScience/DSProject/venv/lib/python3.10/site-packages/airflow/example_dags/example_xcomargs.py took 0.048 seconds
[2023-12-17T08:33:35.153+0700] {processor.py:157} INFO - Started process (PID=323228) to work on /home/phuc/Practice/DataScience/DSProject/venv/lib/python3.10/site-packages/airflow/example_dags/example_xcomargs.py
[2023-12-17T08:33:35.160+0700] {processor.py:829} INFO - Processing file /home/phuc/Practice/DataScience/DSProject/venv/lib/python3.10/site-packages/airflow/example_dags/example_xcomargs.py for tasks to queue
[2023-12-17T08:33:35.161+0700] {logging_mixin.py:154} INFO - [2023-12-17T08:33:35.160+0700] {dagbag.py:536} INFO - Filling up the DagBag from /home/phuc/Practice/DataScience/DSProject/venv/lib/python3.10/site-packages/airflow/example_dags/example_xcomargs.py
[2023-12-17T08:33:35.168+0700] {processor.py:839} INFO - DAG(s) dict_keys(['example_xcom_args', 'example_xcom_args_with_operators']) retrieved from /home/phuc/Practice/DataScience/DSProject/venv/lib/python3.10/site-packages/airflow/example_dags/example_xcomargs.py
[2023-12-17T08:33:35.176+0700] {logging_mixin.py:154} INFO - [2023-12-17T08:33:35.176+0700] {dag.py:2941} INFO - Sync 2 DAGs
[2023-12-17T08:33:35.182+0700] {logging_mixin.py:154} INFO - [2023-12-17T08:33:35.182+0700] {dag.py:3722} INFO - Setting next_dagrun for example_xcom_args to None, run_after=None
[2023-12-17T08:33:35.183+0700] {logging_mixin.py:154} INFO - [2023-12-17T08:33:35.183+0700] {dag.py:3722} INFO - Setting next_dagrun for example_xcom_args_with_operators to None, run_after=None
[2023-12-17T08:33:35.192+0700] {processor.py:179} INFO - Processing /home/phuc/Practice/DataScience/DSProject/venv/lib/python3.10/site-packages/airflow/example_dags/example_xcomargs.py took 0.041 seconds
[2023-12-17T08:34:25.832+0700] {processor.py:157} INFO - Started process (PID=323641) to work on /home/phuc/Practice/DataScience/DSProject/venv/lib/python3.10/site-packages/airflow/example_dags/example_xcomargs.py
[2023-12-17T08:34:25.839+0700] {processor.py:829} INFO - Processing file /home/phuc/Practice/DataScience/DSProject/venv/lib/python3.10/site-packages/airflow/example_dags/example_xcomargs.py for tasks to queue
[2023-12-17T08:34:25.841+0700] {logging_mixin.py:154} INFO - [2023-12-17T08:34:25.840+0700] {dagbag.py:536} INFO - Filling up the DagBag from /home/phuc/Practice/DataScience/DSProject/venv/lib/python3.10/site-packages/airflow/example_dags/example_xcomargs.py
[2023-12-17T08:34:25.847+0700] {processor.py:839} INFO - DAG(s) dict_keys(['example_xcom_args_with_operators', 'example_xcom_args']) retrieved from /home/phuc/Practice/DataScience/DSProject/venv/lib/python3.10/site-packages/airflow/example_dags/example_xcomargs.py
[2023-12-17T08:34:25.856+0700] {logging_mixin.py:154} INFO - [2023-12-17T08:34:25.856+0700] {dag.py:2941} INFO - Sync 2 DAGs
[2023-12-17T08:34:25.861+0700] {logging_mixin.py:154} INFO - [2023-12-17T08:34:25.861+0700] {dag.py:3722} INFO - Setting next_dagrun for example_xcom_args to None, run_after=None
[2023-12-17T08:34:25.863+0700] {logging_mixin.py:154} INFO - [2023-12-17T08:34:25.863+0700] {dag.py:3722} INFO - Setting next_dagrun for example_xcom_args_with_operators to None, run_after=None
[2023-12-17T08:34:25.871+0700] {processor.py:179} INFO - Processing /home/phuc/Practice/DataScience/DSProject/venv/lib/python3.10/site-packages/airflow/example_dags/example_xcomargs.py took 0.041 seconds
[2023-12-17T08:35:20.098+0700] {processor.py:157} INFO - Started process (PID=324043) to work on /home/phuc/Practice/DataScience/DSProject/venv/lib/python3.10/site-packages/airflow/example_dags/example_xcomargs.py
[2023-12-17T08:35:20.104+0700] {processor.py:829} INFO - Processing file /home/phuc/Practice/DataScience/DSProject/venv/lib/python3.10/site-packages/airflow/example_dags/example_xcomargs.py for tasks to queue
[2023-12-17T08:35:20.105+0700] {logging_mixin.py:154} INFO - [2023-12-17T08:35:20.105+0700] {dagbag.py:536} INFO - Filling up the DagBag from /home/phuc/Practice/DataScience/DSProject/venv/lib/python3.10/site-packages/airflow/example_dags/example_xcomargs.py
[2023-12-17T08:35:20.110+0700] {processor.py:839} INFO - DAG(s) dict_keys(['example_xcom_args_with_operators', 'example_xcom_args']) retrieved from /home/phuc/Practice/DataScience/DSProject/venv/lib/python3.10/site-packages/airflow/example_dags/example_xcomargs.py
[2023-12-17T08:35:20.120+0700] {logging_mixin.py:154} INFO - [2023-12-17T08:35:20.120+0700] {dag.py:2941} INFO - Sync 2 DAGs
[2023-12-17T08:35:20.126+0700] {logging_mixin.py:154} INFO - [2023-12-17T08:35:20.126+0700] {dag.py:3722} INFO - Setting next_dagrun for example_xcom_args to None, run_after=None
[2023-12-17T08:35:20.128+0700] {logging_mixin.py:154} INFO - [2023-12-17T08:35:20.128+0700] {dag.py:3722} INFO - Setting next_dagrun for example_xcom_args_with_operators to None, run_after=None
[2023-12-17T08:35:20.138+0700] {processor.py:179} INFO - Processing /home/phuc/Practice/DataScience/DSProject/venv/lib/python3.10/site-packages/airflow/example_dags/example_xcomargs.py took 0.042 seconds
