[2023-12-17T08:03:29.332+0700] {processor.py:157} INFO - Started process (PID=309818) to work on /home/phuc/Practice/DataScience/DSProject/venv/lib/python3.10/site-packages/airflow/example_dags/example_kubernetes_executor.py
[2023-12-17T08:03:29.333+0700] {processor.py:829} INFO - Processing file /home/phuc/Practice/DataScience/DSProject/venv/lib/python3.10/site-packages/airflow/example_dags/example_kubernetes_executor.py for tasks to queue
[2023-12-17T08:03:29.333+0700] {logging_mixin.py:154} INFO - [2023-12-17T08:03:29.333+0700] {dagbag.py:536} INFO - Filling up the DagBag from /home/phuc/Practice/DataScience/DSProject/venv/lib/python3.10/site-packages/airflow/example_dags/example_kubernetes_executor.py
[2023-12-17T08:03:29.336+0700] {logging_mixin.py:154} INFO - [2023-12-17T08:03:29.336+0700] {example_kubernetes_executor.py:38} WARNING - The example_kubernetes_executor example DAG requires the kubernetes provider. Please install it with: pip install apache-airflow[cncf.kubernetes]
[2023-12-17T08:03:29.336+0700] {processor.py:841} WARNING - No viable dags retrieved from /home/phuc/Practice/DataScience/DSProject/venv/lib/python3.10/site-packages/airflow/example_dags/example_kubernetes_executor.py
[2023-12-17T08:03:29.345+0700] {processor.py:179} INFO - Processing /home/phuc/Practice/DataScience/DSProject/venv/lib/python3.10/site-packages/airflow/example_dags/example_kubernetes_executor.py took 0.015 seconds
[2023-12-17T08:05:43.992+0700] {processor.py:157} INFO - Started process (PID=311049) to work on /home/phuc/Practice/DataScience/DSProject/venv/lib/python3.10/site-packages/airflow/example_dags/example_kubernetes_executor.py
[2023-12-17T08:05:44.000+0700] {processor.py:829} INFO - Processing file /home/phuc/Practice/DataScience/DSProject/venv/lib/python3.10/site-packages/airflow/example_dags/example_kubernetes_executor.py for tasks to queue
[2023-12-17T08:05:44.001+0700] {logging_mixin.py:154} INFO - [2023-12-17T08:05:44.001+0700] {dagbag.py:536} INFO - Filling up the DagBag from /home/phuc/Practice/DataScience/DSProject/venv/lib/python3.10/site-packages/airflow/example_dags/example_kubernetes_executor.py
[2023-12-17T08:05:44.006+0700] {logging_mixin.py:154} INFO - [2023-12-17T08:05:44.006+0700] {example_kubernetes_executor.py:38} WARNING - The example_kubernetes_executor example DAG requires the kubernetes provider. Please install it with: pip install apache-airflow[cncf.kubernetes]
[2023-12-17T08:05:44.006+0700] {processor.py:841} WARNING - No viable dags retrieved from /home/phuc/Practice/DataScience/DSProject/venv/lib/python3.10/site-packages/airflow/example_dags/example_kubernetes_executor.py
[2023-12-17T08:05:44.016+0700] {processor.py:179} INFO - Processing /home/phuc/Practice/DataScience/DSProject/venv/lib/python3.10/site-packages/airflow/example_dags/example_kubernetes_executor.py took 0.026 seconds
[2023-12-17T08:06:32.030+0700] {processor.py:157} INFO - Started process (PID=311539) to work on /home/phuc/Practice/DataScience/DSProject/venv/lib/python3.10/site-packages/airflow/example_dags/example_kubernetes_executor.py
[2023-12-17T08:06:32.037+0700] {processor.py:829} INFO - Processing file /home/phuc/Practice/DataScience/DSProject/venv/lib/python3.10/site-packages/airflow/example_dags/example_kubernetes_executor.py for tasks to queue
[2023-12-17T08:06:32.039+0700] {logging_mixin.py:154} INFO - [2023-12-17T08:06:32.038+0700] {dagbag.py:536} INFO - Filling up the DagBag from /home/phuc/Practice/DataScience/DSProject/venv/lib/python3.10/site-packages/airflow/example_dags/example_kubernetes_executor.py
[2023-12-17T08:06:32.044+0700] {logging_mixin.py:154} INFO - [2023-12-17T08:06:32.044+0700] {example_kubernetes_executor.py:38} WARNING - The example_kubernetes_executor example DAG requires the kubernetes provider. Please install it with: pip install apache-airflow[cncf.kubernetes]
[2023-12-17T08:06:32.044+0700] {processor.py:841} WARNING - No viable dags retrieved from /home/phuc/Practice/DataScience/DSProject/venv/lib/python3.10/site-packages/airflow/example_dags/example_kubernetes_executor.py
[2023-12-17T08:06:32.055+0700] {processor.py:179} INFO - Processing /home/phuc/Practice/DataScience/DSProject/venv/lib/python3.10/site-packages/airflow/example_dags/example_kubernetes_executor.py took 0.028 seconds
[2023-12-17T08:07:17.748+0700] {processor.py:157} INFO - Started process (PID=312027) to work on /home/phuc/Practice/DataScience/DSProject/venv/lib/python3.10/site-packages/airflow/example_dags/example_kubernetes_executor.py
[2023-12-17T08:07:17.755+0700] {processor.py:829} INFO - Processing file /home/phuc/Practice/DataScience/DSProject/venv/lib/python3.10/site-packages/airflow/example_dags/example_kubernetes_executor.py for tasks to queue
[2023-12-17T08:07:17.757+0700] {logging_mixin.py:154} INFO - [2023-12-17T08:07:17.756+0700] {dagbag.py:536} INFO - Filling up the DagBag from /home/phuc/Practice/DataScience/DSProject/venv/lib/python3.10/site-packages/airflow/example_dags/example_kubernetes_executor.py
[2023-12-17T08:07:17.759+0700] {logging_mixin.py:154} INFO - [2023-12-17T08:07:17.759+0700] {example_kubernetes_executor.py:38} WARNING - The example_kubernetes_executor example DAG requires the kubernetes provider. Please install it with: pip install apache-airflow[cncf.kubernetes]
[2023-12-17T08:07:17.760+0700] {processor.py:841} WARNING - No viable dags retrieved from /home/phuc/Practice/DataScience/DSProject/venv/lib/python3.10/site-packages/airflow/example_dags/example_kubernetes_executor.py
[2023-12-17T08:07:17.769+0700] {processor.py:179} INFO - Processing /home/phuc/Practice/DataScience/DSProject/venv/lib/python3.10/site-packages/airflow/example_dags/example_kubernetes_executor.py took 0.024 seconds
[2023-12-17T08:08:41.516+0700] {processor.py:157} INFO - Started process (PID=313150) to work on /home/phuc/Practice/DataScience/DSProject/venv/lib/python3.10/site-packages/airflow/example_dags/example_kubernetes_executor.py
[2023-12-17T08:08:41.523+0700] {processor.py:829} INFO - Processing file /home/phuc/Practice/DataScience/DSProject/venv/lib/python3.10/site-packages/airflow/example_dags/example_kubernetes_executor.py for tasks to queue
[2023-12-17T08:08:41.524+0700] {logging_mixin.py:154} INFO - [2023-12-17T08:08:41.524+0700] {dagbag.py:536} INFO - Filling up the DagBag from /home/phuc/Practice/DataScience/DSProject/venv/lib/python3.10/site-packages/airflow/example_dags/example_kubernetes_executor.py
[2023-12-17T08:08:41.527+0700] {logging_mixin.py:154} INFO - [2023-12-17T08:08:41.526+0700] {example_kubernetes_executor.py:38} WARNING - The example_kubernetes_executor example DAG requires the kubernetes provider. Please install it with: pip install apache-airflow[cncf.kubernetes]
[2023-12-17T08:08:41.527+0700] {processor.py:841} WARNING - No viable dags retrieved from /home/phuc/Practice/DataScience/DSProject/venv/lib/python3.10/site-packages/airflow/example_dags/example_kubernetes_executor.py
[2023-12-17T08:08:41.535+0700] {processor.py:179} INFO - Processing /home/phuc/Practice/DataScience/DSProject/venv/lib/python3.10/site-packages/airflow/example_dags/example_kubernetes_executor.py took 0.022 seconds
[2023-12-17T08:09:27.886+0700] {processor.py:157} INFO - Started process (PID=313470) to work on /home/phuc/Practice/DataScience/DSProject/venv/lib/python3.10/site-packages/airflow/example_dags/example_kubernetes_executor.py
[2023-12-17T08:09:27.893+0700] {processor.py:829} INFO - Processing file /home/phuc/Practice/DataScience/DSProject/venv/lib/python3.10/site-packages/airflow/example_dags/example_kubernetes_executor.py for tasks to queue
[2023-12-17T08:09:27.894+0700] {logging_mixin.py:154} INFO - [2023-12-17T08:09:27.894+0700] {dagbag.py:536} INFO - Filling up the DagBag from /home/phuc/Practice/DataScience/DSProject/venv/lib/python3.10/site-packages/airflow/example_dags/example_kubernetes_executor.py
[2023-12-17T08:09:27.899+0700] {logging_mixin.py:154} INFO - [2023-12-17T08:09:27.899+0700] {example_kubernetes_executor.py:38} WARNING - The example_kubernetes_executor example DAG requires the kubernetes provider. Please install it with: pip install apache-airflow[cncf.kubernetes]
[2023-12-17T08:09:27.900+0700] {processor.py:841} WARNING - No viable dags retrieved from /home/phuc/Practice/DataScience/DSProject/venv/lib/python3.10/site-packages/airflow/example_dags/example_kubernetes_executor.py
[2023-12-17T08:09:27.910+0700] {processor.py:179} INFO - Processing /home/phuc/Practice/DataScience/DSProject/venv/lib/python3.10/site-packages/airflow/example_dags/example_kubernetes_executor.py took 0.026 seconds
[2023-12-17T08:10:15.360+0700] {processor.py:157} INFO - Started process (PID=313818) to work on /home/phuc/Practice/DataScience/DSProject/venv/lib/python3.10/site-packages/airflow/example_dags/example_kubernetes_executor.py
[2023-12-17T08:10:15.368+0700] {processor.py:829} INFO - Processing file /home/phuc/Practice/DataScience/DSProject/venv/lib/python3.10/site-packages/airflow/example_dags/example_kubernetes_executor.py for tasks to queue
[2023-12-17T08:10:15.369+0700] {logging_mixin.py:154} INFO - [2023-12-17T08:10:15.368+0700] {dagbag.py:536} INFO - Filling up the DagBag from /home/phuc/Practice/DataScience/DSProject/venv/lib/python3.10/site-packages/airflow/example_dags/example_kubernetes_executor.py
[2023-12-17T08:10:15.374+0700] {logging_mixin.py:154} INFO - [2023-12-17T08:10:15.373+0700] {example_kubernetes_executor.py:38} WARNING - The example_kubernetes_executor example DAG requires the kubernetes provider. Please install it with: pip install apache-airflow[cncf.kubernetes]
[2023-12-17T08:10:15.374+0700] {processor.py:841} WARNING - No viable dags retrieved from /home/phuc/Practice/DataScience/DSProject/venv/lib/python3.10/site-packages/airflow/example_dags/example_kubernetes_executor.py
[2023-12-17T08:10:15.379+0700] {processor.py:179} INFO - Processing /home/phuc/Practice/DataScience/DSProject/venv/lib/python3.10/site-packages/airflow/example_dags/example_kubernetes_executor.py took 0.020 seconds
[2023-12-17T08:11:06.573+0700] {processor.py:157} INFO - Started process (PID=314035) to work on /home/phuc/Practice/DataScience/DSProject/venv/lib/python3.10/site-packages/airflow/example_dags/example_kubernetes_executor.py
[2023-12-17T08:11:06.579+0700] {processor.py:829} INFO - Processing file /home/phuc/Practice/DataScience/DSProject/venv/lib/python3.10/site-packages/airflow/example_dags/example_kubernetes_executor.py for tasks to queue
[2023-12-17T08:11:06.581+0700] {logging_mixin.py:154} INFO - [2023-12-17T08:11:06.580+0700] {dagbag.py:536} INFO - Filling up the DagBag from /home/phuc/Practice/DataScience/DSProject/venv/lib/python3.10/site-packages/airflow/example_dags/example_kubernetes_executor.py
[2023-12-17T08:11:06.586+0700] {logging_mixin.py:154} INFO - [2023-12-17T08:11:06.586+0700] {example_kubernetes_executor.py:38} WARNING - The example_kubernetes_executor example DAG requires the kubernetes provider. Please install it with: pip install apache-airflow[cncf.kubernetes]
[2023-12-17T08:11:06.587+0700] {processor.py:841} WARNING - No viable dags retrieved from /home/phuc/Practice/DataScience/DSProject/venv/lib/python3.10/site-packages/airflow/example_dags/example_kubernetes_executor.py
[2023-12-17T08:11:06.595+0700] {processor.py:179} INFO - Processing /home/phuc/Practice/DataScience/DSProject/venv/lib/python3.10/site-packages/airflow/example_dags/example_kubernetes_executor.py took 0.026 seconds
[2023-12-17T08:11:54.688+0700] {processor.py:157} INFO - Started process (PID=314283) to work on /home/phuc/Practice/DataScience/DSProject/venv/lib/python3.10/site-packages/airflow/example_dags/example_kubernetes_executor.py
[2023-12-17T08:11:54.694+0700] {processor.py:829} INFO - Processing file /home/phuc/Practice/DataScience/DSProject/venv/lib/python3.10/site-packages/airflow/example_dags/example_kubernetes_executor.py for tasks to queue
[2023-12-17T08:11:54.696+0700] {logging_mixin.py:154} INFO - [2023-12-17T08:11:54.695+0700] {dagbag.py:536} INFO - Filling up the DagBag from /home/phuc/Practice/DataScience/DSProject/venv/lib/python3.10/site-packages/airflow/example_dags/example_kubernetes_executor.py
[2023-12-17T08:11:54.701+0700] {logging_mixin.py:154} INFO - [2023-12-17T08:11:54.700+0700] {example_kubernetes_executor.py:38} WARNING - The example_kubernetes_executor example DAG requires the kubernetes provider. Please install it with: pip install apache-airflow[cncf.kubernetes]
[2023-12-17T08:11:54.701+0700] {processor.py:841} WARNING - No viable dags retrieved from /home/phuc/Practice/DataScience/DSProject/venv/lib/python3.10/site-packages/airflow/example_dags/example_kubernetes_executor.py
[2023-12-17T08:11:54.711+0700] {processor.py:179} INFO - Processing /home/phuc/Practice/DataScience/DSProject/venv/lib/python3.10/site-packages/airflow/example_dags/example_kubernetes_executor.py took 0.026 seconds
[2023-12-17T08:12:46.704+0700] {processor.py:157} INFO - Started process (PID=314520) to work on /home/phuc/Practice/DataScience/DSProject/venv/lib/python3.10/site-packages/airflow/example_dags/example_kubernetes_executor.py
[2023-12-17T08:12:46.711+0700] {processor.py:829} INFO - Processing file /home/phuc/Practice/DataScience/DSProject/venv/lib/python3.10/site-packages/airflow/example_dags/example_kubernetes_executor.py for tasks to queue
[2023-12-17T08:12:46.712+0700] {logging_mixin.py:154} INFO - [2023-12-17T08:12:46.712+0700] {dagbag.py:536} INFO - Filling up the DagBag from /home/phuc/Practice/DataScience/DSProject/venv/lib/python3.10/site-packages/airflow/example_dags/example_kubernetes_executor.py
[2023-12-17T08:12:46.717+0700] {logging_mixin.py:154} INFO - [2023-12-17T08:12:46.717+0700] {example_kubernetes_executor.py:38} WARNING - The example_kubernetes_executor example DAG requires the kubernetes provider. Please install it with: pip install apache-airflow[cncf.kubernetes]
[2023-12-17T08:12:46.718+0700] {processor.py:841} WARNING - No viable dags retrieved from /home/phuc/Practice/DataScience/DSProject/venv/lib/python3.10/site-packages/airflow/example_dags/example_kubernetes_executor.py
[2023-12-17T08:12:46.728+0700] {processor.py:179} INFO - Processing /home/phuc/Practice/DataScience/DSProject/venv/lib/python3.10/site-packages/airflow/example_dags/example_kubernetes_executor.py took 0.027 seconds
[2023-12-17T08:13:30.735+0700] {processor.py:157} INFO - Started process (PID=314761) to work on /home/phuc/Practice/DataScience/DSProject/venv/lib/python3.10/site-packages/airflow/example_dags/example_kubernetes_executor.py
[2023-12-17T08:13:30.743+0700] {processor.py:829} INFO - Processing file /home/phuc/Practice/DataScience/DSProject/venv/lib/python3.10/site-packages/airflow/example_dags/example_kubernetes_executor.py for tasks to queue
[2023-12-17T08:13:30.744+0700] {logging_mixin.py:154} INFO - [2023-12-17T08:13:30.743+0700] {dagbag.py:536} INFO - Filling up the DagBag from /home/phuc/Practice/DataScience/DSProject/venv/lib/python3.10/site-packages/airflow/example_dags/example_kubernetes_executor.py
[2023-12-17T08:13:30.749+0700] {logging_mixin.py:154} INFO - [2023-12-17T08:13:30.749+0700] {example_kubernetes_executor.py:38} WARNING - The example_kubernetes_executor example DAG requires the kubernetes provider. Please install it with: pip install apache-airflow[cncf.kubernetes]
[2023-12-17T08:13:30.749+0700] {processor.py:841} WARNING - No viable dags retrieved from /home/phuc/Practice/DataScience/DSProject/venv/lib/python3.10/site-packages/airflow/example_dags/example_kubernetes_executor.py
[2023-12-17T08:13:30.761+0700] {processor.py:179} INFO - Processing /home/phuc/Practice/DataScience/DSProject/venv/lib/python3.10/site-packages/airflow/example_dags/example_kubernetes_executor.py took 0.028 seconds
[2023-12-17T08:14:21.002+0700] {processor.py:157} INFO - Started process (PID=314983) to work on /home/phuc/Practice/DataScience/DSProject/venv/lib/python3.10/site-packages/airflow/example_dags/example_kubernetes_executor.py
[2023-12-17T08:14:21.009+0700] {processor.py:829} INFO - Processing file /home/phuc/Practice/DataScience/DSProject/venv/lib/python3.10/site-packages/airflow/example_dags/example_kubernetes_executor.py for tasks to queue
[2023-12-17T08:14:21.011+0700] {logging_mixin.py:154} INFO - [2023-12-17T08:14:21.010+0700] {dagbag.py:536} INFO - Filling up the DagBag from /home/phuc/Practice/DataScience/DSProject/venv/lib/python3.10/site-packages/airflow/example_dags/example_kubernetes_executor.py
[2023-12-17T08:14:21.016+0700] {logging_mixin.py:154} INFO - [2023-12-17T08:14:21.015+0700] {example_kubernetes_executor.py:38} WARNING - The example_kubernetes_executor example DAG requires the kubernetes provider. Please install it with: pip install apache-airflow[cncf.kubernetes]
[2023-12-17T08:14:21.016+0700] {processor.py:841} WARNING - No viable dags retrieved from /home/phuc/Practice/DataScience/DSProject/venv/lib/python3.10/site-packages/airflow/example_dags/example_kubernetes_executor.py
[2023-12-17T08:14:21.027+0700] {processor.py:179} INFO - Processing /home/phuc/Practice/DataScience/DSProject/venv/lib/python3.10/site-packages/airflow/example_dags/example_kubernetes_executor.py took 0.028 seconds
[2023-12-17T08:15:16.384+0700] {processor.py:157} INFO - Started process (PID=315231) to work on /home/phuc/Practice/DataScience/DSProject/venv/lib/python3.10/site-packages/airflow/example_dags/example_kubernetes_executor.py
[2023-12-17T08:15:16.391+0700] {processor.py:829} INFO - Processing file /home/phuc/Practice/DataScience/DSProject/venv/lib/python3.10/site-packages/airflow/example_dags/example_kubernetes_executor.py for tasks to queue
[2023-12-17T08:15:16.392+0700] {logging_mixin.py:154} INFO - [2023-12-17T08:15:16.392+0700] {dagbag.py:536} INFO - Filling up the DagBag from /home/phuc/Practice/DataScience/DSProject/venv/lib/python3.10/site-packages/airflow/example_dags/example_kubernetes_executor.py
[2023-12-17T08:15:16.397+0700] {logging_mixin.py:154} INFO - [2023-12-17T08:15:16.397+0700] {example_kubernetes_executor.py:38} WARNING - The example_kubernetes_executor example DAG requires the kubernetes provider. Please install it with: pip install apache-airflow[cncf.kubernetes]
[2023-12-17T08:15:16.398+0700] {processor.py:841} WARNING - No viable dags retrieved from /home/phuc/Practice/DataScience/DSProject/venv/lib/python3.10/site-packages/airflow/example_dags/example_kubernetes_executor.py
[2023-12-17T08:15:16.408+0700] {processor.py:179} INFO - Processing /home/phuc/Practice/DataScience/DSProject/venv/lib/python3.10/site-packages/airflow/example_dags/example_kubernetes_executor.py took 0.028 seconds
[2023-12-17T08:16:06.991+0700] {processor.py:157} INFO - Started process (PID=315515) to work on /home/phuc/Practice/DataScience/DSProject/venv/lib/python3.10/site-packages/airflow/example_dags/example_kubernetes_executor.py
[2023-12-17T08:16:06.998+0700] {processor.py:829} INFO - Processing file /home/phuc/Practice/DataScience/DSProject/venv/lib/python3.10/site-packages/airflow/example_dags/example_kubernetes_executor.py for tasks to queue
[2023-12-17T08:16:06.999+0700] {logging_mixin.py:154} INFO - [2023-12-17T08:16:06.999+0700] {dagbag.py:536} INFO - Filling up the DagBag from /home/phuc/Practice/DataScience/DSProject/venv/lib/python3.10/site-packages/airflow/example_dags/example_kubernetes_executor.py
[2023-12-17T08:16:07.002+0700] {logging_mixin.py:154} INFO - [2023-12-17T08:16:07.002+0700] {example_kubernetes_executor.py:38} WARNING - The example_kubernetes_executor example DAG requires the kubernetes provider. Please install it with: pip install apache-airflow[cncf.kubernetes]
[2023-12-17T08:16:07.002+0700] {processor.py:841} WARNING - No viable dags retrieved from /home/phuc/Practice/DataScience/DSProject/venv/lib/python3.10/site-packages/airflow/example_dags/example_kubernetes_executor.py
[2023-12-17T08:16:07.009+0700] {processor.py:179} INFO - Processing /home/phuc/Practice/DataScience/DSProject/venv/lib/python3.10/site-packages/airflow/example_dags/example_kubernetes_executor.py took 0.020 seconds
[2023-12-17T08:18:00.343+0700] {processor.py:157} INFO - Started process (PID=316438) to work on /home/phuc/Practice/DataScience/DSProject/venv/lib/python3.10/site-packages/airflow/example_dags/example_kubernetes_executor.py
[2023-12-17T08:18:00.350+0700] {processor.py:829} INFO - Processing file /home/phuc/Practice/DataScience/DSProject/venv/lib/python3.10/site-packages/airflow/example_dags/example_kubernetes_executor.py for tasks to queue
[2023-12-17T08:18:00.351+0700] {logging_mixin.py:154} INFO - [2023-12-17T08:18:00.350+0700] {dagbag.py:536} INFO - Filling up the DagBag from /home/phuc/Practice/DataScience/DSProject/venv/lib/python3.10/site-packages/airflow/example_dags/example_kubernetes_executor.py
[2023-12-17T08:18:00.353+0700] {logging_mixin.py:154} INFO - [2023-12-17T08:18:00.353+0700] {example_kubernetes_executor.py:38} WARNING - The example_kubernetes_executor example DAG requires the kubernetes provider. Please install it with: pip install apache-airflow[cncf.kubernetes]
[2023-12-17T08:18:00.354+0700] {processor.py:841} WARNING - No viable dags retrieved from /home/phuc/Practice/DataScience/DSProject/venv/lib/python3.10/site-packages/airflow/example_dags/example_kubernetes_executor.py
[2023-12-17T08:18:00.362+0700] {processor.py:179} INFO - Processing /home/phuc/Practice/DataScience/DSProject/venv/lib/python3.10/site-packages/airflow/example_dags/example_kubernetes_executor.py took 0.022 seconds
[2023-12-17T08:18:46.743+0700] {processor.py:157} INFO - Started process (PID=316766) to work on /home/phuc/Practice/DataScience/DSProject/venv/lib/python3.10/site-packages/airflow/example_dags/example_kubernetes_executor.py
[2023-12-17T08:18:46.750+0700] {processor.py:829} INFO - Processing file /home/phuc/Practice/DataScience/DSProject/venv/lib/python3.10/site-packages/airflow/example_dags/example_kubernetes_executor.py for tasks to queue
[2023-12-17T08:18:46.752+0700] {logging_mixin.py:154} INFO - [2023-12-17T08:18:46.751+0700] {dagbag.py:536} INFO - Filling up the DagBag from /home/phuc/Practice/DataScience/DSProject/venv/lib/python3.10/site-packages/airflow/example_dags/example_kubernetes_executor.py
[2023-12-17T08:18:46.757+0700] {logging_mixin.py:154} INFO - [2023-12-17T08:18:46.756+0700] {example_kubernetes_executor.py:38} WARNING - The example_kubernetes_executor example DAG requires the kubernetes provider. Please install it with: pip install apache-airflow[cncf.kubernetes]
[2023-12-17T08:18:46.757+0700] {processor.py:841} WARNING - No viable dags retrieved from /home/phuc/Practice/DataScience/DSProject/venv/lib/python3.10/site-packages/airflow/example_dags/example_kubernetes_executor.py
[2023-12-17T08:18:46.768+0700] {processor.py:179} INFO - Processing /home/phuc/Practice/DataScience/DSProject/venv/lib/python3.10/site-packages/airflow/example_dags/example_kubernetes_executor.py took 0.027 seconds
[2023-12-17T08:19:37.776+0700] {processor.py:157} INFO - Started process (PID=317302) to work on /home/phuc/Practice/DataScience/DSProject/venv/lib/python3.10/site-packages/airflow/example_dags/example_kubernetes_executor.py
[2023-12-17T08:19:37.783+0700] {processor.py:829} INFO - Processing file /home/phuc/Practice/DataScience/DSProject/venv/lib/python3.10/site-packages/airflow/example_dags/example_kubernetes_executor.py for tasks to queue
[2023-12-17T08:19:37.784+0700] {logging_mixin.py:154} INFO - [2023-12-17T08:19:37.783+0700] {dagbag.py:536} INFO - Filling up the DagBag from /home/phuc/Practice/DataScience/DSProject/venv/lib/python3.10/site-packages/airflow/example_dags/example_kubernetes_executor.py
[2023-12-17T08:19:37.786+0700] {logging_mixin.py:154} INFO - [2023-12-17T08:19:37.786+0700] {example_kubernetes_executor.py:38} WARNING - The example_kubernetes_executor example DAG requires the kubernetes provider. Please install it with: pip install apache-airflow[cncf.kubernetes]
[2023-12-17T08:19:37.786+0700] {processor.py:841} WARNING - No viable dags retrieved from /home/phuc/Practice/DataScience/DSProject/venv/lib/python3.10/site-packages/airflow/example_dags/example_kubernetes_executor.py
[2023-12-17T08:19:37.794+0700] {processor.py:179} INFO - Processing /home/phuc/Practice/DataScience/DSProject/venv/lib/python3.10/site-packages/airflow/example_dags/example_kubernetes_executor.py took 0.021 seconds
[2023-12-17T08:20:27.310+0700] {processor.py:157} INFO - Started process (PID=317814) to work on /home/phuc/Practice/DataScience/DSProject/venv/lib/python3.10/site-packages/airflow/example_dags/example_kubernetes_executor.py
[2023-12-17T08:20:27.317+0700] {processor.py:829} INFO - Processing file /home/phuc/Practice/DataScience/DSProject/venv/lib/python3.10/site-packages/airflow/example_dags/example_kubernetes_executor.py for tasks to queue
[2023-12-17T08:20:27.319+0700] {logging_mixin.py:154} INFO - [2023-12-17T08:20:27.318+0700] {dagbag.py:536} INFO - Filling up the DagBag from /home/phuc/Practice/DataScience/DSProject/venv/lib/python3.10/site-packages/airflow/example_dags/example_kubernetes_executor.py
[2023-12-17T08:20:27.323+0700] {logging_mixin.py:154} INFO - [2023-12-17T08:20:27.323+0700] {example_kubernetes_executor.py:38} WARNING - The example_kubernetes_executor example DAG requires the kubernetes provider. Please install it with: pip install apache-airflow[cncf.kubernetes]
[2023-12-17T08:20:27.324+0700] {processor.py:841} WARNING - No viable dags retrieved from /home/phuc/Practice/DataScience/DSProject/venv/lib/python3.10/site-packages/airflow/example_dags/example_kubernetes_executor.py
[2023-12-17T08:20:27.334+0700] {processor.py:179} INFO - Processing /home/phuc/Practice/DataScience/DSProject/venv/lib/python3.10/site-packages/airflow/example_dags/example_kubernetes_executor.py took 0.027 seconds
[2023-12-17T08:22:58.827+0700] {processor.py:157} INFO - Started process (PID=319225) to work on /home/phuc/Practice/DataScience/DSProject/venv/lib/python3.10/site-packages/airflow/example_dags/example_kubernetes_executor.py
[2023-12-17T08:22:58.834+0700] {processor.py:829} INFO - Processing file /home/phuc/Practice/DataScience/DSProject/venv/lib/python3.10/site-packages/airflow/example_dags/example_kubernetes_executor.py for tasks to queue
[2023-12-17T08:22:58.835+0700] {logging_mixin.py:154} INFO - [2023-12-17T08:22:58.835+0700] {dagbag.py:536} INFO - Filling up the DagBag from /home/phuc/Practice/DataScience/DSProject/venv/lib/python3.10/site-packages/airflow/example_dags/example_kubernetes_executor.py
[2023-12-17T08:22:58.838+0700] {logging_mixin.py:154} INFO - [2023-12-17T08:22:58.838+0700] {example_kubernetes_executor.py:38} WARNING - The example_kubernetes_executor example DAG requires the kubernetes provider. Please install it with: pip install apache-airflow[cncf.kubernetes]
[2023-12-17T08:22:58.838+0700] {processor.py:841} WARNING - No viable dags retrieved from /home/phuc/Practice/DataScience/DSProject/venv/lib/python3.10/site-packages/airflow/example_dags/example_kubernetes_executor.py
[2023-12-17T08:22:58.847+0700] {processor.py:179} INFO - Processing /home/phuc/Practice/DataScience/DSProject/venv/lib/python3.10/site-packages/airflow/example_dags/example_kubernetes_executor.py took 0.023 seconds
[2023-12-17T08:23:46.595+0700] {processor.py:157} INFO - Started process (PID=319577) to work on /home/phuc/Practice/DataScience/DSProject/venv/lib/python3.10/site-packages/airflow/example_dags/example_kubernetes_executor.py
[2023-12-17T08:23:46.602+0700] {processor.py:829} INFO - Processing file /home/phuc/Practice/DataScience/DSProject/venv/lib/python3.10/site-packages/airflow/example_dags/example_kubernetes_executor.py for tasks to queue
[2023-12-17T08:23:46.603+0700] {logging_mixin.py:154} INFO - [2023-12-17T08:23:46.603+0700] {dagbag.py:536} INFO - Filling up the DagBag from /home/phuc/Practice/DataScience/DSProject/venv/lib/python3.10/site-packages/airflow/example_dags/example_kubernetes_executor.py
[2023-12-17T08:23:46.606+0700] {logging_mixin.py:154} INFO - [2023-12-17T08:23:46.606+0700] {example_kubernetes_executor.py:38} WARNING - The example_kubernetes_executor example DAG requires the kubernetes provider. Please install it with: pip install apache-airflow[cncf.kubernetes]
[2023-12-17T08:23:46.606+0700] {processor.py:841} WARNING - No viable dags retrieved from /home/phuc/Practice/DataScience/DSProject/venv/lib/python3.10/site-packages/airflow/example_dags/example_kubernetes_executor.py
[2023-12-17T08:23:46.616+0700] {processor.py:179} INFO - Processing /home/phuc/Practice/DataScience/DSProject/venv/lib/python3.10/site-packages/airflow/example_dags/example_kubernetes_executor.py took 0.023 seconds
[2023-12-17T08:24:33.560+0700] {processor.py:157} INFO - Started process (PID=319855) to work on /home/phuc/Practice/DataScience/DSProject/venv/lib/python3.10/site-packages/airflow/example_dags/example_kubernetes_executor.py
[2023-12-17T08:24:33.567+0700] {processor.py:829} INFO - Processing file /home/phuc/Practice/DataScience/DSProject/venv/lib/python3.10/site-packages/airflow/example_dags/example_kubernetes_executor.py for tasks to queue
[2023-12-17T08:24:33.568+0700] {logging_mixin.py:154} INFO - [2023-12-17T08:24:33.567+0700] {dagbag.py:536} INFO - Filling up the DagBag from /home/phuc/Practice/DataScience/DSProject/venv/lib/python3.10/site-packages/airflow/example_dags/example_kubernetes_executor.py
[2023-12-17T08:24:33.572+0700] {logging_mixin.py:154} INFO - [2023-12-17T08:24:33.572+0700] {example_kubernetes_executor.py:38} WARNING - The example_kubernetes_executor example DAG requires the kubernetes provider. Please install it with: pip install apache-airflow[cncf.kubernetes]
[2023-12-17T08:24:33.572+0700] {processor.py:841} WARNING - No viable dags retrieved from /home/phuc/Practice/DataScience/DSProject/venv/lib/python3.10/site-packages/airflow/example_dags/example_kubernetes_executor.py
[2023-12-17T08:24:33.578+0700] {processor.py:179} INFO - Processing /home/phuc/Practice/DataScience/DSProject/venv/lib/python3.10/site-packages/airflow/example_dags/example_kubernetes_executor.py took 0.020 seconds
[2023-12-17T08:25:26.585+0700] {processor.py:157} INFO - Started process (PID=320096) to work on /home/phuc/Practice/DataScience/DSProject/venv/lib/python3.10/site-packages/airflow/example_dags/example_kubernetes_executor.py
[2023-12-17T08:25:26.592+0700] {processor.py:829} INFO - Processing file /home/phuc/Practice/DataScience/DSProject/venv/lib/python3.10/site-packages/airflow/example_dags/example_kubernetes_executor.py for tasks to queue
[2023-12-17T08:25:26.594+0700] {logging_mixin.py:154} INFO - [2023-12-17T08:25:26.593+0700] {dagbag.py:536} INFO - Filling up the DagBag from /home/phuc/Practice/DataScience/DSProject/venv/lib/python3.10/site-packages/airflow/example_dags/example_kubernetes_executor.py
[2023-12-17T08:25:26.598+0700] {logging_mixin.py:154} INFO - [2023-12-17T08:25:26.598+0700] {example_kubernetes_executor.py:38} WARNING - The example_kubernetes_executor example DAG requires the kubernetes provider. Please install it with: pip install apache-airflow[cncf.kubernetes]
[2023-12-17T08:25:26.598+0700] {processor.py:841} WARNING - No viable dags retrieved from /home/phuc/Practice/DataScience/DSProject/venv/lib/python3.10/site-packages/airflow/example_dags/example_kubernetes_executor.py
[2023-12-17T08:25:26.609+0700] {processor.py:179} INFO - Processing /home/phuc/Practice/DataScience/DSProject/venv/lib/python3.10/site-packages/airflow/example_dags/example_kubernetes_executor.py took 0.028 seconds
[2023-12-17T08:26:14.086+0700] {processor.py:157} INFO - Started process (PID=320300) to work on /home/phuc/Practice/DataScience/DSProject/venv/lib/python3.10/site-packages/airflow/example_dags/example_kubernetes_executor.py
[2023-12-17T08:26:14.093+0700] {processor.py:829} INFO - Processing file /home/phuc/Practice/DataScience/DSProject/venv/lib/python3.10/site-packages/airflow/example_dags/example_kubernetes_executor.py for tasks to queue
[2023-12-17T08:26:14.094+0700] {logging_mixin.py:154} INFO - [2023-12-17T08:26:14.093+0700] {dagbag.py:536} INFO - Filling up the DagBag from /home/phuc/Practice/DataScience/DSProject/venv/lib/python3.10/site-packages/airflow/example_dags/example_kubernetes_executor.py
[2023-12-17T08:26:14.096+0700] {logging_mixin.py:154} INFO - [2023-12-17T08:26:14.095+0700] {example_kubernetes_executor.py:38} WARNING - The example_kubernetes_executor example DAG requires the kubernetes provider. Please install it with: pip install apache-airflow[cncf.kubernetes]
[2023-12-17T08:26:14.096+0700] {processor.py:841} WARNING - No viable dags retrieved from /home/phuc/Practice/DataScience/DSProject/venv/lib/python3.10/site-packages/airflow/example_dags/example_kubernetes_executor.py
[2023-12-17T08:26:14.102+0700] {processor.py:179} INFO - Processing /home/phuc/Practice/DataScience/DSProject/venv/lib/python3.10/site-packages/airflow/example_dags/example_kubernetes_executor.py took 0.018 seconds
[2023-12-17T08:27:06.757+0700] {processor.py:157} INFO - Started process (PID=320605) to work on /home/phuc/Practice/DataScience/DSProject/venv/lib/python3.10/site-packages/airflow/example_dags/example_kubernetes_executor.py
[2023-12-17T08:27:06.764+0700] {processor.py:829} INFO - Processing file /home/phuc/Practice/DataScience/DSProject/venv/lib/python3.10/site-packages/airflow/example_dags/example_kubernetes_executor.py for tasks to queue
[2023-12-17T08:27:06.765+0700] {logging_mixin.py:154} INFO - [2023-12-17T08:27:06.765+0700] {dagbag.py:536} INFO - Filling up the DagBag from /home/phuc/Practice/DataScience/DSProject/venv/lib/python3.10/site-packages/airflow/example_dags/example_kubernetes_executor.py
[2023-12-17T08:27:06.770+0700] {logging_mixin.py:154} INFO - [2023-12-17T08:27:06.770+0700] {example_kubernetes_executor.py:38} WARNING - The example_kubernetes_executor example DAG requires the kubernetes provider. Please install it with: pip install apache-airflow[cncf.kubernetes]
[2023-12-17T08:27:06.770+0700] {processor.py:841} WARNING - No viable dags retrieved from /home/phuc/Practice/DataScience/DSProject/venv/lib/python3.10/site-packages/airflow/example_dags/example_kubernetes_executor.py
[2023-12-17T08:27:06.781+0700] {processor.py:179} INFO - Processing /home/phuc/Practice/DataScience/DSProject/venv/lib/python3.10/site-packages/airflow/example_dags/example_kubernetes_executor.py took 0.026 seconds
[2023-12-17T08:27:57.048+0700] {processor.py:157} INFO - Started process (PID=320827) to work on /home/phuc/Practice/DataScience/DSProject/venv/lib/python3.10/site-packages/airflow/example_dags/example_kubernetes_executor.py
[2023-12-17T08:27:57.056+0700] {processor.py:829} INFO - Processing file /home/phuc/Practice/DataScience/DSProject/venv/lib/python3.10/site-packages/airflow/example_dags/example_kubernetes_executor.py for tasks to queue
[2023-12-17T08:27:57.057+0700] {logging_mixin.py:154} INFO - [2023-12-17T08:27:57.056+0700] {dagbag.py:536} INFO - Filling up the DagBag from /home/phuc/Practice/DataScience/DSProject/venv/lib/python3.10/site-packages/airflow/example_dags/example_kubernetes_executor.py
[2023-12-17T08:27:57.059+0700] {logging_mixin.py:154} INFO - [2023-12-17T08:27:57.059+0700] {example_kubernetes_executor.py:38} WARNING - The example_kubernetes_executor example DAG requires the kubernetes provider. Please install it with: pip install apache-airflow[cncf.kubernetes]
[2023-12-17T08:27:57.059+0700] {processor.py:841} WARNING - No viable dags retrieved from /home/phuc/Practice/DataScience/DSProject/venv/lib/python3.10/site-packages/airflow/example_dags/example_kubernetes_executor.py
[2023-12-17T08:27:57.068+0700] {processor.py:179} INFO - Processing /home/phuc/Practice/DataScience/DSProject/venv/lib/python3.10/site-packages/airflow/example_dags/example_kubernetes_executor.py took 0.023 seconds
[2023-12-17T08:28:44.409+0700] {processor.py:157} INFO - Started process (PID=321043) to work on /home/phuc/Practice/DataScience/DSProject/venv/lib/python3.10/site-packages/airflow/example_dags/example_kubernetes_executor.py
[2023-12-17T08:28:44.409+0700] {processor.py:829} INFO - Processing file /home/phuc/Practice/DataScience/DSProject/venv/lib/python3.10/site-packages/airflow/example_dags/example_kubernetes_executor.py for tasks to queue
[2023-12-17T08:28:44.410+0700] {logging_mixin.py:154} INFO - [2023-12-17T08:28:44.410+0700] {dagbag.py:536} INFO - Filling up the DagBag from /home/phuc/Practice/DataScience/DSProject/venv/lib/python3.10/site-packages/airflow/example_dags/example_kubernetes_executor.py
[2023-12-17T08:28:44.412+0700] {logging_mixin.py:154} INFO - [2023-12-17T08:28:44.412+0700] {example_kubernetes_executor.py:38} WARNING - The example_kubernetes_executor example DAG requires the kubernetes provider. Please install it with: pip install apache-airflow[cncf.kubernetes]
[2023-12-17T08:28:44.412+0700] {processor.py:841} WARNING - No viable dags retrieved from /home/phuc/Practice/DataScience/DSProject/venv/lib/python3.10/site-packages/airflow/example_dags/example_kubernetes_executor.py
[2023-12-17T08:28:44.418+0700] {processor.py:179} INFO - Processing /home/phuc/Practice/DataScience/DSProject/venv/lib/python3.10/site-packages/airflow/example_dags/example_kubernetes_executor.py took 0.012 seconds
[2023-12-17T08:29:34.767+0700] {processor.py:157} INFO - Started process (PID=321254) to work on /home/phuc/Practice/DataScience/DSProject/venv/lib/python3.10/site-packages/airflow/example_dags/example_kubernetes_executor.py
[2023-12-17T08:29:34.775+0700] {processor.py:829} INFO - Processing file /home/phuc/Practice/DataScience/DSProject/venv/lib/python3.10/site-packages/airflow/example_dags/example_kubernetes_executor.py for tasks to queue
[2023-12-17T08:29:34.776+0700] {logging_mixin.py:154} INFO - [2023-12-17T08:29:34.776+0700] {dagbag.py:536} INFO - Filling up the DagBag from /home/phuc/Practice/DataScience/DSProject/venv/lib/python3.10/site-packages/airflow/example_dags/example_kubernetes_executor.py
[2023-12-17T08:29:34.781+0700] {logging_mixin.py:154} INFO - [2023-12-17T08:29:34.781+0700] {example_kubernetes_executor.py:38} WARNING - The example_kubernetes_executor example DAG requires the kubernetes provider. Please install it with: pip install apache-airflow[cncf.kubernetes]
[2023-12-17T08:29:34.781+0700] {processor.py:841} WARNING - No viable dags retrieved from /home/phuc/Practice/DataScience/DSProject/venv/lib/python3.10/site-packages/airflow/example_dags/example_kubernetes_executor.py
[2023-12-17T08:29:34.786+0700] {processor.py:179} INFO - Processing /home/phuc/Practice/DataScience/DSProject/venv/lib/python3.10/site-packages/airflow/example_dags/example_kubernetes_executor.py took 0.021 seconds
[2023-12-17T08:30:25.576+0700] {processor.py:157} INFO - Started process (PID=321500) to work on /home/phuc/Practice/DataScience/DSProject/venv/lib/python3.10/site-packages/airflow/example_dags/example_kubernetes_executor.py
[2023-12-17T08:30:25.583+0700] {processor.py:829} INFO - Processing file /home/phuc/Practice/DataScience/DSProject/venv/lib/python3.10/site-packages/airflow/example_dags/example_kubernetes_executor.py for tasks to queue
[2023-12-17T08:30:25.584+0700] {logging_mixin.py:154} INFO - [2023-12-17T08:30:25.583+0700] {dagbag.py:536} INFO - Filling up the DagBag from /home/phuc/Practice/DataScience/DSProject/venv/lib/python3.10/site-packages/airflow/example_dags/example_kubernetes_executor.py
[2023-12-17T08:30:25.586+0700] {logging_mixin.py:154} INFO - [2023-12-17T08:30:25.586+0700] {example_kubernetes_executor.py:38} WARNING - The example_kubernetes_executor example DAG requires the kubernetes provider. Please install it with: pip install apache-airflow[cncf.kubernetes]
[2023-12-17T08:30:25.586+0700] {processor.py:841} WARNING - No viable dags retrieved from /home/phuc/Practice/DataScience/DSProject/venv/lib/python3.10/site-packages/airflow/example_dags/example_kubernetes_executor.py
[2023-12-17T08:30:25.591+0700] {processor.py:179} INFO - Processing /home/phuc/Practice/DataScience/DSProject/venv/lib/python3.10/site-packages/airflow/example_dags/example_kubernetes_executor.py took 0.017 seconds
[2023-12-17T08:31:17.291+0700] {processor.py:157} INFO - Started process (PID=321809) to work on /home/phuc/Practice/DataScience/DSProject/venv/lib/python3.10/site-packages/airflow/example_dags/example_kubernetes_executor.py
[2023-12-17T08:31:17.298+0700] {processor.py:829} INFO - Processing file /home/phuc/Practice/DataScience/DSProject/venv/lib/python3.10/site-packages/airflow/example_dags/example_kubernetes_executor.py for tasks to queue
[2023-12-17T08:31:17.300+0700] {logging_mixin.py:154} INFO - [2023-12-17T08:31:17.299+0700] {dagbag.py:536} INFO - Filling up the DagBag from /home/phuc/Practice/DataScience/DSProject/venv/lib/python3.10/site-packages/airflow/example_dags/example_kubernetes_executor.py
[2023-12-17T08:31:17.305+0700] {logging_mixin.py:154} INFO - [2023-12-17T08:31:17.304+0700] {example_kubernetes_executor.py:38} WARNING - The example_kubernetes_executor example DAG requires the kubernetes provider. Please install it with: pip install apache-airflow[cncf.kubernetes]
[2023-12-17T08:31:17.305+0700] {processor.py:841} WARNING - No viable dags retrieved from /home/phuc/Practice/DataScience/DSProject/venv/lib/python3.10/site-packages/airflow/example_dags/example_kubernetes_executor.py
[2023-12-17T08:31:17.311+0700] {processor.py:179} INFO - Processing /home/phuc/Practice/DataScience/DSProject/venv/lib/python3.10/site-packages/airflow/example_dags/example_kubernetes_executor.py took 0.022 seconds
[2023-12-17T08:32:33.912+0700] {processor.py:157} INFO - Started process (PID=322940) to work on /home/phuc/Practice/DataScience/DSProject/venv/lib/python3.10/site-packages/airflow/example_dags/example_kubernetes_executor.py
[2023-12-17T08:32:33.919+0700] {processor.py:829} INFO - Processing file /home/phuc/Practice/DataScience/DSProject/venv/lib/python3.10/site-packages/airflow/example_dags/example_kubernetes_executor.py for tasks to queue
[2023-12-17T08:32:33.921+0700] {logging_mixin.py:154} INFO - [2023-12-17T08:32:33.920+0700] {dagbag.py:536} INFO - Filling up the DagBag from /home/phuc/Practice/DataScience/DSProject/venv/lib/python3.10/site-packages/airflow/example_dags/example_kubernetes_executor.py
[2023-12-17T08:32:33.926+0700] {logging_mixin.py:154} INFO - [2023-12-17T08:32:33.925+0700] {example_kubernetes_executor.py:38} WARNING - The example_kubernetes_executor example DAG requires the kubernetes provider. Please install it with: pip install apache-airflow[cncf.kubernetes]
[2023-12-17T08:32:33.926+0700] {processor.py:841} WARNING - No viable dags retrieved from /home/phuc/Practice/DataScience/DSProject/venv/lib/python3.10/site-packages/airflow/example_dags/example_kubernetes_executor.py
[2023-12-17T08:32:33.937+0700] {processor.py:179} INFO - Processing /home/phuc/Practice/DataScience/DSProject/venv/lib/python3.10/site-packages/airflow/example_dags/example_kubernetes_executor.py took 0.029 seconds
[2023-12-17T08:33:17.773+0700] {processor.py:157} INFO - Started process (PID=323134) to work on /home/phuc/Practice/DataScience/DSProject/venv/lib/python3.10/site-packages/airflow/example_dags/example_kubernetes_executor.py
[2023-12-17T08:33:17.781+0700] {processor.py:829} INFO - Processing file /home/phuc/Practice/DataScience/DSProject/venv/lib/python3.10/site-packages/airflow/example_dags/example_kubernetes_executor.py for tasks to queue
[2023-12-17T08:33:17.782+0700] {logging_mixin.py:154} INFO - [2023-12-17T08:33:17.782+0700] {dagbag.py:536} INFO - Filling up the DagBag from /home/phuc/Practice/DataScience/DSProject/venv/lib/python3.10/site-packages/airflow/example_dags/example_kubernetes_executor.py
[2023-12-17T08:33:17.787+0700] {logging_mixin.py:154} INFO - [2023-12-17T08:33:17.787+0700] {example_kubernetes_executor.py:38} WARNING - The example_kubernetes_executor example DAG requires the kubernetes provider. Please install it with: pip install apache-airflow[cncf.kubernetes]
[2023-12-17T08:33:17.788+0700] {processor.py:841} WARNING - No viable dags retrieved from /home/phuc/Practice/DataScience/DSProject/venv/lib/python3.10/site-packages/airflow/example_dags/example_kubernetes_executor.py
[2023-12-17T08:33:17.798+0700] {processor.py:179} INFO - Processing /home/phuc/Practice/DataScience/DSProject/venv/lib/python3.10/site-packages/airflow/example_dags/example_kubernetes_executor.py took 0.028 seconds
[2023-12-17T08:34:09.124+0700] {processor.py:157} INFO - Started process (PID=323465) to work on /home/phuc/Practice/DataScience/DSProject/venv/lib/python3.10/site-packages/airflow/example_dags/example_kubernetes_executor.py
[2023-12-17T08:34:09.125+0700] {processor.py:829} INFO - Processing file /home/phuc/Practice/DataScience/DSProject/venv/lib/python3.10/site-packages/airflow/example_dags/example_kubernetes_executor.py for tasks to queue
[2023-12-17T08:34:09.125+0700] {logging_mixin.py:154} INFO - [2023-12-17T08:34:09.125+0700] {dagbag.py:536} INFO - Filling up the DagBag from /home/phuc/Practice/DataScience/DSProject/venv/lib/python3.10/site-packages/airflow/example_dags/example_kubernetes_executor.py
[2023-12-17T08:34:09.127+0700] {logging_mixin.py:154} INFO - [2023-12-17T08:34:09.127+0700] {example_kubernetes_executor.py:38} WARNING - The example_kubernetes_executor example DAG requires the kubernetes provider. Please install it with: pip install apache-airflow[cncf.kubernetes]
[2023-12-17T08:34:09.127+0700] {processor.py:841} WARNING - No viable dags retrieved from /home/phuc/Practice/DataScience/DSProject/venv/lib/python3.10/site-packages/airflow/example_dags/example_kubernetes_executor.py
[2023-12-17T08:34:09.133+0700] {processor.py:179} INFO - Processing /home/phuc/Practice/DataScience/DSProject/venv/lib/python3.10/site-packages/airflow/example_dags/example_kubernetes_executor.py took 0.011 seconds
[2023-12-17T08:35:03.520+0700] {processor.py:157} INFO - Started process (PID=323955) to work on /home/phuc/Practice/DataScience/DSProject/venv/lib/python3.10/site-packages/airflow/example_dags/example_kubernetes_executor.py
[2023-12-17T08:35:03.527+0700] {processor.py:829} INFO - Processing file /home/phuc/Practice/DataScience/DSProject/venv/lib/python3.10/site-packages/airflow/example_dags/example_kubernetes_executor.py for tasks to queue
[2023-12-17T08:35:03.528+0700] {logging_mixin.py:154} INFO - [2023-12-17T08:35:03.527+0700] {dagbag.py:536} INFO - Filling up the DagBag from /home/phuc/Practice/DataScience/DSProject/venv/lib/python3.10/site-packages/airflow/example_dags/example_kubernetes_executor.py
[2023-12-17T08:35:03.530+0700] {logging_mixin.py:154} INFO - [2023-12-17T08:35:03.530+0700] {example_kubernetes_executor.py:38} WARNING - The example_kubernetes_executor example DAG requires the kubernetes provider. Please install it with: pip install apache-airflow[cncf.kubernetes]
[2023-12-17T08:35:03.531+0700] {processor.py:841} WARNING - No viable dags retrieved from /home/phuc/Practice/DataScience/DSProject/venv/lib/python3.10/site-packages/airflow/example_dags/example_kubernetes_executor.py
[2023-12-17T08:35:03.537+0700] {processor.py:179} INFO - Processing /home/phuc/Practice/DataScience/DSProject/venv/lib/python3.10/site-packages/airflow/example_dags/example_kubernetes_executor.py took 0.022 seconds
[2023-12-17T08:35:56.060+0700] {processor.py:157} INFO - Started process (PID=324344) to work on /home/phuc/Practice/DataScience/DSProject/venv/lib/python3.10/site-packages/airflow/example_dags/example_kubernetes_executor.py
[2023-12-17T08:35:56.067+0700] {processor.py:829} INFO - Processing file /home/phuc/Practice/DataScience/DSProject/venv/lib/python3.10/site-packages/airflow/example_dags/example_kubernetes_executor.py for tasks to queue
[2023-12-17T08:35:56.068+0700] {logging_mixin.py:154} INFO - [2023-12-17T08:35:56.068+0700] {dagbag.py:536} INFO - Filling up the DagBag from /home/phuc/Practice/DataScience/DSProject/venv/lib/python3.10/site-packages/airflow/example_dags/example_kubernetes_executor.py
[2023-12-17T08:35:56.073+0700] {logging_mixin.py:154} INFO - [2023-12-17T08:35:56.073+0700] {example_kubernetes_executor.py:38} WARNING - The example_kubernetes_executor example DAG requires the kubernetes provider. Please install it with: pip install apache-airflow[cncf.kubernetes]
[2023-12-17T08:35:56.073+0700] {processor.py:841} WARNING - No viable dags retrieved from /home/phuc/Practice/DataScience/DSProject/venv/lib/python3.10/site-packages/airflow/example_dags/example_kubernetes_executor.py
[2023-12-17T08:35:56.078+0700] {processor.py:179} INFO - Processing /home/phuc/Practice/DataScience/DSProject/venv/lib/python3.10/site-packages/airflow/example_dags/example_kubernetes_executor.py took 0.020 seconds
