[2023-12-17T08:03:21.480+0700] {processor.py:157} INFO - Started process (PID=309732) to work on /home/phuc/Practice/DataScience/DSProject/venv/lib/python3.10/site-packages/airflow/example_dags/example_setup_teardown_taskflow.py
[2023-12-17T08:03:21.480+0700] {processor.py:829} INFO - Processing file /home/phuc/Practice/DataScience/DSProject/venv/lib/python3.10/site-packages/airflow/example_dags/example_setup_teardown_taskflow.py for tasks to queue
[2023-12-17T08:03:21.481+0700] {logging_mixin.py:154} INFO - [2023-12-17T08:03:21.481+0700] {dagbag.py:536} INFO - Filling up the DagBag from /home/phuc/Practice/DataScience/DSProject/venv/lib/python3.10/site-packages/airflow/example_dags/example_setup_teardown_taskflow.py
[2023-12-17T08:03:21.490+0700] {processor.py:839} INFO - DAG(s) dict_keys(['example_setup_teardown_taskflow']) retrieved from /home/phuc/Practice/DataScience/DSProject/venv/lib/python3.10/site-packages/airflow/example_dags/example_setup_teardown_taskflow.py
[2023-12-17T08:03:21.580+0700] {logging_mixin.py:154} INFO - [2023-12-17T08:03:21.579+0700] {manager.py:499} INFO - Created Permission View: %s
[2023-12-17T08:03:21.590+0700] {logging_mixin.py:154} INFO - [2023-12-17T08:03:21.590+0700] {manager.py:499} INFO - Created Permission View: %s
[2023-12-17T08:03:21.598+0700] {logging_mixin.py:154} INFO - [2023-12-17T08:03:21.597+0700] {manager.py:499} INFO - Created Permission View: %s
[2023-12-17T08:03:21.598+0700] {logging_mixin.py:154} INFO - [2023-12-17T08:03:21.598+0700] {dag.py:2941} INFO - Sync 1 DAGs
[2023-12-17T08:03:21.607+0700] {logging_mixin.py:154} INFO - [2023-12-17T08:03:21.607+0700] {dag.py:2963} INFO - Creating ORM DAG for example_setup_teardown_taskflow
[2023-12-17T08:03:21.615+0700] {logging_mixin.py:154} INFO - [2023-12-17T08:03:21.614+0700] {dag.py:3722} INFO - Setting next_dagrun for example_setup_teardown_taskflow to 2023-12-16T01:03:21.614667+00:00, run_after=2023-12-17T01:03:21.614667+00:00
[2023-12-17T08:03:21.629+0700] {processor.py:179} INFO - Processing /home/phuc/Practice/DataScience/DSProject/venv/lib/python3.10/site-packages/airflow/example_dags/example_setup_teardown_taskflow.py took 0.151 seconds
[2023-12-17T08:05:36.542+0700] {processor.py:157} INFO - Started process (PID=310979) to work on /home/phuc/Practice/DataScience/DSProject/venv/lib/python3.10/site-packages/airflow/example_dags/example_setup_teardown_taskflow.py
[2023-12-17T08:05:36.549+0700] {processor.py:829} INFO - Processing file /home/phuc/Practice/DataScience/DSProject/venv/lib/python3.10/site-packages/airflow/example_dags/example_setup_teardown_taskflow.py for tasks to queue
[2023-12-17T08:05:36.550+0700] {logging_mixin.py:154} INFO - [2023-12-17T08:05:36.550+0700] {dagbag.py:536} INFO - Filling up the DagBag from /home/phuc/Practice/DataScience/DSProject/venv/lib/python3.10/site-packages/airflow/example_dags/example_setup_teardown_taskflow.py
[2023-12-17T08:05:36.558+0700] {processor.py:839} INFO - DAG(s) dict_keys(['example_setup_teardown_taskflow']) retrieved from /home/phuc/Practice/DataScience/DSProject/venv/lib/python3.10/site-packages/airflow/example_dags/example_setup_teardown_taskflow.py
[2023-12-17T08:05:36.575+0700] {logging_mixin.py:154} INFO - [2023-12-17T08:05:36.575+0700] {dag.py:2941} INFO - Sync 1 DAGs
[2023-12-17T08:05:36.590+0700] {logging_mixin.py:154} INFO - [2023-12-17T08:05:36.590+0700] {dag.py:3722} INFO - Setting next_dagrun for example_setup_teardown_taskflow to 2023-12-16T01:05:36.590097+00:00, run_after=2023-12-17T01:05:36.590097+00:00
[2023-12-17T08:05:36.612+0700] {processor.py:179} INFO - Processing /home/phuc/Practice/DataScience/DSProject/venv/lib/python3.10/site-packages/airflow/example_dags/example_setup_teardown_taskflow.py took 0.072 seconds
[2023-12-17T08:06:25.205+0700] {processor.py:157} INFO - Started process (PID=311484) to work on /home/phuc/Practice/DataScience/DSProject/venv/lib/python3.10/site-packages/airflow/example_dags/example_setup_teardown_taskflow.py
[2023-12-17T08:06:25.211+0700] {processor.py:829} INFO - Processing file /home/phuc/Practice/DataScience/DSProject/venv/lib/python3.10/site-packages/airflow/example_dags/example_setup_teardown_taskflow.py for tasks to queue
[2023-12-17T08:06:25.212+0700] {logging_mixin.py:154} INFO - [2023-12-17T08:06:25.212+0700] {dagbag.py:536} INFO - Filling up the DagBag from /home/phuc/Practice/DataScience/DSProject/venv/lib/python3.10/site-packages/airflow/example_dags/example_setup_teardown_taskflow.py
[2023-12-17T08:06:25.221+0700] {processor.py:839} INFO - DAG(s) dict_keys(['example_setup_teardown_taskflow']) retrieved from /home/phuc/Practice/DataScience/DSProject/venv/lib/python3.10/site-packages/airflow/example_dags/example_setup_teardown_taskflow.py
[2023-12-17T08:06:25.237+0700] {logging_mixin.py:154} INFO - [2023-12-17T08:06:25.237+0700] {dag.py:2941} INFO - Sync 1 DAGs
[2023-12-17T08:06:25.253+0700] {logging_mixin.py:154} INFO - [2023-12-17T08:06:25.252+0700] {dag.py:3722} INFO - Setting next_dagrun for example_setup_teardown_taskflow to 2023-12-16T01:06:25.252765+00:00, run_after=2023-12-17T01:06:25.252765+00:00
[2023-12-17T08:06:25.272+0700] {processor.py:179} INFO - Processing /home/phuc/Practice/DataScience/DSProject/venv/lib/python3.10/site-packages/airflow/example_dags/example_setup_teardown_taskflow.py took 0.070 seconds
[2023-12-17T08:07:11.605+0700] {processor.py:157} INFO - Started process (PID=311972) to work on /home/phuc/Practice/DataScience/DSProject/venv/lib/python3.10/site-packages/airflow/example_dags/example_setup_teardown_taskflow.py
[2023-12-17T08:07:11.612+0700] {processor.py:829} INFO - Processing file /home/phuc/Practice/DataScience/DSProject/venv/lib/python3.10/site-packages/airflow/example_dags/example_setup_teardown_taskflow.py for tasks to queue
[2023-12-17T08:07:11.613+0700] {logging_mixin.py:154} INFO - [2023-12-17T08:07:11.612+0700] {dagbag.py:536} INFO - Filling up the DagBag from /home/phuc/Practice/DataScience/DSProject/venv/lib/python3.10/site-packages/airflow/example_dags/example_setup_teardown_taskflow.py
[2023-12-17T08:07:11.620+0700] {processor.py:839} INFO - DAG(s) dict_keys(['example_setup_teardown_taskflow']) retrieved from /home/phuc/Practice/DataScience/DSProject/venv/lib/python3.10/site-packages/airflow/example_dags/example_setup_teardown_taskflow.py
[2023-12-17T08:07:11.634+0700] {logging_mixin.py:154} INFO - [2023-12-17T08:07:11.634+0700] {dag.py:2941} INFO - Sync 1 DAGs
[2023-12-17T08:07:11.649+0700] {logging_mixin.py:154} INFO - [2023-12-17T08:07:11.649+0700] {dag.py:3722} INFO - Setting next_dagrun for example_setup_teardown_taskflow to 2023-12-16T01:07:11.648918+00:00, run_after=2023-12-17T01:07:11.648918+00:00
[2023-12-17T08:07:11.664+0700] {processor.py:179} INFO - Processing /home/phuc/Practice/DataScience/DSProject/venv/lib/python3.10/site-packages/airflow/example_dags/example_setup_teardown_taskflow.py took 0.061 seconds
[2023-12-17T08:08:34.649+0700] {processor.py:157} INFO - Started process (PID=313110) to work on /home/phuc/Practice/DataScience/DSProject/venv/lib/python3.10/site-packages/airflow/example_dags/example_setup_teardown_taskflow.py
[2023-12-17T08:08:34.656+0700] {processor.py:829} INFO - Processing file /home/phuc/Practice/DataScience/DSProject/venv/lib/python3.10/site-packages/airflow/example_dags/example_setup_teardown_taskflow.py for tasks to queue
[2023-12-17T08:08:34.658+0700] {logging_mixin.py:154} INFO - [2023-12-17T08:08:34.657+0700] {dagbag.py:536} INFO - Filling up the DagBag from /home/phuc/Practice/DataScience/DSProject/venv/lib/python3.10/site-packages/airflow/example_dags/example_setup_teardown_taskflow.py
[2023-12-17T08:08:34.670+0700] {processor.py:839} INFO - DAG(s) dict_keys(['example_setup_teardown_taskflow']) retrieved from /home/phuc/Practice/DataScience/DSProject/venv/lib/python3.10/site-packages/airflow/example_dags/example_setup_teardown_taskflow.py
[2023-12-17T08:08:34.680+0700] {logging_mixin.py:154} INFO - [2023-12-17T08:08:34.680+0700] {dag.py:2941} INFO - Sync 1 DAGs
[2023-12-17T08:08:34.689+0700] {logging_mixin.py:154} INFO - [2023-12-17T08:08:34.689+0700] {dag.py:3722} INFO - Setting next_dagrun for example_setup_teardown_taskflow to 2023-12-16T01:08:34.689389+00:00, run_after=2023-12-17T01:08:34.689389+00:00
[2023-12-17T08:08:34.701+0700] {processor.py:179} INFO - Processing /home/phuc/Practice/DataScience/DSProject/venv/lib/python3.10/site-packages/airflow/example_dags/example_setup_teardown_taskflow.py took 0.054 seconds
[2023-12-17T08:09:21.400+0700] {processor.py:157} INFO - Started process (PID=313446) to work on /home/phuc/Practice/DataScience/DSProject/venv/lib/python3.10/site-packages/airflow/example_dags/example_setup_teardown_taskflow.py
[2023-12-17T08:09:21.407+0700] {processor.py:829} INFO - Processing file /home/phuc/Practice/DataScience/DSProject/venv/lib/python3.10/site-packages/airflow/example_dags/example_setup_teardown_taskflow.py for tasks to queue
[2023-12-17T08:09:21.408+0700] {logging_mixin.py:154} INFO - [2023-12-17T08:09:21.408+0700] {dagbag.py:536} INFO - Filling up the DagBag from /home/phuc/Practice/DataScience/DSProject/venv/lib/python3.10/site-packages/airflow/example_dags/example_setup_teardown_taskflow.py
[2023-12-17T08:09:21.421+0700] {processor.py:839} INFO - DAG(s) dict_keys(['example_setup_teardown_taskflow']) retrieved from /home/phuc/Practice/DataScience/DSProject/venv/lib/python3.10/site-packages/airflow/example_dags/example_setup_teardown_taskflow.py
[2023-12-17T08:09:21.431+0700] {logging_mixin.py:154} INFO - [2023-12-17T08:09:21.431+0700] {dag.py:2941} INFO - Sync 1 DAGs
[2023-12-17T08:09:21.440+0700] {logging_mixin.py:154} INFO - [2023-12-17T08:09:21.440+0700] {dag.py:3722} INFO - Setting next_dagrun for example_setup_teardown_taskflow to 2023-12-16T01:09:21.440217+00:00, run_after=2023-12-17T01:09:21.440217+00:00
[2023-12-17T08:09:21.452+0700] {processor.py:179} INFO - Processing /home/phuc/Practice/DataScience/DSProject/venv/lib/python3.10/site-packages/airflow/example_dags/example_setup_teardown_taskflow.py took 0.054 seconds
[2023-12-17T08:10:09.085+0700] {processor.py:157} INFO - Started process (PID=313795) to work on /home/phuc/Practice/DataScience/DSProject/venv/lib/python3.10/site-packages/airflow/example_dags/example_setup_teardown_taskflow.py
[2023-12-17T08:10:09.085+0700] {processor.py:829} INFO - Processing file /home/phuc/Practice/DataScience/DSProject/venv/lib/python3.10/site-packages/airflow/example_dags/example_setup_teardown_taskflow.py for tasks to queue
[2023-12-17T08:10:09.086+0700] {logging_mixin.py:154} INFO - [2023-12-17T08:10:09.085+0700] {dagbag.py:536} INFO - Filling up the DagBag from /home/phuc/Practice/DataScience/DSProject/venv/lib/python3.10/site-packages/airflow/example_dags/example_setup_teardown_taskflow.py
[2023-12-17T08:10:09.091+0700] {processor.py:839} INFO - DAG(s) dict_keys(['example_setup_teardown_taskflow']) retrieved from /home/phuc/Practice/DataScience/DSProject/venv/lib/python3.10/site-packages/airflow/example_dags/example_setup_teardown_taskflow.py
[2023-12-17T08:10:09.100+0700] {logging_mixin.py:154} INFO - [2023-12-17T08:10:09.100+0700] {dag.py:2941} INFO - Sync 1 DAGs
[2023-12-17T08:10:09.109+0700] {logging_mixin.py:154} INFO - [2023-12-17T08:10:09.109+0700] {dag.py:3722} INFO - Setting next_dagrun for example_setup_teardown_taskflow to 2023-12-16T01:10:09.109725+00:00, run_after=2023-12-17T01:10:09.109725+00:00
[2023-12-17T08:10:09.121+0700] {processor.py:179} INFO - Processing /home/phuc/Practice/DataScience/DSProject/venv/lib/python3.10/site-packages/airflow/example_dags/example_setup_teardown_taskflow.py took 0.040 seconds
[2023-12-17T08:11:00.282+0700] {processor.py:157} INFO - Started process (PID=314012) to work on /home/phuc/Practice/DataScience/DSProject/venv/lib/python3.10/site-packages/airflow/example_dags/example_setup_teardown_taskflow.py
[2023-12-17T08:11:00.290+0700] {processor.py:829} INFO - Processing file /home/phuc/Practice/DataScience/DSProject/venv/lib/python3.10/site-packages/airflow/example_dags/example_setup_teardown_taskflow.py for tasks to queue
[2023-12-17T08:11:00.291+0700] {logging_mixin.py:154} INFO - [2023-12-17T08:11:00.290+0700] {dagbag.py:536} INFO - Filling up the DagBag from /home/phuc/Practice/DataScience/DSProject/venv/lib/python3.10/site-packages/airflow/example_dags/example_setup_teardown_taskflow.py
[2023-12-17T08:11:00.304+0700] {processor.py:839} INFO - DAG(s) dict_keys(['example_setup_teardown_taskflow']) retrieved from /home/phuc/Practice/DataScience/DSProject/venv/lib/python3.10/site-packages/airflow/example_dags/example_setup_teardown_taskflow.py
[2023-12-17T08:11:00.315+0700] {logging_mixin.py:154} INFO - [2023-12-17T08:11:00.314+0700] {dag.py:2941} INFO - Sync 1 DAGs
[2023-12-17T08:11:00.324+0700] {logging_mixin.py:154} INFO - [2023-12-17T08:11:00.324+0700] {dag.py:3722} INFO - Setting next_dagrun for example_setup_teardown_taskflow to 2023-12-16T01:11:00.324002+00:00, run_after=2023-12-17T01:11:00.324002+00:00
[2023-12-17T08:11:00.335+0700] {processor.py:179} INFO - Processing /home/phuc/Practice/DataScience/DSProject/venv/lib/python3.10/site-packages/airflow/example_dags/example_setup_teardown_taskflow.py took 0.055 seconds
[2023-12-17T08:11:47.768+0700] {processor.py:157} INFO - Started process (PID=314243) to work on /home/phuc/Practice/DataScience/DSProject/venv/lib/python3.10/site-packages/airflow/example_dags/example_setup_teardown_taskflow.py
[2023-12-17T08:11:47.775+0700] {processor.py:829} INFO - Processing file /home/phuc/Practice/DataScience/DSProject/venv/lib/python3.10/site-packages/airflow/example_dags/example_setup_teardown_taskflow.py for tasks to queue
[2023-12-17T08:11:47.776+0700] {logging_mixin.py:154} INFO - [2023-12-17T08:11:47.776+0700] {dagbag.py:536} INFO - Filling up the DagBag from /home/phuc/Practice/DataScience/DSProject/venv/lib/python3.10/site-packages/airflow/example_dags/example_setup_teardown_taskflow.py
[2023-12-17T08:11:47.789+0700] {processor.py:839} INFO - DAG(s) dict_keys(['example_setup_teardown_taskflow']) retrieved from /home/phuc/Practice/DataScience/DSProject/venv/lib/python3.10/site-packages/airflow/example_dags/example_setup_teardown_taskflow.py
[2023-12-17T08:11:47.800+0700] {logging_mixin.py:154} INFO - [2023-12-17T08:11:47.800+0700] {dag.py:2941} INFO - Sync 1 DAGs
[2023-12-17T08:11:47.809+0700] {logging_mixin.py:154} INFO - [2023-12-17T08:11:47.809+0700] {dag.py:3722} INFO - Setting next_dagrun for example_setup_teardown_taskflow to 2023-12-16T01:11:47.808854+00:00, run_after=2023-12-17T01:11:47.808854+00:00
[2023-12-17T08:11:47.821+0700] {processor.py:179} INFO - Processing /home/phuc/Practice/DataScience/DSProject/venv/lib/python3.10/site-packages/airflow/example_dags/example_setup_teardown_taskflow.py took 0.055 seconds
[2023-12-17T08:12:40.422+0700] {processor.py:157} INFO - Started process (PID=314497) to work on /home/phuc/Practice/DataScience/DSProject/venv/lib/python3.10/site-packages/airflow/example_dags/example_setup_teardown_taskflow.py
[2023-12-17T08:12:40.429+0700] {processor.py:829} INFO - Processing file /home/phuc/Practice/DataScience/DSProject/venv/lib/python3.10/site-packages/airflow/example_dags/example_setup_teardown_taskflow.py for tasks to queue
[2023-12-17T08:12:40.430+0700] {logging_mixin.py:154} INFO - [2023-12-17T08:12:40.429+0700] {dagbag.py:536} INFO - Filling up the DagBag from /home/phuc/Practice/DataScience/DSProject/venv/lib/python3.10/site-packages/airflow/example_dags/example_setup_teardown_taskflow.py
[2023-12-17T08:12:40.442+0700] {processor.py:839} INFO - DAG(s) dict_keys(['example_setup_teardown_taskflow']) retrieved from /home/phuc/Practice/DataScience/DSProject/venv/lib/python3.10/site-packages/airflow/example_dags/example_setup_teardown_taskflow.py
[2023-12-17T08:12:40.452+0700] {logging_mixin.py:154} INFO - [2023-12-17T08:12:40.452+0700] {dag.py:2941} INFO - Sync 1 DAGs
[2023-12-17T08:12:40.462+0700] {logging_mixin.py:154} INFO - [2023-12-17T08:12:40.462+0700] {dag.py:3722} INFO - Setting next_dagrun for example_setup_teardown_taskflow to 2023-12-16T01:12:40.462714+00:00, run_after=2023-12-17T01:12:40.462714+00:00
[2023-12-17T08:12:40.475+0700] {processor.py:179} INFO - Processing /home/phuc/Practice/DataScience/DSProject/venv/lib/python3.10/site-packages/airflow/example_dags/example_setup_teardown_taskflow.py took 0.056 seconds
[2023-12-17T08:13:23.302+0700] {processor.py:157} INFO - Started process (PID=314735) to work on /home/phuc/Practice/DataScience/DSProject/venv/lib/python3.10/site-packages/airflow/example_dags/example_setup_teardown_taskflow.py
[2023-12-17T08:13:23.309+0700] {processor.py:829} INFO - Processing file /home/phuc/Practice/DataScience/DSProject/venv/lib/python3.10/site-packages/airflow/example_dags/example_setup_teardown_taskflow.py for tasks to queue
[2023-12-17T08:13:23.310+0700] {logging_mixin.py:154} INFO - [2023-12-17T08:13:23.309+0700] {dagbag.py:536} INFO - Filling up the DagBag from /home/phuc/Practice/DataScience/DSProject/venv/lib/python3.10/site-packages/airflow/example_dags/example_setup_teardown_taskflow.py
[2023-12-17T08:13:23.317+0700] {processor.py:839} INFO - DAG(s) dict_keys(['example_setup_teardown_taskflow']) retrieved from /home/phuc/Practice/DataScience/DSProject/venv/lib/python3.10/site-packages/airflow/example_dags/example_setup_teardown_taskflow.py
[2023-12-17T08:13:23.329+0700] {logging_mixin.py:154} INFO - [2023-12-17T08:13:23.329+0700] {dag.py:2941} INFO - Sync 1 DAGs
[2023-12-17T08:13:23.338+0700] {logging_mixin.py:154} INFO - [2023-12-17T08:13:23.338+0700] {dag.py:3722} INFO - Setting next_dagrun for example_setup_teardown_taskflow to 2023-12-16T01:13:23.338638+00:00, run_after=2023-12-17T01:13:23.338638+00:00
[2023-12-17T08:13:23.350+0700] {processor.py:179} INFO - Processing /home/phuc/Practice/DataScience/DSProject/venv/lib/python3.10/site-packages/airflow/example_dags/example_setup_teardown_taskflow.py took 0.050 seconds
[2023-12-17T08:14:14.418+0700] {processor.py:157} INFO - Started process (PID=314959) to work on /home/phuc/Practice/DataScience/DSProject/venv/lib/python3.10/site-packages/airflow/example_dags/example_setup_teardown_taskflow.py
[2023-12-17T08:14:14.425+0700] {processor.py:829} INFO - Processing file /home/phuc/Practice/DataScience/DSProject/venv/lib/python3.10/site-packages/airflow/example_dags/example_setup_teardown_taskflow.py for tasks to queue
[2023-12-17T08:14:14.426+0700] {logging_mixin.py:154} INFO - [2023-12-17T08:14:14.426+0700] {dagbag.py:536} INFO - Filling up the DagBag from /home/phuc/Practice/DataScience/DSProject/venv/lib/python3.10/site-packages/airflow/example_dags/example_setup_teardown_taskflow.py
[2023-12-17T08:14:14.438+0700] {processor.py:839} INFO - DAG(s) dict_keys(['example_setup_teardown_taskflow']) retrieved from /home/phuc/Practice/DataScience/DSProject/venv/lib/python3.10/site-packages/airflow/example_dags/example_setup_teardown_taskflow.py
[2023-12-17T08:14:14.449+0700] {logging_mixin.py:154} INFO - [2023-12-17T08:14:14.449+0700] {dag.py:2941} INFO - Sync 1 DAGs
[2023-12-17T08:14:14.459+0700] {logging_mixin.py:154} INFO - [2023-12-17T08:14:14.459+0700] {dag.py:3722} INFO - Setting next_dagrun for example_setup_teardown_taskflow to 2023-12-16T01:14:14.459205+00:00, run_after=2023-12-17T01:14:14.459205+00:00
[2023-12-17T08:14:14.471+0700] {processor.py:179} INFO - Processing /home/phuc/Practice/DataScience/DSProject/venv/lib/python3.10/site-packages/airflow/example_dags/example_setup_teardown_taskflow.py took 0.057 seconds
[2023-12-17T08:15:09.588+0700] {processor.py:157} INFO - Started process (PID=315207) to work on /home/phuc/Practice/DataScience/DSProject/venv/lib/python3.10/site-packages/airflow/example_dags/example_setup_teardown_taskflow.py
[2023-12-17T08:15:09.595+0700] {processor.py:829} INFO - Processing file /home/phuc/Practice/DataScience/DSProject/venv/lib/python3.10/site-packages/airflow/example_dags/example_setup_teardown_taskflow.py for tasks to queue
[2023-12-17T08:15:09.596+0700] {logging_mixin.py:154} INFO - [2023-12-17T08:15:09.596+0700] {dagbag.py:536} INFO - Filling up the DagBag from /home/phuc/Practice/DataScience/DSProject/venv/lib/python3.10/site-packages/airflow/example_dags/example_setup_teardown_taskflow.py
[2023-12-17T08:15:09.609+0700] {processor.py:839} INFO - DAG(s) dict_keys(['example_setup_teardown_taskflow']) retrieved from /home/phuc/Practice/DataScience/DSProject/venv/lib/python3.10/site-packages/airflow/example_dags/example_setup_teardown_taskflow.py
[2023-12-17T08:15:09.621+0700] {logging_mixin.py:154} INFO - [2023-12-17T08:15:09.621+0700] {dag.py:2941} INFO - Sync 1 DAGs
[2023-12-17T08:15:09.630+0700] {logging_mixin.py:154} INFO - [2023-12-17T08:15:09.630+0700] {dag.py:3722} INFO - Setting next_dagrun for example_setup_teardown_taskflow to 2023-12-16T01:15:09.630493+00:00, run_after=2023-12-17T01:15:09.630493+00:00
[2023-12-17T08:15:09.641+0700] {processor.py:179} INFO - Processing /home/phuc/Practice/DataScience/DSProject/venv/lib/python3.10/site-packages/airflow/example_dags/example_setup_teardown_taskflow.py took 0.056 seconds
[2023-12-17T08:16:00.016+0700] {processor.py:157} INFO - Started process (PID=315472) to work on /home/phuc/Practice/DataScience/DSProject/venv/lib/python3.10/site-packages/airflow/example_dags/example_setup_teardown_taskflow.py
[2023-12-17T08:16:00.024+0700] {processor.py:829} INFO - Processing file /home/phuc/Practice/DataScience/DSProject/venv/lib/python3.10/site-packages/airflow/example_dags/example_setup_teardown_taskflow.py for tasks to queue
[2023-12-17T08:16:00.025+0700] {logging_mixin.py:154} INFO - [2023-12-17T08:16:00.024+0700] {dagbag.py:536} INFO - Filling up the DagBag from /home/phuc/Practice/DataScience/DSProject/venv/lib/python3.10/site-packages/airflow/example_dags/example_setup_teardown_taskflow.py
[2023-12-17T08:16:00.036+0700] {processor.py:839} INFO - DAG(s) dict_keys(['example_setup_teardown_taskflow']) retrieved from /home/phuc/Practice/DataScience/DSProject/venv/lib/python3.10/site-packages/airflow/example_dags/example_setup_teardown_taskflow.py
[2023-12-17T08:16:00.049+0700] {logging_mixin.py:154} INFO - [2023-12-17T08:16:00.048+0700] {dag.py:2941} INFO - Sync 1 DAGs
[2023-12-17T08:16:00.059+0700] {logging_mixin.py:154} INFO - [2023-12-17T08:16:00.059+0700] {dag.py:3722} INFO - Setting next_dagrun for example_setup_teardown_taskflow to 2023-12-16T01:16:00.059166+00:00, run_after=2023-12-17T01:16:00.059166+00:00
[2023-12-17T08:16:00.073+0700] {processor.py:179} INFO - Processing /home/phuc/Practice/DataScience/DSProject/venv/lib/python3.10/site-packages/airflow/example_dags/example_setup_teardown_taskflow.py took 0.060 seconds
[2023-12-17T08:17:53.634+0700] {processor.py:157} INFO - Started process (PID=316415) to work on /home/phuc/Practice/DataScience/DSProject/venv/lib/python3.10/site-packages/airflow/example_dags/example_setup_teardown_taskflow.py
[2023-12-17T08:17:53.641+0700] {processor.py:829} INFO - Processing file /home/phuc/Practice/DataScience/DSProject/venv/lib/python3.10/site-packages/airflow/example_dags/example_setup_teardown_taskflow.py for tasks to queue
[2023-12-17T08:17:53.642+0700] {logging_mixin.py:154} INFO - [2023-12-17T08:17:53.642+0700] {dagbag.py:536} INFO - Filling up the DagBag from /home/phuc/Practice/DataScience/DSProject/venv/lib/python3.10/site-packages/airflow/example_dags/example_setup_teardown_taskflow.py
[2023-12-17T08:17:53.654+0700] {processor.py:839} INFO - DAG(s) dict_keys(['example_setup_teardown_taskflow']) retrieved from /home/phuc/Practice/DataScience/DSProject/venv/lib/python3.10/site-packages/airflow/example_dags/example_setup_teardown_taskflow.py
[2023-12-17T08:17:53.666+0700] {logging_mixin.py:154} INFO - [2023-12-17T08:17:53.666+0700] {dag.py:2941} INFO - Sync 1 DAGs
[2023-12-17T08:17:53.676+0700] {logging_mixin.py:154} INFO - [2023-12-17T08:17:53.676+0700] {dag.py:3722} INFO - Setting next_dagrun for example_setup_teardown_taskflow to 2023-12-16T01:17:53.676012+00:00, run_after=2023-12-17T01:17:53.676012+00:00
[2023-12-17T08:17:53.688+0700] {processor.py:179} INFO - Processing /home/phuc/Practice/DataScience/DSProject/venv/lib/python3.10/site-packages/airflow/example_dags/example_setup_teardown_taskflow.py took 0.058 seconds
[2023-12-17T08:18:39.623+0700] {processor.py:157} INFO - Started process (PID=316713) to work on /home/phuc/Practice/DataScience/DSProject/venv/lib/python3.10/site-packages/airflow/example_dags/example_setup_teardown_taskflow.py
[2023-12-17T08:18:39.630+0700] {processor.py:829} INFO - Processing file /home/phuc/Practice/DataScience/DSProject/venv/lib/python3.10/site-packages/airflow/example_dags/example_setup_teardown_taskflow.py for tasks to queue
[2023-12-17T08:18:39.630+0700] {logging_mixin.py:154} INFO - [2023-12-17T08:18:39.630+0700] {dagbag.py:536} INFO - Filling up the DagBag from /home/phuc/Practice/DataScience/DSProject/venv/lib/python3.10/site-packages/airflow/example_dags/example_setup_teardown_taskflow.py
[2023-12-17T08:18:39.637+0700] {processor.py:839} INFO - DAG(s) dict_keys(['example_setup_teardown_taskflow']) retrieved from /home/phuc/Practice/DataScience/DSProject/venv/lib/python3.10/site-packages/airflow/example_dags/example_setup_teardown_taskflow.py
[2023-12-17T08:18:39.647+0700] {logging_mixin.py:154} INFO - [2023-12-17T08:18:39.647+0700] {dag.py:2941} INFO - Sync 1 DAGs
[2023-12-17T08:18:39.657+0700] {logging_mixin.py:154} INFO - [2023-12-17T08:18:39.657+0700] {dag.py:3722} INFO - Setting next_dagrun for example_setup_teardown_taskflow to 2023-12-16T01:18:39.657597+00:00, run_after=2023-12-17T01:18:39.657597+00:00
[2023-12-17T08:18:39.669+0700] {processor.py:179} INFO - Processing /home/phuc/Practice/DataScience/DSProject/venv/lib/python3.10/site-packages/airflow/example_dags/example_setup_teardown_taskflow.py took 0.049 seconds
[2023-12-17T08:19:27.788+0700] {processor.py:157} INFO - Started process (PID=317198) to work on /home/phuc/Practice/DataScience/DSProject/venv/lib/python3.10/site-packages/airflow/example_dags/example_setup_teardown_taskflow.py
[2023-12-17T08:19:27.789+0700] {processor.py:829} INFO - Processing file /home/phuc/Practice/DataScience/DSProject/venv/lib/python3.10/site-packages/airflow/example_dags/example_setup_teardown_taskflow.py for tasks to queue
[2023-12-17T08:19:27.790+0700] {logging_mixin.py:154} INFO - [2023-12-17T08:19:27.789+0700] {dagbag.py:536} INFO - Filling up the DagBag from /home/phuc/Practice/DataScience/DSProject/venv/lib/python3.10/site-packages/airflow/example_dags/example_setup_teardown_taskflow.py
[2023-12-17T08:19:27.798+0700] {processor.py:839} INFO - DAG(s) dict_keys(['example_setup_teardown_taskflow']) retrieved from /home/phuc/Practice/DataScience/DSProject/venv/lib/python3.10/site-packages/airflow/example_dags/example_setup_teardown_taskflow.py
[2023-12-17T08:19:27.813+0700] {logging_mixin.py:154} INFO - [2023-12-17T08:19:27.812+0700] {dag.py:2941} INFO - Sync 1 DAGs
[2023-12-17T08:19:27.825+0700] {logging_mixin.py:154} INFO - [2023-12-17T08:19:27.825+0700] {dag.py:3722} INFO - Setting next_dagrun for example_setup_teardown_taskflow to 2023-12-16T01:19:27.825244+00:00, run_after=2023-12-17T01:19:27.825244+00:00
[2023-12-17T08:19:27.839+0700] {processor.py:179} INFO - Processing /home/phuc/Practice/DataScience/DSProject/venv/lib/python3.10/site-packages/airflow/example_dags/example_setup_teardown_taskflow.py took 0.053 seconds
[2023-12-17T08:20:20.545+0700] {processor.py:157} INFO - Started process (PID=317761) to work on /home/phuc/Practice/DataScience/DSProject/venv/lib/python3.10/site-packages/airflow/example_dags/example_setup_teardown_taskflow.py
[2023-12-17T08:20:20.552+0700] {processor.py:829} INFO - Processing file /home/phuc/Practice/DataScience/DSProject/venv/lib/python3.10/site-packages/airflow/example_dags/example_setup_teardown_taskflow.py for tasks to queue
[2023-12-17T08:20:20.552+0700] {logging_mixin.py:154} INFO - [2023-12-17T08:20:20.552+0700] {dagbag.py:536} INFO - Filling up the DagBag from /home/phuc/Practice/DataScience/DSProject/venv/lib/python3.10/site-packages/airflow/example_dags/example_setup_teardown_taskflow.py
[2023-12-17T08:20:20.560+0700] {processor.py:839} INFO - DAG(s) dict_keys(['example_setup_teardown_taskflow']) retrieved from /home/phuc/Practice/DataScience/DSProject/venv/lib/python3.10/site-packages/airflow/example_dags/example_setup_teardown_taskflow.py
[2023-12-17T08:20:20.575+0700] {logging_mixin.py:154} INFO - [2023-12-17T08:20:20.575+0700] {dag.py:2941} INFO - Sync 1 DAGs
[2023-12-17T08:20:20.591+0700] {logging_mixin.py:154} INFO - [2023-12-17T08:20:20.591+0700] {dag.py:3722} INFO - Setting next_dagrun for example_setup_teardown_taskflow to 2023-12-16T01:20:20.591082+00:00, run_after=2023-12-17T01:20:20.591082+00:00
[2023-12-17T08:20:20.606+0700] {processor.py:179} INFO - Processing /home/phuc/Practice/DataScience/DSProject/venv/lib/python3.10/site-packages/airflow/example_dags/example_setup_teardown_taskflow.py took 0.064 seconds
[2023-12-17T08:22:03.062+0700] {processor.py:157} INFO - Started process (PID=318807) to work on /home/phuc/Practice/DataScience/DSProject/venv/lib/python3.10/site-packages/airflow/example_dags/example_setup_teardown_taskflow.py
[2023-12-17T08:22:03.069+0700] {processor.py:829} INFO - Processing file /home/phuc/Practice/DataScience/DSProject/venv/lib/python3.10/site-packages/airflow/example_dags/example_setup_teardown_taskflow.py for tasks to queue
[2023-12-17T08:22:03.070+0700] {logging_mixin.py:154} INFO - [2023-12-17T08:22:03.069+0700] {dagbag.py:536} INFO - Filling up the DagBag from /home/phuc/Practice/DataScience/DSProject/venv/lib/python3.10/site-packages/airflow/example_dags/example_setup_teardown_taskflow.py
[2023-12-17T08:22:03.076+0700] {processor.py:839} INFO - DAG(s) dict_keys(['example_setup_teardown_taskflow']) retrieved from /home/phuc/Practice/DataScience/DSProject/venv/lib/python3.10/site-packages/airflow/example_dags/example_setup_teardown_taskflow.py
[2023-12-17T08:22:03.090+0700] {logging_mixin.py:154} INFO - [2023-12-17T08:22:03.090+0700] {dag.py:2941} INFO - Sync 1 DAGs
[2023-12-17T08:22:03.103+0700] {logging_mixin.py:154} INFO - [2023-12-17T08:22:03.103+0700] {dag.py:3722} INFO - Setting next_dagrun for example_setup_teardown_taskflow to 2023-12-16T01:22:03.103293+00:00, run_after=2023-12-17T01:22:03.103293+00:00
[2023-12-17T08:22:03.120+0700] {processor.py:179} INFO - Processing /home/phuc/Practice/DataScience/DSProject/venv/lib/python3.10/site-packages/airflow/example_dags/example_setup_teardown_taskflow.py took 0.060 seconds
[2023-12-17T08:23:39.938+0700] {processor.py:157} INFO - Started process (PID=319554) to work on /home/phuc/Practice/DataScience/DSProject/venv/lib/python3.10/site-packages/airflow/example_dags/example_setup_teardown_taskflow.py
[2023-12-17T08:23:39.945+0700] {processor.py:829} INFO - Processing file /home/phuc/Practice/DataScience/DSProject/venv/lib/python3.10/site-packages/airflow/example_dags/example_setup_teardown_taskflow.py for tasks to queue
[2023-12-17T08:23:39.947+0700] {logging_mixin.py:154} INFO - [2023-12-17T08:23:39.946+0700] {dagbag.py:536} INFO - Filling up the DagBag from /home/phuc/Practice/DataScience/DSProject/venv/lib/python3.10/site-packages/airflow/example_dags/example_setup_teardown_taskflow.py
[2023-12-17T08:23:39.959+0700] {processor.py:839} INFO - DAG(s) dict_keys(['example_setup_teardown_taskflow']) retrieved from /home/phuc/Practice/DataScience/DSProject/venv/lib/python3.10/site-packages/airflow/example_dags/example_setup_teardown_taskflow.py
[2023-12-17T08:23:39.971+0700] {logging_mixin.py:154} INFO - [2023-12-17T08:23:39.971+0700] {dag.py:2941} INFO - Sync 1 DAGs
[2023-12-17T08:23:39.982+0700] {logging_mixin.py:154} INFO - [2023-12-17T08:23:39.982+0700] {dag.py:3722} INFO - Setting next_dagrun for example_setup_teardown_taskflow to 2023-12-16T01:23:39.981964+00:00, run_after=2023-12-17T01:23:39.981964+00:00
[2023-12-17T08:23:39.995+0700] {processor.py:179} INFO - Processing /home/phuc/Practice/DataScience/DSProject/venv/lib/python3.10/site-packages/airflow/example_dags/example_setup_teardown_taskflow.py took 0.060 seconds
[2023-12-17T08:24:26.122+0700] {processor.py:157} INFO - Started process (PID=319828) to work on /home/phuc/Practice/DataScience/DSProject/venv/lib/python3.10/site-packages/airflow/example_dags/example_setup_teardown_taskflow.py
[2023-12-17T08:24:26.129+0700] {processor.py:829} INFO - Processing file /home/phuc/Practice/DataScience/DSProject/venv/lib/python3.10/site-packages/airflow/example_dags/example_setup_teardown_taskflow.py for tasks to queue
[2023-12-17T08:24:26.130+0700] {logging_mixin.py:154} INFO - [2023-12-17T08:24:26.129+0700] {dagbag.py:536} INFO - Filling up the DagBag from /home/phuc/Practice/DataScience/DSProject/venv/lib/python3.10/site-packages/airflow/example_dags/example_setup_teardown_taskflow.py
[2023-12-17T08:24:26.142+0700] {processor.py:839} INFO - DAG(s) dict_keys(['example_setup_teardown_taskflow']) retrieved from /home/phuc/Practice/DataScience/DSProject/venv/lib/python3.10/site-packages/airflow/example_dags/example_setup_teardown_taskflow.py
[2023-12-17T08:24:26.155+0700] {logging_mixin.py:154} INFO - [2023-12-17T08:24:26.154+0700] {dag.py:2941} INFO - Sync 1 DAGs
[2023-12-17T08:24:26.170+0700] {logging_mixin.py:154} INFO - [2023-12-17T08:24:26.170+0700] {dag.py:3722} INFO - Setting next_dagrun for example_setup_teardown_taskflow to 2023-12-16T01:24:26.169947+00:00, run_after=2023-12-17T01:24:26.169947+00:00
[2023-12-17T08:24:26.183+0700] {processor.py:179} INFO - Processing /home/phuc/Practice/DataScience/DSProject/venv/lib/python3.10/site-packages/airflow/example_dags/example_setup_teardown_taskflow.py took 0.064 seconds
[2023-12-17T08:25:21.003+0700] {processor.py:157} INFO - Started process (PID=320073) to work on /home/phuc/Practice/DataScience/DSProject/venv/lib/python3.10/site-packages/airflow/example_dags/example_setup_teardown_taskflow.py
[2023-12-17T08:25:21.010+0700] {processor.py:829} INFO - Processing file /home/phuc/Practice/DataScience/DSProject/venv/lib/python3.10/site-packages/airflow/example_dags/example_setup_teardown_taskflow.py for tasks to queue
[2023-12-17T08:25:21.011+0700] {logging_mixin.py:154} INFO - [2023-12-17T08:25:21.011+0700] {dagbag.py:536} INFO - Filling up the DagBag from /home/phuc/Practice/DataScience/DSProject/venv/lib/python3.10/site-packages/airflow/example_dags/example_setup_teardown_taskflow.py
[2023-12-17T08:25:21.019+0700] {processor.py:839} INFO - DAG(s) dict_keys(['example_setup_teardown_taskflow']) retrieved from /home/phuc/Practice/DataScience/DSProject/venv/lib/python3.10/site-packages/airflow/example_dags/example_setup_teardown_taskflow.py
[2023-12-17T08:25:21.028+0700] {logging_mixin.py:154} INFO - [2023-12-17T08:25:21.028+0700] {dag.py:2941} INFO - Sync 1 DAGs
[2023-12-17T08:25:21.038+0700] {logging_mixin.py:154} INFO - [2023-12-17T08:25:21.038+0700] {dag.py:3722} INFO - Setting next_dagrun for example_setup_teardown_taskflow to 2023-12-16T01:25:21.037951+00:00, run_after=2023-12-17T01:25:21.037951+00:00
[2023-12-17T08:25:21.049+0700] {processor.py:179} INFO - Processing /home/phuc/Practice/DataScience/DSProject/venv/lib/python3.10/site-packages/airflow/example_dags/example_setup_teardown_taskflow.py took 0.048 seconds
[2023-12-17T08:26:08.285+0700] {processor.py:157} INFO - Started process (PID=320274) to work on /home/phuc/Practice/DataScience/DSProject/venv/lib/python3.10/site-packages/airflow/example_dags/example_setup_teardown_taskflow.py
[2023-12-17T08:26:08.292+0700] {processor.py:829} INFO - Processing file /home/phuc/Practice/DataScience/DSProject/venv/lib/python3.10/site-packages/airflow/example_dags/example_setup_teardown_taskflow.py for tasks to queue
[2023-12-17T08:26:08.294+0700] {logging_mixin.py:154} INFO - [2023-12-17T08:26:08.293+0700] {dagbag.py:536} INFO - Filling up the DagBag from /home/phuc/Practice/DataScience/DSProject/venv/lib/python3.10/site-packages/airflow/example_dags/example_setup_teardown_taskflow.py
[2023-12-17T08:26:08.306+0700] {processor.py:839} INFO - DAG(s) dict_keys(['example_setup_teardown_taskflow']) retrieved from /home/phuc/Practice/DataScience/DSProject/venv/lib/python3.10/site-packages/airflow/example_dags/example_setup_teardown_taskflow.py
[2023-12-17T08:26:08.316+0700] {logging_mixin.py:154} INFO - [2023-12-17T08:26:08.316+0700] {dag.py:2941} INFO - Sync 1 DAGs
[2023-12-17T08:26:08.325+0700] {logging_mixin.py:154} INFO - [2023-12-17T08:26:08.325+0700] {dag.py:3722} INFO - Setting next_dagrun for example_setup_teardown_taskflow to 2023-12-16T01:26:08.325148+00:00, run_after=2023-12-17T01:26:08.325148+00:00
[2023-12-17T08:26:08.336+0700] {processor.py:179} INFO - Processing /home/phuc/Practice/DataScience/DSProject/venv/lib/python3.10/site-packages/airflow/example_dags/example_setup_teardown_taskflow.py took 0.056 seconds
[2023-12-17T08:27:00.118+0700] {processor.py:157} INFO - Started process (PID=320581) to work on /home/phuc/Practice/DataScience/DSProject/venv/lib/python3.10/site-packages/airflow/example_dags/example_setup_teardown_taskflow.py
[2023-12-17T08:27:00.125+0700] {processor.py:829} INFO - Processing file /home/phuc/Practice/DataScience/DSProject/venv/lib/python3.10/site-packages/airflow/example_dags/example_setup_teardown_taskflow.py for tasks to queue
[2023-12-17T08:27:00.126+0700] {logging_mixin.py:154} INFO - [2023-12-17T08:27:00.126+0700] {dagbag.py:536} INFO - Filling up the DagBag from /home/phuc/Practice/DataScience/DSProject/venv/lib/python3.10/site-packages/airflow/example_dags/example_setup_teardown_taskflow.py
[2023-12-17T08:27:00.139+0700] {processor.py:839} INFO - DAG(s) dict_keys(['example_setup_teardown_taskflow']) retrieved from /home/phuc/Practice/DataScience/DSProject/venv/lib/python3.10/site-packages/airflow/example_dags/example_setup_teardown_taskflow.py
[2023-12-17T08:27:00.149+0700] {logging_mixin.py:154} INFO - [2023-12-17T08:27:00.149+0700] {dag.py:2941} INFO - Sync 1 DAGs
[2023-12-17T08:27:00.158+0700] {logging_mixin.py:154} INFO - [2023-12-17T08:27:00.158+0700] {dag.py:3722} INFO - Setting next_dagrun for example_setup_teardown_taskflow to 2023-12-16T01:27:00.158605+00:00, run_after=2023-12-17T01:27:00.158605+00:00
[2023-12-17T08:27:00.170+0700] {processor.py:179} INFO - Processing /home/phuc/Practice/DataScience/DSProject/venv/lib/python3.10/site-packages/airflow/example_dags/example_setup_teardown_taskflow.py took 0.053 seconds
[2023-12-17T08:27:50.758+0700] {processor.py:157} INFO - Started process (PID=320804) to work on /home/phuc/Practice/DataScience/DSProject/venv/lib/python3.10/site-packages/airflow/example_dags/example_setup_teardown_taskflow.py
[2023-12-17T08:27:50.765+0700] {processor.py:829} INFO - Processing file /home/phuc/Practice/DataScience/DSProject/venv/lib/python3.10/site-packages/airflow/example_dags/example_setup_teardown_taskflow.py for tasks to queue
[2023-12-17T08:27:50.765+0700] {logging_mixin.py:154} INFO - [2023-12-17T08:27:50.765+0700] {dagbag.py:536} INFO - Filling up the DagBag from /home/phuc/Practice/DataScience/DSProject/venv/lib/python3.10/site-packages/airflow/example_dags/example_setup_teardown_taskflow.py
[2023-12-17T08:27:50.774+0700] {processor.py:839} INFO - DAG(s) dict_keys(['example_setup_teardown_taskflow']) retrieved from /home/phuc/Practice/DataScience/DSProject/venv/lib/python3.10/site-packages/airflow/example_dags/example_setup_teardown_taskflow.py
[2023-12-17T08:27:50.785+0700] {logging_mixin.py:154} INFO - [2023-12-17T08:27:50.785+0700] {dag.py:2941} INFO - Sync 1 DAGs
[2023-12-17T08:27:50.799+0700] {logging_mixin.py:154} INFO - [2023-12-17T08:27:50.798+0700] {dag.py:3722} INFO - Setting next_dagrun for example_setup_teardown_taskflow to 2023-12-16T01:27:50.798630+00:00, run_after=2023-12-17T01:27:50.798630+00:00
[2023-12-17T08:27:50.813+0700] {processor.py:179} INFO - Processing /home/phuc/Practice/DataScience/DSProject/venv/lib/python3.10/site-packages/airflow/example_dags/example_setup_teardown_taskflow.py took 0.058 seconds
[2023-12-17T08:28:38.094+0700] {processor.py:157} INFO - Started process (PID=321002) to work on /home/phuc/Practice/DataScience/DSProject/venv/lib/python3.10/site-packages/airflow/example_dags/example_setup_teardown_taskflow.py
[2023-12-17T08:28:38.095+0700] {processor.py:829} INFO - Processing file /home/phuc/Practice/DataScience/DSProject/venv/lib/python3.10/site-packages/airflow/example_dags/example_setup_teardown_taskflow.py for tasks to queue
[2023-12-17T08:28:38.096+0700] {logging_mixin.py:154} INFO - [2023-12-17T08:28:38.095+0700] {dagbag.py:536} INFO - Filling up the DagBag from /home/phuc/Practice/DataScience/DSProject/venv/lib/python3.10/site-packages/airflow/example_dags/example_setup_teardown_taskflow.py
[2023-12-17T08:28:38.101+0700] {processor.py:839} INFO - DAG(s) dict_keys(['example_setup_teardown_taskflow']) retrieved from /home/phuc/Practice/DataScience/DSProject/venv/lib/python3.10/site-packages/airflow/example_dags/example_setup_teardown_taskflow.py
[2023-12-17T08:28:38.111+0700] {logging_mixin.py:154} INFO - [2023-12-17T08:28:38.111+0700] {dag.py:2941} INFO - Sync 1 DAGs
[2023-12-17T08:28:38.120+0700] {logging_mixin.py:154} INFO - [2023-12-17T08:28:38.120+0700] {dag.py:3722} INFO - Setting next_dagrun for example_setup_teardown_taskflow to 2023-12-16T01:28:38.120309+00:00, run_after=2023-12-17T01:28:38.120309+00:00
[2023-12-17T08:28:38.132+0700] {processor.py:179} INFO - Processing /home/phuc/Practice/DataScience/DSProject/venv/lib/python3.10/site-packages/airflow/example_dags/example_setup_teardown_taskflow.py took 0.040 seconds
[2023-12-17T08:29:28.393+0700] {processor.py:157} INFO - Started process (PID=321228) to work on /home/phuc/Practice/DataScience/DSProject/venv/lib/python3.10/site-packages/airflow/example_dags/example_setup_teardown_taskflow.py
[2023-12-17T08:29:28.400+0700] {processor.py:829} INFO - Processing file /home/phuc/Practice/DataScience/DSProject/venv/lib/python3.10/site-packages/airflow/example_dags/example_setup_teardown_taskflow.py for tasks to queue
[2023-12-17T08:29:28.401+0700] {logging_mixin.py:154} INFO - [2023-12-17T08:29:28.401+0700] {dagbag.py:536} INFO - Filling up the DagBag from /home/phuc/Practice/DataScience/DSProject/venv/lib/python3.10/site-packages/airflow/example_dags/example_setup_teardown_taskflow.py
[2023-12-17T08:29:28.409+0700] {processor.py:839} INFO - DAG(s) dict_keys(['example_setup_teardown_taskflow']) retrieved from /home/phuc/Practice/DataScience/DSProject/venv/lib/python3.10/site-packages/airflow/example_dags/example_setup_teardown_taskflow.py
[2023-12-17T08:29:28.417+0700] {logging_mixin.py:154} INFO - [2023-12-17T08:29:28.417+0700] {dag.py:2941} INFO - Sync 1 DAGs
[2023-12-17T08:29:28.425+0700] {logging_mixin.py:154} INFO - [2023-12-17T08:29:28.425+0700] {dag.py:3722} INFO - Setting next_dagrun for example_setup_teardown_taskflow to 2023-12-16T01:29:28.425310+00:00, run_after=2023-12-17T01:29:28.425310+00:00
[2023-12-17T08:29:28.435+0700] {processor.py:179} INFO - Processing /home/phuc/Practice/DataScience/DSProject/venv/lib/python3.10/site-packages/airflow/example_dags/example_setup_teardown_taskflow.py took 0.043 seconds
[2023-12-17T08:30:18.160+0700] {processor.py:157} INFO - Started process (PID=321468) to work on /home/phuc/Practice/DataScience/DSProject/venv/lib/python3.10/site-packages/airflow/example_dags/example_setup_teardown_taskflow.py
[2023-12-17T08:30:18.167+0700] {processor.py:829} INFO - Processing file /home/phuc/Practice/DataScience/DSProject/venv/lib/python3.10/site-packages/airflow/example_dags/example_setup_teardown_taskflow.py for tasks to queue
[2023-12-17T08:30:18.169+0700] {logging_mixin.py:154} INFO - [2023-12-17T08:30:18.168+0700] {dagbag.py:536} INFO - Filling up the DagBag from /home/phuc/Practice/DataScience/DSProject/venv/lib/python3.10/site-packages/airflow/example_dags/example_setup_teardown_taskflow.py
[2023-12-17T08:30:18.181+0700] {processor.py:839} INFO - DAG(s) dict_keys(['example_setup_teardown_taskflow']) retrieved from /home/phuc/Practice/DataScience/DSProject/venv/lib/python3.10/site-packages/airflow/example_dags/example_setup_teardown_taskflow.py
[2023-12-17T08:30:18.191+0700] {logging_mixin.py:154} INFO - [2023-12-17T08:30:18.191+0700] {dag.py:2941} INFO - Sync 1 DAGs
[2023-12-17T08:30:18.199+0700] {logging_mixin.py:154} INFO - [2023-12-17T08:30:18.199+0700] {dag.py:3722} INFO - Setting next_dagrun for example_setup_teardown_taskflow to 2023-12-16T01:30:18.199131+00:00, run_after=2023-12-17T01:30:18.199131+00:00
[2023-12-17T08:30:18.213+0700] {processor.py:179} INFO - Processing /home/phuc/Practice/DataScience/DSProject/venv/lib/python3.10/site-packages/airflow/example_dags/example_setup_teardown_taskflow.py took 0.055 seconds
[2023-12-17T08:31:09.853+0700] {processor.py:157} INFO - Started process (PID=321722) to work on /home/phuc/Practice/DataScience/DSProject/venv/lib/python3.10/site-packages/airflow/example_dags/example_setup_teardown_taskflow.py
[2023-12-17T08:31:09.860+0700] {processor.py:829} INFO - Processing file /home/phuc/Practice/DataScience/DSProject/venv/lib/python3.10/site-packages/airflow/example_dags/example_setup_teardown_taskflow.py for tasks to queue
[2023-12-17T08:31:09.861+0700] {logging_mixin.py:154} INFO - [2023-12-17T08:31:09.860+0700] {dagbag.py:536} INFO - Filling up the DagBag from /home/phuc/Practice/DataScience/DSProject/venv/lib/python3.10/site-packages/airflow/example_dags/example_setup_teardown_taskflow.py
[2023-12-17T08:31:09.866+0700] {processor.py:839} INFO - DAG(s) dict_keys(['example_setup_teardown_taskflow']) retrieved from /home/phuc/Practice/DataScience/DSProject/venv/lib/python3.10/site-packages/airflow/example_dags/example_setup_teardown_taskflow.py
[2023-12-17T08:31:09.875+0700] {logging_mixin.py:154} INFO - [2023-12-17T08:31:09.875+0700] {dag.py:2941} INFO - Sync 1 DAGs
[2023-12-17T08:31:09.884+0700] {logging_mixin.py:154} INFO - [2023-12-17T08:31:09.884+0700] {dag.py:3722} INFO - Setting next_dagrun for example_setup_teardown_taskflow to 2023-12-16T01:31:09.884606+00:00, run_after=2023-12-17T01:31:09.884606+00:00
[2023-12-17T08:31:09.896+0700] {processor.py:179} INFO - Processing /home/phuc/Practice/DataScience/DSProject/venv/lib/python3.10/site-packages/airflow/example_dags/example_setup_teardown_taskflow.py took 0.044 seconds
[2023-12-17T08:31:50.297+0700] {processor.py:157} INFO - Started process (PID=322060) to work on /home/phuc/Practice/DataScience/DSProject/venv/lib/python3.10/site-packages/airflow/example_dags/example_setup_teardown_taskflow.py
[2023-12-17T08:31:50.303+0700] {processor.py:829} INFO - Processing file /home/phuc/Practice/DataScience/DSProject/venv/lib/python3.10/site-packages/airflow/example_dags/example_setup_teardown_taskflow.py for tasks to queue
[2023-12-17T08:31:50.304+0700] {logging_mixin.py:154} INFO - [2023-12-17T08:31:50.304+0700] {dagbag.py:536} INFO - Filling up the DagBag from /home/phuc/Practice/DataScience/DSProject/venv/lib/python3.10/site-packages/airflow/example_dags/example_setup_teardown_taskflow.py
[2023-12-17T08:31:50.310+0700] {processor.py:839} INFO - DAG(s) dict_keys(['example_setup_teardown_taskflow']) retrieved from /home/phuc/Practice/DataScience/DSProject/venv/lib/python3.10/site-packages/airflow/example_dags/example_setup_teardown_taskflow.py
[2023-12-17T08:31:50.319+0700] {logging_mixin.py:154} INFO - [2023-12-17T08:31:50.319+0700] {dag.py:2941} INFO - Sync 1 DAGs
[2023-12-17T08:31:50.329+0700] {logging_mixin.py:154} INFO - [2023-12-17T08:31:50.329+0700] {dag.py:3722} INFO - Setting next_dagrun for example_setup_teardown_taskflow to 2023-12-16T01:31:50.328991+00:00, run_after=2023-12-17T01:31:50.328991+00:00
[2023-12-17T08:31:50.339+0700] {processor.py:179} INFO - Processing /home/phuc/Practice/DataScience/DSProject/venv/lib/python3.10/site-packages/airflow/example_dags/example_setup_teardown_taskflow.py took 0.044 seconds
[2023-12-17T08:32:53.186+0700] {processor.py:157} INFO - Started process (PID=323012) to work on /home/phuc/Practice/DataScience/DSProject/venv/lib/python3.10/site-packages/airflow/example_dags/example_setup_teardown_taskflow.py
[2023-12-17T08:32:53.193+0700] {processor.py:829} INFO - Processing file /home/phuc/Practice/DataScience/DSProject/venv/lib/python3.10/site-packages/airflow/example_dags/example_setup_teardown_taskflow.py for tasks to queue
[2023-12-17T08:32:53.194+0700] {logging_mixin.py:154} INFO - [2023-12-17T08:32:53.193+0700] {dagbag.py:536} INFO - Filling up the DagBag from /home/phuc/Practice/DataScience/DSProject/venv/lib/python3.10/site-packages/airflow/example_dags/example_setup_teardown_taskflow.py
[2023-12-17T08:32:53.198+0700] {processor.py:839} INFO - DAG(s) dict_keys(['example_setup_teardown_taskflow']) retrieved from /home/phuc/Practice/DataScience/DSProject/venv/lib/python3.10/site-packages/airflow/example_dags/example_setup_teardown_taskflow.py
[2023-12-17T08:32:53.207+0700] {logging_mixin.py:154} INFO - [2023-12-17T08:32:53.207+0700] {dag.py:2941} INFO - Sync 1 DAGs
[2023-12-17T08:32:53.216+0700] {logging_mixin.py:154} INFO - [2023-12-17T08:32:53.216+0700] {dag.py:3722} INFO - Setting next_dagrun for example_setup_teardown_taskflow to 2023-12-16T01:32:53.216448+00:00, run_after=2023-12-17T01:32:53.216448+00:00
[2023-12-17T08:32:53.226+0700] {processor.py:179} INFO - Processing /home/phuc/Practice/DataScience/DSProject/venv/lib/python3.10/site-packages/airflow/example_dags/example_setup_teardown_taskflow.py took 0.041 seconds
[2023-12-17T08:33:38.345+0700] {processor.py:157} INFO - Started process (PID=323232) to work on /home/phuc/Practice/DataScience/DSProject/venv/lib/python3.10/site-packages/airflow/example_dags/example_setup_teardown_taskflow.py
[2023-12-17T08:33:38.352+0700] {processor.py:829} INFO - Processing file /home/phuc/Practice/DataScience/DSProject/venv/lib/python3.10/site-packages/airflow/example_dags/example_setup_teardown_taskflow.py for tasks to queue
[2023-12-17T08:33:38.354+0700] {logging_mixin.py:154} INFO - [2023-12-17T08:33:38.353+0700] {dagbag.py:536} INFO - Filling up the DagBag from /home/phuc/Practice/DataScience/DSProject/venv/lib/python3.10/site-packages/airflow/example_dags/example_setup_teardown_taskflow.py
[2023-12-17T08:33:38.366+0700] {processor.py:839} INFO - DAG(s) dict_keys(['example_setup_teardown_taskflow']) retrieved from /home/phuc/Practice/DataScience/DSProject/venv/lib/python3.10/site-packages/airflow/example_dags/example_setup_teardown_taskflow.py
[2023-12-17T08:33:38.376+0700] {logging_mixin.py:154} INFO - [2023-12-17T08:33:38.376+0700] {dag.py:2941} INFO - Sync 1 DAGs
[2023-12-17T08:33:38.384+0700] {logging_mixin.py:154} INFO - [2023-12-17T08:33:38.384+0700] {dag.py:3722} INFO - Setting next_dagrun for example_setup_teardown_taskflow to 2023-12-16T01:33:38.384517+00:00, run_after=2023-12-17T01:33:38.384517+00:00
[2023-12-17T08:33:38.394+0700] {processor.py:179} INFO - Processing /home/phuc/Practice/DataScience/DSProject/venv/lib/python3.10/site-packages/airflow/example_dags/example_setup_teardown_taskflow.py took 0.053 seconds
[2023-12-17T08:34:24.617+0700] {processor.py:157} INFO - Started process (PID=323620) to work on /home/phuc/Practice/DataScience/DSProject/venv/lib/python3.10/site-packages/airflow/example_dags/example_setup_teardown_taskflow.py
[2023-12-17T08:34:24.625+0700] {processor.py:829} INFO - Processing file /home/phuc/Practice/DataScience/DSProject/venv/lib/python3.10/site-packages/airflow/example_dags/example_setup_teardown_taskflow.py for tasks to queue
[2023-12-17T08:34:24.626+0700] {logging_mixin.py:154} INFO - [2023-12-17T08:34:24.626+0700] {dagbag.py:536} INFO - Filling up the DagBag from /home/phuc/Practice/DataScience/DSProject/venv/lib/python3.10/site-packages/airflow/example_dags/example_setup_teardown_taskflow.py
[2023-12-17T08:34:24.638+0700] {processor.py:839} INFO - DAG(s) dict_keys(['example_setup_teardown_taskflow']) retrieved from /home/phuc/Practice/DataScience/DSProject/venv/lib/python3.10/site-packages/airflow/example_dags/example_setup_teardown_taskflow.py
[2023-12-17T08:34:24.649+0700] {logging_mixin.py:154} INFO - [2023-12-17T08:34:24.648+0700] {dag.py:2941} INFO - Sync 1 DAGs
[2023-12-17T08:34:24.660+0700] {logging_mixin.py:154} INFO - [2023-12-17T08:34:24.660+0700] {dag.py:3722} INFO - Setting next_dagrun for example_setup_teardown_taskflow to 2023-12-16T01:34:24.660211+00:00, run_after=2023-12-17T01:34:24.660211+00:00
[2023-12-17T08:34:24.670+0700] {processor.py:179} INFO - Processing /home/phuc/Practice/DataScience/DSProject/venv/lib/python3.10/site-packages/airflow/example_dags/example_setup_teardown_taskflow.py took 0.055 seconds
[2023-12-17T08:35:18.807+0700] {processor.py:157} INFO - Started process (PID=324035) to work on /home/phuc/Practice/DataScience/DSProject/venv/lib/python3.10/site-packages/airflow/example_dags/example_setup_teardown_taskflow.py
[2023-12-17T08:35:18.814+0700] {processor.py:829} INFO - Processing file /home/phuc/Practice/DataScience/DSProject/venv/lib/python3.10/site-packages/airflow/example_dags/example_setup_teardown_taskflow.py for tasks to queue
[2023-12-17T08:35:18.814+0700] {logging_mixin.py:154} INFO - [2023-12-17T08:35:18.814+0700] {dagbag.py:536} INFO - Filling up the DagBag from /home/phuc/Practice/DataScience/DSProject/venv/lib/python3.10/site-packages/airflow/example_dags/example_setup_teardown_taskflow.py
[2023-12-17T08:35:18.819+0700] {processor.py:839} INFO - DAG(s) dict_keys(['example_setup_teardown_taskflow']) retrieved from /home/phuc/Practice/DataScience/DSProject/venv/lib/python3.10/site-packages/airflow/example_dags/example_setup_teardown_taskflow.py
[2023-12-17T08:35:18.827+0700] {logging_mixin.py:154} INFO - [2023-12-17T08:35:18.827+0700] {dag.py:2941} INFO - Sync 1 DAGs
[2023-12-17T08:35:18.836+0700] {logging_mixin.py:154} INFO - [2023-12-17T08:35:18.836+0700] {dag.py:3722} INFO - Setting next_dagrun for example_setup_teardown_taskflow to 2023-12-16T01:35:18.836520+00:00, run_after=2023-12-17T01:35:18.836520+00:00
[2023-12-17T08:35:18.849+0700] {processor.py:179} INFO - Processing /home/phuc/Practice/DataScience/DSProject/venv/lib/python3.10/site-packages/airflow/example_dags/example_setup_teardown_taskflow.py took 0.043 seconds
