[2023-12-17T08:03:48.997+0700] {processor.py:157} INFO - Started process (PID=309937) to work on /home/phuc/Practice/DataScience/DSProject/venv/lib/python3.10/site-packages/airflow/example_dags/example_branch_python_dop_operator_3.py
[2023-12-17T08:03:48.997+0700] {processor.py:829} INFO - Processing file /home/phuc/Practice/DataScience/DSProject/venv/lib/python3.10/site-packages/airflow/example_dags/example_branch_python_dop_operator_3.py for tasks to queue
[2023-12-17T08:03:48.998+0700] {logging_mixin.py:154} INFO - [2023-12-17T08:03:48.998+0700] {dagbag.py:536} INFO - Filling up the DagBag from /home/phuc/Practice/DataScience/DSProject/venv/lib/python3.10/site-packages/airflow/example_dags/example_branch_python_dop_operator_3.py
[2023-12-17T08:03:49.005+0700] {processor.py:839} INFO - DAG(s) dict_keys(['example_branch_dop_operator_v3']) retrieved from /home/phuc/Practice/DataScience/DSProject/venv/lib/python3.10/site-packages/airflow/example_dags/example_branch_python_dop_operator_3.py
[2023-12-17T08:03:49.089+0700] {logging_mixin.py:154} INFO - [2023-12-17T08:03:49.088+0700] {manager.py:499} INFO - Created Permission View: %s
[2023-12-17T08:03:49.098+0700] {logging_mixin.py:154} INFO - [2023-12-17T08:03:49.097+0700] {manager.py:499} INFO - Created Permission View: %s
[2023-12-17T08:03:49.104+0700] {logging_mixin.py:154} INFO - [2023-12-17T08:03:49.104+0700] {manager.py:499} INFO - Created Permission View: %s
[2023-12-17T08:03:49.105+0700] {logging_mixin.py:154} INFO - [2023-12-17T08:03:49.105+0700] {dag.py:2941} INFO - Sync 1 DAGs
[2023-12-17T08:03:49.115+0700] {logging_mixin.py:154} INFO - [2023-12-17T08:03:49.114+0700] {dag.py:2963} INFO - Creating ORM DAG for example_branch_dop_operator_v3
[2023-12-17T08:03:49.129+0700] {logging_mixin.py:154} INFO - [2023-12-17T08:03:49.129+0700] {dag.py:3722} INFO - Setting next_dagrun for example_branch_dop_operator_v3 to 2023-12-17T01:02:00+00:00, run_after=2023-12-17T01:03:00+00:00
[2023-12-17T08:03:49.148+0700] {processor.py:179} INFO - Processing /home/phuc/Practice/DataScience/DSProject/venv/lib/python3.10/site-packages/airflow/example_dags/example_branch_python_dop_operator_3.py took 0.153 seconds
[2023-12-17T08:06:03.453+0700] {processor.py:157} INFO - Started process (PID=311256) to work on /home/phuc/Practice/DataScience/DSProject/venv/lib/python3.10/site-packages/airflow/example_dags/example_branch_python_dop_operator_3.py
[2023-12-17T08:06:03.460+0700] {processor.py:829} INFO - Processing file /home/phuc/Practice/DataScience/DSProject/venv/lib/python3.10/site-packages/airflow/example_dags/example_branch_python_dop_operator_3.py for tasks to queue
[2023-12-17T08:06:03.462+0700] {logging_mixin.py:154} INFO - [2023-12-17T08:06:03.461+0700] {dagbag.py:536} INFO - Filling up the DagBag from /home/phuc/Practice/DataScience/DSProject/venv/lib/python3.10/site-packages/airflow/example_dags/example_branch_python_dop_operator_3.py
[2023-12-17T08:06:03.475+0700] {processor.py:839} INFO - DAG(s) dict_keys(['example_branch_dop_operator_v3']) retrieved from /home/phuc/Practice/DataScience/DSProject/venv/lib/python3.10/site-packages/airflow/example_dags/example_branch_python_dop_operator_3.py
[2023-12-17T08:06:03.488+0700] {logging_mixin.py:154} INFO - [2023-12-17T08:06:03.487+0700] {dag.py:2941} INFO - Sync 1 DAGs
[2023-12-17T08:06:03.505+0700] {logging_mixin.py:154} INFO - [2023-12-17T08:06:03.505+0700] {dag.py:3722} INFO - Setting next_dagrun for example_branch_dop_operator_v3 to 2023-12-17T01:05:00+00:00, run_after=2023-12-17T01:06:00+00:00
[2023-12-17T08:06:03.519+0700] {processor.py:179} INFO - Processing /home/phuc/Practice/DataScience/DSProject/venv/lib/python3.10/site-packages/airflow/example_dags/example_branch_python_dop_operator_3.py took 0.069 seconds
[2023-12-17T08:06:58.994+0700] {processor.py:157} INFO - Started process (PID=311852) to work on /home/phuc/Practice/DataScience/DSProject/venv/lib/python3.10/site-packages/airflow/example_dags/example_branch_python_dop_operator_3.py
[2023-12-17T08:06:59.001+0700] {processor.py:829} INFO - Processing file /home/phuc/Practice/DataScience/DSProject/venv/lib/python3.10/site-packages/airflow/example_dags/example_branch_python_dop_operator_3.py for tasks to queue
[2023-12-17T08:06:59.002+0700] {logging_mixin.py:154} INFO - [2023-12-17T08:06:59.001+0700] {dagbag.py:536} INFO - Filling up the DagBag from /home/phuc/Practice/DataScience/DSProject/venv/lib/python3.10/site-packages/airflow/example_dags/example_branch_python_dop_operator_3.py
[2023-12-17T08:06:59.012+0700] {processor.py:839} INFO - DAG(s) dict_keys(['example_branch_dop_operator_v3']) retrieved from /home/phuc/Practice/DataScience/DSProject/venv/lib/python3.10/site-packages/airflow/example_dags/example_branch_python_dop_operator_3.py
[2023-12-17T08:06:59.025+0700] {logging_mixin.py:154} INFO - [2023-12-17T08:06:59.024+0700] {dag.py:2941} INFO - Sync 1 DAGs
[2023-12-17T08:06:59.041+0700] {logging_mixin.py:154} INFO - [2023-12-17T08:06:59.040+0700] {dag.py:3722} INFO - Setting next_dagrun for example_branch_dop_operator_v3 to 2023-12-17T01:05:00+00:00, run_after=2023-12-17T01:06:00+00:00
[2023-12-17T08:06:59.058+0700] {processor.py:179} INFO - Processing /home/phuc/Practice/DataScience/DSProject/venv/lib/python3.10/site-packages/airflow/example_dags/example_branch_python_dop_operator_3.py took 0.067 seconds
[2023-12-17T08:08:53.042+0700] {processor.py:157} INFO - Started process (PID=313226) to work on /home/phuc/Practice/DataScience/DSProject/venv/lib/python3.10/site-packages/airflow/example_dags/example_branch_python_dop_operator_3.py
[2023-12-17T08:08:53.049+0700] {processor.py:829} INFO - Processing file /home/phuc/Practice/DataScience/DSProject/venv/lib/python3.10/site-packages/airflow/example_dags/example_branch_python_dop_operator_3.py for tasks to queue
[2023-12-17T08:08:53.051+0700] {logging_mixin.py:154} INFO - [2023-12-17T08:08:53.050+0700] {dagbag.py:536} INFO - Filling up the DagBag from /home/phuc/Practice/DataScience/DSProject/venv/lib/python3.10/site-packages/airflow/example_dags/example_branch_python_dop_operator_3.py
[2023-12-17T08:08:53.061+0700] {processor.py:839} INFO - DAG(s) dict_keys(['example_branch_dop_operator_v3']) retrieved from /home/phuc/Practice/DataScience/DSProject/venv/lib/python3.10/site-packages/airflow/example_dags/example_branch_python_dop_operator_3.py
[2023-12-17T08:08:53.073+0700] {logging_mixin.py:154} INFO - [2023-12-17T08:08:53.073+0700] {dag.py:2941} INFO - Sync 1 DAGs
[2023-12-17T08:08:53.088+0700] {logging_mixin.py:154} INFO - [2023-12-17T08:08:53.088+0700] {dag.py:3722} INFO - Setting next_dagrun for example_branch_dop_operator_v3 to 2023-12-17T01:07:00+00:00, run_after=2023-12-17T01:08:00+00:00
[2023-12-17T08:08:53.102+0700] {processor.py:179} INFO - Processing /home/phuc/Practice/DataScience/DSProject/venv/lib/python3.10/site-packages/airflow/example_dags/example_branch_python_dop_operator_3.py took 0.064 seconds
[2023-12-17T08:09:42.185+0700] {processor.py:157} INFO - Started process (PID=313565) to work on /home/phuc/Practice/DataScience/DSProject/venv/lib/python3.10/site-packages/airflow/example_dags/example_branch_python_dop_operator_3.py
[2023-12-17T08:09:42.192+0700] {processor.py:829} INFO - Processing file /home/phuc/Practice/DataScience/DSProject/venv/lib/python3.10/site-packages/airflow/example_dags/example_branch_python_dop_operator_3.py for tasks to queue
[2023-12-17T08:09:42.194+0700] {logging_mixin.py:154} INFO - [2023-12-17T08:09:42.193+0700] {dagbag.py:536} INFO - Filling up the DagBag from /home/phuc/Practice/DataScience/DSProject/venv/lib/python3.10/site-packages/airflow/example_dags/example_branch_python_dop_operator_3.py
[2023-12-17T08:09:42.205+0700] {processor.py:839} INFO - DAG(s) dict_keys(['example_branch_dop_operator_v3']) retrieved from /home/phuc/Practice/DataScience/DSProject/venv/lib/python3.10/site-packages/airflow/example_dags/example_branch_python_dop_operator_3.py
[2023-12-17T08:09:42.215+0700] {logging_mixin.py:154} INFO - [2023-12-17T08:09:42.215+0700] {dag.py:2941} INFO - Sync 1 DAGs
[2023-12-17T08:09:42.227+0700] {logging_mixin.py:154} INFO - [2023-12-17T08:09:42.227+0700] {dag.py:3722} INFO - Setting next_dagrun for example_branch_dop_operator_v3 to 2023-12-17T01:08:00+00:00, run_after=2023-12-17T01:09:00+00:00
[2023-12-17T08:09:42.238+0700] {processor.py:179} INFO - Processing /home/phuc/Practice/DataScience/DSProject/venv/lib/python3.10/site-packages/airflow/example_dags/example_branch_python_dop_operator_3.py took 0.057 seconds
[2023-12-17T08:10:32.386+0700] {processor.py:157} INFO - Started process (PID=313885) to work on /home/phuc/Practice/DataScience/DSProject/venv/lib/python3.10/site-packages/airflow/example_dags/example_branch_python_dop_operator_3.py
[2023-12-17T08:10:32.393+0700] {processor.py:829} INFO - Processing file /home/phuc/Practice/DataScience/DSProject/venv/lib/python3.10/site-packages/airflow/example_dags/example_branch_python_dop_operator_3.py for tasks to queue
[2023-12-17T08:10:32.394+0700] {logging_mixin.py:154} INFO - [2023-12-17T08:10:32.394+0700] {dagbag.py:536} INFO - Filling up the DagBag from /home/phuc/Practice/DataScience/DSProject/venv/lib/python3.10/site-packages/airflow/example_dags/example_branch_python_dop_operator_3.py
[2023-12-17T08:10:32.407+0700] {processor.py:839} INFO - DAG(s) dict_keys(['example_branch_dop_operator_v3']) retrieved from /home/phuc/Practice/DataScience/DSProject/venv/lib/python3.10/site-packages/airflow/example_dags/example_branch_python_dop_operator_3.py
[2023-12-17T08:10:32.419+0700] {logging_mixin.py:154} INFO - [2023-12-17T08:10:32.418+0700] {dag.py:2941} INFO - Sync 1 DAGs
[2023-12-17T08:10:32.432+0700] {logging_mixin.py:154} INFO - [2023-12-17T08:10:32.432+0700] {dag.py:3722} INFO - Setting next_dagrun for example_branch_dop_operator_v3 to 2023-12-17T01:09:00+00:00, run_after=2023-12-17T01:10:00+00:00
[2023-12-17T08:10:32.445+0700] {processor.py:179} INFO - Processing /home/phuc/Practice/DataScience/DSProject/venv/lib/python3.10/site-packages/airflow/example_dags/example_branch_python_dop_operator_3.py took 0.062 seconds
[2023-12-17T08:11:21.967+0700] {processor.py:157} INFO - Started process (PID=314103) to work on /home/phuc/Practice/DataScience/DSProject/venv/lib/python3.10/site-packages/airflow/example_dags/example_branch_python_dop_operator_3.py
[2023-12-17T08:11:21.973+0700] {processor.py:829} INFO - Processing file /home/phuc/Practice/DataScience/DSProject/venv/lib/python3.10/site-packages/airflow/example_dags/example_branch_python_dop_operator_3.py for tasks to queue
[2023-12-17T08:11:21.974+0700] {logging_mixin.py:154} INFO - [2023-12-17T08:11:21.974+0700] {dagbag.py:536} INFO - Filling up the DagBag from /home/phuc/Practice/DataScience/DSProject/venv/lib/python3.10/site-packages/airflow/example_dags/example_branch_python_dop_operator_3.py
[2023-12-17T08:11:21.982+0700] {processor.py:839} INFO - DAG(s) dict_keys(['example_branch_dop_operator_v3']) retrieved from /home/phuc/Practice/DataScience/DSProject/venv/lib/python3.10/site-packages/airflow/example_dags/example_branch_python_dop_operator_3.py
[2023-12-17T08:11:21.992+0700] {logging_mixin.py:154} INFO - [2023-12-17T08:11:21.992+0700] {dag.py:2941} INFO - Sync 1 DAGs
[2023-12-17T08:11:22.003+0700] {logging_mixin.py:154} INFO - [2023-12-17T08:11:22.003+0700] {dag.py:3722} INFO - Setting next_dagrun for example_branch_dop_operator_v3 to 2023-12-17T01:10:00+00:00, run_after=2023-12-17T01:11:00+00:00
[2023-12-17T08:11:22.015+0700] {processor.py:179} INFO - Processing /home/phuc/Practice/DataScience/DSProject/venv/lib/python3.10/site-packages/airflow/example_dags/example_branch_python_dop_operator_3.py took 0.050 seconds
[2023-12-17T08:12:11.562+0700] {processor.py:157} INFO - Started process (PID=314362) to work on /home/phuc/Practice/DataScience/DSProject/venv/lib/python3.10/site-packages/airflow/example_dags/example_branch_python_dop_operator_3.py
[2023-12-17T08:12:11.568+0700] {processor.py:829} INFO - Processing file /home/phuc/Practice/DataScience/DSProject/venv/lib/python3.10/site-packages/airflow/example_dags/example_branch_python_dop_operator_3.py for tasks to queue
[2023-12-17T08:12:11.570+0700] {logging_mixin.py:154} INFO - [2023-12-17T08:12:11.569+0700] {dagbag.py:536} INFO - Filling up the DagBag from /home/phuc/Practice/DataScience/DSProject/venv/lib/python3.10/site-packages/airflow/example_dags/example_branch_python_dop_operator_3.py
[2023-12-17T08:12:11.581+0700] {processor.py:839} INFO - DAG(s) dict_keys(['example_branch_dop_operator_v3']) retrieved from /home/phuc/Practice/DataScience/DSProject/venv/lib/python3.10/site-packages/airflow/example_dags/example_branch_python_dop_operator_3.py
[2023-12-17T08:12:11.593+0700] {logging_mixin.py:154} INFO - [2023-12-17T08:12:11.592+0700] {dag.py:2941} INFO - Sync 1 DAGs
[2023-12-17T08:12:11.605+0700] {logging_mixin.py:154} INFO - [2023-12-17T08:12:11.605+0700] {dag.py:3722} INFO - Setting next_dagrun for example_branch_dop_operator_v3 to 2023-12-17T01:11:00+00:00, run_after=2023-12-17T01:12:00+00:00
[2023-12-17T08:12:11.621+0700] {processor.py:179} INFO - Processing /home/phuc/Practice/DataScience/DSProject/venv/lib/python3.10/site-packages/airflow/example_dags/example_branch_python_dop_operator_3.py took 0.061 seconds
[2023-12-17T08:13:02.276+0700] {processor.py:157} INFO - Started process (PID=314587) to work on /home/phuc/Practice/DataScience/DSProject/venv/lib/python3.10/site-packages/airflow/example_dags/example_branch_python_dop_operator_3.py
[2023-12-17T08:13:02.277+0700] {processor.py:829} INFO - Processing file /home/phuc/Practice/DataScience/DSProject/venv/lib/python3.10/site-packages/airflow/example_dags/example_branch_python_dop_operator_3.py for tasks to queue
[2023-12-17T08:13:02.277+0700] {logging_mixin.py:154} INFO - [2023-12-17T08:13:02.277+0700] {dagbag.py:536} INFO - Filling up the DagBag from /home/phuc/Practice/DataScience/DSProject/venv/lib/python3.10/site-packages/airflow/example_dags/example_branch_python_dop_operator_3.py
[2023-12-17T08:13:02.283+0700] {processor.py:839} INFO - DAG(s) dict_keys(['example_branch_dop_operator_v3']) retrieved from /home/phuc/Practice/DataScience/DSProject/venv/lib/python3.10/site-packages/airflow/example_dags/example_branch_python_dop_operator_3.py
[2023-12-17T08:13:02.293+0700] {logging_mixin.py:154} INFO - [2023-12-17T08:13:02.293+0700] {dag.py:2941} INFO - Sync 1 DAGs
[2023-12-17T08:13:02.306+0700] {logging_mixin.py:154} INFO - [2023-12-17T08:13:02.306+0700] {dag.py:3722} INFO - Setting next_dagrun for example_branch_dop_operator_v3 to 2023-12-17T01:12:00+00:00, run_after=2023-12-17T01:13:00+00:00
[2023-12-17T08:13:02.318+0700] {processor.py:179} INFO - Processing /home/phuc/Practice/DataScience/DSProject/venv/lib/python3.10/site-packages/airflow/example_dags/example_branch_python_dop_operator_3.py took 0.044 seconds
[2023-12-17T08:13:47.312+0700] {processor.py:157} INFO - Started process (PID=314846) to work on /home/phuc/Practice/DataScience/DSProject/venv/lib/python3.10/site-packages/airflow/example_dags/example_branch_python_dop_operator_3.py
[2023-12-17T08:13:47.319+0700] {processor.py:829} INFO - Processing file /home/phuc/Practice/DataScience/DSProject/venv/lib/python3.10/site-packages/airflow/example_dags/example_branch_python_dop_operator_3.py for tasks to queue
[2023-12-17T08:13:47.321+0700] {logging_mixin.py:154} INFO - [2023-12-17T08:13:47.320+0700] {dagbag.py:536} INFO - Filling up the DagBag from /home/phuc/Practice/DataScience/DSProject/venv/lib/python3.10/site-packages/airflow/example_dags/example_branch_python_dop_operator_3.py
[2023-12-17T08:13:47.332+0700] {processor.py:839} INFO - DAG(s) dict_keys(['example_branch_dop_operator_v3']) retrieved from /home/phuc/Practice/DataScience/DSProject/venv/lib/python3.10/site-packages/airflow/example_dags/example_branch_python_dop_operator_3.py
[2023-12-17T08:13:47.342+0700] {logging_mixin.py:154} INFO - [2023-12-17T08:13:47.342+0700] {dag.py:2941} INFO - Sync 1 DAGs
[2023-12-17T08:13:47.353+0700] {logging_mixin.py:154} INFO - [2023-12-17T08:13:47.353+0700] {dag.py:3722} INFO - Setting next_dagrun for example_branch_dop_operator_v3 to 2023-12-17T01:12:00+00:00, run_after=2023-12-17T01:13:00+00:00
[2023-12-17T08:13:47.365+0700] {processor.py:179} INFO - Processing /home/phuc/Practice/DataScience/DSProject/venv/lib/python3.10/site-packages/airflow/example_dags/example_branch_python_dop_operator_3.py took 0.058 seconds
[2023-12-17T08:14:40.426+0700] {processor.py:157} INFO - Started process (PID=315071) to work on /home/phuc/Practice/DataScience/DSProject/venv/lib/python3.10/site-packages/airflow/example_dags/example_branch_python_dop_operator_3.py
[2023-12-17T08:14:40.433+0700] {processor.py:829} INFO - Processing file /home/phuc/Practice/DataScience/DSProject/venv/lib/python3.10/site-packages/airflow/example_dags/example_branch_python_dop_operator_3.py for tasks to queue
[2023-12-17T08:14:40.435+0700] {logging_mixin.py:154} INFO - [2023-12-17T08:14:40.434+0700] {dagbag.py:536} INFO - Filling up the DagBag from /home/phuc/Practice/DataScience/DSProject/venv/lib/python3.10/site-packages/airflow/example_dags/example_branch_python_dop_operator_3.py
[2023-12-17T08:14:40.447+0700] {processor.py:839} INFO - DAG(s) dict_keys(['example_branch_dop_operator_v3']) retrieved from /home/phuc/Practice/DataScience/DSProject/venv/lib/python3.10/site-packages/airflow/example_dags/example_branch_python_dop_operator_3.py
[2023-12-17T08:14:40.457+0700] {logging_mixin.py:154} INFO - [2023-12-17T08:14:40.457+0700] {dag.py:2941} INFO - Sync 1 DAGs
[2023-12-17T08:14:40.471+0700] {logging_mixin.py:154} INFO - [2023-12-17T08:14:40.471+0700] {dag.py:3722} INFO - Setting next_dagrun for example_branch_dop_operator_v3 to 2023-12-17T01:13:00+00:00, run_after=2023-12-17T01:14:00+00:00
[2023-12-17T08:14:40.483+0700] {processor.py:179} INFO - Processing /home/phuc/Practice/DataScience/DSProject/venv/lib/python3.10/site-packages/airflow/example_dags/example_branch_python_dop_operator_3.py took 0.059 seconds
[2023-12-17T08:15:34.404+0700] {processor.py:157} INFO - Started process (PID=315316) to work on /home/phuc/Practice/DataScience/DSProject/venv/lib/python3.10/site-packages/airflow/example_dags/example_branch_python_dop_operator_3.py
[2023-12-17T08:15:34.411+0700] {processor.py:829} INFO - Processing file /home/phuc/Practice/DataScience/DSProject/venv/lib/python3.10/site-packages/airflow/example_dags/example_branch_python_dop_operator_3.py for tasks to queue
[2023-12-17T08:15:34.412+0700] {logging_mixin.py:154} INFO - [2023-12-17T08:15:34.412+0700] {dagbag.py:536} INFO - Filling up the DagBag from /home/phuc/Practice/DataScience/DSProject/venv/lib/python3.10/site-packages/airflow/example_dags/example_branch_python_dop_operator_3.py
[2023-12-17T08:15:34.424+0700] {processor.py:839} INFO - DAG(s) dict_keys(['example_branch_dop_operator_v3']) retrieved from /home/phuc/Practice/DataScience/DSProject/venv/lib/python3.10/site-packages/airflow/example_dags/example_branch_python_dop_operator_3.py
[2023-12-17T08:15:34.434+0700] {logging_mixin.py:154} INFO - [2023-12-17T08:15:34.434+0700] {dag.py:2941} INFO - Sync 1 DAGs
[2023-12-17T08:15:34.446+0700] {logging_mixin.py:154} INFO - [2023-12-17T08:15:34.446+0700] {dag.py:3722} INFO - Setting next_dagrun for example_branch_dop_operator_v3 to 2023-12-17T01:14:00+00:00, run_after=2023-12-17T01:15:00+00:00
[2023-12-17T08:15:34.458+0700] {processor.py:179} INFO - Processing /home/phuc/Practice/DataScience/DSProject/venv/lib/python3.10/site-packages/airflow/example_dags/example_branch_python_dop_operator_3.py took 0.057 seconds
[2023-12-17T08:18:19.265+0700] {processor.py:157} INFO - Started process (PID=316526) to work on /home/phuc/Practice/DataScience/DSProject/venv/lib/python3.10/site-packages/airflow/example_dags/example_branch_python_dop_operator_3.py
[2023-12-17T08:18:19.272+0700] {processor.py:829} INFO - Processing file /home/phuc/Practice/DataScience/DSProject/venv/lib/python3.10/site-packages/airflow/example_dags/example_branch_python_dop_operator_3.py for tasks to queue
[2023-12-17T08:18:19.273+0700] {logging_mixin.py:154} INFO - [2023-12-17T08:18:19.273+0700] {dagbag.py:536} INFO - Filling up the DagBag from /home/phuc/Practice/DataScience/DSProject/venv/lib/python3.10/site-packages/airflow/example_dags/example_branch_python_dop_operator_3.py
[2023-12-17T08:18:19.285+0700] {processor.py:839} INFO - DAG(s) dict_keys(['example_branch_dop_operator_v3']) retrieved from /home/phuc/Practice/DataScience/DSProject/venv/lib/python3.10/site-packages/airflow/example_dags/example_branch_python_dop_operator_3.py
[2023-12-17T08:18:19.296+0700] {logging_mixin.py:154} INFO - [2023-12-17T08:18:19.295+0700] {dag.py:2941} INFO - Sync 1 DAGs
[2023-12-17T08:18:19.307+0700] {logging_mixin.py:154} INFO - [2023-12-17T08:18:19.307+0700] {dag.py:3722} INFO - Setting next_dagrun for example_branch_dop_operator_v3 to 2023-12-17T01:17:00+00:00, run_after=2023-12-17T01:18:00+00:00
[2023-12-17T08:18:19.319+0700] {processor.py:179} INFO - Processing /home/phuc/Practice/DataScience/DSProject/venv/lib/python3.10/site-packages/airflow/example_dags/example_branch_python_dop_operator_3.py took 0.056 seconds
[2023-12-17T08:19:11.842+0700] {processor.py:157} INFO - Started process (PID=317026) to work on /home/phuc/Practice/DataScience/DSProject/venv/lib/python3.10/site-packages/airflow/example_dags/example_branch_python_dop_operator_3.py
[2023-12-17T08:19:11.849+0700] {processor.py:829} INFO - Processing file /home/phuc/Practice/DataScience/DSProject/venv/lib/python3.10/site-packages/airflow/example_dags/example_branch_python_dop_operator_3.py for tasks to queue
[2023-12-17T08:19:11.850+0700] {logging_mixin.py:154} INFO - [2023-12-17T08:19:11.850+0700] {dagbag.py:536} INFO - Filling up the DagBag from /home/phuc/Practice/DataScience/DSProject/venv/lib/python3.10/site-packages/airflow/example_dags/example_branch_python_dop_operator_3.py
[2023-12-17T08:19:11.858+0700] {processor.py:839} INFO - DAG(s) dict_keys(['example_branch_dop_operator_v3']) retrieved from /home/phuc/Practice/DataScience/DSProject/venv/lib/python3.10/site-packages/airflow/example_dags/example_branch_python_dop_operator_3.py
[2023-12-17T08:19:11.870+0700] {logging_mixin.py:154} INFO - [2023-12-17T08:19:11.870+0700] {dag.py:2941} INFO - Sync 1 DAGs
[2023-12-17T08:19:11.887+0700] {logging_mixin.py:154} INFO - [2023-12-17T08:19:11.887+0700] {dag.py:3722} INFO - Setting next_dagrun for example_branch_dop_operator_v3 to 2023-12-17T01:18:00+00:00, run_after=2023-12-17T01:19:00+00:00
[2023-12-17T08:19:11.904+0700] {processor.py:179} INFO - Processing /home/phuc/Practice/DataScience/DSProject/venv/lib/python3.10/site-packages/airflow/example_dags/example_branch_python_dop_operator_3.py took 0.064 seconds
[2023-12-17T08:20:05.071+0700] {processor.py:157} INFO - Started process (PID=317606) to work on /home/phuc/Practice/DataScience/DSProject/venv/lib/python3.10/site-packages/airflow/example_dags/example_branch_python_dop_operator_3.py
[2023-12-17T08:20:05.078+0700] {processor.py:829} INFO - Processing file /home/phuc/Practice/DataScience/DSProject/venv/lib/python3.10/site-packages/airflow/example_dags/example_branch_python_dop_operator_3.py for tasks to queue
[2023-12-17T08:20:05.079+0700] {logging_mixin.py:154} INFO - [2023-12-17T08:20:05.078+0700] {dagbag.py:536} INFO - Filling up the DagBag from /home/phuc/Practice/DataScience/DSProject/venv/lib/python3.10/site-packages/airflow/example_dags/example_branch_python_dop_operator_3.py
[2023-12-17T08:20:05.085+0700] {processor.py:839} INFO - DAG(s) dict_keys(['example_branch_dop_operator_v3']) retrieved from /home/phuc/Practice/DataScience/DSProject/venv/lib/python3.10/site-packages/airflow/example_dags/example_branch_python_dop_operator_3.py
[2023-12-17T08:20:05.097+0700] {logging_mixin.py:154} INFO - [2023-12-17T08:20:05.097+0700] {dag.py:2941} INFO - Sync 1 DAGs
[2023-12-17T08:20:05.114+0700] {logging_mixin.py:154} INFO - [2023-12-17T08:20:05.114+0700] {dag.py:3722} INFO - Setting next_dagrun for example_branch_dop_operator_v3 to 2023-12-17T01:19:00+00:00, run_after=2023-12-17T01:20:00+00:00
[2023-12-17T08:20:05.133+0700] {processor.py:179} INFO - Processing /home/phuc/Practice/DataScience/DSProject/venv/lib/python3.10/site-packages/airflow/example_dags/example_branch_python_dop_operator_3.py took 0.065 seconds
[2023-12-17T08:23:19.231+0700] {processor.py:157} INFO - Started process (PID=319432) to work on /home/phuc/Practice/DataScience/DSProject/venv/lib/python3.10/site-packages/airflow/example_dags/example_branch_python_dop_operator_3.py
[2023-12-17T08:23:19.238+0700] {processor.py:829} INFO - Processing file /home/phuc/Practice/DataScience/DSProject/venv/lib/python3.10/site-packages/airflow/example_dags/example_branch_python_dop_operator_3.py for tasks to queue
[2023-12-17T08:23:19.239+0700] {logging_mixin.py:154} INFO - [2023-12-17T08:23:19.239+0700] {dagbag.py:536} INFO - Filling up the DagBag from /home/phuc/Practice/DataScience/DSProject/venv/lib/python3.10/site-packages/airflow/example_dags/example_branch_python_dop_operator_3.py
[2023-12-17T08:23:19.247+0700] {processor.py:839} INFO - DAG(s) dict_keys(['example_branch_dop_operator_v3']) retrieved from /home/phuc/Practice/DataScience/DSProject/venv/lib/python3.10/site-packages/airflow/example_dags/example_branch_python_dop_operator_3.py
[2023-12-17T08:23:19.261+0700] {logging_mixin.py:154} INFO - [2023-12-17T08:23:19.261+0700] {dag.py:2941} INFO - Sync 1 DAGs
[2023-12-17T08:23:19.280+0700] {logging_mixin.py:154} INFO - [2023-12-17T08:23:19.280+0700] {dag.py:3722} INFO - Setting next_dagrun for example_branch_dop_operator_v3 to 2023-12-17T01:22:00+00:00, run_after=2023-12-17T01:23:00+00:00
[2023-12-17T08:23:19.299+0700] {processor.py:179} INFO - Processing /home/phuc/Practice/DataScience/DSProject/venv/lib/python3.10/site-packages/airflow/example_dags/example_branch_python_dop_operator_3.py took 0.071 seconds
[2023-12-17T08:24:15.820+0700] {processor.py:157} INFO - Started process (PID=319770) to work on /home/phuc/Practice/DataScience/DSProject/venv/lib/python3.10/site-packages/airflow/example_dags/example_branch_python_dop_operator_3.py
[2023-12-17T08:24:15.827+0700] {processor.py:829} INFO - Processing file /home/phuc/Practice/DataScience/DSProject/venv/lib/python3.10/site-packages/airflow/example_dags/example_branch_python_dop_operator_3.py for tasks to queue
[2023-12-17T08:24:15.829+0700] {logging_mixin.py:154} INFO - [2023-12-17T08:24:15.828+0700] {dagbag.py:536} INFO - Filling up the DagBag from /home/phuc/Practice/DataScience/DSProject/venv/lib/python3.10/site-packages/airflow/example_dags/example_branch_python_dop_operator_3.py
[2023-12-17T08:24:15.841+0700] {processor.py:839} INFO - DAG(s) dict_keys(['example_branch_dop_operator_v3']) retrieved from /home/phuc/Practice/DataScience/DSProject/venv/lib/python3.10/site-packages/airflow/example_dags/example_branch_python_dop_operator_3.py
[2023-12-17T08:24:15.851+0700] {logging_mixin.py:154} INFO - [2023-12-17T08:24:15.851+0700] {dag.py:2941} INFO - Sync 1 DAGs
[2023-12-17T08:24:15.863+0700] {logging_mixin.py:154} INFO - [2023-12-17T08:24:15.863+0700] {dag.py:3722} INFO - Setting next_dagrun for example_branch_dop_operator_v3 to 2023-12-17T01:23:00+00:00, run_after=2023-12-17T01:24:00+00:00
[2023-12-17T08:24:15.874+0700] {processor.py:179} INFO - Processing /home/phuc/Practice/DataScience/DSProject/venv/lib/python3.10/site-packages/airflow/example_dags/example_branch_python_dop_operator_3.py took 0.059 seconds
[2023-12-17T08:25:11.290+0700] {processor.py:157} INFO - Started process (PID=320029) to work on /home/phuc/Practice/DataScience/DSProject/venv/lib/python3.10/site-packages/airflow/example_dags/example_branch_python_dop_operator_3.py
[2023-12-17T08:25:11.297+0700] {processor.py:829} INFO - Processing file /home/phuc/Practice/DataScience/DSProject/venv/lib/python3.10/site-packages/airflow/example_dags/example_branch_python_dop_operator_3.py for tasks to queue
[2023-12-17T08:25:11.298+0700] {logging_mixin.py:154} INFO - [2023-12-17T08:25:11.298+0700] {dagbag.py:536} INFO - Filling up the DagBag from /home/phuc/Practice/DataScience/DSProject/venv/lib/python3.10/site-packages/airflow/example_dags/example_branch_python_dop_operator_3.py
[2023-12-17T08:25:11.310+0700] {processor.py:839} INFO - DAG(s) dict_keys(['example_branch_dop_operator_v3']) retrieved from /home/phuc/Practice/DataScience/DSProject/venv/lib/python3.10/site-packages/airflow/example_dags/example_branch_python_dop_operator_3.py
[2023-12-17T08:25:11.320+0700] {logging_mixin.py:154} INFO - [2023-12-17T08:25:11.320+0700] {dag.py:2941} INFO - Sync 1 DAGs
[2023-12-17T08:25:11.333+0700] {logging_mixin.py:154} INFO - [2023-12-17T08:25:11.332+0700] {dag.py:3722} INFO - Setting next_dagrun for example_branch_dop_operator_v3 to 2023-12-17T01:24:00+00:00, run_after=2023-12-17T01:25:00+00:00
[2023-12-17T08:25:11.344+0700] {processor.py:179} INFO - Processing /home/phuc/Practice/DataScience/DSProject/venv/lib/python3.10/site-packages/airflow/example_dags/example_branch_python_dop_operator_3.py took 0.056 seconds
[2023-12-17T08:26:02.071+0700] {processor.py:157} INFO - Started process (PID=320252) to work on /home/phuc/Practice/DataScience/DSProject/venv/lib/python3.10/site-packages/airflow/example_dags/example_branch_python_dop_operator_3.py
[2023-12-17T08:26:02.079+0700] {processor.py:829} INFO - Processing file /home/phuc/Practice/DataScience/DSProject/venv/lib/python3.10/site-packages/airflow/example_dags/example_branch_python_dop_operator_3.py for tasks to queue
[2023-12-17T08:26:02.080+0700] {logging_mixin.py:154} INFO - [2023-12-17T08:26:02.079+0700] {dagbag.py:536} INFO - Filling up the DagBag from /home/phuc/Practice/DataScience/DSProject/venv/lib/python3.10/site-packages/airflow/example_dags/example_branch_python_dop_operator_3.py
[2023-12-17T08:26:02.090+0700] {processor.py:839} INFO - DAG(s) dict_keys(['example_branch_dop_operator_v3']) retrieved from /home/phuc/Practice/DataScience/DSProject/venv/lib/python3.10/site-packages/airflow/example_dags/example_branch_python_dop_operator_3.py
[2023-12-17T08:26:02.104+0700] {logging_mixin.py:154} INFO - [2023-12-17T08:26:02.104+0700] {dag.py:2941} INFO - Sync 1 DAGs
[2023-12-17T08:26:02.118+0700] {logging_mixin.py:154} INFO - [2023-12-17T08:26:02.117+0700] {dag.py:3722} INFO - Setting next_dagrun for example_branch_dop_operator_v3 to 2023-12-17T01:25:00+00:00, run_after=2023-12-17T01:26:00+00:00
[2023-12-17T08:26:02.129+0700] {processor.py:179} INFO - Processing /home/phuc/Practice/DataScience/DSProject/venv/lib/python3.10/site-packages/airflow/example_dags/example_branch_python_dop_operator_3.py took 0.062 seconds
[2023-12-17T08:26:52.437+0700] {processor.py:157} INFO - Started process (PID=320556) to work on /home/phuc/Practice/DataScience/DSProject/venv/lib/python3.10/site-packages/airflow/example_dags/example_branch_python_dop_operator_3.py
[2023-12-17T08:26:52.444+0700] {processor.py:829} INFO - Processing file /home/phuc/Practice/DataScience/DSProject/venv/lib/python3.10/site-packages/airflow/example_dags/example_branch_python_dop_operator_3.py for tasks to queue
[2023-12-17T08:26:52.445+0700] {logging_mixin.py:154} INFO - [2023-12-17T08:26:52.445+0700] {dagbag.py:536} INFO - Filling up the DagBag from /home/phuc/Practice/DataScience/DSProject/venv/lib/python3.10/site-packages/airflow/example_dags/example_branch_python_dop_operator_3.py
[2023-12-17T08:26:52.457+0700] {processor.py:839} INFO - DAG(s) dict_keys(['example_branch_dop_operator_v3']) retrieved from /home/phuc/Practice/DataScience/DSProject/venv/lib/python3.10/site-packages/airflow/example_dags/example_branch_python_dop_operator_3.py
[2023-12-17T08:26:52.467+0700] {logging_mixin.py:154} INFO - [2023-12-17T08:26:52.467+0700] {dag.py:2941} INFO - Sync 1 DAGs
[2023-12-17T08:26:52.482+0700] {logging_mixin.py:154} INFO - [2023-12-17T08:26:52.482+0700] {dag.py:3722} INFO - Setting next_dagrun for example_branch_dop_operator_v3 to 2023-12-17T01:25:00+00:00, run_after=2023-12-17T01:26:00+00:00
[2023-12-17T08:26:52.499+0700] {processor.py:179} INFO - Processing /home/phuc/Practice/DataScience/DSProject/venv/lib/python3.10/site-packages/airflow/example_dags/example_branch_python_dop_operator_3.py took 0.065 seconds
[2023-12-17T08:27:43.960+0700] {processor.py:157} INFO - Started process (PID=320779) to work on /home/phuc/Practice/DataScience/DSProject/venv/lib/python3.10/site-packages/airflow/example_dags/example_branch_python_dop_operator_3.py
[2023-12-17T08:27:43.961+0700] {processor.py:829} INFO - Processing file /home/phuc/Practice/DataScience/DSProject/venv/lib/python3.10/site-packages/airflow/example_dags/example_branch_python_dop_operator_3.py for tasks to queue
[2023-12-17T08:27:43.962+0700] {logging_mixin.py:154} INFO - [2023-12-17T08:27:43.961+0700] {dagbag.py:536} INFO - Filling up the DagBag from /home/phuc/Practice/DataScience/DSProject/venv/lib/python3.10/site-packages/airflow/example_dags/example_branch_python_dop_operator_3.py
[2023-12-17T08:27:43.968+0700] {processor.py:839} INFO - DAG(s) dict_keys(['example_branch_dop_operator_v3']) retrieved from /home/phuc/Practice/DataScience/DSProject/venv/lib/python3.10/site-packages/airflow/example_dags/example_branch_python_dop_operator_3.py
[2023-12-17T08:27:43.979+0700] {logging_mixin.py:154} INFO - [2023-12-17T08:27:43.978+0700] {dag.py:2941} INFO - Sync 1 DAGs
[2023-12-17T08:27:43.995+0700] {logging_mixin.py:154} INFO - [2023-12-17T08:27:43.995+0700] {dag.py:3722} INFO - Setting next_dagrun for example_branch_dop_operator_v3 to 2023-12-17T01:26:00+00:00, run_after=2023-12-17T01:27:00+00:00
[2023-12-17T08:27:44.011+0700] {processor.py:179} INFO - Processing /home/phuc/Practice/DataScience/DSProject/venv/lib/python3.10/site-packages/airflow/example_dags/example_branch_python_dop_operator_3.py took 0.053 seconds
[2023-12-17T08:28:32.352+0700] {processor.py:157} INFO - Started process (PID=320977) to work on /home/phuc/Practice/DataScience/DSProject/venv/lib/python3.10/site-packages/airflow/example_dags/example_branch_python_dop_operator_3.py
[2023-12-17T08:28:32.359+0700] {processor.py:829} INFO - Processing file /home/phuc/Practice/DataScience/DSProject/venv/lib/python3.10/site-packages/airflow/example_dags/example_branch_python_dop_operator_3.py for tasks to queue
[2023-12-17T08:28:32.360+0700] {logging_mixin.py:154} INFO - [2023-12-17T08:28:32.360+0700] {dagbag.py:536} INFO - Filling up the DagBag from /home/phuc/Practice/DataScience/DSProject/venv/lib/python3.10/site-packages/airflow/example_dags/example_branch_python_dop_operator_3.py
[2023-12-17T08:28:32.367+0700] {processor.py:839} INFO - DAG(s) dict_keys(['example_branch_dop_operator_v3']) retrieved from /home/phuc/Practice/DataScience/DSProject/venv/lib/python3.10/site-packages/airflow/example_dags/example_branch_python_dop_operator_3.py
[2023-12-17T08:28:32.376+0700] {logging_mixin.py:154} INFO - [2023-12-17T08:28:32.376+0700] {dag.py:2941} INFO - Sync 1 DAGs
[2023-12-17T08:28:32.388+0700] {logging_mixin.py:154} INFO - [2023-12-17T08:28:32.388+0700] {dag.py:3722} INFO - Setting next_dagrun for example_branch_dop_operator_v3 to 2023-12-17T01:27:00+00:00, run_after=2023-12-17T01:28:00+00:00
[2023-12-17T08:28:32.400+0700] {processor.py:179} INFO - Processing /home/phuc/Practice/DataScience/DSProject/venv/lib/python3.10/site-packages/airflow/example_dags/example_branch_python_dop_operator_3.py took 0.050 seconds
[2023-12-17T08:29:19.303+0700] {processor.py:157} INFO - Started process (PID=321183) to work on /home/phuc/Practice/DataScience/DSProject/venv/lib/python3.10/site-packages/airflow/example_dags/example_branch_python_dop_operator_3.py
[2023-12-17T08:29:19.304+0700] {processor.py:829} INFO - Processing file /home/phuc/Practice/DataScience/DSProject/venv/lib/python3.10/site-packages/airflow/example_dags/example_branch_python_dop_operator_3.py for tasks to queue
[2023-12-17T08:29:19.304+0700] {logging_mixin.py:154} INFO - [2023-12-17T08:29:19.304+0700] {dagbag.py:536} INFO - Filling up the DagBag from /home/phuc/Practice/DataScience/DSProject/venv/lib/python3.10/site-packages/airflow/example_dags/example_branch_python_dop_operator_3.py
[2023-12-17T08:29:19.309+0700] {processor.py:839} INFO - DAG(s) dict_keys(['example_branch_dop_operator_v3']) retrieved from /home/phuc/Practice/DataScience/DSProject/venv/lib/python3.10/site-packages/airflow/example_dags/example_branch_python_dop_operator_3.py
[2023-12-17T08:29:19.316+0700] {logging_mixin.py:154} INFO - [2023-12-17T08:29:19.316+0700] {dag.py:2941} INFO - Sync 1 DAGs
[2023-12-17T08:29:19.326+0700] {logging_mixin.py:154} INFO - [2023-12-17T08:29:19.326+0700] {dag.py:3722} INFO - Setting next_dagrun for example_branch_dop_operator_v3 to 2023-12-17T01:28:00+00:00, run_after=2023-12-17T01:29:00+00:00
[2023-12-17T08:29:19.335+0700] {processor.py:179} INFO - Processing /home/phuc/Practice/DataScience/DSProject/venv/lib/python3.10/site-packages/airflow/example_dags/example_branch_python_dop_operator_3.py took 0.035 seconds
[2023-12-17T08:30:10.749+0700] {processor.py:157} INFO - Started process (PID=321429) to work on /home/phuc/Practice/DataScience/DSProject/venv/lib/python3.10/site-packages/airflow/example_dags/example_branch_python_dop_operator_3.py
[2023-12-17T08:30:10.750+0700] {processor.py:829} INFO - Processing file /home/phuc/Practice/DataScience/DSProject/venv/lib/python3.10/site-packages/airflow/example_dags/example_branch_python_dop_operator_3.py for tasks to queue
[2023-12-17T08:30:10.751+0700] {logging_mixin.py:154} INFO - [2023-12-17T08:30:10.751+0700] {dagbag.py:536} INFO - Filling up the DagBag from /home/phuc/Practice/DataScience/DSProject/venv/lib/python3.10/site-packages/airflow/example_dags/example_branch_python_dop_operator_3.py
[2023-12-17T08:30:10.760+0700] {processor.py:839} INFO - DAG(s) dict_keys(['example_branch_dop_operator_v3']) retrieved from /home/phuc/Practice/DataScience/DSProject/venv/lib/python3.10/site-packages/airflow/example_dags/example_branch_python_dop_operator_3.py
[2023-12-17T08:30:10.769+0700] {logging_mixin.py:154} INFO - [2023-12-17T08:30:10.769+0700] {dag.py:2941} INFO - Sync 1 DAGs
[2023-12-17T08:30:10.779+0700] {logging_mixin.py:154} INFO - [2023-12-17T08:30:10.779+0700] {dag.py:3722} INFO - Setting next_dagrun for example_branch_dop_operator_v3 to 2023-12-17T01:29:00+00:00, run_after=2023-12-17T01:30:00+00:00
[2023-12-17T08:30:10.788+0700] {processor.py:179} INFO - Processing /home/phuc/Practice/DataScience/DSProject/venv/lib/python3.10/site-packages/airflow/example_dags/example_branch_python_dop_operator_3.py took 0.042 seconds
[2023-12-17T08:31:01.992+0700] {processor.py:157} INFO - Started process (PID=321694) to work on /home/phuc/Practice/DataScience/DSProject/venv/lib/python3.10/site-packages/airflow/example_dags/example_branch_python_dop_operator_3.py
[2023-12-17T08:31:01.993+0700] {processor.py:829} INFO - Processing file /home/phuc/Practice/DataScience/DSProject/venv/lib/python3.10/site-packages/airflow/example_dags/example_branch_python_dop_operator_3.py for tasks to queue
[2023-12-17T08:31:01.994+0700] {logging_mixin.py:154} INFO - [2023-12-17T08:31:01.994+0700] {dagbag.py:536} INFO - Filling up the DagBag from /home/phuc/Practice/DataScience/DSProject/venv/lib/python3.10/site-packages/airflow/example_dags/example_branch_python_dop_operator_3.py
[2023-12-17T08:31:02.000+0700] {processor.py:839} INFO - DAG(s) dict_keys(['example_branch_dop_operator_v3']) retrieved from /home/phuc/Practice/DataScience/DSProject/venv/lib/python3.10/site-packages/airflow/example_dags/example_branch_python_dop_operator_3.py
[2023-12-17T08:31:02.011+0700] {logging_mixin.py:154} INFO - [2023-12-17T08:31:02.011+0700] {dag.py:2941} INFO - Sync 1 DAGs
[2023-12-17T08:31:02.027+0700] {logging_mixin.py:154} INFO - [2023-12-17T08:31:02.027+0700] {dag.py:3722} INFO - Setting next_dagrun for example_branch_dop_operator_v3 to 2023-12-17T01:30:00+00:00, run_after=2023-12-17T01:31:00+00:00
[2023-12-17T08:31:02.044+0700] {processor.py:179} INFO - Processing /home/phuc/Practice/DataScience/DSProject/venv/lib/python3.10/site-packages/airflow/example_dags/example_branch_python_dop_operator_3.py took 0.055 seconds
[2023-12-17T08:31:55.112+0700] {processor.py:157} INFO - Started process (PID=322111) to work on /home/phuc/Practice/DataScience/DSProject/venv/lib/python3.10/site-packages/airflow/example_dags/example_branch_python_dop_operator_3.py
[2023-12-17T08:31:55.118+0700] {processor.py:829} INFO - Processing file /home/phuc/Practice/DataScience/DSProject/venv/lib/python3.10/site-packages/airflow/example_dags/example_branch_python_dop_operator_3.py for tasks to queue
[2023-12-17T08:31:55.119+0700] {logging_mixin.py:154} INFO - [2023-12-17T08:31:55.119+0700] {dagbag.py:536} INFO - Filling up the DagBag from /home/phuc/Practice/DataScience/DSProject/venv/lib/python3.10/site-packages/airflow/example_dags/example_branch_python_dop_operator_3.py
[2023-12-17T08:31:55.123+0700] {processor.py:839} INFO - DAG(s) dict_keys(['example_branch_dop_operator_v3']) retrieved from /home/phuc/Practice/DataScience/DSProject/venv/lib/python3.10/site-packages/airflow/example_dags/example_branch_python_dop_operator_3.py
[2023-12-17T08:31:55.132+0700] {logging_mixin.py:154} INFO - [2023-12-17T08:31:55.131+0700] {dag.py:2941} INFO - Sync 1 DAGs
[2023-12-17T08:31:55.143+0700] {logging_mixin.py:154} INFO - [2023-12-17T08:31:55.143+0700] {dag.py:3722} INFO - Setting next_dagrun for example_branch_dop_operator_v3 to 2023-12-17T01:30:00+00:00, run_after=2023-12-17T01:31:00+00:00
[2023-12-17T08:31:55.153+0700] {processor.py:179} INFO - Processing /home/phuc/Practice/DataScience/DSProject/venv/lib/python3.10/site-packages/airflow/example_dags/example_branch_python_dop_operator_3.py took 0.043 seconds
[2023-12-17T08:33:04.767+0700] {processor.py:157} INFO - Started process (PID=323081) to work on /home/phuc/Practice/DataScience/DSProject/venv/lib/python3.10/site-packages/airflow/example_dags/example_branch_python_dop_operator_3.py
[2023-12-17T08:33:04.774+0700] {processor.py:829} INFO - Processing file /home/phuc/Practice/DataScience/DSProject/venv/lib/python3.10/site-packages/airflow/example_dags/example_branch_python_dop_operator_3.py for tasks to queue
[2023-12-17T08:33:04.775+0700] {logging_mixin.py:154} INFO - [2023-12-17T08:33:04.775+0700] {dagbag.py:536} INFO - Filling up the DagBag from /home/phuc/Practice/DataScience/DSProject/venv/lib/python3.10/site-packages/airflow/example_dags/example_branch_python_dop_operator_3.py
[2023-12-17T08:33:04.788+0700] {processor.py:839} INFO - DAG(s) dict_keys(['example_branch_dop_operator_v3']) retrieved from /home/phuc/Practice/DataScience/DSProject/venv/lib/python3.10/site-packages/airflow/example_dags/example_branch_python_dop_operator_3.py
[2023-12-17T08:33:04.798+0700] {logging_mixin.py:154} INFO - [2023-12-17T08:33:04.798+0700] {dag.py:2941} INFO - Sync 1 DAGs
[2023-12-17T08:33:04.809+0700] {logging_mixin.py:154} INFO - [2023-12-17T08:33:04.808+0700] {dag.py:3722} INFO - Setting next_dagrun for example_branch_dop_operator_v3 to 2023-12-17T01:32:00+00:00, run_after=2023-12-17T01:33:00+00:00
[2023-12-17T08:33:04.818+0700] {processor.py:179} INFO - Processing /home/phuc/Practice/DataScience/DSProject/venv/lib/python3.10/site-packages/airflow/example_dags/example_branch_python_dop_operator_3.py took 0.056 seconds
[2023-12-17T08:33:52.671+0700] {processor.py:157} INFO - Started process (PID=323304) to work on /home/phuc/Practice/DataScience/DSProject/venv/lib/python3.10/site-packages/airflow/example_dags/example_branch_python_dop_operator_3.py
[2023-12-17T08:33:52.678+0700] {processor.py:829} INFO - Processing file /home/phuc/Practice/DataScience/DSProject/venv/lib/python3.10/site-packages/airflow/example_dags/example_branch_python_dop_operator_3.py for tasks to queue
[2023-12-17T08:33:52.680+0700] {logging_mixin.py:154} INFO - [2023-12-17T08:33:52.679+0700] {dagbag.py:536} INFO - Filling up the DagBag from /home/phuc/Practice/DataScience/DSProject/venv/lib/python3.10/site-packages/airflow/example_dags/example_branch_python_dop_operator_3.py
[2023-12-17T08:33:52.691+0700] {processor.py:839} INFO - DAG(s) dict_keys(['example_branch_dop_operator_v3']) retrieved from /home/phuc/Practice/DataScience/DSProject/venv/lib/python3.10/site-packages/airflow/example_dags/example_branch_python_dop_operator_3.py
[2023-12-17T08:33:52.701+0700] {logging_mixin.py:154} INFO - [2023-12-17T08:33:52.701+0700] {dag.py:2941} INFO - Sync 1 DAGs
[2023-12-17T08:33:52.712+0700] {logging_mixin.py:154} INFO - [2023-12-17T08:33:52.712+0700] {dag.py:3722} INFO - Setting next_dagrun for example_branch_dop_operator_v3 to 2023-12-17T01:32:00+00:00, run_after=2023-12-17T01:33:00+00:00
[2023-12-17T08:33:52.722+0700] {processor.py:179} INFO - Processing /home/phuc/Practice/DataScience/DSProject/venv/lib/python3.10/site-packages/airflow/example_dags/example_branch_python_dop_operator_3.py took 0.053 seconds
[2023-12-17T08:34:48.064+0700] {processor.py:157} INFO - Started process (PID=323825) to work on /home/phuc/Practice/DataScience/DSProject/venv/lib/python3.10/site-packages/airflow/example_dags/example_branch_python_dop_operator_3.py
[2023-12-17T08:34:48.071+0700] {processor.py:829} INFO - Processing file /home/phuc/Practice/DataScience/DSProject/venv/lib/python3.10/site-packages/airflow/example_dags/example_branch_python_dop_operator_3.py for tasks to queue
[2023-12-17T08:34:48.072+0700] {logging_mixin.py:154} INFO - [2023-12-17T08:34:48.071+0700] {dagbag.py:536} INFO - Filling up the DagBag from /home/phuc/Practice/DataScience/DSProject/venv/lib/python3.10/site-packages/airflow/example_dags/example_branch_python_dop_operator_3.py
[2023-12-17T08:34:48.076+0700] {processor.py:839} INFO - DAG(s) dict_keys(['example_branch_dop_operator_v3']) retrieved from /home/phuc/Practice/DataScience/DSProject/venv/lib/python3.10/site-packages/airflow/example_dags/example_branch_python_dop_operator_3.py
[2023-12-17T08:34:48.086+0700] {logging_mixin.py:154} INFO - [2023-12-17T08:34:48.085+0700] {dag.py:2941} INFO - Sync 1 DAGs
[2023-12-17T08:34:48.097+0700] {logging_mixin.py:154} INFO - [2023-12-17T08:34:48.097+0700] {dag.py:3722} INFO - Setting next_dagrun for example_branch_dop_operator_v3 to 2023-12-17T01:33:00+00:00, run_after=2023-12-17T01:34:00+00:00
[2023-12-17T08:34:48.108+0700] {processor.py:179} INFO - Processing /home/phuc/Practice/DataScience/DSProject/venv/lib/python3.10/site-packages/airflow/example_dags/example_branch_python_dop_operator_3.py took 0.046 seconds
[2023-12-17T08:35:43.190+0700] {processor.py:157} INFO - Started process (PID=324259) to work on /home/phuc/Practice/DataScience/DSProject/venv/lib/python3.10/site-packages/airflow/example_dags/example_branch_python_dop_operator_3.py
[2023-12-17T08:35:43.197+0700] {processor.py:829} INFO - Processing file /home/phuc/Practice/DataScience/DSProject/venv/lib/python3.10/site-packages/airflow/example_dags/example_branch_python_dop_operator_3.py for tasks to queue
[2023-12-17T08:35:43.199+0700] {logging_mixin.py:154} INFO - [2023-12-17T08:35:43.198+0700] {dagbag.py:536} INFO - Filling up the DagBag from /home/phuc/Practice/DataScience/DSProject/venv/lib/python3.10/site-packages/airflow/example_dags/example_branch_python_dop_operator_3.py
[2023-12-17T08:35:43.209+0700] {processor.py:839} INFO - DAG(s) dict_keys(['example_branch_dop_operator_v3']) retrieved from /home/phuc/Practice/DataScience/DSProject/venv/lib/python3.10/site-packages/airflow/example_dags/example_branch_python_dop_operator_3.py
[2023-12-17T08:35:43.218+0700] {logging_mixin.py:154} INFO - [2023-12-17T08:35:43.218+0700] {dag.py:2941} INFO - Sync 1 DAGs
[2023-12-17T08:35:43.229+0700] {logging_mixin.py:154} INFO - [2023-12-17T08:35:43.228+0700] {dag.py:3722} INFO - Setting next_dagrun for example_branch_dop_operator_v3 to 2023-12-17T01:34:00+00:00, run_after=2023-12-17T01:35:00+00:00
[2023-12-17T08:35:43.238+0700] {processor.py:179} INFO - Processing /home/phuc/Practice/DataScience/DSProject/venv/lib/python3.10/site-packages/airflow/example_dags/example_branch_python_dop_operator_3.py took 0.052 seconds
