[2023-12-17T08:03:21.211+0700] {processor.py:157} INFO - Started process (PID=309731) to work on /home/phuc/Practice/DataScience/DSProject/venv/lib/python3.10/site-packages/airflow/example_dags/example_latest_only_with_trigger.py
[2023-12-17T08:03:21.212+0700] {processor.py:829} INFO - Processing file /home/phuc/Practice/DataScience/DSProject/venv/lib/python3.10/site-packages/airflow/example_dags/example_latest_only_with_trigger.py for tasks to queue
[2023-12-17T08:03:21.213+0700] {logging_mixin.py:154} INFO - [2023-12-17T08:03:21.212+0700] {dagbag.py:536} INFO - Filling up the DagBag from /home/phuc/Practice/DataScience/DSProject/venv/lib/python3.10/site-packages/airflow/example_dags/example_latest_only_with_trigger.py
[2023-12-17T08:03:21.220+0700] {processor.py:839} INFO - DAG(s) dict_keys(['latest_only_with_trigger']) retrieved from /home/phuc/Practice/DataScience/DSProject/venv/lib/python3.10/site-packages/airflow/example_dags/example_latest_only_with_trigger.py
[2023-12-17T08:03:21.292+0700] {logging_mixin.py:154} INFO - [2023-12-17T08:03:21.292+0700] {manager.py:499} INFO - Created Permission View: %s
[2023-12-17T08:03:21.300+0700] {logging_mixin.py:154} INFO - [2023-12-17T08:03:21.300+0700] {manager.py:499} INFO - Created Permission View: %s
[2023-12-17T08:03:21.307+0700] {logging_mixin.py:154} INFO - [2023-12-17T08:03:21.307+0700] {manager.py:499} INFO - Created Permission View: %s
[2023-12-17T08:03:21.308+0700] {logging_mixin.py:154} INFO - [2023-12-17T08:03:21.308+0700] {dag.py:2941} INFO - Sync 1 DAGs
[2023-12-17T08:03:21.317+0700] {logging_mixin.py:154} INFO - [2023-12-17T08:03:21.317+0700] {dag.py:2963} INFO - Creating ORM DAG for latest_only_with_trigger
[2023-12-17T08:03:21.324+0700] {logging_mixin.py:154} INFO - [2023-12-17T08:03:21.324+0700] {dag.py:3722} INFO - Setting next_dagrun for latest_only_with_trigger to 2023-12-16T21:03:21.324444+00:00, run_after=2023-12-17T01:03:21.324444+00:00
[2023-12-17T08:03:21.343+0700] {processor.py:179} INFO - Processing /home/phuc/Practice/DataScience/DSProject/venv/lib/python3.10/site-packages/airflow/example_dags/example_latest_only_with_trigger.py took 0.134 seconds
[2023-12-17T08:05:35.992+0700] {processor.py:157} INFO - Started process (PID=310963) to work on /home/phuc/Practice/DataScience/DSProject/venv/lib/python3.10/site-packages/airflow/example_dags/example_latest_only_with_trigger.py
[2023-12-17T08:05:35.999+0700] {processor.py:829} INFO - Processing file /home/phuc/Practice/DataScience/DSProject/venv/lib/python3.10/site-packages/airflow/example_dags/example_latest_only_with_trigger.py for tasks to queue
[2023-12-17T08:05:35.999+0700] {logging_mixin.py:154} INFO - [2023-12-17T08:05:35.999+0700] {dagbag.py:536} INFO - Filling up the DagBag from /home/phuc/Practice/DataScience/DSProject/venv/lib/python3.10/site-packages/airflow/example_dags/example_latest_only_with_trigger.py
[2023-12-17T08:05:36.005+0700] {processor.py:839} INFO - DAG(s) dict_keys(['latest_only_with_trigger']) retrieved from /home/phuc/Practice/DataScience/DSProject/venv/lib/python3.10/site-packages/airflow/example_dags/example_latest_only_with_trigger.py
[2023-12-17T08:05:36.018+0700] {logging_mixin.py:154} INFO - [2023-12-17T08:05:36.017+0700] {dag.py:2941} INFO - Sync 1 DAGs
[2023-12-17T08:05:36.029+0700] {logging_mixin.py:154} INFO - [2023-12-17T08:05:36.029+0700] {dag.py:3722} INFO - Setting next_dagrun for latest_only_with_trigger to 2023-12-16T21:05:36.029205+00:00, run_after=2023-12-17T01:05:36.029205+00:00
[2023-12-17T08:05:36.043+0700] {processor.py:179} INFO - Processing /home/phuc/Practice/DataScience/DSProject/venv/lib/python3.10/site-packages/airflow/example_dags/example_latest_only_with_trigger.py took 0.053 seconds
[2023-12-17T08:06:24.062+0700] {processor.py:157} INFO - Started process (PID=311483) to work on /home/phuc/Practice/DataScience/DSProject/venv/lib/python3.10/site-packages/airflow/example_dags/example_latest_only_with_trigger.py
[2023-12-17T08:06:24.068+0700] {processor.py:829} INFO - Processing file /home/phuc/Practice/DataScience/DSProject/venv/lib/python3.10/site-packages/airflow/example_dags/example_latest_only_with_trigger.py for tasks to queue
[2023-12-17T08:06:24.069+0700] {logging_mixin.py:154} INFO - [2023-12-17T08:06:24.069+0700] {dagbag.py:536} INFO - Filling up the DagBag from /home/phuc/Practice/DataScience/DSProject/venv/lib/python3.10/site-packages/airflow/example_dags/example_latest_only_with_trigger.py
[2023-12-17T08:06:24.075+0700] {processor.py:839} INFO - DAG(s) dict_keys(['latest_only_with_trigger']) retrieved from /home/phuc/Practice/DataScience/DSProject/venv/lib/python3.10/site-packages/airflow/example_dags/example_latest_only_with_trigger.py
[2023-12-17T08:06:24.086+0700] {logging_mixin.py:154} INFO - [2023-12-17T08:06:24.086+0700] {dag.py:2941} INFO - Sync 1 DAGs
[2023-12-17T08:06:24.099+0700] {logging_mixin.py:154} INFO - [2023-12-17T08:06:24.098+0700] {dag.py:3722} INFO - Setting next_dagrun for latest_only_with_trigger to 2023-12-16T21:06:24.098679+00:00, run_after=2023-12-17T01:06:24.098679+00:00
[2023-12-17T08:06:24.114+0700] {processor.py:179} INFO - Processing /home/phuc/Practice/DataScience/DSProject/venv/lib/python3.10/site-packages/airflow/example_dags/example_latest_only_with_trigger.py took 0.055 seconds
[2023-12-17T08:07:10.463+0700] {processor.py:157} INFO - Started process (PID=311971) to work on /home/phuc/Practice/DataScience/DSProject/venv/lib/python3.10/site-packages/airflow/example_dags/example_latest_only_with_trigger.py
[2023-12-17T08:07:10.464+0700] {processor.py:829} INFO - Processing file /home/phuc/Practice/DataScience/DSProject/venv/lib/python3.10/site-packages/airflow/example_dags/example_latest_only_with_trigger.py for tasks to queue
[2023-12-17T08:07:10.465+0700] {logging_mixin.py:154} INFO - [2023-12-17T08:07:10.465+0700] {dagbag.py:536} INFO - Filling up the DagBag from /home/phuc/Practice/DataScience/DSProject/venv/lib/python3.10/site-packages/airflow/example_dags/example_latest_only_with_trigger.py
[2023-12-17T08:07:10.470+0700] {processor.py:839} INFO - DAG(s) dict_keys(['latest_only_with_trigger']) retrieved from /home/phuc/Practice/DataScience/DSProject/venv/lib/python3.10/site-packages/airflow/example_dags/example_latest_only_with_trigger.py
[2023-12-17T08:07:10.481+0700] {logging_mixin.py:154} INFO - [2023-12-17T08:07:10.481+0700] {dag.py:2941} INFO - Sync 1 DAGs
[2023-12-17T08:07:10.494+0700] {logging_mixin.py:154} INFO - [2023-12-17T08:07:10.494+0700] {dag.py:3722} INFO - Setting next_dagrun for latest_only_with_trigger to 2023-12-16T21:07:10.494196+00:00, run_after=2023-12-17T01:07:10.494196+00:00
[2023-12-17T08:07:10.511+0700] {processor.py:179} INFO - Processing /home/phuc/Practice/DataScience/DSProject/venv/lib/python3.10/site-packages/airflow/example_dags/example_latest_only_with_trigger.py took 0.049 seconds
[2023-12-17T08:08:33.504+0700] {processor.py:157} INFO - Started process (PID=313109) to work on /home/phuc/Practice/DataScience/DSProject/venv/lib/python3.10/site-packages/airflow/example_dags/example_latest_only_with_trigger.py
[2023-12-17T08:08:33.511+0700] {processor.py:829} INFO - Processing file /home/phuc/Practice/DataScience/DSProject/venv/lib/python3.10/site-packages/airflow/example_dags/example_latest_only_with_trigger.py for tasks to queue
[2023-12-17T08:08:33.512+0700] {logging_mixin.py:154} INFO - [2023-12-17T08:08:33.511+0700] {dagbag.py:536} INFO - Filling up the DagBag from /home/phuc/Practice/DataScience/DSProject/venv/lib/python3.10/site-packages/airflow/example_dags/example_latest_only_with_trigger.py
[2023-12-17T08:08:33.517+0700] {processor.py:839} INFO - DAG(s) dict_keys(['latest_only_with_trigger']) retrieved from /home/phuc/Practice/DataScience/DSProject/venv/lib/python3.10/site-packages/airflow/example_dags/example_latest_only_with_trigger.py
[2023-12-17T08:08:33.527+0700] {logging_mixin.py:154} INFO - [2023-12-17T08:08:33.527+0700] {dag.py:2941} INFO - Sync 1 DAGs
[2023-12-17T08:08:33.536+0700] {logging_mixin.py:154} INFO - [2023-12-17T08:08:33.536+0700] {dag.py:3722} INFO - Setting next_dagrun for latest_only_with_trigger to 2023-12-16T21:08:33.536440+00:00, run_after=2023-12-17T01:08:33.536440+00:00
[2023-12-17T08:08:33.548+0700] {processor.py:179} INFO - Processing /home/phuc/Practice/DataScience/DSProject/venv/lib/python3.10/site-packages/airflow/example_dags/example_latest_only_with_trigger.py took 0.046 seconds
[2023-12-17T08:09:20.259+0700] {processor.py:157} INFO - Started process (PID=313427) to work on /home/phuc/Practice/DataScience/DSProject/venv/lib/python3.10/site-packages/airflow/example_dags/example_latest_only_with_trigger.py
[2023-12-17T08:09:20.266+0700] {processor.py:829} INFO - Processing file /home/phuc/Practice/DataScience/DSProject/venv/lib/python3.10/site-packages/airflow/example_dags/example_latest_only_with_trigger.py for tasks to queue
[2023-12-17T08:09:20.267+0700] {logging_mixin.py:154} INFO - [2023-12-17T08:09:20.267+0700] {dagbag.py:536} INFO - Filling up the DagBag from /home/phuc/Practice/DataScience/DSProject/venv/lib/python3.10/site-packages/airflow/example_dags/example_latest_only_with_trigger.py
[2023-12-17T08:09:20.277+0700] {processor.py:839} INFO - DAG(s) dict_keys(['latest_only_with_trigger']) retrieved from /home/phuc/Practice/DataScience/DSProject/venv/lib/python3.10/site-packages/airflow/example_dags/example_latest_only_with_trigger.py
[2023-12-17T08:09:20.289+0700] {logging_mixin.py:154} INFO - [2023-12-17T08:09:20.289+0700] {dag.py:2941} INFO - Sync 1 DAGs
[2023-12-17T08:09:20.298+0700] {logging_mixin.py:154} INFO - [2023-12-17T08:09:20.298+0700] {dag.py:3722} INFO - Setting next_dagrun for latest_only_with_trigger to 2023-12-16T21:09:20.298042+00:00, run_after=2023-12-17T01:09:20.298042+00:00
[2023-12-17T08:09:20.309+0700] {processor.py:179} INFO - Processing /home/phuc/Practice/DataScience/DSProject/venv/lib/python3.10/site-packages/airflow/example_dags/example_latest_only_with_trigger.py took 0.054 seconds
[2023-12-17T08:10:07.939+0700] {processor.py:157} INFO - Started process (PID=313794) to work on /home/phuc/Practice/DataScience/DSProject/venv/lib/python3.10/site-packages/airflow/example_dags/example_latest_only_with_trigger.py
[2023-12-17T08:10:07.946+0700] {processor.py:829} INFO - Processing file /home/phuc/Practice/DataScience/DSProject/venv/lib/python3.10/site-packages/airflow/example_dags/example_latest_only_with_trigger.py for tasks to queue
[2023-12-17T08:10:07.948+0700] {logging_mixin.py:154} INFO - [2023-12-17T08:10:07.947+0700] {dagbag.py:536} INFO - Filling up the DagBag from /home/phuc/Practice/DataScience/DSProject/venv/lib/python3.10/site-packages/airflow/example_dags/example_latest_only_with_trigger.py
[2023-12-17T08:10:07.958+0700] {processor.py:839} INFO - DAG(s) dict_keys(['latest_only_with_trigger']) retrieved from /home/phuc/Practice/DataScience/DSProject/venv/lib/python3.10/site-packages/airflow/example_dags/example_latest_only_with_trigger.py
[2023-12-17T08:10:07.969+0700] {logging_mixin.py:154} INFO - [2023-12-17T08:10:07.969+0700] {dag.py:2941} INFO - Sync 1 DAGs
[2023-12-17T08:10:07.978+0700] {logging_mixin.py:154} INFO - [2023-12-17T08:10:07.978+0700] {dag.py:3722} INFO - Setting next_dagrun for latest_only_with_trigger to 2023-12-16T21:10:07.978358+00:00, run_after=2023-12-17T01:10:07.978358+00:00
[2023-12-17T08:10:07.990+0700] {processor.py:179} INFO - Processing /home/phuc/Practice/DataScience/DSProject/venv/lib/python3.10/site-packages/airflow/example_dags/example_latest_only_with_trigger.py took 0.053 seconds
[2023-12-17T08:10:59.139+0700] {processor.py:157} INFO - Started process (PID=314011) to work on /home/phuc/Practice/DataScience/DSProject/venv/lib/python3.10/site-packages/airflow/example_dags/example_latest_only_with_trigger.py
[2023-12-17T08:10:59.146+0700] {processor.py:829} INFO - Processing file /home/phuc/Practice/DataScience/DSProject/venv/lib/python3.10/site-packages/airflow/example_dags/example_latest_only_with_trigger.py for tasks to queue
[2023-12-17T08:10:59.147+0700] {logging_mixin.py:154} INFO - [2023-12-17T08:10:59.146+0700] {dagbag.py:536} INFO - Filling up the DagBag from /home/phuc/Practice/DataScience/DSProject/venv/lib/python3.10/site-packages/airflow/example_dags/example_latest_only_with_trigger.py
[2023-12-17T08:10:59.157+0700] {processor.py:839} INFO - DAG(s) dict_keys(['latest_only_with_trigger']) retrieved from /home/phuc/Practice/DataScience/DSProject/venv/lib/python3.10/site-packages/airflow/example_dags/example_latest_only_with_trigger.py
[2023-12-17T08:10:59.169+0700] {logging_mixin.py:154} INFO - [2023-12-17T08:10:59.169+0700] {dag.py:2941} INFO - Sync 1 DAGs
[2023-12-17T08:10:59.178+0700] {logging_mixin.py:154} INFO - [2023-12-17T08:10:59.178+0700] {dag.py:3722} INFO - Setting next_dagrun for latest_only_with_trigger to 2023-12-16T21:10:59.178123+00:00, run_after=2023-12-17T01:10:59.178123+00:00
[2023-12-17T08:10:59.190+0700] {processor.py:179} INFO - Processing /home/phuc/Practice/DataScience/DSProject/venv/lib/python3.10/site-packages/airflow/example_dags/example_latest_only_with_trigger.py took 0.054 seconds
[2023-12-17T08:11:46.634+0700] {processor.py:157} INFO - Started process (PID=314242) to work on /home/phuc/Practice/DataScience/DSProject/venv/lib/python3.10/site-packages/airflow/example_dags/example_latest_only_with_trigger.py
[2023-12-17T08:11:46.641+0700] {processor.py:829} INFO - Processing file /home/phuc/Practice/DataScience/DSProject/venv/lib/python3.10/site-packages/airflow/example_dags/example_latest_only_with_trigger.py for tasks to queue
[2023-12-17T08:11:46.642+0700] {logging_mixin.py:154} INFO - [2023-12-17T08:11:46.642+0700] {dagbag.py:536} INFO - Filling up the DagBag from /home/phuc/Practice/DataScience/DSProject/venv/lib/python3.10/site-packages/airflow/example_dags/example_latest_only_with_trigger.py
[2023-12-17T08:11:46.651+0700] {processor.py:839} INFO - DAG(s) dict_keys(['latest_only_with_trigger']) retrieved from /home/phuc/Practice/DataScience/DSProject/venv/lib/python3.10/site-packages/airflow/example_dags/example_latest_only_with_trigger.py
[2023-12-17T08:11:46.662+0700] {logging_mixin.py:154} INFO - [2023-12-17T08:11:46.662+0700] {dag.py:2941} INFO - Sync 1 DAGs
[2023-12-17T08:11:46.671+0700] {logging_mixin.py:154} INFO - [2023-12-17T08:11:46.671+0700] {dag.py:3722} INFO - Setting next_dagrun for latest_only_with_trigger to 2023-12-16T21:11:46.670989+00:00, run_after=2023-12-17T01:11:46.670989+00:00
[2023-12-17T08:11:46.682+0700] {processor.py:179} INFO - Processing /home/phuc/Practice/DataScience/DSProject/venv/lib/python3.10/site-packages/airflow/example_dags/example_latest_only_with_trigger.py took 0.052 seconds
[2023-12-17T08:12:39.279+0700] {processor.py:157} INFO - Started process (PID=314478) to work on /home/phuc/Practice/DataScience/DSProject/venv/lib/python3.10/site-packages/airflow/example_dags/example_latest_only_with_trigger.py
[2023-12-17T08:12:39.286+0700] {processor.py:829} INFO - Processing file /home/phuc/Practice/DataScience/DSProject/venv/lib/python3.10/site-packages/airflow/example_dags/example_latest_only_with_trigger.py for tasks to queue
[2023-12-17T08:12:39.286+0700] {logging_mixin.py:154} INFO - [2023-12-17T08:12:39.286+0700] {dagbag.py:536} INFO - Filling up the DagBag from /home/phuc/Practice/DataScience/DSProject/venv/lib/python3.10/site-packages/airflow/example_dags/example_latest_only_with_trigger.py
[2023-12-17T08:12:39.292+0700] {processor.py:839} INFO - DAG(s) dict_keys(['latest_only_with_trigger']) retrieved from /home/phuc/Practice/DataScience/DSProject/venv/lib/python3.10/site-packages/airflow/example_dags/example_latest_only_with_trigger.py
[2023-12-17T08:12:39.304+0700] {logging_mixin.py:154} INFO - [2023-12-17T08:12:39.304+0700] {dag.py:2941} INFO - Sync 1 DAGs
[2023-12-17T08:12:39.317+0700] {logging_mixin.py:154} INFO - [2023-12-17T08:12:39.317+0700] {dag.py:3722} INFO - Setting next_dagrun for latest_only_with_trigger to 2023-12-16T21:12:39.317460+00:00, run_after=2023-12-17T01:12:39.317460+00:00
[2023-12-17T08:12:39.334+0700] {processor.py:179} INFO - Processing /home/phuc/Practice/DataScience/DSProject/venv/lib/python3.10/site-packages/airflow/example_dags/example_latest_only_with_trigger.py took 0.058 seconds
[2023-12-17T08:13:22.564+0700] {processor.py:157} INFO - Started process (PID=314734) to work on /home/phuc/Practice/DataScience/DSProject/venv/lib/python3.10/site-packages/airflow/example_dags/example_latest_only_with_trigger.py
[2023-12-17T08:13:22.571+0700] {processor.py:829} INFO - Processing file /home/phuc/Practice/DataScience/DSProject/venv/lib/python3.10/site-packages/airflow/example_dags/example_latest_only_with_trigger.py for tasks to queue
[2023-12-17T08:13:22.573+0700] {logging_mixin.py:154} INFO - [2023-12-17T08:13:22.572+0700] {dagbag.py:536} INFO - Filling up the DagBag from /home/phuc/Practice/DataScience/DSProject/venv/lib/python3.10/site-packages/airflow/example_dags/example_latest_only_with_trigger.py
[2023-12-17T08:13:22.578+0700] {processor.py:839} INFO - DAG(s) dict_keys(['latest_only_with_trigger']) retrieved from /home/phuc/Practice/DataScience/DSProject/venv/lib/python3.10/site-packages/airflow/example_dags/example_latest_only_with_trigger.py
[2023-12-17T08:13:22.588+0700] {logging_mixin.py:154} INFO - [2023-12-17T08:13:22.587+0700] {dag.py:2941} INFO - Sync 1 DAGs
[2023-12-17T08:13:22.597+0700] {logging_mixin.py:154} INFO - [2023-12-17T08:13:22.597+0700] {dag.py:3722} INFO - Setting next_dagrun for latest_only_with_trigger to 2023-12-16T21:13:22.597386+00:00, run_after=2023-12-17T01:13:22.597386+00:00
[2023-12-17T08:13:22.613+0700] {processor.py:179} INFO - Processing /home/phuc/Practice/DataScience/DSProject/venv/lib/python3.10/site-packages/airflow/example_dags/example_latest_only_with_trigger.py took 0.053 seconds
[2023-12-17T08:14:13.277+0700] {processor.py:157} INFO - Started process (PID=314958) to work on /home/phuc/Practice/DataScience/DSProject/venv/lib/python3.10/site-packages/airflow/example_dags/example_latest_only_with_trigger.py
[2023-12-17T08:14:13.284+0700] {processor.py:829} INFO - Processing file /home/phuc/Practice/DataScience/DSProject/venv/lib/python3.10/site-packages/airflow/example_dags/example_latest_only_with_trigger.py for tasks to queue
[2023-12-17T08:14:13.286+0700] {logging_mixin.py:154} INFO - [2023-12-17T08:14:13.285+0700] {dagbag.py:536} INFO - Filling up the DagBag from /home/phuc/Practice/DataScience/DSProject/venv/lib/python3.10/site-packages/airflow/example_dags/example_latest_only_with_trigger.py
[2023-12-17T08:14:13.295+0700] {processor.py:839} INFO - DAG(s) dict_keys(['latest_only_with_trigger']) retrieved from /home/phuc/Practice/DataScience/DSProject/venv/lib/python3.10/site-packages/airflow/example_dags/example_latest_only_with_trigger.py
[2023-12-17T08:14:13.306+0700] {logging_mixin.py:154} INFO - [2023-12-17T08:14:13.306+0700] {dag.py:2941} INFO - Sync 1 DAGs
[2023-12-17T08:14:13.315+0700] {logging_mixin.py:154} INFO - [2023-12-17T08:14:13.315+0700] {dag.py:3722} INFO - Setting next_dagrun for latest_only_with_trigger to 2023-12-16T21:14:13.315537+00:00, run_after=2023-12-17T01:14:13.315537+00:00
[2023-12-17T08:14:13.327+0700] {processor.py:179} INFO - Processing /home/phuc/Practice/DataScience/DSProject/venv/lib/python3.10/site-packages/airflow/example_dags/example_latest_only_with_trigger.py took 0.052 seconds
[2023-12-17T08:15:08.446+0700] {processor.py:157} INFO - Started process (PID=315206) to work on /home/phuc/Practice/DataScience/DSProject/venv/lib/python3.10/site-packages/airflow/example_dags/example_latest_only_with_trigger.py
[2023-12-17T08:15:08.453+0700] {processor.py:829} INFO - Processing file /home/phuc/Practice/DataScience/DSProject/venv/lib/python3.10/site-packages/airflow/example_dags/example_latest_only_with_trigger.py for tasks to queue
[2023-12-17T08:15:08.455+0700] {logging_mixin.py:154} INFO - [2023-12-17T08:15:08.454+0700] {dagbag.py:536} INFO - Filling up the DagBag from /home/phuc/Practice/DataScience/DSProject/venv/lib/python3.10/site-packages/airflow/example_dags/example_latest_only_with_trigger.py
[2023-12-17T08:15:08.465+0700] {processor.py:839} INFO - DAG(s) dict_keys(['latest_only_with_trigger']) retrieved from /home/phuc/Practice/DataScience/DSProject/venv/lib/python3.10/site-packages/airflow/example_dags/example_latest_only_with_trigger.py
[2023-12-17T08:15:08.476+0700] {logging_mixin.py:154} INFO - [2023-12-17T08:15:08.476+0700] {dag.py:2941} INFO - Sync 1 DAGs
[2023-12-17T08:15:08.488+0700] {logging_mixin.py:154} INFO - [2023-12-17T08:15:08.488+0700] {dag.py:3722} INFO - Setting next_dagrun for latest_only_with_trigger to 2023-12-16T21:15:08.488525+00:00, run_after=2023-12-17T01:15:08.488525+00:00
[2023-12-17T08:15:08.501+0700] {processor.py:179} INFO - Processing /home/phuc/Practice/DataScience/DSProject/venv/lib/python3.10/site-packages/airflow/example_dags/example_latest_only_with_trigger.py took 0.058 seconds
[2023-12-17T08:15:58.871+0700] {processor.py:157} INFO - Started process (PID=315455) to work on /home/phuc/Practice/DataScience/DSProject/venv/lib/python3.10/site-packages/airflow/example_dags/example_latest_only_with_trigger.py
[2023-12-17T08:15:58.878+0700] {processor.py:829} INFO - Processing file /home/phuc/Practice/DataScience/DSProject/venv/lib/python3.10/site-packages/airflow/example_dags/example_latest_only_with_trigger.py for tasks to queue
[2023-12-17T08:15:58.878+0700] {logging_mixin.py:154} INFO - [2023-12-17T08:15:58.878+0700] {dagbag.py:536} INFO - Filling up the DagBag from /home/phuc/Practice/DataScience/DSProject/venv/lib/python3.10/site-packages/airflow/example_dags/example_latest_only_with_trigger.py
[2023-12-17T08:15:58.884+0700] {processor.py:839} INFO - DAG(s) dict_keys(['latest_only_with_trigger']) retrieved from /home/phuc/Practice/DataScience/DSProject/venv/lib/python3.10/site-packages/airflow/example_dags/example_latest_only_with_trigger.py
[2023-12-17T08:15:58.894+0700] {logging_mixin.py:154} INFO - [2023-12-17T08:15:58.894+0700] {dag.py:2941} INFO - Sync 1 DAGs
[2023-12-17T08:15:58.903+0700] {logging_mixin.py:154} INFO - [2023-12-17T08:15:58.903+0700] {dag.py:3722} INFO - Setting next_dagrun for latest_only_with_trigger to 2023-12-16T21:15:58.903073+00:00, run_after=2023-12-17T01:15:58.903073+00:00
[2023-12-17T08:15:58.915+0700] {processor.py:179} INFO - Processing /home/phuc/Practice/DataScience/DSProject/venv/lib/python3.10/site-packages/airflow/example_dags/example_latest_only_with_trigger.py took 0.046 seconds
[2023-12-17T08:17:52.481+0700] {processor.py:157} INFO - Started process (PID=316414) to work on /home/phuc/Practice/DataScience/DSProject/venv/lib/python3.10/site-packages/airflow/example_dags/example_latest_only_with_trigger.py
[2023-12-17T08:17:52.482+0700] {processor.py:829} INFO - Processing file /home/phuc/Practice/DataScience/DSProject/venv/lib/python3.10/site-packages/airflow/example_dags/example_latest_only_with_trigger.py for tasks to queue
[2023-12-17T08:17:52.482+0700] {logging_mixin.py:154} INFO - [2023-12-17T08:17:52.482+0700] {dagbag.py:536} INFO - Filling up the DagBag from /home/phuc/Practice/DataScience/DSProject/venv/lib/python3.10/site-packages/airflow/example_dags/example_latest_only_with_trigger.py
[2023-12-17T08:17:52.486+0700] {processor.py:839} INFO - DAG(s) dict_keys(['latest_only_with_trigger']) retrieved from /home/phuc/Practice/DataScience/DSProject/venv/lib/python3.10/site-packages/airflow/example_dags/example_latest_only_with_trigger.py
[2023-12-17T08:17:52.497+0700] {logging_mixin.py:154} INFO - [2023-12-17T08:17:52.497+0700] {dag.py:2941} INFO - Sync 1 DAGs
[2023-12-17T08:17:52.506+0700] {logging_mixin.py:154} INFO - [2023-12-17T08:17:52.506+0700] {dag.py:3722} INFO - Setting next_dagrun for latest_only_with_trigger to 2023-12-16T21:17:52.506603+00:00, run_after=2023-12-17T01:17:52.506603+00:00
[2023-12-17T08:17:52.518+0700] {processor.py:179} INFO - Processing /home/phuc/Practice/DataScience/DSProject/venv/lib/python3.10/site-packages/airflow/example_dags/example_latest_only_with_trigger.py took 0.040 seconds
[2023-12-17T08:18:37.584+0700] {processor.py:157} INFO - Started process (PID=316679) to work on /home/phuc/Practice/DataScience/DSProject/venv/lib/python3.10/site-packages/airflow/example_dags/example_latest_only_with_trigger.py
[2023-12-17T08:18:37.592+0700] {processor.py:829} INFO - Processing file /home/phuc/Practice/DataScience/DSProject/venv/lib/python3.10/site-packages/airflow/example_dags/example_latest_only_with_trigger.py for tasks to queue
[2023-12-17T08:18:37.593+0700] {logging_mixin.py:154} INFO - [2023-12-17T08:18:37.592+0700] {dagbag.py:536} INFO - Filling up the DagBag from /home/phuc/Practice/DataScience/DSProject/venv/lib/python3.10/site-packages/airflow/example_dags/example_latest_only_with_trigger.py
[2023-12-17T08:18:37.603+0700] {processor.py:839} INFO - DAG(s) dict_keys(['latest_only_with_trigger']) retrieved from /home/phuc/Practice/DataScience/DSProject/venv/lib/python3.10/site-packages/airflow/example_dags/example_latest_only_with_trigger.py
[2023-12-17T08:18:37.617+0700] {logging_mixin.py:154} INFO - [2023-12-17T08:18:37.617+0700] {dag.py:2941} INFO - Sync 1 DAGs
[2023-12-17T08:18:37.630+0700] {logging_mixin.py:154} INFO - [2023-12-17T08:18:37.630+0700] {dag.py:3722} INFO - Setting next_dagrun for latest_only_with_trigger to 2023-12-16T21:18:37.630520+00:00, run_after=2023-12-17T01:18:37.630520+00:00
[2023-12-17T08:18:37.646+0700] {processor.py:179} INFO - Processing /home/phuc/Practice/DataScience/DSProject/venv/lib/python3.10/site-packages/airflow/example_dags/example_latest_only_with_trigger.py took 0.067 seconds
[2023-12-17T08:19:27.623+0700] {processor.py:157} INFO - Started process (PID=317182) to work on /home/phuc/Practice/DataScience/DSProject/venv/lib/python3.10/site-packages/airflow/example_dags/example_latest_only_with_trigger.py
[2023-12-17T08:19:27.630+0700] {processor.py:829} INFO - Processing file /home/phuc/Practice/DataScience/DSProject/venv/lib/python3.10/site-packages/airflow/example_dags/example_latest_only_with_trigger.py for tasks to queue
[2023-12-17T08:19:27.632+0700] {logging_mixin.py:154} INFO - [2023-12-17T08:19:27.631+0700] {dagbag.py:536} INFO - Filling up the DagBag from /home/phuc/Practice/DataScience/DSProject/venv/lib/python3.10/site-packages/airflow/example_dags/example_latest_only_with_trigger.py
[2023-12-17T08:19:27.641+0700] {processor.py:839} INFO - DAG(s) dict_keys(['latest_only_with_trigger']) retrieved from /home/phuc/Practice/DataScience/DSProject/venv/lib/python3.10/site-packages/airflow/example_dags/example_latest_only_with_trigger.py
[2023-12-17T08:19:27.656+0700] {logging_mixin.py:154} INFO - [2023-12-17T08:19:27.656+0700] {dag.py:2941} INFO - Sync 1 DAGs
[2023-12-17T08:19:27.671+0700] {logging_mixin.py:154} INFO - [2023-12-17T08:19:27.671+0700] {dag.py:3722} INFO - Setting next_dagrun for latest_only_with_trigger to 2023-12-16T21:19:27.671249+00:00, run_after=2023-12-17T01:19:27.671249+00:00
[2023-12-17T08:19:27.689+0700] {processor.py:179} INFO - Processing /home/phuc/Practice/DataScience/DSProject/venv/lib/python3.10/site-packages/airflow/example_dags/example_latest_only_with_trigger.py took 0.069 seconds
[2023-12-17T08:20:19.381+0700] {processor.py:157} INFO - Started process (PID=317760) to work on /home/phuc/Practice/DataScience/DSProject/venv/lib/python3.10/site-packages/airflow/example_dags/example_latest_only_with_trigger.py
[2023-12-17T08:20:19.382+0700] {processor.py:829} INFO - Processing file /home/phuc/Practice/DataScience/DSProject/venv/lib/python3.10/site-packages/airflow/example_dags/example_latest_only_with_trigger.py for tasks to queue
[2023-12-17T08:20:19.382+0700] {logging_mixin.py:154} INFO - [2023-12-17T08:20:19.382+0700] {dagbag.py:536} INFO - Filling up the DagBag from /home/phuc/Practice/DataScience/DSProject/venv/lib/python3.10/site-packages/airflow/example_dags/example_latest_only_with_trigger.py
[2023-12-17T08:20:19.389+0700] {processor.py:839} INFO - DAG(s) dict_keys(['latest_only_with_trigger']) retrieved from /home/phuc/Practice/DataScience/DSProject/venv/lib/python3.10/site-packages/airflow/example_dags/example_latest_only_with_trigger.py
[2023-12-17T08:20:19.402+0700] {logging_mixin.py:154} INFO - [2023-12-17T08:20:19.401+0700] {dag.py:2941} INFO - Sync 1 DAGs
[2023-12-17T08:20:19.417+0700] {logging_mixin.py:154} INFO - [2023-12-17T08:20:19.417+0700] {dag.py:3722} INFO - Setting next_dagrun for latest_only_with_trigger to 2023-12-16T21:20:19.417387+00:00, run_after=2023-12-17T01:20:19.417387+00:00
[2023-12-17T08:20:19.435+0700] {processor.py:179} INFO - Processing /home/phuc/Practice/DataScience/DSProject/venv/lib/python3.10/site-packages/airflow/example_dags/example_latest_only_with_trigger.py took 0.057 seconds
[2023-12-17T08:22:01.904+0700] {processor.py:157} INFO - Started process (PID=318791) to work on /home/phuc/Practice/DataScience/DSProject/venv/lib/python3.10/site-packages/airflow/example_dags/example_latest_only_with_trigger.py
[2023-12-17T08:22:01.911+0700] {processor.py:829} INFO - Processing file /home/phuc/Practice/DataScience/DSProject/venv/lib/python3.10/site-packages/airflow/example_dags/example_latest_only_with_trigger.py for tasks to queue
[2023-12-17T08:22:01.912+0700] {logging_mixin.py:154} INFO - [2023-12-17T08:22:01.911+0700] {dagbag.py:536} INFO - Filling up the DagBag from /home/phuc/Practice/DataScience/DSProject/venv/lib/python3.10/site-packages/airflow/example_dags/example_latest_only_with_trigger.py
[2023-12-17T08:22:01.921+0700] {processor.py:839} INFO - DAG(s) dict_keys(['latest_only_with_trigger']) retrieved from /home/phuc/Practice/DataScience/DSProject/venv/lib/python3.10/site-packages/airflow/example_dags/example_latest_only_with_trigger.py
[2023-12-17T08:22:01.939+0700] {logging_mixin.py:154} INFO - [2023-12-17T08:22:01.939+0700] {dag.py:2941} INFO - Sync 1 DAGs
[2023-12-17T08:22:01.955+0700] {logging_mixin.py:154} INFO - [2023-12-17T08:22:01.955+0700] {dag.py:3722} INFO - Setting next_dagrun for latest_only_with_trigger to 2023-12-16T21:22:01.955260+00:00, run_after=2023-12-17T01:22:01.955260+00:00
[2023-12-17T08:22:01.975+0700] {processor.py:179} INFO - Processing /home/phuc/Practice/DataScience/DSProject/venv/lib/python3.10/site-packages/airflow/example_dags/example_latest_only_with_trigger.py took 0.074 seconds
[2023-12-17T08:23:39.244+0700] {processor.py:157} INFO - Started process (PID=319553) to work on /home/phuc/Practice/DataScience/DSProject/venv/lib/python3.10/site-packages/airflow/example_dags/example_latest_only_with_trigger.py
[2023-12-17T08:23:39.252+0700] {processor.py:829} INFO - Processing file /home/phuc/Practice/DataScience/DSProject/venv/lib/python3.10/site-packages/airflow/example_dags/example_latest_only_with_trigger.py for tasks to queue
[2023-12-17T08:23:39.253+0700] {logging_mixin.py:154} INFO - [2023-12-17T08:23:39.252+0700] {dagbag.py:536} INFO - Filling up the DagBag from /home/phuc/Practice/DataScience/DSProject/venv/lib/python3.10/site-packages/airflow/example_dags/example_latest_only_with_trigger.py
[2023-12-17T08:23:39.262+0700] {processor.py:839} INFO - DAG(s) dict_keys(['latest_only_with_trigger']) retrieved from /home/phuc/Practice/DataScience/DSProject/venv/lib/python3.10/site-packages/airflow/example_dags/example_latest_only_with_trigger.py
[2023-12-17T08:23:39.273+0700] {logging_mixin.py:154} INFO - [2023-12-17T08:23:39.273+0700] {dag.py:2941} INFO - Sync 1 DAGs
[2023-12-17T08:23:39.283+0700] {logging_mixin.py:154} INFO - [2023-12-17T08:23:39.283+0700] {dag.py:3722} INFO - Setting next_dagrun for latest_only_with_trigger to 2023-12-16T21:23:39.283150+00:00, run_after=2023-12-17T01:23:39.283150+00:00
[2023-12-17T08:23:39.296+0700] {processor.py:179} INFO - Processing /home/phuc/Practice/DataScience/DSProject/venv/lib/python3.10/site-packages/airflow/example_dags/example_latest_only_with_trigger.py took 0.056 seconds
[2023-12-17T08:24:25.850+0700] {processor.py:157} INFO - Started process (PID=319827) to work on /home/phuc/Practice/DataScience/DSProject/venv/lib/python3.10/site-packages/airflow/example_dags/example_latest_only_with_trigger.py
[2023-12-17T08:24:25.857+0700] {processor.py:829} INFO - Processing file /home/phuc/Practice/DataScience/DSProject/venv/lib/python3.10/site-packages/airflow/example_dags/example_latest_only_with_trigger.py for tasks to queue
[2023-12-17T08:24:25.858+0700] {logging_mixin.py:154} INFO - [2023-12-17T08:24:25.858+0700] {dagbag.py:536} INFO - Filling up the DagBag from /home/phuc/Practice/DataScience/DSProject/venv/lib/python3.10/site-packages/airflow/example_dags/example_latest_only_with_trigger.py
[2023-12-17T08:24:25.868+0700] {processor.py:839} INFO - DAG(s) dict_keys(['latest_only_with_trigger']) retrieved from /home/phuc/Practice/DataScience/DSProject/venv/lib/python3.10/site-packages/airflow/example_dags/example_latest_only_with_trigger.py
[2023-12-17T08:24:25.880+0700] {logging_mixin.py:154} INFO - [2023-12-17T08:24:25.880+0700] {dag.py:2941} INFO - Sync 1 DAGs
[2023-12-17T08:24:25.889+0700] {logging_mixin.py:154} INFO - [2023-12-17T08:24:25.889+0700] {dag.py:3722} INFO - Setting next_dagrun for latest_only_with_trigger to 2023-12-16T21:24:25.889583+00:00, run_after=2023-12-17T01:24:25.889583+00:00
[2023-12-17T08:24:25.902+0700] {processor.py:179} INFO - Processing /home/phuc/Practice/DataScience/DSProject/venv/lib/python3.10/site-packages/airflow/example_dags/example_latest_only_with_trigger.py took 0.054 seconds
[2023-12-17T08:25:19.869+0700] {processor.py:157} INFO - Started process (PID=320054) to work on /home/phuc/Practice/DataScience/DSProject/venv/lib/python3.10/site-packages/airflow/example_dags/example_latest_only_with_trigger.py
[2023-12-17T08:25:19.875+0700] {processor.py:829} INFO - Processing file /home/phuc/Practice/DataScience/DSProject/venv/lib/python3.10/site-packages/airflow/example_dags/example_latest_only_with_trigger.py for tasks to queue
[2023-12-17T08:25:19.877+0700] {logging_mixin.py:154} INFO - [2023-12-17T08:25:19.876+0700] {dagbag.py:536} INFO - Filling up the DagBag from /home/phuc/Practice/DataScience/DSProject/venv/lib/python3.10/site-packages/airflow/example_dags/example_latest_only_with_trigger.py
[2023-12-17T08:25:19.887+0700] {processor.py:839} INFO - DAG(s) dict_keys(['latest_only_with_trigger']) retrieved from /home/phuc/Practice/DataScience/DSProject/venv/lib/python3.10/site-packages/airflow/example_dags/example_latest_only_with_trigger.py
[2023-12-17T08:25:19.898+0700] {logging_mixin.py:154} INFO - [2023-12-17T08:25:19.898+0700] {dag.py:2941} INFO - Sync 1 DAGs
[2023-12-17T08:25:19.908+0700] {logging_mixin.py:154} INFO - [2023-12-17T08:25:19.907+0700] {dag.py:3722} INFO - Setting next_dagrun for latest_only_with_trigger to 2023-12-16T21:25:19.907819+00:00, run_after=2023-12-17T01:25:19.907819+00:00
[2023-12-17T08:25:19.919+0700] {processor.py:179} INFO - Processing /home/phuc/Practice/DataScience/DSProject/venv/lib/python3.10/site-packages/airflow/example_dags/example_latest_only_with_trigger.py took 0.054 seconds
[2023-12-17T08:26:07.135+0700] {processor.py:157} INFO - Started process (PID=320273) to work on /home/phuc/Practice/DataScience/DSProject/venv/lib/python3.10/site-packages/airflow/example_dags/example_latest_only_with_trigger.py
[2023-12-17T08:26:07.143+0700] {processor.py:829} INFO - Processing file /home/phuc/Practice/DataScience/DSProject/venv/lib/python3.10/site-packages/airflow/example_dags/example_latest_only_with_trigger.py for tasks to queue
[2023-12-17T08:26:07.144+0700] {logging_mixin.py:154} INFO - [2023-12-17T08:26:07.143+0700] {dagbag.py:536} INFO - Filling up the DagBag from /home/phuc/Practice/DataScience/DSProject/venv/lib/python3.10/site-packages/airflow/example_dags/example_latest_only_with_trigger.py
[2023-12-17T08:26:07.154+0700] {processor.py:839} INFO - DAG(s) dict_keys(['latest_only_with_trigger']) retrieved from /home/phuc/Practice/DataScience/DSProject/venv/lib/python3.10/site-packages/airflow/example_dags/example_latest_only_with_trigger.py
[2023-12-17T08:26:07.166+0700] {logging_mixin.py:154} INFO - [2023-12-17T08:26:07.165+0700] {dag.py:2941} INFO - Sync 1 DAGs
[2023-12-17T08:26:07.175+0700] {logging_mixin.py:154} INFO - [2023-12-17T08:26:07.175+0700] {dag.py:3722} INFO - Setting next_dagrun for latest_only_with_trigger to 2023-12-16T21:26:07.175606+00:00, run_after=2023-12-17T01:26:07.175606+00:00
[2023-12-17T08:26:07.187+0700] {processor.py:179} INFO - Processing /home/phuc/Practice/DataScience/DSProject/venv/lib/python3.10/site-packages/airflow/example_dags/example_latest_only_with_trigger.py took 0.054 seconds
[2023-12-17T08:26:47.720+0700] {processor.py:157} INFO - Started process (PID=320533) to work on /home/phuc/Practice/DataScience/DSProject/venv/lib/python3.10/site-packages/airflow/example_dags/example_latest_only_with_trigger.py
[2023-12-17T08:26:47.721+0700] {processor.py:829} INFO - Processing file /home/phuc/Practice/DataScience/DSProject/venv/lib/python3.10/site-packages/airflow/example_dags/example_latest_only_with_trigger.py for tasks to queue
[2023-12-17T08:26:47.721+0700] {logging_mixin.py:154} INFO - [2023-12-17T08:26:47.721+0700] {dagbag.py:536} INFO - Filling up the DagBag from /home/phuc/Practice/DataScience/DSProject/venv/lib/python3.10/site-packages/airflow/example_dags/example_latest_only_with_trigger.py
[2023-12-17T08:26:47.726+0700] {processor.py:839} INFO - DAG(s) dict_keys(['latest_only_with_trigger']) retrieved from /home/phuc/Practice/DataScience/DSProject/venv/lib/python3.10/site-packages/airflow/example_dags/example_latest_only_with_trigger.py
[2023-12-17T08:26:47.735+0700] {logging_mixin.py:154} INFO - [2023-12-17T08:26:47.735+0700] {dag.py:2941} INFO - Sync 1 DAGs
[2023-12-17T08:26:47.746+0700] {logging_mixin.py:154} INFO - [2023-12-17T08:26:47.746+0700] {dag.py:3722} INFO - Setting next_dagrun for latest_only_with_trigger to 2023-12-16T21:26:47.746378+00:00, run_after=2023-12-17T01:26:47.746378+00:00
[2023-12-17T08:26:47.757+0700] {processor.py:179} INFO - Processing /home/phuc/Practice/DataScience/DSProject/venv/lib/python3.10/site-packages/airflow/example_dags/example_latest_only_with_trigger.py took 0.039 seconds
[2023-12-17T08:27:39.490+0700] {processor.py:157} INFO - Started process (PID=320756) to work on /home/phuc/Practice/DataScience/DSProject/venv/lib/python3.10/site-packages/airflow/example_dags/example_latest_only_with_trigger.py
[2023-12-17T08:27:39.497+0700] {processor.py:829} INFO - Processing file /home/phuc/Practice/DataScience/DSProject/venv/lib/python3.10/site-packages/airflow/example_dags/example_latest_only_with_trigger.py for tasks to queue
[2023-12-17T08:27:39.498+0700] {logging_mixin.py:154} INFO - [2023-12-17T08:27:39.498+0700] {dagbag.py:536} INFO - Filling up the DagBag from /home/phuc/Practice/DataScience/DSProject/venv/lib/python3.10/site-packages/airflow/example_dags/example_latest_only_with_trigger.py
[2023-12-17T08:27:39.508+0700] {processor.py:839} INFO - DAG(s) dict_keys(['latest_only_with_trigger']) retrieved from /home/phuc/Practice/DataScience/DSProject/venv/lib/python3.10/site-packages/airflow/example_dags/example_latest_only_with_trigger.py
[2023-12-17T08:27:39.522+0700] {logging_mixin.py:154} INFO - [2023-12-17T08:27:39.521+0700] {dag.py:2941} INFO - Sync 1 DAGs
[2023-12-17T08:27:39.532+0700] {logging_mixin.py:154} INFO - [2023-12-17T08:27:39.532+0700] {dag.py:3722} INFO - Setting next_dagrun for latest_only_with_trigger to 2023-12-16T21:27:39.532256+00:00, run_after=2023-12-17T01:27:39.532256+00:00
[2023-12-17T08:27:39.545+0700] {processor.py:179} INFO - Processing /home/phuc/Practice/DataScience/DSProject/venv/lib/python3.10/site-packages/airflow/example_dags/example_latest_only_with_trigger.py took 0.060 seconds
[2023-12-17T08:28:26.813+0700] {processor.py:157} INFO - Started process (PID=320957) to work on /home/phuc/Practice/DataScience/DSProject/venv/lib/python3.10/site-packages/airflow/example_dags/example_latest_only_with_trigger.py
[2023-12-17T08:28:26.819+0700] {processor.py:829} INFO - Processing file /home/phuc/Practice/DataScience/DSProject/venv/lib/python3.10/site-packages/airflow/example_dags/example_latest_only_with_trigger.py for tasks to queue
[2023-12-17T08:28:26.820+0700] {logging_mixin.py:154} INFO - [2023-12-17T08:28:26.820+0700] {dagbag.py:536} INFO - Filling up the DagBag from /home/phuc/Practice/DataScience/DSProject/venv/lib/python3.10/site-packages/airflow/example_dags/example_latest_only_with_trigger.py
[2023-12-17T08:28:26.830+0700] {processor.py:839} INFO - DAG(s) dict_keys(['latest_only_with_trigger']) retrieved from /home/phuc/Practice/DataScience/DSProject/venv/lib/python3.10/site-packages/airflow/example_dags/example_latest_only_with_trigger.py
[2023-12-17T08:28:26.841+0700] {logging_mixin.py:154} INFO - [2023-12-17T08:28:26.841+0700] {dag.py:2941} INFO - Sync 1 DAGs
[2023-12-17T08:28:26.850+0700] {logging_mixin.py:154} INFO - [2023-12-17T08:28:26.850+0700] {dag.py:3722} INFO - Setting next_dagrun for latest_only_with_trigger to 2023-12-16T21:28:26.850729+00:00, run_after=2023-12-17T01:28:26.850729+00:00
[2023-12-17T08:28:26.862+0700] {processor.py:179} INFO - Processing /home/phuc/Practice/DataScience/DSProject/venv/lib/python3.10/site-packages/airflow/example_dags/example_latest_only_with_trigger.py took 0.053 seconds
[2023-12-17T08:29:14.162+0700] {processor.py:157} INFO - Started process (PID=321162) to work on /home/phuc/Practice/DataScience/DSProject/venv/lib/python3.10/site-packages/airflow/example_dags/example_latest_only_with_trigger.py
[2023-12-17T08:29:14.163+0700] {processor.py:829} INFO - Processing file /home/phuc/Practice/DataScience/DSProject/venv/lib/python3.10/site-packages/airflow/example_dags/example_latest_only_with_trigger.py for tasks to queue
[2023-12-17T08:29:14.163+0700] {logging_mixin.py:154} INFO - [2023-12-17T08:29:14.163+0700] {dagbag.py:536} INFO - Filling up the DagBag from /home/phuc/Practice/DataScience/DSProject/venv/lib/python3.10/site-packages/airflow/example_dags/example_latest_only_with_trigger.py
[2023-12-17T08:29:14.168+0700] {processor.py:839} INFO - DAG(s) dict_keys(['latest_only_with_trigger']) retrieved from /home/phuc/Practice/DataScience/DSProject/venv/lib/python3.10/site-packages/airflow/example_dags/example_latest_only_with_trigger.py
[2023-12-17T08:29:14.178+0700] {logging_mixin.py:154} INFO - [2023-12-17T08:29:14.178+0700] {dag.py:2941} INFO - Sync 1 DAGs
[2023-12-17T08:29:14.186+0700] {logging_mixin.py:154} INFO - [2023-12-17T08:29:14.186+0700] {dag.py:3722} INFO - Setting next_dagrun for latest_only_with_trigger to 2023-12-16T21:29:14.186502+00:00, run_after=2023-12-17T01:29:14.186502+00:00
[2023-12-17T08:29:14.196+0700] {processor.py:179} INFO - Processing /home/phuc/Practice/DataScience/DSProject/venv/lib/python3.10/site-packages/airflow/example_dags/example_latest_only_with_trigger.py took 0.037 seconds
[2023-12-17T08:30:05.608+0700] {processor.py:157} INFO - Started process (PID=321389) to work on /home/phuc/Practice/DataScience/DSProject/venv/lib/python3.10/site-packages/airflow/example_dags/example_latest_only_with_trigger.py
[2023-12-17T08:30:05.615+0700] {processor.py:829} INFO - Processing file /home/phuc/Practice/DataScience/DSProject/venv/lib/python3.10/site-packages/airflow/example_dags/example_latest_only_with_trigger.py for tasks to queue
[2023-12-17T08:30:05.616+0700] {logging_mixin.py:154} INFO - [2023-12-17T08:30:05.616+0700] {dagbag.py:536} INFO - Filling up the DagBag from /home/phuc/Practice/DataScience/DSProject/venv/lib/python3.10/site-packages/airflow/example_dags/example_latest_only_with_trigger.py
[2023-12-17T08:30:05.621+0700] {processor.py:839} INFO - DAG(s) dict_keys(['latest_only_with_trigger']) retrieved from /home/phuc/Practice/DataScience/DSProject/venv/lib/python3.10/site-packages/airflow/example_dags/example_latest_only_with_trigger.py
[2023-12-17T08:30:05.634+0700] {logging_mixin.py:154} INFO - [2023-12-17T08:30:05.633+0700] {dag.py:2941} INFO - Sync 1 DAGs
[2023-12-17T08:30:05.650+0700] {logging_mixin.py:154} INFO - [2023-12-17T08:30:05.650+0700] {dag.py:3722} INFO - Setting next_dagrun for latest_only_with_trigger to 2023-12-16T21:30:05.649885+00:00, run_after=2023-12-17T01:30:05.649885+00:00
[2023-12-17T08:30:05.668+0700] {processor.py:179} INFO - Processing /home/phuc/Practice/DataScience/DSProject/venv/lib/python3.10/site-packages/airflow/example_dags/example_latest_only_with_trigger.py took 0.062 seconds
[2023-12-17T08:30:56.986+0700] {processor.py:157} INFO - Started process (PID=321667) to work on /home/phuc/Practice/DataScience/DSProject/venv/lib/python3.10/site-packages/airflow/example_dags/example_latest_only_with_trigger.py
[2023-12-17T08:30:56.993+0700] {processor.py:829} INFO - Processing file /home/phuc/Practice/DataScience/DSProject/venv/lib/python3.10/site-packages/airflow/example_dags/example_latest_only_with_trigger.py for tasks to queue
[2023-12-17T08:30:56.994+0700] {logging_mixin.py:154} INFO - [2023-12-17T08:30:56.993+0700] {dagbag.py:536} INFO - Filling up the DagBag from /home/phuc/Practice/DataScience/DSProject/venv/lib/python3.10/site-packages/airflow/example_dags/example_latest_only_with_trigger.py
[2023-12-17T08:30:57.000+0700] {processor.py:839} INFO - DAG(s) dict_keys(['latest_only_with_trigger']) retrieved from /home/phuc/Practice/DataScience/DSProject/venv/lib/python3.10/site-packages/airflow/example_dags/example_latest_only_with_trigger.py
[2023-12-17T08:30:57.010+0700] {logging_mixin.py:154} INFO - [2023-12-17T08:30:57.009+0700] {dag.py:2941} INFO - Sync 1 DAGs
[2023-12-17T08:30:57.018+0700] {logging_mixin.py:154} INFO - [2023-12-17T08:30:57.018+0700] {dag.py:3722} INFO - Setting next_dagrun for latest_only_with_trigger to 2023-12-16T21:30:57.018097+00:00, run_after=2023-12-17T01:30:57.018097+00:00
[2023-12-17T08:30:57.027+0700] {processor.py:179} INFO - Processing /home/phuc/Practice/DataScience/DSProject/venv/lib/python3.10/site-packages/airflow/example_dags/example_latest_only_with_trigger.py took 0.043 seconds
[2023-12-17T08:31:49.314+0700] {processor.py:157} INFO - Started process (PID=322044) to work on /home/phuc/Practice/DataScience/DSProject/venv/lib/python3.10/site-packages/airflow/example_dags/example_latest_only_with_trigger.py
[2023-12-17T08:31:49.321+0700] {processor.py:829} INFO - Processing file /home/phuc/Practice/DataScience/DSProject/venv/lib/python3.10/site-packages/airflow/example_dags/example_latest_only_with_trigger.py for tasks to queue
[2023-12-17T08:31:49.322+0700] {logging_mixin.py:154} INFO - [2023-12-17T08:31:49.321+0700] {dagbag.py:536} INFO - Filling up the DagBag from /home/phuc/Practice/DataScience/DSProject/venv/lib/python3.10/site-packages/airflow/example_dags/example_latest_only_with_trigger.py
[2023-12-17T08:31:49.326+0700] {processor.py:839} INFO - DAG(s) dict_keys(['latest_only_with_trigger']) retrieved from /home/phuc/Practice/DataScience/DSProject/venv/lib/python3.10/site-packages/airflow/example_dags/example_latest_only_with_trigger.py
[2023-12-17T08:31:49.335+0700] {logging_mixin.py:154} INFO - [2023-12-17T08:31:49.335+0700] {dag.py:2941} INFO - Sync 1 DAGs
[2023-12-17T08:31:49.344+0700] {logging_mixin.py:154} INFO - [2023-12-17T08:31:49.344+0700] {dag.py:3722} INFO - Setting next_dagrun for latest_only_with_trigger to 2023-12-16T21:31:49.344383+00:00, run_after=2023-12-17T01:31:49.344383+00:00
[2023-12-17T08:31:49.356+0700] {processor.py:179} INFO - Processing /home/phuc/Practice/DataScience/DSProject/venv/lib/python3.10/site-packages/airflow/example_dags/example_latest_only_with_trigger.py took 0.043 seconds
[2023-12-17T08:32:52.057+0700] {processor.py:157} INFO - Started process (PID=323011) to work on /home/phuc/Practice/DataScience/DSProject/venv/lib/python3.10/site-packages/airflow/example_dags/example_latest_only_with_trigger.py
[2023-12-17T08:32:52.057+0700] {processor.py:829} INFO - Processing file /home/phuc/Practice/DataScience/DSProject/venv/lib/python3.10/site-packages/airflow/example_dags/example_latest_only_with_trigger.py for tasks to queue
[2023-12-17T08:32:52.058+0700] {logging_mixin.py:154} INFO - [2023-12-17T08:32:52.058+0700] {dagbag.py:536} INFO - Filling up the DagBag from /home/phuc/Practice/DataScience/DSProject/venv/lib/python3.10/site-packages/airflow/example_dags/example_latest_only_with_trigger.py
[2023-12-17T08:32:52.063+0700] {processor.py:839} INFO - DAG(s) dict_keys(['latest_only_with_trigger']) retrieved from /home/phuc/Practice/DataScience/DSProject/venv/lib/python3.10/site-packages/airflow/example_dags/example_latest_only_with_trigger.py
[2023-12-17T08:32:52.074+0700] {logging_mixin.py:154} INFO - [2023-12-17T08:32:52.073+0700] {dag.py:2941} INFO - Sync 1 DAGs
[2023-12-17T08:32:52.085+0700] {logging_mixin.py:154} INFO - [2023-12-17T08:32:52.085+0700] {dag.py:3722} INFO - Setting next_dagrun for latest_only_with_trigger to 2023-12-16T21:32:52.085438+00:00, run_after=2023-12-17T01:32:52.085438+00:00
[2023-12-17T08:32:52.098+0700] {processor.py:179} INFO - Processing /home/phuc/Practice/DataScience/DSProject/venv/lib/python3.10/site-packages/airflow/example_dags/example_latest_only_with_trigger.py took 0.044 seconds
[2023-12-17T08:33:37.207+0700] {processor.py:157} INFO - Started process (PID=323231) to work on /home/phuc/Practice/DataScience/DSProject/venv/lib/python3.10/site-packages/airflow/example_dags/example_latest_only_with_trigger.py
[2023-12-17T08:33:37.214+0700] {processor.py:829} INFO - Processing file /home/phuc/Practice/DataScience/DSProject/venv/lib/python3.10/site-packages/airflow/example_dags/example_latest_only_with_trigger.py for tasks to queue
[2023-12-17T08:33:37.215+0700] {logging_mixin.py:154} INFO - [2023-12-17T08:33:37.214+0700] {dagbag.py:536} INFO - Filling up the DagBag from /home/phuc/Practice/DataScience/DSProject/venv/lib/python3.10/site-packages/airflow/example_dags/example_latest_only_with_trigger.py
[2023-12-17T08:33:37.221+0700] {processor.py:839} INFO - DAG(s) dict_keys(['latest_only_with_trigger']) retrieved from /home/phuc/Practice/DataScience/DSProject/venv/lib/python3.10/site-packages/airflow/example_dags/example_latest_only_with_trigger.py
[2023-12-17T08:33:37.229+0700] {logging_mixin.py:154} INFO - [2023-12-17T08:33:37.229+0700] {dag.py:2941} INFO - Sync 1 DAGs
[2023-12-17T08:33:37.237+0700] {logging_mixin.py:154} INFO - [2023-12-17T08:33:37.236+0700] {dag.py:3722} INFO - Setting next_dagrun for latest_only_with_trigger to 2023-12-16T21:33:37.236869+00:00, run_after=2023-12-17T01:33:37.236869+00:00
[2023-12-17T08:33:37.246+0700] {processor.py:179} INFO - Processing /home/phuc/Practice/DataScience/DSProject/venv/lib/python3.10/site-packages/airflow/example_dags/example_latest_only_with_trigger.py took 0.041 seconds
[2023-12-17T08:34:23.469+0700] {processor.py:157} INFO - Started process (PID=323604) to work on /home/phuc/Practice/DataScience/DSProject/venv/lib/python3.10/site-packages/airflow/example_dags/example_latest_only_with_trigger.py
[2023-12-17T08:34:23.476+0700] {processor.py:829} INFO - Processing file /home/phuc/Practice/DataScience/DSProject/venv/lib/python3.10/site-packages/airflow/example_dags/example_latest_only_with_trigger.py for tasks to queue
[2023-12-17T08:34:23.478+0700] {logging_mixin.py:154} INFO - [2023-12-17T08:34:23.477+0700] {dagbag.py:536} INFO - Filling up the DagBag from /home/phuc/Practice/DataScience/DSProject/venv/lib/python3.10/site-packages/airflow/example_dags/example_latest_only_with_trigger.py
[2023-12-17T08:34:23.483+0700] {processor.py:839} INFO - DAG(s) dict_keys(['latest_only_with_trigger']) retrieved from /home/phuc/Practice/DataScience/DSProject/venv/lib/python3.10/site-packages/airflow/example_dags/example_latest_only_with_trigger.py
[2023-12-17T08:34:23.491+0700] {logging_mixin.py:154} INFO - [2023-12-17T08:34:23.491+0700] {dag.py:2941} INFO - Sync 1 DAGs
[2023-12-17T08:34:23.499+0700] {logging_mixin.py:154} INFO - [2023-12-17T08:34:23.499+0700] {dag.py:3722} INFO - Setting next_dagrun for latest_only_with_trigger to 2023-12-16T21:34:23.499471+00:00, run_after=2023-12-17T01:34:23.499471+00:00
[2023-12-17T08:34:23.508+0700] {processor.py:179} INFO - Processing /home/phuc/Practice/DataScience/DSProject/venv/lib/python3.10/site-packages/airflow/example_dags/example_latest_only_with_trigger.py took 0.041 seconds
[2023-12-17T08:35:17.677+0700] {processor.py:157} INFO - Started process (PID=324023) to work on /home/phuc/Practice/DataScience/DSProject/venv/lib/python3.10/site-packages/airflow/example_dags/example_latest_only_with_trigger.py
[2023-12-17T08:35:17.684+0700] {processor.py:829} INFO - Processing file /home/phuc/Practice/DataScience/DSProject/venv/lib/python3.10/site-packages/airflow/example_dags/example_latest_only_with_trigger.py for tasks to queue
[2023-12-17T08:35:17.685+0700] {logging_mixin.py:154} INFO - [2023-12-17T08:35:17.685+0700] {dagbag.py:536} INFO - Filling up the DagBag from /home/phuc/Practice/DataScience/DSProject/venv/lib/python3.10/site-packages/airflow/example_dags/example_latest_only_with_trigger.py
[2023-12-17T08:35:17.692+0700] {processor.py:839} INFO - DAG(s) dict_keys(['latest_only_with_trigger']) retrieved from /home/phuc/Practice/DataScience/DSProject/venv/lib/python3.10/site-packages/airflow/example_dags/example_latest_only_with_trigger.py
[2023-12-17T08:35:17.712+0700] {logging_mixin.py:154} INFO - [2023-12-17T08:35:17.711+0700] {dag.py:2941} INFO - Sync 1 DAGs
[2023-12-17T08:35:17.728+0700] {logging_mixin.py:154} INFO - [2023-12-17T08:35:17.728+0700] {dag.py:3722} INFO - Setting next_dagrun for latest_only_with_trigger to 2023-12-16T21:35:17.727717+00:00, run_after=2023-12-17T01:35:17.727717+00:00
[2023-12-17T08:35:17.746+0700] {processor.py:179} INFO - Processing /home/phuc/Practice/DataScience/DSProject/venv/lib/python3.10/site-packages/airflow/example_dags/example_latest_only_with_trigger.py took 0.073 seconds
