[2023-12-17T08:03:08.389+0700] {processor.py:157} INFO - Started process (PID=309600) to work on /home/phuc/Practice/DataScience/DSProject/venv/lib/python3.10/site-packages/airflow/example_dags/example_sensor_decorator.py
[2023-12-17T08:03:08.390+0700] {processor.py:829} INFO - Processing file /home/phuc/Practice/DataScience/DSProject/venv/lib/python3.10/site-packages/airflow/example_dags/example_sensor_decorator.py for tasks to queue
[2023-12-17T08:03:08.390+0700] {logging_mixin.py:154} INFO - [2023-12-17T08:03:08.390+0700] {dagbag.py:536} INFO - Filling up the DagBag from /home/phuc/Practice/DataScience/DSProject/venv/lib/python3.10/site-packages/airflow/example_dags/example_sensor_decorator.py
[2023-12-17T08:03:08.397+0700] {processor.py:839} INFO - DAG(s) dict_keys(['example_sensor_decorator']) retrieved from /home/phuc/Practice/DataScience/DSProject/venv/lib/python3.10/site-packages/airflow/example_dags/example_sensor_decorator.py
[2023-12-17T08:03:08.476+0700] {logging_mixin.py:154} INFO - [2023-12-17T08:03:08.476+0700] {manager.py:499} INFO - Created Permission View: %s
[2023-12-17T08:03:08.483+0700] {logging_mixin.py:154} INFO - [2023-12-17T08:03:08.483+0700] {manager.py:499} INFO - Created Permission View: %s
[2023-12-17T08:03:08.489+0700] {logging_mixin.py:154} INFO - [2023-12-17T08:03:08.489+0700] {manager.py:499} INFO - Created Permission View: %s
[2023-12-17T08:03:08.490+0700] {logging_mixin.py:154} INFO - [2023-12-17T08:03:08.489+0700] {dag.py:2941} INFO - Sync 1 DAGs
[2023-12-17T08:03:08.496+0700] {logging_mixin.py:154} INFO - [2023-12-17T08:03:08.496+0700] {dag.py:2963} INFO - Creating ORM DAG for example_sensor_decorator
[2023-12-17T08:03:08.497+0700] {logging_mixin.py:154} INFO - [2023-12-17T08:03:08.496+0700] {dag.py:3722} INFO - Setting next_dagrun for example_sensor_decorator to None, run_after=None
[2023-12-17T08:03:08.508+0700] {processor.py:179} INFO - Processing /home/phuc/Practice/DataScience/DSProject/venv/lib/python3.10/site-packages/airflow/example_dags/example_sensor_decorator.py took 0.122 seconds
[2023-12-17T08:05:24.756+0700] {processor.py:157} INFO - Started process (PID=310859) to work on /home/phuc/Practice/DataScience/DSProject/venv/lib/python3.10/site-packages/airflow/example_dags/example_sensor_decorator.py
[2023-12-17T08:05:24.763+0700] {processor.py:829} INFO - Processing file /home/phuc/Practice/DataScience/DSProject/venv/lib/python3.10/site-packages/airflow/example_dags/example_sensor_decorator.py for tasks to queue
[2023-12-17T08:05:24.764+0700] {logging_mixin.py:154} INFO - [2023-12-17T08:05:24.764+0700] {dagbag.py:536} INFO - Filling up the DagBag from /home/phuc/Practice/DataScience/DSProject/venv/lib/python3.10/site-packages/airflow/example_dags/example_sensor_decorator.py
[2023-12-17T08:05:24.769+0700] {processor.py:839} INFO - DAG(s) dict_keys(['example_sensor_decorator']) retrieved from /home/phuc/Practice/DataScience/DSProject/venv/lib/python3.10/site-packages/airflow/example_dags/example_sensor_decorator.py
[2023-12-17T08:05:24.784+0700] {logging_mixin.py:154} INFO - [2023-12-17T08:05:24.784+0700] {dag.py:2941} INFO - Sync 1 DAGs
[2023-12-17T08:05:24.791+0700] {logging_mixin.py:154} INFO - [2023-12-17T08:05:24.791+0700] {dag.py:3722} INFO - Setting next_dagrun for example_sensor_decorator to None, run_after=None
[2023-12-17T08:05:24.806+0700] {processor.py:179} INFO - Processing /home/phuc/Practice/DataScience/DSProject/venv/lib/python3.10/site-packages/airflow/example_dags/example_sensor_decorator.py took 0.053 seconds
[2023-12-17T08:06:12.611+0700] {processor.py:157} INFO - Started process (PID=311343) to work on /home/phuc/Practice/DataScience/DSProject/venv/lib/python3.10/site-packages/airflow/example_dags/example_sensor_decorator.py
[2023-12-17T08:06:12.612+0700] {processor.py:829} INFO - Processing file /home/phuc/Practice/DataScience/DSProject/venv/lib/python3.10/site-packages/airflow/example_dags/example_sensor_decorator.py for tasks to queue
[2023-12-17T08:06:12.613+0700] {logging_mixin.py:154} INFO - [2023-12-17T08:06:12.613+0700] {dagbag.py:536} INFO - Filling up the DagBag from /home/phuc/Practice/DataScience/DSProject/venv/lib/python3.10/site-packages/airflow/example_dags/example_sensor_decorator.py
[2023-12-17T08:06:12.617+0700] {processor.py:839} INFO - DAG(s) dict_keys(['example_sensor_decorator']) retrieved from /home/phuc/Practice/DataScience/DSProject/venv/lib/python3.10/site-packages/airflow/example_dags/example_sensor_decorator.py
[2023-12-17T08:06:12.630+0700] {logging_mixin.py:154} INFO - [2023-12-17T08:06:12.629+0700] {dag.py:2941} INFO - Sync 1 DAGs
[2023-12-17T08:06:12.638+0700] {logging_mixin.py:154} INFO - [2023-12-17T08:06:12.638+0700] {dag.py:3722} INFO - Setting next_dagrun for example_sensor_decorator to None, run_after=None
[2023-12-17T08:06:12.654+0700] {processor.py:179} INFO - Processing /home/phuc/Practice/DataScience/DSProject/venv/lib/python3.10/site-packages/airflow/example_dags/example_sensor_decorator.py took 0.044 seconds
[2023-12-17T08:06:49.835+0700] {processor.py:157} INFO - Started process (PID=311764) to work on /home/phuc/Practice/DataScience/DSProject/venv/lib/python3.10/site-packages/airflow/example_dags/example_sensor_decorator.py
[2023-12-17T08:06:49.842+0700] {processor.py:829} INFO - Processing file /home/phuc/Practice/DataScience/DSProject/venv/lib/python3.10/site-packages/airflow/example_dags/example_sensor_decorator.py for tasks to queue
[2023-12-17T08:06:49.844+0700] {logging_mixin.py:154} INFO - [2023-12-17T08:06:49.843+0700] {dagbag.py:536} INFO - Filling up the DagBag from /home/phuc/Practice/DataScience/DSProject/venv/lib/python3.10/site-packages/airflow/example_dags/example_sensor_decorator.py
[2023-12-17T08:06:49.852+0700] {processor.py:839} INFO - DAG(s) dict_keys(['example_sensor_decorator']) retrieved from /home/phuc/Practice/DataScience/DSProject/venv/lib/python3.10/site-packages/airflow/example_dags/example_sensor_decorator.py
[2023-12-17T08:06:49.864+0700] {logging_mixin.py:154} INFO - [2023-12-17T08:06:49.864+0700] {dag.py:2941} INFO - Sync 1 DAGs
[2023-12-17T08:06:49.872+0700] {logging_mixin.py:154} INFO - [2023-12-17T08:06:49.872+0700] {dag.py:3722} INFO - Setting next_dagrun for example_sensor_decorator to None, run_after=None
[2023-12-17T08:06:49.886+0700] {processor.py:179} INFO - Processing /home/phuc/Practice/DataScience/DSProject/venv/lib/python3.10/site-packages/airflow/example_dags/example_sensor_decorator.py took 0.056 seconds
[2023-12-17T08:08:23.029+0700] {processor.py:157} INFO - Started process (PID=313061) to work on /home/phuc/Practice/DataScience/DSProject/venv/lib/python3.10/site-packages/airflow/example_dags/example_sensor_decorator.py
[2023-12-17T08:08:23.036+0700] {processor.py:829} INFO - Processing file /home/phuc/Practice/DataScience/DSProject/venv/lib/python3.10/site-packages/airflow/example_dags/example_sensor_decorator.py for tasks to queue
[2023-12-17T08:08:23.037+0700] {logging_mixin.py:154} INFO - [2023-12-17T08:08:23.036+0700] {dagbag.py:536} INFO - Filling up the DagBag from /home/phuc/Practice/DataScience/DSProject/venv/lib/python3.10/site-packages/airflow/example_dags/example_sensor_decorator.py
[2023-12-17T08:08:23.046+0700] {processor.py:839} INFO - DAG(s) dict_keys(['example_sensor_decorator']) retrieved from /home/phuc/Practice/DataScience/DSProject/venv/lib/python3.10/site-packages/airflow/example_dags/example_sensor_decorator.py
[2023-12-17T08:08:23.058+0700] {logging_mixin.py:154} INFO - [2023-12-17T08:08:23.058+0700] {dag.py:2941} INFO - Sync 1 DAGs
[2023-12-17T08:08:23.064+0700] {logging_mixin.py:154} INFO - [2023-12-17T08:08:23.064+0700] {dag.py:3722} INFO - Setting next_dagrun for example_sensor_decorator to None, run_after=None
[2023-12-17T08:08:23.075+0700] {processor.py:179} INFO - Processing /home/phuc/Practice/DataScience/DSProject/venv/lib/python3.10/site-packages/airflow/example_dags/example_sensor_decorator.py took 0.050 seconds
[2023-12-17T08:09:02.154+0700] {processor.py:157} INFO - Started process (PID=313328) to work on /home/phuc/Practice/DataScience/DSProject/venv/lib/python3.10/site-packages/airflow/example_dags/example_sensor_decorator.py
[2023-12-17T08:09:02.161+0700] {processor.py:829} INFO - Processing file /home/phuc/Practice/DataScience/DSProject/venv/lib/python3.10/site-packages/airflow/example_dags/example_sensor_decorator.py for tasks to queue
[2023-12-17T08:09:02.163+0700] {logging_mixin.py:154} INFO - [2023-12-17T08:09:02.162+0700] {dagbag.py:536} INFO - Filling up the DagBag from /home/phuc/Practice/DataScience/DSProject/venv/lib/python3.10/site-packages/airflow/example_dags/example_sensor_decorator.py
[2023-12-17T08:09:02.172+0700] {processor.py:839} INFO - DAG(s) dict_keys(['example_sensor_decorator']) retrieved from /home/phuc/Practice/DataScience/DSProject/venv/lib/python3.10/site-packages/airflow/example_dags/example_sensor_decorator.py
[2023-12-17T08:09:02.183+0700] {logging_mixin.py:154} INFO - [2023-12-17T08:09:02.183+0700] {dag.py:2941} INFO - Sync 1 DAGs
[2023-12-17T08:09:02.190+0700] {logging_mixin.py:154} INFO - [2023-12-17T08:09:02.190+0700] {dag.py:3722} INFO - Setting next_dagrun for example_sensor_decorator to None, run_after=None
[2023-12-17T08:09:02.203+0700] {processor.py:179} INFO - Processing /home/phuc/Practice/DataScience/DSProject/venv/lib/python3.10/site-packages/airflow/example_dags/example_sensor_decorator.py took 0.052 seconds
[2023-12-17T08:09:46.793+0700] {processor.py:157} INFO - Started process (PID=313615) to work on /home/phuc/Practice/DataScience/DSProject/venv/lib/python3.10/site-packages/airflow/example_dags/example_sensor_decorator.py
[2023-12-17T08:09:46.801+0700] {processor.py:829} INFO - Processing file /home/phuc/Practice/DataScience/DSProject/venv/lib/python3.10/site-packages/airflow/example_dags/example_sensor_decorator.py for tasks to queue
[2023-12-17T08:09:46.802+0700] {logging_mixin.py:154} INFO - [2023-12-17T08:09:46.801+0700] {dagbag.py:536} INFO - Filling up the DagBag from /home/phuc/Practice/DataScience/DSProject/venv/lib/python3.10/site-packages/airflow/example_dags/example_sensor_decorator.py
[2023-12-17T08:09:46.810+0700] {processor.py:839} INFO - DAG(s) dict_keys(['example_sensor_decorator']) retrieved from /home/phuc/Practice/DataScience/DSProject/venv/lib/python3.10/site-packages/airflow/example_dags/example_sensor_decorator.py
[2023-12-17T08:09:46.821+0700] {logging_mixin.py:154} INFO - [2023-12-17T08:09:46.821+0700] {dag.py:2941} INFO - Sync 1 DAGs
[2023-12-17T08:09:46.826+0700] {logging_mixin.py:154} INFO - [2023-12-17T08:09:46.826+0700] {dag.py:3722} INFO - Setting next_dagrun for example_sensor_decorator to None, run_after=None
[2023-12-17T08:09:46.838+0700] {processor.py:179} INFO - Processing /home/phuc/Practice/DataScience/DSProject/venv/lib/python3.10/site-packages/airflow/example_dags/example_sensor_decorator.py took 0.049 seconds
[2023-12-17T08:10:23.280+0700] {processor.py:157} INFO - Started process (PID=313858) to work on /home/phuc/Practice/DataScience/DSProject/venv/lib/python3.10/site-packages/airflow/example_dags/example_sensor_decorator.py
[2023-12-17T08:10:23.287+0700] {processor.py:829} INFO - Processing file /home/phuc/Practice/DataScience/DSProject/venv/lib/python3.10/site-packages/airflow/example_dags/example_sensor_decorator.py for tasks to queue
[2023-12-17T08:10:23.288+0700] {logging_mixin.py:154} INFO - [2023-12-17T08:10:23.288+0700] {dagbag.py:536} INFO - Filling up the DagBag from /home/phuc/Practice/DataScience/DSProject/venv/lib/python3.10/site-packages/airflow/example_dags/example_sensor_decorator.py
[2023-12-17T08:10:23.297+0700] {processor.py:839} INFO - DAG(s) dict_keys(['example_sensor_decorator']) retrieved from /home/phuc/Practice/DataScience/DSProject/venv/lib/python3.10/site-packages/airflow/example_dags/example_sensor_decorator.py
[2023-12-17T08:10:23.309+0700] {logging_mixin.py:154} INFO - [2023-12-17T08:10:23.309+0700] {dag.py:2941} INFO - Sync 1 DAGs
[2023-12-17T08:10:23.315+0700] {logging_mixin.py:154} INFO - [2023-12-17T08:10:23.315+0700] {dag.py:3722} INFO - Setting next_dagrun for example_sensor_decorator to None, run_after=None
[2023-12-17T08:10:23.327+0700] {processor.py:179} INFO - Processing /home/phuc/Practice/DataScience/DSProject/venv/lib/python3.10/site-packages/airflow/example_dags/example_sensor_decorator.py took 0.050 seconds
[2023-12-17T08:11:10.020+0700] {processor.py:157} INFO - Started process (PID=314056) to work on /home/phuc/Practice/DataScience/DSProject/venv/lib/python3.10/site-packages/airflow/example_dags/example_sensor_decorator.py
[2023-12-17T08:11:10.027+0700] {processor.py:829} INFO - Processing file /home/phuc/Practice/DataScience/DSProject/venv/lib/python3.10/site-packages/airflow/example_dags/example_sensor_decorator.py for tasks to queue
[2023-12-17T08:11:10.029+0700] {logging_mixin.py:154} INFO - [2023-12-17T08:11:10.028+0700] {dagbag.py:536} INFO - Filling up the DagBag from /home/phuc/Practice/DataScience/DSProject/venv/lib/python3.10/site-packages/airflow/example_dags/example_sensor_decorator.py
[2023-12-17T08:11:10.038+0700] {processor.py:839} INFO - DAG(s) dict_keys(['example_sensor_decorator']) retrieved from /home/phuc/Practice/DataScience/DSProject/venv/lib/python3.10/site-packages/airflow/example_dags/example_sensor_decorator.py
[2023-12-17T08:11:10.049+0700] {logging_mixin.py:154} INFO - [2023-12-17T08:11:10.049+0700] {dag.py:2941} INFO - Sync 1 DAGs
[2023-12-17T08:11:10.056+0700] {logging_mixin.py:154} INFO - [2023-12-17T08:11:10.055+0700] {dag.py:3722} INFO - Setting next_dagrun for example_sensor_decorator to None, run_after=None
[2023-12-17T08:11:10.073+0700] {processor.py:179} INFO - Processing /home/phuc/Practice/DataScience/DSProject/venv/lib/python3.10/site-packages/airflow/example_dags/example_sensor_decorator.py took 0.056 seconds
[2023-12-17T08:11:43.405+0700] {processor.py:157} INFO - Started process (PID=314223) to work on /home/phuc/Practice/DataScience/DSProject/venv/lib/python3.10/site-packages/airflow/example_dags/example_sensor_decorator.py
[2023-12-17T08:11:43.412+0700] {processor.py:829} INFO - Processing file /home/phuc/Practice/DataScience/DSProject/venv/lib/python3.10/site-packages/airflow/example_dags/example_sensor_decorator.py for tasks to queue
[2023-12-17T08:11:43.413+0700] {logging_mixin.py:154} INFO - [2023-12-17T08:11:43.413+0700] {dagbag.py:536} INFO - Filling up the DagBag from /home/phuc/Practice/DataScience/DSProject/venv/lib/python3.10/site-packages/airflow/example_dags/example_sensor_decorator.py
[2023-12-17T08:11:43.419+0700] {processor.py:839} INFO - DAG(s) dict_keys(['example_sensor_decorator']) retrieved from /home/phuc/Practice/DataScience/DSProject/venv/lib/python3.10/site-packages/airflow/example_dags/example_sensor_decorator.py
[2023-12-17T08:11:43.436+0700] {logging_mixin.py:154} INFO - [2023-12-17T08:11:43.435+0700] {dag.py:2941} INFO - Sync 1 DAGs
[2023-12-17T08:11:43.447+0700] {logging_mixin.py:154} INFO - [2023-12-17T08:11:43.447+0700] {dag.py:3722} INFO - Setting next_dagrun for example_sensor_decorator to None, run_after=None
[2023-12-17T08:11:43.469+0700] {processor.py:179} INFO - Processing /home/phuc/Practice/DataScience/DSProject/venv/lib/python3.10/site-packages/airflow/example_dags/example_sensor_decorator.py took 0.067 seconds
[2023-12-17T08:12:17.280+0700] {processor.py:157} INFO - Started process (PID=314385) to work on /home/phuc/Practice/DataScience/DSProject/venv/lib/python3.10/site-packages/airflow/example_dags/example_sensor_decorator.py
[2023-12-17T08:12:17.287+0700] {processor.py:829} INFO - Processing file /home/phuc/Practice/DataScience/DSProject/venv/lib/python3.10/site-packages/airflow/example_dags/example_sensor_decorator.py for tasks to queue
[2023-12-17T08:12:17.289+0700] {logging_mixin.py:154} INFO - [2023-12-17T08:12:17.288+0700] {dagbag.py:536} INFO - Filling up the DagBag from /home/phuc/Practice/DataScience/DSProject/venv/lib/python3.10/site-packages/airflow/example_dags/example_sensor_decorator.py
[2023-12-17T08:12:17.298+0700] {processor.py:839} INFO - DAG(s) dict_keys(['example_sensor_decorator']) retrieved from /home/phuc/Practice/DataScience/DSProject/venv/lib/python3.10/site-packages/airflow/example_dags/example_sensor_decorator.py
[2023-12-17T08:12:17.309+0700] {logging_mixin.py:154} INFO - [2023-12-17T08:12:17.309+0700] {dag.py:2941} INFO - Sync 1 DAGs
[2023-12-17T08:12:17.315+0700] {logging_mixin.py:154} INFO - [2023-12-17T08:12:17.315+0700] {dag.py:3722} INFO - Setting next_dagrun for example_sensor_decorator to None, run_after=None
[2023-12-17T08:12:17.328+0700] {processor.py:179} INFO - Processing /home/phuc/Practice/DataScience/DSProject/venv/lib/python3.10/site-packages/airflow/example_dags/example_sensor_decorator.py took 0.051 seconds
[2023-12-17T08:12:52.135+0700] {processor.py:157} INFO - Started process (PID=314542) to work on /home/phuc/Practice/DataScience/DSProject/venv/lib/python3.10/site-packages/airflow/example_dags/example_sensor_decorator.py
[2023-12-17T08:12:52.142+0700] {processor.py:829} INFO - Processing file /home/phuc/Practice/DataScience/DSProject/venv/lib/python3.10/site-packages/airflow/example_dags/example_sensor_decorator.py for tasks to queue
[2023-12-17T08:12:52.143+0700] {logging_mixin.py:154} INFO - [2023-12-17T08:12:52.143+0700] {dagbag.py:536} INFO - Filling up the DagBag from /home/phuc/Practice/DataScience/DSProject/venv/lib/python3.10/site-packages/airflow/example_dags/example_sensor_decorator.py
[2023-12-17T08:12:52.152+0700] {processor.py:839} INFO - DAG(s) dict_keys(['example_sensor_decorator']) retrieved from /home/phuc/Practice/DataScience/DSProject/venv/lib/python3.10/site-packages/airflow/example_dags/example_sensor_decorator.py
[2023-12-17T08:12:52.163+0700] {logging_mixin.py:154} INFO - [2023-12-17T08:12:52.163+0700] {dag.py:2941} INFO - Sync 1 DAGs
[2023-12-17T08:12:52.169+0700] {logging_mixin.py:154} INFO - [2023-12-17T08:12:52.169+0700] {dag.py:3722} INFO - Setting next_dagrun for example_sensor_decorator to None, run_after=None
[2023-12-17T08:12:52.181+0700] {processor.py:179} INFO - Processing /home/phuc/Practice/DataScience/DSProject/venv/lib/python3.10/site-packages/airflow/example_dags/example_sensor_decorator.py took 0.051 seconds
[2023-12-17T08:13:35.884+0700] {processor.py:157} INFO - Started process (PID=314784) to work on /home/phuc/Practice/DataScience/DSProject/venv/lib/python3.10/site-packages/airflow/example_dags/example_sensor_decorator.py
[2023-12-17T08:13:35.891+0700] {processor.py:829} INFO - Processing file /home/phuc/Practice/DataScience/DSProject/venv/lib/python3.10/site-packages/airflow/example_dags/example_sensor_decorator.py for tasks to queue
[2023-12-17T08:13:35.892+0700] {logging_mixin.py:154} INFO - [2023-12-17T08:13:35.892+0700] {dagbag.py:536} INFO - Filling up the DagBag from /home/phuc/Practice/DataScience/DSProject/venv/lib/python3.10/site-packages/airflow/example_dags/example_sensor_decorator.py
[2023-12-17T08:13:35.902+0700] {processor.py:839} INFO - DAG(s) dict_keys(['example_sensor_decorator']) retrieved from /home/phuc/Practice/DataScience/DSProject/venv/lib/python3.10/site-packages/airflow/example_dags/example_sensor_decorator.py
[2023-12-17T08:13:35.913+0700] {logging_mixin.py:154} INFO - [2023-12-17T08:13:35.913+0700] {dag.py:2941} INFO - Sync 1 DAGs
[2023-12-17T08:13:35.919+0700] {logging_mixin.py:154} INFO - [2023-12-17T08:13:35.919+0700] {dag.py:3722} INFO - Setting next_dagrun for example_sensor_decorator to None, run_after=None
[2023-12-17T08:13:35.931+0700] {processor.py:179} INFO - Processing /home/phuc/Practice/DataScience/DSProject/venv/lib/python3.10/site-packages/airflow/example_dags/example_sensor_decorator.py took 0.050 seconds
[2023-12-17T08:14:09.582+0700] {processor.py:157} INFO - Started process (PID=314938) to work on /home/phuc/Practice/DataScience/DSProject/venv/lib/python3.10/site-packages/airflow/example_dags/example_sensor_decorator.py
[2023-12-17T08:14:09.589+0700] {processor.py:829} INFO - Processing file /home/phuc/Practice/DataScience/DSProject/venv/lib/python3.10/site-packages/airflow/example_dags/example_sensor_decorator.py for tasks to queue
[2023-12-17T08:14:09.591+0700] {logging_mixin.py:154} INFO - [2023-12-17T08:14:09.590+0700] {dagbag.py:536} INFO - Filling up the DagBag from /home/phuc/Practice/DataScience/DSProject/venv/lib/python3.10/site-packages/airflow/example_dags/example_sensor_decorator.py
[2023-12-17T08:14:09.599+0700] {processor.py:839} INFO - DAG(s) dict_keys(['example_sensor_decorator']) retrieved from /home/phuc/Practice/DataScience/DSProject/venv/lib/python3.10/site-packages/airflow/example_dags/example_sensor_decorator.py
[2023-12-17T08:14:09.613+0700] {logging_mixin.py:154} INFO - [2023-12-17T08:14:09.612+0700] {dag.py:2941} INFO - Sync 1 DAGs
[2023-12-17T08:14:09.620+0700] {logging_mixin.py:154} INFO - [2023-12-17T08:14:09.620+0700] {dag.py:3722} INFO - Setting next_dagrun for example_sensor_decorator to None, run_after=None
[2023-12-17T08:14:09.632+0700] {processor.py:179} INFO - Processing /home/phuc/Practice/DataScience/DSProject/venv/lib/python3.10/site-packages/airflow/example_dags/example_sensor_decorator.py took 0.053 seconds
[2023-12-17T08:14:43.678+0700] {processor.py:157} INFO - Started process (PID=315091) to work on /home/phuc/Practice/DataScience/DSProject/venv/lib/python3.10/site-packages/airflow/example_dags/example_sensor_decorator.py
[2023-12-17T08:14:43.685+0700] {processor.py:829} INFO - Processing file /home/phuc/Practice/DataScience/DSProject/venv/lib/python3.10/site-packages/airflow/example_dags/example_sensor_decorator.py for tasks to queue
[2023-12-17T08:14:43.686+0700] {logging_mixin.py:154} INFO - [2023-12-17T08:14:43.685+0700] {dagbag.py:536} INFO - Filling up the DagBag from /home/phuc/Practice/DataScience/DSProject/venv/lib/python3.10/site-packages/airflow/example_dags/example_sensor_decorator.py
[2023-12-17T08:14:43.695+0700] {processor.py:839} INFO - DAG(s) dict_keys(['example_sensor_decorator']) retrieved from /home/phuc/Practice/DataScience/DSProject/venv/lib/python3.10/site-packages/airflow/example_dags/example_sensor_decorator.py
[2023-12-17T08:14:43.706+0700] {logging_mixin.py:154} INFO - [2023-12-17T08:14:43.706+0700] {dag.py:2941} INFO - Sync 1 DAGs
[2023-12-17T08:14:43.712+0700] {logging_mixin.py:154} INFO - [2023-12-17T08:14:43.712+0700] {dag.py:3722} INFO - Setting next_dagrun for example_sensor_decorator to None, run_after=None
[2023-12-17T08:14:43.724+0700] {processor.py:179} INFO - Processing /home/phuc/Practice/DataScience/DSProject/venv/lib/python3.10/site-packages/airflow/example_dags/example_sensor_decorator.py took 0.049 seconds
[2023-12-17T08:15:21.139+0700] {processor.py:157} INFO - Started process (PID=315252) to work on /home/phuc/Practice/DataScience/DSProject/venv/lib/python3.10/site-packages/airflow/example_dags/example_sensor_decorator.py
[2023-12-17T08:15:21.146+0700] {processor.py:829} INFO - Processing file /home/phuc/Practice/DataScience/DSProject/venv/lib/python3.10/site-packages/airflow/example_dags/example_sensor_decorator.py for tasks to queue
[2023-12-17T08:15:21.148+0700] {logging_mixin.py:154} INFO - [2023-12-17T08:15:21.147+0700] {dagbag.py:536} INFO - Filling up the DagBag from /home/phuc/Practice/DataScience/DSProject/venv/lib/python3.10/site-packages/airflow/example_dags/example_sensor_decorator.py
[2023-12-17T08:15:21.154+0700] {processor.py:839} INFO - DAG(s) dict_keys(['example_sensor_decorator']) retrieved from /home/phuc/Practice/DataScience/DSProject/venv/lib/python3.10/site-packages/airflow/example_dags/example_sensor_decorator.py
[2023-12-17T08:15:21.163+0700] {logging_mixin.py:154} INFO - [2023-12-17T08:15:21.163+0700] {dag.py:2941} INFO - Sync 1 DAGs
[2023-12-17T08:15:21.170+0700] {logging_mixin.py:154} INFO - [2023-12-17T08:15:21.170+0700] {dag.py:3722} INFO - Setting next_dagrun for example_sensor_decorator to None, run_after=None
[2023-12-17T08:15:21.182+0700] {processor.py:179} INFO - Processing /home/phuc/Practice/DataScience/DSProject/venv/lib/python3.10/site-packages/airflow/example_dags/example_sensor_decorator.py took 0.045 seconds
[2023-12-17T08:15:55.714+0700] {processor.py:157} INFO - Started process (PID=315418) to work on /home/phuc/Practice/DataScience/DSProject/venv/lib/python3.10/site-packages/airflow/example_dags/example_sensor_decorator.py
[2023-12-17T08:15:55.715+0700] {processor.py:829} INFO - Processing file /home/phuc/Practice/DataScience/DSProject/venv/lib/python3.10/site-packages/airflow/example_dags/example_sensor_decorator.py for tasks to queue
[2023-12-17T08:15:55.715+0700] {logging_mixin.py:154} INFO - [2023-12-17T08:15:55.715+0700] {dagbag.py:536} INFO - Filling up the DagBag from /home/phuc/Practice/DataScience/DSProject/venv/lib/python3.10/site-packages/airflow/example_dags/example_sensor_decorator.py
[2023-12-17T08:15:55.718+0700] {processor.py:839} INFO - DAG(s) dict_keys(['example_sensor_decorator']) retrieved from /home/phuc/Practice/DataScience/DSProject/venv/lib/python3.10/site-packages/airflow/example_dags/example_sensor_decorator.py
[2023-12-17T08:15:55.727+0700] {logging_mixin.py:154} INFO - [2023-12-17T08:15:55.727+0700] {dag.py:2941} INFO - Sync 1 DAGs
[2023-12-17T08:15:55.733+0700] {logging_mixin.py:154} INFO - [2023-12-17T08:15:55.733+0700] {dag.py:3722} INFO - Setting next_dagrun for example_sensor_decorator to None, run_after=None
[2023-12-17T08:15:55.744+0700] {processor.py:179} INFO - Processing /home/phuc/Practice/DataScience/DSProject/venv/lib/python3.10/site-packages/airflow/example_dags/example_sensor_decorator.py took 0.034 seconds
[2023-12-17T08:17:42.333+0700] {processor.py:157} INFO - Started process (PID=316370) to work on /home/phuc/Practice/DataScience/DSProject/venv/lib/python3.10/site-packages/airflow/example_dags/example_sensor_decorator.py
[2023-12-17T08:17:42.340+0700] {processor.py:829} INFO - Processing file /home/phuc/Practice/DataScience/DSProject/venv/lib/python3.10/site-packages/airflow/example_dags/example_sensor_decorator.py for tasks to queue
[2023-12-17T08:17:42.341+0700] {logging_mixin.py:154} INFO - [2023-12-17T08:17:42.340+0700] {dagbag.py:536} INFO - Filling up the DagBag from /home/phuc/Practice/DataScience/DSProject/venv/lib/python3.10/site-packages/airflow/example_dags/example_sensor_decorator.py
[2023-12-17T08:17:42.351+0700] {processor.py:839} INFO - DAG(s) dict_keys(['example_sensor_decorator']) retrieved from /home/phuc/Practice/DataScience/DSProject/venv/lib/python3.10/site-packages/airflow/example_dags/example_sensor_decorator.py
[2023-12-17T08:17:42.367+0700] {logging_mixin.py:154} INFO - [2023-12-17T08:17:42.367+0700] {dag.py:2941} INFO - Sync 1 DAGs
[2023-12-17T08:17:42.373+0700] {logging_mixin.py:154} INFO - [2023-12-17T08:17:42.373+0700] {dag.py:3722} INFO - Setting next_dagrun for example_sensor_decorator to None, run_after=None
[2023-12-17T08:17:42.385+0700] {processor.py:179} INFO - Processing /home/phuc/Practice/DataScience/DSProject/venv/lib/python3.10/site-packages/airflow/example_dags/example_sensor_decorator.py took 0.056 seconds
[2023-12-17T08:18:28.416+0700] {processor.py:157} INFO - Started process (PID=316584) to work on /home/phuc/Practice/DataScience/DSProject/venv/lib/python3.10/site-packages/airflow/example_dags/example_sensor_decorator.py
[2023-12-17T08:18:28.423+0700] {processor.py:829} INFO - Processing file /home/phuc/Practice/DataScience/DSProject/venv/lib/python3.10/site-packages/airflow/example_dags/example_sensor_decorator.py for tasks to queue
[2023-12-17T08:18:28.424+0700] {logging_mixin.py:154} INFO - [2023-12-17T08:18:28.424+0700] {dagbag.py:536} INFO - Filling up the DagBag from /home/phuc/Practice/DataScience/DSProject/venv/lib/python3.10/site-packages/airflow/example_dags/example_sensor_decorator.py
[2023-12-17T08:18:28.428+0700] {processor.py:839} INFO - DAG(s) dict_keys(['example_sensor_decorator']) retrieved from /home/phuc/Practice/DataScience/DSProject/venv/lib/python3.10/site-packages/airflow/example_dags/example_sensor_decorator.py
[2023-12-17T08:18:28.440+0700] {logging_mixin.py:154} INFO - [2023-12-17T08:18:28.440+0700] {dag.py:2941} INFO - Sync 1 DAGs
[2023-12-17T08:18:28.448+0700] {logging_mixin.py:154} INFO - [2023-12-17T08:18:28.448+0700] {dag.py:3722} INFO - Setting next_dagrun for example_sensor_decorator to None, run_after=None
[2023-12-17T08:18:28.463+0700] {processor.py:179} INFO - Processing /home/phuc/Practice/DataScience/DSProject/venv/lib/python3.10/site-packages/airflow/example_dags/example_sensor_decorator.py took 0.050 seconds
[2023-12-17T08:19:16.331+0700] {processor.py:157} INFO - Started process (PID=317078) to work on /home/phuc/Practice/DataScience/DSProject/venv/lib/python3.10/site-packages/airflow/example_dags/example_sensor_decorator.py
[2023-12-17T08:19:16.338+0700] {processor.py:829} INFO - Processing file /home/phuc/Practice/DataScience/DSProject/venv/lib/python3.10/site-packages/airflow/example_dags/example_sensor_decorator.py for tasks to queue
[2023-12-17T08:19:16.340+0700] {logging_mixin.py:154} INFO - [2023-12-17T08:19:16.339+0700] {dagbag.py:536} INFO - Filling up the DagBag from /home/phuc/Practice/DataScience/DSProject/venv/lib/python3.10/site-packages/airflow/example_dags/example_sensor_decorator.py
[2023-12-17T08:19:16.347+0700] {processor.py:839} INFO - DAG(s) dict_keys(['example_sensor_decorator']) retrieved from /home/phuc/Practice/DataScience/DSProject/venv/lib/python3.10/site-packages/airflow/example_dags/example_sensor_decorator.py
[2023-12-17T08:19:16.359+0700] {logging_mixin.py:154} INFO - [2023-12-17T08:19:16.359+0700] {dag.py:2941} INFO - Sync 1 DAGs
[2023-12-17T08:19:16.368+0700] {logging_mixin.py:154} INFO - [2023-12-17T08:19:16.368+0700] {dag.py:3722} INFO - Setting next_dagrun for example_sensor_decorator to None, run_after=None
[2023-12-17T08:19:16.383+0700] {processor.py:179} INFO - Processing /home/phuc/Practice/DataScience/DSProject/venv/lib/python3.10/site-packages/airflow/example_dags/example_sensor_decorator.py took 0.055 seconds
[2023-12-17T08:19:52.343+0700] {processor.py:157} INFO - Started process (PID=317447) to work on /home/phuc/Practice/DataScience/DSProject/venv/lib/python3.10/site-packages/airflow/example_dags/example_sensor_decorator.py
[2023-12-17T08:19:52.350+0700] {processor.py:829} INFO - Processing file /home/phuc/Practice/DataScience/DSProject/venv/lib/python3.10/site-packages/airflow/example_dags/example_sensor_decorator.py for tasks to queue
[2023-12-17T08:19:52.351+0700] {logging_mixin.py:154} INFO - [2023-12-17T08:19:52.350+0700] {dagbag.py:536} INFO - Filling up the DagBag from /home/phuc/Practice/DataScience/DSProject/venv/lib/python3.10/site-packages/airflow/example_dags/example_sensor_decorator.py
[2023-12-17T08:19:52.355+0700] {processor.py:839} INFO - DAG(s) dict_keys(['example_sensor_decorator']) retrieved from /home/phuc/Practice/DataScience/DSProject/venv/lib/python3.10/site-packages/airflow/example_dags/example_sensor_decorator.py
[2023-12-17T08:19:52.367+0700] {logging_mixin.py:154} INFO - [2023-12-17T08:19:52.366+0700] {dag.py:2941} INFO - Sync 1 DAGs
[2023-12-17T08:19:52.375+0700] {logging_mixin.py:154} INFO - [2023-12-17T08:19:52.375+0700] {dag.py:3722} INFO - Setting next_dagrun for example_sensor_decorator to None, run_after=None
[2023-12-17T08:19:52.390+0700] {processor.py:179} INFO - Processing /home/phuc/Practice/DataScience/DSProject/venv/lib/python3.10/site-packages/airflow/example_dags/example_sensor_decorator.py took 0.049 seconds
[2023-12-17T08:20:30.762+0700] {processor.py:157} INFO - Started process (PID=317864) to work on /home/phuc/Practice/DataScience/DSProject/venv/lib/python3.10/site-packages/airflow/example_dags/example_sensor_decorator.py
[2023-12-17T08:20:30.763+0700] {processor.py:829} INFO - Processing file /home/phuc/Practice/DataScience/DSProject/venv/lib/python3.10/site-packages/airflow/example_dags/example_sensor_decorator.py for tasks to queue
[2023-12-17T08:20:30.764+0700] {logging_mixin.py:154} INFO - [2023-12-17T08:20:30.764+0700] {dagbag.py:536} INFO - Filling up the DagBag from /home/phuc/Practice/DataScience/DSProject/venv/lib/python3.10/site-packages/airflow/example_dags/example_sensor_decorator.py
[2023-12-17T08:20:30.770+0700] {processor.py:839} INFO - DAG(s) dict_keys(['example_sensor_decorator']) retrieved from /home/phuc/Practice/DataScience/DSProject/venv/lib/python3.10/site-packages/airflow/example_dags/example_sensor_decorator.py
[2023-12-17T08:20:30.782+0700] {logging_mixin.py:154} INFO - [2023-12-17T08:20:30.782+0700] {dag.py:2941} INFO - Sync 1 DAGs
[2023-12-17T08:20:30.791+0700] {logging_mixin.py:154} INFO - [2023-12-17T08:20:30.790+0700] {dag.py:3722} INFO - Setting next_dagrun for example_sensor_decorator to None, run_after=None
[2023-12-17T08:20:30.805+0700] {processor.py:179} INFO - Processing /home/phuc/Practice/DataScience/DSProject/venv/lib/python3.10/site-packages/airflow/example_dags/example_sensor_decorator.py took 0.045 seconds
[2023-12-17T08:21:52.747+0700] {processor.py:157} INFO - Started process (PID=318702) to work on /home/phuc/Practice/DataScience/DSProject/venv/lib/python3.10/site-packages/airflow/example_dags/example_sensor_decorator.py
[2023-12-17T08:21:52.754+0700] {processor.py:829} INFO - Processing file /home/phuc/Practice/DataScience/DSProject/venv/lib/python3.10/site-packages/airflow/example_dags/example_sensor_decorator.py for tasks to queue
[2023-12-17T08:21:52.755+0700] {logging_mixin.py:154} INFO - [2023-12-17T08:21:52.754+0700] {dagbag.py:536} INFO - Filling up the DagBag from /home/phuc/Practice/DataScience/DSProject/venv/lib/python3.10/site-packages/airflow/example_dags/example_sensor_decorator.py
[2023-12-17T08:21:52.760+0700] {processor.py:839} INFO - DAG(s) dict_keys(['example_sensor_decorator']) retrieved from /home/phuc/Practice/DataScience/DSProject/venv/lib/python3.10/site-packages/airflow/example_dags/example_sensor_decorator.py
[2023-12-17T08:21:52.781+0700] {logging_mixin.py:154} INFO - [2023-12-17T08:21:52.781+0700] {dag.py:2941} INFO - Sync 1 DAGs
[2023-12-17T08:21:52.789+0700] {logging_mixin.py:154} INFO - [2023-12-17T08:21:52.789+0700] {dag.py:3722} INFO - Setting next_dagrun for example_sensor_decorator to None, run_after=None
[2023-12-17T08:21:52.806+0700] {processor.py:179} INFO - Processing /home/phuc/Practice/DataScience/DSProject/venv/lib/python3.10/site-packages/airflow/example_dags/example_sensor_decorator.py took 0.062 seconds
[2023-12-17T08:23:27.813+0700] {processor.py:157} INFO - Started process (PID=319490) to work on /home/phuc/Practice/DataScience/DSProject/venv/lib/python3.10/site-packages/airflow/example_dags/example_sensor_decorator.py
[2023-12-17T08:23:27.814+0700] {processor.py:829} INFO - Processing file /home/phuc/Practice/DataScience/DSProject/venv/lib/python3.10/site-packages/airflow/example_dags/example_sensor_decorator.py for tasks to queue
[2023-12-17T08:23:27.814+0700] {logging_mixin.py:154} INFO - [2023-12-17T08:23:27.814+0700] {dagbag.py:536} INFO - Filling up the DagBag from /home/phuc/Practice/DataScience/DSProject/venv/lib/python3.10/site-packages/airflow/example_dags/example_sensor_decorator.py
[2023-12-17T08:23:27.819+0700] {processor.py:839} INFO - DAG(s) dict_keys(['example_sensor_decorator']) retrieved from /home/phuc/Practice/DataScience/DSProject/venv/lib/python3.10/site-packages/airflow/example_dags/example_sensor_decorator.py
[2023-12-17T08:23:27.832+0700] {logging_mixin.py:154} INFO - [2023-12-17T08:23:27.832+0700] {dag.py:2941} INFO - Sync 1 DAGs
[2023-12-17T08:23:27.841+0700] {logging_mixin.py:154} INFO - [2023-12-17T08:23:27.841+0700] {dag.py:3722} INFO - Setting next_dagrun for example_sensor_decorator to None, run_after=None
[2023-12-17T08:23:27.857+0700] {processor.py:179} INFO - Processing /home/phuc/Practice/DataScience/DSProject/venv/lib/python3.10/site-packages/airflow/example_dags/example_sensor_decorator.py took 0.047 seconds
[2023-12-17T08:24:07.969+0700] {processor.py:157} INFO - Started process (PID=319728) to work on /home/phuc/Practice/DataScience/DSProject/venv/lib/python3.10/site-packages/airflow/example_dags/example_sensor_decorator.py
[2023-12-17T08:24:07.976+0700] {processor.py:829} INFO - Processing file /home/phuc/Practice/DataScience/DSProject/venv/lib/python3.10/site-packages/airflow/example_dags/example_sensor_decorator.py for tasks to queue
[2023-12-17T08:24:07.978+0700] {logging_mixin.py:154} INFO - [2023-12-17T08:24:07.977+0700] {dagbag.py:536} INFO - Filling up the DagBag from /home/phuc/Practice/DataScience/DSProject/venv/lib/python3.10/site-packages/airflow/example_dags/example_sensor_decorator.py
[2023-12-17T08:24:07.986+0700] {processor.py:839} INFO - DAG(s) dict_keys(['example_sensor_decorator']) retrieved from /home/phuc/Practice/DataScience/DSProject/venv/lib/python3.10/site-packages/airflow/example_dags/example_sensor_decorator.py
[2023-12-17T08:24:07.997+0700] {logging_mixin.py:154} INFO - [2023-12-17T08:24:07.997+0700] {dag.py:2941} INFO - Sync 1 DAGs
[2023-12-17T08:24:08.003+0700] {logging_mixin.py:154} INFO - [2023-12-17T08:24:08.003+0700] {dag.py:3722} INFO - Setting next_dagrun for example_sensor_decorator to None, run_after=None
[2023-12-17T08:24:08.014+0700] {processor.py:179} INFO - Processing /home/phuc/Practice/DataScience/DSProject/venv/lib/python3.10/site-packages/airflow/example_dags/example_sensor_decorator.py took 0.050 seconds
[2023-12-17T08:24:56.149+0700] {processor.py:157} INFO - Started process (PID=319961) to work on /home/phuc/Practice/DataScience/DSProject/venv/lib/python3.10/site-packages/airflow/example_dags/example_sensor_decorator.py
[2023-12-17T08:24:56.150+0700] {processor.py:829} INFO - Processing file /home/phuc/Practice/DataScience/DSProject/venv/lib/python3.10/site-packages/airflow/example_dags/example_sensor_decorator.py for tasks to queue
[2023-12-17T08:24:56.151+0700] {logging_mixin.py:154} INFO - [2023-12-17T08:24:56.150+0700] {dagbag.py:536} INFO - Filling up the DagBag from /home/phuc/Practice/DataScience/DSProject/venv/lib/python3.10/site-packages/airflow/example_dags/example_sensor_decorator.py
[2023-12-17T08:24:56.158+0700] {processor.py:839} INFO - DAG(s) dict_keys(['example_sensor_decorator']) retrieved from /home/phuc/Practice/DataScience/DSProject/venv/lib/python3.10/site-packages/airflow/example_dags/example_sensor_decorator.py
[2023-12-17T08:24:56.169+0700] {logging_mixin.py:154} INFO - [2023-12-17T08:24:56.169+0700] {dag.py:2941} INFO - Sync 1 DAGs
[2023-12-17T08:24:56.175+0700] {logging_mixin.py:154} INFO - [2023-12-17T08:24:56.175+0700] {dag.py:3722} INFO - Setting next_dagrun for example_sensor_decorator to None, run_after=None
[2023-12-17T08:24:56.186+0700] {processor.py:179} INFO - Processing /home/phuc/Practice/DataScience/DSProject/venv/lib/python3.10/site-packages/airflow/example_dags/example_sensor_decorator.py took 0.039 seconds
[2023-12-17T08:25:34.022+0700] {processor.py:157} INFO - Started process (PID=320123) to work on /home/phuc/Practice/DataScience/DSProject/venv/lib/python3.10/site-packages/airflow/example_dags/example_sensor_decorator.py
[2023-12-17T08:25:34.022+0700] {processor.py:829} INFO - Processing file /home/phuc/Practice/DataScience/DSProject/venv/lib/python3.10/site-packages/airflow/example_dags/example_sensor_decorator.py for tasks to queue
[2023-12-17T08:25:34.023+0700] {logging_mixin.py:154} INFO - [2023-12-17T08:25:34.023+0700] {dagbag.py:536} INFO - Filling up the DagBag from /home/phuc/Practice/DataScience/DSProject/venv/lib/python3.10/site-packages/airflow/example_dags/example_sensor_decorator.py
[2023-12-17T08:25:34.026+0700] {processor.py:839} INFO - DAG(s) dict_keys(['example_sensor_decorator']) retrieved from /home/phuc/Practice/DataScience/DSProject/venv/lib/python3.10/site-packages/airflow/example_dags/example_sensor_decorator.py
[2023-12-17T08:25:34.036+0700] {logging_mixin.py:154} INFO - [2023-12-17T08:25:34.036+0700] {dag.py:2941} INFO - Sync 1 DAGs
[2023-12-17T08:25:34.042+0700] {logging_mixin.py:154} INFO - [2023-12-17T08:25:34.042+0700] {dag.py:3722} INFO - Setting next_dagrun for example_sensor_decorator to None, run_after=None
[2023-12-17T08:25:34.054+0700] {processor.py:179} INFO - Processing /home/phuc/Practice/DataScience/DSProject/venv/lib/python3.10/site-packages/airflow/example_dags/example_sensor_decorator.py took 0.034 seconds
[2023-12-17T08:26:06.000+0700] {processor.py:157} INFO - Started process (PID=320256) to work on /home/phuc/Practice/DataScience/DSProject/venv/lib/python3.10/site-packages/airflow/example_dags/example_sensor_decorator.py
[2023-12-17T08:26:06.007+0700] {processor.py:829} INFO - Processing file /home/phuc/Practice/DataScience/DSProject/venv/lib/python3.10/site-packages/airflow/example_dags/example_sensor_decorator.py for tasks to queue
[2023-12-17T08:26:06.008+0700] {logging_mixin.py:154} INFO - [2023-12-17T08:26:06.008+0700] {dagbag.py:536} INFO - Filling up the DagBag from /home/phuc/Practice/DataScience/DSProject/venv/lib/python3.10/site-packages/airflow/example_dags/example_sensor_decorator.py
[2023-12-17T08:26:06.015+0700] {processor.py:839} INFO - DAG(s) dict_keys(['example_sensor_decorator']) retrieved from /home/phuc/Practice/DataScience/DSProject/venv/lib/python3.10/site-packages/airflow/example_dags/example_sensor_decorator.py
[2023-12-17T08:26:06.028+0700] {logging_mixin.py:154} INFO - [2023-12-17T08:26:06.027+0700] {dag.py:2941} INFO - Sync 1 DAGs
[2023-12-17T08:26:06.035+0700] {logging_mixin.py:154} INFO - [2023-12-17T08:26:06.034+0700] {dag.py:3722} INFO - Setting next_dagrun for example_sensor_decorator to None, run_after=None
[2023-12-17T08:26:06.047+0700] {processor.py:179} INFO - Processing /home/phuc/Practice/DataScience/DSProject/venv/lib/python3.10/site-packages/airflow/example_dags/example_sensor_decorator.py took 0.050 seconds
[2023-12-17T08:26:42.967+0700] {processor.py:157} INFO - Started process (PID=320510) to work on /home/phuc/Practice/DataScience/DSProject/venv/lib/python3.10/site-packages/airflow/example_dags/example_sensor_decorator.py
[2023-12-17T08:26:42.974+0700] {processor.py:829} INFO - Processing file /home/phuc/Practice/DataScience/DSProject/venv/lib/python3.10/site-packages/airflow/example_dags/example_sensor_decorator.py for tasks to queue
[2023-12-17T08:26:42.975+0700] {logging_mixin.py:154} INFO - [2023-12-17T08:26:42.975+0700] {dagbag.py:536} INFO - Filling up the DagBag from /home/phuc/Practice/DataScience/DSProject/venv/lib/python3.10/site-packages/airflow/example_dags/example_sensor_decorator.py
[2023-12-17T08:26:42.984+0700] {processor.py:839} INFO - DAG(s) dict_keys(['example_sensor_decorator']) retrieved from /home/phuc/Practice/DataScience/DSProject/venv/lib/python3.10/site-packages/airflow/example_dags/example_sensor_decorator.py
[2023-12-17T08:26:42.995+0700] {logging_mixin.py:154} INFO - [2023-12-17T08:26:42.995+0700] {dag.py:2941} INFO - Sync 1 DAGs
[2023-12-17T08:26:43.002+0700] {logging_mixin.py:154} INFO - [2023-12-17T08:26:43.002+0700] {dag.py:3722} INFO - Setting next_dagrun for example_sensor_decorator to None, run_after=None
[2023-12-17T08:26:43.013+0700] {processor.py:179} INFO - Processing /home/phuc/Practice/DataScience/DSProject/venv/lib/python3.10/site-packages/airflow/example_dags/example_sensor_decorator.py took 0.051 seconds
[2023-12-17T08:27:30.476+0700] {processor.py:157} INFO - Started process (PID=320714) to work on /home/phuc/Practice/DataScience/DSProject/venv/lib/python3.10/site-packages/airflow/example_dags/example_sensor_decorator.py
[2023-12-17T08:27:30.483+0700] {processor.py:829} INFO - Processing file /home/phuc/Practice/DataScience/DSProject/venv/lib/python3.10/site-packages/airflow/example_dags/example_sensor_decorator.py for tasks to queue
[2023-12-17T08:27:30.484+0700] {logging_mixin.py:154} INFO - [2023-12-17T08:27:30.484+0700] {dagbag.py:536} INFO - Filling up the DagBag from /home/phuc/Practice/DataScience/DSProject/venv/lib/python3.10/site-packages/airflow/example_dags/example_sensor_decorator.py
[2023-12-17T08:27:30.493+0700] {processor.py:839} INFO - DAG(s) dict_keys(['example_sensor_decorator']) retrieved from /home/phuc/Practice/DataScience/DSProject/venv/lib/python3.10/site-packages/airflow/example_dags/example_sensor_decorator.py
[2023-12-17T08:27:30.505+0700] {logging_mixin.py:154} INFO - [2023-12-17T08:27:30.505+0700] {dag.py:2941} INFO - Sync 1 DAGs
[2023-12-17T08:27:30.511+0700] {logging_mixin.py:154} INFO - [2023-12-17T08:27:30.511+0700] {dag.py:3722} INFO - Setting next_dagrun for example_sensor_decorator to None, run_after=None
[2023-12-17T08:27:30.522+0700] {processor.py:179} INFO - Processing /home/phuc/Practice/DataScience/DSProject/venv/lib/python3.10/site-packages/airflow/example_dags/example_sensor_decorator.py took 0.049 seconds
[2023-12-17T08:28:04.332+0700] {processor.py:157} INFO - Started process (PID=320866) to work on /home/phuc/Practice/DataScience/DSProject/venv/lib/python3.10/site-packages/airflow/example_dags/example_sensor_decorator.py
[2023-12-17T08:28:04.339+0700] {processor.py:829} INFO - Processing file /home/phuc/Practice/DataScience/DSProject/venv/lib/python3.10/site-packages/airflow/example_dags/example_sensor_decorator.py for tasks to queue
[2023-12-17T08:28:04.340+0700] {logging_mixin.py:154} INFO - [2023-12-17T08:28:04.340+0700] {dagbag.py:536} INFO - Filling up the DagBag from /home/phuc/Practice/DataScience/DSProject/venv/lib/python3.10/site-packages/airflow/example_dags/example_sensor_decorator.py
[2023-12-17T08:28:04.348+0700] {processor.py:839} INFO - DAG(s) dict_keys(['example_sensor_decorator']) retrieved from /home/phuc/Practice/DataScience/DSProject/venv/lib/python3.10/site-packages/airflow/example_dags/example_sensor_decorator.py
[2023-12-17T08:28:04.360+0700] {logging_mixin.py:154} INFO - [2023-12-17T08:28:04.360+0700] {dag.py:2941} INFO - Sync 1 DAGs
[2023-12-17T08:28:04.366+0700] {logging_mixin.py:154} INFO - [2023-12-17T08:28:04.366+0700] {dag.py:3722} INFO - Setting next_dagrun for example_sensor_decorator to None, run_after=None
[2023-12-17T08:28:04.379+0700] {processor.py:179} INFO - Processing /home/phuc/Practice/DataScience/DSProject/venv/lib/python3.10/site-packages/airflow/example_dags/example_sensor_decorator.py took 0.049 seconds
[2023-12-17T08:28:37.953+0700] {processor.py:157} INFO - Started process (PID=321001) to work on /home/phuc/Practice/DataScience/DSProject/venv/lib/python3.10/site-packages/airflow/example_dags/example_sensor_decorator.py
[2023-12-17T08:28:37.960+0700] {processor.py:829} INFO - Processing file /home/phuc/Practice/DataScience/DSProject/venv/lib/python3.10/site-packages/airflow/example_dags/example_sensor_decorator.py for tasks to queue
[2023-12-17T08:28:37.961+0700] {logging_mixin.py:154} INFO - [2023-12-17T08:28:37.961+0700] {dagbag.py:536} INFO - Filling up the DagBag from /home/phuc/Practice/DataScience/DSProject/venv/lib/python3.10/site-packages/airflow/example_dags/example_sensor_decorator.py
[2023-12-17T08:28:37.971+0700] {processor.py:839} INFO - DAG(s) dict_keys(['example_sensor_decorator']) retrieved from /home/phuc/Practice/DataScience/DSProject/venv/lib/python3.10/site-packages/airflow/example_dags/example_sensor_decorator.py
[2023-12-17T08:28:37.981+0700] {logging_mixin.py:154} INFO - [2023-12-17T08:28:37.980+0700] {dag.py:2941} INFO - Sync 1 DAGs
[2023-12-17T08:28:37.987+0700] {logging_mixin.py:154} INFO - [2023-12-17T08:28:37.986+0700] {dag.py:3722} INFO - Setting next_dagrun for example_sensor_decorator to None, run_after=None
[2023-12-17T08:28:37.998+0700] {processor.py:179} INFO - Processing /home/phuc/Practice/DataScience/DSProject/venv/lib/python3.10/site-packages/airflow/example_dags/example_sensor_decorator.py took 0.050 seconds
[2023-12-17T08:29:26.750+0700] {processor.py:157} INFO - Started process (PID=321226) to work on /home/phuc/Practice/DataScience/DSProject/venv/lib/python3.10/site-packages/airflow/example_dags/example_sensor_decorator.py
[2023-12-17T08:29:26.757+0700] {processor.py:829} INFO - Processing file /home/phuc/Practice/DataScience/DSProject/venv/lib/python3.10/site-packages/airflow/example_dags/example_sensor_decorator.py for tasks to queue
[2023-12-17T08:29:26.758+0700] {logging_mixin.py:154} INFO - [2023-12-17T08:29:26.758+0700] {dagbag.py:536} INFO - Filling up the DagBag from /home/phuc/Practice/DataScience/DSProject/venv/lib/python3.10/site-packages/airflow/example_dags/example_sensor_decorator.py
[2023-12-17T08:29:26.768+0700] {processor.py:839} INFO - DAG(s) dict_keys(['example_sensor_decorator']) retrieved from /home/phuc/Practice/DataScience/DSProject/venv/lib/python3.10/site-packages/airflow/example_dags/example_sensor_decorator.py
[2023-12-17T08:29:26.778+0700] {logging_mixin.py:154} INFO - [2023-12-17T08:29:26.778+0700] {dag.py:2941} INFO - Sync 1 DAGs
[2023-12-17T08:29:26.784+0700] {logging_mixin.py:154} INFO - [2023-12-17T08:29:26.783+0700] {dag.py:3722} INFO - Setting next_dagrun for example_sensor_decorator to None, run_after=None
[2023-12-17T08:29:26.793+0700] {processor.py:179} INFO - Processing /home/phuc/Practice/DataScience/DSProject/venv/lib/python3.10/site-packages/airflow/example_dags/example_sensor_decorator.py took 0.046 seconds
[2023-12-17T08:30:00.465+0700] {processor.py:157} INFO - Started process (PID=321366) to work on /home/phuc/Practice/DataScience/DSProject/venv/lib/python3.10/site-packages/airflow/example_dags/example_sensor_decorator.py
[2023-12-17T08:30:00.473+0700] {processor.py:829} INFO - Processing file /home/phuc/Practice/DataScience/DSProject/venv/lib/python3.10/site-packages/airflow/example_dags/example_sensor_decorator.py for tasks to queue
[2023-12-17T08:30:00.474+0700] {logging_mixin.py:154} INFO - [2023-12-17T08:30:00.473+0700] {dagbag.py:536} INFO - Filling up the DagBag from /home/phuc/Practice/DataScience/DSProject/venv/lib/python3.10/site-packages/airflow/example_dags/example_sensor_decorator.py
[2023-12-17T08:30:00.482+0700] {processor.py:839} INFO - DAG(s) dict_keys(['example_sensor_decorator']) retrieved from /home/phuc/Practice/DataScience/DSProject/venv/lib/python3.10/site-packages/airflow/example_dags/example_sensor_decorator.py
[2023-12-17T08:30:00.493+0700] {logging_mixin.py:154} INFO - [2023-12-17T08:30:00.493+0700] {dag.py:2941} INFO - Sync 1 DAGs
[2023-12-17T08:30:00.498+0700] {logging_mixin.py:154} INFO - [2023-12-17T08:30:00.498+0700] {dag.py:3722} INFO - Setting next_dagrun for example_sensor_decorator to None, run_after=None
[2023-12-17T08:30:00.508+0700] {processor.py:179} INFO - Processing /home/phuc/Practice/DataScience/DSProject/venv/lib/python3.10/site-packages/airflow/example_dags/example_sensor_decorator.py took 0.048 seconds
[2023-12-17T08:30:49.586+0700] {processor.py:157} INFO - Started process (PID=321626) to work on /home/phuc/Practice/DataScience/DSProject/venv/lib/python3.10/site-packages/airflow/example_dags/example_sensor_decorator.py
[2023-12-17T08:30:49.592+0700] {processor.py:829} INFO - Processing file /home/phuc/Practice/DataScience/DSProject/venv/lib/python3.10/site-packages/airflow/example_dags/example_sensor_decorator.py for tasks to queue
[2023-12-17T08:30:49.593+0700] {logging_mixin.py:154} INFO - [2023-12-17T08:30:49.593+0700] {dagbag.py:536} INFO - Filling up the DagBag from /home/phuc/Practice/DataScience/DSProject/venv/lib/python3.10/site-packages/airflow/example_dags/example_sensor_decorator.py
[2023-12-17T08:30:49.597+0700] {processor.py:839} INFO - DAG(s) dict_keys(['example_sensor_decorator']) retrieved from /home/phuc/Practice/DataScience/DSProject/venv/lib/python3.10/site-packages/airflow/example_dags/example_sensor_decorator.py
[2023-12-17T08:30:49.608+0700] {logging_mixin.py:154} INFO - [2023-12-17T08:30:49.608+0700] {dag.py:2941} INFO - Sync 1 DAGs
[2023-12-17T08:30:49.616+0700] {logging_mixin.py:154} INFO - [2023-12-17T08:30:49.616+0700] {dag.py:3722} INFO - Setting next_dagrun for example_sensor_decorator to None, run_after=None
[2023-12-17T08:30:49.629+0700] {processor.py:179} INFO - Processing /home/phuc/Practice/DataScience/DSProject/venv/lib/python3.10/site-packages/airflow/example_dags/example_sensor_decorator.py took 0.045 seconds
[2023-12-17T08:31:24.729+0700] {processor.py:157} INFO - Started process (PID=321878) to work on /home/phuc/Practice/DataScience/DSProject/venv/lib/python3.10/site-packages/airflow/example_dags/example_sensor_decorator.py
[2023-12-17T08:31:24.730+0700] {processor.py:829} INFO - Processing file /home/phuc/Practice/DataScience/DSProject/venv/lib/python3.10/site-packages/airflow/example_dags/example_sensor_decorator.py for tasks to queue
[2023-12-17T08:31:24.730+0700] {logging_mixin.py:154} INFO - [2023-12-17T08:31:24.730+0700] {dagbag.py:536} INFO - Filling up the DagBag from /home/phuc/Practice/DataScience/DSProject/venv/lib/python3.10/site-packages/airflow/example_dags/example_sensor_decorator.py
[2023-12-17T08:31:24.736+0700] {processor.py:839} INFO - DAG(s) dict_keys(['example_sensor_decorator']) retrieved from /home/phuc/Practice/DataScience/DSProject/venv/lib/python3.10/site-packages/airflow/example_dags/example_sensor_decorator.py
[2023-12-17T08:31:24.747+0700] {logging_mixin.py:154} INFO - [2023-12-17T08:31:24.747+0700] {dag.py:2941} INFO - Sync 1 DAGs
[2023-12-17T08:31:24.753+0700] {logging_mixin.py:154} INFO - [2023-12-17T08:31:24.753+0700] {dag.py:3722} INFO - Setting next_dagrun for example_sensor_decorator to None, run_after=None
[2023-12-17T08:31:24.763+0700] {processor.py:179} INFO - Processing /home/phuc/Practice/DataScience/DSProject/venv/lib/python3.10/site-packages/airflow/example_dags/example_sensor_decorator.py took 0.037 seconds
[2023-12-17T08:32:12.968+0700] {processor.py:157} INFO - Started process (PID=322513) to work on /home/phuc/Practice/DataScience/DSProject/venv/lib/python3.10/site-packages/airflow/example_dags/example_sensor_decorator.py
[2023-12-17T08:32:12.969+0700] {processor.py:829} INFO - Processing file /home/phuc/Practice/DataScience/DSProject/venv/lib/python3.10/site-packages/airflow/example_dags/example_sensor_decorator.py for tasks to queue
[2023-12-17T08:32:12.969+0700] {logging_mixin.py:154} INFO - [2023-12-17T08:32:12.969+0700] {dagbag.py:536} INFO - Filling up the DagBag from /home/phuc/Practice/DataScience/DSProject/venv/lib/python3.10/site-packages/airflow/example_dags/example_sensor_decorator.py
[2023-12-17T08:32:12.973+0700] {processor.py:839} INFO - DAG(s) dict_keys(['example_sensor_decorator']) retrieved from /home/phuc/Practice/DataScience/DSProject/venv/lib/python3.10/site-packages/airflow/example_dags/example_sensor_decorator.py
[2023-12-17T08:32:12.982+0700] {logging_mixin.py:154} INFO - [2023-12-17T08:32:12.982+0700] {dag.py:2941} INFO - Sync 1 DAGs
[2023-12-17T08:32:12.988+0700] {logging_mixin.py:154} INFO - [2023-12-17T08:32:12.988+0700] {dag.py:3722} INFO - Setting next_dagrun for example_sensor_decorator to None, run_after=None
[2023-12-17T08:32:12.999+0700] {processor.py:179} INFO - Processing /home/phuc/Practice/DataScience/DSProject/venv/lib/python3.10/site-packages/airflow/example_dags/example_sensor_decorator.py took 0.033 seconds
[2023-12-17T08:33:08.624+0700] {processor.py:157} INFO - Started process (PID=323086) to work on /home/phuc/Practice/DataScience/DSProject/venv/lib/python3.10/site-packages/airflow/example_dags/example_sensor_decorator.py
[2023-12-17T08:33:08.631+0700] {processor.py:829} INFO - Processing file /home/phuc/Practice/DataScience/DSProject/venv/lib/python3.10/site-packages/airflow/example_dags/example_sensor_decorator.py for tasks to queue
[2023-12-17T08:33:08.632+0700] {logging_mixin.py:154} INFO - [2023-12-17T08:33:08.632+0700] {dagbag.py:536} INFO - Filling up the DagBag from /home/phuc/Practice/DataScience/DSProject/venv/lib/python3.10/site-packages/airflow/example_dags/example_sensor_decorator.py
[2023-12-17T08:33:08.641+0700] {processor.py:839} INFO - DAG(s) dict_keys(['example_sensor_decorator']) retrieved from /home/phuc/Practice/DataScience/DSProject/venv/lib/python3.10/site-packages/airflow/example_dags/example_sensor_decorator.py
[2023-12-17T08:33:08.651+0700] {logging_mixin.py:154} INFO - [2023-12-17T08:33:08.651+0700] {dag.py:2941} INFO - Sync 1 DAGs
[2023-12-17T08:33:08.656+0700] {logging_mixin.py:154} INFO - [2023-12-17T08:33:08.656+0700] {dag.py:3722} INFO - Setting next_dagrun for example_sensor_decorator to None, run_after=None
[2023-12-17T08:33:08.666+0700] {processor.py:179} INFO - Processing /home/phuc/Practice/DataScience/DSProject/venv/lib/python3.10/site-packages/airflow/example_dags/example_sensor_decorator.py took 0.044 seconds
[2023-12-17T08:34:00.001+0700] {processor.py:157} INFO - Started process (PID=323375) to work on /home/phuc/Practice/DataScience/DSProject/venv/lib/python3.10/site-packages/airflow/example_dags/example_sensor_decorator.py
[2023-12-17T08:34:00.007+0700] {processor.py:829} INFO - Processing file /home/phuc/Practice/DataScience/DSProject/venv/lib/python3.10/site-packages/airflow/example_dags/example_sensor_decorator.py for tasks to queue
[2023-12-17T08:34:00.008+0700] {logging_mixin.py:154} INFO - [2023-12-17T08:34:00.008+0700] {dagbag.py:536} INFO - Filling up the DagBag from /home/phuc/Practice/DataScience/DSProject/venv/lib/python3.10/site-packages/airflow/example_dags/example_sensor_decorator.py
[2023-12-17T08:34:00.012+0700] {processor.py:839} INFO - DAG(s) dict_keys(['example_sensor_decorator']) retrieved from /home/phuc/Practice/DataScience/DSProject/venv/lib/python3.10/site-packages/airflow/example_dags/example_sensor_decorator.py
[2023-12-17T08:34:00.024+0700] {logging_mixin.py:154} INFO - [2023-12-17T08:34:00.024+0700] {dag.py:2941} INFO - Sync 1 DAGs
[2023-12-17T08:34:00.031+0700] {logging_mixin.py:154} INFO - [2023-12-17T08:34:00.031+0700] {dag.py:3722} INFO - Setting next_dagrun for example_sensor_decorator to None, run_after=None
[2023-12-17T08:34:00.044+0700] {processor.py:179} INFO - Processing /home/phuc/Practice/DataScience/DSProject/venv/lib/python3.10/site-packages/airflow/example_dags/example_sensor_decorator.py took 0.045 seconds
[2023-12-17T08:34:37.769+0700] {processor.py:157} INFO - Started process (PID=323720) to work on /home/phuc/Practice/DataScience/DSProject/venv/lib/python3.10/site-packages/airflow/example_dags/example_sensor_decorator.py
[2023-12-17T08:34:37.775+0700] {processor.py:829} INFO - Processing file /home/phuc/Practice/DataScience/DSProject/venv/lib/python3.10/site-packages/airflow/example_dags/example_sensor_decorator.py for tasks to queue
[2023-12-17T08:34:37.777+0700] {logging_mixin.py:154} INFO - [2023-12-17T08:34:37.776+0700] {dagbag.py:536} INFO - Filling up the DagBag from /home/phuc/Practice/DataScience/DSProject/venv/lib/python3.10/site-packages/airflow/example_dags/example_sensor_decorator.py
[2023-12-17T08:34:37.785+0700] {processor.py:839} INFO - DAG(s) dict_keys(['example_sensor_decorator']) retrieved from /home/phuc/Practice/DataScience/DSProject/venv/lib/python3.10/site-packages/airflow/example_dags/example_sensor_decorator.py
[2023-12-17T08:34:37.797+0700] {logging_mixin.py:154} INFO - [2023-12-17T08:34:37.796+0700] {dag.py:2941} INFO - Sync 1 DAGs
[2023-12-17T08:34:37.802+0700] {logging_mixin.py:154} INFO - [2023-12-17T08:34:37.802+0700] {dag.py:3722} INFO - Setting next_dagrun for example_sensor_decorator to None, run_after=None
[2023-12-17T08:34:37.811+0700] {processor.py:179} INFO - Processing /home/phuc/Practice/DataScience/DSProject/venv/lib/python3.10/site-packages/airflow/example_dags/example_sensor_decorator.py took 0.046 seconds
[2023-12-17T08:35:13.829+0700] {processor.py:157} INFO - Started process (PID=324002) to work on /home/phuc/Practice/DataScience/DSProject/venv/lib/python3.10/site-packages/airflow/example_dags/example_sensor_decorator.py
[2023-12-17T08:35:13.836+0700] {processor.py:829} INFO - Processing file /home/phuc/Practice/DataScience/DSProject/venv/lib/python3.10/site-packages/airflow/example_dags/example_sensor_decorator.py for tasks to queue
[2023-12-17T08:35:13.837+0700] {logging_mixin.py:154} INFO - [2023-12-17T08:35:13.836+0700] {dagbag.py:536} INFO - Filling up the DagBag from /home/phuc/Practice/DataScience/DSProject/venv/lib/python3.10/site-packages/airflow/example_dags/example_sensor_decorator.py
[2023-12-17T08:35:13.845+0700] {processor.py:839} INFO - DAG(s) dict_keys(['example_sensor_decorator']) retrieved from /home/phuc/Practice/DataScience/DSProject/venv/lib/python3.10/site-packages/airflow/example_dags/example_sensor_decorator.py
[2023-12-17T08:35:13.856+0700] {logging_mixin.py:154} INFO - [2023-12-17T08:35:13.856+0700] {dag.py:2941} INFO - Sync 1 DAGs
[2023-12-17T08:35:13.862+0700] {logging_mixin.py:154} INFO - [2023-12-17T08:35:13.862+0700] {dag.py:3722} INFO - Setting next_dagrun for example_sensor_decorator to None, run_after=None
[2023-12-17T08:35:13.872+0700] {processor.py:179} INFO - Processing /home/phuc/Practice/DataScience/DSProject/venv/lib/python3.10/site-packages/airflow/example_dags/example_sensor_decorator.py took 0.047 seconds
[2023-12-17T08:35:49.830+0700] {processor.py:157} INFO - Started process (PID=324305) to work on /home/phuc/Practice/DataScience/DSProject/venv/lib/python3.10/site-packages/airflow/example_dags/example_sensor_decorator.py
[2023-12-17T08:35:49.837+0700] {processor.py:829} INFO - Processing file /home/phuc/Practice/DataScience/DSProject/venv/lib/python3.10/site-packages/airflow/example_dags/example_sensor_decorator.py for tasks to queue
[2023-12-17T08:35:49.839+0700] {logging_mixin.py:154} INFO - [2023-12-17T08:35:49.838+0700] {dagbag.py:536} INFO - Filling up the DagBag from /home/phuc/Practice/DataScience/DSProject/venv/lib/python3.10/site-packages/airflow/example_dags/example_sensor_decorator.py
[2023-12-17T08:35:49.844+0700] {processor.py:839} INFO - DAG(s) dict_keys(['example_sensor_decorator']) retrieved from /home/phuc/Practice/DataScience/DSProject/venv/lib/python3.10/site-packages/airflow/example_dags/example_sensor_decorator.py
[2023-12-17T08:35:49.852+0700] {logging_mixin.py:154} INFO - [2023-12-17T08:35:49.852+0700] {dag.py:2941} INFO - Sync 1 DAGs
[2023-12-17T08:35:49.857+0700] {logging_mixin.py:154} INFO - [2023-12-17T08:35:49.857+0700] {dag.py:3722} INFO - Setting next_dagrun for example_sensor_decorator to None, run_after=None
[2023-12-17T08:35:49.866+0700] {processor.py:179} INFO - Processing /home/phuc/Practice/DataScience/DSProject/venv/lib/python3.10/site-packages/airflow/example_dags/example_sensor_decorator.py took 0.038 seconds
