[2023-12-17T08:03:51.480+0700] {processor.py:157} INFO - Started process (PID=309970) to work on /home/phuc/Practice/DataScience/DSProject/venv/lib/python3.10/site-packages/airflow/example_dags/example_bash_operator.py
[2023-12-17T08:03:51.480+0700] {processor.py:829} INFO - Processing file /home/phuc/Practice/DataScience/DSProject/venv/lib/python3.10/site-packages/airflow/example_dags/example_bash_operator.py for tasks to queue
[2023-12-17T08:03:51.481+0700] {logging_mixin.py:154} INFO - [2023-12-17T08:03:51.481+0700] {dagbag.py:536} INFO - Filling up the DagBag from /home/phuc/Practice/DataScience/DSProject/venv/lib/python3.10/site-packages/airflow/example_dags/example_bash_operator.py
[2023-12-17T08:03:51.489+0700] {processor.py:839} INFO - DAG(s) dict_keys(['example_bash_operator']) retrieved from /home/phuc/Practice/DataScience/DSProject/venv/lib/python3.10/site-packages/airflow/example_dags/example_bash_operator.py
[2023-12-17T08:03:51.583+0700] {logging_mixin.py:154} INFO - [2023-12-17T08:03:51.582+0700] {manager.py:499} INFO - Created Permission View: %s
[2023-12-17T08:03:51.592+0700] {logging_mixin.py:154} INFO - [2023-12-17T08:03:51.592+0700] {manager.py:499} INFO - Created Permission View: %s
[2023-12-17T08:03:51.598+0700] {logging_mixin.py:154} INFO - [2023-12-17T08:03:51.598+0700] {manager.py:499} INFO - Created Permission View: %s
[2023-12-17T08:03:51.598+0700] {logging_mixin.py:154} INFO - [2023-12-17T08:03:51.598+0700] {dag.py:2941} INFO - Sync 1 DAGs
[2023-12-17T08:03:51.605+0700] {logging_mixin.py:154} INFO - [2023-12-17T08:03:51.605+0700] {dag.py:2963} INFO - Creating ORM DAG for example_bash_operator
[2023-12-17T08:03:51.614+0700] {logging_mixin.py:154} INFO - [2023-12-17T08:03:51.614+0700] {dag.py:3722} INFO - Setting next_dagrun for example_bash_operator to 2023-12-16T00:00:00+00:00, run_after=2023-12-17T00:00:00+00:00
[2023-12-17T08:03:51.627+0700] {processor.py:179} INFO - Processing /home/phuc/Practice/DataScience/DSProject/venv/lib/python3.10/site-packages/airflow/example_dags/example_bash_operator.py took 0.150 seconds
[2023-12-17T08:06:05.756+0700] {processor.py:157} INFO - Started process (PID=311273) to work on /home/phuc/Practice/DataScience/DSProject/venv/lib/python3.10/site-packages/airflow/example_dags/example_bash_operator.py
[2023-12-17T08:06:05.764+0700] {processor.py:829} INFO - Processing file /home/phuc/Practice/DataScience/DSProject/venv/lib/python3.10/site-packages/airflow/example_dags/example_bash_operator.py for tasks to queue
[2023-12-17T08:06:05.765+0700] {logging_mixin.py:154} INFO - [2023-12-17T08:06:05.764+0700] {dagbag.py:536} INFO - Filling up the DagBag from /home/phuc/Practice/DataScience/DSProject/venv/lib/python3.10/site-packages/airflow/example_dags/example_bash_operator.py
[2023-12-17T08:06:05.774+0700] {processor.py:839} INFO - DAG(s) dict_keys(['example_bash_operator']) retrieved from /home/phuc/Practice/DataScience/DSProject/venv/lib/python3.10/site-packages/airflow/example_dags/example_bash_operator.py
[2023-12-17T08:06:05.793+0700] {logging_mixin.py:154} INFO - [2023-12-17T08:06:05.793+0700] {dag.py:2941} INFO - Sync 1 DAGs
[2023-12-17T08:06:05.808+0700] {logging_mixin.py:154} INFO - [2023-12-17T08:06:05.808+0700] {dag.py:3722} INFO - Setting next_dagrun for example_bash_operator to 2023-12-16T00:00:00+00:00, run_after=2023-12-17T00:00:00+00:00
[2023-12-17T08:06:05.822+0700] {processor.py:179} INFO - Processing /home/phuc/Practice/DataScience/DSProject/venv/lib/python3.10/site-packages/airflow/example_dags/example_bash_operator.py took 0.068 seconds
[2023-12-17T08:07:01.326+0700] {processor.py:157} INFO - Started process (PID=311869) to work on /home/phuc/Practice/DataScience/DSProject/venv/lib/python3.10/site-packages/airflow/example_dags/example_bash_operator.py
[2023-12-17T08:07:01.333+0700] {processor.py:829} INFO - Processing file /home/phuc/Practice/DataScience/DSProject/venv/lib/python3.10/site-packages/airflow/example_dags/example_bash_operator.py for tasks to queue
[2023-12-17T08:07:01.335+0700] {logging_mixin.py:154} INFO - [2023-12-17T08:07:01.334+0700] {dagbag.py:536} INFO - Filling up the DagBag from /home/phuc/Practice/DataScience/DSProject/venv/lib/python3.10/site-packages/airflow/example_dags/example_bash_operator.py
[2023-12-17T08:07:01.348+0700] {processor.py:839} INFO - DAG(s) dict_keys(['example_bash_operator']) retrieved from /home/phuc/Practice/DataScience/DSProject/venv/lib/python3.10/site-packages/airflow/example_dags/example_bash_operator.py
[2023-12-17T08:07:01.365+0700] {logging_mixin.py:154} INFO - [2023-12-17T08:07:01.365+0700] {dag.py:2941} INFO - Sync 1 DAGs
[2023-12-17T08:07:01.378+0700] {logging_mixin.py:154} INFO - [2023-12-17T08:07:01.377+0700] {dag.py:3722} INFO - Setting next_dagrun for example_bash_operator to 2023-12-16T00:00:00+00:00, run_after=2023-12-17T00:00:00+00:00
[2023-12-17T08:07:01.391+0700] {processor.py:179} INFO - Processing /home/phuc/Practice/DataScience/DSProject/venv/lib/python3.10/site-packages/airflow/example_dags/example_bash_operator.py took 0.070 seconds
[2023-12-17T08:08:54.716+0700] {processor.py:157} INFO - Started process (PID=313243) to work on /home/phuc/Practice/DataScience/DSProject/venv/lib/python3.10/site-packages/airflow/example_dags/example_bash_operator.py
[2023-12-17T08:08:54.723+0700] {processor.py:829} INFO - Processing file /home/phuc/Practice/DataScience/DSProject/venv/lib/python3.10/site-packages/airflow/example_dags/example_bash_operator.py for tasks to queue
[2023-12-17T08:08:54.724+0700] {logging_mixin.py:154} INFO - [2023-12-17T08:08:54.723+0700] {dagbag.py:536} INFO - Filling up the DagBag from /home/phuc/Practice/DataScience/DSProject/venv/lib/python3.10/site-packages/airflow/example_dags/example_bash_operator.py
[2023-12-17T08:08:54.735+0700] {processor.py:839} INFO - DAG(s) dict_keys(['example_bash_operator']) retrieved from /home/phuc/Practice/DataScience/DSProject/venv/lib/python3.10/site-packages/airflow/example_dags/example_bash_operator.py
[2023-12-17T08:08:54.758+0700] {logging_mixin.py:154} INFO - [2023-12-17T08:08:54.758+0700] {dag.py:2941} INFO - Sync 1 DAGs
[2023-12-17T08:08:54.776+0700] {logging_mixin.py:154} INFO - [2023-12-17T08:08:54.776+0700] {dag.py:3722} INFO - Setting next_dagrun for example_bash_operator to 2023-12-16T00:00:00+00:00, run_after=2023-12-17T00:00:00+00:00
[2023-12-17T08:08:54.797+0700] {processor.py:179} INFO - Processing /home/phuc/Practice/DataScience/DSProject/venv/lib/python3.10/site-packages/airflow/example_dags/example_bash_operator.py took 0.084 seconds
[2023-12-17T08:09:44.477+0700] {processor.py:157} INFO - Started process (PID=313567) to work on /home/phuc/Practice/DataScience/DSProject/venv/lib/python3.10/site-packages/airflow/example_dags/example_bash_operator.py
[2023-12-17T08:09:44.484+0700] {processor.py:829} INFO - Processing file /home/phuc/Practice/DataScience/DSProject/venv/lib/python3.10/site-packages/airflow/example_dags/example_bash_operator.py for tasks to queue
[2023-12-17T08:09:44.484+0700] {logging_mixin.py:154} INFO - [2023-12-17T08:09:44.484+0700] {dagbag.py:536} INFO - Filling up the DagBag from /home/phuc/Practice/DataScience/DSProject/venv/lib/python3.10/site-packages/airflow/example_dags/example_bash_operator.py
[2023-12-17T08:09:44.492+0700] {processor.py:839} INFO - DAG(s) dict_keys(['example_bash_operator']) retrieved from /home/phuc/Practice/DataScience/DSProject/venv/lib/python3.10/site-packages/airflow/example_dags/example_bash_operator.py
[2023-12-17T08:09:44.506+0700] {logging_mixin.py:154} INFO - [2023-12-17T08:09:44.506+0700] {dag.py:2941} INFO - Sync 1 DAGs
[2023-12-17T08:09:44.519+0700] {logging_mixin.py:154} INFO - [2023-12-17T08:09:44.519+0700] {dag.py:3722} INFO - Setting next_dagrun for example_bash_operator to 2023-12-16T00:00:00+00:00, run_after=2023-12-17T00:00:00+00:00
[2023-12-17T08:09:44.534+0700] {processor.py:179} INFO - Processing /home/phuc/Practice/DataScience/DSProject/venv/lib/python3.10/site-packages/airflow/example_dags/example_bash_operator.py took 0.060 seconds
[2023-12-17T08:10:34.665+0700] {processor.py:157} INFO - Started process (PID=313903) to work on /home/phuc/Practice/DataScience/DSProject/venv/lib/python3.10/site-packages/airflow/example_dags/example_bash_operator.py
[2023-12-17T08:10:34.672+0700] {processor.py:829} INFO - Processing file /home/phuc/Practice/DataScience/DSProject/venv/lib/python3.10/site-packages/airflow/example_dags/example_bash_operator.py for tasks to queue
[2023-12-17T08:10:34.674+0700] {logging_mixin.py:154} INFO - [2023-12-17T08:10:34.673+0700] {dagbag.py:536} INFO - Filling up the DagBag from /home/phuc/Practice/DataScience/DSProject/venv/lib/python3.10/site-packages/airflow/example_dags/example_bash_operator.py
[2023-12-17T08:10:34.688+0700] {processor.py:839} INFO - DAG(s) dict_keys(['example_bash_operator']) retrieved from /home/phuc/Practice/DataScience/DSProject/venv/lib/python3.10/site-packages/airflow/example_dags/example_bash_operator.py
[2023-12-17T08:10:34.701+0700] {logging_mixin.py:154} INFO - [2023-12-17T08:10:34.701+0700] {dag.py:2941} INFO - Sync 1 DAGs
[2023-12-17T08:10:34.712+0700] {logging_mixin.py:154} INFO - [2023-12-17T08:10:34.712+0700] {dag.py:3722} INFO - Setting next_dagrun for example_bash_operator to 2023-12-16T00:00:00+00:00, run_after=2023-12-17T00:00:00+00:00
[2023-12-17T08:10:34.723+0700] {processor.py:179} INFO - Processing /home/phuc/Practice/DataScience/DSProject/venv/lib/python3.10/site-packages/airflow/example_dags/example_bash_operator.py took 0.062 seconds
[2023-12-17T08:11:24.261+0700] {processor.py:157} INFO - Started process (PID=314121) to work on /home/phuc/Practice/DataScience/DSProject/venv/lib/python3.10/site-packages/airflow/example_dags/example_bash_operator.py
[2023-12-17T08:11:24.268+0700] {processor.py:829} INFO - Processing file /home/phuc/Practice/DataScience/DSProject/venv/lib/python3.10/site-packages/airflow/example_dags/example_bash_operator.py for tasks to queue
[2023-12-17T08:11:24.270+0700] {logging_mixin.py:154} INFO - [2023-12-17T08:11:24.269+0700] {dagbag.py:536} INFO - Filling up the DagBag from /home/phuc/Practice/DataScience/DSProject/venv/lib/python3.10/site-packages/airflow/example_dags/example_bash_operator.py
[2023-12-17T08:11:24.285+0700] {processor.py:839} INFO - DAG(s) dict_keys(['example_bash_operator']) retrieved from /home/phuc/Practice/DataScience/DSProject/venv/lib/python3.10/site-packages/airflow/example_dags/example_bash_operator.py
[2023-12-17T08:11:24.298+0700] {logging_mixin.py:154} INFO - [2023-12-17T08:11:24.297+0700] {dag.py:2941} INFO - Sync 1 DAGs
[2023-12-17T08:11:24.307+0700] {logging_mixin.py:154} INFO - [2023-12-17T08:11:24.307+0700] {dag.py:3722} INFO - Setting next_dagrun for example_bash_operator to 2023-12-16T00:00:00+00:00, run_after=2023-12-17T00:00:00+00:00
[2023-12-17T08:11:24.319+0700] {processor.py:179} INFO - Processing /home/phuc/Practice/DataScience/DSProject/venv/lib/python3.10/site-packages/airflow/example_dags/example_bash_operator.py took 0.062 seconds
[2023-12-17T08:12:13.850+0700] {processor.py:157} INFO - Started process (PID=314364) to work on /home/phuc/Practice/DataScience/DSProject/venv/lib/python3.10/site-packages/airflow/example_dags/example_bash_operator.py
[2023-12-17T08:12:13.857+0700] {processor.py:829} INFO - Processing file /home/phuc/Practice/DataScience/DSProject/venv/lib/python3.10/site-packages/airflow/example_dags/example_bash_operator.py for tasks to queue
[2023-12-17T08:12:13.858+0700] {logging_mixin.py:154} INFO - [2023-12-17T08:12:13.858+0700] {dagbag.py:536} INFO - Filling up the DagBag from /home/phuc/Practice/DataScience/DSProject/venv/lib/python3.10/site-packages/airflow/example_dags/example_bash_operator.py
[2023-12-17T08:12:13.873+0700] {processor.py:839} INFO - DAG(s) dict_keys(['example_bash_operator']) retrieved from /home/phuc/Practice/DataScience/DSProject/venv/lib/python3.10/site-packages/airflow/example_dags/example_bash_operator.py
[2023-12-17T08:12:13.886+0700] {logging_mixin.py:154} INFO - [2023-12-17T08:12:13.886+0700] {dag.py:2941} INFO - Sync 1 DAGs
[2023-12-17T08:12:13.896+0700] {logging_mixin.py:154} INFO - [2023-12-17T08:12:13.896+0700] {dag.py:3722} INFO - Setting next_dagrun for example_bash_operator to 2023-12-16T00:00:00+00:00, run_after=2023-12-17T00:00:00+00:00
[2023-12-17T08:12:13.908+0700] {processor.py:179} INFO - Processing /home/phuc/Practice/DataScience/DSProject/venv/lib/python3.10/site-packages/airflow/example_dags/example_bash_operator.py took 0.061 seconds
[2023-12-17T08:13:03.867+0700] {processor.py:157} INFO - Started process (PID=314589) to work on /home/phuc/Practice/DataScience/DSProject/venv/lib/python3.10/site-packages/airflow/example_dags/example_bash_operator.py
[2023-12-17T08:13:03.874+0700] {processor.py:829} INFO - Processing file /home/phuc/Practice/DataScience/DSProject/venv/lib/python3.10/site-packages/airflow/example_dags/example_bash_operator.py for tasks to queue
[2023-12-17T08:13:03.875+0700] {logging_mixin.py:154} INFO - [2023-12-17T08:13:03.875+0700] {dagbag.py:536} INFO - Filling up the DagBag from /home/phuc/Practice/DataScience/DSProject/venv/lib/python3.10/site-packages/airflow/example_dags/example_bash_operator.py
[2023-12-17T08:13:03.889+0700] {processor.py:839} INFO - DAG(s) dict_keys(['example_bash_operator']) retrieved from /home/phuc/Practice/DataScience/DSProject/venv/lib/python3.10/site-packages/airflow/example_dags/example_bash_operator.py
[2023-12-17T08:13:03.902+0700] {logging_mixin.py:154} INFO - [2023-12-17T08:13:03.902+0700] {dag.py:2941} INFO - Sync 1 DAGs
[2023-12-17T08:13:03.912+0700] {logging_mixin.py:154} INFO - [2023-12-17T08:13:03.912+0700] {dag.py:3722} INFO - Setting next_dagrun for example_bash_operator to 2023-12-16T00:00:00+00:00, run_after=2023-12-17T00:00:00+00:00
[2023-12-17T08:13:03.924+0700] {processor.py:179} INFO - Processing /home/phuc/Practice/DataScience/DSProject/venv/lib/python3.10/site-packages/airflow/example_dags/example_bash_operator.py took 0.059 seconds
[2023-12-17T08:14:05.591+0700] {processor.py:157} INFO - Started process (PID=314917) to work on /home/phuc/Practice/DataScience/DSProject/venv/lib/python3.10/site-packages/airflow/example_dags/example_bash_operator.py
[2023-12-17T08:14:05.598+0700] {processor.py:829} INFO - Processing file /home/phuc/Practice/DataScience/DSProject/venv/lib/python3.10/site-packages/airflow/example_dags/example_bash_operator.py for tasks to queue
[2023-12-17T08:14:05.600+0700] {logging_mixin.py:154} INFO - [2023-12-17T08:14:05.599+0700] {dagbag.py:536} INFO - Filling up the DagBag from /home/phuc/Practice/DataScience/DSProject/venv/lib/python3.10/site-packages/airflow/example_dags/example_bash_operator.py
[2023-12-17T08:14:05.614+0700] {processor.py:839} INFO - DAG(s) dict_keys(['example_bash_operator']) retrieved from /home/phuc/Practice/DataScience/DSProject/venv/lib/python3.10/site-packages/airflow/example_dags/example_bash_operator.py
[2023-12-17T08:14:05.629+0700] {logging_mixin.py:154} INFO - [2023-12-17T08:14:05.629+0700] {dag.py:2941} INFO - Sync 1 DAGs
[2023-12-17T08:14:05.639+0700] {logging_mixin.py:154} INFO - [2023-12-17T08:14:05.639+0700] {dag.py:3722} INFO - Setting next_dagrun for example_bash_operator to 2023-12-16T00:00:00+00:00, run_after=2023-12-17T00:00:00+00:00
[2023-12-17T08:14:05.651+0700] {processor.py:179} INFO - Processing /home/phuc/Practice/DataScience/DSProject/venv/lib/python3.10/site-packages/airflow/example_dags/example_bash_operator.py took 0.062 seconds
[2023-12-17T08:14:58.173+0700] {processor.py:157} INFO - Started process (PID=315157) to work on /home/phuc/Practice/DataScience/DSProject/venv/lib/python3.10/site-packages/airflow/example_dags/example_bash_operator.py
[2023-12-17T08:14:58.180+0700] {processor.py:829} INFO - Processing file /home/phuc/Practice/DataScience/DSProject/venv/lib/python3.10/site-packages/airflow/example_dags/example_bash_operator.py for tasks to queue
[2023-12-17T08:14:58.181+0700] {logging_mixin.py:154} INFO - [2023-12-17T08:14:58.181+0700] {dagbag.py:536} INFO - Filling up the DagBag from /home/phuc/Practice/DataScience/DSProject/venv/lib/python3.10/site-packages/airflow/example_dags/example_bash_operator.py
[2023-12-17T08:14:58.196+0700] {processor.py:839} INFO - DAG(s) dict_keys(['example_bash_operator']) retrieved from /home/phuc/Practice/DataScience/DSProject/venv/lib/python3.10/site-packages/airflow/example_dags/example_bash_operator.py
[2023-12-17T08:14:58.210+0700] {logging_mixin.py:154} INFO - [2023-12-17T08:14:58.209+0700] {dag.py:2941} INFO - Sync 1 DAGs
[2023-12-17T08:14:58.220+0700] {logging_mixin.py:154} INFO - [2023-12-17T08:14:58.220+0700] {dag.py:3722} INFO - Setting next_dagrun for example_bash_operator to 2023-12-16T00:00:00+00:00, run_after=2023-12-17T00:00:00+00:00
[2023-12-17T08:14:58.231+0700] {processor.py:179} INFO - Processing /home/phuc/Practice/DataScience/DSProject/venv/lib/python3.10/site-packages/airflow/example_dags/example_bash_operator.py took 0.062 seconds
[2023-12-17T08:15:51.705+0700] {processor.py:157} INFO - Started process (PID=315383) to work on /home/phuc/Practice/DataScience/DSProject/venv/lib/python3.10/site-packages/airflow/example_dags/example_bash_operator.py
[2023-12-17T08:15:51.711+0700] {processor.py:829} INFO - Processing file /home/phuc/Practice/DataScience/DSProject/venv/lib/python3.10/site-packages/airflow/example_dags/example_bash_operator.py for tasks to queue
[2023-12-17T08:15:51.713+0700] {logging_mixin.py:154} INFO - [2023-12-17T08:15:51.712+0700] {dagbag.py:536} INFO - Filling up the DagBag from /home/phuc/Practice/DataScience/DSProject/venv/lib/python3.10/site-packages/airflow/example_dags/example_bash_operator.py
[2023-12-17T08:15:51.727+0700] {processor.py:839} INFO - DAG(s) dict_keys(['example_bash_operator']) retrieved from /home/phuc/Practice/DataScience/DSProject/venv/lib/python3.10/site-packages/airflow/example_dags/example_bash_operator.py
[2023-12-17T08:15:51.740+0700] {logging_mixin.py:154} INFO - [2023-12-17T08:15:51.740+0700] {dag.py:2941} INFO - Sync 1 DAGs
[2023-12-17T08:15:51.750+0700] {logging_mixin.py:154} INFO - [2023-12-17T08:15:51.750+0700] {dag.py:3722} INFO - Setting next_dagrun for example_bash_operator to 2023-12-16T00:00:00+00:00, run_after=2023-12-17T00:00:00+00:00
[2023-12-17T08:15:51.761+0700] {processor.py:179} INFO - Processing /home/phuc/Practice/DataScience/DSProject/venv/lib/python3.10/site-packages/airflow/example_dags/example_bash_operator.py took 0.060 seconds
[2023-12-17T08:18:20.967+0700] {processor.py:157} INFO - Started process (PID=316528) to work on /home/phuc/Practice/DataScience/DSProject/venv/lib/python3.10/site-packages/airflow/example_dags/example_bash_operator.py
[2023-12-17T08:18:20.974+0700] {processor.py:829} INFO - Processing file /home/phuc/Practice/DataScience/DSProject/venv/lib/python3.10/site-packages/airflow/example_dags/example_bash_operator.py for tasks to queue
[2023-12-17T08:18:20.975+0700] {logging_mixin.py:154} INFO - [2023-12-17T08:18:20.975+0700] {dagbag.py:536} INFO - Filling up the DagBag from /home/phuc/Practice/DataScience/DSProject/venv/lib/python3.10/site-packages/airflow/example_dags/example_bash_operator.py
[2023-12-17T08:18:20.983+0700] {processor.py:839} INFO - DAG(s) dict_keys(['example_bash_operator']) retrieved from /home/phuc/Practice/DataScience/DSProject/venv/lib/python3.10/site-packages/airflow/example_dags/example_bash_operator.py
[2023-12-17T08:18:20.998+0700] {logging_mixin.py:154} INFO - [2023-12-17T08:18:20.998+0700] {dag.py:2941} INFO - Sync 1 DAGs
[2023-12-17T08:18:21.009+0700] {logging_mixin.py:154} INFO - [2023-12-17T08:18:21.008+0700] {dag.py:3722} INFO - Setting next_dagrun for example_bash_operator to 2023-12-16T00:00:00+00:00, run_after=2023-12-17T00:00:00+00:00
[2023-12-17T08:18:21.022+0700] {processor.py:179} INFO - Processing /home/phuc/Practice/DataScience/DSProject/venv/lib/python3.10/site-packages/airflow/example_dags/example_bash_operator.py took 0.057 seconds
[2023-12-17T08:19:13.530+0700] {processor.py:157} INFO - Started process (PID=317060) to work on /home/phuc/Practice/DataScience/DSProject/venv/lib/python3.10/site-packages/airflow/example_dags/example_bash_operator.py
[2023-12-17T08:19:13.537+0700] {processor.py:829} INFO - Processing file /home/phuc/Practice/DataScience/DSProject/venv/lib/python3.10/site-packages/airflow/example_dags/example_bash_operator.py for tasks to queue
[2023-12-17T08:19:13.539+0700] {logging_mixin.py:154} INFO - [2023-12-17T08:19:13.538+0700] {dagbag.py:536} INFO - Filling up the DagBag from /home/phuc/Practice/DataScience/DSProject/venv/lib/python3.10/site-packages/airflow/example_dags/example_bash_operator.py
[2023-12-17T08:19:13.553+0700] {processor.py:839} INFO - DAG(s) dict_keys(['example_bash_operator']) retrieved from /home/phuc/Practice/DataScience/DSProject/venv/lib/python3.10/site-packages/airflow/example_dags/example_bash_operator.py
[2023-12-17T08:19:13.570+0700] {logging_mixin.py:154} INFO - [2023-12-17T08:19:13.570+0700] {dag.py:2941} INFO - Sync 1 DAGs
[2023-12-17T08:19:13.584+0700] {logging_mixin.py:154} INFO - [2023-12-17T08:19:13.584+0700] {dag.py:3722} INFO - Setting next_dagrun for example_bash_operator to 2023-12-16T00:00:00+00:00, run_after=2023-12-17T00:00:00+00:00
[2023-12-17T08:19:13.599+0700] {processor.py:179} INFO - Processing /home/phuc/Practice/DataScience/DSProject/venv/lib/python3.10/site-packages/airflow/example_dags/example_bash_operator.py took 0.072 seconds
[2023-12-17T08:20:06.999+0700] {processor.py:157} INFO - Started process (PID=317608) to work on /home/phuc/Practice/DataScience/DSProject/venv/lib/python3.10/site-packages/airflow/example_dags/example_bash_operator.py
[2023-12-17T08:20:07.000+0700] {processor.py:829} INFO - Processing file /home/phuc/Practice/DataScience/DSProject/venv/lib/python3.10/site-packages/airflow/example_dags/example_bash_operator.py for tasks to queue
[2023-12-17T08:20:07.000+0700] {logging_mixin.py:154} INFO - [2023-12-17T08:20:07.000+0700] {dagbag.py:536} INFO - Filling up the DagBag from /home/phuc/Practice/DataScience/DSProject/venv/lib/python3.10/site-packages/airflow/example_dags/example_bash_operator.py
[2023-12-17T08:20:07.011+0700] {processor.py:839} INFO - DAG(s) dict_keys(['example_bash_operator']) retrieved from /home/phuc/Practice/DataScience/DSProject/venv/lib/python3.10/site-packages/airflow/example_dags/example_bash_operator.py
[2023-12-17T08:20:07.034+0700] {logging_mixin.py:154} INFO - [2023-12-17T08:20:07.033+0700] {dag.py:2941} INFO - Sync 1 DAGs
[2023-12-17T08:20:07.051+0700] {logging_mixin.py:154} INFO - [2023-12-17T08:20:07.050+0700] {dag.py:3722} INFO - Setting next_dagrun for example_bash_operator to 2023-12-16T00:00:00+00:00, run_after=2023-12-17T00:00:00+00:00
[2023-12-17T08:20:07.070+0700] {processor.py:179} INFO - Processing /home/phuc/Practice/DataScience/DSProject/venv/lib/python3.10/site-packages/airflow/example_dags/example_bash_operator.py took 0.074 seconds
[2023-12-17T08:23:21.511+0700] {processor.py:157} INFO - Started process (PID=319449) to work on /home/phuc/Practice/DataScience/DSProject/venv/lib/python3.10/site-packages/airflow/example_dags/example_bash_operator.py
[2023-12-17T08:23:21.517+0700] {processor.py:829} INFO - Processing file /home/phuc/Practice/DataScience/DSProject/venv/lib/python3.10/site-packages/airflow/example_dags/example_bash_operator.py for tasks to queue
[2023-12-17T08:23:21.518+0700] {logging_mixin.py:154} INFO - [2023-12-17T08:23:21.518+0700] {dagbag.py:536} INFO - Filling up the DagBag from /home/phuc/Practice/DataScience/DSProject/venv/lib/python3.10/site-packages/airflow/example_dags/example_bash_operator.py
[2023-12-17T08:23:21.525+0700] {processor.py:839} INFO - DAG(s) dict_keys(['example_bash_operator']) retrieved from /home/phuc/Practice/DataScience/DSProject/venv/lib/python3.10/site-packages/airflow/example_dags/example_bash_operator.py
[2023-12-17T08:23:21.541+0700] {logging_mixin.py:154} INFO - [2023-12-17T08:23:21.540+0700] {dag.py:2941} INFO - Sync 1 DAGs
[2023-12-17T08:23:21.553+0700] {logging_mixin.py:154} INFO - [2023-12-17T08:23:21.553+0700] {dag.py:3722} INFO - Setting next_dagrun for example_bash_operator to 2023-12-16T00:00:00+00:00, run_after=2023-12-17T00:00:00+00:00
[2023-12-17T08:23:21.566+0700] {processor.py:179} INFO - Processing /home/phuc/Practice/DataScience/DSProject/venv/lib/python3.10/site-packages/airflow/example_dags/example_bash_operator.py took 0.057 seconds
[2023-12-17T08:24:18.107+0700] {processor.py:157} INFO - Started process (PID=319772) to work on /home/phuc/Practice/DataScience/DSProject/venv/lib/python3.10/site-packages/airflow/example_dags/example_bash_operator.py
[2023-12-17T08:24:18.107+0700] {processor.py:829} INFO - Processing file /home/phuc/Practice/DataScience/DSProject/venv/lib/python3.10/site-packages/airflow/example_dags/example_bash_operator.py for tasks to queue
[2023-12-17T08:24:18.108+0700] {logging_mixin.py:154} INFO - [2023-12-17T08:24:18.107+0700] {dagbag.py:536} INFO - Filling up the DagBag from /home/phuc/Practice/DataScience/DSProject/venv/lib/python3.10/site-packages/airflow/example_dags/example_bash_operator.py
[2023-12-17T08:24:18.114+0700] {processor.py:839} INFO - DAG(s) dict_keys(['example_bash_operator']) retrieved from /home/phuc/Practice/DataScience/DSProject/venv/lib/python3.10/site-packages/airflow/example_dags/example_bash_operator.py
[2023-12-17T08:24:18.128+0700] {logging_mixin.py:154} INFO - [2023-12-17T08:24:18.128+0700] {dag.py:2941} INFO - Sync 1 DAGs
[2023-12-17T08:24:18.139+0700] {logging_mixin.py:154} INFO - [2023-12-17T08:24:18.139+0700] {dag.py:3722} INFO - Setting next_dagrun for example_bash_operator to 2023-12-16T00:00:00+00:00, run_after=2023-12-17T00:00:00+00:00
[2023-12-17T08:24:18.155+0700] {processor.py:179} INFO - Processing /home/phuc/Practice/DataScience/DSProject/venv/lib/python3.10/site-packages/airflow/example_dags/example_bash_operator.py took 0.052 seconds
[2023-12-17T08:25:13.572+0700] {processor.py:157} INFO - Started process (PID=320031) to work on /home/phuc/Practice/DataScience/DSProject/venv/lib/python3.10/site-packages/airflow/example_dags/example_bash_operator.py
[2023-12-17T08:25:13.579+0700] {processor.py:829} INFO - Processing file /home/phuc/Practice/DataScience/DSProject/venv/lib/python3.10/site-packages/airflow/example_dags/example_bash_operator.py for tasks to queue
[2023-12-17T08:25:13.580+0700] {logging_mixin.py:154} INFO - [2023-12-17T08:25:13.580+0700] {dagbag.py:536} INFO - Filling up the DagBag from /home/phuc/Practice/DataScience/DSProject/venv/lib/python3.10/site-packages/airflow/example_dags/example_bash_operator.py
[2023-12-17T08:25:13.595+0700] {processor.py:839} INFO - DAG(s) dict_keys(['example_bash_operator']) retrieved from /home/phuc/Practice/DataScience/DSProject/venv/lib/python3.10/site-packages/airflow/example_dags/example_bash_operator.py
[2023-12-17T08:25:13.611+0700] {logging_mixin.py:154} INFO - [2023-12-17T08:25:13.611+0700] {dag.py:2941} INFO - Sync 1 DAGs
[2023-12-17T08:25:13.626+0700] {logging_mixin.py:154} INFO - [2023-12-17T08:25:13.626+0700] {dag.py:3722} INFO - Setting next_dagrun for example_bash_operator to 2023-12-16T00:00:00+00:00, run_after=2023-12-17T00:00:00+00:00
[2023-12-17T08:25:13.638+0700] {processor.py:179} INFO - Processing /home/phuc/Practice/DataScience/DSProject/venv/lib/python3.10/site-packages/airflow/example_dags/example_bash_operator.py took 0.070 seconds
[2023-12-17T08:26:03.792+0700] {processor.py:157} INFO - Started process (PID=320254) to work on /home/phuc/Practice/DataScience/DSProject/venv/lib/python3.10/site-packages/airflow/example_dags/example_bash_operator.py
[2023-12-17T08:26:03.799+0700] {processor.py:829} INFO - Processing file /home/phuc/Practice/DataScience/DSProject/venv/lib/python3.10/site-packages/airflow/example_dags/example_bash_operator.py for tasks to queue
[2023-12-17T08:26:03.800+0700] {logging_mixin.py:154} INFO - [2023-12-17T08:26:03.800+0700] {dagbag.py:536} INFO - Filling up the DagBag from /home/phuc/Practice/DataScience/DSProject/venv/lib/python3.10/site-packages/airflow/example_dags/example_bash_operator.py
[2023-12-17T08:26:03.815+0700] {processor.py:839} INFO - DAG(s) dict_keys(['example_bash_operator']) retrieved from /home/phuc/Practice/DataScience/DSProject/venv/lib/python3.10/site-packages/airflow/example_dags/example_bash_operator.py
[2023-12-17T08:26:03.829+0700] {logging_mixin.py:154} INFO - [2023-12-17T08:26:03.828+0700] {dag.py:2941} INFO - Sync 1 DAGs
[2023-12-17T08:26:03.839+0700] {logging_mixin.py:154} INFO - [2023-12-17T08:26:03.839+0700] {dag.py:3722} INFO - Setting next_dagrun for example_bash_operator to 2023-12-16T00:00:00+00:00, run_after=2023-12-17T00:00:00+00:00
[2023-12-17T08:26:03.851+0700] {processor.py:179} INFO - Processing /home/phuc/Practice/DataScience/DSProject/venv/lib/python3.10/site-packages/airflow/example_dags/example_bash_operator.py took 0.063 seconds
[2023-12-17T08:26:54.366+0700] {processor.py:157} INFO - Started process (PID=320558) to work on /home/phuc/Practice/DataScience/DSProject/venv/lib/python3.10/site-packages/airflow/example_dags/example_bash_operator.py
[2023-12-17T08:26:54.373+0700] {processor.py:829} INFO - Processing file /home/phuc/Practice/DataScience/DSProject/venv/lib/python3.10/site-packages/airflow/example_dags/example_bash_operator.py for tasks to queue
[2023-12-17T08:26:54.373+0700] {logging_mixin.py:154} INFO - [2023-12-17T08:26:54.373+0700] {dagbag.py:536} INFO - Filling up the DagBag from /home/phuc/Practice/DataScience/DSProject/venv/lib/python3.10/site-packages/airflow/example_dags/example_bash_operator.py
[2023-12-17T08:26:54.384+0700] {processor.py:839} INFO - DAG(s) dict_keys(['example_bash_operator']) retrieved from /home/phuc/Practice/DataScience/DSProject/venv/lib/python3.10/site-packages/airflow/example_dags/example_bash_operator.py
[2023-12-17T08:26:54.398+0700] {logging_mixin.py:154} INFO - [2023-12-17T08:26:54.398+0700] {dag.py:2941} INFO - Sync 1 DAGs
[2023-12-17T08:26:54.408+0700] {logging_mixin.py:154} INFO - [2023-12-17T08:26:54.408+0700] {dag.py:3722} INFO - Setting next_dagrun for example_bash_operator to 2023-12-16T00:00:00+00:00, run_after=2023-12-17T00:00:00+00:00
[2023-12-17T08:26:54.420+0700] {processor.py:179} INFO - Processing /home/phuc/Practice/DataScience/DSProject/venv/lib/python3.10/site-packages/airflow/example_dags/example_bash_operator.py took 0.056 seconds
[2023-12-17T08:27:46.253+0700] {processor.py:157} INFO - Started process (PID=320782) to work on /home/phuc/Practice/DataScience/DSProject/venv/lib/python3.10/site-packages/airflow/example_dags/example_bash_operator.py
[2023-12-17T08:27:46.261+0700] {processor.py:829} INFO - Processing file /home/phuc/Practice/DataScience/DSProject/venv/lib/python3.10/site-packages/airflow/example_dags/example_bash_operator.py for tasks to queue
[2023-12-17T08:27:46.262+0700] {logging_mixin.py:154} INFO - [2023-12-17T08:27:46.261+0700] {dagbag.py:536} INFO - Filling up the DagBag from /home/phuc/Practice/DataScience/DSProject/venv/lib/python3.10/site-packages/airflow/example_dags/example_bash_operator.py
[2023-12-17T08:27:46.275+0700] {processor.py:839} INFO - DAG(s) dict_keys(['example_bash_operator']) retrieved from /home/phuc/Practice/DataScience/DSProject/venv/lib/python3.10/site-packages/airflow/example_dags/example_bash_operator.py
[2023-12-17T08:27:46.289+0700] {logging_mixin.py:154} INFO - [2023-12-17T08:27:46.289+0700] {dag.py:2941} INFO - Sync 1 DAGs
[2023-12-17T08:27:46.299+0700] {logging_mixin.py:154} INFO - [2023-12-17T08:27:46.299+0700] {dag.py:3722} INFO - Setting next_dagrun for example_bash_operator to 2023-12-16T00:00:00+00:00, run_after=2023-12-17T00:00:00+00:00
[2023-12-17T08:27:46.311+0700] {processor.py:179} INFO - Processing /home/phuc/Practice/DataScience/DSProject/venv/lib/python3.10/site-packages/airflow/example_dags/example_bash_operator.py took 0.063 seconds
[2023-12-17T08:28:34.092+0700] {processor.py:157} INFO - Started process (PID=320988) to work on /home/phuc/Practice/DataScience/DSProject/venv/lib/python3.10/site-packages/airflow/example_dags/example_bash_operator.py
[2023-12-17T08:28:34.099+0700] {processor.py:829} INFO - Processing file /home/phuc/Practice/DataScience/DSProject/venv/lib/python3.10/site-packages/airflow/example_dags/example_bash_operator.py for tasks to queue
[2023-12-17T08:28:34.099+0700] {logging_mixin.py:154} INFO - [2023-12-17T08:28:34.099+0700] {dagbag.py:536} INFO - Filling up the DagBag from /home/phuc/Practice/DataScience/DSProject/venv/lib/python3.10/site-packages/airflow/example_dags/example_bash_operator.py
[2023-12-17T08:28:34.107+0700] {processor.py:839} INFO - DAG(s) dict_keys(['example_bash_operator']) retrieved from /home/phuc/Practice/DataScience/DSProject/venv/lib/python3.10/site-packages/airflow/example_dags/example_bash_operator.py
[2023-12-17T08:28:34.124+0700] {logging_mixin.py:154} INFO - [2023-12-17T08:28:34.124+0700] {dag.py:2941} INFO - Sync 1 DAGs
[2023-12-17T08:28:34.137+0700] {logging_mixin.py:154} INFO - [2023-12-17T08:28:34.137+0700] {dag.py:3722} INFO - Setting next_dagrun for example_bash_operator to 2023-12-16T00:00:00+00:00, run_after=2023-12-17T00:00:00+00:00
[2023-12-17T08:28:34.150+0700] {processor.py:179} INFO - Processing /home/phuc/Practice/DataScience/DSProject/venv/lib/python3.10/site-packages/airflow/example_dags/example_bash_operator.py took 0.061 seconds
[2023-12-17T08:29:21.600+0700] {processor.py:157} INFO - Started process (PID=321202) to work on /home/phuc/Practice/DataScience/DSProject/venv/lib/python3.10/site-packages/airflow/example_dags/example_bash_operator.py
[2023-12-17T08:29:21.607+0700] {processor.py:829} INFO - Processing file /home/phuc/Practice/DataScience/DSProject/venv/lib/python3.10/site-packages/airflow/example_dags/example_bash_operator.py for tasks to queue
[2023-12-17T08:29:21.609+0700] {logging_mixin.py:154} INFO - [2023-12-17T08:29:21.608+0700] {dagbag.py:536} INFO - Filling up the DagBag from /home/phuc/Practice/DataScience/DSProject/venv/lib/python3.10/site-packages/airflow/example_dags/example_bash_operator.py
[2023-12-17T08:29:21.624+0700] {processor.py:839} INFO - DAG(s) dict_keys(['example_bash_operator']) retrieved from /home/phuc/Practice/DataScience/DSProject/venv/lib/python3.10/site-packages/airflow/example_dags/example_bash_operator.py
[2023-12-17T08:29:21.636+0700] {logging_mixin.py:154} INFO - [2023-12-17T08:29:21.636+0700] {dag.py:2941} INFO - Sync 1 DAGs
[2023-12-17T08:29:21.645+0700] {logging_mixin.py:154} INFO - [2023-12-17T08:29:21.645+0700] {dag.py:3722} INFO - Setting next_dagrun for example_bash_operator to 2023-12-16T00:00:00+00:00, run_after=2023-12-17T00:00:00+00:00
[2023-12-17T08:29:21.656+0700] {processor.py:179} INFO - Processing /home/phuc/Practice/DataScience/DSProject/venv/lib/python3.10/site-packages/airflow/example_dags/example_bash_operator.py took 0.059 seconds
[2023-12-17T08:30:12.695+0700] {processor.py:157} INFO - Started process (PID=321447) to work on /home/phuc/Practice/DataScience/DSProject/venv/lib/python3.10/site-packages/airflow/example_dags/example_bash_operator.py
[2023-12-17T08:30:12.701+0700] {processor.py:829} INFO - Processing file /home/phuc/Practice/DataScience/DSProject/venv/lib/python3.10/site-packages/airflow/example_dags/example_bash_operator.py for tasks to queue
[2023-12-17T08:30:12.703+0700] {logging_mixin.py:154} INFO - [2023-12-17T08:30:12.702+0700] {dagbag.py:536} INFO - Filling up the DagBag from /home/phuc/Practice/DataScience/DSProject/venv/lib/python3.10/site-packages/airflow/example_dags/example_bash_operator.py
[2023-12-17T08:30:12.717+0700] {processor.py:839} INFO - DAG(s) dict_keys(['example_bash_operator']) retrieved from /home/phuc/Practice/DataScience/DSProject/venv/lib/python3.10/site-packages/airflow/example_dags/example_bash_operator.py
[2023-12-17T08:30:12.729+0700] {logging_mixin.py:154} INFO - [2023-12-17T08:30:12.729+0700] {dag.py:2941} INFO - Sync 1 DAGs
[2023-12-17T08:30:12.737+0700] {logging_mixin.py:154} INFO - [2023-12-17T08:30:12.737+0700] {dag.py:3722} INFO - Setting next_dagrun for example_bash_operator to 2023-12-16T00:00:00+00:00, run_after=2023-12-17T00:00:00+00:00
[2023-12-17T08:30:12.747+0700] {processor.py:179} INFO - Processing /home/phuc/Practice/DataScience/DSProject/venv/lib/python3.10/site-packages/airflow/example_dags/example_bash_operator.py took 0.056 seconds
[2023-12-17T08:31:04.266+0700] {processor.py:157} INFO - Started process (PID=321697) to work on /home/phuc/Practice/DataScience/DSProject/venv/lib/python3.10/site-packages/airflow/example_dags/example_bash_operator.py
[2023-12-17T08:31:04.273+0700] {processor.py:829} INFO - Processing file /home/phuc/Practice/DataScience/DSProject/venv/lib/python3.10/site-packages/airflow/example_dags/example_bash_operator.py for tasks to queue
[2023-12-17T08:31:04.274+0700] {logging_mixin.py:154} INFO - [2023-12-17T08:31:04.274+0700] {dagbag.py:536} INFO - Filling up the DagBag from /home/phuc/Practice/DataScience/DSProject/venv/lib/python3.10/site-packages/airflow/example_dags/example_bash_operator.py
[2023-12-17T08:31:04.288+0700] {processor.py:839} INFO - DAG(s) dict_keys(['example_bash_operator']) retrieved from /home/phuc/Practice/DataScience/DSProject/venv/lib/python3.10/site-packages/airflow/example_dags/example_bash_operator.py
[2023-12-17T08:31:04.300+0700] {logging_mixin.py:154} INFO - [2023-12-17T08:31:04.300+0700] {dag.py:2941} INFO - Sync 1 DAGs
[2023-12-17T08:31:04.309+0700] {logging_mixin.py:154} INFO - [2023-12-17T08:31:04.309+0700] {dag.py:3722} INFO - Setting next_dagrun for example_bash_operator to 2023-12-16T00:00:00+00:00, run_after=2023-12-17T00:00:00+00:00
[2023-12-17T08:31:04.319+0700] {processor.py:179} INFO - Processing /home/phuc/Practice/DataScience/DSProject/venv/lib/python3.10/site-packages/airflow/example_dags/example_bash_operator.py took 0.055 seconds
[2023-12-17T08:31:57.386+0700] {processor.py:157} INFO - Started process (PID=322128) to work on /home/phuc/Practice/DataScience/DSProject/venv/lib/python3.10/site-packages/airflow/example_dags/example_bash_operator.py
[2023-12-17T08:31:57.394+0700] {processor.py:829} INFO - Processing file /home/phuc/Practice/DataScience/DSProject/venv/lib/python3.10/site-packages/airflow/example_dags/example_bash_operator.py for tasks to queue
[2023-12-17T08:31:57.395+0700] {logging_mixin.py:154} INFO - [2023-12-17T08:31:57.394+0700] {dagbag.py:536} INFO - Filling up the DagBag from /home/phuc/Practice/DataScience/DSProject/venv/lib/python3.10/site-packages/airflow/example_dags/example_bash_operator.py
[2023-12-17T08:31:57.410+0700] {processor.py:839} INFO - DAG(s) dict_keys(['example_bash_operator']) retrieved from /home/phuc/Practice/DataScience/DSProject/venv/lib/python3.10/site-packages/airflow/example_dags/example_bash_operator.py
[2023-12-17T08:31:57.423+0700] {logging_mixin.py:154} INFO - [2023-12-17T08:31:57.422+0700] {dag.py:2941} INFO - Sync 1 DAGs
[2023-12-17T08:31:57.432+0700] {logging_mixin.py:154} INFO - [2023-12-17T08:31:57.432+0700] {dag.py:3722} INFO - Setting next_dagrun for example_bash_operator to 2023-12-16T00:00:00+00:00, run_after=2023-12-17T00:00:00+00:00
[2023-12-17T08:31:57.443+0700] {processor.py:179} INFO - Processing /home/phuc/Practice/DataScience/DSProject/venv/lib/python3.10/site-packages/airflow/example_dags/example_bash_operator.py took 0.059 seconds
[2023-12-17T08:33:06.348+0700] {processor.py:157} INFO - Started process (PID=323084) to work on /home/phuc/Practice/DataScience/DSProject/venv/lib/python3.10/site-packages/airflow/example_dags/example_bash_operator.py
[2023-12-17T08:33:06.355+0700] {processor.py:829} INFO - Processing file /home/phuc/Practice/DataScience/DSProject/venv/lib/python3.10/site-packages/airflow/example_dags/example_bash_operator.py for tasks to queue
[2023-12-17T08:33:06.356+0700] {logging_mixin.py:154} INFO - [2023-12-17T08:33:06.356+0700] {dagbag.py:536} INFO - Filling up the DagBag from /home/phuc/Practice/DataScience/DSProject/venv/lib/python3.10/site-packages/airflow/example_dags/example_bash_operator.py
[2023-12-17T08:33:06.370+0700] {processor.py:839} INFO - DAG(s) dict_keys(['example_bash_operator']) retrieved from /home/phuc/Practice/DataScience/DSProject/venv/lib/python3.10/site-packages/airflow/example_dags/example_bash_operator.py
[2023-12-17T08:33:06.382+0700] {logging_mixin.py:154} INFO - [2023-12-17T08:33:06.382+0700] {dag.py:2941} INFO - Sync 1 DAGs
[2023-12-17T08:33:06.391+0700] {logging_mixin.py:154} INFO - [2023-12-17T08:33:06.391+0700] {dag.py:3722} INFO - Setting next_dagrun for example_bash_operator to 2023-12-16T00:00:00+00:00, run_after=2023-12-17T00:00:00+00:00
[2023-12-17T08:33:06.400+0700] {processor.py:179} INFO - Processing /home/phuc/Practice/DataScience/DSProject/venv/lib/python3.10/site-packages/airflow/example_dags/example_bash_operator.py took 0.054 seconds
[2023-12-17T08:34:13.161+0700] {processor.py:157} INFO - Started process (PID=323500) to work on /home/phuc/Practice/DataScience/DSProject/venv/lib/python3.10/site-packages/airflow/example_dags/example_bash_operator.py
[2023-12-17T08:34:13.168+0700] {processor.py:829} INFO - Processing file /home/phuc/Practice/DataScience/DSProject/venv/lib/python3.10/site-packages/airflow/example_dags/example_bash_operator.py for tasks to queue
[2023-12-17T08:34:13.169+0700] {logging_mixin.py:154} INFO - [2023-12-17T08:34:13.169+0700] {dagbag.py:536} INFO - Filling up the DagBag from /home/phuc/Practice/DataScience/DSProject/venv/lib/python3.10/site-packages/airflow/example_dags/example_bash_operator.py
[2023-12-17T08:34:13.176+0700] {processor.py:839} INFO - DAG(s) dict_keys(['example_bash_operator']) retrieved from /home/phuc/Practice/DataScience/DSProject/venv/lib/python3.10/site-packages/airflow/example_dags/example_bash_operator.py
[2023-12-17T08:34:13.191+0700] {logging_mixin.py:154} INFO - [2023-12-17T08:34:13.190+0700] {dag.py:2941} INFO - Sync 1 DAGs
[2023-12-17T08:34:13.202+0700] {logging_mixin.py:154} INFO - [2023-12-17T08:34:13.202+0700] {dag.py:3722} INFO - Setting next_dagrun for example_bash_operator to 2023-12-16T00:00:00+00:00, run_after=2023-12-17T00:00:00+00:00
[2023-12-17T08:34:13.214+0700] {processor.py:179} INFO - Processing /home/phuc/Practice/DataScience/DSProject/venv/lib/python3.10/site-packages/airflow/example_dags/example_bash_operator.py took 0.055 seconds
[2023-12-17T08:35:07.541+0700] {processor.py:157} INFO - Started process (PID=323976) to work on /home/phuc/Practice/DataScience/DSProject/venv/lib/python3.10/site-packages/airflow/example_dags/example_bash_operator.py
[2023-12-17T08:35:07.548+0700] {processor.py:829} INFO - Processing file /home/phuc/Practice/DataScience/DSProject/venv/lib/python3.10/site-packages/airflow/example_dags/example_bash_operator.py for tasks to queue
[2023-12-17T08:35:07.550+0700] {logging_mixin.py:154} INFO - [2023-12-17T08:35:07.549+0700] {dagbag.py:536} INFO - Filling up the DagBag from /home/phuc/Practice/DataScience/DSProject/venv/lib/python3.10/site-packages/airflow/example_dags/example_bash_operator.py
[2023-12-17T08:35:07.558+0700] {processor.py:839} INFO - DAG(s) dict_keys(['example_bash_operator']) retrieved from /home/phuc/Practice/DataScience/DSProject/venv/lib/python3.10/site-packages/airflow/example_dags/example_bash_operator.py
[2023-12-17T08:35:07.570+0700] {logging_mixin.py:154} INFO - [2023-12-17T08:35:07.569+0700] {dag.py:2941} INFO - Sync 1 DAGs
[2023-12-17T08:35:07.578+0700] {logging_mixin.py:154} INFO - [2023-12-17T08:35:07.578+0700] {dag.py:3722} INFO - Setting next_dagrun for example_bash_operator to 2023-12-16T00:00:00+00:00, run_after=2023-12-17T00:00:00+00:00
[2023-12-17T08:35:07.588+0700] {processor.py:179} INFO - Processing /home/phuc/Practice/DataScience/DSProject/venv/lib/python3.10/site-packages/airflow/example_dags/example_bash_operator.py took 0.049 seconds
[2023-12-17T08:36:00.114+0700] {processor.py:157} INFO - Started process (PID=324367) to work on /home/phuc/Practice/DataScience/DSProject/venv/lib/python3.10/site-packages/airflow/example_dags/example_bash_operator.py
[2023-12-17T08:36:00.116+0700] {processor.py:829} INFO - Processing file /home/phuc/Practice/DataScience/DSProject/venv/lib/python3.10/site-packages/airflow/example_dags/example_bash_operator.py for tasks to queue
[2023-12-17T08:36:00.116+0700] {logging_mixin.py:154} INFO - [2023-12-17T08:36:00.116+0700] {dagbag.py:536} INFO - Filling up the DagBag from /home/phuc/Practice/DataScience/DSProject/venv/lib/python3.10/site-packages/airflow/example_dags/example_bash_operator.py
[2023-12-17T08:36:00.122+0700] {processor.py:839} INFO - DAG(s) dict_keys(['example_bash_operator']) retrieved from /home/phuc/Practice/DataScience/DSProject/venv/lib/python3.10/site-packages/airflow/example_dags/example_bash_operator.py
[2023-12-17T08:36:00.182+0700] {logging_mixin.py:154} INFO - [2023-12-17T08:36:00.182+0700] {manager.py:499} INFO - Created Permission View: %s
[2023-12-17T08:36:00.188+0700] {logging_mixin.py:154} INFO - [2023-12-17T08:36:00.188+0700] {manager.py:499} INFO - Created Permission View: %s
[2023-12-17T08:36:00.194+0700] {logging_mixin.py:154} INFO - [2023-12-17T08:36:00.193+0700] {manager.py:499} INFO - Created Permission View: %s
[2023-12-17T08:36:00.194+0700] {logging_mixin.py:154} INFO - [2023-12-17T08:36:00.194+0700] {dag.py:2941} INFO - Sync 1 DAGs
[2023-12-17T08:36:00.199+0700] {logging_mixin.py:154} INFO - [2023-12-17T08:36:00.199+0700] {dag.py:2963} INFO - Creating ORM DAG for example_bash_operator
[2023-12-17T08:36:00.203+0700] {logging_mixin.py:154} INFO - [2023-12-17T08:36:00.203+0700] {dag.py:3722} INFO - Setting next_dagrun for example_bash_operator to 2023-12-16T00:00:00+00:00, run_after=2023-12-17T00:00:00+00:00
[2023-12-17T08:36:00.215+0700] {processor.py:179} INFO - Processing /home/phuc/Practice/DataScience/DSProject/venv/lib/python3.10/site-packages/airflow/example_dags/example_bash_operator.py took 0.102 seconds
