[2023-12-17T08:03:46.128+0700] {processor.py:157} INFO - Started process (PID=309919) to work on /home/phuc/Practice/DataScience/DSProject/venv/lib/python3.10/site-packages/airflow/example_dags/example_branch_labels.py
[2023-12-17T08:03:46.129+0700] {processor.py:829} INFO - Processing file /home/phuc/Practice/DataScience/DSProject/venv/lib/python3.10/site-packages/airflow/example_dags/example_branch_labels.py for tasks to queue
[2023-12-17T08:03:46.129+0700] {logging_mixin.py:154} INFO - [2023-12-17T08:03:46.129+0700] {dagbag.py:536} INFO - Filling up the DagBag from /home/phuc/Practice/DataScience/DSProject/venv/lib/python3.10/site-packages/airflow/example_dags/example_branch_labels.py
[2023-12-17T08:03:46.135+0700] {processor.py:839} INFO - DAG(s) dict_keys(['example_branch_labels']) retrieved from /home/phuc/Practice/DataScience/DSProject/venv/lib/python3.10/site-packages/airflow/example_dags/example_branch_labels.py
[2023-12-17T08:03:46.217+0700] {logging_mixin.py:154} INFO - [2023-12-17T08:03:46.217+0700] {manager.py:499} INFO - Created Permission View: %s
[2023-12-17T08:03:46.225+0700] {logging_mixin.py:154} INFO - [2023-12-17T08:03:46.225+0700] {manager.py:499} INFO - Created Permission View: %s
[2023-12-17T08:03:46.231+0700] {logging_mixin.py:154} INFO - [2023-12-17T08:03:46.231+0700] {manager.py:499} INFO - Created Permission View: %s
[2023-12-17T08:03:46.231+0700] {logging_mixin.py:154} INFO - [2023-12-17T08:03:46.231+0700] {dag.py:2941} INFO - Sync 1 DAGs
[2023-12-17T08:03:46.240+0700] {logging_mixin.py:154} INFO - [2023-12-17T08:03:46.240+0700] {dag.py:2963} INFO - Creating ORM DAG for example_branch_labels
[2023-12-17T08:03:46.249+0700] {logging_mixin.py:154} INFO - [2023-12-17T08:03:46.249+0700] {dag.py:3722} INFO - Setting next_dagrun for example_branch_labels to 2023-12-16T00:00:00+00:00, run_after=2023-12-17T00:00:00+00:00
[2023-12-17T08:03:46.264+0700] {processor.py:179} INFO - Processing /home/phuc/Practice/DataScience/DSProject/venv/lib/python3.10/site-packages/airflow/example_dags/example_branch_labels.py took 0.138 seconds
[2023-12-17T08:06:00.593+0700] {processor.py:157} INFO - Started process (PID=311222) to work on /home/phuc/Practice/DataScience/DSProject/venv/lib/python3.10/site-packages/airflow/example_dags/example_branch_labels.py
[2023-12-17T08:06:00.600+0700] {processor.py:829} INFO - Processing file /home/phuc/Practice/DataScience/DSProject/venv/lib/python3.10/site-packages/airflow/example_dags/example_branch_labels.py for tasks to queue
[2023-12-17T08:06:00.602+0700] {logging_mixin.py:154} INFO - [2023-12-17T08:06:00.601+0700] {dagbag.py:536} INFO - Filling up the DagBag from /home/phuc/Practice/DataScience/DSProject/venv/lib/python3.10/site-packages/airflow/example_dags/example_branch_labels.py
[2023-12-17T08:06:00.610+0700] {processor.py:839} INFO - DAG(s) dict_keys(['example_branch_labels']) retrieved from /home/phuc/Practice/DataScience/DSProject/venv/lib/python3.10/site-packages/airflow/example_dags/example_branch_labels.py
[2023-12-17T08:06:00.621+0700] {logging_mixin.py:154} INFO - [2023-12-17T08:06:00.621+0700] {dag.py:2941} INFO - Sync 1 DAGs
[2023-12-17T08:06:00.636+0700] {logging_mixin.py:154} INFO - [2023-12-17T08:06:00.635+0700] {dag.py:3722} INFO - Setting next_dagrun for example_branch_labels to 2023-12-16T00:00:00+00:00, run_after=2023-12-17T00:00:00+00:00
[2023-12-17T08:06:00.650+0700] {processor.py:179} INFO - Processing /home/phuc/Practice/DataScience/DSProject/venv/lib/python3.10/site-packages/airflow/example_dags/example_branch_labels.py took 0.061 seconds
[2023-12-17T08:06:57.296+0700] {processor.py:157} INFO - Started process (PID=311818) to work on /home/phuc/Practice/DataScience/DSProject/venv/lib/python3.10/site-packages/airflow/example_dags/example_branch_labels.py
[2023-12-17T08:06:57.303+0700] {processor.py:829} INFO - Processing file /home/phuc/Practice/DataScience/DSProject/venv/lib/python3.10/site-packages/airflow/example_dags/example_branch_labels.py for tasks to queue
[2023-12-17T08:06:57.304+0700] {logging_mixin.py:154} INFO - [2023-12-17T08:06:57.304+0700] {dagbag.py:536} INFO - Filling up the DagBag from /home/phuc/Practice/DataScience/DSProject/venv/lib/python3.10/site-packages/airflow/example_dags/example_branch_labels.py
[2023-12-17T08:06:57.310+0700] {processor.py:839} INFO - DAG(s) dict_keys(['example_branch_labels']) retrieved from /home/phuc/Practice/DataScience/DSProject/venv/lib/python3.10/site-packages/airflow/example_dags/example_branch_labels.py
[2023-12-17T08:06:57.322+0700] {logging_mixin.py:154} INFO - [2023-12-17T08:06:57.322+0700] {dag.py:2941} INFO - Sync 1 DAGs
[2023-12-17T08:06:57.336+0700] {logging_mixin.py:154} INFO - [2023-12-17T08:06:57.336+0700] {dag.py:3722} INFO - Setting next_dagrun for example_branch_labels to 2023-12-16T00:00:00+00:00, run_after=2023-12-17T00:00:00+00:00
[2023-12-17T08:06:57.351+0700] {processor.py:179} INFO - Processing /home/phuc/Practice/DataScience/DSProject/venv/lib/python3.10/site-packages/airflow/example_dags/example_branch_labels.py took 0.056 seconds
[2023-12-17T08:08:49.805+0700] {processor.py:157} INFO - Started process (PID=313190) to work on /home/phuc/Practice/DataScience/DSProject/venv/lib/python3.10/site-packages/airflow/example_dags/example_branch_labels.py
[2023-12-17T08:08:49.806+0700] {processor.py:829} INFO - Processing file /home/phuc/Practice/DataScience/DSProject/venv/lib/python3.10/site-packages/airflow/example_dags/example_branch_labels.py for tasks to queue
[2023-12-17T08:08:49.807+0700] {logging_mixin.py:154} INFO - [2023-12-17T08:08:49.806+0700] {dagbag.py:536} INFO - Filling up the DagBag from /home/phuc/Practice/DataScience/DSProject/venv/lib/python3.10/site-packages/airflow/example_dags/example_branch_labels.py
[2023-12-17T08:08:49.813+0700] {processor.py:839} INFO - DAG(s) dict_keys(['example_branch_labels']) retrieved from /home/phuc/Practice/DataScience/DSProject/venv/lib/python3.10/site-packages/airflow/example_dags/example_branch_labels.py
[2023-12-17T08:08:49.828+0700] {logging_mixin.py:154} INFO - [2023-12-17T08:08:49.827+0700] {dag.py:2941} INFO - Sync 1 DAGs
[2023-12-17T08:08:49.843+0700] {logging_mixin.py:154} INFO - [2023-12-17T08:08:49.843+0700] {dag.py:3722} INFO - Setting next_dagrun for example_branch_labels to 2023-12-16T00:00:00+00:00, run_after=2023-12-17T00:00:00+00:00
[2023-12-17T08:08:49.859+0700] {processor.py:179} INFO - Processing /home/phuc/Practice/DataScience/DSProject/venv/lib/python3.10/site-packages/airflow/example_dags/example_branch_labels.py took 0.057 seconds
[2023-12-17T08:09:39.402+0700] {processor.py:157} INFO - Started process (PID=313516) to work on /home/phuc/Practice/DataScience/DSProject/venv/lib/python3.10/site-packages/airflow/example_dags/example_branch_labels.py
[2023-12-17T08:09:39.403+0700] {processor.py:829} INFO - Processing file /home/phuc/Practice/DataScience/DSProject/venv/lib/python3.10/site-packages/airflow/example_dags/example_branch_labels.py for tasks to queue
[2023-12-17T08:09:39.403+0700] {logging_mixin.py:154} INFO - [2023-12-17T08:09:39.403+0700] {dagbag.py:536} INFO - Filling up the DagBag from /home/phuc/Practice/DataScience/DSProject/venv/lib/python3.10/site-packages/airflow/example_dags/example_branch_labels.py
[2023-12-17T08:09:39.412+0700] {processor.py:839} INFO - DAG(s) dict_keys(['example_branch_labels']) retrieved from /home/phuc/Practice/DataScience/DSProject/venv/lib/python3.10/site-packages/airflow/example_dags/example_branch_labels.py
[2023-12-17T08:09:39.428+0700] {logging_mixin.py:154} INFO - [2023-12-17T08:09:39.427+0700] {dag.py:2941} INFO - Sync 1 DAGs
[2023-12-17T08:09:39.442+0700] {logging_mixin.py:154} INFO - [2023-12-17T08:09:39.442+0700] {dag.py:3722} INFO - Setting next_dagrun for example_branch_labels to 2023-12-16T00:00:00+00:00, run_after=2023-12-17T00:00:00+00:00
[2023-12-17T08:09:39.457+0700] {processor.py:179} INFO - Processing /home/phuc/Practice/DataScience/DSProject/venv/lib/python3.10/site-packages/airflow/example_dags/example_branch_labels.py took 0.057 seconds
[2023-12-17T08:10:29.586+0700] {processor.py:157} INFO - Started process (PID=313881) to work on /home/phuc/Practice/DataScience/DSProject/venv/lib/python3.10/site-packages/airflow/example_dags/example_branch_labels.py
[2023-12-17T08:10:29.593+0700] {processor.py:829} INFO - Processing file /home/phuc/Practice/DataScience/DSProject/venv/lib/python3.10/site-packages/airflow/example_dags/example_branch_labels.py for tasks to queue
[2023-12-17T08:10:29.594+0700] {logging_mixin.py:154} INFO - [2023-12-17T08:10:29.593+0700] {dagbag.py:536} INFO - Filling up the DagBag from /home/phuc/Practice/DataScience/DSProject/venv/lib/python3.10/site-packages/airflow/example_dags/example_branch_labels.py
[2023-12-17T08:10:29.605+0700] {processor.py:839} INFO - DAG(s) dict_keys(['example_branch_labels']) retrieved from /home/phuc/Practice/DataScience/DSProject/venv/lib/python3.10/site-packages/airflow/example_dags/example_branch_labels.py
[2023-12-17T08:10:29.618+0700] {logging_mixin.py:154} INFO - [2023-12-17T08:10:29.618+0700] {dag.py:2941} INFO - Sync 1 DAGs
[2023-12-17T08:10:29.629+0700] {logging_mixin.py:154} INFO - [2023-12-17T08:10:29.628+0700] {dag.py:3722} INFO - Setting next_dagrun for example_branch_labels to 2023-12-16T00:00:00+00:00, run_after=2023-12-17T00:00:00+00:00
[2023-12-17T08:10:29.640+0700] {processor.py:179} INFO - Processing /home/phuc/Practice/DataScience/DSProject/venv/lib/python3.10/site-packages/airflow/example_dags/example_branch_labels.py took 0.057 seconds
[2023-12-17T08:11:19.418+0700] {processor.py:157} INFO - Started process (PID=314099) to work on /home/phuc/Practice/DataScience/DSProject/venv/lib/python3.10/site-packages/airflow/example_dags/example_branch_labels.py
[2023-12-17T08:11:19.425+0700] {processor.py:829} INFO - Processing file /home/phuc/Practice/DataScience/DSProject/venv/lib/python3.10/site-packages/airflow/example_dags/example_branch_labels.py for tasks to queue
[2023-12-17T08:11:19.425+0700] {logging_mixin.py:154} INFO - [2023-12-17T08:11:19.425+0700] {dagbag.py:536} INFO - Filling up the DagBag from /home/phuc/Practice/DataScience/DSProject/venv/lib/python3.10/site-packages/airflow/example_dags/example_branch_labels.py
[2023-12-17T08:11:19.432+0700] {processor.py:839} INFO - DAG(s) dict_keys(['example_branch_labels']) retrieved from /home/phuc/Practice/DataScience/DSProject/venv/lib/python3.10/site-packages/airflow/example_dags/example_branch_labels.py
[2023-12-17T08:11:19.445+0700] {logging_mixin.py:154} INFO - [2023-12-17T08:11:19.445+0700] {dag.py:2941} INFO - Sync 1 DAGs
[2023-12-17T08:11:19.460+0700] {logging_mixin.py:154} INFO - [2023-12-17T08:11:19.460+0700] {dag.py:3722} INFO - Setting next_dagrun for example_branch_labels to 2023-12-16T00:00:00+00:00, run_after=2023-12-17T00:00:00+00:00
[2023-12-17T08:11:19.476+0700] {processor.py:179} INFO - Processing /home/phuc/Practice/DataScience/DSProject/venv/lib/python3.10/site-packages/airflow/example_dags/example_branch_labels.py took 0.060 seconds
[2023-12-17T08:12:09.521+0700] {processor.py:157} INFO - Started process (PID=314359) to work on /home/phuc/Practice/DataScience/DSProject/venv/lib/python3.10/site-packages/airflow/example_dags/example_branch_labels.py
[2023-12-17T08:12:09.522+0700] {processor.py:829} INFO - Processing file /home/phuc/Practice/DataScience/DSProject/venv/lib/python3.10/site-packages/airflow/example_dags/example_branch_labels.py for tasks to queue
[2023-12-17T08:12:09.523+0700] {logging_mixin.py:154} INFO - [2023-12-17T08:12:09.523+0700] {dagbag.py:536} INFO - Filling up the DagBag from /home/phuc/Practice/DataScience/DSProject/venv/lib/python3.10/site-packages/airflow/example_dags/example_branch_labels.py
[2023-12-17T08:12:09.534+0700] {processor.py:839} INFO - DAG(s) dict_keys(['example_branch_labels']) retrieved from /home/phuc/Practice/DataScience/DSProject/venv/lib/python3.10/site-packages/airflow/example_dags/example_branch_labels.py
[2023-12-17T08:12:09.544+0700] {logging_mixin.py:154} INFO - [2023-12-17T08:12:09.544+0700] {dag.py:2941} INFO - Sync 1 DAGs
[2023-12-17T08:12:09.555+0700] {logging_mixin.py:154} INFO - [2023-12-17T08:12:09.555+0700] {dag.py:3722} INFO - Setting next_dagrun for example_branch_labels to 2023-12-16T00:00:00+00:00, run_after=2023-12-17T00:00:00+00:00
[2023-12-17T08:12:09.567+0700] {processor.py:179} INFO - Processing /home/phuc/Practice/DataScience/DSProject/venv/lib/python3.10/site-packages/airflow/example_dags/example_branch_labels.py took 0.048 seconds
[2023-12-17T08:12:59.854+0700] {processor.py:157} INFO - Started process (PID=314568) to work on /home/phuc/Practice/DataScience/DSProject/venv/lib/python3.10/site-packages/airflow/example_dags/example_branch_labels.py
[2023-12-17T08:12:59.861+0700] {processor.py:829} INFO - Processing file /home/phuc/Practice/DataScience/DSProject/venv/lib/python3.10/site-packages/airflow/example_dags/example_branch_labels.py for tasks to queue
[2023-12-17T08:12:59.862+0700] {logging_mixin.py:154} INFO - [2023-12-17T08:12:59.862+0700] {dagbag.py:536} INFO - Filling up the DagBag from /home/phuc/Practice/DataScience/DSProject/venv/lib/python3.10/site-packages/airflow/example_dags/example_branch_labels.py
[2023-12-17T08:12:59.873+0700] {processor.py:839} INFO - DAG(s) dict_keys(['example_branch_labels']) retrieved from /home/phuc/Practice/DataScience/DSProject/venv/lib/python3.10/site-packages/airflow/example_dags/example_branch_labels.py
[2023-12-17T08:12:59.884+0700] {logging_mixin.py:154} INFO - [2023-12-17T08:12:59.884+0700] {dag.py:2941} INFO - Sync 1 DAGs
[2023-12-17T08:12:59.894+0700] {logging_mixin.py:154} INFO - [2023-12-17T08:12:59.894+0700] {dag.py:3722} INFO - Setting next_dagrun for example_branch_labels to 2023-12-16T00:00:00+00:00, run_after=2023-12-17T00:00:00+00:00
[2023-12-17T08:12:59.905+0700] {processor.py:179} INFO - Processing /home/phuc/Practice/DataScience/DSProject/venv/lib/python3.10/site-packages/airflow/example_dags/example_branch_labels.py took 0.055 seconds
[2023-12-17T08:13:43.894+0700] {processor.py:157} INFO - Started process (PID=314826) to work on /home/phuc/Practice/DataScience/DSProject/venv/lib/python3.10/site-packages/airflow/example_dags/example_branch_labels.py
[2023-12-17T08:13:43.901+0700] {processor.py:829} INFO - Processing file /home/phuc/Practice/DataScience/DSProject/venv/lib/python3.10/site-packages/airflow/example_dags/example_branch_labels.py for tasks to queue
[2023-12-17T08:13:43.902+0700] {logging_mixin.py:154} INFO - [2023-12-17T08:13:43.902+0700] {dagbag.py:536} INFO - Filling up the DagBag from /home/phuc/Practice/DataScience/DSProject/venv/lib/python3.10/site-packages/airflow/example_dags/example_branch_labels.py
[2023-12-17T08:13:43.913+0700] {processor.py:839} INFO - DAG(s) dict_keys(['example_branch_labels']) retrieved from /home/phuc/Practice/DataScience/DSProject/venv/lib/python3.10/site-packages/airflow/example_dags/example_branch_labels.py
[2023-12-17T08:13:43.924+0700] {logging_mixin.py:154} INFO - [2023-12-17T08:13:43.924+0700] {dag.py:2941} INFO - Sync 1 DAGs
[2023-12-17T08:13:43.935+0700] {logging_mixin.py:154} INFO - [2023-12-17T08:13:43.935+0700] {dag.py:3722} INFO - Setting next_dagrun for example_branch_labels to 2023-12-16T00:00:00+00:00, run_after=2023-12-17T00:00:00+00:00
[2023-12-17T08:13:43.947+0700] {processor.py:179} INFO - Processing /home/phuc/Practice/DataScience/DSProject/venv/lib/python3.10/site-packages/airflow/example_dags/example_branch_labels.py took 0.058 seconds
[2023-12-17T08:14:37.563+0700] {processor.py:157} INFO - Started process (PID=315068) to work on /home/phuc/Practice/DataScience/DSProject/venv/lib/python3.10/site-packages/airflow/example_dags/example_branch_labels.py
[2023-12-17T08:14:37.570+0700] {processor.py:829} INFO - Processing file /home/phuc/Practice/DataScience/DSProject/venv/lib/python3.10/site-packages/airflow/example_dags/example_branch_labels.py for tasks to queue
[2023-12-17T08:14:37.572+0700] {logging_mixin.py:154} INFO - [2023-12-17T08:14:37.571+0700] {dagbag.py:536} INFO - Filling up the DagBag from /home/phuc/Practice/DataScience/DSProject/venv/lib/python3.10/site-packages/airflow/example_dags/example_branch_labels.py
[2023-12-17T08:14:37.583+0700] {processor.py:839} INFO - DAG(s) dict_keys(['example_branch_labels']) retrieved from /home/phuc/Practice/DataScience/DSProject/venv/lib/python3.10/site-packages/airflow/example_dags/example_branch_labels.py
[2023-12-17T08:14:37.594+0700] {logging_mixin.py:154} INFO - [2023-12-17T08:14:37.594+0700] {dag.py:2941} INFO - Sync 1 DAGs
[2023-12-17T08:14:37.604+0700] {logging_mixin.py:154} INFO - [2023-12-17T08:14:37.604+0700] {dag.py:3722} INFO - Setting next_dagrun for example_branch_labels to 2023-12-16T00:00:00+00:00, run_after=2023-12-17T00:00:00+00:00
[2023-12-17T08:14:37.619+0700] {processor.py:179} INFO - Processing /home/phuc/Practice/DataScience/DSProject/venv/lib/python3.10/site-packages/airflow/example_dags/example_branch_labels.py took 0.058 seconds
[2023-12-17T08:15:31.693+0700] {processor.py:157} INFO - Started process (PID=315296) to work on /home/phuc/Practice/DataScience/DSProject/venv/lib/python3.10/site-packages/airflow/example_dags/example_branch_labels.py
[2023-12-17T08:15:31.700+0700] {processor.py:829} INFO - Processing file /home/phuc/Practice/DataScience/DSProject/venv/lib/python3.10/site-packages/airflow/example_dags/example_branch_labels.py for tasks to queue
[2023-12-17T08:15:31.701+0700] {logging_mixin.py:154} INFO - [2023-12-17T08:15:31.700+0700] {dagbag.py:536} INFO - Filling up the DagBag from /home/phuc/Practice/DataScience/DSProject/venv/lib/python3.10/site-packages/airflow/example_dags/example_branch_labels.py
[2023-12-17T08:15:31.712+0700] {processor.py:839} INFO - DAG(s) dict_keys(['example_branch_labels']) retrieved from /home/phuc/Practice/DataScience/DSProject/venv/lib/python3.10/site-packages/airflow/example_dags/example_branch_labels.py
[2023-12-17T08:15:31.723+0700] {logging_mixin.py:154} INFO - [2023-12-17T08:15:31.723+0700] {dag.py:2941} INFO - Sync 1 DAGs
[2023-12-17T08:15:31.733+0700] {logging_mixin.py:154} INFO - [2023-12-17T08:15:31.733+0700] {dag.py:3722} INFO - Setting next_dagrun for example_branch_labels to 2023-12-16T00:00:00+00:00, run_after=2023-12-17T00:00:00+00:00
[2023-12-17T08:15:31.745+0700] {processor.py:179} INFO - Processing /home/phuc/Practice/DataScience/DSProject/venv/lib/python3.10/site-packages/airflow/example_dags/example_branch_labels.py took 0.055 seconds
[2023-12-17T08:18:15.820+0700] {processor.py:157} INFO - Started process (PID=316507) to work on /home/phuc/Practice/DataScience/DSProject/venv/lib/python3.10/site-packages/airflow/example_dags/example_branch_labels.py
[2023-12-17T08:18:15.827+0700] {processor.py:829} INFO - Processing file /home/phuc/Practice/DataScience/DSProject/venv/lib/python3.10/site-packages/airflow/example_dags/example_branch_labels.py for tasks to queue
[2023-12-17T08:18:15.828+0700] {logging_mixin.py:154} INFO - [2023-12-17T08:18:15.827+0700] {dagbag.py:536} INFO - Filling up the DagBag from /home/phuc/Practice/DataScience/DSProject/venv/lib/python3.10/site-packages/airflow/example_dags/example_branch_labels.py
[2023-12-17T08:18:15.835+0700] {processor.py:839} INFO - DAG(s) dict_keys(['example_branch_labels']) retrieved from /home/phuc/Practice/DataScience/DSProject/venv/lib/python3.10/site-packages/airflow/example_dags/example_branch_labels.py
[2023-12-17T08:18:15.850+0700] {logging_mixin.py:154} INFO - [2023-12-17T08:18:15.850+0700] {dag.py:2941} INFO - Sync 1 DAGs
[2023-12-17T08:18:15.866+0700] {logging_mixin.py:154} INFO - [2023-12-17T08:18:15.866+0700] {dag.py:3722} INFO - Setting next_dagrun for example_branch_labels to 2023-12-16T00:00:00+00:00, run_after=2023-12-17T00:00:00+00:00
[2023-12-17T08:18:15.884+0700] {processor.py:179} INFO - Processing /home/phuc/Practice/DataScience/DSProject/venv/lib/python3.10/site-packages/airflow/example_dags/example_branch_labels.py took 0.067 seconds
[2023-12-17T08:19:08.388+0700] {processor.py:157} INFO - Started process (PID=317008) to work on /home/phuc/Practice/DataScience/DSProject/venv/lib/python3.10/site-packages/airflow/example_dags/example_branch_labels.py
[2023-12-17T08:19:08.395+0700] {processor.py:829} INFO - Processing file /home/phuc/Practice/DataScience/DSProject/venv/lib/python3.10/site-packages/airflow/example_dags/example_branch_labels.py for tasks to queue
[2023-12-17T08:19:08.397+0700] {logging_mixin.py:154} INFO - [2023-12-17T08:19:08.396+0700] {dagbag.py:536} INFO - Filling up the DagBag from /home/phuc/Practice/DataScience/DSProject/venv/lib/python3.10/site-packages/airflow/example_dags/example_branch_labels.py
[2023-12-17T08:19:08.408+0700] {processor.py:839} INFO - DAG(s) dict_keys(['example_branch_labels']) retrieved from /home/phuc/Practice/DataScience/DSProject/venv/lib/python3.10/site-packages/airflow/example_dags/example_branch_labels.py
[2023-12-17T08:19:08.421+0700] {logging_mixin.py:154} INFO - [2023-12-17T08:19:08.421+0700] {dag.py:2941} INFO - Sync 1 DAGs
[2023-12-17T08:19:08.434+0700] {logging_mixin.py:154} INFO - [2023-12-17T08:19:08.434+0700] {dag.py:3722} INFO - Setting next_dagrun for example_branch_labels to 2023-12-16T00:00:00+00:00, run_after=2023-12-17T00:00:00+00:00
[2023-12-17T08:19:08.447+0700] {processor.py:179} INFO - Processing /home/phuc/Practice/DataScience/DSProject/venv/lib/python3.10/site-packages/airflow/example_dags/example_branch_labels.py took 0.062 seconds
[2023-12-17T08:20:02.093+0700] {processor.py:157} INFO - Started process (PID=317552) to work on /home/phuc/Practice/DataScience/DSProject/venv/lib/python3.10/site-packages/airflow/example_dags/example_branch_labels.py
[2023-12-17T08:20:02.100+0700] {processor.py:829} INFO - Processing file /home/phuc/Practice/DataScience/DSProject/venv/lib/python3.10/site-packages/airflow/example_dags/example_branch_labels.py for tasks to queue
[2023-12-17T08:20:02.101+0700] {logging_mixin.py:154} INFO - [2023-12-17T08:20:02.101+0700] {dagbag.py:536} INFO - Filling up the DagBag from /home/phuc/Practice/DataScience/DSProject/venv/lib/python3.10/site-packages/airflow/example_dags/example_branch_labels.py
[2023-12-17T08:20:02.108+0700] {processor.py:839} INFO - DAG(s) dict_keys(['example_branch_labels']) retrieved from /home/phuc/Practice/DataScience/DSProject/venv/lib/python3.10/site-packages/airflow/example_dags/example_branch_labels.py
[2023-12-17T08:20:02.122+0700] {logging_mixin.py:154} INFO - [2023-12-17T08:20:02.121+0700] {dag.py:2941} INFO - Sync 1 DAGs
[2023-12-17T08:20:02.136+0700] {logging_mixin.py:154} INFO - [2023-12-17T08:20:02.136+0700] {dag.py:3722} INFO - Setting next_dagrun for example_branch_labels to 2023-12-16T00:00:00+00:00, run_after=2023-12-17T00:00:00+00:00
[2023-12-17T08:20:02.151+0700] {processor.py:179} INFO - Processing /home/phuc/Practice/DataScience/DSProject/venv/lib/python3.10/site-packages/airflow/example_dags/example_branch_labels.py took 0.060 seconds
[2023-12-17T08:23:16.374+0700] {processor.py:157} INFO - Started process (PID=319398) to work on /home/phuc/Practice/DataScience/DSProject/venv/lib/python3.10/site-packages/airflow/example_dags/example_branch_labels.py
[2023-12-17T08:23:16.381+0700] {processor.py:829} INFO - Processing file /home/phuc/Practice/DataScience/DSProject/venv/lib/python3.10/site-packages/airflow/example_dags/example_branch_labels.py for tasks to queue
[2023-12-17T08:23:16.382+0700] {logging_mixin.py:154} INFO - [2023-12-17T08:23:16.381+0700] {dagbag.py:536} INFO - Filling up the DagBag from /home/phuc/Practice/DataScience/DSProject/venv/lib/python3.10/site-packages/airflow/example_dags/example_branch_labels.py
[2023-12-17T08:23:16.389+0700] {processor.py:839} INFO - DAG(s) dict_keys(['example_branch_labels']) retrieved from /home/phuc/Practice/DataScience/DSProject/venv/lib/python3.10/site-packages/airflow/example_dags/example_branch_labels.py
[2023-12-17T08:23:16.402+0700] {logging_mixin.py:154} INFO - [2023-12-17T08:23:16.401+0700] {dag.py:2941} INFO - Sync 1 DAGs
[2023-12-17T08:23:16.416+0700] {logging_mixin.py:154} INFO - [2023-12-17T08:23:16.416+0700] {dag.py:3722} INFO - Setting next_dagrun for example_branch_labels to 2023-12-16T00:00:00+00:00, run_after=2023-12-17T00:00:00+00:00
[2023-12-17T08:23:16.432+0700] {processor.py:179} INFO - Processing /home/phuc/Practice/DataScience/DSProject/venv/lib/python3.10/site-packages/airflow/example_dags/example_branch_labels.py took 0.061 seconds
[2023-12-17T08:24:12.983+0700] {processor.py:157} INFO - Started process (PID=319750) to work on /home/phuc/Practice/DataScience/DSProject/venv/lib/python3.10/site-packages/airflow/example_dags/example_branch_labels.py
[2023-12-17T08:24:12.990+0700] {processor.py:829} INFO - Processing file /home/phuc/Practice/DataScience/DSProject/venv/lib/python3.10/site-packages/airflow/example_dags/example_branch_labels.py for tasks to queue
[2023-12-17T08:24:12.991+0700] {logging_mixin.py:154} INFO - [2023-12-17T08:24:12.990+0700] {dagbag.py:536} INFO - Filling up the DagBag from /home/phuc/Practice/DataScience/DSProject/venv/lib/python3.10/site-packages/airflow/example_dags/example_branch_labels.py
[2023-12-17T08:24:13.003+0700] {processor.py:839} INFO - DAG(s) dict_keys(['example_branch_labels']) retrieved from /home/phuc/Practice/DataScience/DSProject/venv/lib/python3.10/site-packages/airflow/example_dags/example_branch_labels.py
[2023-12-17T08:24:13.014+0700] {logging_mixin.py:154} INFO - [2023-12-17T08:24:13.014+0700] {dag.py:2941} INFO - Sync 1 DAGs
[2023-12-17T08:24:13.024+0700] {logging_mixin.py:154} INFO - [2023-12-17T08:24:13.024+0700] {dag.py:3722} INFO - Setting next_dagrun for example_branch_labels to 2023-12-16T00:00:00+00:00, run_after=2023-12-17T00:00:00+00:00
[2023-12-17T08:24:13.034+0700] {processor.py:179} INFO - Processing /home/phuc/Practice/DataScience/DSProject/venv/lib/python3.10/site-packages/airflow/example_dags/example_branch_labels.py took 0.055 seconds
[2023-12-17T08:25:08.559+0700] {processor.py:157} INFO - Started process (PID=320010) to work on /home/phuc/Practice/DataScience/DSProject/venv/lib/python3.10/site-packages/airflow/example_dags/example_branch_labels.py
[2023-12-17T08:25:08.566+0700] {processor.py:829} INFO - Processing file /home/phuc/Practice/DataScience/DSProject/venv/lib/python3.10/site-packages/airflow/example_dags/example_branch_labels.py for tasks to queue
[2023-12-17T08:25:08.566+0700] {logging_mixin.py:154} INFO - [2023-12-17T08:25:08.566+0700] {dagbag.py:536} INFO - Filling up the DagBag from /home/phuc/Practice/DataScience/DSProject/venv/lib/python3.10/site-packages/airflow/example_dags/example_branch_labels.py
[2023-12-17T08:25:08.571+0700] {processor.py:839} INFO - DAG(s) dict_keys(['example_branch_labels']) retrieved from /home/phuc/Practice/DataScience/DSProject/venv/lib/python3.10/site-packages/airflow/example_dags/example_branch_labels.py
[2023-12-17T08:25:08.582+0700] {logging_mixin.py:154} INFO - [2023-12-17T08:25:08.582+0700] {dag.py:2941} INFO - Sync 1 DAGs
[2023-12-17T08:25:08.593+0700] {logging_mixin.py:154} INFO - [2023-12-17T08:25:08.593+0700] {dag.py:3722} INFO - Setting next_dagrun for example_branch_labels to 2023-12-16T00:00:00+00:00, run_after=2023-12-17T00:00:00+00:00
[2023-12-17T08:25:08.604+0700] {processor.py:179} INFO - Processing /home/phuc/Practice/DataScience/DSProject/venv/lib/python3.10/site-packages/airflow/example_dags/example_branch_labels.py took 0.048 seconds
[2023-12-17T08:25:58.639+0700] {processor.py:157} INFO - Started process (PID=320233) to work on /home/phuc/Practice/DataScience/DSProject/venv/lib/python3.10/site-packages/airflow/example_dags/example_branch_labels.py
[2023-12-17T08:25:58.646+0700] {processor.py:829} INFO - Processing file /home/phuc/Practice/DataScience/DSProject/venv/lib/python3.10/site-packages/airflow/example_dags/example_branch_labels.py for tasks to queue
[2023-12-17T08:25:58.647+0700] {logging_mixin.py:154} INFO - [2023-12-17T08:25:58.647+0700] {dagbag.py:536} INFO - Filling up the DagBag from /home/phuc/Practice/DataScience/DSProject/venv/lib/python3.10/site-packages/airflow/example_dags/example_branch_labels.py
[2023-12-17T08:25:58.658+0700] {processor.py:839} INFO - DAG(s) dict_keys(['example_branch_labels']) retrieved from /home/phuc/Practice/DataScience/DSProject/venv/lib/python3.10/site-packages/airflow/example_dags/example_branch_labels.py
[2023-12-17T08:25:58.668+0700] {logging_mixin.py:154} INFO - [2023-12-17T08:25:58.668+0700] {dag.py:2941} INFO - Sync 1 DAGs
[2023-12-17T08:25:58.678+0700] {logging_mixin.py:154} INFO - [2023-12-17T08:25:58.678+0700] {dag.py:3722} INFO - Setting next_dagrun for example_branch_labels to 2023-12-16T00:00:00+00:00, run_after=2023-12-17T00:00:00+00:00
[2023-12-17T08:25:58.689+0700] {processor.py:179} INFO - Processing /home/phuc/Practice/DataScience/DSProject/venv/lib/python3.10/site-packages/airflow/example_dags/example_branch_labels.py took 0.054 seconds
[2023-12-17T08:26:50.001+0700] {processor.py:157} INFO - Started process (PID=320535) to work on /home/phuc/Practice/DataScience/DSProject/venv/lib/python3.10/site-packages/airflow/example_dags/example_branch_labels.py
[2023-12-17T08:26:50.002+0700] {processor.py:829} INFO - Processing file /home/phuc/Practice/DataScience/DSProject/venv/lib/python3.10/site-packages/airflow/example_dags/example_branch_labels.py for tasks to queue
[2023-12-17T08:26:50.002+0700] {logging_mixin.py:154} INFO - [2023-12-17T08:26:50.002+0700] {dagbag.py:536} INFO - Filling up the DagBag from /home/phuc/Practice/DataScience/DSProject/venv/lib/python3.10/site-packages/airflow/example_dags/example_branch_labels.py
[2023-12-17T08:26:50.008+0700] {processor.py:839} INFO - DAG(s) dict_keys(['example_branch_labels']) retrieved from /home/phuc/Practice/DataScience/DSProject/venv/lib/python3.10/site-packages/airflow/example_dags/example_branch_labels.py
[2023-12-17T08:26:50.021+0700] {logging_mixin.py:154} INFO - [2023-12-17T08:26:50.021+0700] {dag.py:2941} INFO - Sync 1 DAGs
[2023-12-17T08:26:50.036+0700] {logging_mixin.py:154} INFO - [2023-12-17T08:26:50.036+0700] {dag.py:3722} INFO - Setting next_dagrun for example_branch_labels to 2023-12-16T00:00:00+00:00, run_after=2023-12-17T00:00:00+00:00
[2023-12-17T08:26:50.050+0700] {processor.py:179} INFO - Processing /home/phuc/Practice/DataScience/DSProject/venv/lib/python3.10/site-packages/airflow/example_dags/example_branch_labels.py took 0.052 seconds
[2023-12-17T08:27:41.361+0700] {processor.py:157} INFO - Started process (PID=320758) to work on /home/phuc/Practice/DataScience/DSProject/venv/lib/python3.10/site-packages/airflow/example_dags/example_branch_labels.py
[2023-12-17T08:27:41.367+0700] {processor.py:829} INFO - Processing file /home/phuc/Practice/DataScience/DSProject/venv/lib/python3.10/site-packages/airflow/example_dags/example_branch_labels.py for tasks to queue
[2023-12-17T08:27:41.369+0700] {logging_mixin.py:154} INFO - [2023-12-17T08:27:41.368+0700] {dagbag.py:536} INFO - Filling up the DagBag from /home/phuc/Practice/DataScience/DSProject/venv/lib/python3.10/site-packages/airflow/example_dags/example_branch_labels.py
[2023-12-17T08:27:41.381+0700] {processor.py:839} INFO - DAG(s) dict_keys(['example_branch_labels']) retrieved from /home/phuc/Practice/DataScience/DSProject/venv/lib/python3.10/site-packages/airflow/example_dags/example_branch_labels.py
[2023-12-17T08:27:41.392+0700] {logging_mixin.py:154} INFO - [2023-12-17T08:27:41.392+0700] {dag.py:2941} INFO - Sync 1 DAGs
[2023-12-17T08:27:41.402+0700] {logging_mixin.py:154} INFO - [2023-12-17T08:27:41.402+0700] {dag.py:3722} INFO - Setting next_dagrun for example_branch_labels to 2023-12-16T00:00:00+00:00, run_after=2023-12-17T00:00:00+00:00
[2023-12-17T08:27:41.413+0700] {processor.py:179} INFO - Processing /home/phuc/Practice/DataScience/DSProject/venv/lib/python3.10/site-packages/airflow/example_dags/example_branch_labels.py took 0.055 seconds
[2023-12-17T08:28:28.943+0700] {processor.py:157} INFO - Started process (PID=320959) to work on /home/phuc/Practice/DataScience/DSProject/venv/lib/python3.10/site-packages/airflow/example_dags/example_branch_labels.py
[2023-12-17T08:28:28.944+0700] {processor.py:829} INFO - Processing file /home/phuc/Practice/DataScience/DSProject/venv/lib/python3.10/site-packages/airflow/example_dags/example_branch_labels.py for tasks to queue
[2023-12-17T08:28:28.945+0700] {logging_mixin.py:154} INFO - [2023-12-17T08:28:28.944+0700] {dagbag.py:536} INFO - Filling up the DagBag from /home/phuc/Practice/DataScience/DSProject/venv/lib/python3.10/site-packages/airflow/example_dags/example_branch_labels.py
[2023-12-17T08:28:28.953+0700] {processor.py:839} INFO - DAG(s) dict_keys(['example_branch_labels']) retrieved from /home/phuc/Practice/DataScience/DSProject/venv/lib/python3.10/site-packages/airflow/example_dags/example_branch_labels.py
[2023-12-17T08:28:28.963+0700] {logging_mixin.py:154} INFO - [2023-12-17T08:28:28.963+0700] {dag.py:2941} INFO - Sync 1 DAGs
[2023-12-17T08:28:28.974+0700] {logging_mixin.py:154} INFO - [2023-12-17T08:28:28.974+0700] {dag.py:3722} INFO - Setting next_dagrun for example_branch_labels to 2023-12-16T00:00:00+00:00, run_after=2023-12-17T00:00:00+00:00
[2023-12-17T08:28:28.991+0700] {processor.py:179} INFO - Processing /home/phuc/Practice/DataScience/DSProject/venv/lib/python3.10/site-packages/airflow/example_dags/example_branch_labels.py took 0.051 seconds
[2023-12-17T08:29:16.439+0700] {processor.py:157} INFO - Started process (PID=321180) to work on /home/phuc/Practice/DataScience/DSProject/venv/lib/python3.10/site-packages/airflow/example_dags/example_branch_labels.py
[2023-12-17T08:29:16.447+0700] {processor.py:829} INFO - Processing file /home/phuc/Practice/DataScience/DSProject/venv/lib/python3.10/site-packages/airflow/example_dags/example_branch_labels.py for tasks to queue
[2023-12-17T08:29:16.448+0700] {logging_mixin.py:154} INFO - [2023-12-17T08:29:16.447+0700] {dagbag.py:536} INFO - Filling up the DagBag from /home/phuc/Practice/DataScience/DSProject/venv/lib/python3.10/site-packages/airflow/example_dags/example_branch_labels.py
[2023-12-17T08:29:16.459+0700] {processor.py:839} INFO - DAG(s) dict_keys(['example_branch_labels']) retrieved from /home/phuc/Practice/DataScience/DSProject/venv/lib/python3.10/site-packages/airflow/example_dags/example_branch_labels.py
[2023-12-17T08:29:16.470+0700] {logging_mixin.py:154} INFO - [2023-12-17T08:29:16.470+0700] {dag.py:2941} INFO - Sync 1 DAGs
[2023-12-17T08:29:16.478+0700] {logging_mixin.py:154} INFO - [2023-12-17T08:29:16.478+0700] {dag.py:3722} INFO - Setting next_dagrun for example_branch_labels to 2023-12-16T00:00:00+00:00, run_after=2023-12-17T00:00:00+00:00
[2023-12-17T08:29:16.487+0700] {processor.py:179} INFO - Processing /home/phuc/Practice/DataScience/DSProject/venv/lib/python3.10/site-packages/airflow/example_dags/example_branch_labels.py took 0.051 seconds
[2023-12-17T08:30:07.888+0700] {processor.py:157} INFO - Started process (PID=321420) to work on /home/phuc/Practice/DataScience/DSProject/venv/lib/python3.10/site-packages/airflow/example_dags/example_branch_labels.py
[2023-12-17T08:30:07.895+0700] {processor.py:829} INFO - Processing file /home/phuc/Practice/DataScience/DSProject/venv/lib/python3.10/site-packages/airflow/example_dags/example_branch_labels.py for tasks to queue
[2023-12-17T08:30:07.896+0700] {logging_mixin.py:154} INFO - [2023-12-17T08:30:07.896+0700] {dagbag.py:536} INFO - Filling up the DagBag from /home/phuc/Practice/DataScience/DSProject/venv/lib/python3.10/site-packages/airflow/example_dags/example_branch_labels.py
[2023-12-17T08:30:07.907+0700] {processor.py:839} INFO - DAG(s) dict_keys(['example_branch_labels']) retrieved from /home/phuc/Practice/DataScience/DSProject/venv/lib/python3.10/site-packages/airflow/example_dags/example_branch_labels.py
[2023-12-17T08:30:07.917+0700] {logging_mixin.py:154} INFO - [2023-12-17T08:30:07.917+0700] {dag.py:2941} INFO - Sync 1 DAGs
[2023-12-17T08:30:07.926+0700] {logging_mixin.py:154} INFO - [2023-12-17T08:30:07.926+0700] {dag.py:3722} INFO - Setting next_dagrun for example_branch_labels to 2023-12-16T00:00:00+00:00, run_after=2023-12-17T00:00:00+00:00
[2023-12-17T08:30:07.936+0700] {processor.py:179} INFO - Processing /home/phuc/Practice/DataScience/DSProject/venv/lib/python3.10/site-packages/airflow/example_dags/example_branch_labels.py took 0.052 seconds
[2023-12-17T08:30:59.261+0700] {processor.py:157} INFO - Started process (PID=321669) to work on /home/phuc/Practice/DataScience/DSProject/venv/lib/python3.10/site-packages/airflow/example_dags/example_branch_labels.py
[2023-12-17T08:30:59.268+0700] {processor.py:829} INFO - Processing file /home/phuc/Practice/DataScience/DSProject/venv/lib/python3.10/site-packages/airflow/example_dags/example_branch_labels.py for tasks to queue
[2023-12-17T08:30:59.269+0700] {logging_mixin.py:154} INFO - [2023-12-17T08:30:59.268+0700] {dagbag.py:536} INFO - Filling up the DagBag from /home/phuc/Practice/DataScience/DSProject/venv/lib/python3.10/site-packages/airflow/example_dags/example_branch_labels.py
[2023-12-17T08:30:59.280+0700] {processor.py:839} INFO - DAG(s) dict_keys(['example_branch_labels']) retrieved from /home/phuc/Practice/DataScience/DSProject/venv/lib/python3.10/site-packages/airflow/example_dags/example_branch_labels.py
[2023-12-17T08:30:59.290+0700] {logging_mixin.py:154} INFO - [2023-12-17T08:30:59.290+0700] {dag.py:2941} INFO - Sync 1 DAGs
[2023-12-17T08:30:59.299+0700] {logging_mixin.py:154} INFO - [2023-12-17T08:30:59.299+0700] {dag.py:3722} INFO - Setting next_dagrun for example_branch_labels to 2023-12-16T00:00:00+00:00, run_after=2023-12-17T00:00:00+00:00
[2023-12-17T08:30:59.308+0700] {processor.py:179} INFO - Processing /home/phuc/Practice/DataScience/DSProject/venv/lib/python3.10/site-packages/airflow/example_dags/example_branch_labels.py took 0.051 seconds
[2023-12-17T08:31:52.660+0700] {processor.py:157} INFO - Started process (PID=322093) to work on /home/phuc/Practice/DataScience/DSProject/venv/lib/python3.10/site-packages/airflow/example_dags/example_branch_labels.py
[2023-12-17T08:31:52.661+0700] {processor.py:829} INFO - Processing file /home/phuc/Practice/DataScience/DSProject/venv/lib/python3.10/site-packages/airflow/example_dags/example_branch_labels.py for tasks to queue
[2023-12-17T08:31:52.662+0700] {logging_mixin.py:154} INFO - [2023-12-17T08:31:52.661+0700] {dagbag.py:536} INFO - Filling up the DagBag from /home/phuc/Practice/DataScience/DSProject/venv/lib/python3.10/site-packages/airflow/example_dags/example_branch_labels.py
[2023-12-17T08:31:52.667+0700] {processor.py:839} INFO - DAG(s) dict_keys(['example_branch_labels']) retrieved from /home/phuc/Practice/DataScience/DSProject/venv/lib/python3.10/site-packages/airflow/example_dags/example_branch_labels.py
[2023-12-17T08:31:52.677+0700] {logging_mixin.py:154} INFO - [2023-12-17T08:31:52.677+0700] {dag.py:2941} INFO - Sync 1 DAGs
[2023-12-17T08:31:52.689+0700] {logging_mixin.py:154} INFO - [2023-12-17T08:31:52.689+0700] {dag.py:3722} INFO - Setting next_dagrun for example_branch_labels to 2023-12-16T00:00:00+00:00, run_after=2023-12-17T00:00:00+00:00
[2023-12-17T08:31:52.701+0700] {processor.py:179} INFO - Processing /home/phuc/Practice/DataScience/DSProject/venv/lib/python3.10/site-packages/airflow/example_dags/example_branch_labels.py took 0.042 seconds
[2023-12-17T08:33:02.334+0700] {processor.py:157} INFO - Started process (PID=323062) to work on /home/phuc/Practice/DataScience/DSProject/venv/lib/python3.10/site-packages/airflow/example_dags/example_branch_labels.py
[2023-12-17T08:33:02.341+0700] {processor.py:829} INFO - Processing file /home/phuc/Practice/DataScience/DSProject/venv/lib/python3.10/site-packages/airflow/example_dags/example_branch_labels.py for tasks to queue
[2023-12-17T08:33:02.343+0700] {logging_mixin.py:154} INFO - [2023-12-17T08:33:02.342+0700] {dagbag.py:536} INFO - Filling up the DagBag from /home/phuc/Practice/DataScience/DSProject/venv/lib/python3.10/site-packages/airflow/example_dags/example_branch_labels.py
[2023-12-17T08:33:02.354+0700] {processor.py:839} INFO - DAG(s) dict_keys(['example_branch_labels']) retrieved from /home/phuc/Practice/DataScience/DSProject/venv/lib/python3.10/site-packages/airflow/example_dags/example_branch_labels.py
[2023-12-17T08:33:02.364+0700] {logging_mixin.py:154} INFO - [2023-12-17T08:33:02.364+0700] {dag.py:2941} INFO - Sync 1 DAGs
[2023-12-17T08:33:02.375+0700] {logging_mixin.py:154} INFO - [2023-12-17T08:33:02.375+0700] {dag.py:3722} INFO - Setting next_dagrun for example_branch_labels to 2023-12-16T00:00:00+00:00, run_after=2023-12-17T00:00:00+00:00
[2023-12-17T08:33:02.386+0700] {processor.py:179} INFO - Processing /home/phuc/Practice/DataScience/DSProject/venv/lib/python3.10/site-packages/airflow/example_dags/example_branch_labels.py took 0.056 seconds
[2023-12-17T08:33:49.676+0700] {processor.py:157} INFO - Started process (PID=323299) to work on /home/phuc/Practice/DataScience/DSProject/venv/lib/python3.10/site-packages/airflow/example_dags/example_branch_labels.py
[2023-12-17T08:33:49.683+0700] {processor.py:829} INFO - Processing file /home/phuc/Practice/DataScience/DSProject/venv/lib/python3.10/site-packages/airflow/example_dags/example_branch_labels.py for tasks to queue
[2023-12-17T08:33:49.684+0700] {logging_mixin.py:154} INFO - [2023-12-17T08:33:49.684+0700] {dagbag.py:536} INFO - Filling up the DagBag from /home/phuc/Practice/DataScience/DSProject/venv/lib/python3.10/site-packages/airflow/example_dags/example_branch_labels.py
[2023-12-17T08:33:49.696+0700] {processor.py:839} INFO - DAG(s) dict_keys(['example_branch_labels']) retrieved from /home/phuc/Practice/DataScience/DSProject/venv/lib/python3.10/site-packages/airflow/example_dags/example_branch_labels.py
[2023-12-17T08:33:49.706+0700] {logging_mixin.py:154} INFO - [2023-12-17T08:33:49.706+0700] {dag.py:2941} INFO - Sync 1 DAGs
[2023-12-17T08:33:49.714+0700] {logging_mixin.py:154} INFO - [2023-12-17T08:33:49.714+0700] {dag.py:3722} INFO - Setting next_dagrun for example_branch_labels to 2023-12-16T00:00:00+00:00, run_after=2023-12-17T00:00:00+00:00
[2023-12-17T08:33:49.724+0700] {processor.py:179} INFO - Processing /home/phuc/Practice/DataScience/DSProject/venv/lib/python3.10/site-packages/airflow/example_dags/example_branch_labels.py took 0.051 seconds
[2023-12-17T08:34:45.200+0700] {processor.py:157} INFO - Started process (PID=323791) to work on /home/phuc/Practice/DataScience/DSProject/venv/lib/python3.10/site-packages/airflow/example_dags/example_branch_labels.py
[2023-12-17T08:34:45.207+0700] {processor.py:829} INFO - Processing file /home/phuc/Practice/DataScience/DSProject/venv/lib/python3.10/site-packages/airflow/example_dags/example_branch_labels.py for tasks to queue
[2023-12-17T08:34:45.209+0700] {logging_mixin.py:154} INFO - [2023-12-17T08:34:45.208+0700] {dagbag.py:536} INFO - Filling up the DagBag from /home/phuc/Practice/DataScience/DSProject/venv/lib/python3.10/site-packages/airflow/example_dags/example_branch_labels.py
[2023-12-17T08:34:45.220+0700] {processor.py:839} INFO - DAG(s) dict_keys(['example_branch_labels']) retrieved from /home/phuc/Practice/DataScience/DSProject/venv/lib/python3.10/site-packages/airflow/example_dags/example_branch_labels.py
[2023-12-17T08:34:45.231+0700] {logging_mixin.py:154} INFO - [2023-12-17T08:34:45.231+0700] {dag.py:2941} INFO - Sync 1 DAGs
[2023-12-17T08:34:45.239+0700] {logging_mixin.py:154} INFO - [2023-12-17T08:34:45.239+0700] {dag.py:3722} INFO - Setting next_dagrun for example_branch_labels to 2023-12-16T00:00:00+00:00, run_after=2023-12-17T00:00:00+00:00
[2023-12-17T08:34:45.248+0700] {processor.py:179} INFO - Processing /home/phuc/Practice/DataScience/DSProject/venv/lib/python3.10/site-packages/airflow/example_dags/example_branch_labels.py took 0.050 seconds
[2023-12-17T08:35:40.708+0700] {processor.py:157} INFO - Started process (PID=324238) to work on /home/phuc/Practice/DataScience/DSProject/venv/lib/python3.10/site-packages/airflow/example_dags/example_branch_labels.py
[2023-12-17T08:35:40.715+0700] {processor.py:829} INFO - Processing file /home/phuc/Practice/DataScience/DSProject/venv/lib/python3.10/site-packages/airflow/example_dags/example_branch_labels.py for tasks to queue
[2023-12-17T08:35:40.717+0700] {logging_mixin.py:154} INFO - [2023-12-17T08:35:40.716+0700] {dagbag.py:536} INFO - Filling up the DagBag from /home/phuc/Practice/DataScience/DSProject/venv/lib/python3.10/site-packages/airflow/example_dags/example_branch_labels.py
[2023-12-17T08:35:40.728+0700] {processor.py:839} INFO - DAG(s) dict_keys(['example_branch_labels']) retrieved from /home/phuc/Practice/DataScience/DSProject/venv/lib/python3.10/site-packages/airflow/example_dags/example_branch_labels.py
[2023-12-17T08:35:40.739+0700] {logging_mixin.py:154} INFO - [2023-12-17T08:35:40.738+0700] {dag.py:2941} INFO - Sync 1 DAGs
[2023-12-17T08:35:40.748+0700] {logging_mixin.py:154} INFO - [2023-12-17T08:35:40.747+0700] {dag.py:3722} INFO - Setting next_dagrun for example_branch_labels to 2023-12-16T00:00:00+00:00, run_after=2023-12-17T00:00:00+00:00
[2023-12-17T08:35:40.757+0700] {processor.py:179} INFO - Processing /home/phuc/Practice/DataScience/DSProject/venv/lib/python3.10/site-packages/airflow/example_dags/example_branch_labels.py took 0.053 seconds
