[2023-12-17T08:03:26.369+0700] {processor.py:157} INFO - Started process (PID=309783) to work on /home/phuc/Practice/DataScience/DSProject/venv/lib/python3.10/site-packages/airflow/example_dags/example_external_task_marker_dag.py
[2023-12-17T08:03:26.370+0700] {processor.py:829} INFO - Processing file /home/phuc/Practice/DataScience/DSProject/venv/lib/python3.10/site-packages/airflow/example_dags/example_external_task_marker_dag.py for tasks to queue
[2023-12-17T08:03:26.370+0700] {logging_mixin.py:154} INFO - [2023-12-17T08:03:26.370+0700] {dagbag.py:536} INFO - Filling up the DagBag from /home/phuc/Practice/DataScience/DSProject/venv/lib/python3.10/site-packages/airflow/example_dags/example_external_task_marker_dag.py
[2023-12-17T08:03:26.376+0700] {processor.py:839} INFO - DAG(s) dict_keys(['example_external_task_marker_parent', 'example_external_task_marker_child']) retrieved from /home/phuc/Practice/DataScience/DSProject/venv/lib/python3.10/site-packages/airflow/example_dags/example_external_task_marker_dag.py
[2023-12-17T08:03:26.454+0700] {logging_mixin.py:154} INFO - [2023-12-17T08:03:26.454+0700] {manager.py:499} INFO - Created Permission View: %s
[2023-12-17T08:03:26.464+0700] {logging_mixin.py:154} INFO - [2023-12-17T08:03:26.464+0700] {manager.py:499} INFO - Created Permission View: %s
[2023-12-17T08:03:26.471+0700] {logging_mixin.py:154} INFO - [2023-12-17T08:03:26.471+0700] {manager.py:499} INFO - Created Permission View: %s
[2023-12-17T08:03:26.485+0700] {logging_mixin.py:154} INFO - [2023-12-17T08:03:26.485+0700] {manager.py:499} INFO - Created Permission View: %s
[2023-12-17T08:03:26.491+0700] {logging_mixin.py:154} INFO - [2023-12-17T08:03:26.491+0700] {manager.py:499} INFO - Created Permission View: %s
[2023-12-17T08:03:26.498+0700] {logging_mixin.py:154} INFO - [2023-12-17T08:03:26.497+0700] {manager.py:499} INFO - Created Permission View: %s
[2023-12-17T08:03:26.498+0700] {logging_mixin.py:154} INFO - [2023-12-17T08:03:26.498+0700] {dag.py:2941} INFO - Sync 2 DAGs
[2023-12-17T08:03:26.506+0700] {logging_mixin.py:154} INFO - [2023-12-17T08:03:26.506+0700] {dag.py:2963} INFO - Creating ORM DAG for example_external_task_marker_parent
[2023-12-17T08:03:26.507+0700] {logging_mixin.py:154} INFO - [2023-12-17T08:03:26.507+0700] {dag.py:2963} INFO - Creating ORM DAG for example_external_task_marker_child
[2023-12-17T08:03:26.507+0700] {logging_mixin.py:154} INFO - [2023-12-17T08:03:26.507+0700] {dag.py:3722} INFO - Setting next_dagrun for example_external_task_marker_child to None, run_after=None
[2023-12-17T08:03:26.508+0700] {logging_mixin.py:154} INFO - [2023-12-17T08:03:26.508+0700] {dag.py:3722} INFO - Setting next_dagrun for example_external_task_marker_parent to None, run_after=None
[2023-12-17T08:03:26.524+0700] {processor.py:179} INFO - Processing /home/phuc/Practice/DataScience/DSProject/venv/lib/python3.10/site-packages/airflow/example_dags/example_external_task_marker_dag.py took 0.157 seconds
[2023-12-17T08:05:41.155+0700] {processor.py:157} INFO - Started process (PID=311014) to work on /home/phuc/Practice/DataScience/DSProject/venv/lib/python3.10/site-packages/airflow/example_dags/example_external_task_marker_dag.py
[2023-12-17T08:05:41.163+0700] {processor.py:829} INFO - Processing file /home/phuc/Practice/DataScience/DSProject/venv/lib/python3.10/site-packages/airflow/example_dags/example_external_task_marker_dag.py for tasks to queue
[2023-12-17T08:05:41.164+0700] {logging_mixin.py:154} INFO - [2023-12-17T08:05:41.164+0700] {dagbag.py:536} INFO - Filling up the DagBag from /home/phuc/Practice/DataScience/DSProject/venv/lib/python3.10/site-packages/airflow/example_dags/example_external_task_marker_dag.py
[2023-12-17T08:05:41.172+0700] {processor.py:839} INFO - DAG(s) dict_keys(['example_external_task_marker_parent', 'example_external_task_marker_child']) retrieved from /home/phuc/Practice/DataScience/DSProject/venv/lib/python3.10/site-packages/airflow/example_dags/example_external_task_marker_dag.py
[2023-12-17T08:05:41.188+0700] {logging_mixin.py:154} INFO - [2023-12-17T08:05:41.188+0700] {dag.py:2941} INFO - Sync 2 DAGs
[2023-12-17T08:05:41.196+0700] {logging_mixin.py:154} INFO - [2023-12-17T08:05:41.196+0700] {dag.py:3722} INFO - Setting next_dagrun for example_external_task_marker_child to None, run_after=None
[2023-12-17T08:05:41.198+0700] {logging_mixin.py:154} INFO - [2023-12-17T08:05:41.198+0700] {dag.py:3722} INFO - Setting next_dagrun for example_external_task_marker_parent to None, run_after=None
[2023-12-17T08:05:41.213+0700] {processor.py:179} INFO - Processing /home/phuc/Practice/DataScience/DSProject/venv/lib/python3.10/site-packages/airflow/example_dags/example_external_task_marker_dag.py took 0.060 seconds
[2023-12-17T08:06:29.213+0700] {processor.py:157} INFO - Started process (PID=311534) to work on /home/phuc/Practice/DataScience/DSProject/venv/lib/python3.10/site-packages/airflow/example_dags/example_external_task_marker_dag.py
[2023-12-17T08:06:29.220+0700] {processor.py:829} INFO - Processing file /home/phuc/Practice/DataScience/DSProject/venv/lib/python3.10/site-packages/airflow/example_dags/example_external_task_marker_dag.py for tasks to queue
[2023-12-17T08:06:29.220+0700] {logging_mixin.py:154} INFO - [2023-12-17T08:06:29.220+0700] {dagbag.py:536} INFO - Filling up the DagBag from /home/phuc/Practice/DataScience/DSProject/venv/lib/python3.10/site-packages/airflow/example_dags/example_external_task_marker_dag.py
[2023-12-17T08:06:29.225+0700] {processor.py:839} INFO - DAG(s) dict_keys(['example_external_task_marker_child', 'example_external_task_marker_parent']) retrieved from /home/phuc/Practice/DataScience/DSProject/venv/lib/python3.10/site-packages/airflow/example_dags/example_external_task_marker_dag.py
[2023-12-17T08:06:29.241+0700] {logging_mixin.py:154} INFO - [2023-12-17T08:06:29.241+0700] {dag.py:2941} INFO - Sync 2 DAGs
[2023-12-17T08:06:29.249+0700] {logging_mixin.py:154} INFO - [2023-12-17T08:06:29.249+0700] {dag.py:3722} INFO - Setting next_dagrun for example_external_task_marker_child to None, run_after=None
[2023-12-17T08:06:29.251+0700] {logging_mixin.py:154} INFO - [2023-12-17T08:06:29.251+0700] {dag.py:3722} INFO - Setting next_dagrun for example_external_task_marker_parent to None, run_after=None
[2023-12-17T08:06:29.265+0700] {processor.py:179} INFO - Processing /home/phuc/Practice/DataScience/DSProject/venv/lib/python3.10/site-packages/airflow/example_dags/example_external_task_marker_dag.py took 0.056 seconds
[2023-12-17T08:07:15.616+0700] {processor.py:157} INFO - Started process (PID=312023) to work on /home/phuc/Practice/DataScience/DSProject/venv/lib/python3.10/site-packages/airflow/example_dags/example_external_task_marker_dag.py
[2023-12-17T08:07:15.623+0700] {processor.py:829} INFO - Processing file /home/phuc/Practice/DataScience/DSProject/venv/lib/python3.10/site-packages/airflow/example_dags/example_external_task_marker_dag.py for tasks to queue
[2023-12-17T08:07:15.624+0700] {logging_mixin.py:154} INFO - [2023-12-17T08:07:15.623+0700] {dagbag.py:536} INFO - Filling up the DagBag from /home/phuc/Practice/DataScience/DSProject/venv/lib/python3.10/site-packages/airflow/example_dags/example_external_task_marker_dag.py
[2023-12-17T08:07:15.628+0700] {processor.py:839} INFO - DAG(s) dict_keys(['example_external_task_marker_parent', 'example_external_task_marker_child']) retrieved from /home/phuc/Practice/DataScience/DSProject/venv/lib/python3.10/site-packages/airflow/example_dags/example_external_task_marker_dag.py
[2023-12-17T08:07:15.643+0700] {logging_mixin.py:154} INFO - [2023-12-17T08:07:15.643+0700] {dag.py:2941} INFO - Sync 2 DAGs
[2023-12-17T08:07:15.652+0700] {logging_mixin.py:154} INFO - [2023-12-17T08:07:15.651+0700] {dag.py:3722} INFO - Setting next_dagrun for example_external_task_marker_child to None, run_after=None
[2023-12-17T08:07:15.654+0700] {logging_mixin.py:154} INFO - [2023-12-17T08:07:15.654+0700] {dag.py:3722} INFO - Setting next_dagrun for example_external_task_marker_parent to None, run_after=None
[2023-12-17T08:07:15.670+0700] {processor.py:179} INFO - Processing /home/phuc/Practice/DataScience/DSProject/venv/lib/python3.10/site-packages/airflow/example_dags/example_external_task_marker_dag.py took 0.056 seconds
[2023-12-17T08:08:38.420+0700] {processor.py:157} INFO - Started process (PID=313130) to work on /home/phuc/Practice/DataScience/DSProject/venv/lib/python3.10/site-packages/airflow/example_dags/example_external_task_marker_dag.py
[2023-12-17T08:08:38.427+0700] {processor.py:829} INFO - Processing file /home/phuc/Practice/DataScience/DSProject/venv/lib/python3.10/site-packages/airflow/example_dags/example_external_task_marker_dag.py for tasks to queue
[2023-12-17T08:08:38.429+0700] {logging_mixin.py:154} INFO - [2023-12-17T08:08:38.428+0700] {dagbag.py:536} INFO - Filling up the DagBag from /home/phuc/Practice/DataScience/DSProject/venv/lib/python3.10/site-packages/airflow/example_dags/example_external_task_marker_dag.py
[2023-12-17T08:08:38.438+0700] {processor.py:839} INFO - DAG(s) dict_keys(['example_external_task_marker_parent', 'example_external_task_marker_child']) retrieved from /home/phuc/Practice/DataScience/DSProject/venv/lib/python3.10/site-packages/airflow/example_dags/example_external_task_marker_dag.py
[2023-12-17T08:08:38.452+0700] {logging_mixin.py:154} INFO - [2023-12-17T08:08:38.452+0700] {dag.py:2941} INFO - Sync 2 DAGs
[2023-12-17T08:08:38.458+0700] {logging_mixin.py:154} INFO - [2023-12-17T08:08:38.457+0700] {dag.py:3722} INFO - Setting next_dagrun for example_external_task_marker_child to None, run_after=None
[2023-12-17T08:08:38.459+0700] {logging_mixin.py:154} INFO - [2023-12-17T08:08:38.459+0700] {dag.py:3722} INFO - Setting next_dagrun for example_external_task_marker_parent to None, run_after=None
[2023-12-17T08:08:38.470+0700] {processor.py:179} INFO - Processing /home/phuc/Practice/DataScience/DSProject/venv/lib/python3.10/site-packages/airflow/example_dags/example_external_task_marker_dag.py took 0.052 seconds
[2023-12-17T08:09:25.006+0700] {processor.py:157} INFO - Started process (PID=313450) to work on /home/phuc/Practice/DataScience/DSProject/venv/lib/python3.10/site-packages/airflow/example_dags/example_external_task_marker_dag.py
[2023-12-17T08:09:25.013+0700] {processor.py:829} INFO - Processing file /home/phuc/Practice/DataScience/DSProject/venv/lib/python3.10/site-packages/airflow/example_dags/example_external_task_marker_dag.py for tasks to queue
[2023-12-17T08:09:25.015+0700] {logging_mixin.py:154} INFO - [2023-12-17T08:09:25.014+0700] {dagbag.py:536} INFO - Filling up the DagBag from /home/phuc/Practice/DataScience/DSProject/venv/lib/python3.10/site-packages/airflow/example_dags/example_external_task_marker_dag.py
[2023-12-17T08:09:25.026+0700] {processor.py:839} INFO - DAG(s) dict_keys(['example_external_task_marker_parent', 'example_external_task_marker_child']) retrieved from /home/phuc/Practice/DataScience/DSProject/venv/lib/python3.10/site-packages/airflow/example_dags/example_external_task_marker_dag.py
[2023-12-17T08:09:25.038+0700] {logging_mixin.py:154} INFO - [2023-12-17T08:09:25.038+0700] {dag.py:2941} INFO - Sync 2 DAGs
[2023-12-17T08:09:25.044+0700] {logging_mixin.py:154} INFO - [2023-12-17T08:09:25.043+0700] {dag.py:3722} INFO - Setting next_dagrun for example_external_task_marker_child to None, run_after=None
[2023-12-17T08:09:25.045+0700] {logging_mixin.py:154} INFO - [2023-12-17T08:09:25.045+0700] {dag.py:3722} INFO - Setting next_dagrun for example_external_task_marker_parent to None, run_after=None
[2023-12-17T08:09:25.056+0700] {processor.py:179} INFO - Processing /home/phuc/Practice/DataScience/DSProject/venv/lib/python3.10/site-packages/airflow/example_dags/example_external_task_marker_dag.py took 0.052 seconds
[2023-12-17T08:10:12.100+0700] {processor.py:157} INFO - Started process (PID=313814) to work on /home/phuc/Practice/DataScience/DSProject/venv/lib/python3.10/site-packages/airflow/example_dags/example_external_task_marker_dag.py
[2023-12-17T08:10:12.107+0700] {processor.py:829} INFO - Processing file /home/phuc/Practice/DataScience/DSProject/venv/lib/python3.10/site-packages/airflow/example_dags/example_external_task_marker_dag.py for tasks to queue
[2023-12-17T08:10:12.107+0700] {logging_mixin.py:154} INFO - [2023-12-17T08:10:12.107+0700] {dagbag.py:536} INFO - Filling up the DagBag from /home/phuc/Practice/DataScience/DSProject/venv/lib/python3.10/site-packages/airflow/example_dags/example_external_task_marker_dag.py
[2023-12-17T08:10:12.111+0700] {processor.py:839} INFO - DAG(s) dict_keys(['example_external_task_marker_parent', 'example_external_task_marker_child']) retrieved from /home/phuc/Practice/DataScience/DSProject/venv/lib/python3.10/site-packages/airflow/example_dags/example_external_task_marker_dag.py
[2023-12-17T08:10:12.125+0700] {logging_mixin.py:154} INFO - [2023-12-17T08:10:12.125+0700] {dag.py:2941} INFO - Sync 2 DAGs
[2023-12-17T08:10:12.131+0700] {logging_mixin.py:154} INFO - [2023-12-17T08:10:12.131+0700] {dag.py:3722} INFO - Setting next_dagrun for example_external_task_marker_child to None, run_after=None
[2023-12-17T08:10:12.132+0700] {logging_mixin.py:154} INFO - [2023-12-17T08:10:12.132+0700] {dag.py:3722} INFO - Setting next_dagrun for example_external_task_marker_parent to None, run_after=None
[2023-12-17T08:10:12.144+0700] {processor.py:179} INFO - Processing /home/phuc/Practice/DataScience/DSProject/venv/lib/python3.10/site-packages/airflow/example_dags/example_external_task_marker_dag.py took 0.046 seconds
[2023-12-17T08:11:03.968+0700] {processor.py:157} INFO - Started process (PID=314032) to work on /home/phuc/Practice/DataScience/DSProject/venv/lib/python3.10/site-packages/airflow/example_dags/example_external_task_marker_dag.py
[2023-12-17T08:11:03.975+0700] {processor.py:829} INFO - Processing file /home/phuc/Practice/DataScience/DSProject/venv/lib/python3.10/site-packages/airflow/example_dags/example_external_task_marker_dag.py for tasks to queue
[2023-12-17T08:11:03.977+0700] {logging_mixin.py:154} INFO - [2023-12-17T08:11:03.976+0700] {dagbag.py:536} INFO - Filling up the DagBag from /home/phuc/Practice/DataScience/DSProject/venv/lib/python3.10/site-packages/airflow/example_dags/example_external_task_marker_dag.py
[2023-12-17T08:11:03.982+0700] {processor.py:839} INFO - DAG(s) dict_keys(['example_external_task_marker_child', 'example_external_task_marker_parent']) retrieved from /home/phuc/Practice/DataScience/DSProject/venv/lib/python3.10/site-packages/airflow/example_dags/example_external_task_marker_dag.py
[2023-12-17T08:11:03.993+0700] {logging_mixin.py:154} INFO - [2023-12-17T08:11:03.993+0700] {dag.py:2941} INFO - Sync 2 DAGs
[2023-12-17T08:11:03.999+0700] {logging_mixin.py:154} INFO - [2023-12-17T08:11:03.999+0700] {dag.py:3722} INFO - Setting next_dagrun for example_external_task_marker_child to None, run_after=None
[2023-12-17T08:11:04.000+0700] {logging_mixin.py:154} INFO - [2023-12-17T08:11:04.000+0700] {dag.py:3722} INFO - Setting next_dagrun for example_external_task_marker_parent to None, run_after=None
[2023-12-17T08:11:04.011+0700] {processor.py:179} INFO - Processing /home/phuc/Practice/DataScience/DSProject/venv/lib/python3.10/site-packages/airflow/example_dags/example_external_task_marker_dag.py took 0.045 seconds
[2023-12-17T08:11:51.262+0700] {processor.py:157} INFO - Started process (PID=314263) to work on /home/phuc/Practice/DataScience/DSProject/venv/lib/python3.10/site-packages/airflow/example_dags/example_external_task_marker_dag.py
[2023-12-17T08:11:51.263+0700] {processor.py:829} INFO - Processing file /home/phuc/Practice/DataScience/DSProject/venv/lib/python3.10/site-packages/airflow/example_dags/example_external_task_marker_dag.py for tasks to queue
[2023-12-17T08:11:51.265+0700] {logging_mixin.py:154} INFO - [2023-12-17T08:11:51.264+0700] {dagbag.py:536} INFO - Filling up the DagBag from /home/phuc/Practice/DataScience/DSProject/venv/lib/python3.10/site-packages/airflow/example_dags/example_external_task_marker_dag.py
[2023-12-17T08:11:51.269+0700] {processor.py:839} INFO - DAG(s) dict_keys(['example_external_task_marker_parent', 'example_external_task_marker_child']) retrieved from /home/phuc/Practice/DataScience/DSProject/venv/lib/python3.10/site-packages/airflow/example_dags/example_external_task_marker_dag.py
[2023-12-17T08:11:51.279+0700] {logging_mixin.py:154} INFO - [2023-12-17T08:11:51.279+0700] {dag.py:2941} INFO - Sync 2 DAGs
[2023-12-17T08:11:51.285+0700] {logging_mixin.py:154} INFO - [2023-12-17T08:11:51.285+0700] {dag.py:3722} INFO - Setting next_dagrun for example_external_task_marker_child to None, run_after=None
[2023-12-17T08:11:51.287+0700] {logging_mixin.py:154} INFO - [2023-12-17T08:11:51.287+0700] {dag.py:3722} INFO - Setting next_dagrun for example_external_task_marker_parent to None, run_after=None
[2023-12-17T08:11:51.297+0700] {processor.py:179} INFO - Processing /home/phuc/Practice/DataScience/DSProject/venv/lib/python3.10/site-packages/airflow/example_dags/example_external_task_marker_dag.py took 0.038 seconds
[2023-12-17T08:12:43.281+0700] {processor.py:157} INFO - Started process (PID=314501) to work on /home/phuc/Practice/DataScience/DSProject/venv/lib/python3.10/site-packages/airflow/example_dags/example_external_task_marker_dag.py
[2023-12-17T08:12:43.288+0700] {processor.py:829} INFO - Processing file /home/phuc/Practice/DataScience/DSProject/venv/lib/python3.10/site-packages/airflow/example_dags/example_external_task_marker_dag.py for tasks to queue
[2023-12-17T08:12:43.289+0700] {logging_mixin.py:154} INFO - [2023-12-17T08:12:43.288+0700] {dagbag.py:536} INFO - Filling up the DagBag from /home/phuc/Practice/DataScience/DSProject/venv/lib/python3.10/site-packages/airflow/example_dags/example_external_task_marker_dag.py
[2023-12-17T08:12:43.293+0700] {processor.py:839} INFO - DAG(s) dict_keys(['example_external_task_marker_parent', 'example_external_task_marker_child']) retrieved from /home/phuc/Practice/DataScience/DSProject/venv/lib/python3.10/site-packages/airflow/example_dags/example_external_task_marker_dag.py
[2023-12-17T08:12:43.307+0700] {logging_mixin.py:154} INFO - [2023-12-17T08:12:43.307+0700] {dag.py:2941} INFO - Sync 2 DAGs
[2023-12-17T08:12:43.315+0700] {logging_mixin.py:154} INFO - [2023-12-17T08:12:43.315+0700] {dag.py:3722} INFO - Setting next_dagrun for example_external_task_marker_child to None, run_after=None
[2023-12-17T08:12:43.317+0700] {logging_mixin.py:154} INFO - [2023-12-17T08:12:43.317+0700] {dag.py:3722} INFO - Setting next_dagrun for example_external_task_marker_parent to None, run_after=None
[2023-12-17T08:12:43.329+0700] {processor.py:179} INFO - Processing /home/phuc/Practice/DataScience/DSProject/venv/lib/python3.10/site-packages/airflow/example_dags/example_external_task_marker_dag.py took 0.051 seconds
[2023-12-17T08:13:27.390+0700] {processor.py:157} INFO - Started process (PID=314758) to work on /home/phuc/Practice/DataScience/DSProject/venv/lib/python3.10/site-packages/airflow/example_dags/example_external_task_marker_dag.py
[2023-12-17T08:13:27.397+0700] {processor.py:829} INFO - Processing file /home/phuc/Practice/DataScience/DSProject/venv/lib/python3.10/site-packages/airflow/example_dags/example_external_task_marker_dag.py for tasks to queue
[2023-12-17T08:13:27.399+0700] {logging_mixin.py:154} INFO - [2023-12-17T08:13:27.398+0700] {dagbag.py:536} INFO - Filling up the DagBag from /home/phuc/Practice/DataScience/DSProject/venv/lib/python3.10/site-packages/airflow/example_dags/example_external_task_marker_dag.py
[2023-12-17T08:13:27.407+0700] {processor.py:839} INFO - DAG(s) dict_keys(['example_external_task_marker_child', 'example_external_task_marker_parent']) retrieved from /home/phuc/Practice/DataScience/DSProject/venv/lib/python3.10/site-packages/airflow/example_dags/example_external_task_marker_dag.py
[2023-12-17T08:13:27.422+0700] {logging_mixin.py:154} INFO - [2023-12-17T08:13:27.422+0700] {dag.py:2941} INFO - Sync 2 DAGs
[2023-12-17T08:13:27.428+0700] {logging_mixin.py:154} INFO - [2023-12-17T08:13:27.428+0700] {dag.py:3722} INFO - Setting next_dagrun for example_external_task_marker_child to None, run_after=None
[2023-12-17T08:13:27.430+0700] {logging_mixin.py:154} INFO - [2023-12-17T08:13:27.430+0700] {dag.py:3722} INFO - Setting next_dagrun for example_external_task_marker_parent to None, run_after=None
[2023-12-17T08:13:27.442+0700] {processor.py:179} INFO - Processing /home/phuc/Practice/DataScience/DSProject/venv/lib/python3.10/site-packages/airflow/example_dags/example_external_task_marker_dag.py took 0.055 seconds
[2023-12-17T08:14:17.579+0700] {processor.py:157} INFO - Started process (PID=314980) to work on /home/phuc/Practice/DataScience/DSProject/venv/lib/python3.10/site-packages/airflow/example_dags/example_external_task_marker_dag.py
[2023-12-17T08:14:17.587+0700] {processor.py:829} INFO - Processing file /home/phuc/Practice/DataScience/DSProject/venv/lib/python3.10/site-packages/airflow/example_dags/example_external_task_marker_dag.py for tasks to queue
[2023-12-17T08:14:17.588+0700] {logging_mixin.py:154} INFO - [2023-12-17T08:14:17.587+0700] {dagbag.py:536} INFO - Filling up the DagBag from /home/phuc/Practice/DataScience/DSProject/venv/lib/python3.10/site-packages/airflow/example_dags/example_external_task_marker_dag.py
[2023-12-17T08:14:17.598+0700] {processor.py:839} INFO - DAG(s) dict_keys(['example_external_task_marker_parent', 'example_external_task_marker_child']) retrieved from /home/phuc/Practice/DataScience/DSProject/venv/lib/python3.10/site-packages/airflow/example_dags/example_external_task_marker_dag.py
[2023-12-17T08:14:17.618+0700] {logging_mixin.py:154} INFO - [2023-12-17T08:14:17.617+0700] {dag.py:2941} INFO - Sync 2 DAGs
[2023-12-17T08:14:17.625+0700] {logging_mixin.py:154} INFO - [2023-12-17T08:14:17.625+0700] {dag.py:3722} INFO - Setting next_dagrun for example_external_task_marker_child to None, run_after=None
[2023-12-17T08:14:17.626+0700] {logging_mixin.py:154} INFO - [2023-12-17T08:14:17.626+0700] {dag.py:3722} INFO - Setting next_dagrun for example_external_task_marker_parent to None, run_after=None
[2023-12-17T08:14:17.637+0700] {processor.py:179} INFO - Processing /home/phuc/Practice/DataScience/DSProject/venv/lib/python3.10/site-packages/airflow/example_dags/example_external_task_marker_dag.py took 0.062 seconds
[2023-12-17T08:15:13.326+0700] {processor.py:157} INFO - Started process (PID=315228) to work on /home/phuc/Practice/DataScience/DSProject/venv/lib/python3.10/site-packages/airflow/example_dags/example_external_task_marker_dag.py
[2023-12-17T08:15:13.333+0700] {processor.py:829} INFO - Processing file /home/phuc/Practice/DataScience/DSProject/venv/lib/python3.10/site-packages/airflow/example_dags/example_external_task_marker_dag.py for tasks to queue
[2023-12-17T08:15:13.334+0700] {logging_mixin.py:154} INFO - [2023-12-17T08:15:13.333+0700] {dagbag.py:536} INFO - Filling up the DagBag from /home/phuc/Practice/DataScience/DSProject/venv/lib/python3.10/site-packages/airflow/example_dags/example_external_task_marker_dag.py
[2023-12-17T08:15:13.344+0700] {processor.py:839} INFO - DAG(s) dict_keys(['example_external_task_marker_parent', 'example_external_task_marker_child']) retrieved from /home/phuc/Practice/DataScience/DSProject/venv/lib/python3.10/site-packages/airflow/example_dags/example_external_task_marker_dag.py
[2023-12-17T08:15:13.357+0700] {logging_mixin.py:154} INFO - [2023-12-17T08:15:13.357+0700] {dag.py:2941} INFO - Sync 2 DAGs
[2023-12-17T08:15:13.363+0700] {logging_mixin.py:154} INFO - [2023-12-17T08:15:13.363+0700] {dag.py:3722} INFO - Setting next_dagrun for example_external_task_marker_child to None, run_after=None
[2023-12-17T08:15:13.365+0700] {logging_mixin.py:154} INFO - [2023-12-17T08:15:13.365+0700] {dag.py:3722} INFO - Setting next_dagrun for example_external_task_marker_parent to None, run_after=None
[2023-12-17T08:15:13.376+0700] {processor.py:179} INFO - Processing /home/phuc/Practice/DataScience/DSProject/venv/lib/python3.10/site-packages/airflow/example_dags/example_external_task_marker_dag.py took 0.054 seconds
[2023-12-17T08:16:03.726+0700] {processor.py:157} INFO - Started process (PID=315493) to work on /home/phuc/Practice/DataScience/DSProject/venv/lib/python3.10/site-packages/airflow/example_dags/example_external_task_marker_dag.py
[2023-12-17T08:16:03.727+0700] {processor.py:829} INFO - Processing file /home/phuc/Practice/DataScience/DSProject/venv/lib/python3.10/site-packages/airflow/example_dags/example_external_task_marker_dag.py for tasks to queue
[2023-12-17T08:16:03.728+0700] {logging_mixin.py:154} INFO - [2023-12-17T08:16:03.728+0700] {dagbag.py:536} INFO - Filling up the DagBag from /home/phuc/Practice/DataScience/DSProject/venv/lib/python3.10/site-packages/airflow/example_dags/example_external_task_marker_dag.py
[2023-12-17T08:16:03.732+0700] {processor.py:839} INFO - DAG(s) dict_keys(['example_external_task_marker_parent', 'example_external_task_marker_child']) retrieved from /home/phuc/Practice/DataScience/DSProject/venv/lib/python3.10/site-packages/airflow/example_dags/example_external_task_marker_dag.py
[2023-12-17T08:16:03.747+0700] {logging_mixin.py:154} INFO - [2023-12-17T08:16:03.746+0700] {dag.py:2941} INFO - Sync 2 DAGs
[2023-12-17T08:16:03.754+0700] {logging_mixin.py:154} INFO - [2023-12-17T08:16:03.754+0700] {dag.py:3722} INFO - Setting next_dagrun for example_external_task_marker_child to None, run_after=None
[2023-12-17T08:16:03.756+0700] {logging_mixin.py:154} INFO - [2023-12-17T08:16:03.756+0700] {dag.py:3722} INFO - Setting next_dagrun for example_external_task_marker_parent to None, run_after=None
[2023-12-17T08:16:03.770+0700] {processor.py:179} INFO - Processing /home/phuc/Practice/DataScience/DSProject/venv/lib/python3.10/site-packages/airflow/example_dags/example_external_task_marker_dag.py took 0.046 seconds
[2023-12-17T08:17:57.480+0700] {processor.py:157} INFO - Started process (PID=316435) to work on /home/phuc/Practice/DataScience/DSProject/venv/lib/python3.10/site-packages/airflow/example_dags/example_external_task_marker_dag.py
[2023-12-17T08:17:57.487+0700] {processor.py:829} INFO - Processing file /home/phuc/Practice/DataScience/DSProject/venv/lib/python3.10/site-packages/airflow/example_dags/example_external_task_marker_dag.py for tasks to queue
[2023-12-17T08:17:57.488+0700] {logging_mixin.py:154} INFO - [2023-12-17T08:17:57.487+0700] {dagbag.py:536} INFO - Filling up the DagBag from /home/phuc/Practice/DataScience/DSProject/venv/lib/python3.10/site-packages/airflow/example_dags/example_external_task_marker_dag.py
[2023-12-17T08:17:57.496+0700] {processor.py:839} INFO - DAG(s) dict_keys(['example_external_task_marker_parent', 'example_external_task_marker_child']) retrieved from /home/phuc/Practice/DataScience/DSProject/venv/lib/python3.10/site-packages/airflow/example_dags/example_external_task_marker_dag.py
[2023-12-17T08:17:57.510+0700] {logging_mixin.py:154} INFO - [2023-12-17T08:17:57.510+0700] {dag.py:2941} INFO - Sync 2 DAGs
[2023-12-17T08:17:57.516+0700] {logging_mixin.py:154} INFO - [2023-12-17T08:17:57.516+0700] {dag.py:3722} INFO - Setting next_dagrun for example_external_task_marker_child to None, run_after=None
[2023-12-17T08:17:57.518+0700] {logging_mixin.py:154} INFO - [2023-12-17T08:17:57.518+0700] {dag.py:3722} INFO - Setting next_dagrun for example_external_task_marker_parent to None, run_after=None
[2023-12-17T08:17:57.528+0700] {processor.py:179} INFO - Processing /home/phuc/Practice/DataScience/DSProject/venv/lib/python3.10/site-packages/airflow/example_dags/example_external_task_marker_dag.py took 0.052 seconds
[2023-12-17T08:18:43.885+0700] {processor.py:157} INFO - Started process (PID=316763) to work on /home/phuc/Practice/DataScience/DSProject/venv/lib/python3.10/site-packages/airflow/example_dags/example_external_task_marker_dag.py
[2023-12-17T08:18:43.893+0700] {processor.py:829} INFO - Processing file /home/phuc/Practice/DataScience/DSProject/venv/lib/python3.10/site-packages/airflow/example_dags/example_external_task_marker_dag.py for tasks to queue
[2023-12-17T08:18:43.893+0700] {logging_mixin.py:154} INFO - [2023-12-17T08:18:43.893+0700] {dagbag.py:536} INFO - Filling up the DagBag from /home/phuc/Practice/DataScience/DSProject/venv/lib/python3.10/site-packages/airflow/example_dags/example_external_task_marker_dag.py
[2023-12-17T08:18:43.898+0700] {processor.py:839} INFO - DAG(s) dict_keys(['example_external_task_marker_child', 'example_external_task_marker_parent']) retrieved from /home/phuc/Practice/DataScience/DSProject/venv/lib/python3.10/site-packages/airflow/example_dags/example_external_task_marker_dag.py
[2023-12-17T08:18:43.911+0700] {logging_mixin.py:154} INFO - [2023-12-17T08:18:43.911+0700] {dag.py:2941} INFO - Sync 2 DAGs
[2023-12-17T08:18:43.917+0700] {logging_mixin.py:154} INFO - [2023-12-17T08:18:43.917+0700] {dag.py:3722} INFO - Setting next_dagrun for example_external_task_marker_child to None, run_after=None
[2023-12-17T08:18:43.919+0700] {logging_mixin.py:154} INFO - [2023-12-17T08:18:43.919+0700] {dag.py:3722} INFO - Setting next_dagrun for example_external_task_marker_parent to None, run_after=None
[2023-12-17T08:18:43.930+0700] {processor.py:179} INFO - Processing /home/phuc/Practice/DataScience/DSProject/venv/lib/python3.10/site-packages/airflow/example_dags/example_external_task_marker_dag.py took 0.047 seconds
[2023-12-17T08:19:32.382+0700] {processor.py:157} INFO - Started process (PID=317234) to work on /home/phuc/Practice/DataScience/DSProject/venv/lib/python3.10/site-packages/airflow/example_dags/example_external_task_marker_dag.py
[2023-12-17T08:19:32.389+0700] {processor.py:829} INFO - Processing file /home/phuc/Practice/DataScience/DSProject/venv/lib/python3.10/site-packages/airflow/example_dags/example_external_task_marker_dag.py for tasks to queue
[2023-12-17T08:19:32.390+0700] {logging_mixin.py:154} INFO - [2023-12-17T08:19:32.389+0700] {dagbag.py:536} INFO - Filling up the DagBag from /home/phuc/Practice/DataScience/DSProject/venv/lib/python3.10/site-packages/airflow/example_dags/example_external_task_marker_dag.py
[2023-12-17T08:19:32.395+0700] {processor.py:839} INFO - DAG(s) dict_keys(['example_external_task_marker_child', 'example_external_task_marker_parent']) retrieved from /home/phuc/Practice/DataScience/DSProject/venv/lib/python3.10/site-packages/airflow/example_dags/example_external_task_marker_dag.py
[2023-12-17T08:19:32.410+0700] {logging_mixin.py:154} INFO - [2023-12-17T08:19:32.410+0700] {dag.py:2941} INFO - Sync 2 DAGs
[2023-12-17T08:19:32.418+0700] {logging_mixin.py:154} INFO - [2023-12-17T08:19:32.418+0700] {dag.py:3722} INFO - Setting next_dagrun for example_external_task_marker_child to None, run_after=None
[2023-12-17T08:19:32.421+0700] {logging_mixin.py:154} INFO - [2023-12-17T08:19:32.421+0700] {dag.py:3722} INFO - Setting next_dagrun for example_external_task_marker_parent to None, run_after=None
[2023-12-17T08:19:32.435+0700] {processor.py:179} INFO - Processing /home/phuc/Practice/DataScience/DSProject/venv/lib/python3.10/site-packages/airflow/example_dags/example_external_task_marker_dag.py took 0.056 seconds
[2023-12-17T08:20:24.542+0700] {processor.py:157} INFO - Started process (PID=317811) to work on /home/phuc/Practice/DataScience/DSProject/venv/lib/python3.10/site-packages/airflow/example_dags/example_external_task_marker_dag.py
[2023-12-17T08:20:24.548+0700] {processor.py:829} INFO - Processing file /home/phuc/Practice/DataScience/DSProject/venv/lib/python3.10/site-packages/airflow/example_dags/example_external_task_marker_dag.py for tasks to queue
[2023-12-17T08:20:24.549+0700] {logging_mixin.py:154} INFO - [2023-12-17T08:20:24.549+0700] {dagbag.py:536} INFO - Filling up the DagBag from /home/phuc/Practice/DataScience/DSProject/venv/lib/python3.10/site-packages/airflow/example_dags/example_external_task_marker_dag.py
[2023-12-17T08:20:24.554+0700] {processor.py:839} INFO - DAG(s) dict_keys(['example_external_task_marker_child', 'example_external_task_marker_parent']) retrieved from /home/phuc/Practice/DataScience/DSProject/venv/lib/python3.10/site-packages/airflow/example_dags/example_external_task_marker_dag.py
[2023-12-17T08:20:24.567+0700] {logging_mixin.py:154} INFO - [2023-12-17T08:20:24.567+0700] {dag.py:2941} INFO - Sync 2 DAGs
[2023-12-17T08:20:24.575+0700] {logging_mixin.py:154} INFO - [2023-12-17T08:20:24.575+0700] {dag.py:3722} INFO - Setting next_dagrun for example_external_task_marker_child to None, run_after=None
[2023-12-17T08:20:24.578+0700] {logging_mixin.py:154} INFO - [2023-12-17T08:20:24.577+0700] {dag.py:3722} INFO - Setting next_dagrun for example_external_task_marker_parent to None, run_after=None
[2023-12-17T08:20:24.591+0700] {processor.py:179} INFO - Processing /home/phuc/Practice/DataScience/DSProject/venv/lib/python3.10/site-packages/airflow/example_dags/example_external_task_marker_dag.py took 0.052 seconds
[2023-12-17T08:22:53.930+0700] {processor.py:157} INFO - Started process (PID=319170) to work on /home/phuc/Practice/DataScience/DSProject/venv/lib/python3.10/site-packages/airflow/example_dags/example_external_task_marker_dag.py
[2023-12-17T08:22:53.931+0700] {processor.py:829} INFO - Processing file /home/phuc/Practice/DataScience/DSProject/venv/lib/python3.10/site-packages/airflow/example_dags/example_external_task_marker_dag.py for tasks to queue
[2023-12-17T08:22:53.932+0700] {logging_mixin.py:154} INFO - [2023-12-17T08:22:53.932+0700] {dagbag.py:536} INFO - Filling up the DagBag from /home/phuc/Practice/DataScience/DSProject/venv/lib/python3.10/site-packages/airflow/example_dags/example_external_task_marker_dag.py
[2023-12-17T08:22:53.939+0700] {processor.py:839} INFO - DAG(s) dict_keys(['example_external_task_marker_child', 'example_external_task_marker_parent']) retrieved from /home/phuc/Practice/DataScience/DSProject/venv/lib/python3.10/site-packages/airflow/example_dags/example_external_task_marker_dag.py
[2023-12-17T08:22:53.954+0700] {logging_mixin.py:154} INFO - [2023-12-17T08:22:53.954+0700] {dag.py:2941} INFO - Sync 2 DAGs
[2023-12-17T08:22:53.962+0700] {logging_mixin.py:154} INFO - [2023-12-17T08:22:53.962+0700] {dag.py:3722} INFO - Setting next_dagrun for example_external_task_marker_child to None, run_after=None
[2023-12-17T08:22:53.964+0700] {logging_mixin.py:154} INFO - [2023-12-17T08:22:53.964+0700] {dag.py:3722} INFO - Setting next_dagrun for example_external_task_marker_parent to None, run_after=None
[2023-12-17T08:22:53.978+0700] {processor.py:179} INFO - Processing /home/phuc/Practice/DataScience/DSProject/venv/lib/python3.10/site-packages/airflow/example_dags/example_external_task_marker_dag.py took 0.051 seconds
[2023-12-17T08:23:44.366+0700] {processor.py:157} INFO - Started process (PID=319574) to work on /home/phuc/Practice/DataScience/DSProject/venv/lib/python3.10/site-packages/airflow/example_dags/example_external_task_marker_dag.py
[2023-12-17T08:23:44.373+0700] {processor.py:829} INFO - Processing file /home/phuc/Practice/DataScience/DSProject/venv/lib/python3.10/site-packages/airflow/example_dags/example_external_task_marker_dag.py for tasks to queue
[2023-12-17T08:23:44.374+0700] {logging_mixin.py:154} INFO - [2023-12-17T08:23:44.374+0700] {dagbag.py:536} INFO - Filling up the DagBag from /home/phuc/Practice/DataScience/DSProject/venv/lib/python3.10/site-packages/airflow/example_dags/example_external_task_marker_dag.py
[2023-12-17T08:23:44.382+0700] {processor.py:839} INFO - DAG(s) dict_keys(['example_external_task_marker_parent', 'example_external_task_marker_child']) retrieved from /home/phuc/Practice/DataScience/DSProject/venv/lib/python3.10/site-packages/airflow/example_dags/example_external_task_marker_dag.py
[2023-12-17T08:23:44.395+0700] {logging_mixin.py:154} INFO - [2023-12-17T08:23:44.395+0700] {dag.py:2941} INFO - Sync 2 DAGs
[2023-12-17T08:23:44.403+0700] {logging_mixin.py:154} INFO - [2023-12-17T08:23:44.403+0700] {dag.py:3722} INFO - Setting next_dagrun for example_external_task_marker_child to None, run_after=None
[2023-12-17T08:23:44.405+0700] {logging_mixin.py:154} INFO - [2023-12-17T08:23:44.404+0700] {dag.py:3722} INFO - Setting next_dagrun for example_external_task_marker_parent to None, run_after=None
[2023-12-17T08:23:44.418+0700] {processor.py:179} INFO - Processing /home/phuc/Practice/DataScience/DSProject/venv/lib/python3.10/site-packages/airflow/example_dags/example_external_task_marker_dag.py took 0.054 seconds
[2023-12-17T08:24:30.730+0700] {processor.py:157} INFO - Started process (PID=319851) to work on /home/phuc/Practice/DataScience/DSProject/venv/lib/python3.10/site-packages/airflow/example_dags/example_external_task_marker_dag.py
[2023-12-17T08:24:30.736+0700] {processor.py:829} INFO - Processing file /home/phuc/Practice/DataScience/DSProject/venv/lib/python3.10/site-packages/airflow/example_dags/example_external_task_marker_dag.py for tasks to queue
[2023-12-17T08:24:30.738+0700] {logging_mixin.py:154} INFO - [2023-12-17T08:24:30.737+0700] {dagbag.py:536} INFO - Filling up the DagBag from /home/phuc/Practice/DataScience/DSProject/venv/lib/python3.10/site-packages/airflow/example_dags/example_external_task_marker_dag.py
[2023-12-17T08:24:30.745+0700] {processor.py:839} INFO - DAG(s) dict_keys(['example_external_task_marker_child', 'example_external_task_marker_parent']) retrieved from /home/phuc/Practice/DataScience/DSProject/venv/lib/python3.10/site-packages/airflow/example_dags/example_external_task_marker_dag.py
[2023-12-17T08:24:30.759+0700] {logging_mixin.py:154} INFO - [2023-12-17T08:24:30.759+0700] {dag.py:2941} INFO - Sync 2 DAGs
[2023-12-17T08:24:30.765+0700] {logging_mixin.py:154} INFO - [2023-12-17T08:24:30.765+0700] {dag.py:3722} INFO - Setting next_dagrun for example_external_task_marker_child to None, run_after=None
[2023-12-17T08:24:30.766+0700] {logging_mixin.py:154} INFO - [2023-12-17T08:24:30.766+0700] {dag.py:3722} INFO - Setting next_dagrun for example_external_task_marker_parent to None, run_after=None
[2023-12-17T08:24:30.777+0700] {processor.py:179} INFO - Processing /home/phuc/Practice/DataScience/DSProject/venv/lib/python3.10/site-packages/airflow/example_dags/example_external_task_marker_dag.py took 0.050 seconds
[2023-12-17T08:25:25.015+0700] {processor.py:157} INFO - Started process (PID=320077) to work on /home/phuc/Practice/DataScience/DSProject/venv/lib/python3.10/site-packages/airflow/example_dags/example_external_task_marker_dag.py
[2023-12-17T08:25:25.021+0700] {processor.py:829} INFO - Processing file /home/phuc/Practice/DataScience/DSProject/venv/lib/python3.10/site-packages/airflow/example_dags/example_external_task_marker_dag.py for tasks to queue
[2023-12-17T08:25:25.022+0700] {logging_mixin.py:154} INFO - [2023-12-17T08:25:25.022+0700] {dagbag.py:536} INFO - Filling up the DagBag from /home/phuc/Practice/DataScience/DSProject/venv/lib/python3.10/site-packages/airflow/example_dags/example_external_task_marker_dag.py
[2023-12-17T08:25:25.027+0700] {processor.py:839} INFO - DAG(s) dict_keys(['example_external_task_marker_child', 'example_external_task_marker_parent']) retrieved from /home/phuc/Practice/DataScience/DSProject/venv/lib/python3.10/site-packages/airflow/example_dags/example_external_task_marker_dag.py
[2023-12-17T08:25:25.045+0700] {logging_mixin.py:154} INFO - [2023-12-17T08:25:25.045+0700] {dag.py:2941} INFO - Sync 2 DAGs
[2023-12-17T08:25:25.055+0700] {logging_mixin.py:154} INFO - [2023-12-17T08:25:25.055+0700] {dag.py:3722} INFO - Setting next_dagrun for example_external_task_marker_child to None, run_after=None
[2023-12-17T08:25:25.057+0700] {logging_mixin.py:154} INFO - [2023-12-17T08:25:25.057+0700] {dag.py:3722} INFO - Setting next_dagrun for example_external_task_marker_parent to None, run_after=None
[2023-12-17T08:25:25.070+0700] {processor.py:179} INFO - Processing /home/phuc/Practice/DataScience/DSProject/venv/lib/python3.10/site-packages/airflow/example_dags/example_external_task_marker_dag.py took 0.059 seconds
[2023-12-17T08:26:11.658+0700] {processor.py:157} INFO - Started process (PID=320297) to work on /home/phuc/Practice/DataScience/DSProject/venv/lib/python3.10/site-packages/airflow/example_dags/example_external_task_marker_dag.py
[2023-12-17T08:26:11.665+0700] {processor.py:829} INFO - Processing file /home/phuc/Practice/DataScience/DSProject/venv/lib/python3.10/site-packages/airflow/example_dags/example_external_task_marker_dag.py for tasks to queue
[2023-12-17T08:26:11.666+0700] {logging_mixin.py:154} INFO - [2023-12-17T08:26:11.666+0700] {dagbag.py:536} INFO - Filling up the DagBag from /home/phuc/Practice/DataScience/DSProject/venv/lib/python3.10/site-packages/airflow/example_dags/example_external_task_marker_dag.py
[2023-12-17T08:26:11.670+0700] {processor.py:839} INFO - DAG(s) dict_keys(['example_external_task_marker_child', 'example_external_task_marker_parent']) retrieved from /home/phuc/Practice/DataScience/DSProject/venv/lib/python3.10/site-packages/airflow/example_dags/example_external_task_marker_dag.py
[2023-12-17T08:26:11.685+0700] {logging_mixin.py:154} INFO - [2023-12-17T08:26:11.684+0700] {dag.py:2941} INFO - Sync 2 DAGs
[2023-12-17T08:26:11.694+0700] {logging_mixin.py:154} INFO - [2023-12-17T08:26:11.694+0700] {dag.py:3722} INFO - Setting next_dagrun for example_external_task_marker_child to None, run_after=None
[2023-12-17T08:26:11.697+0700] {logging_mixin.py:154} INFO - [2023-12-17T08:26:11.696+0700] {dag.py:3722} INFO - Setting next_dagrun for example_external_task_marker_parent to None, run_after=None
[2023-12-17T08:26:11.710+0700] {processor.py:179} INFO - Processing /home/phuc/Practice/DataScience/DSProject/venv/lib/python3.10/site-packages/airflow/example_dags/example_external_task_marker_dag.py took 0.054 seconds
[2023-12-17T08:27:03.881+0700] {processor.py:157} INFO - Started process (PID=320602) to work on /home/phuc/Practice/DataScience/DSProject/venv/lib/python3.10/site-packages/airflow/example_dags/example_external_task_marker_dag.py
[2023-12-17T08:27:03.888+0700] {processor.py:829} INFO - Processing file /home/phuc/Practice/DataScience/DSProject/venv/lib/python3.10/site-packages/airflow/example_dags/example_external_task_marker_dag.py for tasks to queue
[2023-12-17T08:27:03.889+0700] {logging_mixin.py:154} INFO - [2023-12-17T08:27:03.889+0700] {dagbag.py:536} INFO - Filling up the DagBag from /home/phuc/Practice/DataScience/DSProject/venv/lib/python3.10/site-packages/airflow/example_dags/example_external_task_marker_dag.py
[2023-12-17T08:27:03.898+0700] {processor.py:839} INFO - DAG(s) dict_keys(['example_external_task_marker_child', 'example_external_task_marker_parent']) retrieved from /home/phuc/Practice/DataScience/DSProject/venv/lib/python3.10/site-packages/airflow/example_dags/example_external_task_marker_dag.py
[2023-12-17T08:27:03.912+0700] {logging_mixin.py:154} INFO - [2023-12-17T08:27:03.912+0700] {dag.py:2941} INFO - Sync 2 DAGs
[2023-12-17T08:27:03.919+0700] {logging_mixin.py:154} INFO - [2023-12-17T08:27:03.918+0700] {dag.py:3722} INFO - Setting next_dagrun for example_external_task_marker_child to None, run_after=None
[2023-12-17T08:27:03.920+0700] {logging_mixin.py:154} INFO - [2023-12-17T08:27:03.920+0700] {dag.py:3722} INFO - Setting next_dagrun for example_external_task_marker_parent to None, run_after=None
[2023-12-17T08:27:03.930+0700] {processor.py:179} INFO - Processing /home/phuc/Practice/DataScience/DSProject/venv/lib/python3.10/site-packages/airflow/example_dags/example_external_task_marker_dag.py took 0.052 seconds
[2023-12-17T08:27:54.518+0700] {processor.py:157} INFO - Started process (PID=320824) to work on /home/phuc/Practice/DataScience/DSProject/venv/lib/python3.10/site-packages/airflow/example_dags/example_external_task_marker_dag.py
[2023-12-17T08:27:54.525+0700] {processor.py:829} INFO - Processing file /home/phuc/Practice/DataScience/DSProject/venv/lib/python3.10/site-packages/airflow/example_dags/example_external_task_marker_dag.py for tasks to queue
[2023-12-17T08:27:54.526+0700] {logging_mixin.py:154} INFO - [2023-12-17T08:27:54.526+0700] {dagbag.py:536} INFO - Filling up the DagBag from /home/phuc/Practice/DataScience/DSProject/venv/lib/python3.10/site-packages/airflow/example_dags/example_external_task_marker_dag.py
[2023-12-17T08:27:54.535+0700] {processor.py:839} INFO - DAG(s) dict_keys(['example_external_task_marker_parent', 'example_external_task_marker_child']) retrieved from /home/phuc/Practice/DataScience/DSProject/venv/lib/python3.10/site-packages/airflow/example_dags/example_external_task_marker_dag.py
[2023-12-17T08:27:54.549+0700] {logging_mixin.py:154} INFO - [2023-12-17T08:27:54.549+0700] {dag.py:2941} INFO - Sync 2 DAGs
[2023-12-17T08:27:54.556+0700] {logging_mixin.py:154} INFO - [2023-12-17T08:27:54.555+0700] {dag.py:3722} INFO - Setting next_dagrun for example_external_task_marker_child to None, run_after=None
[2023-12-17T08:27:54.557+0700] {logging_mixin.py:154} INFO - [2023-12-17T08:27:54.557+0700] {dag.py:3722} INFO - Setting next_dagrun for example_external_task_marker_parent to None, run_after=None
[2023-12-17T08:27:54.567+0700] {processor.py:179} INFO - Processing /home/phuc/Practice/DataScience/DSProject/venv/lib/python3.10/site-packages/airflow/example_dags/example_external_task_marker_dag.py took 0.054 seconds
[2023-12-17T08:28:41.965+0700] {processor.py:157} INFO - Started process (PID=321024) to work on /home/phuc/Practice/DataScience/DSProject/venv/lib/python3.10/site-packages/airflow/example_dags/example_external_task_marker_dag.py
[2023-12-17T08:28:41.972+0700] {processor.py:829} INFO - Processing file /home/phuc/Practice/DataScience/DSProject/venv/lib/python3.10/site-packages/airflow/example_dags/example_external_task_marker_dag.py for tasks to queue
[2023-12-17T08:28:41.974+0700] {logging_mixin.py:154} INFO - [2023-12-17T08:28:41.973+0700] {dagbag.py:536} INFO - Filling up the DagBag from /home/phuc/Practice/DataScience/DSProject/venv/lib/python3.10/site-packages/airflow/example_dags/example_external_task_marker_dag.py
[2023-12-17T08:28:41.983+0700] {processor.py:839} INFO - DAG(s) dict_keys(['example_external_task_marker_child', 'example_external_task_marker_parent']) retrieved from /home/phuc/Practice/DataScience/DSProject/venv/lib/python3.10/site-packages/airflow/example_dags/example_external_task_marker_dag.py
[2023-12-17T08:28:41.996+0700] {logging_mixin.py:154} INFO - [2023-12-17T08:28:41.996+0700] {dag.py:2941} INFO - Sync 2 DAGs
[2023-12-17T08:28:42.002+0700] {logging_mixin.py:154} INFO - [2023-12-17T08:28:42.002+0700] {dag.py:3722} INFO - Setting next_dagrun for example_external_task_marker_child to None, run_after=None
[2023-12-17T08:28:42.004+0700] {logging_mixin.py:154} INFO - [2023-12-17T08:28:42.003+0700] {dag.py:3722} INFO - Setting next_dagrun for example_external_task_marker_parent to None, run_after=None
[2023-12-17T08:28:42.014+0700] {processor.py:179} INFO - Processing /home/phuc/Practice/DataScience/DSProject/venv/lib/python3.10/site-packages/airflow/example_dags/example_external_task_marker_dag.py took 0.051 seconds
[2023-12-17T08:29:31.909+0700] {processor.py:157} INFO - Started process (PID=321250) to work on /home/phuc/Practice/DataScience/DSProject/venv/lib/python3.10/site-packages/airflow/example_dags/example_external_task_marker_dag.py
[2023-12-17T08:29:31.916+0700] {processor.py:829} INFO - Processing file /home/phuc/Practice/DataScience/DSProject/venv/lib/python3.10/site-packages/airflow/example_dags/example_external_task_marker_dag.py for tasks to queue
[2023-12-17T08:29:31.917+0700] {logging_mixin.py:154} INFO - [2023-12-17T08:29:31.917+0700] {dagbag.py:536} INFO - Filling up the DagBag from /home/phuc/Practice/DataScience/DSProject/venv/lib/python3.10/site-packages/airflow/example_dags/example_external_task_marker_dag.py
[2023-12-17T08:29:31.923+0700] {processor.py:839} INFO - DAG(s) dict_keys(['example_external_task_marker_child', 'example_external_task_marker_parent']) retrieved from /home/phuc/Practice/DataScience/DSProject/venv/lib/python3.10/site-packages/airflow/example_dags/example_external_task_marker_dag.py
[2023-12-17T08:29:31.932+0700] {logging_mixin.py:154} INFO - [2023-12-17T08:29:31.932+0700] {dag.py:2941} INFO - Sync 2 DAGs
[2023-12-17T08:29:31.938+0700] {logging_mixin.py:154} INFO - [2023-12-17T08:29:31.937+0700] {dag.py:3722} INFO - Setting next_dagrun for example_external_task_marker_child to None, run_after=None
[2023-12-17T08:29:31.939+0700] {logging_mixin.py:154} INFO - [2023-12-17T08:29:31.939+0700] {dag.py:3722} INFO - Setting next_dagrun for example_external_task_marker_parent to None, run_after=None
[2023-12-17T08:29:31.947+0700] {processor.py:179} INFO - Processing /home/phuc/Practice/DataScience/DSProject/venv/lib/python3.10/site-packages/airflow/example_dags/example_external_task_marker_dag.py took 0.040 seconds
[2023-12-17T08:30:22.171+0700] {processor.py:157} INFO - Started process (PID=321491) to work on /home/phuc/Practice/DataScience/DSProject/venv/lib/python3.10/site-packages/airflow/example_dags/example_external_task_marker_dag.py
[2023-12-17T08:30:22.178+0700] {processor.py:829} INFO - Processing file /home/phuc/Practice/DataScience/DSProject/venv/lib/python3.10/site-packages/airflow/example_dags/example_external_task_marker_dag.py for tasks to queue
[2023-12-17T08:30:22.179+0700] {logging_mixin.py:154} INFO - [2023-12-17T08:30:22.179+0700] {dagbag.py:536} INFO - Filling up the DagBag from /home/phuc/Practice/DataScience/DSProject/venv/lib/python3.10/site-packages/airflow/example_dags/example_external_task_marker_dag.py
[2023-12-17T08:30:22.187+0700] {processor.py:839} INFO - DAG(s) dict_keys(['example_external_task_marker_child', 'example_external_task_marker_parent']) retrieved from /home/phuc/Practice/DataScience/DSProject/venv/lib/python3.10/site-packages/airflow/example_dags/example_external_task_marker_dag.py
[2023-12-17T08:30:22.201+0700] {logging_mixin.py:154} INFO - [2023-12-17T08:30:22.201+0700] {dag.py:2941} INFO - Sync 2 DAGs
[2023-12-17T08:30:22.206+0700] {logging_mixin.py:154} INFO - [2023-12-17T08:30:22.206+0700] {dag.py:3722} INFO - Setting next_dagrun for example_external_task_marker_child to None, run_after=None
[2023-12-17T08:30:22.208+0700] {logging_mixin.py:154} INFO - [2023-12-17T08:30:22.207+0700] {dag.py:3722} INFO - Setting next_dagrun for example_external_task_marker_parent to None, run_after=None
[2023-12-17T08:30:22.216+0700] {processor.py:179} INFO - Processing /home/phuc/Practice/DataScience/DSProject/venv/lib/python3.10/site-packages/airflow/example_dags/example_external_task_marker_dag.py took 0.047 seconds
[2023-12-17T08:31:14.400+0700] {processor.py:157} INFO - Started process (PID=321774) to work on /home/phuc/Practice/DataScience/DSProject/venv/lib/python3.10/site-packages/airflow/example_dags/example_external_task_marker_dag.py
[2023-12-17T08:31:14.407+0700] {processor.py:829} INFO - Processing file /home/phuc/Practice/DataScience/DSProject/venv/lib/python3.10/site-packages/airflow/example_dags/example_external_task_marker_dag.py for tasks to queue
[2023-12-17T08:31:14.408+0700] {logging_mixin.py:154} INFO - [2023-12-17T08:31:14.408+0700] {dagbag.py:536} INFO - Filling up the DagBag from /home/phuc/Practice/DataScience/DSProject/venv/lib/python3.10/site-packages/airflow/example_dags/example_external_task_marker_dag.py
[2023-12-17T08:31:14.417+0700] {processor.py:839} INFO - DAG(s) dict_keys(['example_external_task_marker_child', 'example_external_task_marker_parent']) retrieved from /home/phuc/Practice/DataScience/DSProject/venv/lib/python3.10/site-packages/airflow/example_dags/example_external_task_marker_dag.py
[2023-12-17T08:31:14.430+0700] {logging_mixin.py:154} INFO - [2023-12-17T08:31:14.430+0700] {dag.py:2941} INFO - Sync 2 DAGs
[2023-12-17T08:31:14.435+0700] {logging_mixin.py:154} INFO - [2023-12-17T08:31:14.435+0700] {dag.py:3722} INFO - Setting next_dagrun for example_external_task_marker_child to None, run_after=None
[2023-12-17T08:31:14.436+0700] {logging_mixin.py:154} INFO - [2023-12-17T08:31:14.436+0700] {dag.py:3722} INFO - Setting next_dagrun for example_external_task_marker_parent to None, run_after=None
[2023-12-17T08:31:14.445+0700] {processor.py:179} INFO - Processing /home/phuc/Practice/DataScience/DSProject/venv/lib/python3.10/site-packages/airflow/example_dags/example_external_task_marker_dag.py took 0.047 seconds
[2023-12-17T08:32:30.478+0700] {processor.py:157} INFO - Started process (PID=322904) to work on /home/phuc/Practice/DataScience/DSProject/venv/lib/python3.10/site-packages/airflow/example_dags/example_external_task_marker_dag.py
[2023-12-17T08:32:30.485+0700] {processor.py:829} INFO - Processing file /home/phuc/Practice/DataScience/DSProject/venv/lib/python3.10/site-packages/airflow/example_dags/example_external_task_marker_dag.py for tasks to queue
[2023-12-17T08:32:30.486+0700] {logging_mixin.py:154} INFO - [2023-12-17T08:32:30.485+0700] {dagbag.py:536} INFO - Filling up the DagBag from /home/phuc/Practice/DataScience/DSProject/venv/lib/python3.10/site-packages/airflow/example_dags/example_external_task_marker_dag.py
[2023-12-17T08:32:30.489+0700] {processor.py:839} INFO - DAG(s) dict_keys(['example_external_task_marker_child', 'example_external_task_marker_parent']) retrieved from /home/phuc/Practice/DataScience/DSProject/venv/lib/python3.10/site-packages/airflow/example_dags/example_external_task_marker_dag.py
[2023-12-17T08:32:30.501+0700] {logging_mixin.py:154} INFO - [2023-12-17T08:32:30.501+0700] {dag.py:2941} INFO - Sync 2 DAGs
[2023-12-17T08:32:30.508+0700] {logging_mixin.py:154} INFO - [2023-12-17T08:32:30.507+0700] {dag.py:3722} INFO - Setting next_dagrun for example_external_task_marker_child to None, run_after=None
[2023-12-17T08:32:30.509+0700] {logging_mixin.py:154} INFO - [2023-12-17T08:32:30.509+0700] {dag.py:3722} INFO - Setting next_dagrun for example_external_task_marker_parent to None, run_after=None
[2023-12-17T08:32:30.519+0700] {processor.py:179} INFO - Processing /home/phuc/Practice/DataScience/DSProject/venv/lib/python3.10/site-packages/airflow/example_dags/example_external_task_marker_dag.py took 0.043 seconds
[2023-12-17T08:33:14.880+0700] {processor.py:157} INFO - Started process (PID=323130) to work on /home/phuc/Practice/DataScience/DSProject/venv/lib/python3.10/site-packages/airflow/example_dags/example_external_task_marker_dag.py
[2023-12-17T08:33:14.887+0700] {processor.py:829} INFO - Processing file /home/phuc/Practice/DataScience/DSProject/venv/lib/python3.10/site-packages/airflow/example_dags/example_external_task_marker_dag.py for tasks to queue
[2023-12-17T08:33:14.887+0700] {logging_mixin.py:154} INFO - [2023-12-17T08:33:14.887+0700] {dagbag.py:536} INFO - Filling up the DagBag from /home/phuc/Practice/DataScience/DSProject/venv/lib/python3.10/site-packages/airflow/example_dags/example_external_task_marker_dag.py
[2023-12-17T08:33:14.891+0700] {processor.py:839} INFO - DAG(s) dict_keys(['example_external_task_marker_child', 'example_external_task_marker_parent']) retrieved from /home/phuc/Practice/DataScience/DSProject/venv/lib/python3.10/site-packages/airflow/example_dags/example_external_task_marker_dag.py
[2023-12-17T08:33:14.903+0700] {logging_mixin.py:154} INFO - [2023-12-17T08:33:14.903+0700] {dag.py:2941} INFO - Sync 2 DAGs
[2023-12-17T08:33:14.910+0700] {logging_mixin.py:154} INFO - [2023-12-17T08:33:14.910+0700] {dag.py:3722} INFO - Setting next_dagrun for example_external_task_marker_child to None, run_after=None
[2023-12-17T08:33:14.912+0700] {logging_mixin.py:154} INFO - [2023-12-17T08:33:14.912+0700] {dag.py:3722} INFO - Setting next_dagrun for example_external_task_marker_parent to None, run_after=None
[2023-12-17T08:33:14.923+0700] {processor.py:179} INFO - Processing /home/phuc/Practice/DataScience/DSProject/venv/lib/python3.10/site-packages/airflow/example_dags/example_external_task_marker_dag.py took 0.044 seconds
[2023-12-17T08:34:06.691+0700] {processor.py:157} INFO - Started process (PID=323430) to work on /home/phuc/Practice/DataScience/DSProject/venv/lib/python3.10/site-packages/airflow/example_dags/example_external_task_marker_dag.py
[2023-12-17T08:34:06.698+0700] {processor.py:829} INFO - Processing file /home/phuc/Practice/DataScience/DSProject/venv/lib/python3.10/site-packages/airflow/example_dags/example_external_task_marker_dag.py for tasks to queue
[2023-12-17T08:34:06.699+0700] {logging_mixin.py:154} INFO - [2023-12-17T08:34:06.699+0700] {dagbag.py:536} INFO - Filling up the DagBag from /home/phuc/Practice/DataScience/DSProject/venv/lib/python3.10/site-packages/airflow/example_dags/example_external_task_marker_dag.py
[2023-12-17T08:34:06.704+0700] {processor.py:839} INFO - DAG(s) dict_keys(['example_external_task_marker_child', 'example_external_task_marker_parent']) retrieved from /home/phuc/Practice/DataScience/DSProject/venv/lib/python3.10/site-packages/airflow/example_dags/example_external_task_marker_dag.py
[2023-12-17T08:34:06.715+0700] {logging_mixin.py:154} INFO - [2023-12-17T08:34:06.715+0700] {dag.py:2941} INFO - Sync 2 DAGs
[2023-12-17T08:34:06.722+0700] {logging_mixin.py:154} INFO - [2023-12-17T08:34:06.722+0700] {dag.py:3722} INFO - Setting next_dagrun for example_external_task_marker_child to None, run_after=None
[2023-12-17T08:34:06.724+0700] {logging_mixin.py:154} INFO - [2023-12-17T08:34:06.724+0700] {dag.py:3722} INFO - Setting next_dagrun for example_external_task_marker_parent to None, run_after=None
[2023-12-17T08:34:06.736+0700] {processor.py:179} INFO - Processing /home/phuc/Practice/DataScience/DSProject/venv/lib/python3.10/site-packages/airflow/example_dags/example_external_task_marker_dag.py took 0.049 seconds
[2023-12-17T08:35:00.653+0700] {processor.py:157} INFO - Started process (PID=323949) to work on /home/phuc/Practice/DataScience/DSProject/venv/lib/python3.10/site-packages/airflow/example_dags/example_external_task_marker_dag.py
[2023-12-17T08:35:00.660+0700] {processor.py:829} INFO - Processing file /home/phuc/Practice/DataScience/DSProject/venv/lib/python3.10/site-packages/airflow/example_dags/example_external_task_marker_dag.py for tasks to queue
[2023-12-17T08:35:00.661+0700] {logging_mixin.py:154} INFO - [2023-12-17T08:35:00.661+0700] {dagbag.py:536} INFO - Filling up the DagBag from /home/phuc/Practice/DataScience/DSProject/venv/lib/python3.10/site-packages/airflow/example_dags/example_external_task_marker_dag.py
[2023-12-17T08:35:00.664+0700] {processor.py:839} INFO - DAG(s) dict_keys(['example_external_task_marker_parent', 'example_external_task_marker_child']) retrieved from /home/phuc/Practice/DataScience/DSProject/venv/lib/python3.10/site-packages/airflow/example_dags/example_external_task_marker_dag.py
[2023-12-17T08:35:00.678+0700] {logging_mixin.py:154} INFO - [2023-12-17T08:35:00.678+0700] {dag.py:2941} INFO - Sync 2 DAGs
[2023-12-17T08:35:00.684+0700] {logging_mixin.py:154} INFO - [2023-12-17T08:35:00.684+0700] {dag.py:3722} INFO - Setting next_dagrun for example_external_task_marker_child to None, run_after=None
[2023-12-17T08:35:00.685+0700] {logging_mixin.py:154} INFO - [2023-12-17T08:35:00.685+0700] {dag.py:3722} INFO - Setting next_dagrun for example_external_task_marker_parent to None, run_after=None
[2023-12-17T08:35:00.694+0700] {processor.py:179} INFO - Processing /home/phuc/Practice/DataScience/DSProject/venv/lib/python3.10/site-packages/airflow/example_dags/example_external_task_marker_dag.py took 0.042 seconds
[2023-12-17T08:35:54.381+0700] {processor.py:157} INFO - Started process (PID=324338) to work on /home/phuc/Practice/DataScience/DSProject/venv/lib/python3.10/site-packages/airflow/example_dags/example_external_task_marker_dag.py
[2023-12-17T08:35:54.388+0700] {processor.py:829} INFO - Processing file /home/phuc/Practice/DataScience/DSProject/venv/lib/python3.10/site-packages/airflow/example_dags/example_external_task_marker_dag.py for tasks to queue
[2023-12-17T08:35:54.389+0700] {logging_mixin.py:154} INFO - [2023-12-17T08:35:54.389+0700] {dagbag.py:536} INFO - Filling up the DagBag from /home/phuc/Practice/DataScience/DSProject/venv/lib/python3.10/site-packages/airflow/example_dags/example_external_task_marker_dag.py
[2023-12-17T08:35:54.398+0700] {processor.py:839} INFO - DAG(s) dict_keys(['example_external_task_marker_child', 'example_external_task_marker_parent']) retrieved from /home/phuc/Practice/DataScience/DSProject/venv/lib/python3.10/site-packages/airflow/example_dags/example_external_task_marker_dag.py
[2023-12-17T08:35:54.411+0700] {logging_mixin.py:154} INFO - [2023-12-17T08:35:54.411+0700] {dag.py:2941} INFO - Sync 2 DAGs
[2023-12-17T08:35:54.417+0700] {logging_mixin.py:154} INFO - [2023-12-17T08:35:54.417+0700] {dag.py:3722} INFO - Setting next_dagrun for example_external_task_marker_child to None, run_after=None
[2023-12-17T08:35:54.418+0700] {logging_mixin.py:154} INFO - [2023-12-17T08:35:54.418+0700] {dag.py:3722} INFO - Setting next_dagrun for example_external_task_marker_parent to None, run_after=None
[2023-12-17T08:35:54.427+0700] {processor.py:179} INFO - Processing /home/phuc/Practice/DataScience/DSProject/venv/lib/python3.10/site-packages/airflow/example_dags/example_external_task_marker_dag.py took 0.049 seconds
