[2023-12-17T08:03:27.989+0700] {processor.py:157} INFO - Started process (PID=309801) to work on /home/phuc/Practice/DataScience/DSProject/venv/lib/python3.10/site-packages/airflow/example_dags/example_latest_only.py
[2023-12-17T08:03:27.990+0700] {processor.py:829} INFO - Processing file /home/phuc/Practice/DataScience/DSProject/venv/lib/python3.10/site-packages/airflow/example_dags/example_latest_only.py for tasks to queue
[2023-12-17T08:03:27.991+0700] {logging_mixin.py:154} INFO - [2023-12-17T08:03:27.990+0700] {dagbag.py:536} INFO - Filling up the DagBag from /home/phuc/Practice/DataScience/DSProject/venv/lib/python3.10/site-packages/airflow/example_dags/example_latest_only.py
[2023-12-17T08:03:28.001+0700] {processor.py:839} INFO - DAG(s) dict_keys(['latest_only']) retrieved from /home/phuc/Practice/DataScience/DSProject/venv/lib/python3.10/site-packages/airflow/example_dags/example_latest_only.py
[2023-12-17T08:03:28.111+0700] {logging_mixin.py:154} INFO - [2023-12-17T08:03:28.110+0700] {manager.py:499} INFO - Created Permission View: %s
[2023-12-17T08:03:28.123+0700] {logging_mixin.py:154} INFO - [2023-12-17T08:03:28.123+0700] {manager.py:499} INFO - Created Permission View: %s
[2023-12-17T08:03:28.130+0700] {logging_mixin.py:154} INFO - [2023-12-17T08:03:28.130+0700] {manager.py:499} INFO - Created Permission View: %s
[2023-12-17T08:03:28.131+0700] {logging_mixin.py:154} INFO - [2023-12-17T08:03:28.131+0700] {dag.py:2941} INFO - Sync 1 DAGs
[2023-12-17T08:03:28.146+0700] {logging_mixin.py:154} INFO - [2023-12-17T08:03:28.146+0700] {dag.py:2963} INFO - Creating ORM DAG for latest_only
[2023-12-17T08:03:28.158+0700] {logging_mixin.py:154} INFO - [2023-12-17T08:03:28.158+0700] {dag.py:3722} INFO - Setting next_dagrun for latest_only to 2023-12-16T21:03:28.158333+00:00, run_after=2023-12-17T01:03:28.158333+00:00
[2023-12-17T08:03:28.184+0700] {processor.py:179} INFO - Processing /home/phuc/Practice/DataScience/DSProject/venv/lib/python3.10/site-packages/airflow/example_dags/example_latest_only.py took 0.198 seconds
[2023-12-17T08:05:42.844+0700] {processor.py:157} INFO - Started process (PID=311033) to work on /home/phuc/Practice/DataScience/DSProject/venv/lib/python3.10/site-packages/airflow/example_dags/example_latest_only.py
[2023-12-17T08:05:42.851+0700] {processor.py:829} INFO - Processing file /home/phuc/Practice/DataScience/DSProject/venv/lib/python3.10/site-packages/airflow/example_dags/example_latest_only.py for tasks to queue
[2023-12-17T08:05:42.852+0700] {logging_mixin.py:154} INFO - [2023-12-17T08:05:42.851+0700] {dagbag.py:536} INFO - Filling up the DagBag from /home/phuc/Practice/DataScience/DSProject/venv/lib/python3.10/site-packages/airflow/example_dags/example_latest_only.py
[2023-12-17T08:05:42.855+0700] {processor.py:839} INFO - DAG(s) dict_keys(['latest_only']) retrieved from /home/phuc/Practice/DataScience/DSProject/venv/lib/python3.10/site-packages/airflow/example_dags/example_latest_only.py
[2023-12-17T08:05:42.867+0700] {logging_mixin.py:154} INFO - [2023-12-17T08:05:42.866+0700] {dag.py:2941} INFO - Sync 1 DAGs
[2023-12-17T08:05:42.879+0700] {logging_mixin.py:154} INFO - [2023-12-17T08:05:42.878+0700] {dag.py:3722} INFO - Setting next_dagrun for latest_only to 2023-12-16T21:05:42.878784+00:00, run_after=2023-12-17T01:05:42.878784+00:00
[2023-12-17T08:05:42.895+0700] {processor.py:179} INFO - Processing /home/phuc/Practice/DataScience/DSProject/venv/lib/python3.10/site-packages/airflow/example_dags/example_latest_only.py took 0.053 seconds
[2023-12-17T08:06:31.503+0700] {processor.py:157} INFO - Started process (PID=311537) to work on /home/phuc/Practice/DataScience/DSProject/venv/lib/python3.10/site-packages/airflow/example_dags/example_latest_only.py
[2023-12-17T08:06:31.504+0700] {processor.py:829} INFO - Processing file /home/phuc/Practice/DataScience/DSProject/venv/lib/python3.10/site-packages/airflow/example_dags/example_latest_only.py for tasks to queue
[2023-12-17T08:06:31.505+0700] {logging_mixin.py:154} INFO - [2023-12-17T08:06:31.504+0700] {dagbag.py:536} INFO - Filling up the DagBag from /home/phuc/Practice/DataScience/DSProject/venv/lib/python3.10/site-packages/airflow/example_dags/example_latest_only.py
[2023-12-17T08:06:31.511+0700] {processor.py:839} INFO - DAG(s) dict_keys(['latest_only']) retrieved from /home/phuc/Practice/DataScience/DSProject/venv/lib/python3.10/site-packages/airflow/example_dags/example_latest_only.py
[2023-12-17T08:06:31.523+0700] {logging_mixin.py:154} INFO - [2023-12-17T08:06:31.523+0700] {dag.py:2941} INFO - Sync 1 DAGs
[2023-12-17T08:06:31.535+0700] {logging_mixin.py:154} INFO - [2023-12-17T08:06:31.535+0700] {dag.py:3722} INFO - Setting next_dagrun for latest_only to 2023-12-16T21:06:31.535523+00:00, run_after=2023-12-17T01:06:31.535523+00:00
[2023-12-17T08:06:31.550+0700] {processor.py:179} INFO - Processing /home/phuc/Practice/DataScience/DSProject/venv/lib/python3.10/site-packages/airflow/example_dags/example_latest_only.py took 0.050 seconds
[2023-12-17T08:07:17.485+0700] {processor.py:157} INFO - Started process (PID=312026) to work on /home/phuc/Practice/DataScience/DSProject/venv/lib/python3.10/site-packages/airflow/example_dags/example_latest_only.py
[2023-12-17T08:07:17.492+0700] {processor.py:829} INFO - Processing file /home/phuc/Practice/DataScience/DSProject/venv/lib/python3.10/site-packages/airflow/example_dags/example_latest_only.py for tasks to queue
[2023-12-17T08:07:17.493+0700] {logging_mixin.py:154} INFO - [2023-12-17T08:07:17.493+0700] {dagbag.py:536} INFO - Filling up the DagBag from /home/phuc/Practice/DataScience/DSProject/venv/lib/python3.10/site-packages/airflow/example_dags/example_latest_only.py
[2023-12-17T08:07:17.500+0700] {processor.py:839} INFO - DAG(s) dict_keys(['latest_only']) retrieved from /home/phuc/Practice/DataScience/DSProject/venv/lib/python3.10/site-packages/airflow/example_dags/example_latest_only.py
[2023-12-17T08:07:17.514+0700] {logging_mixin.py:154} INFO - [2023-12-17T08:07:17.514+0700] {dag.py:2941} INFO - Sync 1 DAGs
[2023-12-17T08:07:17.532+0700] {logging_mixin.py:154} INFO - [2023-12-17T08:07:17.532+0700] {dag.py:3722} INFO - Setting next_dagrun for latest_only to 2023-12-16T21:07:17.532361+00:00, run_after=2023-12-17T01:07:17.532361+00:00
[2023-12-17T08:07:17.550+0700] {processor.py:179} INFO - Processing /home/phuc/Practice/DataScience/DSProject/venv/lib/python3.10/site-packages/airflow/example_dags/example_latest_only.py took 0.067 seconds
[2023-12-17T08:08:40.368+0700] {processor.py:157} INFO - Started process (PID=313148) to work on /home/phuc/Practice/DataScience/DSProject/venv/lib/python3.10/site-packages/airflow/example_dags/example_latest_only.py
[2023-12-17T08:08:40.375+0700] {processor.py:829} INFO - Processing file /home/phuc/Practice/DataScience/DSProject/venv/lib/python3.10/site-packages/airflow/example_dags/example_latest_only.py for tasks to queue
[2023-12-17T08:08:40.376+0700] {logging_mixin.py:154} INFO - [2023-12-17T08:08:40.375+0700] {dagbag.py:536} INFO - Filling up the DagBag from /home/phuc/Practice/DataScience/DSProject/venv/lib/python3.10/site-packages/airflow/example_dags/example_latest_only.py
[2023-12-17T08:08:40.380+0700] {processor.py:839} INFO - DAG(s) dict_keys(['latest_only']) retrieved from /home/phuc/Practice/DataScience/DSProject/venv/lib/python3.10/site-packages/airflow/example_dags/example_latest_only.py
[2023-12-17T08:08:40.389+0700] {logging_mixin.py:154} INFO - [2023-12-17T08:08:40.389+0700] {dag.py:2941} INFO - Sync 1 DAGs
[2023-12-17T08:08:40.399+0700] {logging_mixin.py:154} INFO - [2023-12-17T08:08:40.399+0700] {dag.py:3722} INFO - Setting next_dagrun for latest_only to 2023-12-16T21:08:40.399136+00:00, run_after=2023-12-17T01:08:40.399136+00:00
[2023-12-17T08:08:40.411+0700] {processor.py:179} INFO - Processing /home/phuc/Practice/DataScience/DSProject/venv/lib/python3.10/site-packages/airflow/example_dags/example_latest_only.py took 0.045 seconds
[2023-12-17T08:09:26.732+0700] {processor.py:157} INFO - Started process (PID=313469) to work on /home/phuc/Practice/DataScience/DSProject/venv/lib/python3.10/site-packages/airflow/example_dags/example_latest_only.py
[2023-12-17T08:09:26.739+0700] {processor.py:829} INFO - Processing file /home/phuc/Practice/DataScience/DSProject/venv/lib/python3.10/site-packages/airflow/example_dags/example_latest_only.py for tasks to queue
[2023-12-17T08:09:26.740+0700] {logging_mixin.py:154} INFO - [2023-12-17T08:09:26.740+0700] {dagbag.py:536} INFO - Filling up the DagBag from /home/phuc/Practice/DataScience/DSProject/venv/lib/python3.10/site-packages/airflow/example_dags/example_latest_only.py
[2023-12-17T08:09:26.749+0700] {processor.py:839} INFO - DAG(s) dict_keys(['latest_only']) retrieved from /home/phuc/Practice/DataScience/DSProject/venv/lib/python3.10/site-packages/airflow/example_dags/example_latest_only.py
[2023-12-17T08:09:26.760+0700] {logging_mixin.py:154} INFO - [2023-12-17T08:09:26.760+0700] {dag.py:2941} INFO - Sync 1 DAGs
[2023-12-17T08:09:26.770+0700] {logging_mixin.py:154} INFO - [2023-12-17T08:09:26.770+0700] {dag.py:3722} INFO - Setting next_dagrun for latest_only to 2023-12-16T21:09:26.770307+00:00, run_after=2023-12-17T01:09:26.770307+00:00
[2023-12-17T08:09:26.782+0700] {processor.py:179} INFO - Processing /home/phuc/Practice/DataScience/DSProject/venv/lib/python3.10/site-packages/airflow/example_dags/example_latest_only.py took 0.054 seconds
[2023-12-17T08:10:14.227+0700] {processor.py:157} INFO - Started process (PID=313817) to work on /home/phuc/Practice/DataScience/DSProject/venv/lib/python3.10/site-packages/airflow/example_dags/example_latest_only.py
[2023-12-17T08:10:14.234+0700] {processor.py:829} INFO - Processing file /home/phuc/Practice/DataScience/DSProject/venv/lib/python3.10/site-packages/airflow/example_dags/example_latest_only.py for tasks to queue
[2023-12-17T08:10:14.235+0700] {logging_mixin.py:154} INFO - [2023-12-17T08:10:14.235+0700] {dagbag.py:536} INFO - Filling up the DagBag from /home/phuc/Practice/DataScience/DSProject/venv/lib/python3.10/site-packages/airflow/example_dags/example_latest_only.py
[2023-12-17T08:10:14.244+0700] {processor.py:839} INFO - DAG(s) dict_keys(['latest_only']) retrieved from /home/phuc/Practice/DataScience/DSProject/venv/lib/python3.10/site-packages/airflow/example_dags/example_latest_only.py
[2023-12-17T08:10:14.255+0700] {logging_mixin.py:154} INFO - [2023-12-17T08:10:14.255+0700] {dag.py:2941} INFO - Sync 1 DAGs
[2023-12-17T08:10:14.264+0700] {logging_mixin.py:154} INFO - [2023-12-17T08:10:14.264+0700] {dag.py:3722} INFO - Setting next_dagrun for latest_only to 2023-12-16T21:10:14.264708+00:00, run_after=2023-12-17T01:10:14.264708+00:00
[2023-12-17T08:10:14.276+0700] {processor.py:179} INFO - Processing /home/phuc/Practice/DataScience/DSProject/venv/lib/python3.10/site-packages/airflow/example_dags/example_latest_only.py took 0.053 seconds
[2023-12-17T08:11:05.437+0700] {processor.py:157} INFO - Started process (PID=314034) to work on /home/phuc/Practice/DataScience/DSProject/venv/lib/python3.10/site-packages/airflow/example_dags/example_latest_only.py
[2023-12-17T08:11:05.444+0700] {processor.py:829} INFO - Processing file /home/phuc/Practice/DataScience/DSProject/venv/lib/python3.10/site-packages/airflow/example_dags/example_latest_only.py for tasks to queue
[2023-12-17T08:11:05.446+0700] {logging_mixin.py:154} INFO - [2023-12-17T08:11:05.445+0700] {dagbag.py:536} INFO - Filling up the DagBag from /home/phuc/Practice/DataScience/DSProject/venv/lib/python3.10/site-packages/airflow/example_dags/example_latest_only.py
[2023-12-17T08:11:05.455+0700] {processor.py:839} INFO - DAG(s) dict_keys(['latest_only']) retrieved from /home/phuc/Practice/DataScience/DSProject/venv/lib/python3.10/site-packages/airflow/example_dags/example_latest_only.py
[2023-12-17T08:11:05.466+0700] {logging_mixin.py:154} INFO - [2023-12-17T08:11:05.466+0700] {dag.py:2941} INFO - Sync 1 DAGs
[2023-12-17T08:11:05.477+0700] {logging_mixin.py:154} INFO - [2023-12-17T08:11:05.477+0700] {dag.py:3722} INFO - Setting next_dagrun for latest_only to 2023-12-16T21:11:05.476881+00:00, run_after=2023-12-17T01:11:05.476881+00:00
[2023-12-17T08:11:05.488+0700] {processor.py:179} INFO - Processing /home/phuc/Practice/DataScience/DSProject/venv/lib/python3.10/site-packages/airflow/example_dags/example_latest_only.py took 0.055 seconds
[2023-12-17T08:11:53.536+0700] {processor.py:157} INFO - Started process (PID=314265) to work on /home/phuc/Practice/DataScience/DSProject/venv/lib/python3.10/site-packages/airflow/example_dags/example_latest_only.py
[2023-12-17T08:11:53.543+0700] {processor.py:829} INFO - Processing file /home/phuc/Practice/DataScience/DSProject/venv/lib/python3.10/site-packages/airflow/example_dags/example_latest_only.py for tasks to queue
[2023-12-17T08:11:53.545+0700] {logging_mixin.py:154} INFO - [2023-12-17T08:11:53.544+0700] {dagbag.py:536} INFO - Filling up the DagBag from /home/phuc/Practice/DataScience/DSProject/venv/lib/python3.10/site-packages/airflow/example_dags/example_latest_only.py
[2023-12-17T08:11:53.551+0700] {processor.py:839} INFO - DAG(s) dict_keys(['latest_only']) retrieved from /home/phuc/Practice/DataScience/DSProject/venv/lib/python3.10/site-packages/airflow/example_dags/example_latest_only.py
[2023-12-17T08:11:53.560+0700] {logging_mixin.py:154} INFO - [2023-12-17T08:11:53.560+0700] {dag.py:2941} INFO - Sync 1 DAGs
[2023-12-17T08:11:53.570+0700] {logging_mixin.py:154} INFO - [2023-12-17T08:11:53.570+0700] {dag.py:3722} INFO - Setting next_dagrun for latest_only to 2023-12-16T21:11:53.569915+00:00, run_after=2023-12-17T01:11:53.569915+00:00
[2023-12-17T08:11:53.585+0700] {processor.py:179} INFO - Processing /home/phuc/Practice/DataScience/DSProject/venv/lib/python3.10/site-packages/airflow/example_dags/example_latest_only.py took 0.051 seconds
[2023-12-17T08:12:45.557+0700] {processor.py:157} INFO - Started process (PID=314519) to work on /home/phuc/Practice/DataScience/DSProject/venv/lib/python3.10/site-packages/airflow/example_dags/example_latest_only.py
[2023-12-17T08:12:45.564+0700] {processor.py:829} INFO - Processing file /home/phuc/Practice/DataScience/DSProject/venv/lib/python3.10/site-packages/airflow/example_dags/example_latest_only.py for tasks to queue
[2023-12-17T08:12:45.565+0700] {logging_mixin.py:154} INFO - [2023-12-17T08:12:45.565+0700] {dagbag.py:536} INFO - Filling up the DagBag from /home/phuc/Practice/DataScience/DSProject/venv/lib/python3.10/site-packages/airflow/example_dags/example_latest_only.py
[2023-12-17T08:12:45.574+0700] {processor.py:839} INFO - DAG(s) dict_keys(['latest_only']) retrieved from /home/phuc/Practice/DataScience/DSProject/venv/lib/python3.10/site-packages/airflow/example_dags/example_latest_only.py
[2023-12-17T08:12:45.588+0700] {logging_mixin.py:154} INFO - [2023-12-17T08:12:45.587+0700] {dag.py:2941} INFO - Sync 1 DAGs
[2023-12-17T08:12:45.601+0700] {logging_mixin.py:154} INFO - [2023-12-17T08:12:45.601+0700] {dag.py:3722} INFO - Setting next_dagrun for latest_only to 2023-12-16T21:12:45.601457+00:00, run_after=2023-12-17T01:12:45.601457+00:00
[2023-12-17T08:12:45.618+0700] {processor.py:179} INFO - Processing /home/phuc/Practice/DataScience/DSProject/venv/lib/python3.10/site-packages/airflow/example_dags/example_latest_only.py took 0.063 seconds
[2023-12-17T08:13:29.599+0700] {processor.py:157} INFO - Started process (PID=314760) to work on /home/phuc/Practice/DataScience/DSProject/venv/lib/python3.10/site-packages/airflow/example_dags/example_latest_only.py
[2023-12-17T08:13:29.606+0700] {processor.py:829} INFO - Processing file /home/phuc/Practice/DataScience/DSProject/venv/lib/python3.10/site-packages/airflow/example_dags/example_latest_only.py for tasks to queue
[2023-12-17T08:13:29.608+0700] {logging_mixin.py:154} INFO - [2023-12-17T08:13:29.607+0700] {dagbag.py:536} INFO - Filling up the DagBag from /home/phuc/Practice/DataScience/DSProject/venv/lib/python3.10/site-packages/airflow/example_dags/example_latest_only.py
[2023-12-17T08:13:29.613+0700] {processor.py:839} INFO - DAG(s) dict_keys(['latest_only']) retrieved from /home/phuc/Practice/DataScience/DSProject/venv/lib/python3.10/site-packages/airflow/example_dags/example_latest_only.py
[2023-12-17T08:13:29.629+0700] {logging_mixin.py:154} INFO - [2023-12-17T08:13:29.629+0700] {dag.py:2941} INFO - Sync 1 DAGs
[2023-12-17T08:13:29.644+0700] {logging_mixin.py:154} INFO - [2023-12-17T08:13:29.644+0700] {dag.py:3722} INFO - Setting next_dagrun for latest_only to 2023-12-16T21:13:29.644353+00:00, run_after=2023-12-17T01:13:29.644353+00:00
[2023-12-17T08:13:29.662+0700] {processor.py:179} INFO - Processing /home/phuc/Practice/DataScience/DSProject/venv/lib/python3.10/site-packages/airflow/example_dags/example_latest_only.py took 0.066 seconds
[2023-12-17T08:14:19.861+0700] {processor.py:157} INFO - Started process (PID=314982) to work on /home/phuc/Practice/DataScience/DSProject/venv/lib/python3.10/site-packages/airflow/example_dags/example_latest_only.py
[2023-12-17T08:14:19.868+0700] {processor.py:829} INFO - Processing file /home/phuc/Practice/DataScience/DSProject/venv/lib/python3.10/site-packages/airflow/example_dags/example_latest_only.py for tasks to queue
[2023-12-17T08:14:19.869+0700] {logging_mixin.py:154} INFO - [2023-12-17T08:14:19.868+0700] {dagbag.py:536} INFO - Filling up the DagBag from /home/phuc/Practice/DataScience/DSProject/venv/lib/python3.10/site-packages/airflow/example_dags/example_latest_only.py
[2023-12-17T08:14:19.878+0700] {processor.py:839} INFO - DAG(s) dict_keys(['latest_only']) retrieved from /home/phuc/Practice/DataScience/DSProject/venv/lib/python3.10/site-packages/airflow/example_dags/example_latest_only.py
[2023-12-17T08:14:19.889+0700] {logging_mixin.py:154} INFO - [2023-12-17T08:14:19.889+0700] {dag.py:2941} INFO - Sync 1 DAGs
[2023-12-17T08:14:19.898+0700] {logging_mixin.py:154} INFO - [2023-12-17T08:14:19.898+0700] {dag.py:3722} INFO - Setting next_dagrun for latest_only to 2023-12-16T21:14:19.898654+00:00, run_after=2023-12-17T01:14:19.898654+00:00
[2023-12-17T08:14:19.910+0700] {processor.py:179} INFO - Processing /home/phuc/Practice/DataScience/DSProject/venv/lib/python3.10/site-packages/airflow/example_dags/example_latest_only.py took 0.052 seconds
[2023-12-17T08:15:15.247+0700] {processor.py:157} INFO - Started process (PID=315230) to work on /home/phuc/Practice/DataScience/DSProject/venv/lib/python3.10/site-packages/airflow/example_dags/example_latest_only.py
[2023-12-17T08:15:15.255+0700] {processor.py:829} INFO - Processing file /home/phuc/Practice/DataScience/DSProject/venv/lib/python3.10/site-packages/airflow/example_dags/example_latest_only.py for tasks to queue
[2023-12-17T08:15:15.256+0700] {logging_mixin.py:154} INFO - [2023-12-17T08:15:15.256+0700] {dagbag.py:536} INFO - Filling up the DagBag from /home/phuc/Practice/DataScience/DSProject/venv/lib/python3.10/site-packages/airflow/example_dags/example_latest_only.py
[2023-12-17T08:15:15.266+0700] {processor.py:839} INFO - DAG(s) dict_keys(['latest_only']) retrieved from /home/phuc/Practice/DataScience/DSProject/venv/lib/python3.10/site-packages/airflow/example_dags/example_latest_only.py
[2023-12-17T08:15:15.278+0700] {logging_mixin.py:154} INFO - [2023-12-17T08:15:15.277+0700] {dag.py:2941} INFO - Sync 1 DAGs
[2023-12-17T08:15:15.287+0700] {logging_mixin.py:154} INFO - [2023-12-17T08:15:15.287+0700] {dag.py:3722} INFO - Setting next_dagrun for latest_only to 2023-12-16T21:15:15.286954+00:00, run_after=2023-12-17T01:15:15.286954+00:00
[2023-12-17T08:15:15.299+0700] {processor.py:179} INFO - Processing /home/phuc/Practice/DataScience/DSProject/venv/lib/python3.10/site-packages/airflow/example_dags/example_latest_only.py took 0.054 seconds
[2023-12-17T08:16:05.850+0700] {processor.py:157} INFO - Started process (PID=315514) to work on /home/phuc/Practice/DataScience/DSProject/venv/lib/python3.10/site-packages/airflow/example_dags/example_latest_only.py
[2023-12-17T08:16:05.856+0700] {processor.py:829} INFO - Processing file /home/phuc/Practice/DataScience/DSProject/venv/lib/python3.10/site-packages/airflow/example_dags/example_latest_only.py for tasks to queue
[2023-12-17T08:16:05.857+0700] {logging_mixin.py:154} INFO - [2023-12-17T08:16:05.857+0700] {dagbag.py:536} INFO - Filling up the DagBag from /home/phuc/Practice/DataScience/DSProject/venv/lib/python3.10/site-packages/airflow/example_dags/example_latest_only.py
[2023-12-17T08:16:05.863+0700] {processor.py:839} INFO - DAG(s) dict_keys(['latest_only']) retrieved from /home/phuc/Practice/DataScience/DSProject/venv/lib/python3.10/site-packages/airflow/example_dags/example_latest_only.py
[2023-12-17T08:16:05.875+0700] {logging_mixin.py:154} INFO - [2023-12-17T08:16:05.875+0700] {dag.py:2941} INFO - Sync 1 DAGs
[2023-12-17T08:16:05.888+0700] {logging_mixin.py:154} INFO - [2023-12-17T08:16:05.887+0700] {dag.py:3722} INFO - Setting next_dagrun for latest_only to 2023-12-16T21:16:05.887757+00:00, run_after=2023-12-17T01:16:05.887757+00:00
[2023-12-17T08:16:05.903+0700] {processor.py:179} INFO - Processing /home/phuc/Practice/DataScience/DSProject/venv/lib/python3.10/site-packages/airflow/example_dags/example_latest_only.py took 0.056 seconds
[2023-12-17T08:17:59.775+0700] {processor.py:157} INFO - Started process (PID=316437) to work on /home/phuc/Practice/DataScience/DSProject/venv/lib/python3.10/site-packages/airflow/example_dags/example_latest_only.py
[2023-12-17T08:17:59.782+0700] {processor.py:829} INFO - Processing file /home/phuc/Practice/DataScience/DSProject/venv/lib/python3.10/site-packages/airflow/example_dags/example_latest_only.py for tasks to queue
[2023-12-17T08:17:59.784+0700] {logging_mixin.py:154} INFO - [2023-12-17T08:17:59.783+0700] {dagbag.py:536} INFO - Filling up the DagBag from /home/phuc/Practice/DataScience/DSProject/venv/lib/python3.10/site-packages/airflow/example_dags/example_latest_only.py
[2023-12-17T08:17:59.793+0700] {processor.py:839} INFO - DAG(s) dict_keys(['latest_only']) retrieved from /home/phuc/Practice/DataScience/DSProject/venv/lib/python3.10/site-packages/airflow/example_dags/example_latest_only.py
[2023-12-17T08:17:59.805+0700] {logging_mixin.py:154} INFO - [2023-12-17T08:17:59.805+0700] {dag.py:2941} INFO - Sync 1 DAGs
[2023-12-17T08:17:59.814+0700] {logging_mixin.py:154} INFO - [2023-12-17T08:17:59.814+0700] {dag.py:3722} INFO - Setting next_dagrun for latest_only to 2023-12-16T21:17:59.814309+00:00, run_after=2023-12-17T01:17:59.814309+00:00
[2023-12-17T08:17:59.827+0700] {processor.py:179} INFO - Processing /home/phuc/Practice/DataScience/DSProject/venv/lib/python3.10/site-packages/airflow/example_dags/example_latest_only.py took 0.055 seconds
[2023-12-17T08:18:45.873+0700] {processor.py:157} INFO - Started process (PID=316765) to work on /home/phuc/Practice/DataScience/DSProject/venv/lib/python3.10/site-packages/airflow/example_dags/example_latest_only.py
[2023-12-17T08:18:45.880+0700] {processor.py:829} INFO - Processing file /home/phuc/Practice/DataScience/DSProject/venv/lib/python3.10/site-packages/airflow/example_dags/example_latest_only.py for tasks to queue
[2023-12-17T08:18:45.881+0700] {logging_mixin.py:154} INFO - [2023-12-17T08:18:45.881+0700] {dagbag.py:536} INFO - Filling up the DagBag from /home/phuc/Practice/DataScience/DSProject/venv/lib/python3.10/site-packages/airflow/example_dags/example_latest_only.py
[2023-12-17T08:18:45.889+0700] {processor.py:839} INFO - DAG(s) dict_keys(['latest_only']) retrieved from /home/phuc/Practice/DataScience/DSProject/venv/lib/python3.10/site-packages/airflow/example_dags/example_latest_only.py
[2023-12-17T08:18:45.901+0700] {logging_mixin.py:154} INFO - [2023-12-17T08:18:45.900+0700] {dag.py:2941} INFO - Sync 1 DAGs
[2023-12-17T08:18:45.914+0700] {logging_mixin.py:154} INFO - [2023-12-17T08:18:45.914+0700] {dag.py:3722} INFO - Setting next_dagrun for latest_only to 2023-12-16T21:18:45.913970+00:00, run_after=2023-12-17T01:18:45.913970+00:00
[2023-12-17T08:18:45.929+0700] {processor.py:179} INFO - Processing /home/phuc/Practice/DataScience/DSProject/venv/lib/python3.10/site-packages/airflow/example_dags/example_latest_only.py took 0.060 seconds
[2023-12-17T08:19:36.624+0700] {processor.py:157} INFO - Started process (PID=317286) to work on /home/phuc/Practice/DataScience/DSProject/venv/lib/python3.10/site-packages/airflow/example_dags/example_latest_only.py
[2023-12-17T08:19:36.625+0700] {processor.py:829} INFO - Processing file /home/phuc/Practice/DataScience/DSProject/venv/lib/python3.10/site-packages/airflow/example_dags/example_latest_only.py for tasks to queue
[2023-12-17T08:19:36.625+0700] {logging_mixin.py:154} INFO - [2023-12-17T08:19:36.625+0700] {dagbag.py:536} INFO - Filling up the DagBag from /home/phuc/Practice/DataScience/DSProject/venv/lib/python3.10/site-packages/airflow/example_dags/example_latest_only.py
[2023-12-17T08:19:36.630+0700] {processor.py:839} INFO - DAG(s) dict_keys(['latest_only']) retrieved from /home/phuc/Practice/DataScience/DSProject/venv/lib/python3.10/site-packages/airflow/example_dags/example_latest_only.py
[2023-12-17T08:19:36.643+0700] {logging_mixin.py:154} INFO - [2023-12-17T08:19:36.643+0700] {dag.py:2941} INFO - Sync 1 DAGs
[2023-12-17T08:19:36.658+0700] {logging_mixin.py:154} INFO - [2023-12-17T08:19:36.658+0700] {dag.py:3722} INFO - Setting next_dagrun for latest_only to 2023-12-16T21:19:36.657982+00:00, run_after=2023-12-17T01:19:36.657982+00:00
[2023-12-17T08:19:36.674+0700] {processor.py:179} INFO - Processing /home/phuc/Practice/DataScience/DSProject/venv/lib/python3.10/site-packages/airflow/example_dags/example_latest_only.py took 0.053 seconds
[2023-12-17T08:20:26.837+0700] {processor.py:157} INFO - Started process (PID=317813) to work on /home/phuc/Practice/DataScience/DSProject/venv/lib/python3.10/site-packages/airflow/example_dags/example_latest_only.py
[2023-12-17T08:20:26.844+0700] {processor.py:829} INFO - Processing file /home/phuc/Practice/DataScience/DSProject/venv/lib/python3.10/site-packages/airflow/example_dags/example_latest_only.py for tasks to queue
[2023-12-17T08:20:26.846+0700] {logging_mixin.py:154} INFO - [2023-12-17T08:20:26.845+0700] {dagbag.py:536} INFO - Filling up the DagBag from /home/phuc/Practice/DataScience/DSProject/venv/lib/python3.10/site-packages/airflow/example_dags/example_latest_only.py
[2023-12-17T08:20:26.855+0700] {processor.py:839} INFO - DAG(s) dict_keys(['latest_only']) retrieved from /home/phuc/Practice/DataScience/DSProject/venv/lib/python3.10/site-packages/airflow/example_dags/example_latest_only.py
[2023-12-17T08:20:26.868+0700] {logging_mixin.py:154} INFO - [2023-12-17T08:20:26.868+0700] {dag.py:2941} INFO - Sync 1 DAGs
[2023-12-17T08:20:26.882+0700] {logging_mixin.py:154} INFO - [2023-12-17T08:20:26.882+0700] {dag.py:3722} INFO - Setting next_dagrun for latest_only to 2023-12-16T21:20:26.881838+00:00, run_after=2023-12-17T01:20:26.881838+00:00
[2023-12-17T08:20:26.897+0700] {processor.py:179} INFO - Processing /home/phuc/Practice/DataScience/DSProject/venv/lib/python3.10/site-packages/airflow/example_dags/example_latest_only.py took 0.062 seconds
[2023-12-17T08:22:57.682+0700] {processor.py:157} INFO - Started process (PID=319224) to work on /home/phuc/Practice/DataScience/DSProject/venv/lib/python3.10/site-packages/airflow/example_dags/example_latest_only.py
[2023-12-17T08:22:57.682+0700] {processor.py:829} INFO - Processing file /home/phuc/Practice/DataScience/DSProject/venv/lib/python3.10/site-packages/airflow/example_dags/example_latest_only.py for tasks to queue
[2023-12-17T08:22:57.683+0700] {logging_mixin.py:154} INFO - [2023-12-17T08:22:57.683+0700] {dagbag.py:536} INFO - Filling up the DagBag from /home/phuc/Practice/DataScience/DSProject/venv/lib/python3.10/site-packages/airflow/example_dags/example_latest_only.py
[2023-12-17T08:22:57.688+0700] {processor.py:839} INFO - DAG(s) dict_keys(['latest_only']) retrieved from /home/phuc/Practice/DataScience/DSProject/venv/lib/python3.10/site-packages/airflow/example_dags/example_latest_only.py
[2023-12-17T08:22:57.701+0700] {logging_mixin.py:154} INFO - [2023-12-17T08:22:57.701+0700] {dag.py:2941} INFO - Sync 1 DAGs
[2023-12-17T08:22:57.713+0700] {logging_mixin.py:154} INFO - [2023-12-17T08:22:57.713+0700] {dag.py:3722} INFO - Setting next_dagrun for latest_only to 2023-12-16T21:22:57.713201+00:00, run_after=2023-12-17T01:22:57.713201+00:00
[2023-12-17T08:22:57.729+0700] {processor.py:179} INFO - Processing /home/phuc/Practice/DataScience/DSProject/venv/lib/python3.10/site-packages/airflow/example_dags/example_latest_only.py took 0.049 seconds
[2023-12-17T08:23:46.240+0700] {processor.py:157} INFO - Started process (PID=319576) to work on /home/phuc/Practice/DataScience/DSProject/venv/lib/python3.10/site-packages/airflow/example_dags/example_latest_only.py
[2023-12-17T08:23:46.247+0700] {processor.py:829} INFO - Processing file /home/phuc/Practice/DataScience/DSProject/venv/lib/python3.10/site-packages/airflow/example_dags/example_latest_only.py for tasks to queue
[2023-12-17T08:23:46.248+0700] {logging_mixin.py:154} INFO - [2023-12-17T08:23:46.248+0700] {dagbag.py:536} INFO - Filling up the DagBag from /home/phuc/Practice/DataScience/DSProject/venv/lib/python3.10/site-packages/airflow/example_dags/example_latest_only.py
[2023-12-17T08:23:46.257+0700] {processor.py:839} INFO - DAG(s) dict_keys(['latest_only']) retrieved from /home/phuc/Practice/DataScience/DSProject/venv/lib/python3.10/site-packages/airflow/example_dags/example_latest_only.py
[2023-12-17T08:23:46.268+0700] {logging_mixin.py:154} INFO - [2023-12-17T08:23:46.268+0700] {dag.py:2941} INFO - Sync 1 DAGs
[2023-12-17T08:23:46.278+0700] {logging_mixin.py:154} INFO - [2023-12-17T08:23:46.278+0700] {dag.py:3722} INFO - Setting next_dagrun for latest_only to 2023-12-16T21:23:46.278435+00:00, run_after=2023-12-17T01:23:46.278435+00:00
[2023-12-17T08:23:46.289+0700] {processor.py:179} INFO - Processing /home/phuc/Practice/DataScience/DSProject/venv/lib/python3.10/site-packages/airflow/example_dags/example_latest_only.py took 0.051 seconds
[2023-12-17T08:24:32.423+0700] {processor.py:157} INFO - Started process (PID=319854) to work on /home/phuc/Practice/DataScience/DSProject/venv/lib/python3.10/site-packages/airflow/example_dags/example_latest_only.py
[2023-12-17T08:24:32.430+0700] {processor.py:829} INFO - Processing file /home/phuc/Practice/DataScience/DSProject/venv/lib/python3.10/site-packages/airflow/example_dags/example_latest_only.py for tasks to queue
[2023-12-17T08:24:32.431+0700] {logging_mixin.py:154} INFO - [2023-12-17T08:24:32.431+0700] {dagbag.py:536} INFO - Filling up the DagBag from /home/phuc/Practice/DataScience/DSProject/venv/lib/python3.10/site-packages/airflow/example_dags/example_latest_only.py
[2023-12-17T08:24:32.440+0700] {processor.py:839} INFO - DAG(s) dict_keys(['latest_only']) retrieved from /home/phuc/Practice/DataScience/DSProject/venv/lib/python3.10/site-packages/airflow/example_dags/example_latest_only.py
[2023-12-17T08:24:32.451+0700] {logging_mixin.py:154} INFO - [2023-12-17T08:24:32.451+0700] {dag.py:2941} INFO - Sync 1 DAGs
[2023-12-17T08:24:32.461+0700] {logging_mixin.py:154} INFO - [2023-12-17T08:24:32.461+0700] {dag.py:3722} INFO - Setting next_dagrun for latest_only to 2023-12-16T21:24:32.461141+00:00, run_after=2023-12-17T01:24:32.461141+00:00
[2023-12-17T08:24:32.472+0700] {processor.py:179} INFO - Processing /home/phuc/Practice/DataScience/DSProject/venv/lib/python3.10/site-packages/airflow/example_dags/example_latest_only.py took 0.053 seconds
[2023-12-17T08:25:25.437+0700] {processor.py:157} INFO - Started process (PID=320079) to work on /home/phuc/Practice/DataScience/DSProject/venv/lib/python3.10/site-packages/airflow/example_dags/example_latest_only.py
[2023-12-17T08:25:25.439+0700] {processor.py:829} INFO - Processing file /home/phuc/Practice/DataScience/DSProject/venv/lib/python3.10/site-packages/airflow/example_dags/example_latest_only.py for tasks to queue
[2023-12-17T08:25:25.440+0700] {logging_mixin.py:154} INFO - [2023-12-17T08:25:25.440+0700] {dagbag.py:536} INFO - Filling up the DagBag from /home/phuc/Practice/DataScience/DSProject/venv/lib/python3.10/site-packages/airflow/example_dags/example_latest_only.py
[2023-12-17T08:25:25.448+0700] {processor.py:839} INFO - DAG(s) dict_keys(['latest_only']) retrieved from /home/phuc/Practice/DataScience/DSProject/venv/lib/python3.10/site-packages/airflow/example_dags/example_latest_only.py
[2023-12-17T08:25:25.461+0700] {logging_mixin.py:154} INFO - [2023-12-17T08:25:25.461+0700] {dag.py:2941} INFO - Sync 1 DAGs
[2023-12-17T08:25:25.479+0700] {logging_mixin.py:154} INFO - [2023-12-17T08:25:25.479+0700] {dag.py:3722} INFO - Setting next_dagrun for latest_only to 2023-12-16T21:25:25.479151+00:00, run_after=2023-12-17T01:25:25.479151+00:00
[2023-12-17T08:25:25.496+0700] {processor.py:179} INFO - Processing /home/phuc/Practice/DataScience/DSProject/venv/lib/python3.10/site-packages/airflow/example_dags/example_latest_only.py took 0.062 seconds
[2023-12-17T08:26:13.926+0700] {processor.py:157} INFO - Started process (PID=320299) to work on /home/phuc/Practice/DataScience/DSProject/venv/lib/python3.10/site-packages/airflow/example_dags/example_latest_only.py
[2023-12-17T08:26:13.927+0700] {processor.py:829} INFO - Processing file /home/phuc/Practice/DataScience/DSProject/venv/lib/python3.10/site-packages/airflow/example_dags/example_latest_only.py for tasks to queue
[2023-12-17T08:26:13.928+0700] {logging_mixin.py:154} INFO - [2023-12-17T08:26:13.928+0700] {dagbag.py:536} INFO - Filling up the DagBag from /home/phuc/Practice/DataScience/DSProject/venv/lib/python3.10/site-packages/airflow/example_dags/example_latest_only.py
[2023-12-17T08:26:13.932+0700] {processor.py:839} INFO - DAG(s) dict_keys(['latest_only']) retrieved from /home/phuc/Practice/DataScience/DSProject/venv/lib/python3.10/site-packages/airflow/example_dags/example_latest_only.py
[2023-12-17T08:26:13.943+0700] {logging_mixin.py:154} INFO - [2023-12-17T08:26:13.943+0700] {dag.py:2941} INFO - Sync 1 DAGs
[2023-12-17T08:26:13.954+0700] {logging_mixin.py:154} INFO - [2023-12-17T08:26:13.954+0700] {dag.py:3722} INFO - Setting next_dagrun for latest_only to 2023-12-16T21:26:13.953995+00:00, run_after=2023-12-17T01:26:13.953995+00:00
[2023-12-17T08:26:13.966+0700] {processor.py:179} INFO - Processing /home/phuc/Practice/DataScience/DSProject/venv/lib/python3.10/site-packages/airflow/example_dags/example_latest_only.py took 0.042 seconds
[2023-12-17T08:27:05.600+0700] {processor.py:157} INFO - Started process (PID=320604) to work on /home/phuc/Practice/DataScience/DSProject/venv/lib/python3.10/site-packages/airflow/example_dags/example_latest_only.py
[2023-12-17T08:27:05.607+0700] {processor.py:829} INFO - Processing file /home/phuc/Practice/DataScience/DSProject/venv/lib/python3.10/site-packages/airflow/example_dags/example_latest_only.py for tasks to queue
[2023-12-17T08:27:05.608+0700] {logging_mixin.py:154} INFO - [2023-12-17T08:27:05.607+0700] {dagbag.py:536} INFO - Filling up the DagBag from /home/phuc/Practice/DataScience/DSProject/venv/lib/python3.10/site-packages/airflow/example_dags/example_latest_only.py
[2023-12-17T08:27:05.617+0700] {processor.py:839} INFO - DAG(s) dict_keys(['latest_only']) retrieved from /home/phuc/Practice/DataScience/DSProject/venv/lib/python3.10/site-packages/airflow/example_dags/example_latest_only.py
[2023-12-17T08:27:05.629+0700] {logging_mixin.py:154} INFO - [2023-12-17T08:27:05.629+0700] {dag.py:2941} INFO - Sync 1 DAGs
[2023-12-17T08:27:05.638+0700] {logging_mixin.py:154} INFO - [2023-12-17T08:27:05.638+0700] {dag.py:3722} INFO - Setting next_dagrun for latest_only to 2023-12-16T21:27:05.638220+00:00, run_after=2023-12-17T01:27:05.638220+00:00
[2023-12-17T08:27:05.650+0700] {processor.py:179} INFO - Processing /home/phuc/Practice/DataScience/DSProject/venv/lib/python3.10/site-packages/airflow/example_dags/example_latest_only.py took 0.054 seconds
[2023-12-17T08:27:56.511+0700] {processor.py:157} INFO - Started process (PID=320826) to work on /home/phuc/Practice/DataScience/DSProject/venv/lib/python3.10/site-packages/airflow/example_dags/example_latest_only.py
[2023-12-17T08:27:56.518+0700] {processor.py:829} INFO - Processing file /home/phuc/Practice/DataScience/DSProject/venv/lib/python3.10/site-packages/airflow/example_dags/example_latest_only.py for tasks to queue
[2023-12-17T08:27:56.519+0700] {logging_mixin.py:154} INFO - [2023-12-17T08:27:56.518+0700] {dagbag.py:536} INFO - Filling up the DagBag from /home/phuc/Practice/DataScience/DSProject/venv/lib/python3.10/site-packages/airflow/example_dags/example_latest_only.py
[2023-12-17T08:27:56.527+0700] {processor.py:839} INFO - DAG(s) dict_keys(['latest_only']) retrieved from /home/phuc/Practice/DataScience/DSProject/venv/lib/python3.10/site-packages/airflow/example_dags/example_latest_only.py
[2023-12-17T08:27:56.539+0700] {logging_mixin.py:154} INFO - [2023-12-17T08:27:56.539+0700] {dag.py:2941} INFO - Sync 1 DAGs
[2023-12-17T08:27:56.549+0700] {logging_mixin.py:154} INFO - [2023-12-17T08:27:56.549+0700] {dag.py:3722} INFO - Setting next_dagrun for latest_only to 2023-12-16T21:27:56.549550+00:00, run_after=2023-12-17T01:27:56.549550+00:00
[2023-12-17T08:27:56.562+0700] {processor.py:179} INFO - Processing /home/phuc/Practice/DataScience/DSProject/venv/lib/python3.10/site-packages/airflow/example_dags/example_latest_only.py took 0.054 seconds
[2023-12-17T08:28:43.256+0700] {processor.py:157} INFO - Started process (PID=321026) to work on /home/phuc/Practice/DataScience/DSProject/venv/lib/python3.10/site-packages/airflow/example_dags/example_latest_only.py
[2023-12-17T08:28:43.257+0700] {processor.py:829} INFO - Processing file /home/phuc/Practice/DataScience/DSProject/venv/lib/python3.10/site-packages/airflow/example_dags/example_latest_only.py for tasks to queue
[2023-12-17T08:28:43.257+0700] {logging_mixin.py:154} INFO - [2023-12-17T08:28:43.257+0700] {dagbag.py:536} INFO - Filling up the DagBag from /home/phuc/Practice/DataScience/DSProject/venv/lib/python3.10/site-packages/airflow/example_dags/example_latest_only.py
[2023-12-17T08:28:43.263+0700] {processor.py:839} INFO - DAG(s) dict_keys(['latest_only']) retrieved from /home/phuc/Practice/DataScience/DSProject/venv/lib/python3.10/site-packages/airflow/example_dags/example_latest_only.py
[2023-12-17T08:28:43.273+0700] {logging_mixin.py:154} INFO - [2023-12-17T08:28:43.273+0700] {dag.py:2941} INFO - Sync 1 DAGs
[2023-12-17T08:28:43.282+0700] {logging_mixin.py:154} INFO - [2023-12-17T08:28:43.282+0700] {dag.py:3722} INFO - Setting next_dagrun for latest_only to 2023-12-16T21:28:43.282570+00:00, run_after=2023-12-17T01:28:43.282570+00:00
[2023-12-17T08:28:43.293+0700] {processor.py:179} INFO - Processing /home/phuc/Practice/DataScience/DSProject/venv/lib/python3.10/site-packages/airflow/example_dags/example_latest_only.py took 0.041 seconds
[2023-12-17T08:29:34.191+0700] {processor.py:157} INFO - Started process (PID=321253) to work on /home/phuc/Practice/DataScience/DSProject/venv/lib/python3.10/site-packages/airflow/example_dags/example_latest_only.py
[2023-12-17T08:29:34.197+0700] {processor.py:829} INFO - Processing file /home/phuc/Practice/DataScience/DSProject/venv/lib/python3.10/site-packages/airflow/example_dags/example_latest_only.py for tasks to queue
[2023-12-17T08:29:34.199+0700] {logging_mixin.py:154} INFO - [2023-12-17T08:29:34.198+0700] {dagbag.py:536} INFO - Filling up the DagBag from /home/phuc/Practice/DataScience/DSProject/venv/lib/python3.10/site-packages/airflow/example_dags/example_latest_only.py
[2023-12-17T08:29:34.204+0700] {processor.py:839} INFO - DAG(s) dict_keys(['latest_only']) retrieved from /home/phuc/Practice/DataScience/DSProject/venv/lib/python3.10/site-packages/airflow/example_dags/example_latest_only.py
[2023-12-17T08:29:34.212+0700] {logging_mixin.py:154} INFO - [2023-12-17T08:29:34.212+0700] {dag.py:2941} INFO - Sync 1 DAGs
[2023-12-17T08:29:34.220+0700] {logging_mixin.py:154} INFO - [2023-12-17T08:29:34.220+0700] {dag.py:3722} INFO - Setting next_dagrun for latest_only to 2023-12-16T21:29:34.220510+00:00, run_after=2023-12-17T01:29:34.220510+00:00
[2023-12-17T08:29:34.230+0700] {processor.py:179} INFO - Processing /home/phuc/Practice/DataScience/DSProject/venv/lib/python3.10/site-packages/airflow/example_dags/example_latest_only.py took 0.041 seconds
[2023-12-17T08:30:24.441+0700] {processor.py:157} INFO - Started process (PID=321496) to work on /home/phuc/Practice/DataScience/DSProject/venv/lib/python3.10/site-packages/airflow/example_dags/example_latest_only.py
[2023-12-17T08:30:24.448+0700] {processor.py:829} INFO - Processing file /home/phuc/Practice/DataScience/DSProject/venv/lib/python3.10/site-packages/airflow/example_dags/example_latest_only.py for tasks to queue
[2023-12-17T08:30:24.449+0700] {logging_mixin.py:154} INFO - [2023-12-17T08:30:24.449+0700] {dagbag.py:536} INFO - Filling up the DagBag from /home/phuc/Practice/DataScience/DSProject/venv/lib/python3.10/site-packages/airflow/example_dags/example_latest_only.py
[2023-12-17T08:30:24.457+0700] {processor.py:839} INFO - DAG(s) dict_keys(['latest_only']) retrieved from /home/phuc/Practice/DataScience/DSProject/venv/lib/python3.10/site-packages/airflow/example_dags/example_latest_only.py
[2023-12-17T08:30:24.468+0700] {logging_mixin.py:154} INFO - [2023-12-17T08:30:24.468+0700] {dag.py:2941} INFO - Sync 1 DAGs
[2023-12-17T08:30:24.477+0700] {logging_mixin.py:154} INFO - [2023-12-17T08:30:24.477+0700] {dag.py:3722} INFO - Setting next_dagrun for latest_only to 2023-12-16T21:30:24.477489+00:00, run_after=2023-12-17T01:30:24.477489+00:00
[2023-12-17T08:30:24.489+0700] {processor.py:179} INFO - Processing /home/phuc/Practice/DataScience/DSProject/venv/lib/python3.10/site-packages/airflow/example_dags/example_latest_only.py took 0.052 seconds
[2023-12-17T08:31:16.668+0700] {processor.py:157} INFO - Started process (PID=321792) to work on /home/phuc/Practice/DataScience/DSProject/venv/lib/python3.10/site-packages/airflow/example_dags/example_latest_only.py
[2023-12-17T08:31:16.675+0700] {processor.py:829} INFO - Processing file /home/phuc/Practice/DataScience/DSProject/venv/lib/python3.10/site-packages/airflow/example_dags/example_latest_only.py for tasks to queue
[2023-12-17T08:31:16.675+0700] {logging_mixin.py:154} INFO - [2023-12-17T08:31:16.675+0700] {dagbag.py:536} INFO - Filling up the DagBag from /home/phuc/Practice/DataScience/DSProject/venv/lib/python3.10/site-packages/airflow/example_dags/example_latest_only.py
[2023-12-17T08:31:16.680+0700] {processor.py:839} INFO - DAG(s) dict_keys(['latest_only']) retrieved from /home/phuc/Practice/DataScience/DSProject/venv/lib/python3.10/site-packages/airflow/example_dags/example_latest_only.py
[2023-12-17T08:31:16.688+0700] {logging_mixin.py:154} INFO - [2023-12-17T08:31:16.688+0700] {dag.py:2941} INFO - Sync 1 DAGs
[2023-12-17T08:31:16.696+0700] {logging_mixin.py:154} INFO - [2023-12-17T08:31:16.696+0700] {dag.py:3722} INFO - Setting next_dagrun for latest_only to 2023-12-16T21:31:16.696089+00:00, run_after=2023-12-17T01:31:16.696089+00:00
[2023-12-17T08:31:16.705+0700] {processor.py:179} INFO - Processing /home/phuc/Practice/DataScience/DSProject/venv/lib/python3.10/site-packages/airflow/example_dags/example_latest_only.py took 0.038 seconds
[2023-12-17T08:32:32.765+0700] {processor.py:157} INFO - Started process (PID=322922) to work on /home/phuc/Practice/DataScience/DSProject/venv/lib/python3.10/site-packages/airflow/example_dags/example_latest_only.py
[2023-12-17T08:32:32.772+0700] {processor.py:829} INFO - Processing file /home/phuc/Practice/DataScience/DSProject/venv/lib/python3.10/site-packages/airflow/example_dags/example_latest_only.py for tasks to queue
[2023-12-17T08:32:32.773+0700] {logging_mixin.py:154} INFO - [2023-12-17T08:32:32.773+0700] {dagbag.py:536} INFO - Filling up the DagBag from /home/phuc/Practice/DataScience/DSProject/venv/lib/python3.10/site-packages/airflow/example_dags/example_latest_only.py
[2023-12-17T08:32:32.782+0700] {processor.py:839} INFO - DAG(s) dict_keys(['latest_only']) retrieved from /home/phuc/Practice/DataScience/DSProject/venv/lib/python3.10/site-packages/airflow/example_dags/example_latest_only.py
[2023-12-17T08:32:32.792+0700] {logging_mixin.py:154} INFO - [2023-12-17T08:32:32.792+0700] {dag.py:2941} INFO - Sync 1 DAGs
[2023-12-17T08:32:32.800+0700] {logging_mixin.py:154} INFO - [2023-12-17T08:32:32.800+0700] {dag.py:3722} INFO - Setting next_dagrun for latest_only to 2023-12-16T21:32:32.800348+00:00, run_after=2023-12-17T01:32:32.800348+00:00
[2023-12-17T08:32:32.810+0700] {processor.py:179} INFO - Processing /home/phuc/Practice/DataScience/DSProject/venv/lib/python3.10/site-packages/airflow/example_dags/example_latest_only.py took 0.047 seconds
[2023-12-17T08:33:16.630+0700] {processor.py:157} INFO - Started process (PID=323133) to work on /home/phuc/Practice/DataScience/DSProject/venv/lib/python3.10/site-packages/airflow/example_dags/example_latest_only.py
[2023-12-17T08:33:16.637+0700] {processor.py:829} INFO - Processing file /home/phuc/Practice/DataScience/DSProject/venv/lib/python3.10/site-packages/airflow/example_dags/example_latest_only.py for tasks to queue
[2023-12-17T08:33:16.638+0700] {logging_mixin.py:154} INFO - [2023-12-17T08:33:16.638+0700] {dagbag.py:536} INFO - Filling up the DagBag from /home/phuc/Practice/DataScience/DSProject/venv/lib/python3.10/site-packages/airflow/example_dags/example_latest_only.py
[2023-12-17T08:33:16.647+0700] {processor.py:839} INFO - DAG(s) dict_keys(['latest_only']) retrieved from /home/phuc/Practice/DataScience/DSProject/venv/lib/python3.10/site-packages/airflow/example_dags/example_latest_only.py
[2023-12-17T08:33:16.657+0700] {logging_mixin.py:154} INFO - [2023-12-17T08:33:16.657+0700] {dag.py:2941} INFO - Sync 1 DAGs
[2023-12-17T08:33:16.665+0700] {logging_mixin.py:154} INFO - [2023-12-17T08:33:16.665+0700] {dag.py:3722} INFO - Setting next_dagrun for latest_only to 2023-12-16T21:33:16.665505+00:00, run_after=2023-12-17T01:33:16.665505+00:00
[2023-12-17T08:33:16.675+0700] {processor.py:179} INFO - Processing /home/phuc/Practice/DataScience/DSProject/venv/lib/python3.10/site-packages/airflow/example_dags/example_latest_only.py took 0.048 seconds
[2023-12-17T08:34:07.986+0700] {processor.py:157} INFO - Started process (PID=323447) to work on /home/phuc/Practice/DataScience/DSProject/venv/lib/python3.10/site-packages/airflow/example_dags/example_latest_only.py
[2023-12-17T08:34:07.992+0700] {processor.py:829} INFO - Processing file /home/phuc/Practice/DataScience/DSProject/venv/lib/python3.10/site-packages/airflow/example_dags/example_latest_only.py for tasks to queue
[2023-12-17T08:34:07.993+0700] {logging_mixin.py:154} INFO - [2023-12-17T08:34:07.993+0700] {dagbag.py:536} INFO - Filling up the DagBag from /home/phuc/Practice/DataScience/DSProject/venv/lib/python3.10/site-packages/airflow/example_dags/example_latest_only.py
[2023-12-17T08:34:07.996+0700] {processor.py:839} INFO - DAG(s) dict_keys(['latest_only']) retrieved from /home/phuc/Practice/DataScience/DSProject/venv/lib/python3.10/site-packages/airflow/example_dags/example_latest_only.py
[2023-12-17T08:34:08.005+0700] {logging_mixin.py:154} INFO - [2023-12-17T08:34:08.005+0700] {dag.py:2941} INFO - Sync 1 DAGs
[2023-12-17T08:34:08.015+0700] {logging_mixin.py:154} INFO - [2023-12-17T08:34:08.015+0700] {dag.py:3722} INFO - Setting next_dagrun for latest_only to 2023-12-16T21:34:08.015349+00:00, run_after=2023-12-17T01:34:08.015349+00:00
[2023-12-17T08:34:08.027+0700] {processor.py:179} INFO - Processing /home/phuc/Practice/DataScience/DSProject/venv/lib/python3.10/site-packages/airflow/example_dags/example_latest_only.py took 0.043 seconds
[2023-12-17T08:35:02.957+0700] {processor.py:157} INFO - Started process (PID=323954) to work on /home/phuc/Practice/DataScience/DSProject/venv/lib/python3.10/site-packages/airflow/example_dags/example_latest_only.py
[2023-12-17T08:35:02.964+0700] {processor.py:829} INFO - Processing file /home/phuc/Practice/DataScience/DSProject/venv/lib/python3.10/site-packages/airflow/example_dags/example_latest_only.py for tasks to queue
[2023-12-17T08:35:02.965+0700] {logging_mixin.py:154} INFO - [2023-12-17T08:35:02.965+0700] {dagbag.py:536} INFO - Filling up the DagBag from /home/phuc/Practice/DataScience/DSProject/venv/lib/python3.10/site-packages/airflow/example_dags/example_latest_only.py
[2023-12-17T08:35:02.969+0700] {processor.py:839} INFO - DAG(s) dict_keys(['latest_only']) retrieved from /home/phuc/Practice/DataScience/DSProject/venv/lib/python3.10/site-packages/airflow/example_dags/example_latest_only.py
[2023-12-17T08:35:02.981+0700] {logging_mixin.py:154} INFO - [2023-12-17T08:35:02.981+0700] {dag.py:2941} INFO - Sync 1 DAGs
[2023-12-17T08:35:02.989+0700] {logging_mixin.py:154} INFO - [2023-12-17T08:35:02.989+0700] {dag.py:3722} INFO - Setting next_dagrun for latest_only to 2023-12-16T21:35:02.989300+00:00, run_after=2023-12-17T01:35:02.989300+00:00
[2023-12-17T08:35:02.998+0700] {processor.py:179} INFO - Processing /home/phuc/Practice/DataScience/DSProject/venv/lib/python3.10/site-packages/airflow/example_dags/example_latest_only.py took 0.045 seconds
[2023-12-17T08:35:55.633+0700] {processor.py:157} INFO - Started process (PID=324343) to work on /home/phuc/Practice/DataScience/DSProject/venv/lib/python3.10/site-packages/airflow/example_dags/example_latest_only.py
[2023-12-17T08:35:55.640+0700] {processor.py:829} INFO - Processing file /home/phuc/Practice/DataScience/DSProject/venv/lib/python3.10/site-packages/airflow/example_dags/example_latest_only.py for tasks to queue
[2023-12-17T08:35:55.642+0700] {logging_mixin.py:154} INFO - [2023-12-17T08:35:55.641+0700] {dagbag.py:536} INFO - Filling up the DagBag from /home/phuc/Practice/DataScience/DSProject/venv/lib/python3.10/site-packages/airflow/example_dags/example_latest_only.py
[2023-12-17T08:35:55.650+0700] {processor.py:839} INFO - DAG(s) dict_keys(['latest_only']) retrieved from /home/phuc/Practice/DataScience/DSProject/venv/lib/python3.10/site-packages/airflow/example_dags/example_latest_only.py
[2023-12-17T08:35:55.662+0700] {logging_mixin.py:154} INFO - [2023-12-17T08:35:55.661+0700] {dag.py:2941} INFO - Sync 1 DAGs
[2023-12-17T08:35:55.670+0700] {logging_mixin.py:154} INFO - [2023-12-17T08:35:55.670+0700] {dag.py:3722} INFO - Setting next_dagrun for latest_only to 2023-12-16T21:35:55.670019+00:00, run_after=2023-12-17T01:35:55.670019+00:00
[2023-12-17T08:35:55.679+0700] {processor.py:179} INFO - Processing /home/phuc/Practice/DataScience/DSProject/venv/lib/python3.10/site-packages/airflow/example_dags/example_latest_only.py took 0.051 seconds
