[2023-12-17T08:03:12.233+0700] {processor.py:157} INFO - Started process (PID=309641) to work on /home/phuc/Practice/DataScience/DSProject/venv/lib/python3.10/site-packages/airflow/example_dags/example_setup_teardown.py
[2023-12-17T08:03:12.234+0700] {processor.py:829} INFO - Processing file /home/phuc/Practice/DataScience/DSProject/venv/lib/python3.10/site-packages/airflow/example_dags/example_setup_teardown.py for tasks to queue
[2023-12-17T08:03:12.234+0700] {logging_mixin.py:154} INFO - [2023-12-17T08:03:12.234+0700] {dagbag.py:536} INFO - Filling up the DagBag from /home/phuc/Practice/DataScience/DSProject/venv/lib/python3.10/site-packages/airflow/example_dags/example_setup_teardown.py
[2023-12-17T08:03:12.244+0700] {processor.py:839} INFO - DAG(s) dict_keys(['example_setup_teardown']) retrieved from /home/phuc/Practice/DataScience/DSProject/venv/lib/python3.10/site-packages/airflow/example_dags/example_setup_teardown.py
[2023-12-17T08:03:12.354+0700] {logging_mixin.py:154} INFO - [2023-12-17T08:03:12.354+0700] {manager.py:499} INFO - Created Permission View: %s
[2023-12-17T08:03:12.365+0700] {logging_mixin.py:154} INFO - [2023-12-17T08:03:12.365+0700] {manager.py:499} INFO - Created Permission View: %s
[2023-12-17T08:03:12.375+0700] {logging_mixin.py:154} INFO - [2023-12-17T08:03:12.375+0700] {manager.py:499} INFO - Created Permission View: %s
[2023-12-17T08:03:12.376+0700] {logging_mixin.py:154} INFO - [2023-12-17T08:03:12.376+0700] {dag.py:2941} INFO - Sync 1 DAGs
[2023-12-17T08:03:12.388+0700] {logging_mixin.py:154} INFO - [2023-12-17T08:03:12.387+0700] {dag.py:2963} INFO - Creating ORM DAG for example_setup_teardown
[2023-12-17T08:03:12.399+0700] {logging_mixin.py:154} INFO - [2023-12-17T08:03:12.399+0700] {dag.py:3722} INFO - Setting next_dagrun for example_setup_teardown to 2023-12-16T01:03:12.399121+00:00, run_after=2023-12-17T01:03:12.399121+00:00
[2023-12-17T08:03:12.423+0700] {processor.py:179} INFO - Processing /home/phuc/Practice/DataScience/DSProject/venv/lib/python3.10/site-packages/airflow/example_dags/example_setup_teardown.py took 0.193 seconds
[2023-12-17T08:05:27.545+0700] {processor.py:157} INFO - Started process (PID=310878) to work on /home/phuc/Practice/DataScience/DSProject/venv/lib/python3.10/site-packages/airflow/example_dags/example_setup_teardown.py
[2023-12-17T08:05:27.546+0700] {processor.py:829} INFO - Processing file /home/phuc/Practice/DataScience/DSProject/venv/lib/python3.10/site-packages/airflow/example_dags/example_setup_teardown.py for tasks to queue
[2023-12-17T08:05:27.546+0700] {logging_mixin.py:154} INFO - [2023-12-17T08:05:27.546+0700] {dagbag.py:536} INFO - Filling up the DagBag from /home/phuc/Practice/DataScience/DSProject/venv/lib/python3.10/site-packages/airflow/example_dags/example_setup_teardown.py
[2023-12-17T08:05:27.551+0700] {processor.py:839} INFO - DAG(s) dict_keys(['example_setup_teardown']) retrieved from /home/phuc/Practice/DataScience/DSProject/venv/lib/python3.10/site-packages/airflow/example_dags/example_setup_teardown.py
[2023-12-17T08:05:27.569+0700] {logging_mixin.py:154} INFO - [2023-12-17T08:05:27.569+0700] {dag.py:2941} INFO - Sync 1 DAGs
[2023-12-17T08:05:27.583+0700] {logging_mixin.py:154} INFO - [2023-12-17T08:05:27.583+0700] {dag.py:3722} INFO - Setting next_dagrun for example_setup_teardown to 2023-12-16T01:05:27.583264+00:00, run_after=2023-12-17T01:05:27.583264+00:00
[2023-12-17T08:05:27.598+0700] {processor.py:179} INFO - Processing /home/phuc/Practice/DataScience/DSProject/venv/lib/python3.10/site-packages/airflow/example_dags/example_setup_teardown.py took 0.056 seconds
[2023-12-17T08:06:16.049+0700] {processor.py:157} INFO - Started process (PID=311377) to work on /home/phuc/Practice/DataScience/DSProject/venv/lib/python3.10/site-packages/airflow/example_dags/example_setup_teardown.py
[2023-12-17T08:06:16.056+0700] {processor.py:829} INFO - Processing file /home/phuc/Practice/DataScience/DSProject/venv/lib/python3.10/site-packages/airflow/example_dags/example_setup_teardown.py for tasks to queue
[2023-12-17T08:06:16.057+0700] {logging_mixin.py:154} INFO - [2023-12-17T08:06:16.056+0700] {dagbag.py:536} INFO - Filling up the DagBag from /home/phuc/Practice/DataScience/DSProject/venv/lib/python3.10/site-packages/airflow/example_dags/example_setup_teardown.py
[2023-12-17T08:06:16.061+0700] {processor.py:839} INFO - DAG(s) dict_keys(['example_setup_teardown']) retrieved from /home/phuc/Practice/DataScience/DSProject/venv/lib/python3.10/site-packages/airflow/example_dags/example_setup_teardown.py
[2023-12-17T08:06:16.074+0700] {logging_mixin.py:154} INFO - [2023-12-17T08:06:16.073+0700] {dag.py:2941} INFO - Sync 1 DAGs
[2023-12-17T08:06:16.088+0700] {logging_mixin.py:154} INFO - [2023-12-17T08:06:16.088+0700] {dag.py:3722} INFO - Setting next_dagrun for example_setup_teardown to 2023-12-16T01:06:16.088312+00:00, run_after=2023-12-17T01:06:16.088312+00:00
[2023-12-17T08:06:16.108+0700] {processor.py:179} INFO - Processing /home/phuc/Practice/DataScience/DSProject/venv/lib/python3.10/site-packages/airflow/example_dags/example_setup_teardown.py took 0.062 seconds
[2023-12-17T08:07:02.332+0700] {processor.py:157} INFO - Started process (PID=311870) to work on /home/phuc/Practice/DataScience/DSProject/venv/lib/python3.10/site-packages/airflow/example_dags/example_setup_teardown.py
[2023-12-17T08:07:02.339+0700] {processor.py:829} INFO - Processing file /home/phuc/Practice/DataScience/DSProject/venv/lib/python3.10/site-packages/airflow/example_dags/example_setup_teardown.py for tasks to queue
[2023-12-17T08:07:02.340+0700] {logging_mixin.py:154} INFO - [2023-12-17T08:07:02.340+0700] {dagbag.py:536} INFO - Filling up the DagBag from /home/phuc/Practice/DataScience/DSProject/venv/lib/python3.10/site-packages/airflow/example_dags/example_setup_teardown.py
[2023-12-17T08:07:02.345+0700] {processor.py:839} INFO - DAG(s) dict_keys(['example_setup_teardown']) retrieved from /home/phuc/Practice/DataScience/DSProject/venv/lib/python3.10/site-packages/airflow/example_dags/example_setup_teardown.py
[2023-12-17T08:07:02.358+0700] {logging_mixin.py:154} INFO - [2023-12-17T08:07:02.358+0700] {dag.py:2941} INFO - Sync 1 DAGs
[2023-12-17T08:07:02.370+0700] {logging_mixin.py:154} INFO - [2023-12-17T08:07:02.370+0700] {dag.py:3722} INFO - Setting next_dagrun for example_setup_teardown to 2023-12-16T01:07:02.370497+00:00, run_after=2023-12-17T01:07:02.370497+00:00
[2023-12-17T08:07:02.386+0700] {processor.py:179} INFO - Processing /home/phuc/Practice/DataScience/DSProject/venv/lib/python3.10/site-packages/airflow/example_dags/example_setup_teardown.py took 0.056 seconds
[2023-12-17T08:08:25.082+0700] {processor.py:157} INFO - Started process (PID=313083) to work on /home/phuc/Practice/DataScience/DSProject/venv/lib/python3.10/site-packages/airflow/example_dags/example_setup_teardown.py
[2023-12-17T08:08:25.082+0700] {processor.py:829} INFO - Processing file /home/phuc/Practice/DataScience/DSProject/venv/lib/python3.10/site-packages/airflow/example_dags/example_setup_teardown.py for tasks to queue
[2023-12-17T08:08:25.083+0700] {logging_mixin.py:154} INFO - [2023-12-17T08:08:25.083+0700] {dagbag.py:536} INFO - Filling up the DagBag from /home/phuc/Practice/DataScience/DSProject/venv/lib/python3.10/site-packages/airflow/example_dags/example_setup_teardown.py
[2023-12-17T08:08:25.087+0700] {processor.py:839} INFO - DAG(s) dict_keys(['example_setup_teardown']) retrieved from /home/phuc/Practice/DataScience/DSProject/venv/lib/python3.10/site-packages/airflow/example_dags/example_setup_teardown.py
[2023-12-17T08:08:25.099+0700] {logging_mixin.py:154} INFO - [2023-12-17T08:08:25.099+0700] {dag.py:2941} INFO - Sync 1 DAGs
[2023-12-17T08:08:25.110+0700] {logging_mixin.py:154} INFO - [2023-12-17T08:08:25.109+0700] {dag.py:3722} INFO - Setting next_dagrun for example_setup_teardown to 2023-12-16T01:08:25.109778+00:00, run_after=2023-12-17T01:08:25.109778+00:00
[2023-12-17T08:08:25.123+0700] {processor.py:179} INFO - Processing /home/phuc/Practice/DataScience/DSProject/venv/lib/python3.10/site-packages/airflow/example_dags/example_setup_teardown.py took 0.044 seconds
[2023-12-17T08:09:05.566+0700] {processor.py:157} INFO - Started process (PID=313361) to work on /home/phuc/Practice/DataScience/DSProject/venv/lib/python3.10/site-packages/airflow/example_dags/example_setup_teardown.py
[2023-12-17T08:09:05.573+0700] {processor.py:829} INFO - Processing file /home/phuc/Practice/DataScience/DSProject/venv/lib/python3.10/site-packages/airflow/example_dags/example_setup_teardown.py for tasks to queue
[2023-12-17T08:09:05.575+0700] {logging_mixin.py:154} INFO - [2023-12-17T08:09:05.574+0700] {dagbag.py:536} INFO - Filling up the DagBag from /home/phuc/Practice/DataScience/DSProject/venv/lib/python3.10/site-packages/airflow/example_dags/example_setup_teardown.py
[2023-12-17T08:09:05.583+0700] {processor.py:839} INFO - DAG(s) dict_keys(['example_setup_teardown']) retrieved from /home/phuc/Practice/DataScience/DSProject/venv/lib/python3.10/site-packages/airflow/example_dags/example_setup_teardown.py
[2023-12-17T08:09:05.598+0700] {logging_mixin.py:154} INFO - [2023-12-17T08:09:05.597+0700] {dag.py:2941} INFO - Sync 1 DAGs
[2023-12-17T08:09:05.608+0700] {logging_mixin.py:154} INFO - [2023-12-17T08:09:05.608+0700] {dag.py:3722} INFO - Setting next_dagrun for example_setup_teardown to 2023-12-16T01:09:05.608471+00:00, run_after=2023-12-17T01:09:05.608471+00:00
[2023-12-17T08:09:05.620+0700] {processor.py:179} INFO - Processing /home/phuc/Practice/DataScience/DSProject/venv/lib/python3.10/site-packages/airflow/example_dags/example_setup_teardown.py took 0.058 seconds
[2023-12-17T08:09:49.550+0700] {processor.py:157} INFO - Started process (PID=313619) to work on /home/phuc/Practice/DataScience/DSProject/venv/lib/python3.10/site-packages/airflow/example_dags/example_setup_teardown.py
[2023-12-17T08:09:49.558+0700] {processor.py:829} INFO - Processing file /home/phuc/Practice/DataScience/DSProject/venv/lib/python3.10/site-packages/airflow/example_dags/example_setup_teardown.py for tasks to queue
[2023-12-17T08:09:49.558+0700] {logging_mixin.py:154} INFO - [2023-12-17T08:09:49.558+0700] {dagbag.py:536} INFO - Filling up the DagBag from /home/phuc/Practice/DataScience/DSProject/venv/lib/python3.10/site-packages/airflow/example_dags/example_setup_teardown.py
[2023-12-17T08:09:49.563+0700] {processor.py:839} INFO - DAG(s) dict_keys(['example_setup_teardown']) retrieved from /home/phuc/Practice/DataScience/DSProject/venv/lib/python3.10/site-packages/airflow/example_dags/example_setup_teardown.py
[2023-12-17T08:09:49.577+0700] {logging_mixin.py:154} INFO - [2023-12-17T08:09:49.577+0700] {dag.py:2941} INFO - Sync 1 DAGs
[2023-12-17T08:09:49.591+0700] {logging_mixin.py:154} INFO - [2023-12-17T08:09:49.591+0700] {dag.py:3722} INFO - Setting next_dagrun for example_setup_teardown to 2023-12-16T01:09:49.591365+00:00, run_after=2023-12-17T01:09:49.591365+00:00
[2023-12-17T08:09:49.606+0700] {processor.py:179} INFO - Processing /home/phuc/Practice/DataScience/DSProject/venv/lib/python3.10/site-packages/airflow/example_dags/example_setup_teardown.py took 0.057 seconds
[2023-12-17T08:10:38.071+0700] {processor.py:157} INFO - Started process (PID=313922) to work on /home/phuc/Practice/DataScience/DSProject/venv/lib/python3.10/site-packages/airflow/example_dags/example_setup_teardown.py
[2023-12-17T08:10:38.078+0700] {processor.py:829} INFO - Processing file /home/phuc/Practice/DataScience/DSProject/venv/lib/python3.10/site-packages/airflow/example_dags/example_setup_teardown.py for tasks to queue
[2023-12-17T08:10:38.079+0700] {logging_mixin.py:154} INFO - [2023-12-17T08:10:38.079+0700] {dagbag.py:536} INFO - Filling up the DagBag from /home/phuc/Practice/DataScience/DSProject/venv/lib/python3.10/site-packages/airflow/example_dags/example_setup_teardown.py
[2023-12-17T08:10:38.088+0700] {processor.py:839} INFO - DAG(s) dict_keys(['example_setup_teardown']) retrieved from /home/phuc/Practice/DataScience/DSProject/venv/lib/python3.10/site-packages/airflow/example_dags/example_setup_teardown.py
[2023-12-17T08:10:38.100+0700] {logging_mixin.py:154} INFO - [2023-12-17T08:10:38.100+0700] {dag.py:2941} INFO - Sync 1 DAGs
[2023-12-17T08:10:38.110+0700] {logging_mixin.py:154} INFO - [2023-12-17T08:10:38.110+0700] {dag.py:3722} INFO - Setting next_dagrun for example_setup_teardown to 2023-12-16T01:10:38.110201+00:00, run_after=2023-12-17T01:10:38.110201+00:00
[2023-12-17T08:10:38.122+0700] {processor.py:179} INFO - Processing /home/phuc/Practice/DataScience/DSProject/venv/lib/python3.10/site-packages/airflow/example_dags/example_setup_teardown.py took 0.054 seconds
[2023-12-17T08:11:12.964+0700] {processor.py:157} INFO - Started process (PID=314059) to work on /home/phuc/Practice/DataScience/DSProject/venv/lib/python3.10/site-packages/airflow/example_dags/example_setup_teardown.py
[2023-12-17T08:11:12.971+0700] {processor.py:829} INFO - Processing file /home/phuc/Practice/DataScience/DSProject/venv/lib/python3.10/site-packages/airflow/example_dags/example_setup_teardown.py for tasks to queue
[2023-12-17T08:11:12.972+0700] {logging_mixin.py:154} INFO - [2023-12-17T08:11:12.972+0700] {dagbag.py:536} INFO - Filling up the DagBag from /home/phuc/Practice/DataScience/DSProject/venv/lib/python3.10/site-packages/airflow/example_dags/example_setup_teardown.py
[2023-12-17T08:11:12.981+0700] {processor.py:839} INFO - DAG(s) dict_keys(['example_setup_teardown']) retrieved from /home/phuc/Practice/DataScience/DSProject/venv/lib/python3.10/site-packages/airflow/example_dags/example_setup_teardown.py
[2023-12-17T08:11:12.994+0700] {logging_mixin.py:154} INFO - [2023-12-17T08:11:12.993+0700] {dag.py:2941} INFO - Sync 1 DAGs
[2023-12-17T08:11:13.003+0700] {logging_mixin.py:154} INFO - [2023-12-17T08:11:13.003+0700] {dag.py:3722} INFO - Setting next_dagrun for example_setup_teardown to 2023-12-16T01:11:13.002988+00:00, run_after=2023-12-17T01:11:13.002988+00:00
[2023-12-17T08:11:13.014+0700] {processor.py:179} INFO - Processing /home/phuc/Practice/DataScience/DSProject/venv/lib/python3.10/site-packages/airflow/example_dags/example_setup_teardown.py took 0.054 seconds
[2023-12-17T08:12:01.404+0700] {processor.py:157} INFO - Started process (PID=314318) to work on /home/phuc/Practice/DataScience/DSProject/venv/lib/python3.10/site-packages/airflow/example_dags/example_setup_teardown.py
[2023-12-17T08:12:01.411+0700] {processor.py:829} INFO - Processing file /home/phuc/Practice/DataScience/DSProject/venv/lib/python3.10/site-packages/airflow/example_dags/example_setup_teardown.py for tasks to queue
[2023-12-17T08:12:01.412+0700] {logging_mixin.py:154} INFO - [2023-12-17T08:12:01.412+0700] {dagbag.py:536} INFO - Filling up the DagBag from /home/phuc/Practice/DataScience/DSProject/venv/lib/python3.10/site-packages/airflow/example_dags/example_setup_teardown.py
[2023-12-17T08:12:01.421+0700] {processor.py:839} INFO - DAG(s) dict_keys(['example_setup_teardown']) retrieved from /home/phuc/Practice/DataScience/DSProject/venv/lib/python3.10/site-packages/airflow/example_dags/example_setup_teardown.py
[2023-12-17T08:12:01.433+0700] {logging_mixin.py:154} INFO - [2023-12-17T08:12:01.433+0700] {dag.py:2941} INFO - Sync 1 DAGs
[2023-12-17T08:12:01.442+0700] {logging_mixin.py:154} INFO - [2023-12-17T08:12:01.442+0700] {dag.py:3722} INFO - Setting next_dagrun for example_setup_teardown to 2023-12-16T01:12:01.442695+00:00, run_after=2023-12-17T01:12:01.442695+00:00
[2023-12-17T08:12:01.455+0700] {processor.py:179} INFO - Processing /home/phuc/Practice/DataScience/DSProject/venv/lib/python3.10/site-packages/airflow/example_dags/example_setup_teardown.py took 0.053 seconds
[2023-12-17T08:12:36.985+0700] {processor.py:157} INFO - Started process (PID=314476) to work on /home/phuc/Practice/DataScience/DSProject/venv/lib/python3.10/site-packages/airflow/example_dags/example_setup_teardown.py
[2023-12-17T08:12:36.992+0700] {processor.py:829} INFO - Processing file /home/phuc/Practice/DataScience/DSProject/venv/lib/python3.10/site-packages/airflow/example_dags/example_setup_teardown.py for tasks to queue
[2023-12-17T08:12:36.993+0700] {logging_mixin.py:154} INFO - [2023-12-17T08:12:36.992+0700] {dagbag.py:536} INFO - Filling up the DagBag from /home/phuc/Practice/DataScience/DSProject/venv/lib/python3.10/site-packages/airflow/example_dags/example_setup_teardown.py
[2023-12-17T08:12:36.998+0700] {processor.py:839} INFO - DAG(s) dict_keys(['example_setup_teardown']) retrieved from /home/phuc/Practice/DataScience/DSProject/venv/lib/python3.10/site-packages/airflow/example_dags/example_setup_teardown.py
[2023-12-17T08:12:37.013+0700] {logging_mixin.py:154} INFO - [2023-12-17T08:12:37.013+0700] {dag.py:2941} INFO - Sync 1 DAGs
[2023-12-17T08:12:37.030+0700] {logging_mixin.py:154} INFO - [2023-12-17T08:12:37.030+0700] {dag.py:3722} INFO - Setting next_dagrun for example_setup_teardown to 2023-12-16T01:12:37.030014+00:00, run_after=2023-12-17T01:12:37.030014+00:00
[2023-12-17T08:12:37.051+0700] {processor.py:179} INFO - Processing /home/phuc/Practice/DataScience/DSProject/venv/lib/python3.10/site-packages/airflow/example_dags/example_setup_teardown.py took 0.069 seconds
[2023-12-17T08:13:20.540+0700] {processor.py:157} INFO - Started process (PID=314701) to work on /home/phuc/Practice/DataScience/DSProject/venv/lib/python3.10/site-packages/airflow/example_dags/example_setup_teardown.py
[2023-12-17T08:13:20.541+0700] {processor.py:829} INFO - Processing file /home/phuc/Practice/DataScience/DSProject/venv/lib/python3.10/site-packages/airflow/example_dags/example_setup_teardown.py for tasks to queue
[2023-12-17T08:13:20.541+0700] {logging_mixin.py:154} INFO - [2023-12-17T08:13:20.541+0700] {dagbag.py:536} INFO - Filling up the DagBag from /home/phuc/Practice/DataScience/DSProject/venv/lib/python3.10/site-packages/airflow/example_dags/example_setup_teardown.py
[2023-12-17T08:13:20.545+0700] {processor.py:839} INFO - DAG(s) dict_keys(['example_setup_teardown']) retrieved from /home/phuc/Practice/DataScience/DSProject/venv/lib/python3.10/site-packages/airflow/example_dags/example_setup_teardown.py
[2023-12-17T08:13:20.555+0700] {logging_mixin.py:154} INFO - [2023-12-17T08:13:20.555+0700] {dag.py:2941} INFO - Sync 1 DAGs
[2023-12-17T08:13:20.567+0700] {logging_mixin.py:154} INFO - [2023-12-17T08:13:20.566+0700] {dag.py:3722} INFO - Setting next_dagrun for example_setup_teardown to 2023-12-16T01:13:20.566646+00:00, run_after=2023-12-17T01:13:20.566646+00:00
[2023-12-17T08:13:20.579+0700] {processor.py:179} INFO - Processing /home/phuc/Practice/DataScience/DSProject/venv/lib/python3.10/site-packages/airflow/example_dags/example_setup_teardown.py took 0.041 seconds
[2023-12-17T08:14:11.566+0700] {processor.py:157} INFO - Started process (PID=314940) to work on /home/phuc/Practice/DataScience/DSProject/venv/lib/python3.10/site-packages/airflow/example_dags/example_setup_teardown.py
[2023-12-17T08:14:11.573+0700] {processor.py:829} INFO - Processing file /home/phuc/Practice/DataScience/DSProject/venv/lib/python3.10/site-packages/airflow/example_dags/example_setup_teardown.py for tasks to queue
[2023-12-17T08:14:11.575+0700] {logging_mixin.py:154} INFO - [2023-12-17T08:14:11.574+0700] {dagbag.py:536} INFO - Filling up the DagBag from /home/phuc/Practice/DataScience/DSProject/venv/lib/python3.10/site-packages/airflow/example_dags/example_setup_teardown.py
[2023-12-17T08:14:11.584+0700] {processor.py:839} INFO - DAG(s) dict_keys(['example_setup_teardown']) retrieved from /home/phuc/Practice/DataScience/DSProject/venv/lib/python3.10/site-packages/airflow/example_dags/example_setup_teardown.py
[2023-12-17T08:14:11.596+0700] {logging_mixin.py:154} INFO - [2023-12-17T08:14:11.596+0700] {dag.py:2941} INFO - Sync 1 DAGs
[2023-12-17T08:14:11.606+0700] {logging_mixin.py:154} INFO - [2023-12-17T08:14:11.605+0700] {dag.py:3722} INFO - Setting next_dagrun for example_setup_teardown to 2023-12-16T01:14:11.605737+00:00, run_after=2023-12-17T01:14:11.605737+00:00
[2023-12-17T08:14:11.620+0700] {processor.py:179} INFO - Processing /home/phuc/Practice/DataScience/DSProject/venv/lib/python3.10/site-packages/airflow/example_dags/example_setup_teardown.py took 0.057 seconds
[2023-12-17T08:15:03.304+0700] {processor.py:157} INFO - Started process (PID=315185) to work on /home/phuc/Practice/DataScience/DSProject/venv/lib/python3.10/site-packages/airflow/example_dags/example_setup_teardown.py
[2023-12-17T08:15:03.310+0700] {processor.py:829} INFO - Processing file /home/phuc/Practice/DataScience/DSProject/venv/lib/python3.10/site-packages/airflow/example_dags/example_setup_teardown.py for tasks to queue
[2023-12-17T08:15:03.312+0700] {logging_mixin.py:154} INFO - [2023-12-17T08:15:03.311+0700] {dagbag.py:536} INFO - Filling up the DagBag from /home/phuc/Practice/DataScience/DSProject/venv/lib/python3.10/site-packages/airflow/example_dags/example_setup_teardown.py
[2023-12-17T08:15:03.321+0700] {processor.py:839} INFO - DAG(s) dict_keys(['example_setup_teardown']) retrieved from /home/phuc/Practice/DataScience/DSProject/venv/lib/python3.10/site-packages/airflow/example_dags/example_setup_teardown.py
[2023-12-17T08:15:03.332+0700] {logging_mixin.py:154} INFO - [2023-12-17T08:15:03.332+0700] {dag.py:2941} INFO - Sync 1 DAGs
[2023-12-17T08:15:03.341+0700] {logging_mixin.py:154} INFO - [2023-12-17T08:15:03.341+0700] {dag.py:3722} INFO - Setting next_dagrun for example_setup_teardown to 2023-12-16T01:15:03.341460+00:00, run_after=2023-12-17T01:15:03.341460+00:00
[2023-12-17T08:15:03.353+0700] {processor.py:179} INFO - Processing /home/phuc/Practice/DataScience/DSProject/venv/lib/python3.10/site-packages/airflow/example_dags/example_setup_teardown.py took 0.053 seconds
[2023-12-17T08:15:39.132+0700] {processor.py:157} INFO - Started process (PID=315337) to work on /home/phuc/Practice/DataScience/DSProject/venv/lib/python3.10/site-packages/airflow/example_dags/example_setup_teardown.py
[2023-12-17T08:15:39.134+0700] {processor.py:829} INFO - Processing file /home/phuc/Practice/DataScience/DSProject/venv/lib/python3.10/site-packages/airflow/example_dags/example_setup_teardown.py for tasks to queue
[2023-12-17T08:15:39.135+0700] {logging_mixin.py:154} INFO - [2023-12-17T08:15:39.134+0700] {dagbag.py:536} INFO - Filling up the DagBag from /home/phuc/Practice/DataScience/DSProject/venv/lib/python3.10/site-packages/airflow/example_dags/example_setup_teardown.py
[2023-12-17T08:15:39.143+0700] {processor.py:839} INFO - DAG(s) dict_keys(['example_setup_teardown']) retrieved from /home/phuc/Practice/DataScience/DSProject/venv/lib/python3.10/site-packages/airflow/example_dags/example_setup_teardown.py
[2023-12-17T08:15:39.155+0700] {logging_mixin.py:154} INFO - [2023-12-17T08:15:39.154+0700] {dag.py:2941} INFO - Sync 1 DAGs
[2023-12-17T08:15:39.165+0700] {logging_mixin.py:154} INFO - [2023-12-17T08:15:39.165+0700] {dag.py:3722} INFO - Setting next_dagrun for example_setup_teardown to 2023-12-16T01:15:39.165132+00:00, run_after=2023-12-17T01:15:39.165132+00:00
[2023-12-17T08:15:39.177+0700] {processor.py:179} INFO - Processing /home/phuc/Practice/DataScience/DSProject/venv/lib/python3.10/site-packages/airflow/example_dags/example_setup_teardown.py took 0.049 seconds
[2023-12-17T08:17:45.029+0700] {processor.py:157} INFO - Started process (PID=316373) to work on /home/phuc/Practice/DataScience/DSProject/venv/lib/python3.10/site-packages/airflow/example_dags/example_setup_teardown.py
[2023-12-17T08:17:45.036+0700] {processor.py:829} INFO - Processing file /home/phuc/Practice/DataScience/DSProject/venv/lib/python3.10/site-packages/airflow/example_dags/example_setup_teardown.py for tasks to queue
[2023-12-17T08:17:45.038+0700] {logging_mixin.py:154} INFO - [2023-12-17T08:17:45.037+0700] {dagbag.py:536} INFO - Filling up the DagBag from /home/phuc/Practice/DataScience/DSProject/venv/lib/python3.10/site-packages/airflow/example_dags/example_setup_teardown.py
[2023-12-17T08:17:45.047+0700] {processor.py:839} INFO - DAG(s) dict_keys(['example_setup_teardown']) retrieved from /home/phuc/Practice/DataScience/DSProject/venv/lib/python3.10/site-packages/airflow/example_dags/example_setup_teardown.py
[2023-12-17T08:17:45.064+0700] {logging_mixin.py:154} INFO - [2023-12-17T08:17:45.064+0700] {dag.py:2941} INFO - Sync 1 DAGs
[2023-12-17T08:17:45.073+0700] {logging_mixin.py:154} INFO - [2023-12-17T08:17:45.073+0700] {dag.py:3722} INFO - Setting next_dagrun for example_setup_teardown to 2023-12-16T01:17:45.073139+00:00, run_after=2023-12-17T01:17:45.073139+00:00
[2023-12-17T08:17:45.084+0700] {processor.py:179} INFO - Processing /home/phuc/Practice/DataScience/DSProject/venv/lib/python3.10/site-packages/airflow/example_dags/example_setup_teardown.py took 0.060 seconds
[2023-12-17T08:18:31.274+0700] {processor.py:157} INFO - Started process (PID=316603) to work on /home/phuc/Practice/DataScience/DSProject/venv/lib/python3.10/site-packages/airflow/example_dags/example_setup_teardown.py
[2023-12-17T08:18:31.281+0700] {processor.py:829} INFO - Processing file /home/phuc/Practice/DataScience/DSProject/venv/lib/python3.10/site-packages/airflow/example_dags/example_setup_teardown.py for tasks to queue
[2023-12-17T08:18:31.282+0700] {logging_mixin.py:154} INFO - [2023-12-17T08:18:31.282+0700] {dagbag.py:536} INFO - Filling up the DagBag from /home/phuc/Practice/DataScience/DSProject/venv/lib/python3.10/site-packages/airflow/example_dags/example_setup_teardown.py
[2023-12-17T08:18:31.289+0700] {processor.py:839} INFO - DAG(s) dict_keys(['example_setup_teardown']) retrieved from /home/phuc/Practice/DataScience/DSProject/venv/lib/python3.10/site-packages/airflow/example_dags/example_setup_teardown.py
[2023-12-17T08:18:31.303+0700] {logging_mixin.py:154} INFO - [2023-12-17T08:18:31.303+0700] {dag.py:2941} INFO - Sync 1 DAGs
[2023-12-17T08:18:31.318+0700] {logging_mixin.py:154} INFO - [2023-12-17T08:18:31.318+0700] {dag.py:3722} INFO - Setting next_dagrun for example_setup_teardown to 2023-12-16T01:18:31.318073+00:00, run_after=2023-12-17T01:18:31.318073+00:00
[2023-12-17T08:18:31.337+0700] {processor.py:179} INFO - Processing /home/phuc/Practice/DataScience/DSProject/venv/lib/python3.10/site-packages/airflow/example_dags/example_setup_teardown.py took 0.066 seconds
[2023-12-17T08:19:19.908+0700] {processor.py:157} INFO - Started process (PID=317128) to work on /home/phuc/Practice/DataScience/DSProject/venv/lib/python3.10/site-packages/airflow/example_dags/example_setup_teardown.py
[2023-12-17T08:19:19.915+0700] {processor.py:829} INFO - Processing file /home/phuc/Practice/DataScience/DSProject/venv/lib/python3.10/site-packages/airflow/example_dags/example_setup_teardown.py for tasks to queue
[2023-12-17T08:19:19.916+0700] {logging_mixin.py:154} INFO - [2023-12-17T08:19:19.916+0700] {dagbag.py:536} INFO - Filling up the DagBag from /home/phuc/Practice/DataScience/DSProject/venv/lib/python3.10/site-packages/airflow/example_dags/example_setup_teardown.py
[2023-12-17T08:19:19.921+0700] {processor.py:839} INFO - DAG(s) dict_keys(['example_setup_teardown']) retrieved from /home/phuc/Practice/DataScience/DSProject/venv/lib/python3.10/site-packages/airflow/example_dags/example_setup_teardown.py
[2023-12-17T08:19:19.937+0700] {logging_mixin.py:154} INFO - [2023-12-17T08:19:19.937+0700] {dag.py:2941} INFO - Sync 1 DAGs
[2023-12-17T08:19:19.953+0700] {logging_mixin.py:154} INFO - [2023-12-17T08:19:19.953+0700] {dag.py:3722} INFO - Setting next_dagrun for example_setup_teardown to 2023-12-16T01:19:19.953211+00:00, run_after=2023-12-17T01:19:19.953211+00:00
[2023-12-17T08:19:19.972+0700] {processor.py:179} INFO - Processing /home/phuc/Practice/DataScience/DSProject/venv/lib/python3.10/site-packages/airflow/example_dags/example_setup_teardown.py took 0.067 seconds
[2023-12-17T08:19:55.906+0700] {processor.py:157} INFO - Started process (PID=317500) to work on /home/phuc/Practice/DataScience/DSProject/venv/lib/python3.10/site-packages/airflow/example_dags/example_setup_teardown.py
[2023-12-17T08:19:55.913+0700] {processor.py:829} INFO - Processing file /home/phuc/Practice/DataScience/DSProject/venv/lib/python3.10/site-packages/airflow/example_dags/example_setup_teardown.py for tasks to queue
[2023-12-17T08:19:55.914+0700] {logging_mixin.py:154} INFO - [2023-12-17T08:19:55.914+0700] {dagbag.py:536} INFO - Filling up the DagBag from /home/phuc/Practice/DataScience/DSProject/venv/lib/python3.10/site-packages/airflow/example_dags/example_setup_teardown.py
[2023-12-17T08:19:55.919+0700] {processor.py:839} INFO - DAG(s) dict_keys(['example_setup_teardown']) retrieved from /home/phuc/Practice/DataScience/DSProject/venv/lib/python3.10/site-packages/airflow/example_dags/example_setup_teardown.py
[2023-12-17T08:19:55.933+0700] {logging_mixin.py:154} INFO - [2023-12-17T08:19:55.932+0700] {dag.py:2941} INFO - Sync 1 DAGs
[2023-12-17T08:19:55.945+0700] {logging_mixin.py:154} INFO - [2023-12-17T08:19:55.945+0700] {dag.py:3722} INFO - Setting next_dagrun for example_setup_teardown to 2023-12-16T01:19:55.944861+00:00, run_after=2023-12-17T01:19:55.944861+00:00
[2023-12-17T08:19:55.961+0700] {processor.py:179} INFO - Processing /home/phuc/Practice/DataScience/DSProject/venv/lib/python3.10/site-packages/airflow/example_dags/example_setup_teardown.py took 0.057 seconds
[2023-12-17T08:20:34.192+0700] {processor.py:157} INFO - Started process (PID=317898) to work on /home/phuc/Practice/DataScience/DSProject/venv/lib/python3.10/site-packages/airflow/example_dags/example_setup_teardown.py
[2023-12-17T08:20:34.199+0700] {processor.py:829} INFO - Processing file /home/phuc/Practice/DataScience/DSProject/venv/lib/python3.10/site-packages/airflow/example_dags/example_setup_teardown.py for tasks to queue
[2023-12-17T08:20:34.200+0700] {logging_mixin.py:154} INFO - [2023-12-17T08:20:34.199+0700] {dagbag.py:536} INFO - Filling up the DagBag from /home/phuc/Practice/DataScience/DSProject/venv/lib/python3.10/site-packages/airflow/example_dags/example_setup_teardown.py
[2023-12-17T08:20:34.204+0700] {processor.py:839} INFO - DAG(s) dict_keys(['example_setup_teardown']) retrieved from /home/phuc/Practice/DataScience/DSProject/venv/lib/python3.10/site-packages/airflow/example_dags/example_setup_teardown.py
[2023-12-17T08:20:34.217+0700] {logging_mixin.py:154} INFO - [2023-12-17T08:20:34.217+0700] {dag.py:2941} INFO - Sync 1 DAGs
[2023-12-17T08:20:34.229+0700] {logging_mixin.py:154} INFO - [2023-12-17T08:20:34.229+0700] {dag.py:3722} INFO - Setting next_dagrun for example_setup_teardown to 2023-12-16T01:20:34.229211+00:00, run_after=2023-12-17T01:20:34.229211+00:00
[2023-12-17T08:20:34.243+0700] {processor.py:179} INFO - Processing /home/phuc/Practice/DataScience/DSProject/venv/lib/python3.10/site-packages/airflow/example_dags/example_setup_teardown.py took 0.053 seconds
[2023-12-17T08:21:56.179+0700] {processor.py:157} INFO - Started process (PID=318720) to work on /home/phuc/Practice/DataScience/DSProject/venv/lib/python3.10/site-packages/airflow/example_dags/example_setup_teardown.py
[2023-12-17T08:21:56.186+0700] {processor.py:829} INFO - Processing file /home/phuc/Practice/DataScience/DSProject/venv/lib/python3.10/site-packages/airflow/example_dags/example_setup_teardown.py for tasks to queue
[2023-12-17T08:21:56.186+0700] {logging_mixin.py:154} INFO - [2023-12-17T08:21:56.186+0700] {dagbag.py:536} INFO - Filling up the DagBag from /home/phuc/Practice/DataScience/DSProject/venv/lib/python3.10/site-packages/airflow/example_dags/example_setup_teardown.py
[2023-12-17T08:21:56.191+0700] {processor.py:839} INFO - DAG(s) dict_keys(['example_setup_teardown']) retrieved from /home/phuc/Practice/DataScience/DSProject/venv/lib/python3.10/site-packages/airflow/example_dags/example_setup_teardown.py
[2023-12-17T08:21:56.211+0700] {logging_mixin.py:154} INFO - [2023-12-17T08:21:56.211+0700] {dag.py:2941} INFO - Sync 1 DAGs
[2023-12-17T08:21:56.224+0700] {logging_mixin.py:154} INFO - [2023-12-17T08:21:56.224+0700] {dag.py:3722} INFO - Setting next_dagrun for example_setup_teardown to 2023-12-16T01:21:56.224024+00:00, run_after=2023-12-17T01:21:56.224024+00:00
[2023-12-17T08:21:56.239+0700] {processor.py:179} INFO - Processing /home/phuc/Practice/DataScience/DSProject/venv/lib/python3.10/site-packages/airflow/example_dags/example_setup_teardown.py took 0.063 seconds
[2023-12-17T08:23:30.793+0700] {processor.py:157} INFO - Started process (PID=319510) to work on /home/phuc/Practice/DataScience/DSProject/venv/lib/python3.10/site-packages/airflow/example_dags/example_setup_teardown.py
[2023-12-17T08:23:30.800+0700] {processor.py:829} INFO - Processing file /home/phuc/Practice/DataScience/DSProject/venv/lib/python3.10/site-packages/airflow/example_dags/example_setup_teardown.py for tasks to queue
[2023-12-17T08:23:30.801+0700] {logging_mixin.py:154} INFO - [2023-12-17T08:23:30.801+0700] {dagbag.py:536} INFO - Filling up the DagBag from /home/phuc/Practice/DataScience/DSProject/venv/lib/python3.10/site-packages/airflow/example_dags/example_setup_teardown.py
[2023-12-17T08:23:30.807+0700] {processor.py:839} INFO - DAG(s) dict_keys(['example_setup_teardown']) retrieved from /home/phuc/Practice/DataScience/DSProject/venv/lib/python3.10/site-packages/airflow/example_dags/example_setup_teardown.py
[2023-12-17T08:23:30.824+0700] {logging_mixin.py:154} INFO - [2023-12-17T08:23:30.824+0700] {dag.py:2941} INFO - Sync 1 DAGs
[2023-12-17T08:23:30.841+0700] {logging_mixin.py:154} INFO - [2023-12-17T08:23:30.841+0700] {dag.py:3722} INFO - Setting next_dagrun for example_setup_teardown to 2023-12-16T01:23:30.841326+00:00, run_after=2023-12-17T01:23:30.841326+00:00
[2023-12-17T08:23:30.857+0700] {processor.py:179} INFO - Processing /home/phuc/Practice/DataScience/DSProject/venv/lib/python3.10/site-packages/airflow/example_dags/example_setup_teardown.py took 0.067 seconds
[2023-12-17T08:24:10.686+0700] {processor.py:157} INFO - Started process (PID=319748) to work on /home/phuc/Practice/DataScience/DSProject/venv/lib/python3.10/site-packages/airflow/example_dags/example_setup_teardown.py
[2023-12-17T08:24:10.693+0700] {processor.py:829} INFO - Processing file /home/phuc/Practice/DataScience/DSProject/venv/lib/python3.10/site-packages/airflow/example_dags/example_setup_teardown.py for tasks to queue
[2023-12-17T08:24:10.694+0700] {logging_mixin.py:154} INFO - [2023-12-17T08:24:10.694+0700] {dagbag.py:536} INFO - Filling up the DagBag from /home/phuc/Practice/DataScience/DSProject/venv/lib/python3.10/site-packages/airflow/example_dags/example_setup_teardown.py
[2023-12-17T08:24:10.704+0700] {processor.py:839} INFO - DAG(s) dict_keys(['example_setup_teardown']) retrieved from /home/phuc/Practice/DataScience/DSProject/venv/lib/python3.10/site-packages/airflow/example_dags/example_setup_teardown.py
[2023-12-17T08:24:10.716+0700] {logging_mixin.py:154} INFO - [2023-12-17T08:24:10.716+0700] {dag.py:2941} INFO - Sync 1 DAGs
[2023-12-17T08:24:10.725+0700] {logging_mixin.py:154} INFO - [2023-12-17T08:24:10.725+0700] {dag.py:3722} INFO - Setting next_dagrun for example_setup_teardown to 2023-12-16T01:24:10.725051+00:00, run_after=2023-12-17T01:24:10.725051+00:00
[2023-12-17T08:24:10.736+0700] {processor.py:179} INFO - Processing /home/phuc/Practice/DataScience/DSProject/venv/lib/python3.10/site-packages/airflow/example_dags/example_setup_teardown.py took 0.053 seconds
[2023-12-17T08:24:59.394+0700] {processor.py:157} INFO - Started process (PID=319964) to work on /home/phuc/Practice/DataScience/DSProject/venv/lib/python3.10/site-packages/airflow/example_dags/example_setup_teardown.py
[2023-12-17T08:24:59.401+0700] {processor.py:829} INFO - Processing file /home/phuc/Practice/DataScience/DSProject/venv/lib/python3.10/site-packages/airflow/example_dags/example_setup_teardown.py for tasks to queue
[2023-12-17T08:24:59.402+0700] {logging_mixin.py:154} INFO - [2023-12-17T08:24:59.402+0700] {dagbag.py:536} INFO - Filling up the DagBag from /home/phuc/Practice/DataScience/DSProject/venv/lib/python3.10/site-packages/airflow/example_dags/example_setup_teardown.py
[2023-12-17T08:24:59.411+0700] {processor.py:839} INFO - DAG(s) dict_keys(['example_setup_teardown']) retrieved from /home/phuc/Practice/DataScience/DSProject/venv/lib/python3.10/site-packages/airflow/example_dags/example_setup_teardown.py
[2023-12-17T08:24:59.423+0700] {logging_mixin.py:154} INFO - [2023-12-17T08:24:59.423+0700] {dag.py:2941} INFO - Sync 1 DAGs
[2023-12-17T08:24:59.432+0700] {logging_mixin.py:154} INFO - [2023-12-17T08:24:59.432+0700] {dag.py:3722} INFO - Setting next_dagrun for example_setup_teardown to 2023-12-16T01:24:59.432339+00:00, run_after=2023-12-17T01:24:59.432339+00:00
[2023-12-17T08:24:59.444+0700] {processor.py:179} INFO - Processing /home/phuc/Practice/DataScience/DSProject/venv/lib/python3.10/site-packages/airflow/example_dags/example_setup_teardown.py took 0.053 seconds
[2023-12-17T08:25:36.722+0700] {processor.py:157} INFO - Started process (PID=320142) to work on /home/phuc/Practice/DataScience/DSProject/venv/lib/python3.10/site-packages/airflow/example_dags/example_setup_teardown.py
[2023-12-17T08:25:36.729+0700] {processor.py:829} INFO - Processing file /home/phuc/Practice/DataScience/DSProject/venv/lib/python3.10/site-packages/airflow/example_dags/example_setup_teardown.py for tasks to queue
[2023-12-17T08:25:36.730+0700] {logging_mixin.py:154} INFO - [2023-12-17T08:25:36.730+0700] {dagbag.py:536} INFO - Filling up the DagBag from /home/phuc/Practice/DataScience/DSProject/venv/lib/python3.10/site-packages/airflow/example_dags/example_setup_teardown.py
[2023-12-17T08:25:36.738+0700] {processor.py:839} INFO - DAG(s) dict_keys(['example_setup_teardown']) retrieved from /home/phuc/Practice/DataScience/DSProject/venv/lib/python3.10/site-packages/airflow/example_dags/example_setup_teardown.py
[2023-12-17T08:25:36.751+0700] {logging_mixin.py:154} INFO - [2023-12-17T08:25:36.751+0700] {dag.py:2941} INFO - Sync 1 DAGs
[2023-12-17T08:25:36.761+0700] {logging_mixin.py:154} INFO - [2023-12-17T08:25:36.761+0700] {dag.py:3722} INFO - Setting next_dagrun for example_setup_teardown to 2023-12-16T01:25:36.761586+00:00, run_after=2023-12-17T01:25:36.761586+00:00
[2023-12-17T08:25:36.773+0700] {processor.py:179} INFO - Processing /home/phuc/Practice/DataScience/DSProject/venv/lib/python3.10/site-packages/airflow/example_dags/example_setup_teardown.py took 0.055 seconds
[2023-12-17T08:26:23.790+0700] {processor.py:157} INFO - Started process (PID=320344) to work on /home/phuc/Practice/DataScience/DSProject/venv/lib/python3.10/site-packages/airflow/example_dags/example_setup_teardown.py
[2023-12-17T08:26:23.797+0700] {processor.py:829} INFO - Processing file /home/phuc/Practice/DataScience/DSProject/venv/lib/python3.10/site-packages/airflow/example_dags/example_setup_teardown.py for tasks to queue
[2023-12-17T08:26:23.798+0700] {logging_mixin.py:154} INFO - [2023-12-17T08:26:23.797+0700] {dagbag.py:536} INFO - Filling up the DagBag from /home/phuc/Practice/DataScience/DSProject/venv/lib/python3.10/site-packages/airflow/example_dags/example_setup_teardown.py
[2023-12-17T08:26:23.802+0700] {processor.py:839} INFO - DAG(s) dict_keys(['example_setup_teardown']) retrieved from /home/phuc/Practice/DataScience/DSProject/venv/lib/python3.10/site-packages/airflow/example_dags/example_setup_teardown.py
[2023-12-17T08:26:23.819+0700] {logging_mixin.py:154} INFO - [2023-12-17T08:26:23.819+0700] {dag.py:2941} INFO - Sync 1 DAGs
[2023-12-17T08:26:23.838+0700] {logging_mixin.py:154} INFO - [2023-12-17T08:26:23.838+0700] {dag.py:3722} INFO - Setting next_dagrun for example_setup_teardown to 2023-12-16T01:26:23.837892+00:00, run_after=2023-12-17T01:26:23.837892+00:00
[2023-12-17T08:26:23.859+0700] {processor.py:179} INFO - Processing /home/phuc/Practice/DataScience/DSProject/venv/lib/python3.10/site-packages/airflow/example_dags/example_setup_teardown.py took 0.071 seconds
[2023-12-17T08:26:57.836+0700] {processor.py:157} INFO - Started process (PID=320579) to work on /home/phuc/Practice/DataScience/DSProject/venv/lib/python3.10/site-packages/airflow/example_dags/example_setup_teardown.py
[2023-12-17T08:26:57.843+0700] {processor.py:829} INFO - Processing file /home/phuc/Practice/DataScience/DSProject/venv/lib/python3.10/site-packages/airflow/example_dags/example_setup_teardown.py for tasks to queue
[2023-12-17T08:26:57.843+0700] {logging_mixin.py:154} INFO - [2023-12-17T08:26:57.843+0700] {dagbag.py:536} INFO - Filling up the DagBag from /home/phuc/Practice/DataScience/DSProject/venv/lib/python3.10/site-packages/airflow/example_dags/example_setup_teardown.py
[2023-12-17T08:26:57.847+0700] {processor.py:839} INFO - DAG(s) dict_keys(['example_setup_teardown']) retrieved from /home/phuc/Practice/DataScience/DSProject/venv/lib/python3.10/site-packages/airflow/example_dags/example_setup_teardown.py
[2023-12-17T08:26:57.859+0700] {logging_mixin.py:154} INFO - [2023-12-17T08:26:57.858+0700] {dag.py:2941} INFO - Sync 1 DAGs
[2023-12-17T08:26:57.870+0700] {logging_mixin.py:154} INFO - [2023-12-17T08:26:57.869+0700] {dag.py:3722} INFO - Setting next_dagrun for example_setup_teardown to 2023-12-16T01:26:57.869675+00:00, run_after=2023-12-17T01:26:57.869675+00:00
[2023-12-17T08:26:57.882+0700] {processor.py:179} INFO - Processing /home/phuc/Practice/DataScience/DSProject/venv/lib/python3.10/site-packages/airflow/example_dags/example_setup_teardown.py took 0.048 seconds
[2023-12-17T08:27:33.646+0700] {processor.py:157} INFO - Started process (PID=320734) to work on /home/phuc/Practice/DataScience/DSProject/venv/lib/python3.10/site-packages/airflow/example_dags/example_setup_teardown.py
[2023-12-17T08:27:33.653+0700] {processor.py:829} INFO - Processing file /home/phuc/Practice/DataScience/DSProject/venv/lib/python3.10/site-packages/airflow/example_dags/example_setup_teardown.py for tasks to queue
[2023-12-17T08:27:33.655+0700] {logging_mixin.py:154} INFO - [2023-12-17T08:27:33.654+0700] {dagbag.py:536} INFO - Filling up the DagBag from /home/phuc/Practice/DataScience/DSProject/venv/lib/python3.10/site-packages/airflow/example_dags/example_setup_teardown.py
[2023-12-17T08:27:33.664+0700] {processor.py:839} INFO - DAG(s) dict_keys(['example_setup_teardown']) retrieved from /home/phuc/Practice/DataScience/DSProject/venv/lib/python3.10/site-packages/airflow/example_dags/example_setup_teardown.py
[2023-12-17T08:27:33.676+0700] {logging_mixin.py:154} INFO - [2023-12-17T08:27:33.675+0700] {dag.py:2941} INFO - Sync 1 DAGs
[2023-12-17T08:27:33.685+0700] {logging_mixin.py:154} INFO - [2023-12-17T08:27:33.685+0700] {dag.py:3722} INFO - Setting next_dagrun for example_setup_teardown to 2023-12-16T01:27:33.685054+00:00, run_after=2023-12-17T01:27:33.685054+00:00
[2023-12-17T08:27:33.696+0700] {processor.py:179} INFO - Processing /home/phuc/Practice/DataScience/DSProject/venv/lib/python3.10/site-packages/airflow/example_dags/example_setup_teardown.py took 0.053 seconds
[2023-12-17T08:28:21.188+0700] {processor.py:157} INFO - Started process (PID=320935) to work on /home/phuc/Practice/DataScience/DSProject/venv/lib/python3.10/site-packages/airflow/example_dags/example_setup_teardown.py
[2023-12-17T08:28:21.196+0700] {processor.py:829} INFO - Processing file /home/phuc/Practice/DataScience/DSProject/venv/lib/python3.10/site-packages/airflow/example_dags/example_setup_teardown.py for tasks to queue
[2023-12-17T08:28:21.197+0700] {logging_mixin.py:154} INFO - [2023-12-17T08:28:21.196+0700] {dagbag.py:536} INFO - Filling up the DagBag from /home/phuc/Practice/DataScience/DSProject/venv/lib/python3.10/site-packages/airflow/example_dags/example_setup_teardown.py
[2023-12-17T08:28:21.202+0700] {processor.py:839} INFO - DAG(s) dict_keys(['example_setup_teardown']) retrieved from /home/phuc/Practice/DataScience/DSProject/venv/lib/python3.10/site-packages/airflow/example_dags/example_setup_teardown.py
[2023-12-17T08:28:21.216+0700] {logging_mixin.py:154} INFO - [2023-12-17T08:28:21.216+0700] {dag.py:2941} INFO - Sync 1 DAGs
[2023-12-17T08:28:21.229+0700] {logging_mixin.py:154} INFO - [2023-12-17T08:28:21.228+0700] {dag.py:3722} INFO - Setting next_dagrun for example_setup_teardown to 2023-12-16T01:28:21.228818+00:00, run_after=2023-12-17T01:28:21.228818+00:00
[2023-12-17T08:28:21.241+0700] {processor.py:179} INFO - Processing /home/phuc/Practice/DataScience/DSProject/venv/lib/python3.10/site-packages/airflow/example_dags/example_setup_teardown.py took 0.055 seconds
[2023-12-17T08:29:08.274+0700] {processor.py:157} INFO - Started process (PID=321137) to work on /home/phuc/Practice/DataScience/DSProject/venv/lib/python3.10/site-packages/airflow/example_dags/example_setup_teardown.py
[2023-12-17T08:29:08.274+0700] {processor.py:829} INFO - Processing file /home/phuc/Practice/DataScience/DSProject/venv/lib/python3.10/site-packages/airflow/example_dags/example_setup_teardown.py for tasks to queue
[2023-12-17T08:29:08.275+0700] {logging_mixin.py:154} INFO - [2023-12-17T08:29:08.275+0700] {dagbag.py:536} INFO - Filling up the DagBag from /home/phuc/Practice/DataScience/DSProject/venv/lib/python3.10/site-packages/airflow/example_dags/example_setup_teardown.py
[2023-12-17T08:29:08.279+0700] {processor.py:839} INFO - DAG(s) dict_keys(['example_setup_teardown']) retrieved from /home/phuc/Practice/DataScience/DSProject/venv/lib/python3.10/site-packages/airflow/example_dags/example_setup_teardown.py
[2023-12-17T08:29:08.289+0700] {logging_mixin.py:154} INFO - [2023-12-17T08:29:08.289+0700] {dag.py:2941} INFO - Sync 1 DAGs
[2023-12-17T08:29:08.298+0700] {logging_mixin.py:154} INFO - [2023-12-17T08:29:08.298+0700] {dag.py:3722} INFO - Setting next_dagrun for example_setup_teardown to 2023-12-16T01:29:08.298357+00:00, run_after=2023-12-17T01:29:08.298357+00:00
[2023-12-17T08:29:08.309+0700] {processor.py:179} INFO - Processing /home/phuc/Practice/DataScience/DSProject/venv/lib/python3.10/site-packages/airflow/example_dags/example_setup_teardown.py took 0.039 seconds
[2023-12-17T08:29:43.546+0700] {processor.py:157} INFO - Started process (PID=321295) to work on /home/phuc/Practice/DataScience/DSProject/venv/lib/python3.10/site-packages/airflow/example_dags/example_setup_teardown.py
[2023-12-17T08:29:43.553+0700] {processor.py:829} INFO - Processing file /home/phuc/Practice/DataScience/DSProject/venv/lib/python3.10/site-packages/airflow/example_dags/example_setup_teardown.py for tasks to queue
[2023-12-17T08:29:43.555+0700] {logging_mixin.py:154} INFO - [2023-12-17T08:29:43.555+0700] {dagbag.py:536} INFO - Filling up the DagBag from /home/phuc/Practice/DataScience/DSProject/venv/lib/python3.10/site-packages/airflow/example_dags/example_setup_teardown.py
[2023-12-17T08:29:43.560+0700] {processor.py:839} INFO - DAG(s) dict_keys(['example_setup_teardown']) retrieved from /home/phuc/Practice/DataScience/DSProject/venv/lib/python3.10/site-packages/airflow/example_dags/example_setup_teardown.py
[2023-12-17T08:29:43.568+0700] {logging_mixin.py:154} INFO - [2023-12-17T08:29:43.568+0700] {dag.py:2941} INFO - Sync 1 DAGs
[2023-12-17T08:29:43.576+0700] {logging_mixin.py:154} INFO - [2023-12-17T08:29:43.576+0700] {dag.py:3722} INFO - Setting next_dagrun for example_setup_teardown to 2023-12-16T01:29:43.576333+00:00, run_after=2023-12-17T01:29:43.576333+00:00
[2023-12-17T08:29:43.586+0700] {processor.py:179} INFO - Processing /home/phuc/Practice/DataScience/DSProject/venv/lib/python3.10/site-packages/airflow/example_dags/example_setup_teardown.py took 0.041 seconds
[2023-12-17T08:30:17.028+0700] {processor.py:157} INFO - Started process (PID=321467) to work on /home/phuc/Practice/DataScience/DSProject/venv/lib/python3.10/site-packages/airflow/example_dags/example_setup_teardown.py
[2023-12-17T08:30:17.035+0700] {processor.py:829} INFO - Processing file /home/phuc/Practice/DataScience/DSProject/venv/lib/python3.10/site-packages/airflow/example_dags/example_setup_teardown.py for tasks to queue
[2023-12-17T08:30:17.037+0700] {logging_mixin.py:154} INFO - [2023-12-17T08:30:17.036+0700] {dagbag.py:536} INFO - Filling up the DagBag from /home/phuc/Practice/DataScience/DSProject/venv/lib/python3.10/site-packages/airflow/example_dags/example_setup_teardown.py
[2023-12-17T08:30:17.046+0700] {processor.py:839} INFO - DAG(s) dict_keys(['example_setup_teardown']) retrieved from /home/phuc/Practice/DataScience/DSProject/venv/lib/python3.10/site-packages/airflow/example_dags/example_setup_teardown.py
[2023-12-17T08:30:17.057+0700] {logging_mixin.py:154} INFO - [2023-12-17T08:30:17.057+0700] {dag.py:2941} INFO - Sync 1 DAGs
[2023-12-17T08:30:17.065+0700] {logging_mixin.py:154} INFO - [2023-12-17T08:30:17.065+0700] {dag.py:3722} INFO - Setting next_dagrun for example_setup_teardown to 2023-12-16T01:30:17.065387+00:00, run_after=2023-12-17T01:30:17.065387+00:00
[2023-12-17T08:30:17.074+0700] {processor.py:179} INFO - Processing /home/phuc/Practice/DataScience/DSProject/venv/lib/python3.10/site-packages/airflow/example_dags/example_setup_teardown.py took 0.047 seconds
[2023-12-17T08:30:52.987+0700] {processor.py:157} INFO - Started process (PID=321647) to work on /home/phuc/Practice/DataScience/DSProject/venv/lib/python3.10/site-packages/airflow/example_dags/example_setup_teardown.py
[2023-12-17T08:30:52.994+0700] {processor.py:829} INFO - Processing file /home/phuc/Practice/DataScience/DSProject/venv/lib/python3.10/site-packages/airflow/example_dags/example_setup_teardown.py for tasks to queue
[2023-12-17T08:30:52.995+0700] {logging_mixin.py:154} INFO - [2023-12-17T08:30:52.995+0700] {dagbag.py:536} INFO - Filling up the DagBag from /home/phuc/Practice/DataScience/DSProject/venv/lib/python3.10/site-packages/airflow/example_dags/example_setup_teardown.py
[2023-12-17T08:30:53.003+0700] {processor.py:839} INFO - DAG(s) dict_keys(['example_setup_teardown']) retrieved from /home/phuc/Practice/DataScience/DSProject/venv/lib/python3.10/site-packages/airflow/example_dags/example_setup_teardown.py
[2023-12-17T08:30:53.015+0700] {logging_mixin.py:154} INFO - [2023-12-17T08:30:53.015+0700] {dag.py:2941} INFO - Sync 1 DAGs
[2023-12-17T08:30:53.024+0700] {logging_mixin.py:154} INFO - [2023-12-17T08:30:53.023+0700] {dag.py:3722} INFO - Setting next_dagrun for example_setup_teardown to 2023-12-16T01:30:53.023815+00:00, run_after=2023-12-17T01:30:53.023815+00:00
[2023-12-17T08:30:53.034+0700] {processor.py:179} INFO - Processing /home/phuc/Practice/DataScience/DSProject/venv/lib/python3.10/site-packages/airflow/example_dags/example_setup_teardown.py took 0.048 seconds
[2023-12-17T08:31:43.544+0700] {processor.py:157} INFO - Started process (PID=322021) to work on /home/phuc/Practice/DataScience/DSProject/venv/lib/python3.10/site-packages/airflow/example_dags/example_setup_teardown.py
[2023-12-17T08:31:43.552+0700] {processor.py:829} INFO - Processing file /home/phuc/Practice/DataScience/DSProject/venv/lib/python3.10/site-packages/airflow/example_dags/example_setup_teardown.py for tasks to queue
[2023-12-17T08:31:43.553+0700] {logging_mixin.py:154} INFO - [2023-12-17T08:31:43.553+0700] {dagbag.py:536} INFO - Filling up the DagBag from /home/phuc/Practice/DataScience/DSProject/venv/lib/python3.10/site-packages/airflow/example_dags/example_setup_teardown.py
[2023-12-17T08:31:43.562+0700] {processor.py:839} INFO - DAG(s) dict_keys(['example_setup_teardown']) retrieved from /home/phuc/Practice/DataScience/DSProject/venv/lib/python3.10/site-packages/airflow/example_dags/example_setup_teardown.py
[2023-12-17T08:31:43.573+0700] {logging_mixin.py:154} INFO - [2023-12-17T08:31:43.573+0700] {dag.py:2941} INFO - Sync 1 DAGs
[2023-12-17T08:31:43.581+0700] {logging_mixin.py:154} INFO - [2023-12-17T08:31:43.581+0700] {dag.py:3722} INFO - Setting next_dagrun for example_setup_teardown to 2023-12-16T01:31:43.581482+00:00, run_after=2023-12-17T01:31:43.581482+00:00
[2023-12-17T08:31:43.591+0700] {processor.py:179} INFO - Processing /home/phuc/Practice/DataScience/DSProject/venv/lib/python3.10/site-packages/airflow/example_dags/example_setup_teardown.py took 0.051 seconds
[2023-12-17T08:32:44.630+0700] {processor.py:157} INFO - Started process (PID=322988) to work on /home/phuc/Practice/DataScience/DSProject/venv/lib/python3.10/site-packages/airflow/example_dags/example_setup_teardown.py
[2023-12-17T08:32:44.631+0700] {processor.py:829} INFO - Processing file /home/phuc/Practice/DataScience/DSProject/venv/lib/python3.10/site-packages/airflow/example_dags/example_setup_teardown.py for tasks to queue
[2023-12-17T08:32:44.631+0700] {logging_mixin.py:154} INFO - [2023-12-17T08:32:44.631+0700] {dagbag.py:536} INFO - Filling up the DagBag from /home/phuc/Practice/DataScience/DSProject/venv/lib/python3.10/site-packages/airflow/example_dags/example_setup_teardown.py
[2023-12-17T08:32:44.635+0700] {processor.py:839} INFO - DAG(s) dict_keys(['example_setup_teardown']) retrieved from /home/phuc/Practice/DataScience/DSProject/venv/lib/python3.10/site-packages/airflow/example_dags/example_setup_teardown.py
[2023-12-17T08:32:44.645+0700] {logging_mixin.py:154} INFO - [2023-12-17T08:32:44.644+0700] {dag.py:2941} INFO - Sync 1 DAGs
[2023-12-17T08:32:44.655+0700] {logging_mixin.py:154} INFO - [2023-12-17T08:32:44.654+0700] {dag.py:3722} INFO - Setting next_dagrun for example_setup_teardown to 2023-12-16T01:32:44.654747+00:00, run_after=2023-12-17T01:32:44.654747+00:00
[2023-12-17T08:32:44.666+0700] {processor.py:179} INFO - Processing /home/phuc/Practice/DataScience/DSProject/venv/lib/python3.10/site-packages/airflow/example_dags/example_setup_teardown.py took 0.037 seconds
[2023-12-17T08:33:26.933+0700] {processor.py:157} INFO - Started process (PID=323183) to work on /home/phuc/Practice/DataScience/DSProject/venv/lib/python3.10/site-packages/airflow/example_dags/example_setup_teardown.py
[2023-12-17T08:33:26.940+0700] {processor.py:829} INFO - Processing file /home/phuc/Practice/DataScience/DSProject/venv/lib/python3.10/site-packages/airflow/example_dags/example_setup_teardown.py for tasks to queue
[2023-12-17T08:33:26.942+0700] {logging_mixin.py:154} INFO - [2023-12-17T08:33:26.941+0700] {dagbag.py:536} INFO - Filling up the DagBag from /home/phuc/Practice/DataScience/DSProject/venv/lib/python3.10/site-packages/airflow/example_dags/example_setup_teardown.py
[2023-12-17T08:33:26.945+0700] {processor.py:839} INFO - DAG(s) dict_keys(['example_setup_teardown']) retrieved from /home/phuc/Practice/DataScience/DSProject/venv/lib/python3.10/site-packages/airflow/example_dags/example_setup_teardown.py
[2023-12-17T08:33:26.955+0700] {logging_mixin.py:154} INFO - [2023-12-17T08:33:26.955+0700] {dag.py:2941} INFO - Sync 1 DAGs
[2023-12-17T08:33:26.963+0700] {logging_mixin.py:154} INFO - [2023-12-17T08:33:26.963+0700] {dag.py:3722} INFO - Setting next_dagrun for example_setup_teardown to 2023-12-16T01:33:26.963251+00:00, run_after=2023-12-17T01:33:26.963251+00:00
[2023-12-17T08:33:26.972+0700] {processor.py:179} INFO - Processing /home/phuc/Practice/DataScience/DSProject/venv/lib/python3.10/site-packages/airflow/example_dags/example_setup_teardown.py took 0.042 seconds
[2023-12-17T08:34:16.842+0700] {processor.py:157} INFO - Started process (PID=323535) to work on /home/phuc/Practice/DataScience/DSProject/venv/lib/python3.10/site-packages/airflow/example_dags/example_setup_teardown.py
[2023-12-17T08:34:16.849+0700] {processor.py:829} INFO - Processing file /home/phuc/Practice/DataScience/DSProject/venv/lib/python3.10/site-packages/airflow/example_dags/example_setup_teardown.py for tasks to queue
[2023-12-17T08:34:16.851+0700] {logging_mixin.py:154} INFO - [2023-12-17T08:34:16.850+0700] {dagbag.py:536} INFO - Filling up the DagBag from /home/phuc/Practice/DataScience/DSProject/venv/lib/python3.10/site-packages/airflow/example_dags/example_setup_teardown.py
[2023-12-17T08:34:16.861+0700] {processor.py:839} INFO - DAG(s) dict_keys(['example_setup_teardown']) retrieved from /home/phuc/Practice/DataScience/DSProject/venv/lib/python3.10/site-packages/airflow/example_dags/example_setup_teardown.py
[2023-12-17T08:34:16.871+0700] {logging_mixin.py:154} INFO - [2023-12-17T08:34:16.871+0700] {dag.py:2941} INFO - Sync 1 DAGs
[2023-12-17T08:34:16.880+0700] {logging_mixin.py:154} INFO - [2023-12-17T08:34:16.880+0700] {dag.py:3722} INFO - Setting next_dagrun for example_setup_teardown to 2023-12-16T01:34:16.879878+00:00, run_after=2023-12-17T01:34:16.879878+00:00
[2023-12-17T08:34:16.890+0700] {processor.py:179} INFO - Processing /home/phuc/Practice/DataScience/DSProject/venv/lib/python3.10/site-packages/airflow/example_dags/example_setup_teardown.py took 0.050 seconds
[2023-12-17T08:34:52.637+0700] {processor.py:157} INFO - Started process (PID=323904) to work on /home/phuc/Practice/DataScience/DSProject/venv/lib/python3.10/site-packages/airflow/example_dags/example_setup_teardown.py
[2023-12-17T08:34:52.637+0700] {processor.py:829} INFO - Processing file /home/phuc/Practice/DataScience/DSProject/venv/lib/python3.10/site-packages/airflow/example_dags/example_setup_teardown.py for tasks to queue
[2023-12-17T08:34:52.638+0700] {logging_mixin.py:154} INFO - [2023-12-17T08:34:52.638+0700] {dagbag.py:536} INFO - Filling up the DagBag from /home/phuc/Practice/DataScience/DSProject/venv/lib/python3.10/site-packages/airflow/example_dags/example_setup_teardown.py
[2023-12-17T08:34:52.642+0700] {processor.py:839} INFO - DAG(s) dict_keys(['example_setup_teardown']) retrieved from /home/phuc/Practice/DataScience/DSProject/venv/lib/python3.10/site-packages/airflow/example_dags/example_setup_teardown.py
[2023-12-17T08:34:52.650+0700] {logging_mixin.py:154} INFO - [2023-12-17T08:34:52.650+0700] {dag.py:2941} INFO - Sync 1 DAGs
[2023-12-17T08:34:52.660+0700] {logging_mixin.py:154} INFO - [2023-12-17T08:34:52.659+0700] {dag.py:3722} INFO - Setting next_dagrun for example_setup_teardown to 2023-12-16T01:34:52.659806+00:00, run_after=2023-12-17T01:34:52.659806+00:00
[2023-12-17T08:34:52.669+0700] {processor.py:179} INFO - Processing /home/phuc/Practice/DataScience/DSProject/venv/lib/python3.10/site-packages/airflow/example_dags/example_setup_teardown.py took 0.034 seconds
[2023-12-17T08:35:30.404+0700] {processor.py:157} INFO - Started process (PID=324097) to work on /home/phuc/Practice/DataScience/DSProject/venv/lib/python3.10/site-packages/airflow/example_dags/example_setup_teardown.py
[2023-12-17T08:35:30.411+0700] {processor.py:829} INFO - Processing file /home/phuc/Practice/DataScience/DSProject/venv/lib/python3.10/site-packages/airflow/example_dags/example_setup_teardown.py for tasks to queue
[2023-12-17T08:35:30.411+0700] {logging_mixin.py:154} INFO - [2023-12-17T08:35:30.411+0700] {dagbag.py:536} INFO - Filling up the DagBag from /home/phuc/Practice/DataScience/DSProject/venv/lib/python3.10/site-packages/airflow/example_dags/example_setup_teardown.py
[2023-12-17T08:35:30.415+0700] {processor.py:839} INFO - DAG(s) dict_keys(['example_setup_teardown']) retrieved from /home/phuc/Practice/DataScience/DSProject/venv/lib/python3.10/site-packages/airflow/example_dags/example_setup_teardown.py
[2023-12-17T08:35:30.424+0700] {logging_mixin.py:154} INFO - [2023-12-17T08:35:30.424+0700] {dag.py:2941} INFO - Sync 1 DAGs
[2023-12-17T08:35:30.434+0700] {logging_mixin.py:154} INFO - [2023-12-17T08:35:30.434+0700] {dag.py:3722} INFO - Setting next_dagrun for example_setup_teardown to 2023-12-16T01:35:30.433915+00:00, run_after=2023-12-17T01:35:30.433915+00:00
[2023-12-17T08:35:30.444+0700] {processor.py:179} INFO - Processing /home/phuc/Practice/DataScience/DSProject/venv/lib/python3.10/site-packages/airflow/example_dags/example_setup_teardown.py took 0.041 seconds
