[2023-12-17T08:03:16.236+0700] {processor.py:157} INFO - Started process (PID=309681) to work on /home/phuc/Practice/DataScience/DSProject/venv/lib/python3.10/site-packages/airflow/example_dags/example_trigger_controller_dag.py
[2023-12-17T08:03:16.237+0700] {processor.py:829} INFO - Processing file /home/phuc/Practice/DataScience/DSProject/venv/lib/python3.10/site-packages/airflow/example_dags/example_trigger_controller_dag.py for tasks to queue
[2023-12-17T08:03:16.238+0700] {logging_mixin.py:154} INFO - [2023-12-17T08:03:16.238+0700] {dagbag.py:536} INFO - Filling up the DagBag from /home/phuc/Practice/DataScience/DSProject/venv/lib/python3.10/site-packages/airflow/example_dags/example_trigger_controller_dag.py
[2023-12-17T08:03:16.245+0700] {processor.py:839} INFO - DAG(s) dict_keys(['example_trigger_controller_dag']) retrieved from /home/phuc/Practice/DataScience/DSProject/venv/lib/python3.10/site-packages/airflow/example_dags/example_trigger_controller_dag.py
[2023-12-17T08:03:16.348+0700] {logging_mixin.py:154} INFO - [2023-12-17T08:03:16.348+0700] {manager.py:499} INFO - Created Permission View: %s
[2023-12-17T08:03:16.359+0700] {logging_mixin.py:154} INFO - [2023-12-17T08:03:16.358+0700] {manager.py:499} INFO - Created Permission View: %s
[2023-12-17T08:03:16.366+0700] {logging_mixin.py:154} INFO - [2023-12-17T08:03:16.366+0700] {manager.py:499} INFO - Created Permission View: %s
[2023-12-17T08:03:16.366+0700] {logging_mixin.py:154} INFO - [2023-12-17T08:03:16.366+0700] {dag.py:2941} INFO - Sync 1 DAGs
[2023-12-17T08:03:16.376+0700] {logging_mixin.py:154} INFO - [2023-12-17T08:03:16.376+0700] {dag.py:2963} INFO - Creating ORM DAG for example_trigger_controller_dag
[2023-12-17T08:03:16.384+0700] {logging_mixin.py:154} INFO - [2023-12-17T08:03:16.383+0700] {dag.py:3722} INFO - Setting next_dagrun for example_trigger_controller_dag to 2021-01-01T00:00:00+00:00, run_after=2021-01-01T00:00:00+00:00
[2023-12-17T08:03:16.402+0700] {processor.py:179} INFO - Processing /home/phuc/Practice/DataScience/DSProject/venv/lib/python3.10/site-packages/airflow/example_dags/example_trigger_controller_dag.py took 0.168 seconds
[2023-12-17T08:05:31.402+0700] {processor.py:157} INFO - Started process (PID=310912) to work on /home/phuc/Practice/DataScience/DSProject/venv/lib/python3.10/site-packages/airflow/example_dags/example_trigger_controller_dag.py
[2023-12-17T08:05:31.409+0700] {processor.py:829} INFO - Processing file /home/phuc/Practice/DataScience/DSProject/venv/lib/python3.10/site-packages/airflow/example_dags/example_trigger_controller_dag.py for tasks to queue
[2023-12-17T08:05:31.410+0700] {logging_mixin.py:154} INFO - [2023-12-17T08:05:31.410+0700] {dagbag.py:536} INFO - Filling up the DagBag from /home/phuc/Practice/DataScience/DSProject/venv/lib/python3.10/site-packages/airflow/example_dags/example_trigger_controller_dag.py
[2023-12-17T08:05:31.414+0700] {processor.py:839} INFO - DAG(s) dict_keys(['example_trigger_controller_dag']) retrieved from /home/phuc/Practice/DataScience/DSProject/venv/lib/python3.10/site-packages/airflow/example_dags/example_trigger_controller_dag.py
[2023-12-17T08:05:31.431+0700] {logging_mixin.py:154} INFO - [2023-12-17T08:05:31.431+0700] {dag.py:2941} INFO - Sync 1 DAGs
[2023-12-17T08:05:31.443+0700] {logging_mixin.py:154} INFO - [2023-12-17T08:05:31.443+0700] {dag.py:3722} INFO - Setting next_dagrun for example_trigger_controller_dag to 2021-01-01T00:00:00+00:00, run_after=2021-01-01T00:00:00+00:00
[2023-12-17T08:05:31.459+0700] {processor.py:179} INFO - Processing /home/phuc/Practice/DataScience/DSProject/venv/lib/python3.10/site-packages/airflow/example_dags/example_trigger_controller_dag.py took 0.060 seconds
[2023-12-17T08:06:18.910+0700] {processor.py:157} INFO - Started process (PID=311413) to work on /home/phuc/Practice/DataScience/DSProject/venv/lib/python3.10/site-packages/airflow/example_dags/example_trigger_controller_dag.py
[2023-12-17T08:06:18.917+0700] {processor.py:829} INFO - Processing file /home/phuc/Practice/DataScience/DSProject/venv/lib/python3.10/site-packages/airflow/example_dags/example_trigger_controller_dag.py for tasks to queue
[2023-12-17T08:06:18.918+0700] {logging_mixin.py:154} INFO - [2023-12-17T08:06:18.917+0700] {dagbag.py:536} INFO - Filling up the DagBag from /home/phuc/Practice/DataScience/DSProject/venv/lib/python3.10/site-packages/airflow/example_dags/example_trigger_controller_dag.py
[2023-12-17T08:06:18.921+0700] {processor.py:839} INFO - DAG(s) dict_keys(['example_trigger_controller_dag']) retrieved from /home/phuc/Practice/DataScience/DSProject/venv/lib/python3.10/site-packages/airflow/example_dags/example_trigger_controller_dag.py
[2023-12-17T08:06:18.934+0700] {logging_mixin.py:154} INFO - [2023-12-17T08:06:18.933+0700] {dag.py:2941} INFO - Sync 1 DAGs
[2023-12-17T08:06:18.946+0700] {logging_mixin.py:154} INFO - [2023-12-17T08:06:18.946+0700] {dag.py:3722} INFO - Setting next_dagrun for example_trigger_controller_dag to 2021-01-01T00:00:00+00:00, run_after=2021-01-01T00:00:00+00:00
[2023-12-17T08:06:18.961+0700] {processor.py:179} INFO - Processing /home/phuc/Practice/DataScience/DSProject/venv/lib/python3.10/site-packages/airflow/example_dags/example_trigger_controller_dag.py took 0.053 seconds
[2023-12-17T08:07:06.447+0700] {processor.py:157} INFO - Started process (PID=311921) to work on /home/phuc/Practice/DataScience/DSProject/venv/lib/python3.10/site-packages/airflow/example_dags/example_trigger_controller_dag.py
[2023-12-17T08:07:06.454+0700] {processor.py:829} INFO - Processing file /home/phuc/Practice/DataScience/DSProject/venv/lib/python3.10/site-packages/airflow/example_dags/example_trigger_controller_dag.py for tasks to queue
[2023-12-17T08:07:06.455+0700] {logging_mixin.py:154} INFO - [2023-12-17T08:07:06.455+0700] {dagbag.py:536} INFO - Filling up the DagBag from /home/phuc/Practice/DataScience/DSProject/venv/lib/python3.10/site-packages/airflow/example_dags/example_trigger_controller_dag.py
[2023-12-17T08:07:06.459+0700] {processor.py:839} INFO - DAG(s) dict_keys(['example_trigger_controller_dag']) retrieved from /home/phuc/Practice/DataScience/DSProject/venv/lib/python3.10/site-packages/airflow/example_dags/example_trigger_controller_dag.py
[2023-12-17T08:07:06.471+0700] {logging_mixin.py:154} INFO - [2023-12-17T08:07:06.470+0700] {dag.py:2941} INFO - Sync 1 DAGs
[2023-12-17T08:07:06.483+0700] {logging_mixin.py:154} INFO - [2023-12-17T08:07:06.483+0700] {dag.py:3722} INFO - Setting next_dagrun for example_trigger_controller_dag to 2021-01-01T00:00:00+00:00, run_after=2021-01-01T00:00:00+00:00
[2023-12-17T08:07:06.500+0700] {processor.py:179} INFO - Processing /home/phuc/Practice/DataScience/DSProject/venv/lib/python3.10/site-packages/airflow/example_dags/example_trigger_controller_dag.py took 0.055 seconds
[2023-12-17T08:08:29.551+0700] {processor.py:157} INFO - Started process (PID=313088) to work on /home/phuc/Practice/DataScience/DSProject/venv/lib/python3.10/site-packages/airflow/example_dags/example_trigger_controller_dag.py
[2023-12-17T08:08:29.558+0700] {processor.py:829} INFO - Processing file /home/phuc/Practice/DataScience/DSProject/venv/lib/python3.10/site-packages/airflow/example_dags/example_trigger_controller_dag.py for tasks to queue
[2023-12-17T08:08:29.560+0700] {logging_mixin.py:154} INFO - [2023-12-17T08:08:29.559+0700] {dagbag.py:536} INFO - Filling up the DagBag from /home/phuc/Practice/DataScience/DSProject/venv/lib/python3.10/site-packages/airflow/example_dags/example_trigger_controller_dag.py
[2023-12-17T08:08:29.565+0700] {processor.py:839} INFO - DAG(s) dict_keys(['example_trigger_controller_dag']) retrieved from /home/phuc/Practice/DataScience/DSProject/venv/lib/python3.10/site-packages/airflow/example_dags/example_trigger_controller_dag.py
[2023-12-17T08:08:29.573+0700] {logging_mixin.py:154} INFO - [2023-12-17T08:08:29.573+0700] {dag.py:2941} INFO - Sync 1 DAGs
[2023-12-17T08:08:29.583+0700] {logging_mixin.py:154} INFO - [2023-12-17T08:08:29.583+0700] {dag.py:3722} INFO - Setting next_dagrun for example_trigger_controller_dag to 2021-01-01T00:00:00+00:00, run_after=2021-01-01T00:00:00+00:00
[2023-12-17T08:08:29.594+0700] {processor.py:179} INFO - Processing /home/phuc/Practice/DataScience/DSProject/venv/lib/python3.10/site-packages/airflow/example_dags/example_trigger_controller_dag.py took 0.044 seconds
[2023-12-17T08:09:16.676+0700] {processor.py:157} INFO - Started process (PID=313423) to work on /home/phuc/Practice/DataScience/DSProject/venv/lib/python3.10/site-packages/airflow/example_dags/example_trigger_controller_dag.py
[2023-12-17T08:09:16.683+0700] {processor.py:829} INFO - Processing file /home/phuc/Practice/DataScience/DSProject/venv/lib/python3.10/site-packages/airflow/example_dags/example_trigger_controller_dag.py for tasks to queue
[2023-12-17T08:09:16.685+0700] {logging_mixin.py:154} INFO - [2023-12-17T08:09:16.684+0700] {dagbag.py:536} INFO - Filling up the DagBag from /home/phuc/Practice/DataScience/DSProject/venv/lib/python3.10/site-packages/airflow/example_dags/example_trigger_controller_dag.py
[2023-12-17T08:09:16.691+0700] {processor.py:839} INFO - DAG(s) dict_keys(['example_trigger_controller_dag']) retrieved from /home/phuc/Practice/DataScience/DSProject/venv/lib/python3.10/site-packages/airflow/example_dags/example_trigger_controller_dag.py
[2023-12-17T08:09:16.703+0700] {logging_mixin.py:154} INFO - [2023-12-17T08:09:16.703+0700] {dag.py:2941} INFO - Sync 1 DAGs
[2023-12-17T08:09:16.712+0700] {logging_mixin.py:154} INFO - [2023-12-17T08:09:16.712+0700] {dag.py:3722} INFO - Setting next_dagrun for example_trigger_controller_dag to 2021-01-01T00:00:00+00:00, run_after=2021-01-01T00:00:00+00:00
[2023-12-17T08:09:16.724+0700] {processor.py:179} INFO - Processing /home/phuc/Practice/DataScience/DSProject/venv/lib/python3.10/site-packages/airflow/example_dags/example_trigger_controller_dag.py took 0.053 seconds
[2023-12-17T08:10:03.940+0700] {processor.py:157} INFO - Started process (PID=313773) to work on /home/phuc/Practice/DataScience/DSProject/venv/lib/python3.10/site-packages/airflow/example_dags/example_trigger_controller_dag.py
[2023-12-17T08:10:03.947+0700] {processor.py:829} INFO - Processing file /home/phuc/Practice/DataScience/DSProject/venv/lib/python3.10/site-packages/airflow/example_dags/example_trigger_controller_dag.py for tasks to queue
[2023-12-17T08:10:03.949+0700] {logging_mixin.py:154} INFO - [2023-12-17T08:10:03.948+0700] {dagbag.py:536} INFO - Filling up the DagBag from /home/phuc/Practice/DataScience/DSProject/venv/lib/python3.10/site-packages/airflow/example_dags/example_trigger_controller_dag.py
[2023-12-17T08:10:03.955+0700] {processor.py:839} INFO - DAG(s) dict_keys(['example_trigger_controller_dag']) retrieved from /home/phuc/Practice/DataScience/DSProject/venv/lib/python3.10/site-packages/airflow/example_dags/example_trigger_controller_dag.py
[2023-12-17T08:10:03.968+0700] {logging_mixin.py:154} INFO - [2023-12-17T08:10:03.968+0700] {dag.py:2941} INFO - Sync 1 DAGs
[2023-12-17T08:10:03.977+0700] {logging_mixin.py:154} INFO - [2023-12-17T08:10:03.977+0700] {dag.py:3722} INFO - Setting next_dagrun for example_trigger_controller_dag to 2021-01-01T00:00:00+00:00, run_after=2021-01-01T00:00:00+00:00
[2023-12-17T08:10:03.988+0700] {processor.py:179} INFO - Processing /home/phuc/Practice/DataScience/DSProject/venv/lib/python3.10/site-packages/airflow/example_dags/example_trigger_controller_dag.py took 0.052 seconds
[2023-12-17T08:10:41.389+0700] {processor.py:157} INFO - Started process (PID=313926) to work on /home/phuc/Practice/DataScience/DSProject/venv/lib/python3.10/site-packages/airflow/example_dags/example_trigger_controller_dag.py
[2023-12-17T08:10:41.396+0700] {processor.py:829} INFO - Processing file /home/phuc/Practice/DataScience/DSProject/venv/lib/python3.10/site-packages/airflow/example_dags/example_trigger_controller_dag.py for tasks to queue
[2023-12-17T08:10:41.398+0700] {logging_mixin.py:154} INFO - [2023-12-17T08:10:41.397+0700] {dagbag.py:536} INFO - Filling up the DagBag from /home/phuc/Practice/DataScience/DSProject/venv/lib/python3.10/site-packages/airflow/example_dags/example_trigger_controller_dag.py
[2023-12-17T08:10:41.402+0700] {processor.py:839} INFO - DAG(s) dict_keys(['example_trigger_controller_dag']) retrieved from /home/phuc/Practice/DataScience/DSProject/venv/lib/python3.10/site-packages/airflow/example_dags/example_trigger_controller_dag.py
[2023-12-17T08:10:41.412+0700] {logging_mixin.py:154} INFO - [2023-12-17T08:10:41.412+0700] {dag.py:2941} INFO - Sync 1 DAGs
[2023-12-17T08:10:41.421+0700] {logging_mixin.py:154} INFO - [2023-12-17T08:10:41.421+0700] {dag.py:3722} INFO - Setting next_dagrun for example_trigger_controller_dag to 2021-01-01T00:00:00+00:00, run_after=2021-01-01T00:00:00+00:00
[2023-12-17T08:10:41.433+0700] {processor.py:179} INFO - Processing /home/phuc/Practice/DataScience/DSProject/venv/lib/python3.10/site-packages/airflow/example_dags/example_trigger_controller_dag.py took 0.048 seconds
[2023-12-17T08:11:29.754+0700] {processor.py:157} INFO - Started process (PID=314144) to work on /home/phuc/Practice/DataScience/DSProject/venv/lib/python3.10/site-packages/airflow/example_dags/example_trigger_controller_dag.py
[2023-12-17T08:11:29.761+0700] {processor.py:829} INFO - Processing file /home/phuc/Practice/DataScience/DSProject/venv/lib/python3.10/site-packages/airflow/example_dags/example_trigger_controller_dag.py for tasks to queue
[2023-12-17T08:11:29.762+0700] {logging_mixin.py:154} INFO - [2023-12-17T08:11:29.762+0700] {dagbag.py:536} INFO - Filling up the DagBag from /home/phuc/Practice/DataScience/DSProject/venv/lib/python3.10/site-packages/airflow/example_dags/example_trigger_controller_dag.py
[2023-12-17T08:11:29.769+0700] {processor.py:839} INFO - DAG(s) dict_keys(['example_trigger_controller_dag']) retrieved from /home/phuc/Practice/DataScience/DSProject/venv/lib/python3.10/site-packages/airflow/example_dags/example_trigger_controller_dag.py
[2023-12-17T08:11:29.782+0700] {logging_mixin.py:154} INFO - [2023-12-17T08:11:29.782+0700] {dag.py:2941} INFO - Sync 1 DAGs
[2023-12-17T08:11:29.791+0700] {logging_mixin.py:154} INFO - [2023-12-17T08:11:29.791+0700] {dag.py:3722} INFO - Setting next_dagrun for example_trigger_controller_dag to 2021-01-01T00:00:00+00:00, run_after=2021-01-01T00:00:00+00:00
[2023-12-17T08:11:29.803+0700] {processor.py:179} INFO - Processing /home/phuc/Practice/DataScience/DSProject/venv/lib/python3.10/site-packages/airflow/example_dags/example_trigger_controller_dag.py took 0.051 seconds
[2023-12-17T08:12:20.723+0700] {processor.py:157} INFO - Started process (PID=314404) to work on /home/phuc/Practice/DataScience/DSProject/venv/lib/python3.10/site-packages/airflow/example_dags/example_trigger_controller_dag.py
[2023-12-17T08:12:20.730+0700] {processor.py:829} INFO - Processing file /home/phuc/Practice/DataScience/DSProject/venv/lib/python3.10/site-packages/airflow/example_dags/example_trigger_controller_dag.py for tasks to queue
[2023-12-17T08:12:20.731+0700] {logging_mixin.py:154} INFO - [2023-12-17T08:12:20.730+0700] {dagbag.py:536} INFO - Filling up the DagBag from /home/phuc/Practice/DataScience/DSProject/venv/lib/python3.10/site-packages/airflow/example_dags/example_trigger_controller_dag.py
[2023-12-17T08:12:20.738+0700] {processor.py:839} INFO - DAG(s) dict_keys(['example_trigger_controller_dag']) retrieved from /home/phuc/Practice/DataScience/DSProject/venv/lib/python3.10/site-packages/airflow/example_dags/example_trigger_controller_dag.py
[2023-12-17T08:12:20.750+0700] {logging_mixin.py:154} INFO - [2023-12-17T08:12:20.750+0700] {dag.py:2941} INFO - Sync 1 DAGs
[2023-12-17T08:12:20.759+0700] {logging_mixin.py:154} INFO - [2023-12-17T08:12:20.759+0700] {dag.py:3722} INFO - Setting next_dagrun for example_trigger_controller_dag to 2021-01-01T00:00:00+00:00, run_after=2021-01-01T00:00:00+00:00
[2023-12-17T08:12:20.772+0700] {processor.py:179} INFO - Processing /home/phuc/Practice/DataScience/DSProject/venv/lib/python3.10/site-packages/airflow/example_dags/example_trigger_controller_dag.py took 0.053 seconds
[2023-12-17T08:13:08.263+0700] {processor.py:157} INFO - Started process (PID=314610) to work on /home/phuc/Practice/DataScience/DSProject/venv/lib/python3.10/site-packages/airflow/example_dags/example_trigger_controller_dag.py
[2023-12-17T08:13:08.270+0700] {processor.py:829} INFO - Processing file /home/phuc/Practice/DataScience/DSProject/venv/lib/python3.10/site-packages/airflow/example_dags/example_trigger_controller_dag.py for tasks to queue
[2023-12-17T08:13:08.270+0700] {logging_mixin.py:154} INFO - [2023-12-17T08:13:08.270+0700] {dagbag.py:536} INFO - Filling up the DagBag from /home/phuc/Practice/DataScience/DSProject/venv/lib/python3.10/site-packages/airflow/example_dags/example_trigger_controller_dag.py
[2023-12-17T08:13:08.273+0700] {processor.py:839} INFO - DAG(s) dict_keys(['example_trigger_controller_dag']) retrieved from /home/phuc/Practice/DataScience/DSProject/venv/lib/python3.10/site-packages/airflow/example_dags/example_trigger_controller_dag.py
[2023-12-17T08:13:08.282+0700] {logging_mixin.py:154} INFO - [2023-12-17T08:13:08.282+0700] {dag.py:2941} INFO - Sync 1 DAGs
[2023-12-17T08:13:08.292+0700] {logging_mixin.py:154} INFO - [2023-12-17T08:13:08.292+0700] {dag.py:3722} INFO - Setting next_dagrun for example_trigger_controller_dag to 2021-01-01T00:00:00+00:00, run_after=2021-01-01T00:00:00+00:00
[2023-12-17T08:13:08.305+0700] {processor.py:179} INFO - Processing /home/phuc/Practice/DataScience/DSProject/venv/lib/python3.10/site-packages/airflow/example_dags/example_trigger_controller_dag.py took 0.043 seconds
[2023-12-17T08:13:52.988+0700] {processor.py:157} INFO - Started process (PID=314870) to work on /home/phuc/Practice/DataScience/DSProject/venv/lib/python3.10/site-packages/airflow/example_dags/example_trigger_controller_dag.py
[2023-12-17T08:13:52.995+0700] {processor.py:829} INFO - Processing file /home/phuc/Practice/DataScience/DSProject/venv/lib/python3.10/site-packages/airflow/example_dags/example_trigger_controller_dag.py for tasks to queue
[2023-12-17T08:13:52.997+0700] {logging_mixin.py:154} INFO - [2023-12-17T08:13:52.996+0700] {dagbag.py:536} INFO - Filling up the DagBag from /home/phuc/Practice/DataScience/DSProject/venv/lib/python3.10/site-packages/airflow/example_dags/example_trigger_controller_dag.py
[2023-12-17T08:13:53.003+0700] {processor.py:839} INFO - DAG(s) dict_keys(['example_trigger_controller_dag']) retrieved from /home/phuc/Practice/DataScience/DSProject/venv/lib/python3.10/site-packages/airflow/example_dags/example_trigger_controller_dag.py
[2023-12-17T08:13:53.016+0700] {logging_mixin.py:154} INFO - [2023-12-17T08:13:53.016+0700] {dag.py:2941} INFO - Sync 1 DAGs
[2023-12-17T08:13:53.025+0700] {logging_mixin.py:154} INFO - [2023-12-17T08:13:53.025+0700] {dag.py:3722} INFO - Setting next_dagrun for example_trigger_controller_dag to 2021-01-01T00:00:00+00:00, run_after=2021-01-01T00:00:00+00:00
[2023-12-17T08:13:53.037+0700] {processor.py:179} INFO - Processing /home/phuc/Practice/DataScience/DSProject/venv/lib/python3.10/site-packages/airflow/example_dags/example_trigger_controller_dag.py took 0.052 seconds
[2023-12-17T08:14:30.141+0700] {processor.py:157} INFO - Started process (PID=315027) to work on /home/phuc/Practice/DataScience/DSProject/venv/lib/python3.10/site-packages/airflow/example_dags/example_trigger_controller_dag.py
[2023-12-17T08:14:30.148+0700] {processor.py:829} INFO - Processing file /home/phuc/Practice/DataScience/DSProject/venv/lib/python3.10/site-packages/airflow/example_dags/example_trigger_controller_dag.py for tasks to queue
[2023-12-17T08:14:30.150+0700] {logging_mixin.py:154} INFO - [2023-12-17T08:14:30.149+0700] {dagbag.py:536} INFO - Filling up the DagBag from /home/phuc/Practice/DataScience/DSProject/venv/lib/python3.10/site-packages/airflow/example_dags/example_trigger_controller_dag.py
[2023-12-17T08:14:30.156+0700] {processor.py:839} INFO - DAG(s) dict_keys(['example_trigger_controller_dag']) retrieved from /home/phuc/Practice/DataScience/DSProject/venv/lib/python3.10/site-packages/airflow/example_dags/example_trigger_controller_dag.py
[2023-12-17T08:14:30.170+0700] {logging_mixin.py:154} INFO - [2023-12-17T08:14:30.169+0700] {dag.py:2941} INFO - Sync 1 DAGs
[2023-12-17T08:14:30.179+0700] {logging_mixin.py:154} INFO - [2023-12-17T08:14:30.179+0700] {dag.py:3722} INFO - Setting next_dagrun for example_trigger_controller_dag to 2021-01-01T00:00:00+00:00, run_after=2021-01-01T00:00:00+00:00
[2023-12-17T08:14:30.192+0700] {processor.py:179} INFO - Processing /home/phuc/Practice/DataScience/DSProject/venv/lib/python3.10/site-packages/airflow/example_dags/example_trigger_controller_dag.py took 0.054 seconds
[2023-12-17T08:15:22.689+0700] {processor.py:157} INFO - Started process (PID=315254) to work on /home/phuc/Practice/DataScience/DSProject/venv/lib/python3.10/site-packages/airflow/example_dags/example_trigger_controller_dag.py
[2023-12-17T08:15:22.690+0700] {processor.py:829} INFO - Processing file /home/phuc/Practice/DataScience/DSProject/venv/lib/python3.10/site-packages/airflow/example_dags/example_trigger_controller_dag.py for tasks to queue
[2023-12-17T08:15:22.690+0700] {logging_mixin.py:154} INFO - [2023-12-17T08:15:22.690+0700] {dagbag.py:536} INFO - Filling up the DagBag from /home/phuc/Practice/DataScience/DSProject/venv/lib/python3.10/site-packages/airflow/example_dags/example_trigger_controller_dag.py
[2023-12-17T08:15:22.693+0700] {processor.py:839} INFO - DAG(s) dict_keys(['example_trigger_controller_dag']) retrieved from /home/phuc/Practice/DataScience/DSProject/venv/lib/python3.10/site-packages/airflow/example_dags/example_trigger_controller_dag.py
[2023-12-17T08:15:22.702+0700] {logging_mixin.py:154} INFO - [2023-12-17T08:15:22.702+0700] {dag.py:2941} INFO - Sync 1 DAGs
[2023-12-17T08:15:22.711+0700] {logging_mixin.py:154} INFO - [2023-12-17T08:15:22.711+0700] {dag.py:3722} INFO - Setting next_dagrun for example_trigger_controller_dag to 2021-01-01T00:00:00+00:00, run_after=2021-01-01T00:00:00+00:00
[2023-12-17T08:15:22.722+0700] {processor.py:179} INFO - Processing /home/phuc/Practice/DataScience/DSProject/venv/lib/python3.10/site-packages/airflow/example_dags/example_trigger_controller_dag.py took 0.036 seconds
[2023-12-17T08:16:14.039+0700] {processor.py:157} INFO - Started process (PID=315555) to work on /home/phuc/Practice/DataScience/DSProject/venv/lib/python3.10/site-packages/airflow/example_dags/example_trigger_controller_dag.py
[2023-12-17T08:16:14.046+0700] {processor.py:829} INFO - Processing file /home/phuc/Practice/DataScience/DSProject/venv/lib/python3.10/site-packages/airflow/example_dags/example_trigger_controller_dag.py for tasks to queue
[2023-12-17T08:16:14.047+0700] {logging_mixin.py:154} INFO - [2023-12-17T08:16:14.046+0700] {dagbag.py:536} INFO - Filling up the DagBag from /home/phuc/Practice/DataScience/DSProject/venv/lib/python3.10/site-packages/airflow/example_dags/example_trigger_controller_dag.py
[2023-12-17T08:16:14.051+0700] {processor.py:839} INFO - DAG(s) dict_keys(['example_trigger_controller_dag']) retrieved from /home/phuc/Practice/DataScience/DSProject/venv/lib/python3.10/site-packages/airflow/example_dags/example_trigger_controller_dag.py
[2023-12-17T08:16:14.066+0700] {logging_mixin.py:154} INFO - [2023-12-17T08:16:14.066+0700] {dag.py:2941} INFO - Sync 1 DAGs
[2023-12-17T08:16:14.085+0700] {logging_mixin.py:154} INFO - [2023-12-17T08:16:14.085+0700] {dag.py:3722} INFO - Setting next_dagrun for example_trigger_controller_dag to 2021-01-01T00:00:00+00:00, run_after=2021-01-01T00:00:00+00:00
[2023-12-17T08:16:14.104+0700] {processor.py:179} INFO - Processing /home/phuc/Practice/DataScience/DSProject/venv/lib/python3.10/site-packages/airflow/example_dags/example_trigger_controller_dag.py took 0.069 seconds
[2023-12-17T08:17:49.643+0700] {processor.py:157} INFO - Started process (PID=316393) to work on /home/phuc/Practice/DataScience/DSProject/venv/lib/python3.10/site-packages/airflow/example_dags/example_trigger_controller_dag.py
[2023-12-17T08:17:49.651+0700] {processor.py:829} INFO - Processing file /home/phuc/Practice/DataScience/DSProject/venv/lib/python3.10/site-packages/airflow/example_dags/example_trigger_controller_dag.py for tasks to queue
[2023-12-17T08:17:49.651+0700] {logging_mixin.py:154} INFO - [2023-12-17T08:17:49.651+0700] {dagbag.py:536} INFO - Filling up the DagBag from /home/phuc/Practice/DataScience/DSProject/venv/lib/python3.10/site-packages/airflow/example_dags/example_trigger_controller_dag.py
[2023-12-17T08:17:49.654+0700] {processor.py:839} INFO - DAG(s) dict_keys(['example_trigger_controller_dag']) retrieved from /home/phuc/Practice/DataScience/DSProject/venv/lib/python3.10/site-packages/airflow/example_dags/example_trigger_controller_dag.py
[2023-12-17T08:17:49.665+0700] {logging_mixin.py:154} INFO - [2023-12-17T08:17:49.665+0700] {dag.py:2941} INFO - Sync 1 DAGs
[2023-12-17T08:17:49.678+0700] {logging_mixin.py:154} INFO - [2023-12-17T08:17:49.678+0700] {dag.py:3722} INFO - Setting next_dagrun for example_trigger_controller_dag to 2021-01-01T00:00:00+00:00, run_after=2021-01-01T00:00:00+00:00
[2023-12-17T08:17:49.696+0700] {processor.py:179} INFO - Processing /home/phuc/Practice/DataScience/DSProject/venv/lib/python3.10/site-packages/airflow/example_dags/example_trigger_controller_dag.py took 0.056 seconds
[2023-12-17T08:18:35.022+0700] {processor.py:157} INFO - Started process (PID=316655) to work on /home/phuc/Practice/DataScience/DSProject/venv/lib/python3.10/site-packages/airflow/example_dags/example_trigger_controller_dag.py
[2023-12-17T08:18:35.029+0700] {processor.py:829} INFO - Processing file /home/phuc/Practice/DataScience/DSProject/venv/lib/python3.10/site-packages/airflow/example_dags/example_trigger_controller_dag.py for tasks to queue
[2023-12-17T08:18:35.030+0700] {logging_mixin.py:154} INFO - [2023-12-17T08:18:35.029+0700] {dagbag.py:536} INFO - Filling up the DagBag from /home/phuc/Practice/DataScience/DSProject/venv/lib/python3.10/site-packages/airflow/example_dags/example_trigger_controller_dag.py
[2023-12-17T08:18:35.035+0700] {processor.py:839} INFO - DAG(s) dict_keys(['example_trigger_controller_dag']) retrieved from /home/phuc/Practice/DataScience/DSProject/venv/lib/python3.10/site-packages/airflow/example_dags/example_trigger_controller_dag.py
[2023-12-17T08:18:35.049+0700] {logging_mixin.py:154} INFO - [2023-12-17T08:18:35.049+0700] {dag.py:2941} INFO - Sync 1 DAGs
[2023-12-17T08:18:35.061+0700] {logging_mixin.py:154} INFO - [2023-12-17T08:18:35.061+0700] {dag.py:3722} INFO - Setting next_dagrun for example_trigger_controller_dag to 2021-01-01T00:00:00+00:00, run_after=2021-01-01T00:00:00+00:00
[2023-12-17T08:18:35.076+0700] {processor.py:179} INFO - Processing /home/phuc/Practice/DataScience/DSProject/venv/lib/python3.10/site-packages/airflow/example_dags/example_trigger_controller_dag.py took 0.057 seconds
[2023-12-17T08:19:23.789+0700] {processor.py:157} INFO - Started process (PID=317178) to work on /home/phuc/Practice/DataScience/DSProject/venv/lib/python3.10/site-packages/airflow/example_dags/example_trigger_controller_dag.py
[2023-12-17T08:19:23.796+0700] {processor.py:829} INFO - Processing file /home/phuc/Practice/DataScience/DSProject/venv/lib/python3.10/site-packages/airflow/example_dags/example_trigger_controller_dag.py for tasks to queue
[2023-12-17T08:19:23.797+0700] {logging_mixin.py:154} INFO - [2023-12-17T08:19:23.796+0700] {dagbag.py:536} INFO - Filling up the DagBag from /home/phuc/Practice/DataScience/DSProject/venv/lib/python3.10/site-packages/airflow/example_dags/example_trigger_controller_dag.py
[2023-12-17T08:19:23.800+0700] {processor.py:839} INFO - DAG(s) dict_keys(['example_trigger_controller_dag']) retrieved from /home/phuc/Practice/DataScience/DSProject/venv/lib/python3.10/site-packages/airflow/example_dags/example_trigger_controller_dag.py
[2023-12-17T08:19:23.811+0700] {logging_mixin.py:154} INFO - [2023-12-17T08:19:23.811+0700] {dag.py:2941} INFO - Sync 1 DAGs
[2023-12-17T08:19:23.825+0700] {logging_mixin.py:154} INFO - [2023-12-17T08:19:23.824+0700] {dag.py:3722} INFO - Setting next_dagrun for example_trigger_controller_dag to 2021-01-01T00:00:00+00:00, run_after=2021-01-01T00:00:00+00:00
[2023-12-17T08:19:23.840+0700] {processor.py:179} INFO - Processing /home/phuc/Practice/DataScience/DSProject/venv/lib/python3.10/site-packages/airflow/example_dags/example_trigger_controller_dag.py took 0.054 seconds
[2023-12-17T08:20:15.379+0700] {processor.py:157} INFO - Started process (PID=317710) to work on /home/phuc/Practice/DataScience/DSProject/venv/lib/python3.10/site-packages/airflow/example_dags/example_trigger_controller_dag.py
[2023-12-17T08:20:15.386+0700] {processor.py:829} INFO - Processing file /home/phuc/Practice/DataScience/DSProject/venv/lib/python3.10/site-packages/airflow/example_dags/example_trigger_controller_dag.py for tasks to queue
[2023-12-17T08:20:15.387+0700] {logging_mixin.py:154} INFO - [2023-12-17T08:20:15.386+0700] {dagbag.py:536} INFO - Filling up the DagBag from /home/phuc/Practice/DataScience/DSProject/venv/lib/python3.10/site-packages/airflow/example_dags/example_trigger_controller_dag.py
[2023-12-17T08:20:15.390+0700] {processor.py:839} INFO - DAG(s) dict_keys(['example_trigger_controller_dag']) retrieved from /home/phuc/Practice/DataScience/DSProject/venv/lib/python3.10/site-packages/airflow/example_dags/example_trigger_controller_dag.py
[2023-12-17T08:20:15.401+0700] {logging_mixin.py:154} INFO - [2023-12-17T08:20:15.401+0700] {dag.py:2941} INFO - Sync 1 DAGs
[2023-12-17T08:20:15.413+0700] {logging_mixin.py:154} INFO - [2023-12-17T08:20:15.413+0700] {dag.py:3722} INFO - Setting next_dagrun for example_trigger_controller_dag to 2021-01-01T00:00:00+00:00, run_after=2021-01-01T00:00:00+00:00
[2023-12-17T08:20:15.428+0700] {processor.py:179} INFO - Processing /home/phuc/Practice/DataScience/DSProject/venv/lib/python3.10/site-packages/airflow/example_dags/example_trigger_controller_dag.py took 0.052 seconds
[2023-12-17T08:21:59.048+0700] {processor.py:157} INFO - Started process (PID=318770) to work on /home/phuc/Practice/DataScience/DSProject/venv/lib/python3.10/site-packages/airflow/example_dags/example_trigger_controller_dag.py
[2023-12-17T08:21:59.055+0700] {processor.py:829} INFO - Processing file /home/phuc/Practice/DataScience/DSProject/venv/lib/python3.10/site-packages/airflow/example_dags/example_trigger_controller_dag.py for tasks to queue
[2023-12-17T08:21:59.056+0700] {logging_mixin.py:154} INFO - [2023-12-17T08:21:59.056+0700] {dagbag.py:536} INFO - Filling up the DagBag from /home/phuc/Practice/DataScience/DSProject/venv/lib/python3.10/site-packages/airflow/example_dags/example_trigger_controller_dag.py
[2023-12-17T08:21:59.060+0700] {processor.py:839} INFO - DAG(s) dict_keys(['example_trigger_controller_dag']) retrieved from /home/phuc/Practice/DataScience/DSProject/venv/lib/python3.10/site-packages/airflow/example_dags/example_trigger_controller_dag.py
[2023-12-17T08:21:59.076+0700] {logging_mixin.py:154} INFO - [2023-12-17T08:21:59.076+0700] {dag.py:2941} INFO - Sync 1 DAGs
[2023-12-17T08:21:59.091+0700] {logging_mixin.py:154} INFO - [2023-12-17T08:21:59.091+0700] {dag.py:3722} INFO - Setting next_dagrun for example_trigger_controller_dag to 2021-01-01T00:00:00+00:00, run_after=2021-01-01T00:00:00+00:00
[2023-12-17T08:21:59.107+0700] {processor.py:179} INFO - Processing /home/phuc/Practice/DataScience/DSProject/venv/lib/python3.10/site-packages/airflow/example_dags/example_trigger_controller_dag.py took 0.061 seconds
[2023-12-17T08:23:34.798+0700] {processor.py:157} INFO - Started process (PID=319531) to work on /home/phuc/Practice/DataScience/DSProject/venv/lib/python3.10/site-packages/airflow/example_dags/example_trigger_controller_dag.py
[2023-12-17T08:23:34.804+0700] {processor.py:829} INFO - Processing file /home/phuc/Practice/DataScience/DSProject/venv/lib/python3.10/site-packages/airflow/example_dags/example_trigger_controller_dag.py for tasks to queue
[2023-12-17T08:23:34.806+0700] {logging_mixin.py:154} INFO - [2023-12-17T08:23:34.805+0700] {dagbag.py:536} INFO - Filling up the DagBag from /home/phuc/Practice/DataScience/DSProject/venv/lib/python3.10/site-packages/airflow/example_dags/example_trigger_controller_dag.py
[2023-12-17T08:23:34.812+0700] {processor.py:839} INFO - DAG(s) dict_keys(['example_trigger_controller_dag']) retrieved from /home/phuc/Practice/DataScience/DSProject/venv/lib/python3.10/site-packages/airflow/example_dags/example_trigger_controller_dag.py
[2023-12-17T08:23:34.825+0700] {logging_mixin.py:154} INFO - [2023-12-17T08:23:34.825+0700] {dag.py:2941} INFO - Sync 1 DAGs
[2023-12-17T08:23:34.835+0700] {logging_mixin.py:154} INFO - [2023-12-17T08:23:34.834+0700] {dag.py:3722} INFO - Setting next_dagrun for example_trigger_controller_dag to 2021-01-01T00:00:00+00:00, run_after=2021-01-01T00:00:00+00:00
[2023-12-17T08:23:34.846+0700] {processor.py:179} INFO - Processing /home/phuc/Practice/DataScience/DSProject/venv/lib/python3.10/site-packages/airflow/example_dags/example_trigger_controller_dag.py took 0.051 seconds
[2023-12-17T08:24:22.124+0700] {processor.py:157} INFO - Started process (PID=319806) to work on /home/phuc/Practice/DataScience/DSProject/venv/lib/python3.10/site-packages/airflow/example_dags/example_trigger_controller_dag.py
[2023-12-17T08:24:22.132+0700] {processor.py:829} INFO - Processing file /home/phuc/Practice/DataScience/DSProject/venv/lib/python3.10/site-packages/airflow/example_dags/example_trigger_controller_dag.py for tasks to queue
[2023-12-17T08:24:22.133+0700] {logging_mixin.py:154} INFO - [2023-12-17T08:24:22.132+0700] {dagbag.py:536} INFO - Filling up the DagBag from /home/phuc/Practice/DataScience/DSProject/venv/lib/python3.10/site-packages/airflow/example_dags/example_trigger_controller_dag.py
[2023-12-17T08:24:22.139+0700] {processor.py:839} INFO - DAG(s) dict_keys(['example_trigger_controller_dag']) retrieved from /home/phuc/Practice/DataScience/DSProject/venv/lib/python3.10/site-packages/airflow/example_dags/example_trigger_controller_dag.py
[2023-12-17T08:24:22.151+0700] {logging_mixin.py:154} INFO - [2023-12-17T08:24:22.151+0700] {dag.py:2941} INFO - Sync 1 DAGs
[2023-12-17T08:24:22.161+0700] {logging_mixin.py:154} INFO - [2023-12-17T08:24:22.161+0700] {dag.py:3722} INFO - Setting next_dagrun for example_trigger_controller_dag to 2021-01-01T00:00:00+00:00, run_after=2021-01-01T00:00:00+00:00
[2023-12-17T08:24:22.173+0700] {processor.py:179} INFO - Processing /home/phuc/Practice/DataScience/DSProject/venv/lib/python3.10/site-packages/airflow/example_dags/example_trigger_controller_dag.py took 0.054 seconds
[2023-12-17T08:25:03.413+0700] {processor.py:157} INFO - Started process (PID=319988) to work on /home/phuc/Practice/DataScience/DSProject/venv/lib/python3.10/site-packages/airflow/example_dags/example_trigger_controller_dag.py
[2023-12-17T08:25:03.421+0700] {processor.py:829} INFO - Processing file /home/phuc/Practice/DataScience/DSProject/venv/lib/python3.10/site-packages/airflow/example_dags/example_trigger_controller_dag.py for tasks to queue
[2023-12-17T08:25:03.422+0700] {logging_mixin.py:154} INFO - [2023-12-17T08:25:03.422+0700] {dagbag.py:536} INFO - Filling up the DagBag from /home/phuc/Practice/DataScience/DSProject/venv/lib/python3.10/site-packages/airflow/example_dags/example_trigger_controller_dag.py
[2023-12-17T08:25:03.429+0700] {processor.py:839} INFO - DAG(s) dict_keys(['example_trigger_controller_dag']) retrieved from /home/phuc/Practice/DataScience/DSProject/venv/lib/python3.10/site-packages/airflow/example_dags/example_trigger_controller_dag.py
[2023-12-17T08:25:03.441+0700] {logging_mixin.py:154} INFO - [2023-12-17T08:25:03.441+0700] {dag.py:2941} INFO - Sync 1 DAGs
[2023-12-17T08:25:03.450+0700] {logging_mixin.py:154} INFO - [2023-12-17T08:25:03.450+0700] {dag.py:3722} INFO - Setting next_dagrun for example_trigger_controller_dag to 2021-01-01T00:00:00+00:00, run_after=2021-01-01T00:00:00+00:00
[2023-12-17T08:25:03.462+0700] {processor.py:179} INFO - Processing /home/phuc/Practice/DataScience/DSProject/venv/lib/python3.10/site-packages/airflow/example_dags/example_trigger_controller_dag.py took 0.054 seconds
[2023-12-17T08:25:54.212+0700] {processor.py:157} INFO - Started process (PID=320212) to work on /home/phuc/Practice/DataScience/DSProject/venv/lib/python3.10/site-packages/airflow/example_dags/example_trigger_controller_dag.py
[2023-12-17T08:25:54.219+0700] {processor.py:829} INFO - Processing file /home/phuc/Practice/DataScience/DSProject/venv/lib/python3.10/site-packages/airflow/example_dags/example_trigger_controller_dag.py for tasks to queue
[2023-12-17T08:25:54.221+0700] {logging_mixin.py:154} INFO - [2023-12-17T08:25:54.220+0700] {dagbag.py:536} INFO - Filling up the DagBag from /home/phuc/Practice/DataScience/DSProject/venv/lib/python3.10/site-packages/airflow/example_dags/example_trigger_controller_dag.py
[2023-12-17T08:25:54.225+0700] {processor.py:839} INFO - DAG(s) dict_keys(['example_trigger_controller_dag']) retrieved from /home/phuc/Practice/DataScience/DSProject/venv/lib/python3.10/site-packages/airflow/example_dags/example_trigger_controller_dag.py
[2023-12-17T08:25:54.234+0700] {logging_mixin.py:154} INFO - [2023-12-17T08:25:54.234+0700] {dag.py:2941} INFO - Sync 1 DAGs
[2023-12-17T08:25:54.244+0700] {logging_mixin.py:154} INFO - [2023-12-17T08:25:54.243+0700] {dag.py:3722} INFO - Setting next_dagrun for example_trigger_controller_dag to 2021-01-01T00:00:00+00:00, run_after=2021-01-01T00:00:00+00:00
[2023-12-17T08:25:54.255+0700] {processor.py:179} INFO - Processing /home/phuc/Practice/DataScience/DSProject/venv/lib/python3.10/site-packages/airflow/example_dags/example_trigger_controller_dag.py took 0.044 seconds
[2023-12-17T08:26:44.109+0700] {processor.py:157} INFO - Started process (PID=320511) to work on /home/phuc/Practice/DataScience/DSProject/venv/lib/python3.10/site-packages/airflow/example_dags/example_trigger_controller_dag.py
[2023-12-17T08:26:44.116+0700] {processor.py:829} INFO - Processing file /home/phuc/Practice/DataScience/DSProject/venv/lib/python3.10/site-packages/airflow/example_dags/example_trigger_controller_dag.py for tasks to queue
[2023-12-17T08:26:44.118+0700] {logging_mixin.py:154} INFO - [2023-12-17T08:26:44.117+0700] {dagbag.py:536} INFO - Filling up the DagBag from /home/phuc/Practice/DataScience/DSProject/venv/lib/python3.10/site-packages/airflow/example_dags/example_trigger_controller_dag.py
[2023-12-17T08:26:44.124+0700] {processor.py:839} INFO - DAG(s) dict_keys(['example_trigger_controller_dag']) retrieved from /home/phuc/Practice/DataScience/DSProject/venv/lib/python3.10/site-packages/airflow/example_dags/example_trigger_controller_dag.py
[2023-12-17T08:26:44.137+0700] {logging_mixin.py:154} INFO - [2023-12-17T08:26:44.136+0700] {dag.py:2941} INFO - Sync 1 DAGs
[2023-12-17T08:26:44.147+0700] {logging_mixin.py:154} INFO - [2023-12-17T08:26:44.146+0700] {dag.py:3722} INFO - Setting next_dagrun for example_trigger_controller_dag to 2021-01-01T00:00:00+00:00, run_after=2021-01-01T00:00:00+00:00
[2023-12-17T08:26:44.159+0700] {processor.py:179} INFO - Processing /home/phuc/Practice/DataScience/DSProject/venv/lib/python3.10/site-packages/airflow/example_dags/example_trigger_controller_dag.py took 0.052 seconds
[2023-12-17T08:27:35.926+0700] {processor.py:157} INFO - Started process (PID=320736) to work on /home/phuc/Practice/DataScience/DSProject/venv/lib/python3.10/site-packages/airflow/example_dags/example_trigger_controller_dag.py
[2023-12-17T08:27:35.933+0700] {processor.py:829} INFO - Processing file /home/phuc/Practice/DataScience/DSProject/venv/lib/python3.10/site-packages/airflow/example_dags/example_trigger_controller_dag.py for tasks to queue
[2023-12-17T08:27:35.934+0700] {logging_mixin.py:154} INFO - [2023-12-17T08:27:35.934+0700] {dagbag.py:536} INFO - Filling up the DagBag from /home/phuc/Practice/DataScience/DSProject/venv/lib/python3.10/site-packages/airflow/example_dags/example_trigger_controller_dag.py
[2023-12-17T08:27:35.941+0700] {processor.py:839} INFO - DAG(s) dict_keys(['example_trigger_controller_dag']) retrieved from /home/phuc/Practice/DataScience/DSProject/venv/lib/python3.10/site-packages/airflow/example_dags/example_trigger_controller_dag.py
[2023-12-17T08:27:35.954+0700] {logging_mixin.py:154} INFO - [2023-12-17T08:27:35.954+0700] {dag.py:2941} INFO - Sync 1 DAGs
[2023-12-17T08:27:35.963+0700] {logging_mixin.py:154} INFO - [2023-12-17T08:27:35.963+0700] {dag.py:3722} INFO - Setting next_dagrun for example_trigger_controller_dag to 2021-01-01T00:00:00+00:00, run_after=2021-01-01T00:00:00+00:00
[2023-12-17T08:27:35.974+0700] {processor.py:179} INFO - Processing /home/phuc/Practice/DataScience/DSProject/venv/lib/python3.10/site-packages/airflow/example_dags/example_trigger_controller_dag.py took 0.051 seconds
[2023-12-17T08:28:22.649+0700] {processor.py:157} INFO - Started process (PID=320937) to work on /home/phuc/Practice/DataScience/DSProject/venv/lib/python3.10/site-packages/airflow/example_dags/example_trigger_controller_dag.py
[2023-12-17T08:28:22.657+0700] {processor.py:829} INFO - Processing file /home/phuc/Practice/DataScience/DSProject/venv/lib/python3.10/site-packages/airflow/example_dags/example_trigger_controller_dag.py for tasks to queue
[2023-12-17T08:28:22.657+0700] {logging_mixin.py:154} INFO - [2023-12-17T08:28:22.657+0700] {dagbag.py:536} INFO - Filling up the DagBag from /home/phuc/Practice/DataScience/DSProject/venv/lib/python3.10/site-packages/airflow/example_dags/example_trigger_controller_dag.py
[2023-12-17T08:28:22.661+0700] {processor.py:839} INFO - DAG(s) dict_keys(['example_trigger_controller_dag']) retrieved from /home/phuc/Practice/DataScience/DSProject/venv/lib/python3.10/site-packages/airflow/example_dags/example_trigger_controller_dag.py
[2023-12-17T08:28:22.674+0700] {logging_mixin.py:154} INFO - [2023-12-17T08:28:22.674+0700] {dag.py:2941} INFO - Sync 1 DAGs
[2023-12-17T08:28:22.688+0700] {logging_mixin.py:154} INFO - [2023-12-17T08:28:22.688+0700] {dag.py:3722} INFO - Setting next_dagrun for example_trigger_controller_dag to 2021-01-01T00:00:00+00:00, run_after=2021-01-01T00:00:00+00:00
[2023-12-17T08:28:22.706+0700] {processor.py:179} INFO - Processing /home/phuc/Practice/DataScience/DSProject/venv/lib/python3.10/site-packages/airflow/example_dags/example_trigger_controller_dag.py took 0.060 seconds
[2023-12-17T08:29:10.160+0700] {processor.py:157} INFO - Started process (PID=321158) to work on /home/phuc/Practice/DataScience/DSProject/venv/lib/python3.10/site-packages/airflow/example_dags/example_trigger_controller_dag.py
[2023-12-17T08:29:10.167+0700] {processor.py:829} INFO - Processing file /home/phuc/Practice/DataScience/DSProject/venv/lib/python3.10/site-packages/airflow/example_dags/example_trigger_controller_dag.py for tasks to queue
[2023-12-17T08:29:10.168+0700] {logging_mixin.py:154} INFO - [2023-12-17T08:29:10.168+0700] {dagbag.py:536} INFO - Filling up the DagBag from /home/phuc/Practice/DataScience/DSProject/venv/lib/python3.10/site-packages/airflow/example_dags/example_trigger_controller_dag.py
[2023-12-17T08:29:10.173+0700] {processor.py:839} INFO - DAG(s) dict_keys(['example_trigger_controller_dag']) retrieved from /home/phuc/Practice/DataScience/DSProject/venv/lib/python3.10/site-packages/airflow/example_dags/example_trigger_controller_dag.py
[2023-12-17T08:29:10.181+0700] {logging_mixin.py:154} INFO - [2023-12-17T08:29:10.181+0700] {dag.py:2941} INFO - Sync 1 DAGs
[2023-12-17T08:29:10.189+0700] {logging_mixin.py:154} INFO - [2023-12-17T08:29:10.189+0700] {dag.py:3722} INFO - Setting next_dagrun for example_trigger_controller_dag to 2021-01-01T00:00:00+00:00, run_after=2021-01-01T00:00:00+00:00
[2023-12-17T08:29:10.199+0700] {processor.py:179} INFO - Processing /home/phuc/Practice/DataScience/DSProject/venv/lib/python3.10/site-packages/airflow/example_dags/example_trigger_controller_dag.py took 0.041 seconds
[2023-12-17T08:29:47.125+0700] {processor.py:157} INFO - Started process (PID=321316) to work on /home/phuc/Practice/DataScience/DSProject/venv/lib/python3.10/site-packages/airflow/example_dags/example_trigger_controller_dag.py
[2023-12-17T08:29:47.132+0700] {processor.py:829} INFO - Processing file /home/phuc/Practice/DataScience/DSProject/venv/lib/python3.10/site-packages/airflow/example_dags/example_trigger_controller_dag.py for tasks to queue
[2023-12-17T08:29:47.133+0700] {logging_mixin.py:154} INFO - [2023-12-17T08:29:47.133+0700] {dagbag.py:536} INFO - Filling up the DagBag from /home/phuc/Practice/DataScience/DSProject/venv/lib/python3.10/site-packages/airflow/example_dags/example_trigger_controller_dag.py
[2023-12-17T08:29:47.138+0700] {processor.py:839} INFO - DAG(s) dict_keys(['example_trigger_controller_dag']) retrieved from /home/phuc/Practice/DataScience/DSProject/venv/lib/python3.10/site-packages/airflow/example_dags/example_trigger_controller_dag.py
[2023-12-17T08:29:47.146+0700] {logging_mixin.py:154} INFO - [2023-12-17T08:29:47.146+0700] {dag.py:2941} INFO - Sync 1 DAGs
[2023-12-17T08:29:47.154+0700] {logging_mixin.py:154} INFO - [2023-12-17T08:29:47.154+0700] {dag.py:3722} INFO - Setting next_dagrun for example_trigger_controller_dag to 2021-01-01T00:00:00+00:00, run_after=2021-01-01T00:00:00+00:00
[2023-12-17T08:29:47.163+0700] {processor.py:179} INFO - Processing /home/phuc/Practice/DataScience/DSProject/venv/lib/python3.10/site-packages/airflow/example_dags/example_trigger_controller_dag.py took 0.040 seconds
[2023-12-17T08:30:37.567+0700] {processor.py:157} INFO - Started process (PID=321570) to work on /home/phuc/Practice/DataScience/DSProject/venv/lib/python3.10/site-packages/airflow/example_dags/example_trigger_controller_dag.py
[2023-12-17T08:30:37.568+0700] {processor.py:829} INFO - Processing file /home/phuc/Practice/DataScience/DSProject/venv/lib/python3.10/site-packages/airflow/example_dags/example_trigger_controller_dag.py for tasks to queue
[2023-12-17T08:30:37.569+0700] {logging_mixin.py:154} INFO - [2023-12-17T08:30:37.569+0700] {dagbag.py:536} INFO - Filling up the DagBag from /home/phuc/Practice/DataScience/DSProject/venv/lib/python3.10/site-packages/airflow/example_dags/example_trigger_controller_dag.py
[2023-12-17T08:30:37.571+0700] {processor.py:839} INFO - DAG(s) dict_keys(['example_trigger_controller_dag']) retrieved from /home/phuc/Practice/DataScience/DSProject/venv/lib/python3.10/site-packages/airflow/example_dags/example_trigger_controller_dag.py
[2023-12-17T08:30:37.579+0700] {logging_mixin.py:154} INFO - [2023-12-17T08:30:37.579+0700] {dag.py:2941} INFO - Sync 1 DAGs
[2023-12-17T08:30:37.587+0700] {logging_mixin.py:154} INFO - [2023-12-17T08:30:37.586+0700] {dag.py:3722} INFO - Setting next_dagrun for example_trigger_controller_dag to 2021-01-01T00:00:00+00:00, run_after=2021-01-01T00:00:00+00:00
[2023-12-17T08:30:37.596+0700] {processor.py:179} INFO - Processing /home/phuc/Practice/DataScience/DSProject/venv/lib/python3.10/site-packages/airflow/example_dags/example_trigger_controller_dag.py took 0.031 seconds
[2023-12-17T08:31:29.534+0700] {processor.py:157} INFO - Started process (PID=321930) to work on /home/phuc/Practice/DataScience/DSProject/venv/lib/python3.10/site-packages/airflow/example_dags/example_trigger_controller_dag.py
[2023-12-17T08:31:29.541+0700] {processor.py:829} INFO - Processing file /home/phuc/Practice/DataScience/DSProject/venv/lib/python3.10/site-packages/airflow/example_dags/example_trigger_controller_dag.py for tasks to queue
[2023-12-17T08:31:29.541+0700] {logging_mixin.py:154} INFO - [2023-12-17T08:31:29.541+0700] {dagbag.py:536} INFO - Filling up the DagBag from /home/phuc/Practice/DataScience/DSProject/venv/lib/python3.10/site-packages/airflow/example_dags/example_trigger_controller_dag.py
[2023-12-17T08:31:29.543+0700] {processor.py:839} INFO - DAG(s) dict_keys(['example_trigger_controller_dag']) retrieved from /home/phuc/Practice/DataScience/DSProject/venv/lib/python3.10/site-packages/airflow/example_dags/example_trigger_controller_dag.py
[2023-12-17T08:31:29.553+0700] {logging_mixin.py:154} INFO - [2023-12-17T08:31:29.552+0700] {dag.py:2941} INFO - Sync 1 DAGs
[2023-12-17T08:31:29.562+0700] {logging_mixin.py:154} INFO - [2023-12-17T08:31:29.562+0700] {dag.py:3722} INFO - Setting next_dagrun for example_trigger_controller_dag to 2021-01-01T00:00:00+00:00, run_after=2021-01-01T00:00:00+00:00
[2023-12-17T08:31:29.573+0700] {processor.py:179} INFO - Processing /home/phuc/Practice/DataScience/DSProject/venv/lib/python3.10/site-packages/airflow/example_dags/example_trigger_controller_dag.py took 0.041 seconds
[2023-12-17T08:32:48.016+0700] {processor.py:157} INFO - Started process (PID=322991) to work on /home/phuc/Practice/DataScience/DSProject/venv/lib/python3.10/site-packages/airflow/example_dags/example_trigger_controller_dag.py
[2023-12-17T08:32:48.016+0700] {processor.py:829} INFO - Processing file /home/phuc/Practice/DataScience/DSProject/venv/lib/python3.10/site-packages/airflow/example_dags/example_trigger_controller_dag.py for tasks to queue
[2023-12-17T08:32:48.017+0700] {logging_mixin.py:154} INFO - [2023-12-17T08:32:48.017+0700] {dagbag.py:536} INFO - Filling up the DagBag from /home/phuc/Practice/DataScience/DSProject/venv/lib/python3.10/site-packages/airflow/example_dags/example_trigger_controller_dag.py
[2023-12-17T08:32:48.019+0700] {processor.py:839} INFO - DAG(s) dict_keys(['example_trigger_controller_dag']) retrieved from /home/phuc/Practice/DataScience/DSProject/venv/lib/python3.10/site-packages/airflow/example_dags/example_trigger_controller_dag.py
[2023-12-17T08:32:48.028+0700] {logging_mixin.py:154} INFO - [2023-12-17T08:32:48.028+0700] {dag.py:2941} INFO - Sync 1 DAGs
[2023-12-17T08:32:48.037+0700] {logging_mixin.py:154} INFO - [2023-12-17T08:32:48.037+0700] {dag.py:3722} INFO - Setting next_dagrun for example_trigger_controller_dag to 2021-01-01T00:00:00+00:00, run_after=2021-01-01T00:00:00+00:00
[2023-12-17T08:32:48.047+0700] {processor.py:179} INFO - Processing /home/phuc/Practice/DataScience/DSProject/venv/lib/python3.10/site-packages/airflow/example_dags/example_trigger_controller_dag.py took 0.033 seconds
[2023-12-17T08:33:30.367+0700] {processor.py:157} INFO - Started process (PID=323203) to work on /home/phuc/Practice/DataScience/DSProject/venv/lib/python3.10/site-packages/airflow/example_dags/example_trigger_controller_dag.py
[2023-12-17T08:33:30.374+0700] {processor.py:829} INFO - Processing file /home/phuc/Practice/DataScience/DSProject/venv/lib/python3.10/site-packages/airflow/example_dags/example_trigger_controller_dag.py for tasks to queue
[2023-12-17T08:33:30.376+0700] {logging_mixin.py:154} INFO - [2023-12-17T08:33:30.375+0700] {dagbag.py:536} INFO - Filling up the DagBag from /home/phuc/Practice/DataScience/DSProject/venv/lib/python3.10/site-packages/airflow/example_dags/example_trigger_controller_dag.py
[2023-12-17T08:33:30.382+0700] {processor.py:839} INFO - DAG(s) dict_keys(['example_trigger_controller_dag']) retrieved from /home/phuc/Practice/DataScience/DSProject/venv/lib/python3.10/site-packages/airflow/example_dags/example_trigger_controller_dag.py
[2023-12-17T08:33:30.394+0700] {logging_mixin.py:154} INFO - [2023-12-17T08:33:30.394+0700] {dag.py:2941} INFO - Sync 1 DAGs
[2023-12-17T08:33:30.402+0700] {logging_mixin.py:154} INFO - [2023-12-17T08:33:30.402+0700] {dag.py:3722} INFO - Setting next_dagrun for example_trigger_controller_dag to 2021-01-01T00:00:00+00:00, run_after=2021-01-01T00:00:00+00:00
[2023-12-17T08:33:30.411+0700] {processor.py:179} INFO - Processing /home/phuc/Practice/DataScience/DSProject/venv/lib/python3.10/site-packages/airflow/example_dags/example_trigger_controller_dag.py took 0.049 seconds
[2023-12-17T08:34:19.442+0700] {processor.py:157} INFO - Started process (PID=323568) to work on /home/phuc/Practice/DataScience/DSProject/venv/lib/python3.10/site-packages/airflow/example_dags/example_trigger_controller_dag.py
[2023-12-17T08:34:19.449+0700] {processor.py:829} INFO - Processing file /home/phuc/Practice/DataScience/DSProject/venv/lib/python3.10/site-packages/airflow/example_dags/example_trigger_controller_dag.py for tasks to queue
[2023-12-17T08:34:19.449+0700] {logging_mixin.py:154} INFO - [2023-12-17T08:34:19.449+0700] {dagbag.py:536} INFO - Filling up the DagBag from /home/phuc/Practice/DataScience/DSProject/venv/lib/python3.10/site-packages/airflow/example_dags/example_trigger_controller_dag.py
[2023-12-17T08:34:19.453+0700] {processor.py:839} INFO - DAG(s) dict_keys(['example_trigger_controller_dag']) retrieved from /home/phuc/Practice/DataScience/DSProject/venv/lib/python3.10/site-packages/airflow/example_dags/example_trigger_controller_dag.py
[2023-12-17T08:34:19.461+0700] {logging_mixin.py:154} INFO - [2023-12-17T08:34:19.461+0700] {dag.py:2941} INFO - Sync 1 DAGs
[2023-12-17T08:34:19.472+0700] {logging_mixin.py:154} INFO - [2023-12-17T08:34:19.471+0700] {dag.py:3722} INFO - Setting next_dagrun for example_trigger_controller_dag to 2021-01-01T00:00:00+00:00, run_after=2021-01-01T00:00:00+00:00
[2023-12-17T08:34:19.482+0700] {processor.py:179} INFO - Processing /home/phuc/Practice/DataScience/DSProject/venv/lib/python3.10/site-packages/airflow/example_dags/example_trigger_controller_dag.py took 0.042 seconds
[2023-12-17T08:34:56.246+0700] {processor.py:157} INFO - Started process (PID=323928) to work on /home/phuc/Practice/DataScience/DSProject/venv/lib/python3.10/site-packages/airflow/example_dags/example_trigger_controller_dag.py
[2023-12-17T08:34:56.253+0700] {processor.py:829} INFO - Processing file /home/phuc/Practice/DataScience/DSProject/venv/lib/python3.10/site-packages/airflow/example_dags/example_trigger_controller_dag.py for tasks to queue
[2023-12-17T08:34:56.254+0700] {logging_mixin.py:154} INFO - [2023-12-17T08:34:56.254+0700] {dagbag.py:536} INFO - Filling up the DagBag from /home/phuc/Practice/DataScience/DSProject/venv/lib/python3.10/site-packages/airflow/example_dags/example_trigger_controller_dag.py
[2023-12-17T08:34:56.256+0700] {processor.py:839} INFO - DAG(s) dict_keys(['example_trigger_controller_dag']) retrieved from /home/phuc/Practice/DataScience/DSProject/venv/lib/python3.10/site-packages/airflow/example_dags/example_trigger_controller_dag.py
[2023-12-17T08:34:56.266+0700] {logging_mixin.py:154} INFO - [2023-12-17T08:34:56.266+0700] {dag.py:2941} INFO - Sync 1 DAGs
[2023-12-17T08:34:56.275+0700] {logging_mixin.py:154} INFO - [2023-12-17T08:34:56.275+0700] {dag.py:3722} INFO - Setting next_dagrun for example_trigger_controller_dag to 2021-01-01T00:00:00+00:00, run_after=2021-01-01T00:00:00+00:00
[2023-12-17T08:34:56.285+0700] {processor.py:179} INFO - Processing /home/phuc/Practice/DataScience/DSProject/venv/lib/python3.10/site-packages/airflow/example_dags/example_trigger_controller_dag.py took 0.041 seconds
[2023-12-17T08:35:34.407+0700] {processor.py:157} INFO - Started process (PID=324134) to work on /home/phuc/Practice/DataScience/DSProject/venv/lib/python3.10/site-packages/airflow/example_dags/example_trigger_controller_dag.py
[2023-12-17T08:35:34.414+0700] {processor.py:829} INFO - Processing file /home/phuc/Practice/DataScience/DSProject/venv/lib/python3.10/site-packages/airflow/example_dags/example_trigger_controller_dag.py for tasks to queue
[2023-12-17T08:35:34.414+0700] {logging_mixin.py:154} INFO - [2023-12-17T08:35:34.414+0700] {dagbag.py:536} INFO - Filling up the DagBag from /home/phuc/Practice/DataScience/DSProject/venv/lib/python3.10/site-packages/airflow/example_dags/example_trigger_controller_dag.py
[2023-12-17T08:35:34.417+0700] {processor.py:839} INFO - DAG(s) dict_keys(['example_trigger_controller_dag']) retrieved from /home/phuc/Practice/DataScience/DSProject/venv/lib/python3.10/site-packages/airflow/example_dags/example_trigger_controller_dag.py
[2023-12-17T08:35:34.427+0700] {logging_mixin.py:154} INFO - [2023-12-17T08:35:34.427+0700] {dag.py:2941} INFO - Sync 1 DAGs
[2023-12-17T08:35:34.435+0700] {logging_mixin.py:154} INFO - [2023-12-17T08:35:34.435+0700] {dag.py:3722} INFO - Setting next_dagrun for example_trigger_controller_dag to 2021-01-01T00:00:00+00:00, run_after=2021-01-01T00:00:00+00:00
[2023-12-17T08:35:34.445+0700] {processor.py:179} INFO - Processing /home/phuc/Practice/DataScience/DSProject/venv/lib/python3.10/site-packages/airflow/example_dags/example_trigger_controller_dag.py took 0.039 seconds
