[2023-12-17T08:03:25.120+0700] {processor.py:157} INFO - Started process (PID=309767) to work on /home/phuc/Practice/DataScience/DSProject/venv/lib/python3.10/site-packages/airflow/example_dags/example_task_group_decorator.py
[2023-12-17T08:03:25.122+0700] {processor.py:829} INFO - Processing file /home/phuc/Practice/DataScience/DSProject/venv/lib/python3.10/site-packages/airflow/example_dags/example_task_group_decorator.py for tasks to queue
[2023-12-17T08:03:25.123+0700] {logging_mixin.py:154} INFO - [2023-12-17T08:03:25.122+0700] {dagbag.py:536} INFO - Filling up the DagBag from /home/phuc/Practice/DataScience/DSProject/venv/lib/python3.10/site-packages/airflow/example_dags/example_task_group_decorator.py
[2023-12-17T08:03:25.139+0700] {processor.py:839} INFO - DAG(s) dict_keys(['example_task_group_decorator']) retrieved from /home/phuc/Practice/DataScience/DSProject/venv/lib/python3.10/site-packages/airflow/example_dags/example_task_group_decorator.py
[2023-12-17T08:03:25.206+0700] {logging_mixin.py:154} INFO - [2023-12-17T08:03:25.205+0700] {manager.py:499} INFO - Created Permission View: %s
[2023-12-17T08:03:25.213+0700] {logging_mixin.py:154} INFO - [2023-12-17T08:03:25.213+0700] {manager.py:499} INFO - Created Permission View: %s
[2023-12-17T08:03:25.219+0700] {logging_mixin.py:154} INFO - [2023-12-17T08:03:25.218+0700] {manager.py:499} INFO - Created Permission View: %s
[2023-12-17T08:03:25.219+0700] {logging_mixin.py:154} INFO - [2023-12-17T08:03:25.219+0700] {dag.py:2941} INFO - Sync 1 DAGs
[2023-12-17T08:03:25.226+0700] {logging_mixin.py:154} INFO - [2023-12-17T08:03:25.226+0700] {dag.py:2963} INFO - Creating ORM DAG for example_task_group_decorator
[2023-12-17T08:03:25.231+0700] {logging_mixin.py:154} INFO - [2023-12-17T08:03:25.231+0700] {dag.py:3722} INFO - Setting next_dagrun for example_task_group_decorator to 2023-12-16T01:03:25.231679+00:00, run_after=2023-12-17T01:03:25.231679+00:00
[2023-12-17T08:03:25.245+0700] {processor.py:179} INFO - Processing /home/phuc/Practice/DataScience/DSProject/venv/lib/python3.10/site-packages/airflow/example_dags/example_task_group_decorator.py took 0.130 seconds
[2023-12-17T08:05:39.995+0700] {processor.py:157} INFO - Started process (PID=311013) to work on /home/phuc/Practice/DataScience/DSProject/venv/lib/python3.10/site-packages/airflow/example_dags/example_task_group_decorator.py
[2023-12-17T08:05:40.002+0700] {processor.py:829} INFO - Processing file /home/phuc/Practice/DataScience/DSProject/venv/lib/python3.10/site-packages/airflow/example_dags/example_task_group_decorator.py for tasks to queue
[2023-12-17T08:05:40.003+0700] {logging_mixin.py:154} INFO - [2023-12-17T08:05:40.003+0700] {dagbag.py:536} INFO - Filling up the DagBag from /home/phuc/Practice/DataScience/DSProject/venv/lib/python3.10/site-packages/airflow/example_dags/example_task_group_decorator.py
[2023-12-17T08:05:40.014+0700] {processor.py:839} INFO - DAG(s) dict_keys(['example_task_group_decorator']) retrieved from /home/phuc/Practice/DataScience/DSProject/venv/lib/python3.10/site-packages/airflow/example_dags/example_task_group_decorator.py
[2023-12-17T08:05:40.030+0700] {logging_mixin.py:154} INFO - [2023-12-17T08:05:40.030+0700] {dag.py:2941} INFO - Sync 1 DAGs
[2023-12-17T08:05:40.042+0700] {logging_mixin.py:154} INFO - [2023-12-17T08:05:40.042+0700] {dag.py:3722} INFO - Setting next_dagrun for example_task_group_decorator to 2023-12-16T01:05:40.042430+00:00, run_after=2023-12-17T01:05:40.042430+00:00
[2023-12-17T08:05:40.060+0700] {processor.py:179} INFO - Processing /home/phuc/Practice/DataScience/DSProject/venv/lib/python3.10/site-packages/airflow/example_dags/example_task_group_decorator.py took 0.068 seconds
[2023-12-17T08:06:28.061+0700] {processor.py:157} INFO - Started process (PID=311518) to work on /home/phuc/Practice/DataScience/DSProject/venv/lib/python3.10/site-packages/airflow/example_dags/example_task_group_decorator.py
[2023-12-17T08:06:28.069+0700] {processor.py:829} INFO - Processing file /home/phuc/Practice/DataScience/DSProject/venv/lib/python3.10/site-packages/airflow/example_dags/example_task_group_decorator.py for tasks to queue
[2023-12-17T08:06:28.070+0700] {logging_mixin.py:154} INFO - [2023-12-17T08:06:28.069+0700] {dagbag.py:536} INFO - Filling up the DagBag from /home/phuc/Practice/DataScience/DSProject/venv/lib/python3.10/site-packages/airflow/example_dags/example_task_group_decorator.py
[2023-12-17T08:06:28.086+0700] {processor.py:839} INFO - DAG(s) dict_keys(['example_task_group_decorator']) retrieved from /home/phuc/Practice/DataScience/DSProject/venv/lib/python3.10/site-packages/airflow/example_dags/example_task_group_decorator.py
[2023-12-17T08:06:28.100+0700] {logging_mixin.py:154} INFO - [2023-12-17T08:06:28.100+0700] {dag.py:2941} INFO - Sync 1 DAGs
[2023-12-17T08:06:28.113+0700] {logging_mixin.py:154} INFO - [2023-12-17T08:06:28.112+0700] {dag.py:3722} INFO - Setting next_dagrun for example_task_group_decorator to 2023-12-16T01:06:28.112740+00:00, run_after=2023-12-17T01:06:28.112740+00:00
[2023-12-17T08:06:28.128+0700] {processor.py:179} INFO - Processing /home/phuc/Practice/DataScience/DSProject/venv/lib/python3.10/site-packages/airflow/example_dags/example_task_group_decorator.py took 0.069 seconds
[2023-12-17T08:07:14.464+0700] {processor.py:157} INFO - Started process (PID=312022) to work on /home/phuc/Practice/DataScience/DSProject/venv/lib/python3.10/site-packages/airflow/example_dags/example_task_group_decorator.py
[2023-12-17T08:07:14.471+0700] {processor.py:829} INFO - Processing file /home/phuc/Practice/DataScience/DSProject/venv/lib/python3.10/site-packages/airflow/example_dags/example_task_group_decorator.py for tasks to queue
[2023-12-17T08:07:14.472+0700] {logging_mixin.py:154} INFO - [2023-12-17T08:07:14.471+0700] {dagbag.py:536} INFO - Filling up the DagBag from /home/phuc/Practice/DataScience/DSProject/venv/lib/python3.10/site-packages/airflow/example_dags/example_task_group_decorator.py
[2023-12-17T08:07:14.484+0700] {processor.py:839} INFO - DAG(s) dict_keys(['example_task_group_decorator']) retrieved from /home/phuc/Practice/DataScience/DSProject/venv/lib/python3.10/site-packages/airflow/example_dags/example_task_group_decorator.py
[2023-12-17T08:07:14.499+0700] {logging_mixin.py:154} INFO - [2023-12-17T08:07:14.499+0700] {dag.py:2941} INFO - Sync 1 DAGs
[2023-12-17T08:07:14.512+0700] {logging_mixin.py:154} INFO - [2023-12-17T08:07:14.512+0700] {dag.py:3722} INFO - Setting next_dagrun for example_task_group_decorator to 2023-12-16T01:07:14.512048+00:00, run_after=2023-12-17T01:07:14.512048+00:00
[2023-12-17T08:07:14.527+0700] {processor.py:179} INFO - Processing /home/phuc/Practice/DataScience/DSProject/venv/lib/python3.10/site-packages/airflow/example_dags/example_task_group_decorator.py took 0.065 seconds
[2023-12-17T08:08:37.516+0700] {processor.py:157} INFO - Started process (PID=313129) to work on /home/phuc/Practice/DataScience/DSProject/venv/lib/python3.10/site-packages/airflow/example_dags/example_task_group_decorator.py
[2023-12-17T08:08:37.523+0700] {processor.py:829} INFO - Processing file /home/phuc/Practice/DataScience/DSProject/venv/lib/python3.10/site-packages/airflow/example_dags/example_task_group_decorator.py for tasks to queue
[2023-12-17T08:08:37.524+0700] {logging_mixin.py:154} INFO - [2023-12-17T08:08:37.523+0700] {dagbag.py:536} INFO - Filling up the DagBag from /home/phuc/Practice/DataScience/DSProject/venv/lib/python3.10/site-packages/airflow/example_dags/example_task_group_decorator.py
[2023-12-17T08:08:37.540+0700] {processor.py:839} INFO - DAG(s) dict_keys(['example_task_group_decorator']) retrieved from /home/phuc/Practice/DataScience/DSProject/venv/lib/python3.10/site-packages/airflow/example_dags/example_task_group_decorator.py
[2023-12-17T08:08:37.552+0700] {logging_mixin.py:154} INFO - [2023-12-17T08:08:37.552+0700] {dag.py:2941} INFO - Sync 1 DAGs
[2023-12-17T08:08:37.562+0700] {logging_mixin.py:154} INFO - [2023-12-17T08:08:37.562+0700] {dag.py:3722} INFO - Setting next_dagrun for example_task_group_decorator to 2023-12-16T01:08:37.561997+00:00, run_after=2023-12-17T01:08:37.561997+00:00
[2023-12-17T08:08:37.573+0700] {processor.py:179} INFO - Processing /home/phuc/Practice/DataScience/DSProject/venv/lib/python3.10/site-packages/airflow/example_dags/example_task_group_decorator.py took 0.060 seconds
[2023-12-17T08:09:23.866+0700] {processor.py:157} INFO - Started process (PID=313449) to work on /home/phuc/Practice/DataScience/DSProject/venv/lib/python3.10/site-packages/airflow/example_dags/example_task_group_decorator.py
[2023-12-17T08:09:23.873+0700] {processor.py:829} INFO - Processing file /home/phuc/Practice/DataScience/DSProject/venv/lib/python3.10/site-packages/airflow/example_dags/example_task_group_decorator.py for tasks to queue
[2023-12-17T08:09:23.875+0700] {logging_mixin.py:154} INFO - [2023-12-17T08:09:23.874+0700] {dagbag.py:536} INFO - Filling up the DagBag from /home/phuc/Practice/DataScience/DSProject/venv/lib/python3.10/site-packages/airflow/example_dags/example_task_group_decorator.py
[2023-12-17T08:09:23.892+0700] {processor.py:839} INFO - DAG(s) dict_keys(['example_task_group_decorator']) retrieved from /home/phuc/Practice/DataScience/DSProject/venv/lib/python3.10/site-packages/airflow/example_dags/example_task_group_decorator.py
[2023-12-17T08:09:23.902+0700] {logging_mixin.py:154} INFO - [2023-12-17T08:09:23.902+0700] {dag.py:2941} INFO - Sync 1 DAGs
[2023-12-17T08:09:23.912+0700] {logging_mixin.py:154} INFO - [2023-12-17T08:09:23.912+0700] {dag.py:3722} INFO - Setting next_dagrun for example_task_group_decorator to 2023-12-16T01:09:23.912012+00:00, run_after=2023-12-17T01:09:23.912012+00:00
[2023-12-17T08:09:23.924+0700] {processor.py:179} INFO - Processing /home/phuc/Practice/DataScience/DSProject/venv/lib/python3.10/site-packages/airflow/example_dags/example_task_group_decorator.py took 0.061 seconds
[2023-12-17T08:10:10.967+0700] {processor.py:157} INFO - Started process (PID=313798) to work on /home/phuc/Practice/DataScience/DSProject/venv/lib/python3.10/site-packages/airflow/example_dags/example_task_group_decorator.py
[2023-12-17T08:10:10.974+0700] {processor.py:829} INFO - Processing file /home/phuc/Practice/DataScience/DSProject/venv/lib/python3.10/site-packages/airflow/example_dags/example_task_group_decorator.py for tasks to queue
[2023-12-17T08:10:10.975+0700] {logging_mixin.py:154} INFO - [2023-12-17T08:10:10.974+0700] {dagbag.py:536} INFO - Filling up the DagBag from /home/phuc/Practice/DataScience/DSProject/venv/lib/python3.10/site-packages/airflow/example_dags/example_task_group_decorator.py
[2023-12-17T08:10:10.992+0700] {processor.py:839} INFO - DAG(s) dict_keys(['example_task_group_decorator']) retrieved from /home/phuc/Practice/DataScience/DSProject/venv/lib/python3.10/site-packages/airflow/example_dags/example_task_group_decorator.py
[2023-12-17T08:10:11.002+0700] {logging_mixin.py:154} INFO - [2023-12-17T08:10:11.002+0700] {dag.py:2941} INFO - Sync 1 DAGs
[2023-12-17T08:10:11.012+0700] {logging_mixin.py:154} INFO - [2023-12-17T08:10:11.012+0700] {dag.py:3722} INFO - Setting next_dagrun for example_task_group_decorator to 2023-12-16T01:10:11.012113+00:00, run_after=2023-12-17T01:10:11.012113+00:00
[2023-12-17T08:10:11.024+0700] {processor.py:179} INFO - Processing /home/phuc/Practice/DataScience/DSProject/venv/lib/python3.10/site-packages/airflow/example_dags/example_task_group_decorator.py took 0.059 seconds
[2023-12-17T08:11:02.826+0700] {processor.py:157} INFO - Started process (PID=314015) to work on /home/phuc/Practice/DataScience/DSProject/venv/lib/python3.10/site-packages/airflow/example_dags/example_task_group_decorator.py
[2023-12-17T08:11:02.833+0700] {processor.py:829} INFO - Processing file /home/phuc/Practice/DataScience/DSProject/venv/lib/python3.10/site-packages/airflow/example_dags/example_task_group_decorator.py for tasks to queue
[2023-12-17T08:11:02.835+0700] {logging_mixin.py:154} INFO - [2023-12-17T08:11:02.834+0700] {dagbag.py:536} INFO - Filling up the DagBag from /home/phuc/Practice/DataScience/DSProject/venv/lib/python3.10/site-packages/airflow/example_dags/example_task_group_decorator.py
[2023-12-17T08:11:02.851+0700] {processor.py:839} INFO - DAG(s) dict_keys(['example_task_group_decorator']) retrieved from /home/phuc/Practice/DataScience/DSProject/venv/lib/python3.10/site-packages/airflow/example_dags/example_task_group_decorator.py
[2023-12-17T08:11:02.862+0700] {logging_mixin.py:154} INFO - [2023-12-17T08:11:02.862+0700] {dag.py:2941} INFO - Sync 1 DAGs
[2023-12-17T08:11:02.872+0700] {logging_mixin.py:154} INFO - [2023-12-17T08:11:02.872+0700] {dag.py:3722} INFO - Setting next_dagrun for example_task_group_decorator to 2023-12-16T01:11:02.871966+00:00, run_after=2023-12-17T01:11:02.871966+00:00
[2023-12-17T08:11:02.883+0700] {processor.py:179} INFO - Processing /home/phuc/Practice/DataScience/DSProject/venv/lib/python3.10/site-packages/airflow/example_dags/example_task_group_decorator.py took 0.060 seconds
[2023-12-17T08:11:50.632+0700] {processor.py:157} INFO - Started process (PID=314262) to work on /home/phuc/Practice/DataScience/DSProject/venv/lib/python3.10/site-packages/airflow/example_dags/example_task_group_decorator.py
[2023-12-17T08:11:50.639+0700] {processor.py:829} INFO - Processing file /home/phuc/Practice/DataScience/DSProject/venv/lib/python3.10/site-packages/airflow/example_dags/example_task_group_decorator.py for tasks to queue
[2023-12-17T08:11:50.640+0700] {logging_mixin.py:154} INFO - [2023-12-17T08:11:50.640+0700] {dagbag.py:536} INFO - Filling up the DagBag from /home/phuc/Practice/DataScience/DSProject/venv/lib/python3.10/site-packages/airflow/example_dags/example_task_group_decorator.py
[2023-12-17T08:11:50.656+0700] {processor.py:839} INFO - DAG(s) dict_keys(['example_task_group_decorator']) retrieved from /home/phuc/Practice/DataScience/DSProject/venv/lib/python3.10/site-packages/airflow/example_dags/example_task_group_decorator.py
[2023-12-17T08:11:50.667+0700] {logging_mixin.py:154} INFO - [2023-12-17T08:11:50.667+0700] {dag.py:2941} INFO - Sync 1 DAGs
[2023-12-17T08:11:50.676+0700] {logging_mixin.py:154} INFO - [2023-12-17T08:11:50.676+0700] {dag.py:3722} INFO - Setting next_dagrun for example_task_group_decorator to 2023-12-16T01:11:50.676307+00:00, run_after=2023-12-17T01:11:50.676307+00:00
[2023-12-17T08:11:50.688+0700] {processor.py:179} INFO - Processing /home/phuc/Practice/DataScience/DSProject/venv/lib/python3.10/site-packages/airflow/example_dags/example_task_group_decorator.py took 0.059 seconds
[2023-12-17T08:12:42.133+0700] {processor.py:157} INFO - Started process (PID=314500) to work on /home/phuc/Practice/DataScience/DSProject/venv/lib/python3.10/site-packages/airflow/example_dags/example_task_group_decorator.py
[2023-12-17T08:12:42.140+0700] {processor.py:829} INFO - Processing file /home/phuc/Practice/DataScience/DSProject/venv/lib/python3.10/site-packages/airflow/example_dags/example_task_group_decorator.py for tasks to queue
[2023-12-17T08:12:42.140+0700] {logging_mixin.py:154} INFO - [2023-12-17T08:12:42.140+0700] {dagbag.py:536} INFO - Filling up the DagBag from /home/phuc/Practice/DataScience/DSProject/venv/lib/python3.10/site-packages/airflow/example_dags/example_task_group_decorator.py
[2023-12-17T08:12:42.152+0700] {processor.py:839} INFO - DAG(s) dict_keys(['example_task_group_decorator']) retrieved from /home/phuc/Practice/DataScience/DSProject/venv/lib/python3.10/site-packages/airflow/example_dags/example_task_group_decorator.py
[2023-12-17T08:12:42.168+0700] {logging_mixin.py:154} INFO - [2023-12-17T08:12:42.168+0700] {dag.py:2941} INFO - Sync 1 DAGs
[2023-12-17T08:12:42.182+0700] {logging_mixin.py:154} INFO - [2023-12-17T08:12:42.182+0700] {dag.py:3722} INFO - Setting next_dagrun for example_task_group_decorator to 2023-12-16T01:12:42.182377+00:00, run_after=2023-12-17T01:12:42.182377+00:00
[2023-12-17T08:12:42.197+0700] {processor.py:179} INFO - Processing /home/phuc/Practice/DataScience/DSProject/venv/lib/python3.10/site-packages/airflow/example_dags/example_task_group_decorator.py took 0.066 seconds
[2023-12-17T08:13:26.239+0700] {processor.py:157} INFO - Started process (PID=314757) to work on /home/phuc/Practice/DataScience/DSProject/venv/lib/python3.10/site-packages/airflow/example_dags/example_task_group_decorator.py
[2023-12-17T08:13:26.241+0700] {processor.py:829} INFO - Processing file /home/phuc/Practice/DataScience/DSProject/venv/lib/python3.10/site-packages/airflow/example_dags/example_task_group_decorator.py for tasks to queue
[2023-12-17T08:13:26.241+0700] {logging_mixin.py:154} INFO - [2023-12-17T08:13:26.241+0700] {dagbag.py:536} INFO - Filling up the DagBag from /home/phuc/Practice/DataScience/DSProject/venv/lib/python3.10/site-packages/airflow/example_dags/example_task_group_decorator.py
[2023-12-17T08:13:26.250+0700] {processor.py:839} INFO - DAG(s) dict_keys(['example_task_group_decorator']) retrieved from /home/phuc/Practice/DataScience/DSProject/venv/lib/python3.10/site-packages/airflow/example_dags/example_task_group_decorator.py
[2023-12-17T08:13:26.265+0700] {logging_mixin.py:154} INFO - [2023-12-17T08:13:26.265+0700] {dag.py:2941} INFO - Sync 1 DAGs
[2023-12-17T08:13:26.275+0700] {logging_mixin.py:154} INFO - [2023-12-17T08:13:26.275+0700] {dag.py:3722} INFO - Setting next_dagrun for example_task_group_decorator to 2023-12-16T01:13:26.274902+00:00, run_after=2023-12-17T01:13:26.274902+00:00
[2023-12-17T08:13:26.287+0700] {processor.py:179} INFO - Processing /home/phuc/Practice/DataScience/DSProject/venv/lib/python3.10/site-packages/airflow/example_dags/example_task_group_decorator.py took 0.049 seconds
[2023-12-17T08:14:17.031+0700] {processor.py:157} INFO - Started process (PID=314979) to work on /home/phuc/Practice/DataScience/DSProject/venv/lib/python3.10/site-packages/airflow/example_dags/example_task_group_decorator.py
[2023-12-17T08:14:17.038+0700] {processor.py:829} INFO - Processing file /home/phuc/Practice/DataScience/DSProject/venv/lib/python3.10/site-packages/airflow/example_dags/example_task_group_decorator.py for tasks to queue
[2023-12-17T08:14:17.039+0700] {logging_mixin.py:154} INFO - [2023-12-17T08:14:17.039+0700] {dagbag.py:536} INFO - Filling up the DagBag from /home/phuc/Practice/DataScience/DSProject/venv/lib/python3.10/site-packages/airflow/example_dags/example_task_group_decorator.py
[2023-12-17T08:14:17.056+0700] {processor.py:839} INFO - DAG(s) dict_keys(['example_task_group_decorator']) retrieved from /home/phuc/Practice/DataScience/DSProject/venv/lib/python3.10/site-packages/airflow/example_dags/example_task_group_decorator.py
[2023-12-17T08:14:17.068+0700] {logging_mixin.py:154} INFO - [2023-12-17T08:14:17.068+0700] {dag.py:2941} INFO - Sync 1 DAGs
[2023-12-17T08:14:17.077+0700] {logging_mixin.py:154} INFO - [2023-12-17T08:14:17.077+0700] {dag.py:3722} INFO - Setting next_dagrun for example_task_group_decorator to 2023-12-16T01:14:17.077548+00:00, run_after=2023-12-17T01:14:17.077548+00:00
[2023-12-17T08:14:17.089+0700] {processor.py:179} INFO - Processing /home/phuc/Practice/DataScience/DSProject/venv/lib/python3.10/site-packages/airflow/example_dags/example_task_group_decorator.py took 0.059 seconds
[2023-12-17T08:15:12.172+0700] {processor.py:157} INFO - Started process (PID=315210) to work on /home/phuc/Practice/DataScience/DSProject/venv/lib/python3.10/site-packages/airflow/example_dags/example_task_group_decorator.py
[2023-12-17T08:15:12.178+0700] {processor.py:829} INFO - Processing file /home/phuc/Practice/DataScience/DSProject/venv/lib/python3.10/site-packages/airflow/example_dags/example_task_group_decorator.py for tasks to queue
[2023-12-17T08:15:12.180+0700] {logging_mixin.py:154} INFO - [2023-12-17T08:15:12.179+0700] {dagbag.py:536} INFO - Filling up the DagBag from /home/phuc/Practice/DataScience/DSProject/venv/lib/python3.10/site-packages/airflow/example_dags/example_task_group_decorator.py
[2023-12-17T08:15:12.196+0700] {processor.py:839} INFO - DAG(s) dict_keys(['example_task_group_decorator']) retrieved from /home/phuc/Practice/DataScience/DSProject/venv/lib/python3.10/site-packages/airflow/example_dags/example_task_group_decorator.py
[2023-12-17T08:15:12.207+0700] {logging_mixin.py:154} INFO - [2023-12-17T08:15:12.207+0700] {dag.py:2941} INFO - Sync 1 DAGs
[2023-12-17T08:15:12.217+0700] {logging_mixin.py:154} INFO - [2023-12-17T08:15:12.216+0700] {dag.py:3722} INFO - Setting next_dagrun for example_task_group_decorator to 2023-12-16T01:15:12.216768+00:00, run_after=2023-12-17T01:15:12.216768+00:00
[2023-12-17T08:15:12.228+0700] {processor.py:179} INFO - Processing /home/phuc/Practice/DataScience/DSProject/venv/lib/python3.10/site-packages/airflow/example_dags/example_task_group_decorator.py took 0.059 seconds
[2023-12-17T08:16:02.578+0700] {processor.py:157} INFO - Started process (PID=315491) to work on /home/phuc/Practice/DataScience/DSProject/venv/lib/python3.10/site-packages/airflow/example_dags/example_task_group_decorator.py
[2023-12-17T08:16:02.585+0700] {processor.py:829} INFO - Processing file /home/phuc/Practice/DataScience/DSProject/venv/lib/python3.10/site-packages/airflow/example_dags/example_task_group_decorator.py for tasks to queue
[2023-12-17T08:16:02.586+0700] {logging_mixin.py:154} INFO - [2023-12-17T08:16:02.586+0700] {dagbag.py:536} INFO - Filling up the DagBag from /home/phuc/Practice/DataScience/DSProject/venv/lib/python3.10/site-packages/airflow/example_dags/example_task_group_decorator.py
[2023-12-17T08:16:02.603+0700] {processor.py:839} INFO - DAG(s) dict_keys(['example_task_group_decorator']) retrieved from /home/phuc/Practice/DataScience/DSProject/venv/lib/python3.10/site-packages/airflow/example_dags/example_task_group_decorator.py
[2023-12-17T08:16:02.618+0700] {logging_mixin.py:154} INFO - [2023-12-17T08:16:02.618+0700] {dag.py:2941} INFO - Sync 1 DAGs
[2023-12-17T08:16:02.628+0700] {logging_mixin.py:154} INFO - [2023-12-17T08:16:02.628+0700] {dag.py:3722} INFO - Setting next_dagrun for example_task_group_decorator to 2023-12-16T01:16:02.628068+00:00, run_after=2023-12-17T01:16:02.628068+00:00
[2023-12-17T08:16:02.640+0700] {processor.py:179} INFO - Processing /home/phuc/Practice/DataScience/DSProject/venv/lib/python3.10/site-packages/airflow/example_dags/example_task_group_decorator.py took 0.066 seconds
[2023-12-17T08:17:56.336+0700] {processor.py:157} INFO - Started process (PID=316434) to work on /home/phuc/Practice/DataScience/DSProject/venv/lib/python3.10/site-packages/airflow/example_dags/example_task_group_decorator.py
[2023-12-17T08:17:56.337+0700] {processor.py:829} INFO - Processing file /home/phuc/Practice/DataScience/DSProject/venv/lib/python3.10/site-packages/airflow/example_dags/example_task_group_decorator.py for tasks to queue
[2023-12-17T08:17:56.338+0700] {logging_mixin.py:154} INFO - [2023-12-17T08:17:56.337+0700] {dagbag.py:536} INFO - Filling up the DagBag from /home/phuc/Practice/DataScience/DSProject/venv/lib/python3.10/site-packages/airflow/example_dags/example_task_group_decorator.py
[2023-12-17T08:17:56.352+0700] {processor.py:839} INFO - DAG(s) dict_keys(['example_task_group_decorator']) retrieved from /home/phuc/Practice/DataScience/DSProject/venv/lib/python3.10/site-packages/airflow/example_dags/example_task_group_decorator.py
[2023-12-17T08:17:56.364+0700] {logging_mixin.py:154} INFO - [2023-12-17T08:17:56.364+0700] {dag.py:2941} INFO - Sync 1 DAGs
[2023-12-17T08:17:56.374+0700] {logging_mixin.py:154} INFO - [2023-12-17T08:17:56.374+0700] {dag.py:3722} INFO - Setting next_dagrun for example_task_group_decorator to 2023-12-16T01:17:56.374116+00:00, run_after=2023-12-17T01:17:56.374116+00:00
[2023-12-17T08:17:56.385+0700] {processor.py:179} INFO - Processing /home/phuc/Practice/DataScience/DSProject/venv/lib/python3.10/site-packages/airflow/example_dags/example_task_group_decorator.py took 0.052 seconds
[2023-12-17T08:18:42.740+0700] {processor.py:157} INFO - Started process (PID=316747) to work on /home/phuc/Practice/DataScience/DSProject/venv/lib/python3.10/site-packages/airflow/example_dags/example_task_group_decorator.py
[2023-12-17T08:18:42.747+0700] {processor.py:829} INFO - Processing file /home/phuc/Practice/DataScience/DSProject/venv/lib/python3.10/site-packages/airflow/example_dags/example_task_group_decorator.py for tasks to queue
[2023-12-17T08:18:42.748+0700] {logging_mixin.py:154} INFO - [2023-12-17T08:18:42.748+0700] {dagbag.py:536} INFO - Filling up the DagBag from /home/phuc/Practice/DataScience/DSProject/venv/lib/python3.10/site-packages/airflow/example_dags/example_task_group_decorator.py
[2023-12-17T08:18:42.759+0700] {processor.py:839} INFO - DAG(s) dict_keys(['example_task_group_decorator']) retrieved from /home/phuc/Practice/DataScience/DSProject/venv/lib/python3.10/site-packages/airflow/example_dags/example_task_group_decorator.py
[2023-12-17T08:18:42.773+0700] {logging_mixin.py:154} INFO - [2023-12-17T08:18:42.772+0700] {dag.py:2941} INFO - Sync 1 DAGs
[2023-12-17T08:18:42.785+0700] {logging_mixin.py:154} INFO - [2023-12-17T08:18:42.785+0700] {dag.py:3722} INFO - Setting next_dagrun for example_task_group_decorator to 2023-12-16T01:18:42.784876+00:00, run_after=2023-12-17T01:18:42.784876+00:00
[2023-12-17T08:18:42.798+0700] {processor.py:179} INFO - Processing /home/phuc/Practice/DataScience/DSProject/venv/lib/python3.10/site-packages/airflow/example_dags/example_task_group_decorator.py took 0.060 seconds
[2023-12-17T08:19:31.238+0700] {processor.py:157} INFO - Started process (PID=317232) to work on /home/phuc/Practice/DataScience/DSProject/venv/lib/python3.10/site-packages/airflow/example_dags/example_task_group_decorator.py
[2023-12-17T08:19:31.245+0700] {processor.py:829} INFO - Processing file /home/phuc/Practice/DataScience/DSProject/venv/lib/python3.10/site-packages/airflow/example_dags/example_task_group_decorator.py for tasks to queue
[2023-12-17T08:19:31.246+0700] {logging_mixin.py:154} INFO - [2023-12-17T08:19:31.246+0700] {dagbag.py:536} INFO - Filling up the DagBag from /home/phuc/Practice/DataScience/DSProject/venv/lib/python3.10/site-packages/airflow/example_dags/example_task_group_decorator.py
[2023-12-17T08:19:31.258+0700] {processor.py:839} INFO - DAG(s) dict_keys(['example_task_group_decorator']) retrieved from /home/phuc/Practice/DataScience/DSProject/venv/lib/python3.10/site-packages/airflow/example_dags/example_task_group_decorator.py
[2023-12-17T08:19:31.273+0700] {logging_mixin.py:154} INFO - [2023-12-17T08:19:31.273+0700] {dag.py:2941} INFO - Sync 1 DAGs
[2023-12-17T08:19:31.286+0700] {logging_mixin.py:154} INFO - [2023-12-17T08:19:31.286+0700] {dag.py:3722} INFO - Setting next_dagrun for example_task_group_decorator to 2023-12-16T01:19:31.285875+00:00, run_after=2023-12-17T01:19:31.285875+00:00
[2023-12-17T08:19:31.300+0700] {processor.py:179} INFO - Processing /home/phuc/Practice/DataScience/DSProject/venv/lib/python3.10/site-packages/airflow/example_dags/example_task_group_decorator.py took 0.064 seconds
[2023-12-17T08:20:23.715+0700] {processor.py:157} INFO - Started process (PID=317794) to work on /home/phuc/Practice/DataScience/DSProject/venv/lib/python3.10/site-packages/airflow/example_dags/example_task_group_decorator.py
[2023-12-17T08:20:23.716+0700] {processor.py:829} INFO - Processing file /home/phuc/Practice/DataScience/DSProject/venv/lib/python3.10/site-packages/airflow/example_dags/example_task_group_decorator.py for tasks to queue
[2023-12-17T08:20:23.717+0700] {logging_mixin.py:154} INFO - [2023-12-17T08:20:23.717+0700] {dagbag.py:536} INFO - Filling up the DagBag from /home/phuc/Practice/DataScience/DSProject/venv/lib/python3.10/site-packages/airflow/example_dags/example_task_group_decorator.py
[2023-12-17T08:20:23.729+0700] {processor.py:839} INFO - DAG(s) dict_keys(['example_task_group_decorator']) retrieved from /home/phuc/Practice/DataScience/DSProject/venv/lib/python3.10/site-packages/airflow/example_dags/example_task_group_decorator.py
[2023-12-17T08:20:23.744+0700] {logging_mixin.py:154} INFO - [2023-12-17T08:20:23.744+0700] {dag.py:2941} INFO - Sync 1 DAGs
[2023-12-17T08:20:23.756+0700] {logging_mixin.py:154} INFO - [2023-12-17T08:20:23.756+0700] {dag.py:3722} INFO - Setting next_dagrun for example_task_group_decorator to 2023-12-16T01:20:23.756364+00:00, run_after=2023-12-17T01:20:23.756364+00:00
[2023-12-17T08:20:23.770+0700] {processor.py:179} INFO - Processing /home/phuc/Practice/DataScience/DSProject/venv/lib/python3.10/site-packages/airflow/example_dags/example_task_group_decorator.py took 0.058 seconds
[2023-12-17T08:22:06.520+0700] {processor.py:157} INFO - Started process (PID=318847) to work on /home/phuc/Practice/DataScience/DSProject/venv/lib/python3.10/site-packages/airflow/example_dags/example_task_group_decorator.py
[2023-12-17T08:22:06.527+0700] {processor.py:829} INFO - Processing file /home/phuc/Practice/DataScience/DSProject/venv/lib/python3.10/site-packages/airflow/example_dags/example_task_group_decorator.py for tasks to queue
[2023-12-17T08:22:06.528+0700] {logging_mixin.py:154} INFO - [2023-12-17T08:22:06.528+0700] {dagbag.py:536} INFO - Filling up the DagBag from /home/phuc/Practice/DataScience/DSProject/venv/lib/python3.10/site-packages/airflow/example_dags/example_task_group_decorator.py
[2023-12-17T08:22:06.541+0700] {processor.py:839} INFO - DAG(s) dict_keys(['example_task_group_decorator']) retrieved from /home/phuc/Practice/DataScience/DSProject/venv/lib/python3.10/site-packages/airflow/example_dags/example_task_group_decorator.py
[2023-12-17T08:22:06.560+0700] {logging_mixin.py:154} INFO - [2023-12-17T08:22:06.560+0700] {dag.py:2941} INFO - Sync 1 DAGs
[2023-12-17T08:22:06.576+0700] {logging_mixin.py:154} INFO - [2023-12-17T08:22:06.576+0700] {dag.py:3722} INFO - Setting next_dagrun for example_task_group_decorator to 2023-12-16T01:22:06.576275+00:00, run_after=2023-12-17T01:22:06.576275+00:00
[2023-12-17T08:22:06.593+0700] {processor.py:179} INFO - Processing /home/phuc/Practice/DataScience/DSProject/venv/lib/python3.10/site-packages/airflow/example_dags/example_task_group_decorator.py took 0.075 seconds
[2023-12-17T08:23:43.362+0700] {processor.py:157} INFO - Started process (PID=319557) to work on /home/phuc/Practice/DataScience/DSProject/venv/lib/python3.10/site-packages/airflow/example_dags/example_task_group_decorator.py
[2023-12-17T08:23:43.369+0700] {processor.py:829} INFO - Processing file /home/phuc/Practice/DataScience/DSProject/venv/lib/python3.10/site-packages/airflow/example_dags/example_task_group_decorator.py for tasks to queue
[2023-12-17T08:23:43.370+0700] {logging_mixin.py:154} INFO - [2023-12-17T08:23:43.370+0700] {dagbag.py:536} INFO - Filling up the DagBag from /home/phuc/Practice/DataScience/DSProject/venv/lib/python3.10/site-packages/airflow/example_dags/example_task_group_decorator.py
[2023-12-17T08:23:43.382+0700] {processor.py:839} INFO - DAG(s) dict_keys(['example_task_group_decorator']) retrieved from /home/phuc/Practice/DataScience/DSProject/venv/lib/python3.10/site-packages/airflow/example_dags/example_task_group_decorator.py
[2023-12-17T08:23:43.398+0700] {logging_mixin.py:154} INFO - [2023-12-17T08:23:43.397+0700] {dag.py:2941} INFO - Sync 1 DAGs
[2023-12-17T08:23:43.414+0700] {logging_mixin.py:154} INFO - [2023-12-17T08:23:43.414+0700] {dag.py:3722} INFO - Setting next_dagrun for example_task_group_decorator to 2023-12-16T01:23:43.414567+00:00, run_after=2023-12-17T01:23:43.414567+00:00
[2023-12-17T08:23:43.429+0700] {processor.py:179} INFO - Processing /home/phuc/Practice/DataScience/DSProject/venv/lib/python3.10/site-packages/airflow/example_dags/example_task_group_decorator.py took 0.069 seconds
[2023-12-17T08:24:29.580+0700] {processor.py:157} INFO - Started process (PID=319850) to work on /home/phuc/Practice/DataScience/DSProject/venv/lib/python3.10/site-packages/airflow/example_dags/example_task_group_decorator.py
[2023-12-17T08:24:29.581+0700] {processor.py:829} INFO - Processing file /home/phuc/Practice/DataScience/DSProject/venv/lib/python3.10/site-packages/airflow/example_dags/example_task_group_decorator.py for tasks to queue
[2023-12-17T08:24:29.582+0700] {logging_mixin.py:154} INFO - [2023-12-17T08:24:29.582+0700] {dagbag.py:536} INFO - Filling up the DagBag from /home/phuc/Practice/DataScience/DSProject/venv/lib/python3.10/site-packages/airflow/example_dags/example_task_group_decorator.py
[2023-12-17T08:24:29.594+0700] {processor.py:839} INFO - DAG(s) dict_keys(['example_task_group_decorator']) retrieved from /home/phuc/Practice/DataScience/DSProject/venv/lib/python3.10/site-packages/airflow/example_dags/example_task_group_decorator.py
[2023-12-17T08:24:29.609+0700] {logging_mixin.py:154} INFO - [2023-12-17T08:24:29.609+0700] {dag.py:2941} INFO - Sync 1 DAGs
[2023-12-17T08:24:29.622+0700] {logging_mixin.py:154} INFO - [2023-12-17T08:24:29.621+0700] {dag.py:3722} INFO - Setting next_dagrun for example_task_group_decorator to 2023-12-16T01:24:29.621698+00:00, run_after=2023-12-17T01:24:29.621698+00:00
[2023-12-17T08:24:29.634+0700] {processor.py:179} INFO - Processing /home/phuc/Practice/DataScience/DSProject/venv/lib/python3.10/site-packages/airflow/example_dags/example_task_group_decorator.py took 0.057 seconds
[2023-12-17T08:25:23.875+0700] {processor.py:157} INFO - Started process (PID=320076) to work on /home/phuc/Practice/DataScience/DSProject/venv/lib/python3.10/site-packages/airflow/example_dags/example_task_group_decorator.py
[2023-12-17T08:25:23.882+0700] {processor.py:829} INFO - Processing file /home/phuc/Practice/DataScience/DSProject/venv/lib/python3.10/site-packages/airflow/example_dags/example_task_group_decorator.py for tasks to queue
[2023-12-17T08:25:23.883+0700] {logging_mixin.py:154} INFO - [2023-12-17T08:25:23.883+0700] {dagbag.py:536} INFO - Filling up the DagBag from /home/phuc/Practice/DataScience/DSProject/venv/lib/python3.10/site-packages/airflow/example_dags/example_task_group_decorator.py
[2023-12-17T08:25:23.894+0700] {processor.py:839} INFO - DAG(s) dict_keys(['example_task_group_decorator']) retrieved from /home/phuc/Practice/DataScience/DSProject/venv/lib/python3.10/site-packages/airflow/example_dags/example_task_group_decorator.py
[2023-12-17T08:25:23.911+0700] {logging_mixin.py:154} INFO - [2023-12-17T08:25:23.910+0700] {dag.py:2941} INFO - Sync 1 DAGs
[2023-12-17T08:25:23.924+0700] {logging_mixin.py:154} INFO - [2023-12-17T08:25:23.924+0700] {dag.py:3722} INFO - Setting next_dagrun for example_task_group_decorator to 2023-12-16T01:25:23.923884+00:00, run_after=2023-12-17T01:25:23.923884+00:00
[2023-12-17T08:25:23.940+0700] {processor.py:179} INFO - Processing /home/phuc/Practice/DataScience/DSProject/venv/lib/python3.10/site-packages/airflow/example_dags/example_task_group_decorator.py took 0.067 seconds
[2023-12-17T08:26:10.515+0700] {processor.py:157} INFO - Started process (PID=320277) to work on /home/phuc/Practice/DataScience/DSProject/venv/lib/python3.10/site-packages/airflow/example_dags/example_task_group_decorator.py
[2023-12-17T08:26:10.521+0700] {processor.py:829} INFO - Processing file /home/phuc/Practice/DataScience/DSProject/venv/lib/python3.10/site-packages/airflow/example_dags/example_task_group_decorator.py for tasks to queue
[2023-12-17T08:26:10.522+0700] {logging_mixin.py:154} INFO - [2023-12-17T08:26:10.522+0700] {dagbag.py:536} INFO - Filling up the DagBag from /home/phuc/Practice/DataScience/DSProject/venv/lib/python3.10/site-packages/airflow/example_dags/example_task_group_decorator.py
[2023-12-17T08:26:10.535+0700] {processor.py:839} INFO - DAG(s) dict_keys(['example_task_group_decorator']) retrieved from /home/phuc/Practice/DataScience/DSProject/venv/lib/python3.10/site-packages/airflow/example_dags/example_task_group_decorator.py
[2023-12-17T08:26:10.553+0700] {logging_mixin.py:154} INFO - [2023-12-17T08:26:10.553+0700] {dag.py:2941} INFO - Sync 1 DAGs
[2023-12-17T08:26:10.568+0700] {logging_mixin.py:154} INFO - [2023-12-17T08:26:10.568+0700] {dag.py:3722} INFO - Setting next_dagrun for example_task_group_decorator to 2023-12-16T01:26:10.568433+00:00, run_after=2023-12-17T01:26:10.568433+00:00
[2023-12-17T08:26:10.586+0700] {processor.py:179} INFO - Processing /home/phuc/Practice/DataScience/DSProject/venv/lib/python3.10/site-packages/airflow/example_dags/example_task_group_decorator.py took 0.074 seconds
[2023-12-17T08:27:02.743+0700] {processor.py:157} INFO - Started process (PID=320601) to work on /home/phuc/Practice/DataScience/DSProject/venv/lib/python3.10/site-packages/airflow/example_dags/example_task_group_decorator.py
[2023-12-17T08:27:02.750+0700] {processor.py:829} INFO - Processing file /home/phuc/Practice/DataScience/DSProject/venv/lib/python3.10/site-packages/airflow/example_dags/example_task_group_decorator.py for tasks to queue
[2023-12-17T08:27:02.751+0700] {logging_mixin.py:154} INFO - [2023-12-17T08:27:02.751+0700] {dagbag.py:536} INFO - Filling up the DagBag from /home/phuc/Practice/DataScience/DSProject/venv/lib/python3.10/site-packages/airflow/example_dags/example_task_group_decorator.py
[2023-12-17T08:27:02.767+0700] {processor.py:839} INFO - DAG(s) dict_keys(['example_task_group_decorator']) retrieved from /home/phuc/Practice/DataScience/DSProject/venv/lib/python3.10/site-packages/airflow/example_dags/example_task_group_decorator.py
[2023-12-17T08:27:02.778+0700] {logging_mixin.py:154} INFO - [2023-12-17T08:27:02.778+0700] {dag.py:2941} INFO - Sync 1 DAGs
[2023-12-17T08:27:02.787+0700] {logging_mixin.py:154} INFO - [2023-12-17T08:27:02.787+0700] {dag.py:3722} INFO - Setting next_dagrun for example_task_group_decorator to 2023-12-16T01:27:02.787059+00:00, run_after=2023-12-17T01:27:02.787059+00:00
[2023-12-17T08:27:02.798+0700] {processor.py:179} INFO - Processing /home/phuc/Practice/DataScience/DSProject/venv/lib/python3.10/site-packages/airflow/example_dags/example_task_group_decorator.py took 0.057 seconds
[2023-12-17T08:27:54.185+0700] {processor.py:157} INFO - Started process (PID=320823) to work on /home/phuc/Practice/DataScience/DSProject/venv/lib/python3.10/site-packages/airflow/example_dags/example_task_group_decorator.py
[2023-12-17T08:27:54.192+0700] {processor.py:829} INFO - Processing file /home/phuc/Practice/DataScience/DSProject/venv/lib/python3.10/site-packages/airflow/example_dags/example_task_group_decorator.py for tasks to queue
[2023-12-17T08:27:54.193+0700] {logging_mixin.py:154} INFO - [2023-12-17T08:27:54.193+0700] {dagbag.py:536} INFO - Filling up the DagBag from /home/phuc/Practice/DataScience/DSProject/venv/lib/python3.10/site-packages/airflow/example_dags/example_task_group_decorator.py
[2023-12-17T08:27:54.209+0700] {processor.py:839} INFO - DAG(s) dict_keys(['example_task_group_decorator']) retrieved from /home/phuc/Practice/DataScience/DSProject/venv/lib/python3.10/site-packages/airflow/example_dags/example_task_group_decorator.py
[2023-12-17T08:27:54.222+0700] {logging_mixin.py:154} INFO - [2023-12-17T08:27:54.222+0700] {dag.py:2941} INFO - Sync 1 DAGs
[2023-12-17T08:27:54.234+0700] {logging_mixin.py:154} INFO - [2023-12-17T08:27:54.234+0700] {dag.py:3722} INFO - Setting next_dagrun for example_task_group_decorator to 2023-12-16T01:27:54.233981+00:00, run_after=2023-12-17T01:27:54.233981+00:00
[2023-12-17T08:27:54.252+0700] {processor.py:179} INFO - Processing /home/phuc/Practice/DataScience/DSProject/venv/lib/python3.10/site-packages/airflow/example_dags/example_task_group_decorator.py took 0.070 seconds
[2023-12-17T08:28:41.519+0700] {processor.py:157} INFO - Started process (PID=321023) to work on /home/phuc/Practice/DataScience/DSProject/venv/lib/python3.10/site-packages/airflow/example_dags/example_task_group_decorator.py
[2023-12-17T08:28:41.526+0700] {processor.py:829} INFO - Processing file /home/phuc/Practice/DataScience/DSProject/venv/lib/python3.10/site-packages/airflow/example_dags/example_task_group_decorator.py for tasks to queue
[2023-12-17T08:28:41.527+0700] {logging_mixin.py:154} INFO - [2023-12-17T08:28:41.526+0700] {dagbag.py:536} INFO - Filling up the DagBag from /home/phuc/Practice/DataScience/DSProject/venv/lib/python3.10/site-packages/airflow/example_dags/example_task_group_decorator.py
[2023-12-17T08:28:41.544+0700] {processor.py:839} INFO - DAG(s) dict_keys(['example_task_group_decorator']) retrieved from /home/phuc/Practice/DataScience/DSProject/venv/lib/python3.10/site-packages/airflow/example_dags/example_task_group_decorator.py
[2023-12-17T08:28:41.555+0700] {logging_mixin.py:154} INFO - [2023-12-17T08:28:41.555+0700] {dag.py:2941} INFO - Sync 1 DAGs
[2023-12-17T08:28:41.564+0700] {logging_mixin.py:154} INFO - [2023-12-17T08:28:41.564+0700] {dag.py:3722} INFO - Setting next_dagrun for example_task_group_decorator to 2023-12-16T01:28:41.564046+00:00, run_after=2023-12-17T01:28:41.564046+00:00
[2023-12-17T08:28:41.575+0700] {processor.py:179} INFO - Processing /home/phuc/Practice/DataScience/DSProject/venv/lib/python3.10/site-packages/airflow/example_dags/example_task_group_decorator.py took 0.060 seconds
[2023-12-17T08:29:30.768+0700] {processor.py:157} INFO - Started process (PID=321249) to work on /home/phuc/Practice/DataScience/DSProject/venv/lib/python3.10/site-packages/airflow/example_dags/example_task_group_decorator.py
[2023-12-17T08:29:30.775+0700] {processor.py:829} INFO - Processing file /home/phuc/Practice/DataScience/DSProject/venv/lib/python3.10/site-packages/airflow/example_dags/example_task_group_decorator.py for tasks to queue
[2023-12-17T08:29:30.777+0700] {logging_mixin.py:154} INFO - [2023-12-17T08:29:30.776+0700] {dagbag.py:536} INFO - Filling up the DagBag from /home/phuc/Practice/DataScience/DSProject/venv/lib/python3.10/site-packages/airflow/example_dags/example_task_group_decorator.py
[2023-12-17T08:29:30.786+0700] {processor.py:839} INFO - DAG(s) dict_keys(['example_task_group_decorator']) retrieved from /home/phuc/Practice/DataScience/DSProject/venv/lib/python3.10/site-packages/airflow/example_dags/example_task_group_decorator.py
[2023-12-17T08:29:30.796+0700] {logging_mixin.py:154} INFO - [2023-12-17T08:29:30.796+0700] {dag.py:2941} INFO - Sync 1 DAGs
[2023-12-17T08:29:30.803+0700] {logging_mixin.py:154} INFO - [2023-12-17T08:29:30.803+0700] {dag.py:3722} INFO - Setting next_dagrun for example_task_group_decorator to 2023-12-16T01:29:30.803616+00:00, run_after=2023-12-17T01:29:30.803616+00:00
[2023-12-17T08:29:30.814+0700] {processor.py:179} INFO - Processing /home/phuc/Practice/DataScience/DSProject/venv/lib/python3.10/site-packages/airflow/example_dags/example_task_group_decorator.py took 0.048 seconds
[2023-12-17T08:30:21.026+0700] {processor.py:157} INFO - Started process (PID=321474) to work on /home/phuc/Practice/DataScience/DSProject/venv/lib/python3.10/site-packages/airflow/example_dags/example_task_group_decorator.py
[2023-12-17T08:30:21.026+0700] {processor.py:829} INFO - Processing file /home/phuc/Practice/DataScience/DSProject/venv/lib/python3.10/site-packages/airflow/example_dags/example_task_group_decorator.py for tasks to queue
[2023-12-17T08:30:21.027+0700] {logging_mixin.py:154} INFO - [2023-12-17T08:30:21.027+0700] {dagbag.py:536} INFO - Filling up the DagBag from /home/phuc/Practice/DataScience/DSProject/venv/lib/python3.10/site-packages/airflow/example_dags/example_task_group_decorator.py
[2023-12-17T08:30:21.034+0700] {processor.py:839} INFO - DAG(s) dict_keys(['example_task_group_decorator']) retrieved from /home/phuc/Practice/DataScience/DSProject/venv/lib/python3.10/site-packages/airflow/example_dags/example_task_group_decorator.py
[2023-12-17T08:30:21.045+0700] {logging_mixin.py:154} INFO - [2023-12-17T08:30:21.045+0700] {dag.py:2941} INFO - Sync 1 DAGs
[2023-12-17T08:30:21.055+0700] {logging_mixin.py:154} INFO - [2023-12-17T08:30:21.055+0700] {dag.py:3722} INFO - Setting next_dagrun for example_task_group_decorator to 2023-12-16T01:30:21.054873+00:00, run_after=2023-12-17T01:30:21.054873+00:00
[2023-12-17T08:30:21.067+0700] {processor.py:179} INFO - Processing /home/phuc/Practice/DataScience/DSProject/venv/lib/python3.10/site-packages/airflow/example_dags/example_task_group_decorator.py took 0.043 seconds
[2023-12-17T08:31:13.257+0700] {processor.py:157} INFO - Started process (PID=321773) to work on /home/phuc/Practice/DataScience/DSProject/venv/lib/python3.10/site-packages/airflow/example_dags/example_task_group_decorator.py
[2023-12-17T08:31:13.264+0700] {processor.py:829} INFO - Processing file /home/phuc/Practice/DataScience/DSProject/venv/lib/python3.10/site-packages/airflow/example_dags/example_task_group_decorator.py for tasks to queue
[2023-12-17T08:31:13.265+0700] {logging_mixin.py:154} INFO - [2023-12-17T08:31:13.264+0700] {dagbag.py:536} INFO - Filling up the DagBag from /home/phuc/Practice/DataScience/DSProject/venv/lib/python3.10/site-packages/airflow/example_dags/example_task_group_decorator.py
[2023-12-17T08:31:13.273+0700] {processor.py:839} INFO - DAG(s) dict_keys(['example_task_group_decorator']) retrieved from /home/phuc/Practice/DataScience/DSProject/venv/lib/python3.10/site-packages/airflow/example_dags/example_task_group_decorator.py
[2023-12-17T08:31:13.285+0700] {logging_mixin.py:154} INFO - [2023-12-17T08:31:13.285+0700] {dag.py:2941} INFO - Sync 1 DAGs
[2023-12-17T08:31:13.296+0700] {logging_mixin.py:154} INFO - [2023-12-17T08:31:13.296+0700] {dag.py:3722} INFO - Setting next_dagrun for example_task_group_decorator to 2023-12-16T01:31:13.296083+00:00, run_after=2023-12-17T01:31:13.296083+00:00
[2023-12-17T08:31:13.309+0700] {processor.py:179} INFO - Processing /home/phuc/Practice/DataScience/DSProject/venv/lib/python3.10/site-packages/airflow/example_dags/example_task_group_decorator.py took 0.054 seconds
[2023-12-17T08:32:29.338+0700] {processor.py:157} INFO - Started process (PID=322888) to work on /home/phuc/Practice/DataScience/DSProject/venv/lib/python3.10/site-packages/airflow/example_dags/example_task_group_decorator.py
[2023-12-17T08:32:29.345+0700] {processor.py:829} INFO - Processing file /home/phuc/Practice/DataScience/DSProject/venv/lib/python3.10/site-packages/airflow/example_dags/example_task_group_decorator.py for tasks to queue
[2023-12-17T08:32:29.346+0700] {logging_mixin.py:154} INFO - [2023-12-17T08:32:29.345+0700] {dagbag.py:536} INFO - Filling up the DagBag from /home/phuc/Practice/DataScience/DSProject/venv/lib/python3.10/site-packages/airflow/example_dags/example_task_group_decorator.py
[2023-12-17T08:32:29.362+0700] {processor.py:839} INFO - DAG(s) dict_keys(['example_task_group_decorator']) retrieved from /home/phuc/Practice/DataScience/DSProject/venv/lib/python3.10/site-packages/airflow/example_dags/example_task_group_decorator.py
[2023-12-17T08:32:29.372+0700] {logging_mixin.py:154} INFO - [2023-12-17T08:32:29.372+0700] {dag.py:2941} INFO - Sync 1 DAGs
[2023-12-17T08:32:29.380+0700] {logging_mixin.py:154} INFO - [2023-12-17T08:32:29.380+0700] {dag.py:3722} INFO - Setting next_dagrun for example_task_group_decorator to 2023-12-16T01:32:29.380050+00:00, run_after=2023-12-17T01:32:29.380050+00:00
[2023-12-17T08:32:29.390+0700] {processor.py:179} INFO - Processing /home/phuc/Practice/DataScience/DSProject/venv/lib/python3.10/site-packages/airflow/example_dags/example_task_group_decorator.py took 0.056 seconds
[2023-12-17T08:33:13.753+0700] {processor.py:157} INFO - Started process (PID=323110) to work on /home/phuc/Practice/DataScience/DSProject/venv/lib/python3.10/site-packages/airflow/example_dags/example_task_group_decorator.py
[2023-12-17T08:33:13.760+0700] {processor.py:829} INFO - Processing file /home/phuc/Practice/DataScience/DSProject/venv/lib/python3.10/site-packages/airflow/example_dags/example_task_group_decorator.py for tasks to queue
[2023-12-17T08:33:13.761+0700] {logging_mixin.py:154} INFO - [2023-12-17T08:33:13.761+0700] {dagbag.py:536} INFO - Filling up the DagBag from /home/phuc/Practice/DataScience/DSProject/venv/lib/python3.10/site-packages/airflow/example_dags/example_task_group_decorator.py
[2023-12-17T08:33:13.778+0700] {processor.py:839} INFO - DAG(s) dict_keys(['example_task_group_decorator']) retrieved from /home/phuc/Practice/DataScience/DSProject/venv/lib/python3.10/site-packages/airflow/example_dags/example_task_group_decorator.py
[2023-12-17T08:33:13.788+0700] {logging_mixin.py:154} INFO - [2023-12-17T08:33:13.788+0700] {dag.py:2941} INFO - Sync 1 DAGs
[2023-12-17T08:33:13.796+0700] {logging_mixin.py:154} INFO - [2023-12-17T08:33:13.796+0700] {dag.py:3722} INFO - Setting next_dagrun for example_task_group_decorator to 2023-12-16T01:33:13.796301+00:00, run_after=2023-12-17T01:33:13.796301+00:00
[2023-12-17T08:33:13.806+0700] {processor.py:179} INFO - Processing /home/phuc/Practice/DataScience/DSProject/venv/lib/python3.10/site-packages/airflow/example_dags/example_task_group_decorator.py took 0.056 seconds
[2023-12-17T08:34:05.545+0700] {processor.py:157} INFO - Started process (PID=323428) to work on /home/phuc/Practice/DataScience/DSProject/venv/lib/python3.10/site-packages/airflow/example_dags/example_task_group_decorator.py
[2023-12-17T08:34:05.552+0700] {processor.py:829} INFO - Processing file /home/phuc/Practice/DataScience/DSProject/venv/lib/python3.10/site-packages/airflow/example_dags/example_task_group_decorator.py for tasks to queue
[2023-12-17T08:34:05.552+0700] {logging_mixin.py:154} INFO - [2023-12-17T08:34:05.552+0700] {dagbag.py:536} INFO - Filling up the DagBag from /home/phuc/Practice/DataScience/DSProject/venv/lib/python3.10/site-packages/airflow/example_dags/example_task_group_decorator.py
[2023-12-17T08:34:05.560+0700] {processor.py:839} INFO - DAG(s) dict_keys(['example_task_group_decorator']) retrieved from /home/phuc/Practice/DataScience/DSProject/venv/lib/python3.10/site-packages/airflow/example_dags/example_task_group_decorator.py
[2023-12-17T08:34:05.571+0700] {logging_mixin.py:154} INFO - [2023-12-17T08:34:05.571+0700] {dag.py:2941} INFO - Sync 1 DAGs
[2023-12-17T08:34:05.580+0700] {logging_mixin.py:154} INFO - [2023-12-17T08:34:05.580+0700] {dag.py:3722} INFO - Setting next_dagrun for example_task_group_decorator to 2023-12-16T01:34:05.580386+00:00, run_after=2023-12-17T01:34:05.580386+00:00
[2023-12-17T08:34:05.591+0700] {processor.py:179} INFO - Processing /home/phuc/Practice/DataScience/DSProject/venv/lib/python3.10/site-packages/airflow/example_dags/example_task_group_decorator.py took 0.048 seconds
[2023-12-17T08:34:59.513+0700] {processor.py:157} INFO - Started process (PID=323932) to work on /home/phuc/Practice/DataScience/DSProject/venv/lib/python3.10/site-packages/airflow/example_dags/example_task_group_decorator.py
[2023-12-17T08:34:59.520+0700] {processor.py:829} INFO - Processing file /home/phuc/Practice/DataScience/DSProject/venv/lib/python3.10/site-packages/airflow/example_dags/example_task_group_decorator.py for tasks to queue
[2023-12-17T08:34:59.521+0700] {logging_mixin.py:154} INFO - [2023-12-17T08:34:59.520+0700] {dagbag.py:536} INFO - Filling up the DagBag from /home/phuc/Practice/DataScience/DSProject/venv/lib/python3.10/site-packages/airflow/example_dags/example_task_group_decorator.py
[2023-12-17T08:34:59.535+0700] {processor.py:839} INFO - DAG(s) dict_keys(['example_task_group_decorator']) retrieved from /home/phuc/Practice/DataScience/DSProject/venv/lib/python3.10/site-packages/airflow/example_dags/example_task_group_decorator.py
[2023-12-17T08:34:59.545+0700] {logging_mixin.py:154} INFO - [2023-12-17T08:34:59.545+0700] {dag.py:2941} INFO - Sync 1 DAGs
[2023-12-17T08:34:59.554+0700] {logging_mixin.py:154} INFO - [2023-12-17T08:34:59.554+0700] {dag.py:3722} INFO - Setting next_dagrun for example_task_group_decorator to 2023-12-16T01:34:59.554033+00:00, run_after=2023-12-17T01:34:59.554033+00:00
[2023-12-17T08:34:59.564+0700] {processor.py:179} INFO - Processing /home/phuc/Practice/DataScience/DSProject/venv/lib/python3.10/site-packages/airflow/example_dags/example_task_group_decorator.py took 0.053 seconds
[2023-12-17T08:35:53.243+0700] {processor.py:157} INFO - Started process (PID=324328) to work on /home/phuc/Practice/DataScience/DSProject/venv/lib/python3.10/site-packages/airflow/example_dags/example_task_group_decorator.py
[2023-12-17T08:35:53.251+0700] {processor.py:829} INFO - Processing file /home/phuc/Practice/DataScience/DSProject/venv/lib/python3.10/site-packages/airflow/example_dags/example_task_group_decorator.py for tasks to queue
[2023-12-17T08:35:53.252+0700] {logging_mixin.py:154} INFO - [2023-12-17T08:35:53.252+0700] {dagbag.py:536} INFO - Filling up the DagBag from /home/phuc/Practice/DataScience/DSProject/venv/lib/python3.10/site-packages/airflow/example_dags/example_task_group_decorator.py
[2023-12-17T08:35:53.269+0700] {processor.py:839} INFO - DAG(s) dict_keys(['example_task_group_decorator']) retrieved from /home/phuc/Practice/DataScience/DSProject/venv/lib/python3.10/site-packages/airflow/example_dags/example_task_group_decorator.py
[2023-12-17T08:35:53.279+0700] {logging_mixin.py:154} INFO - [2023-12-17T08:35:53.278+0700] {dag.py:2941} INFO - Sync 1 DAGs
[2023-12-17T08:35:53.287+0700] {logging_mixin.py:154} INFO - [2023-12-17T08:35:53.287+0700] {dag.py:3722} INFO - Setting next_dagrun for example_task_group_decorator to 2023-12-16T01:35:53.287014+00:00, run_after=2023-12-17T01:35:53.287014+00:00
[2023-12-17T08:35:53.296+0700] {processor.py:179} INFO - Processing /home/phuc/Practice/DataScience/DSProject/venv/lib/python3.10/site-packages/airflow/example_dags/example_task_group_decorator.py took 0.056 seconds
