[2023-12-17T08:03:31.146+0700] {processor.py:157} INFO - Started process (PID=309835) to work on /home/phuc/Practice/DataScience/DSProject/venv/lib/python3.10/site-packages/airflow/example_dags/example_subdag_operator.py
[2023-12-17T08:03:31.147+0700] {processor.py:829} INFO - Processing file /home/phuc/Practice/DataScience/DSProject/venv/lib/python3.10/site-packages/airflow/example_dags/example_subdag_operator.py for tasks to queue
[2023-12-17T08:03:31.148+0700] {logging_mixin.py:154} INFO - [2023-12-17T08:03:31.147+0700] {dagbag.py:536} INFO - Filling up the DagBag from /home/phuc/Practice/DataScience/DSProject/venv/lib/python3.10/site-packages/airflow/example_dags/example_subdag_operator.py
[2023-12-17T08:03:31.165+0700] {processor.py:839} INFO - DAG(s) dict_keys(['example_subdag_operator.section-1', 'example_subdag_operator.section-2', 'example_subdag_operator']) retrieved from /home/phuc/Practice/DataScience/DSProject/venv/lib/python3.10/site-packages/airflow/example_dags/example_subdag_operator.py
[2023-12-17T08:03:31.255+0700] {logging_mixin.py:154} INFO - [2023-12-17T08:03:31.254+0700] {manager.py:499} INFO - Created Permission View: %s
[2023-12-17T08:03:31.263+0700] {logging_mixin.py:154} INFO - [2023-12-17T08:03:31.263+0700] {manager.py:499} INFO - Created Permission View: %s
[2023-12-17T08:03:31.269+0700] {logging_mixin.py:154} INFO - [2023-12-17T08:03:31.268+0700] {manager.py:499} INFO - Created Permission View: %s
[2023-12-17T08:03:31.269+0700] {logging_mixin.py:154} INFO - [2023-12-17T08:03:31.269+0700] {dag.py:2941} INFO - Sync 3 DAGs
[2023-12-17T08:03:31.277+0700] {logging_mixin.py:154} INFO - [2023-12-17T08:03:31.277+0700] {dag.py:2963} INFO - Creating ORM DAG for example_subdag_operator.section-1
[2023-12-17T08:03:31.277+0700] {logging_mixin.py:154} INFO - [2023-12-17T08:03:31.277+0700] {dag.py:2963} INFO - Creating ORM DAG for example_subdag_operator
[2023-12-17T08:03:31.278+0700] {logging_mixin.py:154} INFO - [2023-12-17T08:03:31.277+0700] {dag.py:2963} INFO - Creating ORM DAG for example_subdag_operator.section-2
[2023-12-17T08:03:31.284+0700] {logging_mixin.py:154} INFO - [2023-12-17T08:03:31.284+0700] {dag.py:3722} INFO - Setting next_dagrun for example_subdag_operator to 2022-01-01T00:00:00+00:00, run_after=2022-01-01T00:00:00+00:00
[2023-12-17T08:03:31.285+0700] {logging_mixin.py:154} INFO - [2023-12-17T08:03:31.284+0700] {dag.py:3722} INFO - Setting next_dagrun for example_subdag_operator.section-1 to None, run_after=None
[2023-12-17T08:03:31.285+0700] {logging_mixin.py:154} INFO - [2023-12-17T08:03:31.285+0700] {dag.py:3722} INFO - Setting next_dagrun for example_subdag_operator.section-2 to None, run_after=None
[2023-12-17T08:03:31.291+0700] {logging_mixin.py:154} INFO - [2023-12-17T08:03:31.291+0700] {dag.py:2941} INFO - Sync 2 DAGs
[2023-12-17T08:03:31.294+0700] {logging_mixin.py:154} INFO - [2023-12-17T08:03:31.294+0700] {dag.py:3722} INFO - Setting next_dagrun for example_subdag_operator.section-1 to None, run_after=None
[2023-12-17T08:03:31.296+0700] {logging_mixin.py:154} INFO - [2023-12-17T08:03:31.296+0700] {dag.py:3722} INFO - Setting next_dagrun for example_subdag_operator.section-2 to None, run_after=None
[2023-12-17T08:03:31.306+0700] {processor.py:179} INFO - Processing /home/phuc/Practice/DataScience/DSProject/venv/lib/python3.10/site-packages/airflow/example_dags/example_subdag_operator.py took 0.163 seconds
[2023-12-17T08:05:46.311+0700] {processor.py:157} INFO - Started process (PID=311066) to work on /home/phuc/Practice/DataScience/DSProject/venv/lib/python3.10/site-packages/airflow/example_dags/example_subdag_operator.py
[2023-12-17T08:05:46.319+0700] {processor.py:829} INFO - Processing file /home/phuc/Practice/DataScience/DSProject/venv/lib/python3.10/site-packages/airflow/example_dags/example_subdag_operator.py for tasks to queue
[2023-12-17T08:05:46.320+0700] {logging_mixin.py:154} INFO - [2023-12-17T08:05:46.320+0700] {dagbag.py:536} INFO - Filling up the DagBag from /home/phuc/Practice/DataScience/DSProject/venv/lib/python3.10/site-packages/airflow/example_dags/example_subdag_operator.py
[2023-12-17T08:05:46.342+0700] {processor.py:839} INFO - DAG(s) dict_keys(['example_subdag_operator.section-1', 'example_subdag_operator.section-2', 'example_subdag_operator']) retrieved from /home/phuc/Practice/DataScience/DSProject/venv/lib/python3.10/site-packages/airflow/example_dags/example_subdag_operator.py
[2023-12-17T08:05:46.352+0700] {logging_mixin.py:154} INFO - [2023-12-17T08:05:46.351+0700] {dag.py:2941} INFO - Sync 3 DAGs
[2023-12-17T08:05:46.364+0700] {logging_mixin.py:154} INFO - [2023-12-17T08:05:46.364+0700] {dag.py:3722} INFO - Setting next_dagrun for example_subdag_operator to 2022-01-01T00:00:00+00:00, run_after=2022-01-01T00:00:00+00:00
[2023-12-17T08:05:46.366+0700] {logging_mixin.py:154} INFO - [2023-12-17T08:05:46.366+0700] {dag.py:3722} INFO - Setting next_dagrun for example_subdag_operator.section-1 to None, run_after=None
[2023-12-17T08:05:46.367+0700] {logging_mixin.py:154} INFO - [2023-12-17T08:05:46.366+0700] {dag.py:3722} INFO - Setting next_dagrun for example_subdag_operator.section-2 to None, run_after=None
[2023-12-17T08:05:46.371+0700] {logging_mixin.py:154} INFO - [2023-12-17T08:05:46.371+0700] {dag.py:2941} INFO - Sync 2 DAGs
[2023-12-17T08:05:46.374+0700] {logging_mixin.py:154} INFO - [2023-12-17T08:05:46.374+0700] {dag.py:3722} INFO - Setting next_dagrun for example_subdag_operator.section-1 to None, run_after=None
[2023-12-17T08:05:46.374+0700] {logging_mixin.py:154} INFO - [2023-12-17T08:05:46.374+0700] {dag.py:3722} INFO - Setting next_dagrun for example_subdag_operator.section-2 to None, run_after=None
[2023-12-17T08:05:46.386+0700] {processor.py:179} INFO - Processing /home/phuc/Practice/DataScience/DSProject/venv/lib/python3.10/site-packages/airflow/example_dags/example_subdag_operator.py took 0.079 seconds
[2023-12-17T08:06:34.335+0700] {processor.py:157} INFO - Started process (PID=311588) to work on /home/phuc/Practice/DataScience/DSProject/venv/lib/python3.10/site-packages/airflow/example_dags/example_subdag_operator.py
[2023-12-17T08:06:34.336+0700] {processor.py:829} INFO - Processing file /home/phuc/Practice/DataScience/DSProject/venv/lib/python3.10/site-packages/airflow/example_dags/example_subdag_operator.py for tasks to queue
[2023-12-17T08:06:34.337+0700] {logging_mixin.py:154} INFO - [2023-12-17T08:06:34.337+0700] {dagbag.py:536} INFO - Filling up the DagBag from /home/phuc/Practice/DataScience/DSProject/venv/lib/python3.10/site-packages/airflow/example_dags/example_subdag_operator.py
[2023-12-17T08:06:34.358+0700] {processor.py:839} INFO - DAG(s) dict_keys(['example_subdag_operator.section-1', 'example_subdag_operator.section-2', 'example_subdag_operator']) retrieved from /home/phuc/Practice/DataScience/DSProject/venv/lib/python3.10/site-packages/airflow/example_dags/example_subdag_operator.py
[2023-12-17T08:06:34.371+0700] {logging_mixin.py:154} INFO - [2023-12-17T08:06:34.371+0700] {dag.py:2941} INFO - Sync 3 DAGs
[2023-12-17T08:06:34.385+0700] {logging_mixin.py:154} INFO - [2023-12-17T08:06:34.385+0700] {dag.py:3722} INFO - Setting next_dagrun for example_subdag_operator to 2022-01-01T00:00:00+00:00, run_after=2022-01-01T00:00:00+00:00
[2023-12-17T08:06:34.387+0700] {logging_mixin.py:154} INFO - [2023-12-17T08:06:34.387+0700] {dag.py:3722} INFO - Setting next_dagrun for example_subdag_operator.section-1 to None, run_after=None
[2023-12-17T08:06:34.388+0700] {logging_mixin.py:154} INFO - [2023-12-17T08:06:34.388+0700] {dag.py:3722} INFO - Setting next_dagrun for example_subdag_operator.section-2 to None, run_after=None
[2023-12-17T08:06:34.392+0700] {logging_mixin.py:154} INFO - [2023-12-17T08:06:34.392+0700] {dag.py:2941} INFO - Sync 2 DAGs
[2023-12-17T08:06:34.396+0700] {logging_mixin.py:154} INFO - [2023-12-17T08:06:34.395+0700] {dag.py:3722} INFO - Setting next_dagrun for example_subdag_operator.section-1 to None, run_after=None
[2023-12-17T08:06:34.396+0700] {logging_mixin.py:154} INFO - [2023-12-17T08:06:34.396+0700] {dag.py:3722} INFO - Setting next_dagrun for example_subdag_operator.section-2 to None, run_after=None
[2023-12-17T08:06:34.406+0700] {processor.py:179} INFO - Processing /home/phuc/Practice/DataScience/DSProject/venv/lib/python3.10/site-packages/airflow/example_dags/example_subdag_operator.py took 0.074 seconds
[2023-12-17T08:07:27.072+0700] {processor.py:157} INFO - Started process (PID=312133) to work on /home/phuc/Practice/DataScience/DSProject/venv/lib/python3.10/site-packages/airflow/example_dags/example_subdag_operator.py
[2023-12-17T08:07:27.079+0700] {processor.py:829} INFO - Processing file /home/phuc/Practice/DataScience/DSProject/venv/lib/python3.10/site-packages/airflow/example_dags/example_subdag_operator.py for tasks to queue
[2023-12-17T08:07:27.080+0700] {logging_mixin.py:154} INFO - [2023-12-17T08:07:27.080+0700] {dagbag.py:536} INFO - Filling up the DagBag from /home/phuc/Practice/DataScience/DSProject/venv/lib/python3.10/site-packages/airflow/example_dags/example_subdag_operator.py
[2023-12-17T08:07:27.096+0700] {processor.py:839} INFO - DAG(s) dict_keys(['example_subdag_operator.section-1', 'example_subdag_operator.section-2', 'example_subdag_operator']) retrieved from /home/phuc/Practice/DataScience/DSProject/venv/lib/python3.10/site-packages/airflow/example_dags/example_subdag_operator.py
[2023-12-17T08:07:27.107+0700] {logging_mixin.py:154} INFO - [2023-12-17T08:07:27.107+0700] {dag.py:2941} INFO - Sync 3 DAGs
[2023-12-17T08:07:27.120+0700] {logging_mixin.py:154} INFO - [2023-12-17T08:07:27.119+0700] {dag.py:3722} INFO - Setting next_dagrun for example_subdag_operator to 2022-01-01T00:00:00+00:00, run_after=2022-01-01T00:00:00+00:00
[2023-12-17T08:07:27.122+0700] {logging_mixin.py:154} INFO - [2023-12-17T08:07:27.122+0700] {dag.py:3722} INFO - Setting next_dagrun for example_subdag_operator.section-1 to None, run_after=None
[2023-12-17T08:07:27.123+0700] {logging_mixin.py:154} INFO - [2023-12-17T08:07:27.122+0700] {dag.py:3722} INFO - Setting next_dagrun for example_subdag_operator.section-2 to None, run_after=None
[2023-12-17T08:07:27.127+0700] {logging_mixin.py:154} INFO - [2023-12-17T08:07:27.127+0700] {dag.py:2941} INFO - Sync 2 DAGs
[2023-12-17T08:07:27.130+0700] {logging_mixin.py:154} INFO - [2023-12-17T08:07:27.130+0700] {dag.py:3722} INFO - Setting next_dagrun for example_subdag_operator.section-1 to None, run_after=None
[2023-12-17T08:07:27.131+0700] {logging_mixin.py:154} INFO - [2023-12-17T08:07:27.131+0700] {dag.py:3722} INFO - Setting next_dagrun for example_subdag_operator.section-2 to None, run_after=None
[2023-12-17T08:07:27.142+0700] {processor.py:179} INFO - Processing /home/phuc/Practice/DataScience/DSProject/venv/lib/python3.10/site-packages/airflow/example_dags/example_subdag_operator.py took 0.072 seconds
[2023-12-17T08:08:43.796+0700] {processor.py:157} INFO - Started process (PID=313152) to work on /home/phuc/Practice/DataScience/DSProject/venv/lib/python3.10/site-packages/airflow/example_dags/example_subdag_operator.py
[2023-12-17T08:08:43.803+0700] {processor.py:829} INFO - Processing file /home/phuc/Practice/DataScience/DSProject/venv/lib/python3.10/site-packages/airflow/example_dags/example_subdag_operator.py for tasks to queue
[2023-12-17T08:08:43.805+0700] {logging_mixin.py:154} INFO - [2023-12-17T08:08:43.804+0700] {dagbag.py:536} INFO - Filling up the DagBag from /home/phuc/Practice/DataScience/DSProject/venv/lib/python3.10/site-packages/airflow/example_dags/example_subdag_operator.py
[2023-12-17T08:08:43.826+0700] {processor.py:839} INFO - DAG(s) dict_keys(['example_subdag_operator.section-1', 'example_subdag_operator.section-2', 'example_subdag_operator']) retrieved from /home/phuc/Practice/DataScience/DSProject/venv/lib/python3.10/site-packages/airflow/example_dags/example_subdag_operator.py
[2023-12-17T08:08:43.837+0700] {logging_mixin.py:154} INFO - [2023-12-17T08:08:43.836+0700] {dag.py:2941} INFO - Sync 3 DAGs
[2023-12-17T08:08:43.848+0700] {logging_mixin.py:154} INFO - [2023-12-17T08:08:43.848+0700] {dag.py:3722} INFO - Setting next_dagrun for example_subdag_operator to 2022-01-01T00:00:00+00:00, run_after=2022-01-01T00:00:00+00:00
[2023-12-17T08:08:43.850+0700] {logging_mixin.py:154} INFO - [2023-12-17T08:08:43.850+0700] {dag.py:3722} INFO - Setting next_dagrun for example_subdag_operator.section-1 to None, run_after=None
[2023-12-17T08:08:43.851+0700] {logging_mixin.py:154} INFO - [2023-12-17T08:08:43.851+0700] {dag.py:3722} INFO - Setting next_dagrun for example_subdag_operator.section-2 to None, run_after=None
[2023-12-17T08:08:43.854+0700] {logging_mixin.py:154} INFO - [2023-12-17T08:08:43.854+0700] {dag.py:2941} INFO - Sync 2 DAGs
[2023-12-17T08:08:43.858+0700] {logging_mixin.py:154} INFO - [2023-12-17T08:08:43.858+0700] {dag.py:3722} INFO - Setting next_dagrun for example_subdag_operator.section-1 to None, run_after=None
[2023-12-17T08:08:43.858+0700] {logging_mixin.py:154} INFO - [2023-12-17T08:08:43.858+0700] {dag.py:3722} INFO - Setting next_dagrun for example_subdag_operator.section-2 to None, run_after=None
[2023-12-17T08:08:43.868+0700] {processor.py:179} INFO - Processing /home/phuc/Practice/DataScience/DSProject/venv/lib/python3.10/site-packages/airflow/example_dags/example_subdag_operator.py took 0.075 seconds
[2023-12-17T08:09:29.258+0700] {processor.py:157} INFO - Started process (PID=313472) to work on /home/phuc/Practice/DataScience/DSProject/venv/lib/python3.10/site-packages/airflow/example_dags/example_subdag_operator.py
[2023-12-17T08:09:29.265+0700] {processor.py:829} INFO - Processing file /home/phuc/Practice/DataScience/DSProject/venv/lib/python3.10/site-packages/airflow/example_dags/example_subdag_operator.py for tasks to queue
[2023-12-17T08:09:29.267+0700] {logging_mixin.py:154} INFO - [2023-12-17T08:09:29.266+0700] {dagbag.py:536} INFO - Filling up the DagBag from /home/phuc/Practice/DataScience/DSProject/venv/lib/python3.10/site-packages/airflow/example_dags/example_subdag_operator.py
[2023-12-17T08:09:29.287+0700] {processor.py:839} INFO - DAG(s) dict_keys(['example_subdag_operator.section-1', 'example_subdag_operator.section-2', 'example_subdag_operator']) retrieved from /home/phuc/Practice/DataScience/DSProject/venv/lib/python3.10/site-packages/airflow/example_dags/example_subdag_operator.py
[2023-12-17T08:09:29.295+0700] {logging_mixin.py:154} INFO - [2023-12-17T08:09:29.295+0700] {dag.py:2941} INFO - Sync 3 DAGs
[2023-12-17T08:09:29.305+0700] {logging_mixin.py:154} INFO - [2023-12-17T08:09:29.304+0700] {dag.py:3722} INFO - Setting next_dagrun for example_subdag_operator to 2022-01-01T00:00:00+00:00, run_after=2022-01-01T00:00:00+00:00
[2023-12-17T08:09:29.306+0700] {logging_mixin.py:154} INFO - [2023-12-17T08:09:29.306+0700] {dag.py:3722} INFO - Setting next_dagrun for example_subdag_operator.section-1 to None, run_after=None
[2023-12-17T08:09:29.307+0700] {logging_mixin.py:154} INFO - [2023-12-17T08:09:29.307+0700] {dag.py:3722} INFO - Setting next_dagrun for example_subdag_operator.section-2 to None, run_after=None
[2023-12-17T08:09:29.310+0700] {logging_mixin.py:154} INFO - [2023-12-17T08:09:29.310+0700] {dag.py:2941} INFO - Sync 2 DAGs
[2023-12-17T08:09:29.313+0700] {logging_mixin.py:154} INFO - [2023-12-17T08:09:29.313+0700] {dag.py:3722} INFO - Setting next_dagrun for example_subdag_operator.section-1 to None, run_after=None
[2023-12-17T08:09:29.313+0700] {logging_mixin.py:154} INFO - [2023-12-17T08:09:29.313+0700] {dag.py:3722} INFO - Setting next_dagrun for example_subdag_operator.section-2 to None, run_after=None
[2023-12-17T08:09:29.321+0700] {processor.py:179} INFO - Processing /home/phuc/Practice/DataScience/DSProject/venv/lib/python3.10/site-packages/airflow/example_dags/example_subdag_operator.py took 0.068 seconds
[2023-12-17T08:10:16.980+0700] {processor.py:157} INFO - Started process (PID=313820) to work on /home/phuc/Practice/DataScience/DSProject/venv/lib/python3.10/site-packages/airflow/example_dags/example_subdag_operator.py
[2023-12-17T08:10:16.987+0700] {processor.py:829} INFO - Processing file /home/phuc/Practice/DataScience/DSProject/venv/lib/python3.10/site-packages/airflow/example_dags/example_subdag_operator.py for tasks to queue
[2023-12-17T08:10:16.988+0700] {logging_mixin.py:154} INFO - [2023-12-17T08:10:16.987+0700] {dagbag.py:536} INFO - Filling up the DagBag from /home/phuc/Practice/DataScience/DSProject/venv/lib/python3.10/site-packages/airflow/example_dags/example_subdag_operator.py
[2023-12-17T08:10:17.009+0700] {processor.py:839} INFO - DAG(s) dict_keys(['example_subdag_operator.section-1', 'example_subdag_operator.section-2', 'example_subdag_operator']) retrieved from /home/phuc/Practice/DataScience/DSProject/venv/lib/python3.10/site-packages/airflow/example_dags/example_subdag_operator.py
[2023-12-17T08:10:17.017+0700] {logging_mixin.py:154} INFO - [2023-12-17T08:10:17.017+0700] {dag.py:2941} INFO - Sync 3 DAGs
[2023-12-17T08:10:17.028+0700] {logging_mixin.py:154} INFO - [2023-12-17T08:10:17.027+0700] {dag.py:3722} INFO - Setting next_dagrun for example_subdag_operator to 2022-01-01T00:00:00+00:00, run_after=2022-01-01T00:00:00+00:00
[2023-12-17T08:10:17.031+0700] {logging_mixin.py:154} INFO - [2023-12-17T08:10:17.030+0700] {dag.py:3722} INFO - Setting next_dagrun for example_subdag_operator.section-1 to None, run_after=None
[2023-12-17T08:10:17.031+0700] {logging_mixin.py:154} INFO - [2023-12-17T08:10:17.031+0700] {dag.py:3722} INFO - Setting next_dagrun for example_subdag_operator.section-2 to None, run_after=None
[2023-12-17T08:10:17.036+0700] {logging_mixin.py:154} INFO - [2023-12-17T08:10:17.036+0700] {dag.py:2941} INFO - Sync 2 DAGs
[2023-12-17T08:10:17.040+0700] {logging_mixin.py:154} INFO - [2023-12-17T08:10:17.040+0700] {dag.py:3722} INFO - Setting next_dagrun for example_subdag_operator.section-1 to None, run_after=None
[2023-12-17T08:10:17.041+0700] {logging_mixin.py:154} INFO - [2023-12-17T08:10:17.041+0700] {dag.py:3722} INFO - Setting next_dagrun for example_subdag_operator.section-2 to None, run_after=None
[2023-12-17T08:10:17.050+0700] {processor.py:179} INFO - Processing /home/phuc/Practice/DataScience/DSProject/venv/lib/python3.10/site-packages/airflow/example_dags/example_subdag_operator.py took 0.074 seconds
[2023-12-17T08:11:08.867+0700] {processor.py:157} INFO - Started process (PID=314054) to work on /home/phuc/Practice/DataScience/DSProject/venv/lib/python3.10/site-packages/airflow/example_dags/example_subdag_operator.py
[2023-12-17T08:11:08.874+0700] {processor.py:829} INFO - Processing file /home/phuc/Practice/DataScience/DSProject/venv/lib/python3.10/site-packages/airflow/example_dags/example_subdag_operator.py for tasks to queue
[2023-12-17T08:11:08.876+0700] {logging_mixin.py:154} INFO - [2023-12-17T08:11:08.875+0700] {dagbag.py:536} INFO - Filling up the DagBag from /home/phuc/Practice/DataScience/DSProject/venv/lib/python3.10/site-packages/airflow/example_dags/example_subdag_operator.py
[2023-12-17T08:11:08.896+0700] {processor.py:839} INFO - DAG(s) dict_keys(['example_subdag_operator.section-1', 'example_subdag_operator.section-2', 'example_subdag_operator']) retrieved from /home/phuc/Practice/DataScience/DSProject/venv/lib/python3.10/site-packages/airflow/example_dags/example_subdag_operator.py
[2023-12-17T08:11:08.904+0700] {logging_mixin.py:154} INFO - [2023-12-17T08:11:08.904+0700] {dag.py:2941} INFO - Sync 3 DAGs
[2023-12-17T08:11:08.913+0700] {logging_mixin.py:154} INFO - [2023-12-17T08:11:08.913+0700] {dag.py:3722} INFO - Setting next_dagrun for example_subdag_operator to 2022-01-01T00:00:00+00:00, run_after=2022-01-01T00:00:00+00:00
[2023-12-17T08:11:08.914+0700] {logging_mixin.py:154} INFO - [2023-12-17T08:11:08.914+0700] {dag.py:3722} INFO - Setting next_dagrun for example_subdag_operator.section-1 to None, run_after=None
[2023-12-17T08:11:08.915+0700] {logging_mixin.py:154} INFO - [2023-12-17T08:11:08.915+0700] {dag.py:3722} INFO - Setting next_dagrun for example_subdag_operator.section-2 to None, run_after=None
[2023-12-17T08:11:08.918+0700] {logging_mixin.py:154} INFO - [2023-12-17T08:11:08.918+0700] {dag.py:2941} INFO - Sync 2 DAGs
[2023-12-17T08:11:08.920+0700] {logging_mixin.py:154} INFO - [2023-12-17T08:11:08.920+0700] {dag.py:3722} INFO - Setting next_dagrun for example_subdag_operator.section-1 to None, run_after=None
[2023-12-17T08:11:08.921+0700] {logging_mixin.py:154} INFO - [2023-12-17T08:11:08.921+0700] {dag.py:3722} INFO - Setting next_dagrun for example_subdag_operator.section-2 to None, run_after=None
[2023-12-17T08:11:08.928+0700] {processor.py:179} INFO - Processing /home/phuc/Practice/DataScience/DSProject/venv/lib/python3.10/site-packages/airflow/example_dags/example_subdag_operator.py took 0.064 seconds
[2023-12-17T08:11:55.791+0700] {processor.py:157} INFO - Started process (PID=314286) to work on /home/phuc/Practice/DataScience/DSProject/venv/lib/python3.10/site-packages/airflow/example_dags/example_subdag_operator.py
[2023-12-17T08:11:55.799+0700] {processor.py:829} INFO - Processing file /home/phuc/Practice/DataScience/DSProject/venv/lib/python3.10/site-packages/airflow/example_dags/example_subdag_operator.py for tasks to queue
[2023-12-17T08:11:55.800+0700] {logging_mixin.py:154} INFO - [2023-12-17T08:11:55.800+0700] {dagbag.py:536} INFO - Filling up the DagBag from /home/phuc/Practice/DataScience/DSProject/venv/lib/python3.10/site-packages/airflow/example_dags/example_subdag_operator.py
[2023-12-17T08:11:55.820+0700] {processor.py:839} INFO - DAG(s) dict_keys(['example_subdag_operator.section-1', 'example_subdag_operator.section-2', 'example_subdag_operator']) retrieved from /home/phuc/Practice/DataScience/DSProject/venv/lib/python3.10/site-packages/airflow/example_dags/example_subdag_operator.py
[2023-12-17T08:11:55.828+0700] {logging_mixin.py:154} INFO - [2023-12-17T08:11:55.827+0700] {dag.py:2941} INFO - Sync 3 DAGs
[2023-12-17T08:11:55.836+0700] {logging_mixin.py:154} INFO - [2023-12-17T08:11:55.836+0700] {dag.py:3722} INFO - Setting next_dagrun for example_subdag_operator to 2022-01-01T00:00:00+00:00, run_after=2022-01-01T00:00:00+00:00
[2023-12-17T08:11:55.837+0700] {logging_mixin.py:154} INFO - [2023-12-17T08:11:55.837+0700] {dag.py:3722} INFO - Setting next_dagrun for example_subdag_operator.section-1 to None, run_after=None
[2023-12-17T08:11:55.838+0700] {logging_mixin.py:154} INFO - [2023-12-17T08:11:55.838+0700] {dag.py:3722} INFO - Setting next_dagrun for example_subdag_operator.section-2 to None, run_after=None
[2023-12-17T08:11:55.841+0700] {logging_mixin.py:154} INFO - [2023-12-17T08:11:55.841+0700] {dag.py:2941} INFO - Sync 2 DAGs
[2023-12-17T08:11:55.843+0700] {logging_mixin.py:154} INFO - [2023-12-17T08:11:55.843+0700] {dag.py:3722} INFO - Setting next_dagrun for example_subdag_operator.section-1 to None, run_after=None
[2023-12-17T08:11:55.843+0700] {logging_mixin.py:154} INFO - [2023-12-17T08:11:55.843+0700] {dag.py:3722} INFO - Setting next_dagrun for example_subdag_operator.section-2 to None, run_after=None
[2023-12-17T08:11:55.852+0700] {processor.py:179} INFO - Processing /home/phuc/Practice/DataScience/DSProject/venv/lib/python3.10/site-packages/airflow/example_dags/example_subdag_operator.py took 0.065 seconds
[2023-12-17T08:12:48.428+0700] {processor.py:157} INFO - Started process (PID=314522) to work on /home/phuc/Practice/DataScience/DSProject/venv/lib/python3.10/site-packages/airflow/example_dags/example_subdag_operator.py
[2023-12-17T08:12:48.435+0700] {processor.py:829} INFO - Processing file /home/phuc/Practice/DataScience/DSProject/venv/lib/python3.10/site-packages/airflow/example_dags/example_subdag_operator.py for tasks to queue
[2023-12-17T08:12:48.436+0700] {logging_mixin.py:154} INFO - [2023-12-17T08:12:48.436+0700] {dagbag.py:536} INFO - Filling up the DagBag from /home/phuc/Practice/DataScience/DSProject/venv/lib/python3.10/site-packages/airflow/example_dags/example_subdag_operator.py
[2023-12-17T08:12:48.457+0700] {processor.py:839} INFO - DAG(s) dict_keys(['example_subdag_operator.section-1', 'example_subdag_operator.section-2', 'example_subdag_operator']) retrieved from /home/phuc/Practice/DataScience/DSProject/venv/lib/python3.10/site-packages/airflow/example_dags/example_subdag_operator.py
[2023-12-17T08:12:48.465+0700] {logging_mixin.py:154} INFO - [2023-12-17T08:12:48.465+0700] {dag.py:2941} INFO - Sync 3 DAGs
[2023-12-17T08:12:48.473+0700] {logging_mixin.py:154} INFO - [2023-12-17T08:12:48.473+0700] {dag.py:3722} INFO - Setting next_dagrun for example_subdag_operator to 2022-01-01T00:00:00+00:00, run_after=2022-01-01T00:00:00+00:00
[2023-12-17T08:12:48.475+0700] {logging_mixin.py:154} INFO - [2023-12-17T08:12:48.475+0700] {dag.py:3722} INFO - Setting next_dagrun for example_subdag_operator.section-1 to None, run_after=None
[2023-12-17T08:12:48.475+0700] {logging_mixin.py:154} INFO - [2023-12-17T08:12:48.475+0700] {dag.py:3722} INFO - Setting next_dagrun for example_subdag_operator.section-2 to None, run_after=None
[2023-12-17T08:12:48.478+0700] {logging_mixin.py:154} INFO - [2023-12-17T08:12:48.478+0700] {dag.py:2941} INFO - Sync 2 DAGs
[2023-12-17T08:12:48.481+0700] {logging_mixin.py:154} INFO - [2023-12-17T08:12:48.481+0700] {dag.py:3722} INFO - Setting next_dagrun for example_subdag_operator.section-1 to None, run_after=None
[2023-12-17T08:12:48.481+0700] {logging_mixin.py:154} INFO - [2023-12-17T08:12:48.481+0700] {dag.py:3722} INFO - Setting next_dagrun for example_subdag_operator.section-2 to None, run_after=None
[2023-12-17T08:12:48.489+0700] {processor.py:179} INFO - Processing /home/phuc/Practice/DataScience/DSProject/venv/lib/python3.10/site-packages/airflow/example_dags/example_subdag_operator.py took 0.064 seconds
[2023-12-17T08:13:38.743+0700] {processor.py:157} INFO - Started process (PID=314804) to work on /home/phuc/Practice/DataScience/DSProject/venv/lib/python3.10/site-packages/airflow/example_dags/example_subdag_operator.py
[2023-12-17T08:13:38.749+0700] {processor.py:829} INFO - Processing file /home/phuc/Practice/DataScience/DSProject/venv/lib/python3.10/site-packages/airflow/example_dags/example_subdag_operator.py for tasks to queue
[2023-12-17T08:13:38.750+0700] {logging_mixin.py:154} INFO - [2023-12-17T08:13:38.750+0700] {dagbag.py:536} INFO - Filling up the DagBag from /home/phuc/Practice/DataScience/DSProject/venv/lib/python3.10/site-packages/airflow/example_dags/example_subdag_operator.py
[2023-12-17T08:13:38.771+0700] {processor.py:839} INFO - DAG(s) dict_keys(['example_subdag_operator.section-1', 'example_subdag_operator.section-2', 'example_subdag_operator']) retrieved from /home/phuc/Practice/DataScience/DSProject/venv/lib/python3.10/site-packages/airflow/example_dags/example_subdag_operator.py
[2023-12-17T08:13:38.783+0700] {logging_mixin.py:154} INFO - [2023-12-17T08:13:38.783+0700] {dag.py:2941} INFO - Sync 3 DAGs
[2023-12-17T08:13:38.795+0700] {logging_mixin.py:154} INFO - [2023-12-17T08:13:38.795+0700] {dag.py:3722} INFO - Setting next_dagrun for example_subdag_operator to 2022-01-01T00:00:00+00:00, run_after=2022-01-01T00:00:00+00:00
[2023-12-17T08:13:38.798+0700] {logging_mixin.py:154} INFO - [2023-12-17T08:13:38.798+0700] {dag.py:3722} INFO - Setting next_dagrun for example_subdag_operator.section-1 to None, run_after=None
[2023-12-17T08:13:38.799+0700] {logging_mixin.py:154} INFO - [2023-12-17T08:13:38.799+0700] {dag.py:3722} INFO - Setting next_dagrun for example_subdag_operator.section-2 to None, run_after=None
[2023-12-17T08:13:38.804+0700] {logging_mixin.py:154} INFO - [2023-12-17T08:13:38.804+0700] {dag.py:2941} INFO - Sync 2 DAGs
[2023-12-17T08:13:38.807+0700] {logging_mixin.py:154} INFO - [2023-12-17T08:13:38.807+0700] {dag.py:3722} INFO - Setting next_dagrun for example_subdag_operator.section-1 to None, run_after=None
[2023-12-17T08:13:38.808+0700] {logging_mixin.py:154} INFO - [2023-12-17T08:13:38.808+0700] {dag.py:3722} INFO - Setting next_dagrun for example_subdag_operator.section-2 to None, run_after=None
[2023-12-17T08:13:38.819+0700] {processor.py:179} INFO - Processing /home/phuc/Practice/DataScience/DSProject/venv/lib/python3.10/site-packages/airflow/example_dags/example_subdag_operator.py took 0.079 seconds
[2023-12-17T08:14:31.288+0700] {processor.py:157} INFO - Started process (PID=315028) to work on /home/phuc/Practice/DataScience/DSProject/venv/lib/python3.10/site-packages/airflow/example_dags/example_subdag_operator.py
[2023-12-17T08:14:31.295+0700] {processor.py:829} INFO - Processing file /home/phuc/Practice/DataScience/DSProject/venv/lib/python3.10/site-packages/airflow/example_dags/example_subdag_operator.py for tasks to queue
[2023-12-17T08:14:31.297+0700] {logging_mixin.py:154} INFO - [2023-12-17T08:14:31.296+0700] {dagbag.py:536} INFO - Filling up the DagBag from /home/phuc/Practice/DataScience/DSProject/venv/lib/python3.10/site-packages/airflow/example_dags/example_subdag_operator.py
[2023-12-17T08:14:31.317+0700] {processor.py:839} INFO - DAG(s) dict_keys(['example_subdag_operator.section-1', 'example_subdag_operator.section-2', 'example_subdag_operator']) retrieved from /home/phuc/Practice/DataScience/DSProject/venv/lib/python3.10/site-packages/airflow/example_dags/example_subdag_operator.py
[2023-12-17T08:14:31.325+0700] {logging_mixin.py:154} INFO - [2023-12-17T08:14:31.325+0700] {dag.py:2941} INFO - Sync 3 DAGs
[2023-12-17T08:14:31.333+0700] {logging_mixin.py:154} INFO - [2023-12-17T08:14:31.333+0700] {dag.py:3722} INFO - Setting next_dagrun for example_subdag_operator to 2022-01-01T00:00:00+00:00, run_after=2022-01-01T00:00:00+00:00
[2023-12-17T08:14:31.335+0700] {logging_mixin.py:154} INFO - [2023-12-17T08:14:31.335+0700] {dag.py:3722} INFO - Setting next_dagrun for example_subdag_operator.section-1 to None, run_after=None
[2023-12-17T08:14:31.335+0700] {logging_mixin.py:154} INFO - [2023-12-17T08:14:31.335+0700] {dag.py:3722} INFO - Setting next_dagrun for example_subdag_operator.section-2 to None, run_after=None
[2023-12-17T08:14:31.338+0700] {logging_mixin.py:154} INFO - [2023-12-17T08:14:31.338+0700] {dag.py:2941} INFO - Sync 2 DAGs
[2023-12-17T08:14:31.341+0700] {logging_mixin.py:154} INFO - [2023-12-17T08:14:31.341+0700] {dag.py:3722} INFO - Setting next_dagrun for example_subdag_operator.section-1 to None, run_after=None
[2023-12-17T08:14:31.341+0700] {logging_mixin.py:154} INFO - [2023-12-17T08:14:31.341+0700] {dag.py:3722} INFO - Setting next_dagrun for example_subdag_operator.section-2 to None, run_after=None
[2023-12-17T08:14:31.349+0700] {processor.py:179} INFO - Processing /home/phuc/Practice/DataScience/DSProject/venv/lib/python3.10/site-packages/airflow/example_dags/example_subdag_operator.py took 0.062 seconds
[2023-12-17T08:15:25.403+0700] {processor.py:157} INFO - Started process (PID=315273) to work on /home/phuc/Practice/DataScience/DSProject/venv/lib/python3.10/site-packages/airflow/example_dags/example_subdag_operator.py
[2023-12-17T08:15:25.410+0700] {processor.py:829} INFO - Processing file /home/phuc/Practice/DataScience/DSProject/venv/lib/python3.10/site-packages/airflow/example_dags/example_subdag_operator.py for tasks to queue
[2023-12-17T08:15:25.411+0700] {logging_mixin.py:154} INFO - [2023-12-17T08:15:25.411+0700] {dagbag.py:536} INFO - Filling up the DagBag from /home/phuc/Practice/DataScience/DSProject/venv/lib/python3.10/site-packages/airflow/example_dags/example_subdag_operator.py
[2023-12-17T08:15:25.432+0700] {processor.py:839} INFO - DAG(s) dict_keys(['example_subdag_operator.section-1', 'example_subdag_operator.section-2', 'example_subdag_operator']) retrieved from /home/phuc/Practice/DataScience/DSProject/venv/lib/python3.10/site-packages/airflow/example_dags/example_subdag_operator.py
[2023-12-17T08:15:25.440+0700] {logging_mixin.py:154} INFO - [2023-12-17T08:15:25.440+0700] {dag.py:2941} INFO - Sync 3 DAGs
[2023-12-17T08:15:25.448+0700] {logging_mixin.py:154} INFO - [2023-12-17T08:15:25.448+0700] {dag.py:3722} INFO - Setting next_dagrun for example_subdag_operator to 2022-01-01T00:00:00+00:00, run_after=2022-01-01T00:00:00+00:00
[2023-12-17T08:15:25.450+0700] {logging_mixin.py:154} INFO - [2023-12-17T08:15:25.450+0700] {dag.py:3722} INFO - Setting next_dagrun for example_subdag_operator.section-1 to None, run_after=None
[2023-12-17T08:15:25.450+0700] {logging_mixin.py:154} INFO - [2023-12-17T08:15:25.450+0700] {dag.py:3722} INFO - Setting next_dagrun for example_subdag_operator.section-2 to None, run_after=None
[2023-12-17T08:15:25.453+0700] {logging_mixin.py:154} INFO - [2023-12-17T08:15:25.453+0700] {dag.py:2941} INFO - Sync 2 DAGs
[2023-12-17T08:15:25.456+0700] {logging_mixin.py:154} INFO - [2023-12-17T08:15:25.456+0700] {dag.py:3722} INFO - Setting next_dagrun for example_subdag_operator.section-1 to None, run_after=None
[2023-12-17T08:15:25.456+0700] {logging_mixin.py:154} INFO - [2023-12-17T08:15:25.456+0700] {dag.py:3722} INFO - Setting next_dagrun for example_subdag_operator.section-2 to None, run_after=None
[2023-12-17T08:15:25.465+0700] {processor.py:179} INFO - Processing /home/phuc/Practice/DataScience/DSProject/venv/lib/python3.10/site-packages/airflow/example_dags/example_subdag_operator.py took 0.064 seconds
[2023-12-17T08:16:17.144+0700] {processor.py:157} INFO - Started process (PID=315591) to work on /home/phuc/Practice/DataScience/DSProject/venv/lib/python3.10/site-packages/airflow/example_dags/example_subdag_operator.py
[2023-12-17T08:16:17.151+0700] {processor.py:829} INFO - Processing file /home/phuc/Practice/DataScience/DSProject/venv/lib/python3.10/site-packages/airflow/example_dags/example_subdag_operator.py for tasks to queue
[2023-12-17T08:16:17.153+0700] {logging_mixin.py:154} INFO - [2023-12-17T08:16:17.152+0700] {dagbag.py:536} INFO - Filling up the DagBag from /home/phuc/Practice/DataScience/DSProject/venv/lib/python3.10/site-packages/airflow/example_dags/example_subdag_operator.py
[2023-12-17T08:16:17.172+0700] {processor.py:839} INFO - DAG(s) dict_keys(['example_subdag_operator.section-1', 'example_subdag_operator.section-2', 'example_subdag_operator']) retrieved from /home/phuc/Practice/DataScience/DSProject/venv/lib/python3.10/site-packages/airflow/example_dags/example_subdag_operator.py
[2023-12-17T08:16:17.182+0700] {logging_mixin.py:154} INFO - [2023-12-17T08:16:17.181+0700] {dag.py:2941} INFO - Sync 3 DAGs
[2023-12-17T08:16:17.191+0700] {logging_mixin.py:154} INFO - [2023-12-17T08:16:17.191+0700] {dag.py:3722} INFO - Setting next_dagrun for example_subdag_operator to 2022-01-01T00:00:00+00:00, run_after=2022-01-01T00:00:00+00:00
[2023-12-17T08:16:17.193+0700] {logging_mixin.py:154} INFO - [2023-12-17T08:16:17.193+0700] {dag.py:3722} INFO - Setting next_dagrun for example_subdag_operator.section-1 to None, run_after=None
[2023-12-17T08:16:17.194+0700] {logging_mixin.py:154} INFO - [2023-12-17T08:16:17.194+0700] {dag.py:3722} INFO - Setting next_dagrun for example_subdag_operator.section-2 to None, run_after=None
[2023-12-17T08:16:17.197+0700] {logging_mixin.py:154} INFO - [2023-12-17T08:16:17.197+0700] {dag.py:2941} INFO - Sync 2 DAGs
[2023-12-17T08:16:17.200+0700] {logging_mixin.py:154} INFO - [2023-12-17T08:16:17.200+0700] {dag.py:3722} INFO - Setting next_dagrun for example_subdag_operator.section-1 to None, run_after=None
[2023-12-17T08:16:17.201+0700] {logging_mixin.py:154} INFO - [2023-12-17T08:16:17.200+0700] {dag.py:3722} INFO - Setting next_dagrun for example_subdag_operator.section-2 to None, run_after=None
[2023-12-17T08:16:17.210+0700] {processor.py:179} INFO - Processing /home/phuc/Practice/DataScience/DSProject/venv/lib/python3.10/site-packages/airflow/example_dags/example_subdag_operator.py took 0.071 seconds
[2023-12-17T08:18:02.651+0700] {processor.py:157} INFO - Started process (PID=316459) to work on /home/phuc/Practice/DataScience/DSProject/venv/lib/python3.10/site-packages/airflow/example_dags/example_subdag_operator.py
[2023-12-17T08:18:02.657+0700] {processor.py:829} INFO - Processing file /home/phuc/Practice/DataScience/DSProject/venv/lib/python3.10/site-packages/airflow/example_dags/example_subdag_operator.py for tasks to queue
[2023-12-17T08:18:02.659+0700] {logging_mixin.py:154} INFO - [2023-12-17T08:18:02.658+0700] {dagbag.py:536} INFO - Filling up the DagBag from /home/phuc/Practice/DataScience/DSProject/venv/lib/python3.10/site-packages/airflow/example_dags/example_subdag_operator.py
[2023-12-17T08:18:02.680+0700] {processor.py:839} INFO - DAG(s) dict_keys(['example_subdag_operator.section-1', 'example_subdag_operator.section-2', 'example_subdag_operator']) retrieved from /home/phuc/Practice/DataScience/DSProject/venv/lib/python3.10/site-packages/airflow/example_dags/example_subdag_operator.py
[2023-12-17T08:18:02.687+0700] {logging_mixin.py:154} INFO - [2023-12-17T08:18:02.687+0700] {dag.py:2941} INFO - Sync 3 DAGs
[2023-12-17T08:18:02.696+0700] {logging_mixin.py:154} INFO - [2023-12-17T08:18:02.696+0700] {dag.py:3722} INFO - Setting next_dagrun for example_subdag_operator to 2022-01-01T00:00:00+00:00, run_after=2022-01-01T00:00:00+00:00
[2023-12-17T08:18:02.698+0700] {logging_mixin.py:154} INFO - [2023-12-17T08:18:02.697+0700] {dag.py:3722} INFO - Setting next_dagrun for example_subdag_operator.section-1 to None, run_after=None
[2023-12-17T08:18:02.698+0700] {logging_mixin.py:154} INFO - [2023-12-17T08:18:02.698+0700] {dag.py:3722} INFO - Setting next_dagrun for example_subdag_operator.section-2 to None, run_after=None
[2023-12-17T08:18:02.701+0700] {logging_mixin.py:154} INFO - [2023-12-17T08:18:02.701+0700] {dag.py:2941} INFO - Sync 2 DAGs
[2023-12-17T08:18:02.703+0700] {logging_mixin.py:154} INFO - [2023-12-17T08:18:02.703+0700] {dag.py:3722} INFO - Setting next_dagrun for example_subdag_operator.section-1 to None, run_after=None
[2023-12-17T08:18:02.704+0700] {logging_mixin.py:154} INFO - [2023-12-17T08:18:02.704+0700] {dag.py:3722} INFO - Setting next_dagrun for example_subdag_operator.section-2 to None, run_after=None
[2023-12-17T08:18:02.711+0700] {processor.py:179} INFO - Processing /home/phuc/Practice/DataScience/DSProject/venv/lib/python3.10/site-packages/airflow/example_dags/example_subdag_operator.py took 0.064 seconds
[2023-12-17T08:18:49.047+0700] {processor.py:157} INFO - Started process (PID=316817) to work on /home/phuc/Practice/DataScience/DSProject/venv/lib/python3.10/site-packages/airflow/example_dags/example_subdag_operator.py
[2023-12-17T08:18:49.054+0700] {processor.py:829} INFO - Processing file /home/phuc/Practice/DataScience/DSProject/venv/lib/python3.10/site-packages/airflow/example_dags/example_subdag_operator.py for tasks to queue
[2023-12-17T08:18:49.056+0700] {logging_mixin.py:154} INFO - [2023-12-17T08:18:49.055+0700] {dagbag.py:536} INFO - Filling up the DagBag from /home/phuc/Practice/DataScience/DSProject/venv/lib/python3.10/site-packages/airflow/example_dags/example_subdag_operator.py
[2023-12-17T08:18:49.076+0700] {processor.py:839} INFO - DAG(s) dict_keys(['example_subdag_operator.section-1', 'example_subdag_operator.section-2', 'example_subdag_operator']) retrieved from /home/phuc/Practice/DataScience/DSProject/venv/lib/python3.10/site-packages/airflow/example_dags/example_subdag_operator.py
[2023-12-17T08:18:49.091+0700] {logging_mixin.py:154} INFO - [2023-12-17T08:18:49.090+0700] {dag.py:2941} INFO - Sync 3 DAGs
[2023-12-17T08:18:49.107+0700] {logging_mixin.py:154} INFO - [2023-12-17T08:18:49.107+0700] {dag.py:3722} INFO - Setting next_dagrun for example_subdag_operator to 2022-01-01T00:00:00+00:00, run_after=2022-01-01T00:00:00+00:00
[2023-12-17T08:18:49.110+0700] {logging_mixin.py:154} INFO - [2023-12-17T08:18:49.110+0700] {dag.py:3722} INFO - Setting next_dagrun for example_subdag_operator.section-1 to None, run_after=None
[2023-12-17T08:18:49.111+0700] {logging_mixin.py:154} INFO - [2023-12-17T08:18:49.111+0700] {dag.py:3722} INFO - Setting next_dagrun for example_subdag_operator.section-2 to None, run_after=None
[2023-12-17T08:18:49.117+0700] {logging_mixin.py:154} INFO - [2023-12-17T08:18:49.116+0700] {dag.py:2941} INFO - Sync 2 DAGs
[2023-12-17T08:18:49.121+0700] {logging_mixin.py:154} INFO - [2023-12-17T08:18:49.121+0700] {dag.py:3722} INFO - Setting next_dagrun for example_subdag_operator.section-1 to None, run_after=None
[2023-12-17T08:18:49.122+0700] {logging_mixin.py:154} INFO - [2023-12-17T08:18:49.121+0700] {dag.py:3722} INFO - Setting next_dagrun for example_subdag_operator.section-2 to None, run_after=None
[2023-12-17T08:18:49.135+0700] {processor.py:179} INFO - Processing /home/phuc/Practice/DataScience/DSProject/venv/lib/python3.10/site-packages/airflow/example_dags/example_subdag_operator.py took 0.091 seconds
[2023-12-17T08:19:39.251+0700] {processor.py:157} INFO - Started process (PID=317335) to work on /home/phuc/Practice/DataScience/DSProject/venv/lib/python3.10/site-packages/airflow/example_dags/example_subdag_operator.py
[2023-12-17T08:19:39.252+0700] {processor.py:829} INFO - Processing file /home/phuc/Practice/DataScience/DSProject/venv/lib/python3.10/site-packages/airflow/example_dags/example_subdag_operator.py for tasks to queue
[2023-12-17T08:19:39.253+0700] {logging_mixin.py:154} INFO - [2023-12-17T08:19:39.252+0700] {dagbag.py:536} INFO - Filling up the DagBag from /home/phuc/Practice/DataScience/DSProject/venv/lib/python3.10/site-packages/airflow/example_dags/example_subdag_operator.py
[2023-12-17T08:19:39.270+0700] {processor.py:839} INFO - DAG(s) dict_keys(['example_subdag_operator.section-1', 'example_subdag_operator.section-2', 'example_subdag_operator']) retrieved from /home/phuc/Practice/DataScience/DSProject/venv/lib/python3.10/site-packages/airflow/example_dags/example_subdag_operator.py
[2023-12-17T08:19:39.283+0700] {logging_mixin.py:154} INFO - [2023-12-17T08:19:39.283+0700] {dag.py:2941} INFO - Sync 3 DAGs
[2023-12-17T08:19:39.297+0700] {logging_mixin.py:154} INFO - [2023-12-17T08:19:39.297+0700] {dag.py:3722} INFO - Setting next_dagrun for example_subdag_operator to 2022-01-01T00:00:00+00:00, run_after=2022-01-01T00:00:00+00:00
[2023-12-17T08:19:39.299+0700] {logging_mixin.py:154} INFO - [2023-12-17T08:19:39.299+0700] {dag.py:3722} INFO - Setting next_dagrun for example_subdag_operator.section-1 to None, run_after=None
[2023-12-17T08:19:39.300+0700] {logging_mixin.py:154} INFO - [2023-12-17T08:19:39.299+0700] {dag.py:3722} INFO - Setting next_dagrun for example_subdag_operator.section-2 to None, run_after=None
[2023-12-17T08:19:39.304+0700] {logging_mixin.py:154} INFO - [2023-12-17T08:19:39.304+0700] {dag.py:2941} INFO - Sync 2 DAGs
[2023-12-17T08:19:39.307+0700] {logging_mixin.py:154} INFO - [2023-12-17T08:19:39.307+0700] {dag.py:3722} INFO - Setting next_dagrun for example_subdag_operator.section-1 to None, run_after=None
[2023-12-17T08:19:39.308+0700] {logging_mixin.py:154} INFO - [2023-12-17T08:19:39.308+0700] {dag.py:3722} INFO - Setting next_dagrun for example_subdag_operator.section-2 to None, run_after=None
[2023-12-17T08:19:39.318+0700] {processor.py:179} INFO - Processing /home/phuc/Practice/DataScience/DSProject/venv/lib/python3.10/site-packages/airflow/example_dags/example_subdag_operator.py took 0.070 seconds
[2023-12-17T08:20:35.329+0700] {processor.py:157} INFO - Started process (PID=317917) to work on /home/phuc/Practice/DataScience/DSProject/venv/lib/python3.10/site-packages/airflow/example_dags/example_subdag_operator.py
[2023-12-17T08:20:35.336+0700] {processor.py:829} INFO - Processing file /home/phuc/Practice/DataScience/DSProject/venv/lib/python3.10/site-packages/airflow/example_dags/example_subdag_operator.py for tasks to queue
[2023-12-17T08:20:35.338+0700] {logging_mixin.py:154} INFO - [2023-12-17T08:20:35.337+0700] {dagbag.py:536} INFO - Filling up the DagBag from /home/phuc/Practice/DataScience/DSProject/venv/lib/python3.10/site-packages/airflow/example_dags/example_subdag_operator.py
[2023-12-17T08:20:35.359+0700] {processor.py:839} INFO - DAG(s) dict_keys(['example_subdag_operator.section-1', 'example_subdag_operator.section-2', 'example_subdag_operator']) retrieved from /home/phuc/Practice/DataScience/DSProject/venv/lib/python3.10/site-packages/airflow/example_dags/example_subdag_operator.py
[2023-12-17T08:20:35.370+0700] {logging_mixin.py:154} INFO - [2023-12-17T08:20:35.370+0700] {dag.py:2941} INFO - Sync 3 DAGs
[2023-12-17T08:20:35.382+0700] {logging_mixin.py:154} INFO - [2023-12-17T08:20:35.382+0700] {dag.py:3722} INFO - Setting next_dagrun for example_subdag_operator to 2022-01-01T00:00:00+00:00, run_after=2022-01-01T00:00:00+00:00
[2023-12-17T08:20:35.384+0700] {logging_mixin.py:154} INFO - [2023-12-17T08:20:35.384+0700] {dag.py:3722} INFO - Setting next_dagrun for example_subdag_operator.section-1 to None, run_after=None
[2023-12-17T08:20:35.385+0700] {logging_mixin.py:154} INFO - [2023-12-17T08:20:35.384+0700] {dag.py:3722} INFO - Setting next_dagrun for example_subdag_operator.section-2 to None, run_after=None
[2023-12-17T08:20:35.388+0700] {logging_mixin.py:154} INFO - [2023-12-17T08:20:35.388+0700] {dag.py:2941} INFO - Sync 2 DAGs
[2023-12-17T08:20:35.392+0700] {logging_mixin.py:154} INFO - [2023-12-17T08:20:35.391+0700] {dag.py:3722} INFO - Setting next_dagrun for example_subdag_operator.section-1 to None, run_after=None
[2023-12-17T08:20:35.392+0700] {logging_mixin.py:154} INFO - [2023-12-17T08:20:35.392+0700] {dag.py:3722} INFO - Setting next_dagrun for example_subdag_operator.section-2 to None, run_after=None
[2023-12-17T08:20:35.404+0700] {processor.py:179} INFO - Processing /home/phuc/Practice/DataScience/DSProject/venv/lib/python3.10/site-packages/airflow/example_dags/example_subdag_operator.py took 0.078 seconds
[2023-12-17T08:23:01.128+0700] {processor.py:157} INFO - Started process (PID=319227) to work on /home/phuc/Practice/DataScience/DSProject/venv/lib/python3.10/site-packages/airflow/example_dags/example_subdag_operator.py
[2023-12-17T08:23:01.135+0700] {processor.py:829} INFO - Processing file /home/phuc/Practice/DataScience/DSProject/venv/lib/python3.10/site-packages/airflow/example_dags/example_subdag_operator.py for tasks to queue
[2023-12-17T08:23:01.136+0700] {logging_mixin.py:154} INFO - [2023-12-17T08:23:01.136+0700] {dagbag.py:536} INFO - Filling up the DagBag from /home/phuc/Practice/DataScience/DSProject/venv/lib/python3.10/site-packages/airflow/example_dags/example_subdag_operator.py
[2023-12-17T08:23:01.156+0700] {processor.py:839} INFO - DAG(s) dict_keys(['example_subdag_operator.section-1', 'example_subdag_operator.section-2', 'example_subdag_operator']) retrieved from /home/phuc/Practice/DataScience/DSProject/venv/lib/python3.10/site-packages/airflow/example_dags/example_subdag_operator.py
[2023-12-17T08:23:01.171+0700] {logging_mixin.py:154} INFO - [2023-12-17T08:23:01.170+0700] {dag.py:2941} INFO - Sync 3 DAGs
[2023-12-17T08:23:01.184+0700] {logging_mixin.py:154} INFO - [2023-12-17T08:23:01.184+0700] {dag.py:3722} INFO - Setting next_dagrun for example_subdag_operator to 2022-01-01T00:00:00+00:00, run_after=2022-01-01T00:00:00+00:00
[2023-12-17T08:23:01.187+0700] {logging_mixin.py:154} INFO - [2023-12-17T08:23:01.186+0700] {dag.py:3722} INFO - Setting next_dagrun for example_subdag_operator.section-1 to None, run_after=None
[2023-12-17T08:23:01.187+0700] {logging_mixin.py:154} INFO - [2023-12-17T08:23:01.187+0700] {dag.py:3722} INFO - Setting next_dagrun for example_subdag_operator.section-2 to None, run_after=None
[2023-12-17T08:23:01.191+0700] {logging_mixin.py:154} INFO - [2023-12-17T08:23:01.191+0700] {dag.py:2941} INFO - Sync 2 DAGs
[2023-12-17T08:23:01.194+0700] {logging_mixin.py:154} INFO - [2023-12-17T08:23:01.194+0700] {dag.py:3722} INFO - Setting next_dagrun for example_subdag_operator.section-1 to None, run_after=None
[2023-12-17T08:23:01.195+0700] {logging_mixin.py:154} INFO - [2023-12-17T08:23:01.195+0700] {dag.py:3722} INFO - Setting next_dagrun for example_subdag_operator.section-2 to None, run_after=None
[2023-12-17T08:23:01.206+0700] {processor.py:179} INFO - Processing /home/phuc/Practice/DataScience/DSProject/venv/lib/python3.10/site-packages/airflow/example_dags/example_subdag_operator.py took 0.080 seconds
[2023-12-17T08:23:48.875+0700] {processor.py:157} INFO - Started process (PID=319595) to work on /home/phuc/Practice/DataScience/DSProject/venv/lib/python3.10/site-packages/airflow/example_dags/example_subdag_operator.py
[2023-12-17T08:23:48.876+0700] {processor.py:829} INFO - Processing file /home/phuc/Practice/DataScience/DSProject/venv/lib/python3.10/site-packages/airflow/example_dags/example_subdag_operator.py for tasks to queue
[2023-12-17T08:23:48.876+0700] {logging_mixin.py:154} INFO - [2023-12-17T08:23:48.876+0700] {dagbag.py:536} INFO - Filling up the DagBag from /home/phuc/Practice/DataScience/DSProject/venv/lib/python3.10/site-packages/airflow/example_dags/example_subdag_operator.py
[2023-12-17T08:23:48.895+0700] {processor.py:839} INFO - DAG(s) dict_keys(['example_subdag_operator.section-1', 'example_subdag_operator.section-2', 'example_subdag_operator']) retrieved from /home/phuc/Practice/DataScience/DSProject/venv/lib/python3.10/site-packages/airflow/example_dags/example_subdag_operator.py
[2023-12-17T08:23:48.905+0700] {logging_mixin.py:154} INFO - [2023-12-17T08:23:48.905+0700] {dag.py:2941} INFO - Sync 3 DAGs
[2023-12-17T08:23:48.917+0700] {logging_mixin.py:154} INFO - [2023-12-17T08:23:48.917+0700] {dag.py:3722} INFO - Setting next_dagrun for example_subdag_operator to 2022-01-01T00:00:00+00:00, run_after=2022-01-01T00:00:00+00:00
[2023-12-17T08:23:48.919+0700] {logging_mixin.py:154} INFO - [2023-12-17T08:23:48.919+0700] {dag.py:3722} INFO - Setting next_dagrun for example_subdag_operator.section-1 to None, run_after=None
[2023-12-17T08:23:48.920+0700] {logging_mixin.py:154} INFO - [2023-12-17T08:23:48.920+0700] {dag.py:3722} INFO - Setting next_dagrun for example_subdag_operator.section-2 to None, run_after=None
[2023-12-17T08:23:48.925+0700] {logging_mixin.py:154} INFO - [2023-12-17T08:23:48.924+0700] {dag.py:2941} INFO - Sync 2 DAGs
[2023-12-17T08:23:48.928+0700] {logging_mixin.py:154} INFO - [2023-12-17T08:23:48.928+0700] {dag.py:3722} INFO - Setting next_dagrun for example_subdag_operator.section-1 to None, run_after=None
[2023-12-17T08:23:48.928+0700] {logging_mixin.py:154} INFO - [2023-12-17T08:23:48.928+0700] {dag.py:3722} INFO - Setting next_dagrun for example_subdag_operator.section-2 to None, run_after=None
[2023-12-17T08:23:48.940+0700] {processor.py:179} INFO - Processing /home/phuc/Practice/DataScience/DSProject/venv/lib/python3.10/site-packages/airflow/example_dags/example_subdag_operator.py took 0.068 seconds
[2023-12-17T08:24:35.862+0700] {processor.py:157} INFO - Started process (PID=319873) to work on /home/phuc/Practice/DataScience/DSProject/venv/lib/python3.10/site-packages/airflow/example_dags/example_subdag_operator.py
[2023-12-17T08:24:35.869+0700] {processor.py:829} INFO - Processing file /home/phuc/Practice/DataScience/DSProject/venv/lib/python3.10/site-packages/airflow/example_dags/example_subdag_operator.py for tasks to queue
[2023-12-17T08:24:35.870+0700] {logging_mixin.py:154} INFO - [2023-12-17T08:24:35.870+0700] {dagbag.py:536} INFO - Filling up the DagBag from /home/phuc/Practice/DataScience/DSProject/venv/lib/python3.10/site-packages/airflow/example_dags/example_subdag_operator.py
[2023-12-17T08:24:35.891+0700] {processor.py:839} INFO - DAG(s) dict_keys(['example_subdag_operator.section-1', 'example_subdag_operator.section-2', 'example_subdag_operator']) retrieved from /home/phuc/Practice/DataScience/DSProject/venv/lib/python3.10/site-packages/airflow/example_dags/example_subdag_operator.py
[2023-12-17T08:24:35.899+0700] {logging_mixin.py:154} INFO - [2023-12-17T08:24:35.899+0700] {dag.py:2941} INFO - Sync 3 DAGs
[2023-12-17T08:24:35.908+0700] {logging_mixin.py:154} INFO - [2023-12-17T08:24:35.908+0700] {dag.py:3722} INFO - Setting next_dagrun for example_subdag_operator to 2022-01-01T00:00:00+00:00, run_after=2022-01-01T00:00:00+00:00
[2023-12-17T08:24:35.909+0700] {logging_mixin.py:154} INFO - [2023-12-17T08:24:35.909+0700] {dag.py:3722} INFO - Setting next_dagrun for example_subdag_operator.section-1 to None, run_after=None
[2023-12-17T08:24:35.910+0700] {logging_mixin.py:154} INFO - [2023-12-17T08:24:35.910+0700] {dag.py:3722} INFO - Setting next_dagrun for example_subdag_operator.section-2 to None, run_after=None
[2023-12-17T08:24:35.913+0700] {logging_mixin.py:154} INFO - [2023-12-17T08:24:35.913+0700] {dag.py:2941} INFO - Sync 2 DAGs
[2023-12-17T08:24:35.915+0700] {logging_mixin.py:154} INFO - [2023-12-17T08:24:35.915+0700] {dag.py:3722} INFO - Setting next_dagrun for example_subdag_operator.section-1 to None, run_after=None
[2023-12-17T08:24:35.915+0700] {logging_mixin.py:154} INFO - [2023-12-17T08:24:35.915+0700] {dag.py:3722} INFO - Setting next_dagrun for example_subdag_operator.section-2 to None, run_after=None
[2023-12-17T08:24:35.923+0700] {processor.py:179} INFO - Processing /home/phuc/Practice/DataScience/DSProject/venv/lib/python3.10/site-packages/airflow/example_dags/example_subdag_operator.py took 0.065 seconds
[2023-12-17T08:25:28.889+0700] {processor.py:157} INFO - Started process (PID=320099) to work on /home/phuc/Practice/DataScience/DSProject/venv/lib/python3.10/site-packages/airflow/example_dags/example_subdag_operator.py
[2023-12-17T08:25:28.896+0700] {processor.py:829} INFO - Processing file /home/phuc/Practice/DataScience/DSProject/venv/lib/python3.10/site-packages/airflow/example_dags/example_subdag_operator.py for tasks to queue
[2023-12-17T08:25:28.897+0700] {logging_mixin.py:154} INFO - [2023-12-17T08:25:28.897+0700] {dagbag.py:536} INFO - Filling up the DagBag from /home/phuc/Practice/DataScience/DSProject/venv/lib/python3.10/site-packages/airflow/example_dags/example_subdag_operator.py
[2023-12-17T08:25:28.916+0700] {processor.py:839} INFO - DAG(s) dict_keys(['example_subdag_operator.section-1', 'example_subdag_operator.section-2', 'example_subdag_operator']) retrieved from /home/phuc/Practice/DataScience/DSProject/venv/lib/python3.10/site-packages/airflow/example_dags/example_subdag_operator.py
[2023-12-17T08:25:28.930+0700] {logging_mixin.py:154} INFO - [2023-12-17T08:25:28.929+0700] {dag.py:2941} INFO - Sync 3 DAGs
[2023-12-17T08:25:28.943+0700] {logging_mixin.py:154} INFO - [2023-12-17T08:25:28.943+0700] {dag.py:3722} INFO - Setting next_dagrun for example_subdag_operator to 2022-01-01T00:00:00+00:00, run_after=2022-01-01T00:00:00+00:00
[2023-12-17T08:25:28.945+0700] {logging_mixin.py:154} INFO - [2023-12-17T08:25:28.945+0700] {dag.py:3722} INFO - Setting next_dagrun for example_subdag_operator.section-1 to None, run_after=None
[2023-12-17T08:25:28.946+0700] {logging_mixin.py:154} INFO - [2023-12-17T08:25:28.946+0700] {dag.py:3722} INFO - Setting next_dagrun for example_subdag_operator.section-2 to None, run_after=None
[2023-12-17T08:25:28.950+0700] {logging_mixin.py:154} INFO - [2023-12-17T08:25:28.950+0700] {dag.py:2941} INFO - Sync 2 DAGs
[2023-12-17T08:25:28.953+0700] {logging_mixin.py:154} INFO - [2023-12-17T08:25:28.953+0700] {dag.py:3722} INFO - Setting next_dagrun for example_subdag_operator.section-1 to None, run_after=None
[2023-12-17T08:25:28.953+0700] {logging_mixin.py:154} INFO - [2023-12-17T08:25:28.953+0700] {dag.py:3722} INFO - Setting next_dagrun for example_subdag_operator.section-2 to None, run_after=None
[2023-12-17T08:25:28.964+0700] {processor.py:179} INFO - Processing /home/phuc/Practice/DataScience/DSProject/venv/lib/python3.10/site-packages/airflow/example_dags/example_subdag_operator.py took 0.078 seconds
[2023-12-17T08:26:16.135+0700] {processor.py:157} INFO - Started process (PID=320303) to work on /home/phuc/Practice/DataScience/DSProject/venv/lib/python3.10/site-packages/airflow/example_dags/example_subdag_operator.py
[2023-12-17T08:26:16.142+0700] {processor.py:829} INFO - Processing file /home/phuc/Practice/DataScience/DSProject/venv/lib/python3.10/site-packages/airflow/example_dags/example_subdag_operator.py for tasks to queue
[2023-12-17T08:26:16.144+0700] {logging_mixin.py:154} INFO - [2023-12-17T08:26:16.143+0700] {dagbag.py:536} INFO - Filling up the DagBag from /home/phuc/Practice/DataScience/DSProject/venv/lib/python3.10/site-packages/airflow/example_dags/example_subdag_operator.py
[2023-12-17T08:26:16.164+0700] {processor.py:839} INFO - DAG(s) dict_keys(['example_subdag_operator.section-1', 'example_subdag_operator.section-2', 'example_subdag_operator']) retrieved from /home/phuc/Practice/DataScience/DSProject/venv/lib/python3.10/site-packages/airflow/example_dags/example_subdag_operator.py
[2023-12-17T08:26:16.172+0700] {logging_mixin.py:154} INFO - [2023-12-17T08:26:16.172+0700] {dag.py:2941} INFO - Sync 3 DAGs
[2023-12-17T08:26:16.181+0700] {logging_mixin.py:154} INFO - [2023-12-17T08:26:16.180+0700] {dag.py:3722} INFO - Setting next_dagrun for example_subdag_operator to 2022-01-01T00:00:00+00:00, run_after=2022-01-01T00:00:00+00:00
[2023-12-17T08:26:16.182+0700] {logging_mixin.py:154} INFO - [2023-12-17T08:26:16.182+0700] {dag.py:3722} INFO - Setting next_dagrun for example_subdag_operator.section-1 to None, run_after=None
[2023-12-17T08:26:16.183+0700] {logging_mixin.py:154} INFO - [2023-12-17T08:26:16.183+0700] {dag.py:3722} INFO - Setting next_dagrun for example_subdag_operator.section-2 to None, run_after=None
[2023-12-17T08:26:16.186+0700] {logging_mixin.py:154} INFO - [2023-12-17T08:26:16.185+0700] {dag.py:2941} INFO - Sync 2 DAGs
[2023-12-17T08:26:16.188+0700] {logging_mixin.py:154} INFO - [2023-12-17T08:26:16.188+0700] {dag.py:3722} INFO - Setting next_dagrun for example_subdag_operator.section-1 to None, run_after=None
[2023-12-17T08:26:16.188+0700] {logging_mixin.py:154} INFO - [2023-12-17T08:26:16.188+0700] {dag.py:3722} INFO - Setting next_dagrun for example_subdag_operator.section-2 to None, run_after=None
[2023-12-17T08:26:16.196+0700] {processor.py:179} INFO - Processing /home/phuc/Practice/DataScience/DSProject/venv/lib/python3.10/site-packages/airflow/example_dags/example_subdag_operator.py took 0.064 seconds
[2023-12-17T08:27:09.041+0700] {processor.py:157} INFO - Started process (PID=320624) to work on /home/phuc/Practice/DataScience/DSProject/venv/lib/python3.10/site-packages/airflow/example_dags/example_subdag_operator.py
[2023-12-17T08:27:09.048+0700] {processor.py:829} INFO - Processing file /home/phuc/Practice/DataScience/DSProject/venv/lib/python3.10/site-packages/airflow/example_dags/example_subdag_operator.py for tasks to queue
[2023-12-17T08:27:09.049+0700] {logging_mixin.py:154} INFO - [2023-12-17T08:27:09.049+0700] {dagbag.py:536} INFO - Filling up the DagBag from /home/phuc/Practice/DataScience/DSProject/venv/lib/python3.10/site-packages/airflow/example_dags/example_subdag_operator.py
[2023-12-17T08:27:09.070+0700] {processor.py:839} INFO - DAG(s) dict_keys(['example_subdag_operator.section-1', 'example_subdag_operator.section-2', 'example_subdag_operator']) retrieved from /home/phuc/Practice/DataScience/DSProject/venv/lib/python3.10/site-packages/airflow/example_dags/example_subdag_operator.py
[2023-12-17T08:27:09.078+0700] {logging_mixin.py:154} INFO - [2023-12-17T08:27:09.078+0700] {dag.py:2941} INFO - Sync 3 DAGs
[2023-12-17T08:27:09.086+0700] {logging_mixin.py:154} INFO - [2023-12-17T08:27:09.086+0700] {dag.py:3722} INFO - Setting next_dagrun for example_subdag_operator to 2022-01-01T00:00:00+00:00, run_after=2022-01-01T00:00:00+00:00
[2023-12-17T08:27:09.088+0700] {logging_mixin.py:154} INFO - [2023-12-17T08:27:09.088+0700] {dag.py:3722} INFO - Setting next_dagrun for example_subdag_operator.section-1 to None, run_after=None
[2023-12-17T08:27:09.088+0700] {logging_mixin.py:154} INFO - [2023-12-17T08:27:09.088+0700] {dag.py:3722} INFO - Setting next_dagrun for example_subdag_operator.section-2 to None, run_after=None
[2023-12-17T08:27:09.091+0700] {logging_mixin.py:154} INFO - [2023-12-17T08:27:09.091+0700] {dag.py:2941} INFO - Sync 2 DAGs
[2023-12-17T08:27:09.094+0700] {logging_mixin.py:154} INFO - [2023-12-17T08:27:09.094+0700] {dag.py:3722} INFO - Setting next_dagrun for example_subdag_operator.section-1 to None, run_after=None
[2023-12-17T08:27:09.094+0700] {logging_mixin.py:154} INFO - [2023-12-17T08:27:09.094+0700] {dag.py:3722} INFO - Setting next_dagrun for example_subdag_operator.section-2 to None, run_after=None
[2023-12-17T08:27:09.102+0700] {processor.py:179} INFO - Processing /home/phuc/Practice/DataScience/DSProject/venv/lib/python3.10/site-packages/airflow/example_dags/example_subdag_operator.py took 0.064 seconds
[2023-12-17T08:27:58.622+0700] {processor.py:157} INFO - Started process (PID=320845) to work on /home/phuc/Practice/DataScience/DSProject/venv/lib/python3.10/site-packages/airflow/example_dags/example_subdag_operator.py
[2023-12-17T08:27:58.629+0700] {processor.py:829} INFO - Processing file /home/phuc/Practice/DataScience/DSProject/venv/lib/python3.10/site-packages/airflow/example_dags/example_subdag_operator.py for tasks to queue
[2023-12-17T08:27:58.630+0700] {logging_mixin.py:154} INFO - [2023-12-17T08:27:58.629+0700] {dagbag.py:536} INFO - Filling up the DagBag from /home/phuc/Practice/DataScience/DSProject/venv/lib/python3.10/site-packages/airflow/example_dags/example_subdag_operator.py
[2023-12-17T08:27:58.644+0700] {processor.py:839} INFO - DAG(s) dict_keys(['example_subdag_operator.section-1', 'example_subdag_operator.section-2', 'example_subdag_operator']) retrieved from /home/phuc/Practice/DataScience/DSProject/venv/lib/python3.10/site-packages/airflow/example_dags/example_subdag_operator.py
[2023-12-17T08:27:58.653+0700] {logging_mixin.py:154} INFO - [2023-12-17T08:27:58.653+0700] {dag.py:2941} INFO - Sync 3 DAGs
[2023-12-17T08:27:58.663+0700] {logging_mixin.py:154} INFO - [2023-12-17T08:27:58.662+0700] {dag.py:3722} INFO - Setting next_dagrun for example_subdag_operator to 2022-01-01T00:00:00+00:00, run_after=2022-01-01T00:00:00+00:00
[2023-12-17T08:27:58.664+0700] {logging_mixin.py:154} INFO - [2023-12-17T08:27:58.664+0700] {dag.py:3722} INFO - Setting next_dagrun for example_subdag_operator.section-1 to None, run_after=None
[2023-12-17T08:27:58.665+0700] {logging_mixin.py:154} INFO - [2023-12-17T08:27:58.665+0700] {dag.py:3722} INFO - Setting next_dagrun for example_subdag_operator.section-2 to None, run_after=None
[2023-12-17T08:27:58.668+0700] {logging_mixin.py:154} INFO - [2023-12-17T08:27:58.668+0700] {dag.py:2941} INFO - Sync 2 DAGs
[2023-12-17T08:27:58.670+0700] {logging_mixin.py:154} INFO - [2023-12-17T08:27:58.670+0700] {dag.py:3722} INFO - Setting next_dagrun for example_subdag_operator.section-1 to None, run_after=None
[2023-12-17T08:27:58.670+0700] {logging_mixin.py:154} INFO - [2023-12-17T08:27:58.670+0700] {dag.py:3722} INFO - Setting next_dagrun for example_subdag_operator.section-2 to None, run_after=None
[2023-12-17T08:27:58.679+0700] {processor.py:179} INFO - Processing /home/phuc/Practice/DataScience/DSProject/venv/lib/python3.10/site-packages/airflow/example_dags/example_subdag_operator.py took 0.058 seconds
[2023-12-17T08:28:46.692+0700] {processor.py:157} INFO - Started process (PID=321045) to work on /home/phuc/Practice/DataScience/DSProject/venv/lib/python3.10/site-packages/airflow/example_dags/example_subdag_operator.py
[2023-12-17T08:28:46.699+0700] {processor.py:829} INFO - Processing file /home/phuc/Practice/DataScience/DSProject/venv/lib/python3.10/site-packages/airflow/example_dags/example_subdag_operator.py for tasks to queue
[2023-12-17T08:28:46.701+0700] {logging_mixin.py:154} INFO - [2023-12-17T08:28:46.700+0700] {dagbag.py:536} INFO - Filling up the DagBag from /home/phuc/Practice/DataScience/DSProject/venv/lib/python3.10/site-packages/airflow/example_dags/example_subdag_operator.py
[2023-12-17T08:28:46.722+0700] {processor.py:839} INFO - DAG(s) dict_keys(['example_subdag_operator.section-1', 'example_subdag_operator.section-2', 'example_subdag_operator']) retrieved from /home/phuc/Practice/DataScience/DSProject/venv/lib/python3.10/site-packages/airflow/example_dags/example_subdag_operator.py
[2023-12-17T08:28:46.729+0700] {logging_mixin.py:154} INFO - [2023-12-17T08:28:46.729+0700] {dag.py:2941} INFO - Sync 3 DAGs
[2023-12-17T08:28:46.738+0700] {logging_mixin.py:154} INFO - [2023-12-17T08:28:46.738+0700] {dag.py:3722} INFO - Setting next_dagrun for example_subdag_operator to 2022-01-01T00:00:00+00:00, run_after=2022-01-01T00:00:00+00:00
[2023-12-17T08:28:46.739+0700] {logging_mixin.py:154} INFO - [2023-12-17T08:28:46.739+0700] {dag.py:3722} INFO - Setting next_dagrun for example_subdag_operator.section-1 to None, run_after=None
[2023-12-17T08:28:46.740+0700] {logging_mixin.py:154} INFO - [2023-12-17T08:28:46.740+0700] {dag.py:3722} INFO - Setting next_dagrun for example_subdag_operator.section-2 to None, run_after=None
[2023-12-17T08:28:46.743+0700] {logging_mixin.py:154} INFO - [2023-12-17T08:28:46.743+0700] {dag.py:2941} INFO - Sync 2 DAGs
[2023-12-17T08:28:46.745+0700] {logging_mixin.py:154} INFO - [2023-12-17T08:28:46.745+0700] {dag.py:3722} INFO - Setting next_dagrun for example_subdag_operator.section-1 to None, run_after=None
[2023-12-17T08:28:46.746+0700] {logging_mixin.py:154} INFO - [2023-12-17T08:28:46.745+0700] {dag.py:3722} INFO - Setting next_dagrun for example_subdag_operator.section-2 to None, run_after=None
[2023-12-17T08:28:46.754+0700] {processor.py:179} INFO - Processing /home/phuc/Practice/DataScience/DSProject/venv/lib/python3.10/site-packages/airflow/example_dags/example_subdag_operator.py took 0.063 seconds
[2023-12-17T08:29:37.055+0700] {processor.py:157} INFO - Started process (PID=321272) to work on /home/phuc/Practice/DataScience/DSProject/venv/lib/python3.10/site-packages/airflow/example_dags/example_subdag_operator.py
[2023-12-17T08:29:37.062+0700] {processor.py:829} INFO - Processing file /home/phuc/Practice/DataScience/DSProject/venv/lib/python3.10/site-packages/airflow/example_dags/example_subdag_operator.py for tasks to queue
[2023-12-17T08:29:37.063+0700] {logging_mixin.py:154} INFO - [2023-12-17T08:29:37.062+0700] {dagbag.py:536} INFO - Filling up the DagBag from /home/phuc/Practice/DataScience/DSProject/venv/lib/python3.10/site-packages/airflow/example_dags/example_subdag_operator.py
[2023-12-17T08:29:37.084+0700] {processor.py:839} INFO - DAG(s) dict_keys(['example_subdag_operator.section-1', 'example_subdag_operator.section-2', 'example_subdag_operator']) retrieved from /home/phuc/Practice/DataScience/DSProject/venv/lib/python3.10/site-packages/airflow/example_dags/example_subdag_operator.py
[2023-12-17T08:29:37.091+0700] {logging_mixin.py:154} INFO - [2023-12-17T08:29:37.091+0700] {dag.py:2941} INFO - Sync 3 DAGs
[2023-12-17T08:29:37.098+0700] {logging_mixin.py:154} INFO - [2023-12-17T08:29:37.098+0700] {dag.py:3722} INFO - Setting next_dagrun for example_subdag_operator to 2022-01-01T00:00:00+00:00, run_after=2022-01-01T00:00:00+00:00
[2023-12-17T08:29:37.100+0700] {logging_mixin.py:154} INFO - [2023-12-17T08:29:37.099+0700] {dag.py:3722} INFO - Setting next_dagrun for example_subdag_operator.section-1 to None, run_after=None
[2023-12-17T08:29:37.100+0700] {logging_mixin.py:154} INFO - [2023-12-17T08:29:37.100+0700] {dag.py:3722} INFO - Setting next_dagrun for example_subdag_operator.section-2 to None, run_after=None
[2023-12-17T08:29:37.102+0700] {logging_mixin.py:154} INFO - [2023-12-17T08:29:37.102+0700] {dag.py:2941} INFO - Sync 2 DAGs
[2023-12-17T08:29:37.104+0700] {logging_mixin.py:154} INFO - [2023-12-17T08:29:37.104+0700] {dag.py:3722} INFO - Setting next_dagrun for example_subdag_operator.section-1 to None, run_after=None
[2023-12-17T08:29:37.104+0700] {logging_mixin.py:154} INFO - [2023-12-17T08:29:37.104+0700] {dag.py:3722} INFO - Setting next_dagrun for example_subdag_operator.section-2 to None, run_after=None
[2023-12-17T08:29:37.111+0700] {processor.py:179} INFO - Processing /home/phuc/Practice/DataScience/DSProject/venv/lib/python3.10/site-packages/airflow/example_dags/example_subdag_operator.py took 0.060 seconds
[2023-12-17T08:30:27.297+0700] {processor.py:157} INFO - Started process (PID=321518) to work on /home/phuc/Practice/DataScience/DSProject/venv/lib/python3.10/site-packages/airflow/example_dags/example_subdag_operator.py
[2023-12-17T08:30:27.303+0700] {processor.py:829} INFO - Processing file /home/phuc/Practice/DataScience/DSProject/venv/lib/python3.10/site-packages/airflow/example_dags/example_subdag_operator.py for tasks to queue
[2023-12-17T08:30:27.304+0700] {logging_mixin.py:154} INFO - [2023-12-17T08:30:27.304+0700] {dagbag.py:536} INFO - Filling up the DagBag from /home/phuc/Practice/DataScience/DSProject/venv/lib/python3.10/site-packages/airflow/example_dags/example_subdag_operator.py
[2023-12-17T08:30:27.316+0700] {processor.py:839} INFO - DAG(s) dict_keys(['example_subdag_operator.section-1', 'example_subdag_operator.section-2', 'example_subdag_operator']) retrieved from /home/phuc/Practice/DataScience/DSProject/venv/lib/python3.10/site-packages/airflow/example_dags/example_subdag_operator.py
[2023-12-17T08:30:27.324+0700] {logging_mixin.py:154} INFO - [2023-12-17T08:30:27.324+0700] {dag.py:2941} INFO - Sync 3 DAGs
[2023-12-17T08:30:27.333+0700] {logging_mixin.py:154} INFO - [2023-12-17T08:30:27.333+0700] {dag.py:3722} INFO - Setting next_dagrun for example_subdag_operator to 2022-01-01T00:00:00+00:00, run_after=2022-01-01T00:00:00+00:00
[2023-12-17T08:30:27.335+0700] {logging_mixin.py:154} INFO - [2023-12-17T08:30:27.335+0700] {dag.py:3722} INFO - Setting next_dagrun for example_subdag_operator.section-1 to None, run_after=None
[2023-12-17T08:30:27.335+0700] {logging_mixin.py:154} INFO - [2023-12-17T08:30:27.335+0700] {dag.py:3722} INFO - Setting next_dagrun for example_subdag_operator.section-2 to None, run_after=None
[2023-12-17T08:30:27.338+0700] {logging_mixin.py:154} INFO - [2023-12-17T08:30:27.338+0700] {dag.py:2941} INFO - Sync 2 DAGs
[2023-12-17T08:30:27.341+0700] {logging_mixin.py:154} INFO - [2023-12-17T08:30:27.341+0700] {dag.py:3722} INFO - Setting next_dagrun for example_subdag_operator.section-1 to None, run_after=None
[2023-12-17T08:30:27.341+0700] {logging_mixin.py:154} INFO - [2023-12-17T08:30:27.341+0700] {dag.py:3722} INFO - Setting next_dagrun for example_subdag_operator.section-2 to None, run_after=None
[2023-12-17T08:30:27.348+0700] {processor.py:179} INFO - Processing /home/phuc/Practice/DataScience/DSProject/venv/lib/python3.10/site-packages/airflow/example_dags/example_subdag_operator.py took 0.053 seconds
[2023-12-17T08:31:19.560+0700] {processor.py:157} INFO - Started process (PID=321826) to work on /home/phuc/Practice/DataScience/DSProject/venv/lib/python3.10/site-packages/airflow/example_dags/example_subdag_operator.py
[2023-12-17T08:31:19.567+0700] {processor.py:829} INFO - Processing file /home/phuc/Practice/DataScience/DSProject/venv/lib/python3.10/site-packages/airflow/example_dags/example_subdag_operator.py for tasks to queue
[2023-12-17T08:31:19.568+0700] {logging_mixin.py:154} INFO - [2023-12-17T08:31:19.567+0700] {dagbag.py:536} INFO - Filling up the DagBag from /home/phuc/Practice/DataScience/DSProject/venv/lib/python3.10/site-packages/airflow/example_dags/example_subdag_operator.py
[2023-12-17T08:31:19.582+0700] {processor.py:839} INFO - DAG(s) dict_keys(['example_subdag_operator.section-1', 'example_subdag_operator.section-2', 'example_subdag_operator']) retrieved from /home/phuc/Practice/DataScience/DSProject/venv/lib/python3.10/site-packages/airflow/example_dags/example_subdag_operator.py
[2023-12-17T08:31:19.591+0700] {logging_mixin.py:154} INFO - [2023-12-17T08:31:19.591+0700] {dag.py:2941} INFO - Sync 3 DAGs
[2023-12-17T08:31:19.600+0700] {logging_mixin.py:154} INFO - [2023-12-17T08:31:19.600+0700] {dag.py:3722} INFO - Setting next_dagrun for example_subdag_operator to 2022-01-01T00:00:00+00:00, run_after=2022-01-01T00:00:00+00:00
[2023-12-17T08:31:19.602+0700] {logging_mixin.py:154} INFO - [2023-12-17T08:31:19.602+0700] {dag.py:3722} INFO - Setting next_dagrun for example_subdag_operator.section-1 to None, run_after=None
[2023-12-17T08:31:19.603+0700] {logging_mixin.py:154} INFO - [2023-12-17T08:31:19.603+0700] {dag.py:3722} INFO - Setting next_dagrun for example_subdag_operator.section-2 to None, run_after=None
[2023-12-17T08:31:19.606+0700] {logging_mixin.py:154} INFO - [2023-12-17T08:31:19.606+0700] {dag.py:2941} INFO - Sync 2 DAGs
[2023-12-17T08:31:19.609+0700] {logging_mixin.py:154} INFO - [2023-12-17T08:31:19.609+0700] {dag.py:3722} INFO - Setting next_dagrun for example_subdag_operator.section-1 to None, run_after=None
[2023-12-17T08:31:19.609+0700] {logging_mixin.py:154} INFO - [2023-12-17T08:31:19.609+0700] {dag.py:3722} INFO - Setting next_dagrun for example_subdag_operator.section-2 to None, run_after=None
[2023-12-17T08:31:19.618+0700] {processor.py:179} INFO - Processing /home/phuc/Practice/DataScience/DSProject/venv/lib/python3.10/site-packages/airflow/example_dags/example_subdag_operator.py took 0.060 seconds
[2023-12-17T08:32:35.501+0700] {processor.py:157} INFO - Started process (PID=322943) to work on /home/phuc/Practice/DataScience/DSProject/venv/lib/python3.10/site-packages/airflow/example_dags/example_subdag_operator.py
[2023-12-17T08:32:35.508+0700] {processor.py:829} INFO - Processing file /home/phuc/Practice/DataScience/DSProject/venv/lib/python3.10/site-packages/airflow/example_dags/example_subdag_operator.py for tasks to queue
[2023-12-17T08:32:35.509+0700] {logging_mixin.py:154} INFO - [2023-12-17T08:32:35.509+0700] {dagbag.py:536} INFO - Filling up the DagBag from /home/phuc/Practice/DataScience/DSProject/venv/lib/python3.10/site-packages/airflow/example_dags/example_subdag_operator.py
[2023-12-17T08:32:35.529+0700] {processor.py:839} INFO - DAG(s) dict_keys(['example_subdag_operator.section-1', 'example_subdag_operator.section-2', 'example_subdag_operator']) retrieved from /home/phuc/Practice/DataScience/DSProject/venv/lib/python3.10/site-packages/airflow/example_dags/example_subdag_operator.py
[2023-12-17T08:32:35.536+0700] {logging_mixin.py:154} INFO - [2023-12-17T08:32:35.536+0700] {dag.py:2941} INFO - Sync 3 DAGs
[2023-12-17T08:32:35.544+0700] {logging_mixin.py:154} INFO - [2023-12-17T08:32:35.544+0700] {dag.py:3722} INFO - Setting next_dagrun for example_subdag_operator to 2022-01-01T00:00:00+00:00, run_after=2022-01-01T00:00:00+00:00
[2023-12-17T08:32:35.546+0700] {logging_mixin.py:154} INFO - [2023-12-17T08:32:35.546+0700] {dag.py:3722} INFO - Setting next_dagrun for example_subdag_operator.section-1 to None, run_after=None
[2023-12-17T08:32:35.546+0700] {logging_mixin.py:154} INFO - [2023-12-17T08:32:35.546+0700] {dag.py:3722} INFO - Setting next_dagrun for example_subdag_operator.section-2 to None, run_after=None
[2023-12-17T08:32:35.549+0700] {logging_mixin.py:154} INFO - [2023-12-17T08:32:35.549+0700] {dag.py:2941} INFO - Sync 2 DAGs
[2023-12-17T08:32:35.551+0700] {logging_mixin.py:154} INFO - [2023-12-17T08:32:35.551+0700] {dag.py:3722} INFO - Setting next_dagrun for example_subdag_operator.section-1 to None, run_after=None
[2023-12-17T08:32:35.551+0700] {logging_mixin.py:154} INFO - [2023-12-17T08:32:35.551+0700] {dag.py:3722} INFO - Setting next_dagrun for example_subdag_operator.section-2 to None, run_after=None
[2023-12-17T08:32:35.559+0700] {processor.py:179} INFO - Processing /home/phuc/Practice/DataScience/DSProject/venv/lib/python3.10/site-packages/airflow/example_dags/example_subdag_operator.py took 0.061 seconds
[2023-12-17T08:33:20.055+0700] {processor.py:157} INFO - Started process (PID=323155) to work on /home/phuc/Practice/DataScience/DSProject/venv/lib/python3.10/site-packages/airflow/example_dags/example_subdag_operator.py
[2023-12-17T08:33:20.055+0700] {processor.py:829} INFO - Processing file /home/phuc/Practice/DataScience/DSProject/venv/lib/python3.10/site-packages/airflow/example_dags/example_subdag_operator.py for tasks to queue
[2023-12-17T08:33:20.056+0700] {logging_mixin.py:154} INFO - [2023-12-17T08:33:20.056+0700] {dagbag.py:536} INFO - Filling up the DagBag from /home/phuc/Practice/DataScience/DSProject/venv/lib/python3.10/site-packages/airflow/example_dags/example_subdag_operator.py
[2023-12-17T08:33:20.068+0700] {processor.py:839} INFO - DAG(s) dict_keys(['example_subdag_operator.section-1', 'example_subdag_operator.section-2', 'example_subdag_operator']) retrieved from /home/phuc/Practice/DataScience/DSProject/venv/lib/python3.10/site-packages/airflow/example_dags/example_subdag_operator.py
[2023-12-17T08:33:20.075+0700] {logging_mixin.py:154} INFO - [2023-12-17T08:33:20.075+0700] {dag.py:2941} INFO - Sync 3 DAGs
[2023-12-17T08:33:20.083+0700] {logging_mixin.py:154} INFO - [2023-12-17T08:33:20.083+0700] {dag.py:3722} INFO - Setting next_dagrun for example_subdag_operator to 2022-01-01T00:00:00+00:00, run_after=2022-01-01T00:00:00+00:00
[2023-12-17T08:33:20.084+0700] {logging_mixin.py:154} INFO - [2023-12-17T08:33:20.084+0700] {dag.py:3722} INFO - Setting next_dagrun for example_subdag_operator.section-1 to None, run_after=None
[2023-12-17T08:33:20.085+0700] {logging_mixin.py:154} INFO - [2023-12-17T08:33:20.085+0700] {dag.py:3722} INFO - Setting next_dagrun for example_subdag_operator.section-2 to None, run_after=None
[2023-12-17T08:33:20.087+0700] {logging_mixin.py:154} INFO - [2023-12-17T08:33:20.087+0700] {dag.py:2941} INFO - Sync 2 DAGs
[2023-12-17T08:33:20.089+0700] {logging_mixin.py:154} INFO - [2023-12-17T08:33:20.089+0700] {dag.py:3722} INFO - Setting next_dagrun for example_subdag_operator.section-1 to None, run_after=None
[2023-12-17T08:33:20.089+0700] {logging_mixin.py:154} INFO - [2023-12-17T08:33:20.089+0700] {dag.py:3722} INFO - Setting next_dagrun for example_subdag_operator.section-2 to None, run_after=None
[2023-12-17T08:33:20.096+0700] {processor.py:179} INFO - Processing /home/phuc/Practice/DataScience/DSProject/venv/lib/python3.10/site-packages/airflow/example_dags/example_subdag_operator.py took 0.043 seconds
[2023-12-17T08:34:11.221+0700] {processor.py:157} INFO - Started process (PID=323483) to work on /home/phuc/Practice/DataScience/DSProject/venv/lib/python3.10/site-packages/airflow/example_dags/example_subdag_operator.py
[2023-12-17T08:34:11.228+0700] {processor.py:829} INFO - Processing file /home/phuc/Practice/DataScience/DSProject/venv/lib/python3.10/site-packages/airflow/example_dags/example_subdag_operator.py for tasks to queue
[2023-12-17T08:34:11.228+0700] {logging_mixin.py:154} INFO - [2023-12-17T08:34:11.228+0700] {dagbag.py:536} INFO - Filling up the DagBag from /home/phuc/Practice/DataScience/DSProject/venv/lib/python3.10/site-packages/airflow/example_dags/example_subdag_operator.py
[2023-12-17T08:34:11.240+0700] {processor.py:839} INFO - DAG(s) dict_keys(['example_subdag_operator.section-1', 'example_subdag_operator.section-2', 'example_subdag_operator']) retrieved from /home/phuc/Practice/DataScience/DSProject/venv/lib/python3.10/site-packages/airflow/example_dags/example_subdag_operator.py
[2023-12-17T08:34:11.248+0700] {logging_mixin.py:154} INFO - [2023-12-17T08:34:11.248+0700] {dag.py:2941} INFO - Sync 3 DAGs
[2023-12-17T08:34:11.257+0700] {logging_mixin.py:154} INFO - [2023-12-17T08:34:11.256+0700] {dag.py:3722} INFO - Setting next_dagrun for example_subdag_operator to 2022-01-01T00:00:00+00:00, run_after=2022-01-01T00:00:00+00:00
[2023-12-17T08:34:11.258+0700] {logging_mixin.py:154} INFO - [2023-12-17T08:34:11.258+0700] {dag.py:3722} INFO - Setting next_dagrun for example_subdag_operator.section-1 to None, run_after=None
[2023-12-17T08:34:11.259+0700] {logging_mixin.py:154} INFO - [2023-12-17T08:34:11.258+0700] {dag.py:3722} INFO - Setting next_dagrun for example_subdag_operator.section-2 to None, run_after=None
[2023-12-17T08:34:11.261+0700] {logging_mixin.py:154} INFO - [2023-12-17T08:34:11.261+0700] {dag.py:2941} INFO - Sync 2 DAGs
[2023-12-17T08:34:11.264+0700] {logging_mixin.py:154} INFO - [2023-12-17T08:34:11.263+0700] {dag.py:3722} INFO - Setting next_dagrun for example_subdag_operator.section-1 to None, run_after=None
[2023-12-17T08:34:11.264+0700] {logging_mixin.py:154} INFO - [2023-12-17T08:34:11.264+0700] {dag.py:3722} INFO - Setting next_dagrun for example_subdag_operator.section-2 to None, run_after=None
[2023-12-17T08:34:11.277+0700] {processor.py:179} INFO - Processing /home/phuc/Practice/DataScience/DSProject/venv/lib/python3.10/site-packages/airflow/example_dags/example_subdag_operator.py took 0.057 seconds
[2023-12-17T08:35:05.836+0700] {processor.py:157} INFO - Started process (PID=323974) to work on /home/phuc/Practice/DataScience/DSProject/venv/lib/python3.10/site-packages/airflow/example_dags/example_subdag_operator.py
[2023-12-17T08:35:05.843+0700] {processor.py:829} INFO - Processing file /home/phuc/Practice/DataScience/DSProject/venv/lib/python3.10/site-packages/airflow/example_dags/example_subdag_operator.py for tasks to queue
[2023-12-17T08:35:05.844+0700] {logging_mixin.py:154} INFO - [2023-12-17T08:35:05.844+0700] {dagbag.py:536} INFO - Filling up the DagBag from /home/phuc/Practice/DataScience/DSProject/venv/lib/python3.10/site-packages/airflow/example_dags/example_subdag_operator.py
[2023-12-17T08:35:05.864+0700] {processor.py:839} INFO - DAG(s) dict_keys(['example_subdag_operator.section-1', 'example_subdag_operator.section-2', 'example_subdag_operator']) retrieved from /home/phuc/Practice/DataScience/DSProject/venv/lib/python3.10/site-packages/airflow/example_dags/example_subdag_operator.py
[2023-12-17T08:35:05.871+0700] {logging_mixin.py:154} INFO - [2023-12-17T08:35:05.871+0700] {dag.py:2941} INFO - Sync 3 DAGs
[2023-12-17T08:35:05.879+0700] {logging_mixin.py:154} INFO - [2023-12-17T08:35:05.879+0700] {dag.py:3722} INFO - Setting next_dagrun for example_subdag_operator to 2022-01-01T00:00:00+00:00, run_after=2022-01-01T00:00:00+00:00
[2023-12-17T08:35:05.880+0700] {logging_mixin.py:154} INFO - [2023-12-17T08:35:05.880+0700] {dag.py:3722} INFO - Setting next_dagrun for example_subdag_operator.section-1 to None, run_after=None
[2023-12-17T08:35:05.881+0700] {logging_mixin.py:154} INFO - [2023-12-17T08:35:05.881+0700] {dag.py:3722} INFO - Setting next_dagrun for example_subdag_operator.section-2 to None, run_after=None
[2023-12-17T08:35:05.884+0700] {logging_mixin.py:154} INFO - [2023-12-17T08:35:05.884+0700] {dag.py:2941} INFO - Sync 2 DAGs
[2023-12-17T08:35:05.886+0700] {logging_mixin.py:154} INFO - [2023-12-17T08:35:05.886+0700] {dag.py:3722} INFO - Setting next_dagrun for example_subdag_operator.section-1 to None, run_after=None
[2023-12-17T08:35:05.886+0700] {logging_mixin.py:154} INFO - [2023-12-17T08:35:05.886+0700] {dag.py:3722} INFO - Setting next_dagrun for example_subdag_operator.section-2 to None, run_after=None
[2023-12-17T08:35:05.892+0700] {processor.py:179} INFO - Processing /home/phuc/Practice/DataScience/DSProject/venv/lib/python3.10/site-packages/airflow/example_dags/example_subdag_operator.py took 0.059 seconds
[2023-12-17T08:35:58.231+0700] {processor.py:157} INFO - Started process (PID=324365) to work on /home/phuc/Practice/DataScience/DSProject/venv/lib/python3.10/site-packages/airflow/example_dags/example_subdag_operator.py
[2023-12-17T08:35:58.238+0700] {processor.py:829} INFO - Processing file /home/phuc/Practice/DataScience/DSProject/venv/lib/python3.10/site-packages/airflow/example_dags/example_subdag_operator.py for tasks to queue
[2023-12-17T08:35:58.239+0700] {logging_mixin.py:154} INFO - [2023-12-17T08:35:58.239+0700] {dagbag.py:536} INFO - Filling up the DagBag from /home/phuc/Practice/DataScience/DSProject/venv/lib/python3.10/site-packages/airflow/example_dags/example_subdag_operator.py
[2023-12-17T08:35:58.253+0700] {processor.py:839} INFO - DAG(s) dict_keys(['example_subdag_operator.section-1', 'example_subdag_operator.section-2', 'example_subdag_operator']) retrieved from /home/phuc/Practice/DataScience/DSProject/venv/lib/python3.10/site-packages/airflow/example_dags/example_subdag_operator.py
[2023-12-17T08:35:58.260+0700] {logging_mixin.py:154} INFO - [2023-12-17T08:35:58.259+0700] {dag.py:2941} INFO - Sync 3 DAGs
[2023-12-17T08:35:58.267+0700] {logging_mixin.py:154} INFO - [2023-12-17T08:35:58.267+0700] {dag.py:3722} INFO - Setting next_dagrun for example_subdag_operator to 2022-01-01T00:00:00+00:00, run_after=2022-01-01T00:00:00+00:00
[2023-12-17T08:35:58.268+0700] {logging_mixin.py:154} INFO - [2023-12-17T08:35:58.268+0700] {dag.py:3722} INFO - Setting next_dagrun for example_subdag_operator.section-1 to None, run_after=None
[2023-12-17T08:35:58.269+0700] {logging_mixin.py:154} INFO - [2023-12-17T08:35:58.269+0700] {dag.py:3722} INFO - Setting next_dagrun for example_subdag_operator.section-2 to None, run_after=None
[2023-12-17T08:35:58.271+0700] {logging_mixin.py:154} INFO - [2023-12-17T08:35:58.271+0700] {dag.py:2941} INFO - Sync 2 DAGs
[2023-12-17T08:35:58.273+0700] {logging_mixin.py:154} INFO - [2023-12-17T08:35:58.273+0700] {dag.py:3722} INFO - Setting next_dagrun for example_subdag_operator.section-1 to None, run_after=None
[2023-12-17T08:35:58.273+0700] {logging_mixin.py:154} INFO - [2023-12-17T08:35:58.273+0700] {dag.py:3722} INFO - Setting next_dagrun for example_subdag_operator.section-2 to None, run_after=None
[2023-12-17T08:35:58.280+0700] {processor.py:179} INFO - Processing /home/phuc/Practice/DataScience/DSProject/venv/lib/python3.10/site-packages/airflow/example_dags/example_subdag_operator.py took 0.052 seconds
