[2023-12-17T08:03:10.870+0700] {processor.py:157} INFO - Started process (PID=309621) to work on /home/phuc/Practice/DataScience/DSProject/venv/lib/python3.10/site-packages/airflow/example_dags/example_params_trigger_ui.py
[2023-12-17T08:03:10.871+0700] {processor.py:829} INFO - Processing file /home/phuc/Practice/DataScience/DSProject/venv/lib/python3.10/site-packages/airflow/example_dags/example_params_trigger_ui.py for tasks to queue
[2023-12-17T08:03:10.872+0700] {logging_mixin.py:154} INFO - [2023-12-17T08:03:10.871+0700] {dagbag.py:536} INFO - Filling up the DagBag from /home/phuc/Practice/DataScience/DSProject/venv/lib/python3.10/site-packages/airflow/example_dags/example_params_trigger_ui.py
[2023-12-17T08:03:10.892+0700] {processor.py:839} INFO - DAG(s) dict_keys(['example_params_trigger_ui']) retrieved from /home/phuc/Practice/DataScience/DSProject/venv/lib/python3.10/site-packages/airflow/example_dags/example_params_trigger_ui.py
[2023-12-17T08:03:11.041+0700] {logging_mixin.py:154} INFO - [2023-12-17T08:03:11.040+0700] {manager.py:499} INFO - Created Permission View: %s
[2023-12-17T08:03:11.051+0700] {logging_mixin.py:154} INFO - [2023-12-17T08:03:11.051+0700] {manager.py:499} INFO - Created Permission View: %s
[2023-12-17T08:03:11.059+0700] {logging_mixin.py:154} INFO - [2023-12-17T08:03:11.059+0700] {manager.py:499} INFO - Created Permission View: %s
[2023-12-17T08:03:11.059+0700] {logging_mixin.py:154} INFO - [2023-12-17T08:03:11.059+0700] {dag.py:2941} INFO - Sync 1 DAGs
[2023-12-17T08:03:11.071+0700] {logging_mixin.py:154} INFO - [2023-12-17T08:03:11.070+0700] {dag.py:2963} INFO - Creating ORM DAG for example_params_trigger_ui
[2023-12-17T08:03:11.071+0700] {logging_mixin.py:154} INFO - [2023-12-17T08:03:11.071+0700] {dag.py:3722} INFO - Setting next_dagrun for example_params_trigger_ui to None, run_after=None
[2023-12-17T08:03:11.092+0700] {processor.py:179} INFO - Processing /home/phuc/Practice/DataScience/DSProject/venv/lib/python3.10/site-packages/airflow/example_dags/example_params_trigger_ui.py took 0.226 seconds
[2023-12-17T08:05:26.393+0700] {processor.py:157} INFO - Started process (PID=310876) to work on /home/phuc/Practice/DataScience/DSProject/venv/lib/python3.10/site-packages/airflow/example_dags/example_params_trigger_ui.py
[2023-12-17T08:05:26.400+0700] {processor.py:829} INFO - Processing file /home/phuc/Practice/DataScience/DSProject/venv/lib/python3.10/site-packages/airflow/example_dags/example_params_trigger_ui.py for tasks to queue
[2023-12-17T08:05:26.401+0700] {logging_mixin.py:154} INFO - [2023-12-17T08:05:26.401+0700] {dagbag.py:536} INFO - Filling up the DagBag from /home/phuc/Practice/DataScience/DSProject/venv/lib/python3.10/site-packages/airflow/example_dags/example_params_trigger_ui.py
[2023-12-17T08:05:26.414+0700] {processor.py:839} INFO - DAG(s) dict_keys(['example_params_trigger_ui']) retrieved from /home/phuc/Practice/DataScience/DSProject/venv/lib/python3.10/site-packages/airflow/example_dags/example_params_trigger_ui.py
[2023-12-17T08:05:26.449+0700] {logging_mixin.py:154} INFO - [2023-12-17T08:05:26.449+0700] {dag.py:2941} INFO - Sync 1 DAGs
[2023-12-17T08:05:26.457+0700] {logging_mixin.py:154} INFO - [2023-12-17T08:05:26.456+0700] {dag.py:3722} INFO - Setting next_dagrun for example_params_trigger_ui to None, run_after=None
[2023-12-17T08:05:26.471+0700] {processor.py:179} INFO - Processing /home/phuc/Practice/DataScience/DSProject/venv/lib/python3.10/site-packages/airflow/example_dags/example_params_trigger_ui.py took 0.081 seconds
[2023-12-17T08:06:14.905+0700] {processor.py:157} INFO - Started process (PID=311375) to work on /home/phuc/Practice/DataScience/DSProject/venv/lib/python3.10/site-packages/airflow/example_dags/example_params_trigger_ui.py
[2023-12-17T08:06:14.912+0700] {processor.py:829} INFO - Processing file /home/phuc/Practice/DataScience/DSProject/venv/lib/python3.10/site-packages/airflow/example_dags/example_params_trigger_ui.py for tasks to queue
[2023-12-17T08:06:14.913+0700] {logging_mixin.py:154} INFO - [2023-12-17T08:06:14.913+0700] {dagbag.py:536} INFO - Filling up the DagBag from /home/phuc/Practice/DataScience/DSProject/venv/lib/python3.10/site-packages/airflow/example_dags/example_params_trigger_ui.py
[2023-12-17T08:06:14.926+0700] {processor.py:839} INFO - DAG(s) dict_keys(['example_params_trigger_ui']) retrieved from /home/phuc/Practice/DataScience/DSProject/venv/lib/python3.10/site-packages/airflow/example_dags/example_params_trigger_ui.py
[2023-12-17T08:06:14.958+0700] {logging_mixin.py:154} INFO - [2023-12-17T08:06:14.958+0700] {dag.py:2941} INFO - Sync 1 DAGs
[2023-12-17T08:06:14.967+0700] {logging_mixin.py:154} INFO - [2023-12-17T08:06:14.966+0700] {dag.py:3722} INFO - Setting next_dagrun for example_params_trigger_ui to None, run_after=None
[2023-12-17T08:06:14.982+0700] {processor.py:179} INFO - Processing /home/phuc/Practice/DataScience/DSProject/venv/lib/python3.10/site-packages/airflow/example_dags/example_params_trigger_ui.py took 0.080 seconds
[2023-12-17T08:06:52.141+0700] {processor.py:157} INFO - Started process (PID=311766) to work on /home/phuc/Practice/DataScience/DSProject/venv/lib/python3.10/site-packages/airflow/example_dags/example_params_trigger_ui.py
[2023-12-17T08:06:52.148+0700] {processor.py:829} INFO - Processing file /home/phuc/Practice/DataScience/DSProject/venv/lib/python3.10/site-packages/airflow/example_dags/example_params_trigger_ui.py for tasks to queue
[2023-12-17T08:06:52.149+0700] {logging_mixin.py:154} INFO - [2023-12-17T08:06:52.149+0700] {dagbag.py:536} INFO - Filling up the DagBag from /home/phuc/Practice/DataScience/DSProject/venv/lib/python3.10/site-packages/airflow/example_dags/example_params_trigger_ui.py
[2023-12-17T08:06:52.163+0700] {processor.py:839} INFO - DAG(s) dict_keys(['example_params_trigger_ui']) retrieved from /home/phuc/Practice/DataScience/DSProject/venv/lib/python3.10/site-packages/airflow/example_dags/example_params_trigger_ui.py
[2023-12-17T08:06:52.197+0700] {logging_mixin.py:154} INFO - [2023-12-17T08:06:52.196+0700] {dag.py:2941} INFO - Sync 1 DAGs
[2023-12-17T08:06:52.204+0700] {logging_mixin.py:154} INFO - [2023-12-17T08:06:52.204+0700] {dag.py:3722} INFO - Setting next_dagrun for example_params_trigger_ui to None, run_after=None
[2023-12-17T08:06:52.220+0700] {processor.py:179} INFO - Processing /home/phuc/Practice/DataScience/DSProject/venv/lib/python3.10/site-packages/airflow/example_dags/example_params_trigger_ui.py took 0.081 seconds
[2023-12-17T08:08:23.600+0700] {processor.py:157} INFO - Started process (PID=313063) to work on /home/phuc/Practice/DataScience/DSProject/venv/lib/python3.10/site-packages/airflow/example_dags/example_params_trigger_ui.py
[2023-12-17T08:08:23.601+0700] {processor.py:829} INFO - Processing file /home/phuc/Practice/DataScience/DSProject/venv/lib/python3.10/site-packages/airflow/example_dags/example_params_trigger_ui.py for tasks to queue
[2023-12-17T08:08:23.601+0700] {logging_mixin.py:154} INFO - [2023-12-17T08:08:23.601+0700] {dagbag.py:536} INFO - Filling up the DagBag from /home/phuc/Practice/DataScience/DSProject/venv/lib/python3.10/site-packages/airflow/example_dags/example_params_trigger_ui.py
[2023-12-17T08:08:23.614+0700] {processor.py:839} INFO - DAG(s) dict_keys(['example_params_trigger_ui']) retrieved from /home/phuc/Practice/DataScience/DSProject/venv/lib/python3.10/site-packages/airflow/example_dags/example_params_trigger_ui.py
[2023-12-17T08:08:23.637+0700] {logging_mixin.py:154} INFO - [2023-12-17T08:08:23.637+0700] {dag.py:2941} INFO - Sync 1 DAGs
[2023-12-17T08:08:23.643+0700] {logging_mixin.py:154} INFO - [2023-12-17T08:08:23.643+0700] {dag.py:3722} INFO - Setting next_dagrun for example_params_trigger_ui to None, run_after=None
[2023-12-17T08:08:23.655+0700] {processor.py:179} INFO - Processing /home/phuc/Practice/DataScience/DSProject/venv/lib/python3.10/site-packages/airflow/example_dags/example_params_trigger_ui.py took 0.059 seconds
[2023-12-17T08:09:04.426+0700] {processor.py:157} INFO - Started process (PID=313345) to work on /home/phuc/Practice/DataScience/DSProject/venv/lib/python3.10/site-packages/airflow/example_dags/example_params_trigger_ui.py
[2023-12-17T08:09:04.433+0700] {processor.py:829} INFO - Processing file /home/phuc/Practice/DataScience/DSProject/venv/lib/python3.10/site-packages/airflow/example_dags/example_params_trigger_ui.py for tasks to queue
[2023-12-17T08:09:04.435+0700] {logging_mixin.py:154} INFO - [2023-12-17T08:09:04.434+0700] {dagbag.py:536} INFO - Filling up the DagBag from /home/phuc/Practice/DataScience/DSProject/venv/lib/python3.10/site-packages/airflow/example_dags/example_params_trigger_ui.py
[2023-12-17T08:09:04.448+0700] {processor.py:839} INFO - DAG(s) dict_keys(['example_params_trigger_ui']) retrieved from /home/phuc/Practice/DataScience/DSProject/venv/lib/python3.10/site-packages/airflow/example_dags/example_params_trigger_ui.py
[2023-12-17T08:09:04.472+0700] {logging_mixin.py:154} INFO - [2023-12-17T08:09:04.472+0700] {dag.py:2941} INFO - Sync 1 DAGs
[2023-12-17T08:09:04.478+0700] {logging_mixin.py:154} INFO - [2023-12-17T08:09:04.478+0700] {dag.py:3722} INFO - Setting next_dagrun for example_params_trigger_ui to None, run_after=None
[2023-12-17T08:09:04.490+0700] {processor.py:179} INFO - Processing /home/phuc/Practice/DataScience/DSProject/venv/lib/python3.10/site-packages/airflow/example_dags/example_params_trigger_ui.py took 0.067 seconds
[2023-12-17T08:09:48.472+0700] {processor.py:157} INFO - Started process (PID=313618) to work on /home/phuc/Practice/DataScience/DSProject/venv/lib/python3.10/site-packages/airflow/example_dags/example_params_trigger_ui.py
[2023-12-17T08:09:48.480+0700] {processor.py:829} INFO - Processing file /home/phuc/Practice/DataScience/DSProject/venv/lib/python3.10/site-packages/airflow/example_dags/example_params_trigger_ui.py for tasks to queue
[2023-12-17T08:09:48.481+0700] {logging_mixin.py:154} INFO - [2023-12-17T08:09:48.481+0700] {dagbag.py:536} INFO - Filling up the DagBag from /home/phuc/Practice/DataScience/DSProject/venv/lib/python3.10/site-packages/airflow/example_dags/example_params_trigger_ui.py
[2023-12-17T08:09:48.498+0700] {processor.py:839} INFO - DAG(s) dict_keys(['example_params_trigger_ui']) retrieved from /home/phuc/Practice/DataScience/DSProject/venv/lib/python3.10/site-packages/airflow/example_dags/example_params_trigger_ui.py
[2023-12-17T08:09:48.522+0700] {logging_mixin.py:154} INFO - [2023-12-17T08:09:48.522+0700] {dag.py:2941} INFO - Sync 1 DAGs
[2023-12-17T08:09:48.529+0700] {logging_mixin.py:154} INFO - [2023-12-17T08:09:48.529+0700] {dag.py:3722} INFO - Setting next_dagrun for example_params_trigger_ui to None, run_after=None
[2023-12-17T08:09:48.541+0700] {processor.py:179} INFO - Processing /home/phuc/Practice/DataScience/DSProject/venv/lib/python3.10/site-packages/airflow/example_dags/example_params_trigger_ui.py took 0.070 seconds
[2023-12-17T08:10:36.935+0700] {processor.py:157} INFO - Started process (PID=313905) to work on /home/phuc/Practice/DataScience/DSProject/venv/lib/python3.10/site-packages/airflow/example_dags/example_params_trigger_ui.py
[2023-12-17T08:10:36.942+0700] {processor.py:829} INFO - Processing file /home/phuc/Practice/DataScience/DSProject/venv/lib/python3.10/site-packages/airflow/example_dags/example_params_trigger_ui.py for tasks to queue
[2023-12-17T08:10:36.944+0700] {logging_mixin.py:154} INFO - [2023-12-17T08:10:36.943+0700] {dagbag.py:536} INFO - Filling up the DagBag from /home/phuc/Practice/DataScience/DSProject/venv/lib/python3.10/site-packages/airflow/example_dags/example_params_trigger_ui.py
[2023-12-17T08:10:36.962+0700] {processor.py:839} INFO - DAG(s) dict_keys(['example_params_trigger_ui']) retrieved from /home/phuc/Practice/DataScience/DSProject/venv/lib/python3.10/site-packages/airflow/example_dags/example_params_trigger_ui.py
[2023-12-17T08:10:36.984+0700] {logging_mixin.py:154} INFO - [2023-12-17T08:10:36.984+0700] {dag.py:2941} INFO - Sync 1 DAGs
[2023-12-17T08:10:36.990+0700] {logging_mixin.py:154} INFO - [2023-12-17T08:10:36.990+0700] {dag.py:3722} INFO - Setting next_dagrun for example_params_trigger_ui to None, run_after=None
[2023-12-17T08:10:37.002+0700] {processor.py:179} INFO - Processing /home/phuc/Practice/DataScience/DSProject/venv/lib/python3.10/site-packages/airflow/example_dags/example_params_trigger_ui.py took 0.070 seconds
[2023-12-17T08:11:11.827+0700] {processor.py:157} INFO - Started process (PID=314058) to work on /home/phuc/Practice/DataScience/DSProject/venv/lib/python3.10/site-packages/airflow/example_dags/example_params_trigger_ui.py
[2023-12-17T08:11:11.834+0700] {processor.py:829} INFO - Processing file /home/phuc/Practice/DataScience/DSProject/venv/lib/python3.10/site-packages/airflow/example_dags/example_params_trigger_ui.py for tasks to queue
[2023-12-17T08:11:11.835+0700] {logging_mixin.py:154} INFO - [2023-12-17T08:11:11.834+0700] {dagbag.py:536} INFO - Filling up the DagBag from /home/phuc/Practice/DataScience/DSProject/venv/lib/python3.10/site-packages/airflow/example_dags/example_params_trigger_ui.py
[2023-12-17T08:11:11.847+0700] {processor.py:839} INFO - DAG(s) dict_keys(['example_params_trigger_ui']) retrieved from /home/phuc/Practice/DataScience/DSProject/venv/lib/python3.10/site-packages/airflow/example_dags/example_params_trigger_ui.py
[2023-12-17T08:11:11.870+0700] {logging_mixin.py:154} INFO - [2023-12-17T08:11:11.870+0700] {dag.py:2941} INFO - Sync 1 DAGs
[2023-12-17T08:11:11.876+0700] {logging_mixin.py:154} INFO - [2023-12-17T08:11:11.876+0700] {dag.py:3722} INFO - Setting next_dagrun for example_params_trigger_ui to None, run_after=None
[2023-12-17T08:11:11.887+0700] {processor.py:179} INFO - Processing /home/phuc/Practice/DataScience/DSProject/venv/lib/python3.10/site-packages/airflow/example_dags/example_params_trigger_ui.py took 0.062 seconds
[2023-12-17T08:12:00.941+0700] {processor.py:157} INFO - Started process (PID=314317) to work on /home/phuc/Practice/DataScience/DSProject/venv/lib/python3.10/site-packages/airflow/example_dags/example_params_trigger_ui.py
[2023-12-17T08:12:00.948+0700] {processor.py:829} INFO - Processing file /home/phuc/Practice/DataScience/DSProject/venv/lib/python3.10/site-packages/airflow/example_dags/example_params_trigger_ui.py for tasks to queue
[2023-12-17T08:12:00.949+0700] {logging_mixin.py:154} INFO - [2023-12-17T08:12:00.949+0700] {dagbag.py:536} INFO - Filling up the DagBag from /home/phuc/Practice/DataScience/DSProject/venv/lib/python3.10/site-packages/airflow/example_dags/example_params_trigger_ui.py
[2023-12-17T08:12:00.968+0700] {processor.py:839} INFO - DAG(s) dict_keys(['example_params_trigger_ui']) retrieved from /home/phuc/Practice/DataScience/DSProject/venv/lib/python3.10/site-packages/airflow/example_dags/example_params_trigger_ui.py
[2023-12-17T08:12:00.990+0700] {logging_mixin.py:154} INFO - [2023-12-17T08:12:00.990+0700] {dag.py:2941} INFO - Sync 1 DAGs
[2023-12-17T08:12:00.996+0700] {logging_mixin.py:154} INFO - [2023-12-17T08:12:00.996+0700] {dag.py:3722} INFO - Setting next_dagrun for example_params_trigger_ui to None, run_after=None
[2023-12-17T08:12:01.009+0700] {processor.py:179} INFO - Processing /home/phuc/Practice/DataScience/DSProject/venv/lib/python3.10/site-packages/airflow/example_dags/example_params_trigger_ui.py took 0.071 seconds
[2023-12-17T08:12:36.415+0700] {processor.py:157} INFO - Started process (PID=314475) to work on /home/phuc/Practice/DataScience/DSProject/venv/lib/python3.10/site-packages/airflow/example_dags/example_params_trigger_ui.py
[2023-12-17T08:12:36.423+0700] {processor.py:829} INFO - Processing file /home/phuc/Practice/DataScience/DSProject/venv/lib/python3.10/site-packages/airflow/example_dags/example_params_trigger_ui.py for tasks to queue
[2023-12-17T08:12:36.423+0700] {logging_mixin.py:154} INFO - [2023-12-17T08:12:36.423+0700] {dagbag.py:536} INFO - Filling up the DagBag from /home/phuc/Practice/DataScience/DSProject/venv/lib/python3.10/site-packages/airflow/example_dags/example_params_trigger_ui.py
[2023-12-17T08:12:36.439+0700] {processor.py:839} INFO - DAG(s) dict_keys(['example_params_trigger_ui']) retrieved from /home/phuc/Practice/DataScience/DSProject/venv/lib/python3.10/site-packages/airflow/example_dags/example_params_trigger_ui.py
[2023-12-17T08:12:36.476+0700] {logging_mixin.py:154} INFO - [2023-12-17T08:12:36.476+0700] {dag.py:2941} INFO - Sync 1 DAGs
[2023-12-17T08:12:36.487+0700] {logging_mixin.py:154} INFO - [2023-12-17T08:12:36.486+0700] {dag.py:3722} INFO - Setting next_dagrun for example_params_trigger_ui to None, run_after=None
[2023-12-17T08:12:36.506+0700] {processor.py:179} INFO - Processing /home/phuc/Practice/DataScience/DSProject/venv/lib/python3.10/site-packages/airflow/example_dags/example_params_trigger_ui.py took 0.093 seconds
[2023-12-17T08:13:19.306+0700] {processor.py:157} INFO - Started process (PID=314685) to work on /home/phuc/Practice/DataScience/DSProject/venv/lib/python3.10/site-packages/airflow/example_dags/example_params_trigger_ui.py
[2023-12-17T08:13:19.307+0700] {processor.py:829} INFO - Processing file /home/phuc/Practice/DataScience/DSProject/venv/lib/python3.10/site-packages/airflow/example_dags/example_params_trigger_ui.py for tasks to queue
[2023-12-17T08:13:19.308+0700] {logging_mixin.py:154} INFO - [2023-12-17T08:13:19.307+0700] {dagbag.py:536} INFO - Filling up the DagBag from /home/phuc/Practice/DataScience/DSProject/venv/lib/python3.10/site-packages/airflow/example_dags/example_params_trigger_ui.py
[2023-12-17T08:13:19.324+0700] {processor.py:839} INFO - DAG(s) dict_keys(['example_params_trigger_ui']) retrieved from /home/phuc/Practice/DataScience/DSProject/venv/lib/python3.10/site-packages/airflow/example_dags/example_params_trigger_ui.py
[2023-12-17T08:13:19.369+0700] {logging_mixin.py:154} INFO - [2023-12-17T08:13:19.368+0700] {dag.py:2941} INFO - Sync 1 DAGs
[2023-12-17T08:13:19.382+0700] {logging_mixin.py:154} INFO - [2023-12-17T08:13:19.382+0700] {dag.py:3722} INFO - Setting next_dagrun for example_params_trigger_ui to None, run_after=None
[2023-12-17T08:13:19.407+0700] {processor.py:179} INFO - Processing /home/phuc/Practice/DataScience/DSProject/venv/lib/python3.10/site-packages/airflow/example_dags/example_params_trigger_ui.py took 0.104 seconds
[2023-12-17T08:14:10.746+0700] {processor.py:157} INFO - Started process (PID=314939) to work on /home/phuc/Practice/DataScience/DSProject/venv/lib/python3.10/site-packages/airflow/example_dags/example_params_trigger_ui.py
[2023-12-17T08:14:10.753+0700] {processor.py:829} INFO - Processing file /home/phuc/Practice/DataScience/DSProject/venv/lib/python3.10/site-packages/airflow/example_dags/example_params_trigger_ui.py for tasks to queue
[2023-12-17T08:14:10.754+0700] {logging_mixin.py:154} INFO - [2023-12-17T08:14:10.754+0700] {dagbag.py:536} INFO - Filling up the DagBag from /home/phuc/Practice/DataScience/DSProject/venv/lib/python3.10/site-packages/airflow/example_dags/example_params_trigger_ui.py
[2023-12-17T08:14:10.772+0700] {processor.py:839} INFO - DAG(s) dict_keys(['example_params_trigger_ui']) retrieved from /home/phuc/Practice/DataScience/DSProject/venv/lib/python3.10/site-packages/airflow/example_dags/example_params_trigger_ui.py
[2023-12-17T08:14:10.795+0700] {logging_mixin.py:154} INFO - [2023-12-17T08:14:10.795+0700] {dag.py:2941} INFO - Sync 1 DAGs
[2023-12-17T08:14:10.801+0700] {logging_mixin.py:154} INFO - [2023-12-17T08:14:10.800+0700] {dag.py:3722} INFO - Setting next_dagrun for example_params_trigger_ui to None, run_after=None
[2023-12-17T08:14:10.812+0700] {processor.py:179} INFO - Processing /home/phuc/Practice/DataScience/DSProject/venv/lib/python3.10/site-packages/airflow/example_dags/example_params_trigger_ui.py took 0.068 seconds
[2023-12-17T08:14:44.818+0700] {processor.py:157} INFO - Started process (PID=315092) to work on /home/phuc/Practice/DataScience/DSProject/venv/lib/python3.10/site-packages/airflow/example_dags/example_params_trigger_ui.py
[2023-12-17T08:14:44.825+0700] {processor.py:829} INFO - Processing file /home/phuc/Practice/DataScience/DSProject/venv/lib/python3.10/site-packages/airflow/example_dags/example_params_trigger_ui.py for tasks to queue
[2023-12-17T08:14:44.827+0700] {logging_mixin.py:154} INFO - [2023-12-17T08:14:44.826+0700] {dagbag.py:536} INFO - Filling up the DagBag from /home/phuc/Practice/DataScience/DSProject/venv/lib/python3.10/site-packages/airflow/example_dags/example_params_trigger_ui.py
[2023-12-17T08:14:44.845+0700] {processor.py:839} INFO - DAG(s) dict_keys(['example_params_trigger_ui']) retrieved from /home/phuc/Practice/DataScience/DSProject/venv/lib/python3.10/site-packages/airflow/example_dags/example_params_trigger_ui.py
[2023-12-17T08:14:44.869+0700] {logging_mixin.py:154} INFO - [2023-12-17T08:14:44.869+0700] {dag.py:2941} INFO - Sync 1 DAGs
[2023-12-17T08:14:44.875+0700] {logging_mixin.py:154} INFO - [2023-12-17T08:14:44.874+0700] {dag.py:3722} INFO - Setting next_dagrun for example_params_trigger_ui to None, run_after=None
[2023-12-17T08:14:44.886+0700] {processor.py:179} INFO - Processing /home/phuc/Practice/DataScience/DSProject/venv/lib/python3.10/site-packages/airflow/example_dags/example_params_trigger_ui.py took 0.071 seconds
[2023-12-17T08:15:21.552+0700] {processor.py:157} INFO - Started process (PID=315253) to work on /home/phuc/Practice/DataScience/DSProject/venv/lib/python3.10/site-packages/airflow/example_dags/example_params_trigger_ui.py
[2023-12-17T08:15:21.559+0700] {processor.py:829} INFO - Processing file /home/phuc/Practice/DataScience/DSProject/venv/lib/python3.10/site-packages/airflow/example_dags/example_params_trigger_ui.py for tasks to queue
[2023-12-17T08:15:21.560+0700] {logging_mixin.py:154} INFO - [2023-12-17T08:15:21.560+0700] {dagbag.py:536} INFO - Filling up the DagBag from /home/phuc/Practice/DataScience/DSProject/venv/lib/python3.10/site-packages/airflow/example_dags/example_params_trigger_ui.py
[2023-12-17T08:15:21.577+0700] {processor.py:839} INFO - DAG(s) dict_keys(['example_params_trigger_ui']) retrieved from /home/phuc/Practice/DataScience/DSProject/venv/lib/python3.10/site-packages/airflow/example_dags/example_params_trigger_ui.py
[2023-12-17T08:15:21.601+0700] {logging_mixin.py:154} INFO - [2023-12-17T08:15:21.601+0700] {dag.py:2941} INFO - Sync 1 DAGs
[2023-12-17T08:15:21.610+0700] {logging_mixin.py:154} INFO - [2023-12-17T08:15:21.609+0700] {dag.py:3722} INFO - Setting next_dagrun for example_params_trigger_ui to None, run_after=None
[2023-12-17T08:15:21.623+0700] {processor.py:179} INFO - Processing /home/phuc/Practice/DataScience/DSProject/venv/lib/python3.10/site-packages/airflow/example_dags/example_params_trigger_ui.py took 0.076 seconds
[2023-12-17T08:15:56.853+0700] {processor.py:157} INFO - Started process (PID=315434) to work on /home/phuc/Practice/DataScience/DSProject/venv/lib/python3.10/site-packages/airflow/example_dags/example_params_trigger_ui.py
[2023-12-17T08:15:56.859+0700] {processor.py:829} INFO - Processing file /home/phuc/Practice/DataScience/DSProject/venv/lib/python3.10/site-packages/airflow/example_dags/example_params_trigger_ui.py for tasks to queue
[2023-12-17T08:15:56.861+0700] {logging_mixin.py:154} INFO - [2023-12-17T08:15:56.860+0700] {dagbag.py:536} INFO - Filling up the DagBag from /home/phuc/Practice/DataScience/DSProject/venv/lib/python3.10/site-packages/airflow/example_dags/example_params_trigger_ui.py
[2023-12-17T08:15:56.878+0700] {processor.py:839} INFO - DAG(s) dict_keys(['example_params_trigger_ui']) retrieved from /home/phuc/Practice/DataScience/DSProject/venv/lib/python3.10/site-packages/airflow/example_dags/example_params_trigger_ui.py
[2023-12-17T08:15:56.904+0700] {logging_mixin.py:154} INFO - [2023-12-17T08:15:56.904+0700] {dag.py:2941} INFO - Sync 1 DAGs
[2023-12-17T08:15:56.911+0700] {logging_mixin.py:154} INFO - [2023-12-17T08:15:56.911+0700] {dag.py:3722} INFO - Setting next_dagrun for example_params_trigger_ui to None, run_after=None
[2023-12-17T08:15:56.925+0700] {processor.py:179} INFO - Processing /home/phuc/Practice/DataScience/DSProject/venv/lib/python3.10/site-packages/airflow/example_dags/example_params_trigger_ui.py took 0.075 seconds
[2023-12-17T08:17:44.625+0700] {processor.py:157} INFO - Started process (PID=316372) to work on /home/phuc/Practice/DataScience/DSProject/venv/lib/python3.10/site-packages/airflow/example_dags/example_params_trigger_ui.py
[2023-12-17T08:17:44.632+0700] {processor.py:829} INFO - Processing file /home/phuc/Practice/DataScience/DSProject/venv/lib/python3.10/site-packages/airflow/example_dags/example_params_trigger_ui.py for tasks to queue
[2023-12-17T08:17:44.633+0700] {logging_mixin.py:154} INFO - [2023-12-17T08:17:44.633+0700] {dagbag.py:536} INFO - Filling up the DagBag from /home/phuc/Practice/DataScience/DSProject/venv/lib/python3.10/site-packages/airflow/example_dags/example_params_trigger_ui.py
[2023-12-17T08:17:44.652+0700] {processor.py:839} INFO - DAG(s) dict_keys(['example_params_trigger_ui']) retrieved from /home/phuc/Practice/DataScience/DSProject/venv/lib/python3.10/site-packages/airflow/example_dags/example_params_trigger_ui.py
[2023-12-17T08:17:44.678+0700] {logging_mixin.py:154} INFO - [2023-12-17T08:17:44.678+0700] {dag.py:2941} INFO - Sync 1 DAGs
[2023-12-17T08:17:44.684+0700] {logging_mixin.py:154} INFO - [2023-12-17T08:17:44.683+0700] {dag.py:3722} INFO - Setting next_dagrun for example_params_trigger_ui to None, run_after=None
[2023-12-17T08:17:44.695+0700] {processor.py:179} INFO - Processing /home/phuc/Practice/DataScience/DSProject/venv/lib/python3.10/site-packages/airflow/example_dags/example_params_trigger_ui.py took 0.073 seconds
[2023-12-17T08:18:30.725+0700] {processor.py:157} INFO - Started process (PID=316601) to work on /home/phuc/Practice/DataScience/DSProject/venv/lib/python3.10/site-packages/airflow/example_dags/example_params_trigger_ui.py
[2023-12-17T08:18:30.732+0700] {processor.py:829} INFO - Processing file /home/phuc/Practice/DataScience/DSProject/venv/lib/python3.10/site-packages/airflow/example_dags/example_params_trigger_ui.py for tasks to queue
[2023-12-17T08:18:30.733+0700] {logging_mixin.py:154} INFO - [2023-12-17T08:18:30.733+0700] {dagbag.py:536} INFO - Filling up the DagBag from /home/phuc/Practice/DataScience/DSProject/venv/lib/python3.10/site-packages/airflow/example_dags/example_params_trigger_ui.py
[2023-12-17T08:18:30.749+0700] {processor.py:839} INFO - DAG(s) dict_keys(['example_params_trigger_ui']) retrieved from /home/phuc/Practice/DataScience/DSProject/venv/lib/python3.10/site-packages/airflow/example_dags/example_params_trigger_ui.py
[2023-12-17T08:18:30.785+0700] {logging_mixin.py:154} INFO - [2023-12-17T08:18:30.785+0700] {dag.py:2941} INFO - Sync 1 DAGs
[2023-12-17T08:18:30.795+0700] {logging_mixin.py:154} INFO - [2023-12-17T08:18:30.794+0700] {dag.py:3722} INFO - Setting next_dagrun for example_params_trigger_ui to None, run_after=None
[2023-12-17T08:18:30.812+0700] {processor.py:179} INFO - Processing /home/phuc/Practice/DataScience/DSProject/venv/lib/python3.10/site-packages/airflow/example_dags/example_params_trigger_ui.py took 0.089 seconds
[2023-12-17T08:19:18.641+0700] {processor.py:157} INFO - Started process (PID=317111) to work on /home/phuc/Practice/DataScience/DSProject/venv/lib/python3.10/site-packages/airflow/example_dags/example_params_trigger_ui.py
[2023-12-17T08:19:18.648+0700] {processor.py:829} INFO - Processing file /home/phuc/Practice/DataScience/DSProject/venv/lib/python3.10/site-packages/airflow/example_dags/example_params_trigger_ui.py for tasks to queue
[2023-12-17T08:19:18.649+0700] {logging_mixin.py:154} INFO - [2023-12-17T08:19:18.648+0700] {dagbag.py:536} INFO - Filling up the DagBag from /home/phuc/Practice/DataScience/DSProject/venv/lib/python3.10/site-packages/airflow/example_dags/example_params_trigger_ui.py
[2023-12-17T08:19:18.668+0700] {processor.py:839} INFO - DAG(s) dict_keys(['example_params_trigger_ui']) retrieved from /home/phuc/Practice/DataScience/DSProject/venv/lib/python3.10/site-packages/airflow/example_dags/example_params_trigger_ui.py
[2023-12-17T08:19:18.719+0700] {logging_mixin.py:154} INFO - [2023-12-17T08:19:18.719+0700] {dag.py:2941} INFO - Sync 1 DAGs
[2023-12-17T08:19:18.731+0700] {logging_mixin.py:154} INFO - [2023-12-17T08:19:18.731+0700] {dag.py:3722} INFO - Setting next_dagrun for example_params_trigger_ui to None, run_after=None
[2023-12-17T08:19:18.753+0700] {processor.py:179} INFO - Processing /home/phuc/Practice/DataScience/DSProject/venv/lib/python3.10/site-packages/airflow/example_dags/example_params_trigger_ui.py took 0.115 seconds
[2023-12-17T08:19:54.651+0700] {processor.py:157} INFO - Started process (PID=317499) to work on /home/phuc/Practice/DataScience/DSProject/venv/lib/python3.10/site-packages/airflow/example_dags/example_params_trigger_ui.py
[2023-12-17T08:19:54.658+0700] {processor.py:829} INFO - Processing file /home/phuc/Practice/DataScience/DSProject/venv/lib/python3.10/site-packages/airflow/example_dags/example_params_trigger_ui.py for tasks to queue
[2023-12-17T08:19:54.659+0700] {logging_mixin.py:154} INFO - [2023-12-17T08:19:54.658+0700] {dagbag.py:536} INFO - Filling up the DagBag from /home/phuc/Practice/DataScience/DSProject/venv/lib/python3.10/site-packages/airflow/example_dags/example_params_trigger_ui.py
[2023-12-17T08:19:54.677+0700] {processor.py:839} INFO - DAG(s) dict_keys(['example_params_trigger_ui']) retrieved from /home/phuc/Practice/DataScience/DSProject/venv/lib/python3.10/site-packages/airflow/example_dags/example_params_trigger_ui.py
[2023-12-17T08:19:54.723+0700] {logging_mixin.py:154} INFO - [2023-12-17T08:19:54.723+0700] {dag.py:2941} INFO - Sync 1 DAGs
[2023-12-17T08:19:54.735+0700] {logging_mixin.py:154} INFO - [2023-12-17T08:19:54.735+0700] {dag.py:3722} INFO - Setting next_dagrun for example_params_trigger_ui to None, run_after=None
[2023-12-17T08:19:54.763+0700] {processor.py:179} INFO - Processing /home/phuc/Practice/DataScience/DSProject/venv/lib/python3.10/site-packages/airflow/example_dags/example_params_trigger_ui.py took 0.116 seconds
[2023-12-17T08:20:33.050+0700] {processor.py:157} INFO - Started process (PID=317882) to work on /home/phuc/Practice/DataScience/DSProject/venv/lib/python3.10/site-packages/airflow/example_dags/example_params_trigger_ui.py
[2023-12-17T08:20:33.057+0700] {processor.py:829} INFO - Processing file /home/phuc/Practice/DataScience/DSProject/venv/lib/python3.10/site-packages/airflow/example_dags/example_params_trigger_ui.py for tasks to queue
[2023-12-17T08:20:33.058+0700] {logging_mixin.py:154} INFO - [2023-12-17T08:20:33.058+0700] {dagbag.py:536} INFO - Filling up the DagBag from /home/phuc/Practice/DataScience/DSProject/venv/lib/python3.10/site-packages/airflow/example_dags/example_params_trigger_ui.py
[2023-12-17T08:20:33.070+0700] {processor.py:839} INFO - DAG(s) dict_keys(['example_params_trigger_ui']) retrieved from /home/phuc/Practice/DataScience/DSProject/venv/lib/python3.10/site-packages/airflow/example_dags/example_params_trigger_ui.py
[2023-12-17T08:20:33.101+0700] {logging_mixin.py:154} INFO - [2023-12-17T08:20:33.101+0700] {dag.py:2941} INFO - Sync 1 DAGs
[2023-12-17T08:20:33.109+0700] {logging_mixin.py:154} INFO - [2023-12-17T08:20:33.109+0700] {dag.py:3722} INFO - Setting next_dagrun for example_params_trigger_ui to None, run_after=None
[2023-12-17T08:20:33.124+0700] {processor.py:179} INFO - Processing /home/phuc/Practice/DataScience/DSProject/venv/lib/python3.10/site-packages/airflow/example_dags/example_params_trigger_ui.py took 0.077 seconds
[2023-12-17T08:21:55.034+0700] {processor.py:157} INFO - Started process (PID=318719) to work on /home/phuc/Practice/DataScience/DSProject/venv/lib/python3.10/site-packages/airflow/example_dags/example_params_trigger_ui.py
[2023-12-17T08:21:55.041+0700] {processor.py:829} INFO - Processing file /home/phuc/Practice/DataScience/DSProject/venv/lib/python3.10/site-packages/airflow/example_dags/example_params_trigger_ui.py for tasks to queue
[2023-12-17T08:21:55.042+0700] {logging_mixin.py:154} INFO - [2023-12-17T08:21:55.041+0700] {dagbag.py:536} INFO - Filling up the DagBag from /home/phuc/Practice/DataScience/DSProject/venv/lib/python3.10/site-packages/airflow/example_dags/example_params_trigger_ui.py
[2023-12-17T08:21:55.056+0700] {processor.py:839} INFO - DAG(s) dict_keys(['example_params_trigger_ui']) retrieved from /home/phuc/Practice/DataScience/DSProject/venv/lib/python3.10/site-packages/airflow/example_dags/example_params_trigger_ui.py
[2023-12-17T08:21:55.102+0700] {logging_mixin.py:154} INFO - [2023-12-17T08:21:55.101+0700] {dag.py:2941} INFO - Sync 1 DAGs
[2023-12-17T08:21:55.110+0700] {logging_mixin.py:154} INFO - [2023-12-17T08:21:55.110+0700] {dag.py:3722} INFO - Setting next_dagrun for example_params_trigger_ui to None, run_after=None
[2023-12-17T08:21:55.125+0700] {processor.py:179} INFO - Processing /home/phuc/Practice/DataScience/DSProject/venv/lib/python3.10/site-packages/airflow/example_dags/example_params_trigger_ui.py took 0.093 seconds
[2023-12-17T08:23:29.531+0700] {processor.py:157} INFO - Started process (PID=319509) to work on /home/phuc/Practice/DataScience/DSProject/venv/lib/python3.10/site-packages/airflow/example_dags/example_params_trigger_ui.py
[2023-12-17T08:23:29.538+0700] {processor.py:829} INFO - Processing file /home/phuc/Practice/DataScience/DSProject/venv/lib/python3.10/site-packages/airflow/example_dags/example_params_trigger_ui.py for tasks to queue
[2023-12-17T08:23:29.538+0700] {logging_mixin.py:154} INFO - [2023-12-17T08:23:29.538+0700] {dagbag.py:536} INFO - Filling up the DagBag from /home/phuc/Practice/DataScience/DSProject/venv/lib/python3.10/site-packages/airflow/example_dags/example_params_trigger_ui.py
[2023-12-17T08:23:29.555+0700] {processor.py:839} INFO - DAG(s) dict_keys(['example_params_trigger_ui']) retrieved from /home/phuc/Practice/DataScience/DSProject/venv/lib/python3.10/site-packages/airflow/example_dags/example_params_trigger_ui.py
[2023-12-17T08:23:29.595+0700] {logging_mixin.py:154} INFO - [2023-12-17T08:23:29.595+0700] {dag.py:2941} INFO - Sync 1 DAGs
[2023-12-17T08:23:29.608+0700] {logging_mixin.py:154} INFO - [2023-12-17T08:23:29.607+0700] {dag.py:3722} INFO - Setting next_dagrun for example_params_trigger_ui to None, run_after=None
[2023-12-17T08:23:29.626+0700] {processor.py:179} INFO - Processing /home/phuc/Practice/DataScience/DSProject/venv/lib/python3.10/site-packages/airflow/example_dags/example_params_trigger_ui.py took 0.098 seconds
[2023-12-17T08:24:09.541+0700] {processor.py:157} INFO - Started process (PID=319747) to work on /home/phuc/Practice/DataScience/DSProject/venv/lib/python3.10/site-packages/airflow/example_dags/example_params_trigger_ui.py
[2023-12-17T08:24:09.548+0700] {processor.py:829} INFO - Processing file /home/phuc/Practice/DataScience/DSProject/venv/lib/python3.10/site-packages/airflow/example_dags/example_params_trigger_ui.py for tasks to queue
[2023-12-17T08:24:09.549+0700] {logging_mixin.py:154} INFO - [2023-12-17T08:24:09.549+0700] {dagbag.py:536} INFO - Filling up the DagBag from /home/phuc/Practice/DataScience/DSProject/venv/lib/python3.10/site-packages/airflow/example_dags/example_params_trigger_ui.py
[2023-12-17T08:24:09.567+0700] {processor.py:839} INFO - DAG(s) dict_keys(['example_params_trigger_ui']) retrieved from /home/phuc/Practice/DataScience/DSProject/venv/lib/python3.10/site-packages/airflow/example_dags/example_params_trigger_ui.py
[2023-12-17T08:24:09.591+0700] {logging_mixin.py:154} INFO - [2023-12-17T08:24:09.591+0700] {dag.py:2941} INFO - Sync 1 DAGs
[2023-12-17T08:24:09.597+0700] {logging_mixin.py:154} INFO - [2023-12-17T08:24:09.597+0700] {dag.py:3722} INFO - Setting next_dagrun for example_params_trigger_ui to None, run_after=None
[2023-12-17T08:24:09.611+0700] {processor.py:179} INFO - Processing /home/phuc/Practice/DataScience/DSProject/venv/lib/python3.10/site-packages/airflow/example_dags/example_params_trigger_ui.py took 0.074 seconds
[2023-12-17T08:24:58.253+0700] {processor.py:157} INFO - Started process (PID=319963) to work on /home/phuc/Practice/DataScience/DSProject/venv/lib/python3.10/site-packages/airflow/example_dags/example_params_trigger_ui.py
[2023-12-17T08:24:58.260+0700] {processor.py:829} INFO - Processing file /home/phuc/Practice/DataScience/DSProject/venv/lib/python3.10/site-packages/airflow/example_dags/example_params_trigger_ui.py for tasks to queue
[2023-12-17T08:24:58.262+0700] {logging_mixin.py:154} INFO - [2023-12-17T08:24:58.261+0700] {dagbag.py:536} INFO - Filling up the DagBag from /home/phuc/Practice/DataScience/DSProject/venv/lib/python3.10/site-packages/airflow/example_dags/example_params_trigger_ui.py
[2023-12-17T08:24:58.281+0700] {processor.py:839} INFO - DAG(s) dict_keys(['example_params_trigger_ui']) retrieved from /home/phuc/Practice/DataScience/DSProject/venv/lib/python3.10/site-packages/airflow/example_dags/example_params_trigger_ui.py
[2023-12-17T08:24:58.306+0700] {logging_mixin.py:154} INFO - [2023-12-17T08:24:58.306+0700] {dag.py:2941} INFO - Sync 1 DAGs
[2023-12-17T08:24:58.312+0700] {logging_mixin.py:154} INFO - [2023-12-17T08:24:58.312+0700] {dag.py:3722} INFO - Setting next_dagrun for example_params_trigger_ui to None, run_after=None
[2023-12-17T08:24:58.326+0700] {processor.py:179} INFO - Processing /home/phuc/Practice/DataScience/DSProject/venv/lib/python3.10/site-packages/airflow/example_dags/example_params_trigger_ui.py took 0.076 seconds
[2023-12-17T08:25:35.586+0700] {processor.py:157} INFO - Started process (PID=320125) to work on /home/phuc/Practice/DataScience/DSProject/venv/lib/python3.10/site-packages/airflow/example_dags/example_params_trigger_ui.py
[2023-12-17T08:25:35.593+0700] {processor.py:829} INFO - Processing file /home/phuc/Practice/DataScience/DSProject/venv/lib/python3.10/site-packages/airflow/example_dags/example_params_trigger_ui.py for tasks to queue
[2023-12-17T08:25:35.594+0700] {logging_mixin.py:154} INFO - [2023-12-17T08:25:35.594+0700] {dagbag.py:536} INFO - Filling up the DagBag from /home/phuc/Practice/DataScience/DSProject/venv/lib/python3.10/site-packages/airflow/example_dags/example_params_trigger_ui.py
[2023-12-17T08:25:35.614+0700] {processor.py:839} INFO - DAG(s) dict_keys(['example_params_trigger_ui']) retrieved from /home/phuc/Practice/DataScience/DSProject/venv/lib/python3.10/site-packages/airflow/example_dags/example_params_trigger_ui.py
[2023-12-17T08:25:35.640+0700] {logging_mixin.py:154} INFO - [2023-12-17T08:25:35.640+0700] {dag.py:2941} INFO - Sync 1 DAGs
[2023-12-17T08:25:35.648+0700] {logging_mixin.py:154} INFO - [2023-12-17T08:25:35.648+0700] {dag.py:3722} INFO - Setting next_dagrun for example_params_trigger_ui to None, run_after=None
[2023-12-17T08:25:35.664+0700] {processor.py:179} INFO - Processing /home/phuc/Practice/DataScience/DSProject/venv/lib/python3.10/site-packages/airflow/example_dags/example_params_trigger_ui.py took 0.082 seconds
[2023-12-17T08:26:22.654+0700] {processor.py:157} INFO - Started process (PID=320343) to work on /home/phuc/Practice/DataScience/DSProject/venv/lib/python3.10/site-packages/airflow/example_dags/example_params_trigger_ui.py
[2023-12-17T08:26:22.661+0700] {processor.py:829} INFO - Processing file /home/phuc/Practice/DataScience/DSProject/venv/lib/python3.10/site-packages/airflow/example_dags/example_params_trigger_ui.py for tasks to queue
[2023-12-17T08:26:22.662+0700] {logging_mixin.py:154} INFO - [2023-12-17T08:26:22.662+0700] {dagbag.py:536} INFO - Filling up the DagBag from /home/phuc/Practice/DataScience/DSProject/venv/lib/python3.10/site-packages/airflow/example_dags/example_params_trigger_ui.py
[2023-12-17T08:26:22.680+0700] {processor.py:839} INFO - DAG(s) dict_keys(['example_params_trigger_ui']) retrieved from /home/phuc/Practice/DataScience/DSProject/venv/lib/python3.10/site-packages/airflow/example_dags/example_params_trigger_ui.py
[2023-12-17T08:26:22.706+0700] {logging_mixin.py:154} INFO - [2023-12-17T08:26:22.706+0700] {dag.py:2941} INFO - Sync 1 DAGs
[2023-12-17T08:26:22.714+0700] {logging_mixin.py:154} INFO - [2023-12-17T08:26:22.713+0700] {dag.py:3722} INFO - Setting next_dagrun for example_params_trigger_ui to None, run_after=None
[2023-12-17T08:26:22.728+0700] {processor.py:179} INFO - Processing /home/phuc/Practice/DataScience/DSProject/venv/lib/python3.10/site-packages/airflow/example_dags/example_params_trigger_ui.py took 0.077 seconds
[2023-12-17T08:26:56.701+0700] {processor.py:157} INFO - Started process (PID=320561) to work on /home/phuc/Practice/DataScience/DSProject/venv/lib/python3.10/site-packages/airflow/example_dags/example_params_trigger_ui.py
[2023-12-17T08:26:56.708+0700] {processor.py:829} INFO - Processing file /home/phuc/Practice/DataScience/DSProject/venv/lib/python3.10/site-packages/airflow/example_dags/example_params_trigger_ui.py for tasks to queue
[2023-12-17T08:26:56.709+0700] {logging_mixin.py:154} INFO - [2023-12-17T08:26:56.708+0700] {dagbag.py:536} INFO - Filling up the DagBag from /home/phuc/Practice/DataScience/DSProject/venv/lib/python3.10/site-packages/airflow/example_dags/example_params_trigger_ui.py
[2023-12-17T08:26:56.725+0700] {processor.py:839} INFO - DAG(s) dict_keys(['example_params_trigger_ui']) retrieved from /home/phuc/Practice/DataScience/DSProject/venv/lib/python3.10/site-packages/airflow/example_dags/example_params_trigger_ui.py
[2023-12-17T08:26:56.749+0700] {logging_mixin.py:154} INFO - [2023-12-17T08:26:56.749+0700] {dag.py:2941} INFO - Sync 1 DAGs
[2023-12-17T08:26:56.756+0700] {logging_mixin.py:154} INFO - [2023-12-17T08:26:56.755+0700] {dag.py:3722} INFO - Setting next_dagrun for example_params_trigger_ui to None, run_after=None
[2023-12-17T08:26:56.767+0700] {processor.py:179} INFO - Processing /home/phuc/Practice/DataScience/DSProject/venv/lib/python3.10/site-packages/airflow/example_dags/example_params_trigger_ui.py took 0.069 seconds
[2023-12-17T08:27:32.508+0700] {processor.py:157} INFO - Started process (PID=320716) to work on /home/phuc/Practice/DataScience/DSProject/venv/lib/python3.10/site-packages/airflow/example_dags/example_params_trigger_ui.py
[2023-12-17T08:27:32.515+0700] {processor.py:829} INFO - Processing file /home/phuc/Practice/DataScience/DSProject/venv/lib/python3.10/site-packages/airflow/example_dags/example_params_trigger_ui.py for tasks to queue
[2023-12-17T08:27:32.517+0700] {logging_mixin.py:154} INFO - [2023-12-17T08:27:32.516+0700] {dagbag.py:536} INFO - Filling up the DagBag from /home/phuc/Practice/DataScience/DSProject/venv/lib/python3.10/site-packages/airflow/example_dags/example_params_trigger_ui.py
[2023-12-17T08:27:32.535+0700] {processor.py:839} INFO - DAG(s) dict_keys(['example_params_trigger_ui']) retrieved from /home/phuc/Practice/DataScience/DSProject/venv/lib/python3.10/site-packages/airflow/example_dags/example_params_trigger_ui.py
[2023-12-17T08:27:32.560+0700] {logging_mixin.py:154} INFO - [2023-12-17T08:27:32.560+0700] {dag.py:2941} INFO - Sync 1 DAGs
[2023-12-17T08:27:32.568+0700] {logging_mixin.py:154} INFO - [2023-12-17T08:27:32.568+0700] {dag.py:3722} INFO - Setting next_dagrun for example_params_trigger_ui to None, run_after=None
[2023-12-17T08:27:32.582+0700] {processor.py:179} INFO - Processing /home/phuc/Practice/DataScience/DSProject/venv/lib/python3.10/site-packages/airflow/example_dags/example_params_trigger_ui.py took 0.077 seconds
[2023-12-17T08:28:06.619+0700] {processor.py:157} INFO - Started process (PID=320868) to work on /home/phuc/Practice/DataScience/DSProject/venv/lib/python3.10/site-packages/airflow/example_dags/example_params_trigger_ui.py
[2023-12-17T08:28:06.620+0700] {processor.py:829} INFO - Processing file /home/phuc/Practice/DataScience/DSProject/venv/lib/python3.10/site-packages/airflow/example_dags/example_params_trigger_ui.py for tasks to queue
[2023-12-17T08:28:06.621+0700] {logging_mixin.py:154} INFO - [2023-12-17T08:28:06.621+0700] {dagbag.py:536} INFO - Filling up the DagBag from /home/phuc/Practice/DataScience/DSProject/venv/lib/python3.10/site-packages/airflow/example_dags/example_params_trigger_ui.py
[2023-12-17T08:28:06.636+0700] {processor.py:839} INFO - DAG(s) dict_keys(['example_params_trigger_ui']) retrieved from /home/phuc/Practice/DataScience/DSProject/venv/lib/python3.10/site-packages/airflow/example_dags/example_params_trigger_ui.py
[2023-12-17T08:28:06.663+0700] {logging_mixin.py:154} INFO - [2023-12-17T08:28:06.663+0700] {dag.py:2941} INFO - Sync 1 DAGs
[2023-12-17T08:28:06.669+0700] {logging_mixin.py:154} INFO - [2023-12-17T08:28:06.669+0700] {dag.py:3722} INFO - Setting next_dagrun for example_params_trigger_ui to None, run_after=None
[2023-12-17T08:28:06.681+0700] {processor.py:179} INFO - Processing /home/phuc/Practice/DataScience/DSProject/venv/lib/python3.10/site-packages/airflow/example_dags/example_params_trigger_ui.py took 0.067 seconds
[2023-12-17T08:28:53.012+0700] {processor.py:157} INFO - Started process (PID=321070) to work on /home/phuc/Practice/DataScience/DSProject/venv/lib/python3.10/site-packages/airflow/example_dags/example_params_trigger_ui.py
[2023-12-17T08:28:53.014+0700] {processor.py:829} INFO - Processing file /home/phuc/Practice/DataScience/DSProject/venv/lib/python3.10/site-packages/airflow/example_dags/example_params_trigger_ui.py for tasks to queue
[2023-12-17T08:28:53.015+0700] {logging_mixin.py:154} INFO - [2023-12-17T08:28:53.014+0700] {dagbag.py:536} INFO - Filling up the DagBag from /home/phuc/Practice/DataScience/DSProject/venv/lib/python3.10/site-packages/airflow/example_dags/example_params_trigger_ui.py
[2023-12-17T08:28:53.030+0700] {processor.py:839} INFO - DAG(s) dict_keys(['example_params_trigger_ui']) retrieved from /home/phuc/Practice/DataScience/DSProject/venv/lib/python3.10/site-packages/airflow/example_dags/example_params_trigger_ui.py
[2023-12-17T08:28:53.053+0700] {logging_mixin.py:154} INFO - [2023-12-17T08:28:53.052+0700] {dag.py:2941} INFO - Sync 1 DAGs
[2023-12-17T08:28:53.059+0700] {logging_mixin.py:154} INFO - [2023-12-17T08:28:53.059+0700] {dag.py:3722} INFO - Setting next_dagrun for example_params_trigger_ui to None, run_after=None
[2023-12-17T08:28:53.071+0700] {processor.py:179} INFO - Processing /home/phuc/Practice/DataScience/DSProject/venv/lib/python3.10/site-packages/airflow/example_dags/example_params_trigger_ui.py took 0.061 seconds
[2023-12-17T08:29:42.402+0700] {processor.py:157} INFO - Started process (PID=321294) to work on /home/phuc/Practice/DataScience/DSProject/venv/lib/python3.10/site-packages/airflow/example_dags/example_params_trigger_ui.py
[2023-12-17T08:29:42.409+0700] {processor.py:829} INFO - Processing file /home/phuc/Practice/DataScience/DSProject/venv/lib/python3.10/site-packages/airflow/example_dags/example_params_trigger_ui.py for tasks to queue
[2023-12-17T08:29:42.410+0700] {logging_mixin.py:154} INFO - [2023-12-17T08:29:42.410+0700] {dagbag.py:536} INFO - Filling up the DagBag from /home/phuc/Practice/DataScience/DSProject/venv/lib/python3.10/site-packages/airflow/example_dags/example_params_trigger_ui.py
[2023-12-17T08:29:42.428+0700] {processor.py:839} INFO - DAG(s) dict_keys(['example_params_trigger_ui']) retrieved from /home/phuc/Practice/DataScience/DSProject/venv/lib/python3.10/site-packages/airflow/example_dags/example_params_trigger_ui.py
[2023-12-17T08:29:42.448+0700] {logging_mixin.py:154} INFO - [2023-12-17T08:29:42.448+0700] {dag.py:2941} INFO - Sync 1 DAGs
[2023-12-17T08:29:42.453+0700] {logging_mixin.py:154} INFO - [2023-12-17T08:29:42.453+0700] {dag.py:3722} INFO - Setting next_dagrun for example_params_trigger_ui to None, run_after=None
[2023-12-17T08:29:42.462+0700] {processor.py:179} INFO - Processing /home/phuc/Practice/DataScience/DSProject/venv/lib/python3.10/site-packages/airflow/example_dags/example_params_trigger_ui.py took 0.062 seconds
[2023-12-17T08:30:15.890+0700] {processor.py:157} INFO - Started process (PID=321450) to work on /home/phuc/Practice/DataScience/DSProject/venv/lib/python3.10/site-packages/airflow/example_dags/example_params_trigger_ui.py
[2023-12-17T08:30:15.892+0700] {processor.py:829} INFO - Processing file /home/phuc/Practice/DataScience/DSProject/venv/lib/python3.10/site-packages/airflow/example_dags/example_params_trigger_ui.py for tasks to queue
[2023-12-17T08:30:15.892+0700] {logging_mixin.py:154} INFO - [2023-12-17T08:30:15.892+0700] {dagbag.py:536} INFO - Filling up the DagBag from /home/phuc/Practice/DataScience/DSProject/venv/lib/python3.10/site-packages/airflow/example_dags/example_params_trigger_ui.py
[2023-12-17T08:30:15.908+0700] {processor.py:839} INFO - DAG(s) dict_keys(['example_params_trigger_ui']) retrieved from /home/phuc/Practice/DataScience/DSProject/venv/lib/python3.10/site-packages/airflow/example_dags/example_params_trigger_ui.py
[2023-12-17T08:30:15.929+0700] {logging_mixin.py:154} INFO - [2023-12-17T08:30:15.929+0700] {dag.py:2941} INFO - Sync 1 DAGs
[2023-12-17T08:30:15.934+0700] {logging_mixin.py:154} INFO - [2023-12-17T08:30:15.934+0700] {dag.py:3722} INFO - Setting next_dagrun for example_params_trigger_ui to None, run_after=None
[2023-12-17T08:30:15.944+0700] {processor.py:179} INFO - Processing /home/phuc/Practice/DataScience/DSProject/venv/lib/python3.10/site-packages/airflow/example_dags/example_params_trigger_ui.py took 0.056 seconds
[2023-12-17T08:30:51.850+0700] {processor.py:157} INFO - Started process (PID=321646) to work on /home/phuc/Practice/DataScience/DSProject/venv/lib/python3.10/site-packages/airflow/example_dags/example_params_trigger_ui.py
[2023-12-17T08:30:51.857+0700] {processor.py:829} INFO - Processing file /home/phuc/Practice/DataScience/DSProject/venv/lib/python3.10/site-packages/airflow/example_dags/example_params_trigger_ui.py for tasks to queue
[2023-12-17T08:30:51.857+0700] {logging_mixin.py:154} INFO - [2023-12-17T08:30:51.857+0700] {dagbag.py:536} INFO - Filling up the DagBag from /home/phuc/Practice/DataScience/DSProject/venv/lib/python3.10/site-packages/airflow/example_dags/example_params_trigger_ui.py
[2023-12-17T08:30:51.866+0700] {processor.py:839} INFO - DAG(s) dict_keys(['example_params_trigger_ui']) retrieved from /home/phuc/Practice/DataScience/DSProject/venv/lib/python3.10/site-packages/airflow/example_dags/example_params_trigger_ui.py
[2023-12-17T08:30:51.888+0700] {logging_mixin.py:154} INFO - [2023-12-17T08:30:51.888+0700] {dag.py:2941} INFO - Sync 1 DAGs
[2023-12-17T08:30:51.895+0700] {logging_mixin.py:154} INFO - [2023-12-17T08:30:51.894+0700] {dag.py:3722} INFO - Setting next_dagrun for example_params_trigger_ui to None, run_after=None
[2023-12-17T08:30:51.906+0700] {processor.py:179} INFO - Processing /home/phuc/Practice/DataScience/DSProject/venv/lib/python3.10/site-packages/airflow/example_dags/example_params_trigger_ui.py took 0.058 seconds
[2023-12-17T08:31:27.032+0700] {processor.py:157} INFO - Started process (PID=321895) to work on /home/phuc/Practice/DataScience/DSProject/venv/lib/python3.10/site-packages/airflow/example_dags/example_params_trigger_ui.py
[2023-12-17T08:31:27.039+0700] {processor.py:829} INFO - Processing file /home/phuc/Practice/DataScience/DSProject/venv/lib/python3.10/site-packages/airflow/example_dags/example_params_trigger_ui.py for tasks to queue
[2023-12-17T08:31:27.040+0700] {logging_mixin.py:154} INFO - [2023-12-17T08:31:27.039+0700] {dagbag.py:536} INFO - Filling up the DagBag from /home/phuc/Practice/DataScience/DSProject/venv/lib/python3.10/site-packages/airflow/example_dags/example_params_trigger_ui.py
[2023-12-17T08:31:27.058+0700] {processor.py:839} INFO - DAG(s) dict_keys(['example_params_trigger_ui']) retrieved from /home/phuc/Practice/DataScience/DSProject/venv/lib/python3.10/site-packages/airflow/example_dags/example_params_trigger_ui.py
[2023-12-17T08:31:27.077+0700] {logging_mixin.py:154} INFO - [2023-12-17T08:31:27.077+0700] {dag.py:2941} INFO - Sync 1 DAGs
[2023-12-17T08:31:27.083+0700] {logging_mixin.py:154} INFO - [2023-12-17T08:31:27.083+0700] {dag.py:3722} INFO - Setting next_dagrun for example_params_trigger_ui to None, run_after=None
[2023-12-17T08:31:27.092+0700] {processor.py:179} INFO - Processing /home/phuc/Practice/DataScience/DSProject/venv/lib/python3.10/site-packages/airflow/example_dags/example_params_trigger_ui.py took 0.063 seconds
[2023-12-17T08:32:25.489+0700] {processor.py:157} INFO - Started process (PID=322850) to work on /home/phuc/Practice/DataScience/DSProject/venv/lib/python3.10/site-packages/airflow/example_dags/example_params_trigger_ui.py
[2023-12-17T08:32:25.496+0700] {processor.py:829} INFO - Processing file /home/phuc/Practice/DataScience/DSProject/venv/lib/python3.10/site-packages/airflow/example_dags/example_params_trigger_ui.py for tasks to queue
[2023-12-17T08:32:25.498+0700] {logging_mixin.py:154} INFO - [2023-12-17T08:32:25.497+0700] {dagbag.py:536} INFO - Filling up the DagBag from /home/phuc/Practice/DataScience/DSProject/venv/lib/python3.10/site-packages/airflow/example_dags/example_params_trigger_ui.py
[2023-12-17T08:32:25.516+0700] {processor.py:839} INFO - DAG(s) dict_keys(['example_params_trigger_ui']) retrieved from /home/phuc/Practice/DataScience/DSProject/venv/lib/python3.10/site-packages/airflow/example_dags/example_params_trigger_ui.py
[2023-12-17T08:32:25.535+0700] {logging_mixin.py:154} INFO - [2023-12-17T08:32:25.535+0700] {dag.py:2941} INFO - Sync 1 DAGs
[2023-12-17T08:32:25.540+0700] {logging_mixin.py:154} INFO - [2023-12-17T08:32:25.540+0700] {dag.py:3722} INFO - Setting next_dagrun for example_params_trigger_ui to None, run_after=None
[2023-12-17T08:32:25.550+0700] {processor.py:179} INFO - Processing /home/phuc/Practice/DataScience/DSProject/venv/lib/python3.10/site-packages/airflow/example_dags/example_params_trigger_ui.py took 0.063 seconds
[2023-12-17T08:33:09.602+0700] {processor.py:157} INFO - Started process (PID=323105) to work on /home/phuc/Practice/DataScience/DSProject/venv/lib/python3.10/site-packages/airflow/example_dags/example_params_trigger_ui.py
[2023-12-17T08:33:09.609+0700] {processor.py:829} INFO - Processing file /home/phuc/Practice/DataScience/DSProject/venv/lib/python3.10/site-packages/airflow/example_dags/example_params_trigger_ui.py for tasks to queue
[2023-12-17T08:33:09.609+0700] {logging_mixin.py:154} INFO - [2023-12-17T08:33:09.609+0700] {dagbag.py:536} INFO - Filling up the DagBag from /home/phuc/Practice/DataScience/DSProject/venv/lib/python3.10/site-packages/airflow/example_dags/example_params_trigger_ui.py
[2023-12-17T08:33:09.618+0700] {processor.py:839} INFO - DAG(s) dict_keys(['example_params_trigger_ui']) retrieved from /home/phuc/Practice/DataScience/DSProject/venv/lib/python3.10/site-packages/airflow/example_dags/example_params_trigger_ui.py
[2023-12-17T08:33:09.639+0700] {logging_mixin.py:154} INFO - [2023-12-17T08:33:09.638+0700] {dag.py:2941} INFO - Sync 1 DAGs
[2023-12-17T08:33:09.644+0700] {logging_mixin.py:154} INFO - [2023-12-17T08:33:09.644+0700] {dag.py:3722} INFO - Setting next_dagrun for example_params_trigger_ui to None, run_after=None
[2023-12-17T08:33:09.653+0700] {processor.py:179} INFO - Processing /home/phuc/Practice/DataScience/DSProject/venv/lib/python3.10/site-packages/airflow/example_dags/example_params_trigger_ui.py took 0.054 seconds
[2023-12-17T08:34:01.693+0700] {processor.py:157} INFO - Started process (PID=323377) to work on /home/phuc/Practice/DataScience/DSProject/venv/lib/python3.10/site-packages/airflow/example_dags/example_params_trigger_ui.py
[2023-12-17T08:34:01.700+0700] {processor.py:829} INFO - Processing file /home/phuc/Practice/DataScience/DSProject/venv/lib/python3.10/site-packages/airflow/example_dags/example_params_trigger_ui.py for tasks to queue
[2023-12-17T08:34:01.701+0700] {logging_mixin.py:154} INFO - [2023-12-17T08:34:01.701+0700] {dagbag.py:536} INFO - Filling up the DagBag from /home/phuc/Practice/DataScience/DSProject/venv/lib/python3.10/site-packages/airflow/example_dags/example_params_trigger_ui.py
[2023-12-17T08:34:01.720+0700] {processor.py:839} INFO - DAG(s) dict_keys(['example_params_trigger_ui']) retrieved from /home/phuc/Practice/DataScience/DSProject/venv/lib/python3.10/site-packages/airflow/example_dags/example_params_trigger_ui.py
[2023-12-17T08:34:01.739+0700] {logging_mixin.py:154} INFO - [2023-12-17T08:34:01.739+0700] {dag.py:2941} INFO - Sync 1 DAGs
[2023-12-17T08:34:01.745+0700] {logging_mixin.py:154} INFO - [2023-12-17T08:34:01.745+0700] {dag.py:3722} INFO - Setting next_dagrun for example_params_trigger_ui to None, run_after=None
[2023-12-17T08:34:01.754+0700] {processor.py:179} INFO - Processing /home/phuc/Practice/DataScience/DSProject/venv/lib/python3.10/site-packages/airflow/example_dags/example_params_trigger_ui.py took 0.064 seconds
[2023-12-17T08:34:40.048+0700] {processor.py:157} INFO - Started process (PID=323738) to work on /home/phuc/Practice/DataScience/DSProject/venv/lib/python3.10/site-packages/airflow/example_dags/example_params_trigger_ui.py
[2023-12-17T08:34:40.054+0700] {processor.py:829} INFO - Processing file /home/phuc/Practice/DataScience/DSProject/venv/lib/python3.10/site-packages/airflow/example_dags/example_params_trigger_ui.py for tasks to queue
[2023-12-17T08:34:40.055+0700] {logging_mixin.py:154} INFO - [2023-12-17T08:34:40.055+0700] {dagbag.py:536} INFO - Filling up the DagBag from /home/phuc/Practice/DataScience/DSProject/venv/lib/python3.10/site-packages/airflow/example_dags/example_params_trigger_ui.py
[2023-12-17T08:34:40.065+0700] {processor.py:839} INFO - DAG(s) dict_keys(['example_params_trigger_ui']) retrieved from /home/phuc/Practice/DataScience/DSProject/venv/lib/python3.10/site-packages/airflow/example_dags/example_params_trigger_ui.py
[2023-12-17T08:34:40.089+0700] {logging_mixin.py:154} INFO - [2023-12-17T08:34:40.089+0700] {dag.py:2941} INFO - Sync 1 DAGs
[2023-12-17T08:34:40.096+0700] {logging_mixin.py:154} INFO - [2023-12-17T08:34:40.096+0700] {dag.py:3722} INFO - Setting next_dagrun for example_params_trigger_ui to None, run_after=None
[2023-12-17T08:34:40.108+0700] {processor.py:179} INFO - Processing /home/phuc/Practice/DataScience/DSProject/venv/lib/python3.10/site-packages/airflow/example_dags/example_params_trigger_ui.py took 0.063 seconds
[2023-12-17T08:35:29.271+0700] {processor.py:157} INFO - Started process (PID=324087) to work on /home/phuc/Practice/DataScience/DSProject/venv/lib/python3.10/site-packages/airflow/example_dags/example_params_trigger_ui.py
[2023-12-17T08:35:29.278+0700] {processor.py:829} INFO - Processing file /home/phuc/Practice/DataScience/DSProject/venv/lib/python3.10/site-packages/airflow/example_dags/example_params_trigger_ui.py for tasks to queue
[2023-12-17T08:35:29.279+0700] {logging_mixin.py:154} INFO - [2023-12-17T08:35:29.279+0700] {dagbag.py:536} INFO - Filling up the DagBag from /home/phuc/Practice/DataScience/DSProject/venv/lib/python3.10/site-packages/airflow/example_dags/example_params_trigger_ui.py
[2023-12-17T08:35:29.290+0700] {processor.py:839} INFO - DAG(s) dict_keys(['example_params_trigger_ui']) retrieved from /home/phuc/Practice/DataScience/DSProject/venv/lib/python3.10/site-packages/airflow/example_dags/example_params_trigger_ui.py
[2023-12-17T08:35:29.323+0700] {logging_mixin.py:154} INFO - [2023-12-17T08:35:29.323+0700] {dag.py:2941} INFO - Sync 1 DAGs
[2023-12-17T08:35:29.331+0700] {logging_mixin.py:154} INFO - [2023-12-17T08:35:29.331+0700] {dag.py:3722} INFO - Setting next_dagrun for example_params_trigger_ui to None, run_after=None
[2023-12-17T08:35:29.345+0700] {processor.py:179} INFO - Processing /home/phuc/Practice/DataScience/DSProject/venv/lib/python3.10/site-packages/airflow/example_dags/example_params_trigger_ui.py took 0.076 seconds
