[2023-12-17T08:03:18.731+0700] {processor.py:157} INFO - Started process (PID=309714) to work on /home/phuc/Practice/DataScience/DSProject/venv/lib/python3.10/site-packages/airflow/example_dags/example_sla_dag.py
[2023-12-17T08:03:18.731+0700] {processor.py:829} INFO - Processing file /home/phuc/Practice/DataScience/DSProject/venv/lib/python3.10/site-packages/airflow/example_dags/example_sla_dag.py for tasks to queue
[2023-12-17T08:03:18.731+0700] {logging_mixin.py:154} INFO - [2023-12-17T08:03:18.731+0700] {dagbag.py:536} INFO - Filling up the DagBag from /home/phuc/Practice/DataScience/DSProject/venv/lib/python3.10/site-packages/airflow/example_dags/example_sla_dag.py
[2023-12-17T08:03:18.741+0700] {processor.py:839} INFO - DAG(s) dict_keys(['example_sla_dag']) retrieved from /home/phuc/Practice/DataScience/DSProject/venv/lib/python3.10/site-packages/airflow/example_dags/example_sla_dag.py
[2023-12-17T08:03:18.802+0700] {logging_mixin.py:154} INFO - [2023-12-17T08:03:18.802+0700] {manager.py:499} INFO - Created Permission View: %s
[2023-12-17T08:03:18.810+0700] {logging_mixin.py:154} INFO - [2023-12-17T08:03:18.810+0700] {manager.py:499} INFO - Created Permission View: %s
[2023-12-17T08:03:18.816+0700] {logging_mixin.py:154} INFO - [2023-12-17T08:03:18.816+0700] {manager.py:499} INFO - Created Permission View: %s
[2023-12-17T08:03:18.816+0700] {logging_mixin.py:154} INFO - [2023-12-17T08:03:18.816+0700] {dag.py:2941} INFO - Sync 1 DAGs
[2023-12-17T08:03:18.827+0700] {logging_mixin.py:154} INFO - [2023-12-17T08:03:18.827+0700] {dag.py:2963} INFO - Creating ORM DAG for example_sla_dag
[2023-12-17T08:03:18.840+0700] {logging_mixin.py:154} INFO - [2023-12-17T08:03:18.839+0700] {dag.py:3722} INFO - Setting next_dagrun for example_sla_dag to 2023-12-17T01:00:00+00:00, run_after=2023-12-17T01:02:00+00:00
[2023-12-17T08:03:18.859+0700] {processor.py:179} INFO - Processing /home/phuc/Practice/DataScience/DSProject/venv/lib/python3.10/site-packages/airflow/example_dags/example_sla_dag.py took 0.130 seconds
[2023-12-17T08:05:33.702+0700] {processor.py:157} INFO - Started process (PID=310946) to work on /home/phuc/Practice/DataScience/DSProject/venv/lib/python3.10/site-packages/airflow/example_dags/example_sla_dag.py
[2023-12-17T08:05:33.709+0700] {processor.py:829} INFO - Processing file /home/phuc/Practice/DataScience/DSProject/venv/lib/python3.10/site-packages/airflow/example_dags/example_sla_dag.py for tasks to queue
[2023-12-17T08:05:33.711+0700] {logging_mixin.py:154} INFO - [2023-12-17T08:05:33.710+0700] {dagbag.py:536} INFO - Filling up the DagBag from /home/phuc/Practice/DataScience/DSProject/venv/lib/python3.10/site-packages/airflow/example_dags/example_sla_dag.py
[2023-12-17T08:05:33.720+0700] {processor.py:839} INFO - DAG(s) dict_keys(['example_sla_dag']) retrieved from /home/phuc/Practice/DataScience/DSProject/venv/lib/python3.10/site-packages/airflow/example_dags/example_sla_dag.py
[2023-12-17T08:05:33.733+0700] {logging_mixin.py:154} INFO - [2023-12-17T08:05:33.733+0700] {dag.py:2941} INFO - Sync 1 DAGs
[2023-12-17T08:05:33.747+0700] {logging_mixin.py:154} INFO - [2023-12-17T08:05:33.747+0700] {dag.py:3722} INFO - Setting next_dagrun for example_sla_dag to 2023-12-17T01:02:00+00:00, run_after=2023-12-17T01:04:00+00:00
[2023-12-17T08:05:33.762+0700] {processor.py:179} INFO - Processing /home/phuc/Practice/DataScience/DSProject/venv/lib/python3.10/site-packages/airflow/example_dags/example_sla_dag.py took 0.063 seconds
[2023-12-17T08:06:21.949+0700] {processor.py:157} INFO - Started process (PID=311435) to work on /home/phuc/Practice/DataScience/DSProject/venv/lib/python3.10/site-packages/airflow/example_dags/example_sla_dag.py
[2023-12-17T08:06:21.956+0700] {processor.py:829} INFO - Processing file /home/phuc/Practice/DataScience/DSProject/venv/lib/python3.10/site-packages/airflow/example_dags/example_sla_dag.py for tasks to queue
[2023-12-17T08:06:21.957+0700] {logging_mixin.py:154} INFO - [2023-12-17T08:06:21.957+0700] {dagbag.py:536} INFO - Filling up the DagBag from /home/phuc/Practice/DataScience/DSProject/venv/lib/python3.10/site-packages/airflow/example_dags/example_sla_dag.py
[2023-12-17T08:06:21.965+0700] {processor.py:839} INFO - DAG(s) dict_keys(['example_sla_dag']) retrieved from /home/phuc/Practice/DataScience/DSProject/venv/lib/python3.10/site-packages/airflow/example_dags/example_sla_dag.py
[2023-12-17T08:06:21.975+0700] {logging_mixin.py:154} INFO - [2023-12-17T08:06:21.975+0700] {dag.py:2941} INFO - Sync 1 DAGs
[2023-12-17T08:06:21.990+0700] {logging_mixin.py:154} INFO - [2023-12-17T08:06:21.990+0700] {dag.py:3722} INFO - Setting next_dagrun for example_sla_dag to 2023-12-17T01:04:00+00:00, run_after=2023-12-17T01:06:00+00:00
[2023-12-17T08:06:22.005+0700] {processor.py:179} INFO - Processing /home/phuc/Practice/DataScience/DSProject/venv/lib/python3.10/site-packages/airflow/example_dags/example_sla_dag.py took 0.058 seconds
[2023-12-17T08:07:08.740+0700] {processor.py:157} INFO - Started process (PID=311954) to work on /home/phuc/Practice/DataScience/DSProject/venv/lib/python3.10/site-packages/airflow/example_dags/example_sla_dag.py
[2023-12-17T08:07:08.747+0700] {processor.py:829} INFO - Processing file /home/phuc/Practice/DataScience/DSProject/venv/lib/python3.10/site-packages/airflow/example_dags/example_sla_dag.py for tasks to queue
[2023-12-17T08:07:08.749+0700] {logging_mixin.py:154} INFO - [2023-12-17T08:07:08.748+0700] {dagbag.py:536} INFO - Filling up the DagBag from /home/phuc/Practice/DataScience/DSProject/venv/lib/python3.10/site-packages/airflow/example_dags/example_sla_dag.py
[2023-12-17T08:07:08.760+0700] {processor.py:839} INFO - DAG(s) dict_keys(['example_sla_dag']) retrieved from /home/phuc/Practice/DataScience/DSProject/venv/lib/python3.10/site-packages/airflow/example_dags/example_sla_dag.py
[2023-12-17T08:07:08.772+0700] {logging_mixin.py:154} INFO - [2023-12-17T08:07:08.772+0700] {dag.py:2941} INFO - Sync 1 DAGs
[2023-12-17T08:07:08.787+0700] {logging_mixin.py:154} INFO - [2023-12-17T08:07:08.786+0700] {dag.py:3722} INFO - Setting next_dagrun for example_sla_dag to 2023-12-17T01:04:00+00:00, run_after=2023-12-17T01:06:00+00:00
[2023-12-17T08:07:08.800+0700] {processor.py:179} INFO - Processing /home/phuc/Practice/DataScience/DSProject/venv/lib/python3.10/site-packages/airflow/example_dags/example_sla_dag.py took 0.063 seconds
[2023-12-17T08:08:31.225+0700] {processor.py:157} INFO - Started process (PID=313106) to work on /home/phuc/Practice/DataScience/DSProject/venv/lib/python3.10/site-packages/airflow/example_dags/example_sla_dag.py
[2023-12-17T08:08:31.232+0700] {processor.py:829} INFO - Processing file /home/phuc/Practice/DataScience/DSProject/venv/lib/python3.10/site-packages/airflow/example_dags/example_sla_dag.py for tasks to queue
[2023-12-17T08:08:31.233+0700] {logging_mixin.py:154} INFO - [2023-12-17T08:08:31.233+0700] {dagbag.py:536} INFO - Filling up the DagBag from /home/phuc/Practice/DataScience/DSProject/venv/lib/python3.10/site-packages/airflow/example_dags/example_sla_dag.py
[2023-12-17T08:08:31.245+0700] {processor.py:839} INFO - DAG(s) dict_keys(['example_sla_dag']) retrieved from /home/phuc/Practice/DataScience/DSProject/venv/lib/python3.10/site-packages/airflow/example_dags/example_sla_dag.py
[2023-12-17T08:08:31.255+0700] {logging_mixin.py:154} INFO - [2023-12-17T08:08:31.255+0700] {dag.py:2941} INFO - Sync 1 DAGs
[2023-12-17T08:08:31.265+0700] {logging_mixin.py:154} INFO - [2023-12-17T08:08:31.265+0700] {dag.py:3722} INFO - Setting next_dagrun for example_sla_dag to 2023-12-17T01:06:00+00:00, run_after=2023-12-17T01:08:00+00:00
[2023-12-17T08:08:31.277+0700] {processor.py:179} INFO - Processing /home/phuc/Practice/DataScience/DSProject/venv/lib/python3.10/site-packages/airflow/example_dags/example_sla_dag.py took 0.055 seconds
[2023-12-17T08:09:17.982+0700] {processor.py:157} INFO - Started process (PID=313425) to work on /home/phuc/Practice/DataScience/DSProject/venv/lib/python3.10/site-packages/airflow/example_dags/example_sla_dag.py
[2023-12-17T08:09:17.989+0700] {processor.py:829} INFO - Processing file /home/phuc/Practice/DataScience/DSProject/venv/lib/python3.10/site-packages/airflow/example_dags/example_sla_dag.py for tasks to queue
[2023-12-17T08:09:17.990+0700] {logging_mixin.py:154} INFO - [2023-12-17T08:09:17.990+0700] {dagbag.py:536} INFO - Filling up the DagBag from /home/phuc/Practice/DataScience/DSProject/venv/lib/python3.10/site-packages/airflow/example_dags/example_sla_dag.py
[2023-12-17T08:09:17.996+0700] {processor.py:839} INFO - DAG(s) dict_keys(['example_sla_dag']) retrieved from /home/phuc/Practice/DataScience/DSProject/venv/lib/python3.10/site-packages/airflow/example_dags/example_sla_dag.py
[2023-12-17T08:09:18.004+0700] {logging_mixin.py:154} INFO - [2023-12-17T08:09:18.004+0700] {dag.py:2941} INFO - Sync 1 DAGs
[2023-12-17T08:09:18.015+0700] {logging_mixin.py:154} INFO - [2023-12-17T08:09:18.015+0700] {dag.py:3722} INFO - Setting next_dagrun for example_sla_dag to 2023-12-17T01:06:00+00:00, run_after=2023-12-17T01:08:00+00:00
[2023-12-17T08:09:18.027+0700] {processor.py:179} INFO - Processing /home/phuc/Practice/DataScience/DSProject/venv/lib/python3.10/site-packages/airflow/example_dags/example_sla_dag.py took 0.047 seconds
[2023-12-17T08:10:06.212+0700] {processor.py:157} INFO - Started process (PID=313775) to work on /home/phuc/Practice/DataScience/DSProject/venv/lib/python3.10/site-packages/airflow/example_dags/example_sla_dag.py
[2023-12-17T08:10:06.219+0700] {processor.py:829} INFO - Processing file /home/phuc/Practice/DataScience/DSProject/venv/lib/python3.10/site-packages/airflow/example_dags/example_sla_dag.py for tasks to queue
[2023-12-17T08:10:06.220+0700] {logging_mixin.py:154} INFO - [2023-12-17T08:10:06.220+0700] {dagbag.py:536} INFO - Filling up the DagBag from /home/phuc/Practice/DataScience/DSProject/venv/lib/python3.10/site-packages/airflow/example_dags/example_sla_dag.py
[2023-12-17T08:10:06.232+0700] {processor.py:839} INFO - DAG(s) dict_keys(['example_sla_dag']) retrieved from /home/phuc/Practice/DataScience/DSProject/venv/lib/python3.10/site-packages/airflow/example_dags/example_sla_dag.py
[2023-12-17T08:10:06.242+0700] {logging_mixin.py:154} INFO - [2023-12-17T08:10:06.242+0700] {dag.py:2941} INFO - Sync 1 DAGs
[2023-12-17T08:10:06.253+0700] {logging_mixin.py:154} INFO - [2023-12-17T08:10:06.253+0700] {dag.py:3722} INFO - Setting next_dagrun for example_sla_dag to 2023-12-17T01:08:00+00:00, run_after=2023-12-17T01:10:00+00:00
[2023-12-17T08:10:06.264+0700] {processor.py:179} INFO - Processing /home/phuc/Practice/DataScience/DSProject/venv/lib/python3.10/site-packages/airflow/example_dags/example_sla_dag.py took 0.055 seconds
[2023-12-17T08:10:57.154+0700] {processor.py:157} INFO - Started process (PID=313993) to work on /home/phuc/Practice/DataScience/DSProject/venv/lib/python3.10/site-packages/airflow/example_dags/example_sla_dag.py
[2023-12-17T08:10:57.161+0700] {processor.py:829} INFO - Processing file /home/phuc/Practice/DataScience/DSProject/venv/lib/python3.10/site-packages/airflow/example_dags/example_sla_dag.py for tasks to queue
[2023-12-17T08:10:57.162+0700] {logging_mixin.py:154} INFO - [2023-12-17T08:10:57.162+0700] {dagbag.py:536} INFO - Filling up the DagBag from /home/phuc/Practice/DataScience/DSProject/venv/lib/python3.10/site-packages/airflow/example_dags/example_sla_dag.py
[2023-12-17T08:10:57.174+0700] {processor.py:839} INFO - DAG(s) dict_keys(['example_sla_dag']) retrieved from /home/phuc/Practice/DataScience/DSProject/venv/lib/python3.10/site-packages/airflow/example_dags/example_sla_dag.py
[2023-12-17T08:10:57.184+0700] {logging_mixin.py:154} INFO - [2023-12-17T08:10:57.184+0700] {dag.py:2941} INFO - Sync 1 DAGs
[2023-12-17T08:10:57.195+0700] {logging_mixin.py:154} INFO - [2023-12-17T08:10:57.195+0700] {dag.py:3722} INFO - Setting next_dagrun for example_sla_dag to 2023-12-17T01:08:00+00:00, run_after=2023-12-17T01:10:00+00:00
[2023-12-17T08:10:57.205+0700] {processor.py:179} INFO - Processing /home/phuc/Practice/DataScience/DSProject/venv/lib/python3.10/site-packages/airflow/example_dags/example_sla_dag.py took 0.055 seconds
[2023-12-17T08:11:44.544+0700] {processor.py:157} INFO - Started process (PID=314240) to work on /home/phuc/Practice/DataScience/DSProject/venv/lib/python3.10/site-packages/airflow/example_dags/example_sla_dag.py
[2023-12-17T08:11:44.551+0700] {processor.py:829} INFO - Processing file /home/phuc/Practice/DataScience/DSProject/venv/lib/python3.10/site-packages/airflow/example_dags/example_sla_dag.py for tasks to queue
[2023-12-17T08:11:44.553+0700] {logging_mixin.py:154} INFO - [2023-12-17T08:11:44.552+0700] {dagbag.py:536} INFO - Filling up the DagBag from /home/phuc/Practice/DataScience/DSProject/venv/lib/python3.10/site-packages/airflow/example_dags/example_sla_dag.py
[2023-12-17T08:11:44.567+0700] {processor.py:839} INFO - DAG(s) dict_keys(['example_sla_dag']) retrieved from /home/phuc/Practice/DataScience/DSProject/venv/lib/python3.10/site-packages/airflow/example_dags/example_sla_dag.py
[2023-12-17T08:11:44.576+0700] {logging_mixin.py:154} INFO - [2023-12-17T08:11:44.576+0700] {dag.py:2941} INFO - Sync 1 DAGs
[2023-12-17T08:11:44.591+0700] {logging_mixin.py:154} INFO - [2023-12-17T08:11:44.591+0700] {dag.py:3722} INFO - Setting next_dagrun for example_sla_dag to 2023-12-17T01:08:00+00:00, run_after=2023-12-17T01:10:00+00:00
[2023-12-17T08:11:44.603+0700] {processor.py:179} INFO - Processing /home/phuc/Practice/DataScience/DSProject/venv/lib/python3.10/site-packages/airflow/example_dags/example_sla_dag.py took 0.061 seconds
[2023-12-17T08:12:21.717+0700] {processor.py:157} INFO - Started process (PID=314406) to work on /home/phuc/Practice/DataScience/DSProject/venv/lib/python3.10/site-packages/airflow/example_dags/example_sla_dag.py
[2023-12-17T08:12:21.718+0700] {processor.py:829} INFO - Processing file /home/phuc/Practice/DataScience/DSProject/venv/lib/python3.10/site-packages/airflow/example_dags/example_sla_dag.py for tasks to queue
[2023-12-17T08:12:21.718+0700] {logging_mixin.py:154} INFO - [2023-12-17T08:12:21.718+0700] {dagbag.py:536} INFO - Filling up the DagBag from /home/phuc/Practice/DataScience/DSProject/venv/lib/python3.10/site-packages/airflow/example_dags/example_sla_dag.py
[2023-12-17T08:12:21.727+0700] {processor.py:839} INFO - DAG(s) dict_keys(['example_sla_dag']) retrieved from /home/phuc/Practice/DataScience/DSProject/venv/lib/python3.10/site-packages/airflow/example_dags/example_sla_dag.py
[2023-12-17T08:12:21.736+0700] {logging_mixin.py:154} INFO - [2023-12-17T08:12:21.736+0700] {dag.py:2941} INFO - Sync 1 DAGs
[2023-12-17T08:12:21.748+0700] {logging_mixin.py:154} INFO - [2023-12-17T08:12:21.748+0700] {dag.py:3722} INFO - Setting next_dagrun for example_sla_dag to 2023-12-17T01:10:00+00:00, run_after=2023-12-17T01:12:00+00:00
[2023-12-17T08:12:21.759+0700] {processor.py:179} INFO - Processing /home/phuc/Practice/DataScience/DSProject/venv/lib/python3.10/site-packages/airflow/example_dags/example_sla_dag.py took 0.044 seconds
[2023-12-17T08:13:10.541+0700] {processor.py:157} INFO - Started process (PID=314617) to work on /home/phuc/Practice/DataScience/DSProject/venv/lib/python3.10/site-packages/airflow/example_dags/example_sla_dag.py
[2023-12-17T08:13:10.548+0700] {processor.py:829} INFO - Processing file /home/phuc/Practice/DataScience/DSProject/venv/lib/python3.10/site-packages/airflow/example_dags/example_sla_dag.py for tasks to queue
[2023-12-17T08:13:10.549+0700] {logging_mixin.py:154} INFO - [2023-12-17T08:13:10.549+0700] {dagbag.py:536} INFO - Filling up the DagBag from /home/phuc/Practice/DataScience/DSProject/venv/lib/python3.10/site-packages/airflow/example_dags/example_sla_dag.py
[2023-12-17T08:13:10.554+0700] {processor.py:839} INFO - DAG(s) dict_keys(['example_sla_dag']) retrieved from /home/phuc/Practice/DataScience/DSProject/venv/lib/python3.10/site-packages/airflow/example_dags/example_sla_dag.py
[2023-12-17T08:13:10.564+0700] {logging_mixin.py:154} INFO - [2023-12-17T08:13:10.564+0700] {dag.py:2941} INFO - Sync 1 DAGs
[2023-12-17T08:13:10.578+0700] {logging_mixin.py:154} INFO - [2023-12-17T08:13:10.578+0700] {dag.py:3722} INFO - Setting next_dagrun for example_sla_dag to 2023-12-17T01:10:00+00:00, run_after=2023-12-17T01:12:00+00:00
[2023-12-17T08:13:10.594+0700] {processor.py:179} INFO - Processing /home/phuc/Practice/DataScience/DSProject/venv/lib/python3.10/site-packages/airflow/example_dags/example_sla_dag.py took 0.055 seconds
[2023-12-17T08:13:55.283+0700] {processor.py:157} INFO - Started process (PID=314873) to work on /home/phuc/Practice/DataScience/DSProject/venv/lib/python3.10/site-packages/airflow/example_dags/example_sla_dag.py
[2023-12-17T08:13:55.289+0700] {processor.py:829} INFO - Processing file /home/phuc/Practice/DataScience/DSProject/venv/lib/python3.10/site-packages/airflow/example_dags/example_sla_dag.py for tasks to queue
[2023-12-17T08:13:55.290+0700] {logging_mixin.py:154} INFO - [2023-12-17T08:13:55.290+0700] {dagbag.py:536} INFO - Filling up the DagBag from /home/phuc/Practice/DataScience/DSProject/venv/lib/python3.10/site-packages/airflow/example_dags/example_sla_dag.py
[2023-12-17T08:13:55.301+0700] {processor.py:839} INFO - DAG(s) dict_keys(['example_sla_dag']) retrieved from /home/phuc/Practice/DataScience/DSProject/venv/lib/python3.10/site-packages/airflow/example_dags/example_sla_dag.py
[2023-12-17T08:13:55.311+0700] {logging_mixin.py:154} INFO - [2023-12-17T08:13:55.311+0700] {dag.py:2941} INFO - Sync 1 DAGs
[2023-12-17T08:13:55.323+0700] {logging_mixin.py:154} INFO - [2023-12-17T08:13:55.323+0700] {dag.py:3722} INFO - Setting next_dagrun for example_sla_dag to 2023-12-17T01:10:00+00:00, run_after=2023-12-17T01:12:00+00:00
[2023-12-17T08:13:55.334+0700] {processor.py:179} INFO - Processing /home/phuc/Practice/DataScience/DSProject/venv/lib/python3.10/site-packages/airflow/example_dags/example_sla_dag.py took 0.054 seconds
[2023-12-17T08:14:46.724+0700] {processor.py:157} INFO - Started process (PID=315094) to work on /home/phuc/Practice/DataScience/DSProject/venv/lib/python3.10/site-packages/airflow/example_dags/example_sla_dag.py
[2023-12-17T08:14:46.731+0700] {processor.py:829} INFO - Processing file /home/phuc/Practice/DataScience/DSProject/venv/lib/python3.10/site-packages/airflow/example_dags/example_sla_dag.py for tasks to queue
[2023-12-17T08:14:46.733+0700] {logging_mixin.py:154} INFO - [2023-12-17T08:14:46.732+0700] {dagbag.py:536} INFO - Filling up the DagBag from /home/phuc/Practice/DataScience/DSProject/venv/lib/python3.10/site-packages/airflow/example_dags/example_sla_dag.py
[2023-12-17T08:14:46.744+0700] {processor.py:839} INFO - DAG(s) dict_keys(['example_sla_dag']) retrieved from /home/phuc/Practice/DataScience/DSProject/venv/lib/python3.10/site-packages/airflow/example_dags/example_sla_dag.py
[2023-12-17T08:14:46.754+0700] {logging_mixin.py:154} INFO - [2023-12-17T08:14:46.754+0700] {dag.py:2941} INFO - Sync 1 DAGs
[2023-12-17T08:14:46.765+0700] {logging_mixin.py:154} INFO - [2023-12-17T08:14:46.765+0700] {dag.py:3722} INFO - Setting next_dagrun for example_sla_dag to 2023-12-17T01:12:00+00:00, run_after=2023-12-17T01:14:00+00:00
[2023-12-17T08:14:46.776+0700] {processor.py:179} INFO - Processing /home/phuc/Practice/DataScience/DSProject/venv/lib/python3.10/site-packages/airflow/example_dags/example_sla_dag.py took 0.055 seconds
[2023-12-17T08:15:24.255+0700] {processor.py:157} INFO - Started process (PID=315272) to work on /home/phuc/Practice/DataScience/DSProject/venv/lib/python3.10/site-packages/airflow/example_dags/example_sla_dag.py
[2023-12-17T08:15:24.263+0700] {processor.py:829} INFO - Processing file /home/phuc/Practice/DataScience/DSProject/venv/lib/python3.10/site-packages/airflow/example_dags/example_sla_dag.py for tasks to queue
[2023-12-17T08:15:24.264+0700] {logging_mixin.py:154} INFO - [2023-12-17T08:15:24.263+0700] {dagbag.py:536} INFO - Filling up the DagBag from /home/phuc/Practice/DataScience/DSProject/venv/lib/python3.10/site-packages/airflow/example_dags/example_sla_dag.py
[2023-12-17T08:15:24.272+0700] {processor.py:839} INFO - DAG(s) dict_keys(['example_sla_dag']) retrieved from /home/phuc/Practice/DataScience/DSProject/venv/lib/python3.10/site-packages/airflow/example_dags/example_sla_dag.py
[2023-12-17T08:15:24.282+0700] {logging_mixin.py:154} INFO - [2023-12-17T08:15:24.281+0700] {dag.py:2941} INFO - Sync 1 DAGs
[2023-12-17T08:15:24.293+0700] {logging_mixin.py:154} INFO - [2023-12-17T08:15:24.292+0700] {dag.py:3722} INFO - Setting next_dagrun for example_sla_dag to 2023-12-17T01:12:00+00:00, run_after=2023-12-17T01:14:00+00:00
[2023-12-17T08:15:24.304+0700] {processor.py:179} INFO - Processing /home/phuc/Practice/DataScience/DSProject/venv/lib/python3.10/site-packages/airflow/example_dags/example_sla_dag.py took 0.051 seconds
[2023-12-17T08:16:15.992+0700] {processor.py:157} INFO - Started process (PID=315590) to work on /home/phuc/Practice/DataScience/DSProject/venv/lib/python3.10/site-packages/airflow/example_dags/example_sla_dag.py
[2023-12-17T08:16:15.999+0700] {processor.py:829} INFO - Processing file /home/phuc/Practice/DataScience/DSProject/venv/lib/python3.10/site-packages/airflow/example_dags/example_sla_dag.py for tasks to queue
[2023-12-17T08:16:16.000+0700] {logging_mixin.py:154} INFO - [2023-12-17T08:16:16.000+0700] {dagbag.py:536} INFO - Filling up the DagBag from /home/phuc/Practice/DataScience/DSProject/venv/lib/python3.10/site-packages/airflow/example_dags/example_sla_dag.py
[2023-12-17T08:16:16.006+0700] {processor.py:839} INFO - DAG(s) dict_keys(['example_sla_dag']) retrieved from /home/phuc/Practice/DataScience/DSProject/venv/lib/python3.10/site-packages/airflow/example_dags/example_sla_dag.py
[2023-12-17T08:16:16.019+0700] {logging_mixin.py:154} INFO - [2023-12-17T08:16:16.019+0700] {dag.py:2941} INFO - Sync 1 DAGs
[2023-12-17T08:16:16.034+0700] {logging_mixin.py:154} INFO - [2023-12-17T08:16:16.034+0700] {dag.py:3722} INFO - Setting next_dagrun for example_sla_dag to 2023-12-17T01:14:00+00:00, run_after=2023-12-17T01:16:00+00:00
[2023-12-17T08:16:16.048+0700] {processor.py:179} INFO - Processing /home/phuc/Practice/DataScience/DSProject/venv/lib/python3.10/site-packages/airflow/example_dags/example_sla_dag.py took 0.058 seconds
[2023-12-17T08:17:50.183+0700] {processor.py:157} INFO - Started process (PID=316395) to work on /home/phuc/Practice/DataScience/DSProject/venv/lib/python3.10/site-packages/airflow/example_dags/example_sla_dag.py
[2023-12-17T08:17:50.183+0700] {processor.py:829} INFO - Processing file /home/phuc/Practice/DataScience/DSProject/venv/lib/python3.10/site-packages/airflow/example_dags/example_sla_dag.py for tasks to queue
[2023-12-17T08:17:50.184+0700] {logging_mixin.py:154} INFO - [2023-12-17T08:17:50.183+0700] {dagbag.py:536} INFO - Filling up the DagBag from /home/phuc/Practice/DataScience/DSProject/venv/lib/python3.10/site-packages/airflow/example_dags/example_sla_dag.py
[2023-12-17T08:17:50.189+0700] {processor.py:839} INFO - DAG(s) dict_keys(['example_sla_dag']) retrieved from /home/phuc/Practice/DataScience/DSProject/venv/lib/python3.10/site-packages/airflow/example_dags/example_sla_dag.py
[2023-12-17T08:17:50.202+0700] {logging_mixin.py:154} INFO - [2023-12-17T08:17:50.202+0700] {dag.py:2941} INFO - Sync 1 DAGs
[2023-12-17T08:17:50.214+0700] {logging_mixin.py:154} INFO - [2023-12-17T08:17:50.214+0700] {dag.py:3722} INFO - Setting next_dagrun for example_sla_dag to 2023-12-17T01:14:00+00:00, run_after=2023-12-17T01:16:00+00:00
[2023-12-17T08:17:50.228+0700] {processor.py:179} INFO - Processing /home/phuc/Practice/DataScience/DSProject/venv/lib/python3.10/site-packages/airflow/example_dags/example_sla_dag.py took 0.048 seconds
[2023-12-17T08:18:35.717+0700] {processor.py:157} INFO - Started process (PID=316657) to work on /home/phuc/Practice/DataScience/DSProject/venv/lib/python3.10/site-packages/airflow/example_dags/example_sla_dag.py
[2023-12-17T08:18:35.718+0700] {processor.py:829} INFO - Processing file /home/phuc/Practice/DataScience/DSProject/venv/lib/python3.10/site-packages/airflow/example_dags/example_sla_dag.py for tasks to queue
[2023-12-17T08:18:35.719+0700] {logging_mixin.py:154} INFO - [2023-12-17T08:18:35.719+0700] {dagbag.py:536} INFO - Filling up the DagBag from /home/phuc/Practice/DataScience/DSProject/venv/lib/python3.10/site-packages/airflow/example_dags/example_sla_dag.py
[2023-12-17T08:18:35.725+0700] {processor.py:839} INFO - DAG(s) dict_keys(['example_sla_dag']) retrieved from /home/phuc/Practice/DataScience/DSProject/venv/lib/python3.10/site-packages/airflow/example_dags/example_sla_dag.py
[2023-12-17T08:18:35.737+0700] {logging_mixin.py:154} INFO - [2023-12-17T08:18:35.737+0700] {dag.py:2941} INFO - Sync 1 DAGs
[2023-12-17T08:18:35.757+0700] {logging_mixin.py:154} INFO - [2023-12-17T08:18:35.757+0700] {dag.py:3722} INFO - Setting next_dagrun for example_sla_dag to 2023-12-17T01:16:00+00:00, run_after=2023-12-17T01:18:00+00:00
[2023-12-17T08:18:35.784+0700] {processor.py:179} INFO - Processing /home/phuc/Practice/DataScience/DSProject/venv/lib/python3.10/site-packages/airflow/example_dags/example_sla_dag.py took 0.069 seconds
[2023-12-17T08:19:26.087+0700] {processor.py:157} INFO - Started process (PID=317180) to work on /home/phuc/Practice/DataScience/DSProject/venv/lib/python3.10/site-packages/airflow/example_dags/example_sla_dag.py
[2023-12-17T08:19:26.094+0700] {processor.py:829} INFO - Processing file /home/phuc/Practice/DataScience/DSProject/venv/lib/python3.10/site-packages/airflow/example_dags/example_sla_dag.py for tasks to queue
[2023-12-17T08:19:26.095+0700] {logging_mixin.py:154} INFO - [2023-12-17T08:19:26.095+0700] {dagbag.py:536} INFO - Filling up the DagBag from /home/phuc/Practice/DataScience/DSProject/venv/lib/python3.10/site-packages/airflow/example_dags/example_sla_dag.py
[2023-12-17T08:19:26.102+0700] {processor.py:839} INFO - DAG(s) dict_keys(['example_sla_dag']) retrieved from /home/phuc/Practice/DataScience/DSProject/venv/lib/python3.10/site-packages/airflow/example_dags/example_sla_dag.py
[2023-12-17T08:19:26.115+0700] {logging_mixin.py:154} INFO - [2023-12-17T08:19:26.114+0700] {dag.py:2941} INFO - Sync 1 DAGs
[2023-12-17T08:19:26.129+0700] {logging_mixin.py:154} INFO - [2023-12-17T08:19:26.129+0700] {dag.py:3722} INFO - Setting next_dagrun for example_sla_dag to 2023-12-17T01:16:00+00:00, run_after=2023-12-17T01:18:00+00:00
[2023-12-17T08:19:26.142+0700] {processor.py:179} INFO - Processing /home/phuc/Practice/DataScience/DSProject/venv/lib/python3.10/site-packages/airflow/example_dags/example_sla_dag.py took 0.058 seconds
[2023-12-17T08:20:17.148+0700] {processor.py:157} INFO - Started process (PID=317712) to work on /home/phuc/Practice/DataScience/DSProject/venv/lib/python3.10/site-packages/airflow/example_dags/example_sla_dag.py
[2023-12-17T08:20:17.149+0700] {processor.py:829} INFO - Processing file /home/phuc/Practice/DataScience/DSProject/venv/lib/python3.10/site-packages/airflow/example_dags/example_sla_dag.py for tasks to queue
[2023-12-17T08:20:17.150+0700] {logging_mixin.py:154} INFO - [2023-12-17T08:20:17.149+0700] {dagbag.py:536} INFO - Filling up the DagBag from /home/phuc/Practice/DataScience/DSProject/venv/lib/python3.10/site-packages/airflow/example_dags/example_sla_dag.py
[2023-12-17T08:20:17.160+0700] {processor.py:839} INFO - DAG(s) dict_keys(['example_sla_dag']) retrieved from /home/phuc/Practice/DataScience/DSProject/venv/lib/python3.10/site-packages/airflow/example_dags/example_sla_dag.py
[2023-12-17T08:20:17.179+0700] {logging_mixin.py:154} INFO - [2023-12-17T08:20:17.179+0700] {dag.py:2941} INFO - Sync 1 DAGs
[2023-12-17T08:20:17.199+0700] {logging_mixin.py:154} INFO - [2023-12-17T08:20:17.199+0700] {dag.py:3722} INFO - Setting next_dagrun for example_sla_dag to 2023-12-17T01:18:00+00:00, run_after=2023-12-17T01:20:00+00:00
[2023-12-17T08:20:17.218+0700] {processor.py:179} INFO - Processing /home/phuc/Practice/DataScience/DSProject/venv/lib/python3.10/site-packages/airflow/example_dags/example_sla_dag.py took 0.074 seconds
[2023-12-17T08:22:01.336+0700] {processor.py:157} INFO - Started process (PID=318772) to work on /home/phuc/Practice/DataScience/DSProject/venv/lib/python3.10/site-packages/airflow/example_dags/example_sla_dag.py
[2023-12-17T08:22:01.343+0700] {processor.py:829} INFO - Processing file /home/phuc/Practice/DataScience/DSProject/venv/lib/python3.10/site-packages/airflow/example_dags/example_sla_dag.py for tasks to queue
[2023-12-17T08:22:01.344+0700] {logging_mixin.py:154} INFO - [2023-12-17T08:22:01.344+0700] {dagbag.py:536} INFO - Filling up the DagBag from /home/phuc/Practice/DataScience/DSProject/venv/lib/python3.10/site-packages/airflow/example_dags/example_sla_dag.py
[2023-12-17T08:22:01.355+0700] {processor.py:839} INFO - DAG(s) dict_keys(['example_sla_dag']) retrieved from /home/phuc/Practice/DataScience/DSProject/venv/lib/python3.10/site-packages/airflow/example_dags/example_sla_dag.py
[2023-12-17T08:22:01.373+0700] {logging_mixin.py:154} INFO - [2023-12-17T08:22:01.373+0700] {dag.py:2941} INFO - Sync 1 DAGs
[2023-12-17T08:22:01.393+0700] {logging_mixin.py:154} INFO - [2023-12-17T08:22:01.393+0700] {dag.py:3722} INFO - Setting next_dagrun for example_sla_dag to 2023-12-17T01:20:00+00:00, run_after=2023-12-17T01:22:00+00:00
[2023-12-17T08:22:01.410+0700] {processor.py:179} INFO - Processing /home/phuc/Practice/DataScience/DSProject/venv/lib/python3.10/site-packages/airflow/example_dags/example_sla_dag.py took 0.076 seconds
[2023-12-17T08:23:37.075+0700] {processor.py:157} INFO - Started process (PID=319534) to work on /home/phuc/Practice/DataScience/DSProject/venv/lib/python3.10/site-packages/airflow/example_dags/example_sla_dag.py
[2023-12-17T08:23:37.083+0700] {processor.py:829} INFO - Processing file /home/phuc/Practice/DataScience/DSProject/venv/lib/python3.10/site-packages/airflow/example_dags/example_sla_dag.py for tasks to queue
[2023-12-17T08:23:37.084+0700] {logging_mixin.py:154} INFO - [2023-12-17T08:23:37.083+0700] {dagbag.py:536} INFO - Filling up the DagBag from /home/phuc/Practice/DataScience/DSProject/venv/lib/python3.10/site-packages/airflow/example_dags/example_sla_dag.py
[2023-12-17T08:23:37.093+0700] {processor.py:839} INFO - DAG(s) dict_keys(['example_sla_dag']) retrieved from /home/phuc/Practice/DataScience/DSProject/venv/lib/python3.10/site-packages/airflow/example_dags/example_sla_dag.py
[2023-12-17T08:23:37.108+0700] {logging_mixin.py:154} INFO - [2023-12-17T08:23:37.108+0700] {dag.py:2941} INFO - Sync 1 DAGs
[2023-12-17T08:23:37.125+0700] {logging_mixin.py:154} INFO - [2023-12-17T08:23:37.125+0700] {dag.py:3722} INFO - Setting next_dagrun for example_sla_dag to 2023-12-17T01:20:00+00:00, run_after=2023-12-17T01:22:00+00:00
[2023-12-17T08:23:37.142+0700] {processor.py:179} INFO - Processing /home/phuc/Practice/DataScience/DSProject/venv/lib/python3.10/site-packages/airflow/example_dags/example_sla_dag.py took 0.070 seconds
[2023-12-17T08:24:24.411+0700] {processor.py:157} INFO - Started process (PID=319825) to work on /home/phuc/Practice/DataScience/DSProject/venv/lib/python3.10/site-packages/airflow/example_dags/example_sla_dag.py
[2023-12-17T08:24:24.412+0700] {processor.py:829} INFO - Processing file /home/phuc/Practice/DataScience/DSProject/venv/lib/python3.10/site-packages/airflow/example_dags/example_sla_dag.py for tasks to queue
[2023-12-17T08:24:24.414+0700] {logging_mixin.py:154} INFO - [2023-12-17T08:24:24.413+0700] {dagbag.py:536} INFO - Filling up the DagBag from /home/phuc/Practice/DataScience/DSProject/venv/lib/python3.10/site-packages/airflow/example_dags/example_sla_dag.py
[2023-12-17T08:24:24.423+0700] {processor.py:839} INFO - DAG(s) dict_keys(['example_sla_dag']) retrieved from /home/phuc/Practice/DataScience/DSProject/venv/lib/python3.10/site-packages/airflow/example_dags/example_sla_dag.py
[2023-12-17T08:24:24.433+0700] {logging_mixin.py:154} INFO - [2023-12-17T08:24:24.433+0700] {dag.py:2941} INFO - Sync 1 DAGs
[2023-12-17T08:24:24.444+0700] {logging_mixin.py:154} INFO - [2023-12-17T08:24:24.444+0700] {dag.py:3722} INFO - Setting next_dagrun for example_sla_dag to 2023-12-17T01:22:00+00:00, run_after=2023-12-17T01:24:00+00:00
[2023-12-17T08:24:24.455+0700] {processor.py:179} INFO - Processing /home/phuc/Practice/DataScience/DSProject/venv/lib/python3.10/site-packages/airflow/example_dags/example_sla_dag.py took 0.049 seconds
[2023-12-17T08:25:05.144+0700] {processor.py:157} INFO - Started process (PID=320006) to work on /home/phuc/Practice/DataScience/DSProject/venv/lib/python3.10/site-packages/airflow/example_dags/example_sla_dag.py
[2023-12-17T08:25:05.145+0700] {processor.py:829} INFO - Processing file /home/phuc/Practice/DataScience/DSProject/venv/lib/python3.10/site-packages/airflow/example_dags/example_sla_dag.py for tasks to queue
[2023-12-17T08:25:05.146+0700] {logging_mixin.py:154} INFO - [2023-12-17T08:25:05.146+0700] {dagbag.py:536} INFO - Filling up the DagBag from /home/phuc/Practice/DataScience/DSProject/venv/lib/python3.10/site-packages/airflow/example_dags/example_sla_dag.py
[2023-12-17T08:25:05.151+0700] {processor.py:839} INFO - DAG(s) dict_keys(['example_sla_dag']) retrieved from /home/phuc/Practice/DataScience/DSProject/venv/lib/python3.10/site-packages/airflow/example_dags/example_sla_dag.py
[2023-12-17T08:25:05.162+0700] {logging_mixin.py:154} INFO - [2023-12-17T08:25:05.162+0700] {dag.py:2941} INFO - Sync 1 DAGs
[2023-12-17T08:25:05.173+0700] {logging_mixin.py:154} INFO - [2023-12-17T08:25:05.173+0700] {dag.py:3722} INFO - Setting next_dagrun for example_sla_dag to 2023-12-17T01:22:00+00:00, run_after=2023-12-17T01:24:00+00:00
[2023-12-17T08:25:05.185+0700] {processor.py:179} INFO - Processing /home/phuc/Practice/DataScience/DSProject/venv/lib/python3.10/site-packages/airflow/example_dags/example_sla_dag.py took 0.042 seconds
[2023-12-17T08:25:55.861+0700] {processor.py:157} INFO - Started process (PID=320214) to work on /home/phuc/Practice/DataScience/DSProject/venv/lib/python3.10/site-packages/airflow/example_dags/example_sla_dag.py
[2023-12-17T08:25:55.868+0700] {processor.py:829} INFO - Processing file /home/phuc/Practice/DataScience/DSProject/venv/lib/python3.10/site-packages/airflow/example_dags/example_sla_dag.py for tasks to queue
[2023-12-17T08:25:55.869+0700] {logging_mixin.py:154} INFO - [2023-12-17T08:25:55.869+0700] {dagbag.py:536} INFO - Filling up the DagBag from /home/phuc/Practice/DataScience/DSProject/venv/lib/python3.10/site-packages/airflow/example_dags/example_sla_dag.py
[2023-12-17T08:25:55.881+0700] {processor.py:839} INFO - DAG(s) dict_keys(['example_sla_dag']) retrieved from /home/phuc/Practice/DataScience/DSProject/venv/lib/python3.10/site-packages/airflow/example_dags/example_sla_dag.py
[2023-12-17T08:25:55.891+0700] {logging_mixin.py:154} INFO - [2023-12-17T08:25:55.891+0700] {dag.py:2941} INFO - Sync 1 DAGs
[2023-12-17T08:25:55.902+0700] {logging_mixin.py:154} INFO - [2023-12-17T08:25:55.902+0700] {dag.py:3722} INFO - Setting next_dagrun for example_sla_dag to 2023-12-17T01:22:00+00:00, run_after=2023-12-17T01:24:00+00:00
[2023-12-17T08:25:55.913+0700] {processor.py:179} INFO - Processing /home/phuc/Practice/DataScience/DSProject/venv/lib/python3.10/site-packages/airflow/example_dags/example_sla_dag.py took 0.055 seconds
[2023-12-17T08:26:46.157+0700] {processor.py:157} INFO - Started process (PID=320513) to work on /home/phuc/Practice/DataScience/DSProject/venv/lib/python3.10/site-packages/airflow/example_dags/example_sla_dag.py
[2023-12-17T08:26:46.164+0700] {processor.py:829} INFO - Processing file /home/phuc/Practice/DataScience/DSProject/venv/lib/python3.10/site-packages/airflow/example_dags/example_sla_dag.py for tasks to queue
[2023-12-17T08:26:46.165+0700] {logging_mixin.py:154} INFO - [2023-12-17T08:26:46.164+0700] {dagbag.py:536} INFO - Filling up the DagBag from /home/phuc/Practice/DataScience/DSProject/venv/lib/python3.10/site-packages/airflow/example_dags/example_sla_dag.py
[2023-12-17T08:26:46.171+0700] {processor.py:839} INFO - DAG(s) dict_keys(['example_sla_dag']) retrieved from /home/phuc/Practice/DataScience/DSProject/venv/lib/python3.10/site-packages/airflow/example_dags/example_sla_dag.py
[2023-12-17T08:26:46.184+0700] {logging_mixin.py:154} INFO - [2023-12-17T08:26:46.184+0700] {dag.py:2941} INFO - Sync 1 DAGs
[2023-12-17T08:26:46.198+0700] {logging_mixin.py:154} INFO - [2023-12-17T08:26:46.198+0700] {dag.py:3722} INFO - Setting next_dagrun for example_sla_dag to 2023-12-17T01:24:00+00:00, run_after=2023-12-17T01:26:00+00:00
[2023-12-17T08:26:46.210+0700] {processor.py:179} INFO - Processing /home/phuc/Practice/DataScience/DSProject/venv/lib/python3.10/site-packages/airflow/example_dags/example_sla_dag.py took 0.055 seconds
[2023-12-17T08:27:37.192+0700] {processor.py:157} INFO - Started process (PID=320738) to work on /home/phuc/Practice/DataScience/DSProject/venv/lib/python3.10/site-packages/airflow/example_dags/example_sla_dag.py
[2023-12-17T08:27:37.192+0700] {processor.py:829} INFO - Processing file /home/phuc/Practice/DataScience/DSProject/venv/lib/python3.10/site-packages/airflow/example_dags/example_sla_dag.py for tasks to queue
[2023-12-17T08:27:37.193+0700] {logging_mixin.py:154} INFO - [2023-12-17T08:27:37.193+0700] {dagbag.py:536} INFO - Filling up the DagBag from /home/phuc/Practice/DataScience/DSProject/venv/lib/python3.10/site-packages/airflow/example_dags/example_sla_dag.py
[2023-12-17T08:27:37.198+0700] {processor.py:839} INFO - DAG(s) dict_keys(['example_sla_dag']) retrieved from /home/phuc/Practice/DataScience/DSProject/venv/lib/python3.10/site-packages/airflow/example_dags/example_sla_dag.py
[2023-12-17T08:27:37.207+0700] {logging_mixin.py:154} INFO - [2023-12-17T08:27:37.207+0700] {dag.py:2941} INFO - Sync 1 DAGs
[2023-12-17T08:27:37.219+0700] {logging_mixin.py:154} INFO - [2023-12-17T08:27:37.219+0700] {dag.py:3722} INFO - Setting next_dagrun for example_sla_dag to 2023-12-17T01:24:00+00:00, run_after=2023-12-17T01:26:00+00:00
[2023-12-17T08:27:37.231+0700] {processor.py:179} INFO - Processing /home/phuc/Practice/DataScience/DSProject/venv/lib/python3.10/site-packages/airflow/example_dags/example_sla_dag.py took 0.043 seconds
[2023-12-17T08:28:24.936+0700] {processor.py:157} INFO - Started process (PID=320955) to work on /home/phuc/Practice/DataScience/DSProject/venv/lib/python3.10/site-packages/airflow/example_dags/example_sla_dag.py
[2023-12-17T08:28:24.943+0700] {processor.py:829} INFO - Processing file /home/phuc/Practice/DataScience/DSProject/venv/lib/python3.10/site-packages/airflow/example_dags/example_sla_dag.py for tasks to queue
[2023-12-17T08:28:24.944+0700] {logging_mixin.py:154} INFO - [2023-12-17T08:28:24.943+0700] {dagbag.py:536} INFO - Filling up the DagBag from /home/phuc/Practice/DataScience/DSProject/venv/lib/python3.10/site-packages/airflow/example_dags/example_sla_dag.py
[2023-12-17T08:28:24.950+0700] {processor.py:839} INFO - DAG(s) dict_keys(['example_sla_dag']) retrieved from /home/phuc/Practice/DataScience/DSProject/venv/lib/python3.10/site-packages/airflow/example_dags/example_sla_dag.py
[2023-12-17T08:28:24.963+0700] {logging_mixin.py:154} INFO - [2023-12-17T08:28:24.962+0700] {dag.py:2941} INFO - Sync 1 DAGs
[2023-12-17T08:28:24.980+0700] {logging_mixin.py:154} INFO - [2023-12-17T08:28:24.980+0700] {dag.py:3722} INFO - Setting next_dagrun for example_sla_dag to 2023-12-17T01:26:00+00:00, run_after=2023-12-17T01:28:00+00:00
[2023-12-17T08:28:24.996+0700] {processor.py:179} INFO - Processing /home/phuc/Practice/DataScience/DSProject/venv/lib/python3.10/site-packages/airflow/example_dags/example_sla_dag.py took 0.063 seconds
[2023-12-17T08:29:12.112+0700] {processor.py:157} INFO - Started process (PID=321160) to work on /home/phuc/Practice/DataScience/DSProject/venv/lib/python3.10/site-packages/airflow/example_dags/example_sla_dag.py
[2023-12-17T08:29:12.119+0700] {processor.py:829} INFO - Processing file /home/phuc/Practice/DataScience/DSProject/venv/lib/python3.10/site-packages/airflow/example_dags/example_sla_dag.py for tasks to queue
[2023-12-17T08:29:12.120+0700] {logging_mixin.py:154} INFO - [2023-12-17T08:29:12.120+0700] {dagbag.py:536} INFO - Filling up the DagBag from /home/phuc/Practice/DataScience/DSProject/venv/lib/python3.10/site-packages/airflow/example_dags/example_sla_dag.py
[2023-12-17T08:29:12.127+0700] {processor.py:839} INFO - DAG(s) dict_keys(['example_sla_dag']) retrieved from /home/phuc/Practice/DataScience/DSProject/venv/lib/python3.10/site-packages/airflow/example_dags/example_sla_dag.py
[2023-12-17T08:29:12.134+0700] {logging_mixin.py:154} INFO - [2023-12-17T08:29:12.134+0700] {dag.py:2941} INFO - Sync 1 DAGs
[2023-12-17T08:29:12.144+0700] {logging_mixin.py:154} INFO - [2023-12-17T08:29:12.144+0700] {dag.py:3722} INFO - Setting next_dagrun for example_sla_dag to 2023-12-17T01:26:00+00:00, run_after=2023-12-17T01:28:00+00:00
[2023-12-17T08:29:12.153+0700] {processor.py:179} INFO - Processing /home/phuc/Practice/DataScience/DSProject/venv/lib/python3.10/site-packages/airflow/example_dags/example_sla_dag.py took 0.042 seconds
[2023-12-17T08:30:03.893+0700] {processor.py:157} INFO - Started process (PID=321387) to work on /home/phuc/Practice/DataScience/DSProject/venv/lib/python3.10/site-packages/airflow/example_dags/example_sla_dag.py
[2023-12-17T08:30:03.900+0700] {processor.py:829} INFO - Processing file /home/phuc/Practice/DataScience/DSProject/venv/lib/python3.10/site-packages/airflow/example_dags/example_sla_dag.py for tasks to queue
[2023-12-17T08:30:03.901+0700] {logging_mixin.py:154} INFO - [2023-12-17T08:30:03.901+0700] {dagbag.py:536} INFO - Filling up the DagBag from /home/phuc/Practice/DataScience/DSProject/venv/lib/python3.10/site-packages/airflow/example_dags/example_sla_dag.py
[2023-12-17T08:30:03.913+0700] {processor.py:839} INFO - DAG(s) dict_keys(['example_sla_dag']) retrieved from /home/phuc/Practice/DataScience/DSProject/venv/lib/python3.10/site-packages/airflow/example_dags/example_sla_dag.py
[2023-12-17T08:30:03.922+0700] {logging_mixin.py:154} INFO - [2023-12-17T08:30:03.922+0700] {dag.py:2941} INFO - Sync 1 DAGs
[2023-12-17T08:30:03.932+0700] {logging_mixin.py:154} INFO - [2023-12-17T08:30:03.932+0700] {dag.py:3722} INFO - Setting next_dagrun for example_sla_dag to 2023-12-17T01:28:00+00:00, run_after=2023-12-17T01:30:00+00:00
[2023-12-17T08:30:03.942+0700] {processor.py:179} INFO - Processing /home/phuc/Practice/DataScience/DSProject/venv/lib/python3.10/site-packages/airflow/example_dags/example_sla_dag.py took 0.051 seconds
[2023-12-17T08:30:54.983+0700] {processor.py:157} INFO - Started process (PID=321649) to work on /home/phuc/Practice/DataScience/DSProject/venv/lib/python3.10/site-packages/airflow/example_dags/example_sla_dag.py
[2023-12-17T08:30:54.989+0700] {processor.py:829} INFO - Processing file /home/phuc/Practice/DataScience/DSProject/venv/lib/python3.10/site-packages/airflow/example_dags/example_sla_dag.py for tasks to queue
[2023-12-17T08:30:54.990+0700] {logging_mixin.py:154} INFO - [2023-12-17T08:30:54.990+0700] {dagbag.py:536} INFO - Filling up the DagBag from /home/phuc/Practice/DataScience/DSProject/venv/lib/python3.10/site-packages/airflow/example_dags/example_sla_dag.py
[2023-12-17T08:30:54.995+0700] {processor.py:839} INFO - DAG(s) dict_keys(['example_sla_dag']) retrieved from /home/phuc/Practice/DataScience/DSProject/venv/lib/python3.10/site-packages/airflow/example_dags/example_sla_dag.py
[2023-12-17T08:30:55.004+0700] {logging_mixin.py:154} INFO - [2023-12-17T08:30:55.004+0700] {dag.py:2941} INFO - Sync 1 DAGs
[2023-12-17T08:30:55.016+0700] {logging_mixin.py:154} INFO - [2023-12-17T08:30:55.016+0700] {dag.py:3722} INFO - Setting next_dagrun for example_sla_dag to 2023-12-17T01:28:00+00:00, run_after=2023-12-17T01:30:00+00:00
[2023-12-17T08:30:55.032+0700] {processor.py:179} INFO - Processing /home/phuc/Practice/DataScience/DSProject/venv/lib/python3.10/site-packages/airflow/example_dags/example_sla_dag.py took 0.051 seconds
[2023-12-17T08:31:46.950+0700] {processor.py:157} INFO - Started process (PID=322024) to work on /home/phuc/Practice/DataScience/DSProject/venv/lib/python3.10/site-packages/airflow/example_dags/example_sla_dag.py
[2023-12-17T08:31:46.957+0700] {processor.py:829} INFO - Processing file /home/phuc/Practice/DataScience/DSProject/venv/lib/python3.10/site-packages/airflow/example_dags/example_sla_dag.py for tasks to queue
[2023-12-17T08:31:46.958+0700] {logging_mixin.py:154} INFO - [2023-12-17T08:31:46.958+0700] {dagbag.py:536} INFO - Filling up the DagBag from /home/phuc/Practice/DataScience/DSProject/venv/lib/python3.10/site-packages/airflow/example_dags/example_sla_dag.py
[2023-12-17T08:31:46.970+0700] {processor.py:839} INFO - DAG(s) dict_keys(['example_sla_dag']) retrieved from /home/phuc/Practice/DataScience/DSProject/venv/lib/python3.10/site-packages/airflow/example_dags/example_sla_dag.py
[2023-12-17T08:31:46.979+0700] {logging_mixin.py:154} INFO - [2023-12-17T08:31:46.978+0700] {dag.py:2941} INFO - Sync 1 DAGs
[2023-12-17T08:31:46.988+0700] {logging_mixin.py:154} INFO - [2023-12-17T08:31:46.988+0700] {dag.py:3722} INFO - Setting next_dagrun for example_sla_dag to 2023-12-17T01:28:00+00:00, run_after=2023-12-17T01:30:00+00:00
[2023-12-17T08:31:46.997+0700] {processor.py:179} INFO - Processing /home/phuc/Practice/DataScience/DSProject/venv/lib/python3.10/site-packages/airflow/example_dags/example_sla_dag.py took 0.050 seconds
[2023-12-17T08:32:49.766+0700] {processor.py:157} INFO - Started process (PID=323009) to work on /home/phuc/Practice/DataScience/DSProject/venv/lib/python3.10/site-packages/airflow/example_dags/example_sla_dag.py
[2023-12-17T08:32:49.773+0700] {processor.py:829} INFO - Processing file /home/phuc/Practice/DataScience/DSProject/venv/lib/python3.10/site-packages/airflow/example_dags/example_sla_dag.py for tasks to queue
[2023-12-17T08:32:49.774+0700] {logging_mixin.py:154} INFO - [2023-12-17T08:32:49.773+0700] {dagbag.py:536} INFO - Filling up the DagBag from /home/phuc/Practice/DataScience/DSProject/venv/lib/python3.10/site-packages/airflow/example_dags/example_sla_dag.py
[2023-12-17T08:32:49.786+0700] {processor.py:839} INFO - DAG(s) dict_keys(['example_sla_dag']) retrieved from /home/phuc/Practice/DataScience/DSProject/venv/lib/python3.10/site-packages/airflow/example_dags/example_sla_dag.py
[2023-12-17T08:32:49.795+0700] {logging_mixin.py:154} INFO - [2023-12-17T08:32:49.795+0700] {dag.py:2941} INFO - Sync 1 DAGs
[2023-12-17T08:32:49.805+0700] {logging_mixin.py:154} INFO - [2023-12-17T08:32:49.805+0700] {dag.py:3722} INFO - Setting next_dagrun for example_sla_dag to 2023-12-17T01:30:00+00:00, run_after=2023-12-17T01:32:00+00:00
[2023-12-17T08:32:49.815+0700] {processor.py:179} INFO - Processing /home/phuc/Practice/DataScience/DSProject/venv/lib/python3.10/site-packages/airflow/example_dags/example_sla_dag.py took 0.053 seconds
[2023-12-17T08:33:32.075+0700] {processor.py:157} INFO - Started process (PID=323205) to work on /home/phuc/Practice/DataScience/DSProject/venv/lib/python3.10/site-packages/airflow/example_dags/example_sla_dag.py
[2023-12-17T08:33:32.082+0700] {processor.py:829} INFO - Processing file /home/phuc/Practice/DataScience/DSProject/venv/lib/python3.10/site-packages/airflow/example_dags/example_sla_dag.py for tasks to queue
[2023-12-17T08:33:32.083+0700] {logging_mixin.py:154} INFO - [2023-12-17T08:33:32.083+0700] {dagbag.py:536} INFO - Filling up the DagBag from /home/phuc/Practice/DataScience/DSProject/venv/lib/python3.10/site-packages/airflow/example_dags/example_sla_dag.py
[2023-12-17T08:33:32.094+0700] {processor.py:839} INFO - DAG(s) dict_keys(['example_sla_dag']) retrieved from /home/phuc/Practice/DataScience/DSProject/venv/lib/python3.10/site-packages/airflow/example_dags/example_sla_dag.py
[2023-12-17T08:33:32.105+0700] {logging_mixin.py:154} INFO - [2023-12-17T08:33:32.104+0700] {dag.py:2941} INFO - Sync 1 DAGs
[2023-12-17T08:33:32.115+0700] {logging_mixin.py:154} INFO - [2023-12-17T08:33:32.114+0700] {dag.py:3722} INFO - Setting next_dagrun for example_sla_dag to 2023-12-17T01:30:00+00:00, run_after=2023-12-17T01:32:00+00:00
[2023-12-17T08:33:32.124+0700] {processor.py:179} INFO - Processing /home/phuc/Practice/DataScience/DSProject/venv/lib/python3.10/site-packages/airflow/example_dags/example_sla_dag.py took 0.050 seconds
[2023-12-17T08:34:21.705+0700] {processor.py:157} INFO - Started process (PID=323587) to work on /home/phuc/Practice/DataScience/DSProject/venv/lib/python3.10/site-packages/airflow/example_dags/example_sla_dag.py
[2023-12-17T08:34:21.712+0700] {processor.py:829} INFO - Processing file /home/phuc/Practice/DataScience/DSProject/venv/lib/python3.10/site-packages/airflow/example_dags/example_sla_dag.py for tasks to queue
[2023-12-17T08:34:21.712+0700] {logging_mixin.py:154} INFO - [2023-12-17T08:34:21.712+0700] {dagbag.py:536} INFO - Filling up the DagBag from /home/phuc/Practice/DataScience/DSProject/venv/lib/python3.10/site-packages/airflow/example_dags/example_sla_dag.py
[2023-12-17T08:34:21.717+0700] {processor.py:839} INFO - DAG(s) dict_keys(['example_sla_dag']) retrieved from /home/phuc/Practice/DataScience/DSProject/venv/lib/python3.10/site-packages/airflow/example_dags/example_sla_dag.py
[2023-12-17T08:34:21.725+0700] {logging_mixin.py:154} INFO - [2023-12-17T08:34:21.725+0700] {dag.py:2941} INFO - Sync 1 DAGs
[2023-12-17T08:34:21.735+0700] {logging_mixin.py:154} INFO - [2023-12-17T08:34:21.735+0700] {dag.py:3722} INFO - Setting next_dagrun for example_sla_dag to 2023-12-17T01:32:00+00:00, run_after=2023-12-17T01:34:00+00:00
[2023-12-17T08:34:21.745+0700] {processor.py:179} INFO - Processing /home/phuc/Practice/DataScience/DSProject/venv/lib/python3.10/site-packages/airflow/example_dags/example_sla_dag.py took 0.042 seconds
[2023-12-17T08:35:16.096+0700] {processor.py:157} INFO - Started process (PID=324021) to work on /home/phuc/Practice/DataScience/DSProject/venv/lib/python3.10/site-packages/airflow/example_dags/example_sla_dag.py
[2023-12-17T08:35:16.103+0700] {processor.py:829} INFO - Processing file /home/phuc/Practice/DataScience/DSProject/venv/lib/python3.10/site-packages/airflow/example_dags/example_sla_dag.py for tasks to queue
[2023-12-17T08:35:16.104+0700] {logging_mixin.py:154} INFO - [2023-12-17T08:35:16.103+0700] {dagbag.py:536} INFO - Filling up the DagBag from /home/phuc/Practice/DataScience/DSProject/venv/lib/python3.10/site-packages/airflow/example_dags/example_sla_dag.py
[2023-12-17T08:35:16.109+0700] {processor.py:839} INFO - DAG(s) dict_keys(['example_sla_dag']) retrieved from /home/phuc/Practice/DataScience/DSProject/venv/lib/python3.10/site-packages/airflow/example_dags/example_sla_dag.py
[2023-12-17T08:35:16.120+0700] {logging_mixin.py:154} INFO - [2023-12-17T08:35:16.119+0700] {dag.py:2941} INFO - Sync 1 DAGs
[2023-12-17T08:35:16.132+0700] {logging_mixin.py:154} INFO - [2023-12-17T08:35:16.132+0700] {dag.py:3722} INFO - Setting next_dagrun for example_sla_dag to 2023-12-17T01:32:00+00:00, run_after=2023-12-17T01:34:00+00:00
[2023-12-17T08:35:16.144+0700] {processor.py:179} INFO - Processing /home/phuc/Practice/DataScience/DSProject/venv/lib/python3.10/site-packages/airflow/example_dags/example_sla_dag.py took 0.050 seconds
