[2023-12-17T08:03:13.486+0700] {processor.py:157} INFO - Started process (PID=309642) to work on /home/phuc/Practice/DataScience/DSProject/venv/lib/python3.10/site-packages/airflow/example_dags/example_trigger_target_dag.py
[2023-12-17T08:03:13.487+0700] {processor.py:829} INFO - Processing file /home/phuc/Practice/DataScience/DSProject/venv/lib/python3.10/site-packages/airflow/example_dags/example_trigger_target_dag.py for tasks to queue
[2023-12-17T08:03:13.488+0700] {logging_mixin.py:154} INFO - [2023-12-17T08:03:13.488+0700] {dagbag.py:536} INFO - Filling up the DagBag from /home/phuc/Practice/DataScience/DSProject/venv/lib/python3.10/site-packages/airflow/example_dags/example_trigger_target_dag.py
[2023-12-17T08:03:13.497+0700] {processor.py:839} INFO - DAG(s) dict_keys(['example_trigger_target_dag']) retrieved from /home/phuc/Practice/DataScience/DSProject/venv/lib/python3.10/site-packages/airflow/example_dags/example_trigger_target_dag.py
[2023-12-17T08:03:13.587+0700] {logging_mixin.py:154} INFO - [2023-12-17T08:03:13.587+0700] {manager.py:499} INFO - Created Permission View: %s
[2023-12-17T08:03:13.597+0700] {logging_mixin.py:154} INFO - [2023-12-17T08:03:13.597+0700] {manager.py:499} INFO - Created Permission View: %s
[2023-12-17T08:03:13.603+0700] {logging_mixin.py:154} INFO - [2023-12-17T08:03:13.602+0700] {manager.py:499} INFO - Created Permission View: %s
[2023-12-17T08:03:13.603+0700] {logging_mixin.py:154} INFO - [2023-12-17T08:03:13.603+0700] {dag.py:2941} INFO - Sync 1 DAGs
[2023-12-17T08:03:13.611+0700] {logging_mixin.py:154} INFO - [2023-12-17T08:03:13.611+0700] {dag.py:2963} INFO - Creating ORM DAG for example_trigger_target_dag
[2023-12-17T08:03:13.612+0700] {logging_mixin.py:154} INFO - [2023-12-17T08:03:13.612+0700] {dag.py:3722} INFO - Setting next_dagrun for example_trigger_target_dag to None, run_after=None
[2023-12-17T08:03:13.627+0700] {processor.py:179} INFO - Processing /home/phuc/Practice/DataScience/DSProject/venv/lib/python3.10/site-packages/airflow/example_dags/example_trigger_target_dag.py took 0.144 seconds
[2023-12-17T08:05:28.693+0700] {processor.py:157} INFO - Started process (PID=310894) to work on /home/phuc/Practice/DataScience/DSProject/venv/lib/python3.10/site-packages/airflow/example_dags/example_trigger_target_dag.py
[2023-12-17T08:05:28.700+0700] {processor.py:829} INFO - Processing file /home/phuc/Practice/DataScience/DSProject/venv/lib/python3.10/site-packages/airflow/example_dags/example_trigger_target_dag.py for tasks to queue
[2023-12-17T08:05:28.701+0700] {logging_mixin.py:154} INFO - [2023-12-17T08:05:28.701+0700] {dagbag.py:536} INFO - Filling up the DagBag from /home/phuc/Practice/DataScience/DSProject/venv/lib/python3.10/site-packages/airflow/example_dags/example_trigger_target_dag.py
[2023-12-17T08:05:28.706+0700] {processor.py:839} INFO - DAG(s) dict_keys(['example_trigger_target_dag']) retrieved from /home/phuc/Practice/DataScience/DSProject/venv/lib/python3.10/site-packages/airflow/example_dags/example_trigger_target_dag.py
[2023-12-17T08:05:28.723+0700] {logging_mixin.py:154} INFO - [2023-12-17T08:05:28.723+0700] {dag.py:2941} INFO - Sync 1 DAGs
[2023-12-17T08:05:28.732+0700] {logging_mixin.py:154} INFO - [2023-12-17T08:05:28.732+0700] {dag.py:3722} INFO - Setting next_dagrun for example_trigger_target_dag to None, run_after=None
[2023-12-17T08:05:28.748+0700] {processor.py:179} INFO - Processing /home/phuc/Practice/DataScience/DSProject/venv/lib/python3.10/site-packages/airflow/example_dags/example_trigger_target_dag.py took 0.056 seconds
[2023-12-17T08:06:16.382+0700] {processor.py:157} INFO - Started process (PID=311378) to work on /home/phuc/Practice/DataScience/DSProject/venv/lib/python3.10/site-packages/airflow/example_dags/example_trigger_target_dag.py
[2023-12-17T08:06:16.389+0700] {processor.py:829} INFO - Processing file /home/phuc/Practice/DataScience/DSProject/venv/lib/python3.10/site-packages/airflow/example_dags/example_trigger_target_dag.py for tasks to queue
[2023-12-17T08:06:16.389+0700] {logging_mixin.py:154} INFO - [2023-12-17T08:06:16.389+0700] {dagbag.py:536} INFO - Filling up the DagBag from /home/phuc/Practice/DataScience/DSProject/venv/lib/python3.10/site-packages/airflow/example_dags/example_trigger_target_dag.py
[2023-12-17T08:06:16.393+0700] {processor.py:839} INFO - DAG(s) dict_keys(['example_trigger_target_dag']) retrieved from /home/phuc/Practice/DataScience/DSProject/venv/lib/python3.10/site-packages/airflow/example_dags/example_trigger_target_dag.py
[2023-12-17T08:06:16.406+0700] {logging_mixin.py:154} INFO - [2023-12-17T08:06:16.405+0700] {dag.py:2941} INFO - Sync 1 DAGs
[2023-12-17T08:06:16.414+0700] {logging_mixin.py:154} INFO - [2023-12-17T08:06:16.413+0700] {dag.py:3722} INFO - Setting next_dagrun for example_trigger_target_dag to None, run_after=None
[2023-12-17T08:06:16.429+0700] {processor.py:179} INFO - Processing /home/phuc/Practice/DataScience/DSProject/venv/lib/python3.10/site-packages/airflow/example_dags/example_trigger_target_dag.py took 0.049 seconds
[2023-12-17T08:07:03.476+0700] {processor.py:157} INFO - Started process (PID=311903) to work on /home/phuc/Practice/DataScience/DSProject/venv/lib/python3.10/site-packages/airflow/example_dags/example_trigger_target_dag.py
[2023-12-17T08:07:03.483+0700] {processor.py:829} INFO - Processing file /home/phuc/Practice/DataScience/DSProject/venv/lib/python3.10/site-packages/airflow/example_dags/example_trigger_target_dag.py for tasks to queue
[2023-12-17T08:07:03.483+0700] {logging_mixin.py:154} INFO - [2023-12-17T08:07:03.483+0700] {dagbag.py:536} INFO - Filling up the DagBag from /home/phuc/Practice/DataScience/DSProject/venv/lib/python3.10/site-packages/airflow/example_dags/example_trigger_target_dag.py
[2023-12-17T08:07:03.487+0700] {processor.py:839} INFO - DAG(s) dict_keys(['example_trigger_target_dag']) retrieved from /home/phuc/Practice/DataScience/DSProject/venv/lib/python3.10/site-packages/airflow/example_dags/example_trigger_target_dag.py
[2023-12-17T08:07:03.499+0700] {logging_mixin.py:154} INFO - [2023-12-17T08:07:03.499+0700] {dag.py:2941} INFO - Sync 1 DAGs
[2023-12-17T08:07:03.507+0700] {logging_mixin.py:154} INFO - [2023-12-17T08:07:03.507+0700] {dag.py:3722} INFO - Setting next_dagrun for example_trigger_target_dag to None, run_after=None
[2023-12-17T08:07:03.522+0700] {processor.py:179} INFO - Processing /home/phuc/Practice/DataScience/DSProject/venv/lib/python3.10/site-packages/airflow/example_dags/example_trigger_target_dag.py took 0.048 seconds
[2023-12-17T08:08:26.232+0700] {processor.py:157} INFO - Started process (PID=313085) to work on /home/phuc/Practice/DataScience/DSProject/venv/lib/python3.10/site-packages/airflow/example_dags/example_trigger_target_dag.py
[2023-12-17T08:08:26.239+0700] {processor.py:829} INFO - Processing file /home/phuc/Practice/DataScience/DSProject/venv/lib/python3.10/site-packages/airflow/example_dags/example_trigger_target_dag.py for tasks to queue
[2023-12-17T08:08:26.241+0700] {logging_mixin.py:154} INFO - [2023-12-17T08:08:26.240+0700] {dagbag.py:536} INFO - Filling up the DagBag from /home/phuc/Practice/DataScience/DSProject/venv/lib/python3.10/site-packages/airflow/example_dags/example_trigger_target_dag.py
[2023-12-17T08:08:26.249+0700] {processor.py:839} INFO - DAG(s) dict_keys(['example_trigger_target_dag']) retrieved from /home/phuc/Practice/DataScience/DSProject/venv/lib/python3.10/site-packages/airflow/example_dags/example_trigger_target_dag.py
[2023-12-17T08:08:26.261+0700] {logging_mixin.py:154} INFO - [2023-12-17T08:08:26.261+0700] {dag.py:2941} INFO - Sync 1 DAGs
[2023-12-17T08:08:26.267+0700] {logging_mixin.py:154} INFO - [2023-12-17T08:08:26.267+0700] {dag.py:3722} INFO - Setting next_dagrun for example_trigger_target_dag to None, run_after=None
[2023-12-17T08:08:26.278+0700] {processor.py:179} INFO - Processing /home/phuc/Practice/DataScience/DSProject/venv/lib/python3.10/site-packages/airflow/example_dags/example_trigger_target_dag.py took 0.048 seconds
[2023-12-17T08:09:14.705+0700] {processor.py:157} INFO - Started process (PID=313404) to work on /home/phuc/Practice/DataScience/DSProject/venv/lib/python3.10/site-packages/airflow/example_dags/example_trigger_target_dag.py
[2023-12-17T08:09:14.713+0700] {processor.py:829} INFO - Processing file /home/phuc/Practice/DataScience/DSProject/venv/lib/python3.10/site-packages/airflow/example_dags/example_trigger_target_dag.py for tasks to queue
[2023-12-17T08:09:14.714+0700] {logging_mixin.py:154} INFO - [2023-12-17T08:09:14.714+0700] {dagbag.py:536} INFO - Filling up the DagBag from /home/phuc/Practice/DataScience/DSProject/venv/lib/python3.10/site-packages/airflow/example_dags/example_trigger_target_dag.py
[2023-12-17T08:09:14.723+0700] {processor.py:839} INFO - DAG(s) dict_keys(['example_trigger_target_dag']) retrieved from /home/phuc/Practice/DataScience/DSProject/venv/lib/python3.10/site-packages/airflow/example_dags/example_trigger_target_dag.py
[2023-12-17T08:09:14.735+0700] {logging_mixin.py:154} INFO - [2023-12-17T08:09:14.735+0700] {dag.py:2941} INFO - Sync 1 DAGs
[2023-12-17T08:09:14.741+0700] {logging_mixin.py:154} INFO - [2023-12-17T08:09:14.740+0700] {dag.py:3722} INFO - Setting next_dagrun for example_trigger_target_dag to None, run_after=None
[2023-12-17T08:09:14.753+0700] {processor.py:179} INFO - Processing /home/phuc/Practice/DataScience/DSProject/venv/lib/python3.10/site-packages/airflow/example_dags/example_trigger_target_dag.py took 0.050 seconds
[2023-12-17T08:09:50.691+0700] {processor.py:157} INFO - Started process (PID=313635) to work on /home/phuc/Practice/DataScience/DSProject/venv/lib/python3.10/site-packages/airflow/example_dags/example_trigger_target_dag.py
[2023-12-17T08:09:50.692+0700] {processor.py:829} INFO - Processing file /home/phuc/Practice/DataScience/DSProject/venv/lib/python3.10/site-packages/airflow/example_dags/example_trigger_target_dag.py for tasks to queue
[2023-12-17T08:09:50.693+0700] {logging_mixin.py:154} INFO - [2023-12-17T08:09:50.693+0700] {dagbag.py:536} INFO - Filling up the DagBag from /home/phuc/Practice/DataScience/DSProject/venv/lib/python3.10/site-packages/airflow/example_dags/example_trigger_target_dag.py
[2023-12-17T08:09:50.698+0700] {processor.py:839} INFO - DAG(s) dict_keys(['example_trigger_target_dag']) retrieved from /home/phuc/Practice/DataScience/DSProject/venv/lib/python3.10/site-packages/airflow/example_dags/example_trigger_target_dag.py
[2023-12-17T08:09:50.711+0700] {logging_mixin.py:154} INFO - [2023-12-17T08:09:50.711+0700] {dag.py:2941} INFO - Sync 1 DAGs
[2023-12-17T08:09:50.721+0700] {logging_mixin.py:154} INFO - [2023-12-17T08:09:50.721+0700] {dag.py:3722} INFO - Setting next_dagrun for example_trigger_target_dag to None, run_after=None
[2023-12-17T08:09:50.740+0700] {processor.py:179} INFO - Processing /home/phuc/Practice/DataScience/DSProject/venv/lib/python3.10/site-packages/airflow/example_dags/example_trigger_target_dag.py took 0.051 seconds
[2023-12-17T08:10:38.665+0700] {processor.py:157} INFO - Started process (PID=313923) to work on /home/phuc/Practice/DataScience/DSProject/venv/lib/python3.10/site-packages/airflow/example_dags/example_trigger_target_dag.py
[2023-12-17T08:10:38.672+0700] {processor.py:829} INFO - Processing file /home/phuc/Practice/DataScience/DSProject/venv/lib/python3.10/site-packages/airflow/example_dags/example_trigger_target_dag.py for tasks to queue
[2023-12-17T08:10:38.673+0700] {logging_mixin.py:154} INFO - [2023-12-17T08:10:38.672+0700] {dagbag.py:536} INFO - Filling up the DagBag from /home/phuc/Practice/DataScience/DSProject/venv/lib/python3.10/site-packages/airflow/example_dags/example_trigger_target_dag.py
[2023-12-17T08:10:38.681+0700] {processor.py:839} INFO - DAG(s) dict_keys(['example_trigger_target_dag']) retrieved from /home/phuc/Practice/DataScience/DSProject/venv/lib/python3.10/site-packages/airflow/example_dags/example_trigger_target_dag.py
[2023-12-17T08:10:38.693+0700] {logging_mixin.py:154} INFO - [2023-12-17T08:10:38.693+0700] {dag.py:2941} INFO - Sync 1 DAGs
[2023-12-17T08:10:38.699+0700] {logging_mixin.py:154} INFO - [2023-12-17T08:10:38.699+0700] {dag.py:3722} INFO - Setting next_dagrun for example_trigger_target_dag to None, run_after=None
[2023-12-17T08:10:38.711+0700] {processor.py:179} INFO - Processing /home/phuc/Practice/DataScience/DSProject/venv/lib/python3.10/site-packages/airflow/example_dags/example_trigger_target_dag.py took 0.049 seconds
[2023-12-17T08:11:14.099+0700] {processor.py:157} INFO - Started process (PID=314076) to work on /home/phuc/Practice/DataScience/DSProject/venv/lib/python3.10/site-packages/airflow/example_dags/example_trigger_target_dag.py
[2023-12-17T08:11:14.107+0700] {processor.py:829} INFO - Processing file /home/phuc/Practice/DataScience/DSProject/venv/lib/python3.10/site-packages/airflow/example_dags/example_trigger_target_dag.py for tasks to queue
[2023-12-17T08:11:14.108+0700] {logging_mixin.py:154} INFO - [2023-12-17T08:11:14.107+0700] {dagbag.py:536} INFO - Filling up the DagBag from /home/phuc/Practice/DataScience/DSProject/venv/lib/python3.10/site-packages/airflow/example_dags/example_trigger_target_dag.py
[2023-12-17T08:11:14.116+0700] {processor.py:839} INFO - DAG(s) dict_keys(['example_trigger_target_dag']) retrieved from /home/phuc/Practice/DataScience/DSProject/venv/lib/python3.10/site-packages/airflow/example_dags/example_trigger_target_dag.py
[2023-12-17T08:11:14.128+0700] {logging_mixin.py:154} INFO - [2023-12-17T08:11:14.128+0700] {dag.py:2941} INFO - Sync 1 DAGs
[2023-12-17T08:11:14.134+0700] {logging_mixin.py:154} INFO - [2023-12-17T08:11:14.134+0700] {dag.py:3722} INFO - Setting next_dagrun for example_trigger_target_dag to None, run_after=None
[2023-12-17T08:11:14.147+0700] {processor.py:179} INFO - Processing /home/phuc/Practice/DataScience/DSProject/venv/lib/python3.10/site-packages/airflow/example_dags/example_trigger_target_dag.py took 0.050 seconds
[2023-12-17T08:12:02.558+0700] {processor.py:157} INFO - Started process (PID=314319) to work on /home/phuc/Practice/DataScience/DSProject/venv/lib/python3.10/site-packages/airflow/example_dags/example_trigger_target_dag.py
[2023-12-17T08:12:02.565+0700] {processor.py:829} INFO - Processing file /home/phuc/Practice/DataScience/DSProject/venv/lib/python3.10/site-packages/airflow/example_dags/example_trigger_target_dag.py for tasks to queue
[2023-12-17T08:12:02.565+0700] {logging_mixin.py:154} INFO - [2023-12-17T08:12:02.565+0700] {dagbag.py:536} INFO - Filling up the DagBag from /home/phuc/Practice/DataScience/DSProject/venv/lib/python3.10/site-packages/airflow/example_dags/example_trigger_target_dag.py
[2023-12-17T08:12:02.572+0700] {processor.py:839} INFO - DAG(s) dict_keys(['example_trigger_target_dag']) retrieved from /home/phuc/Practice/DataScience/DSProject/venv/lib/python3.10/site-packages/airflow/example_dags/example_trigger_target_dag.py
[2023-12-17T08:12:02.586+0700] {logging_mixin.py:154} INFO - [2023-12-17T08:12:02.586+0700] {dag.py:2941} INFO - Sync 1 DAGs
[2023-12-17T08:12:02.593+0700] {logging_mixin.py:154} INFO - [2023-12-17T08:12:02.593+0700] {dag.py:3722} INFO - Setting next_dagrun for example_trigger_target_dag to None, run_after=None
[2023-12-17T08:12:02.605+0700] {processor.py:179} INFO - Processing /home/phuc/Practice/DataScience/DSProject/venv/lib/python3.10/site-packages/airflow/example_dags/example_trigger_target_dag.py took 0.050 seconds
[2023-12-17T08:12:52.425+0700] {processor.py:157} INFO - Started process (PID=314543) to work on /home/phuc/Practice/DataScience/DSProject/venv/lib/python3.10/site-packages/airflow/example_dags/example_trigger_target_dag.py
[2023-12-17T08:12:52.432+0700] {processor.py:829} INFO - Processing file /home/phuc/Practice/DataScience/DSProject/venv/lib/python3.10/site-packages/airflow/example_dags/example_trigger_target_dag.py for tasks to queue
[2023-12-17T08:12:52.432+0700] {logging_mixin.py:154} INFO - [2023-12-17T08:12:52.432+0700] {dagbag.py:536} INFO - Filling up the DagBag from /home/phuc/Practice/DataScience/DSProject/venv/lib/python3.10/site-packages/airflow/example_dags/example_trigger_target_dag.py
[2023-12-17T08:12:52.436+0700] {processor.py:839} INFO - DAG(s) dict_keys(['example_trigger_target_dag']) retrieved from /home/phuc/Practice/DataScience/DSProject/venv/lib/python3.10/site-packages/airflow/example_dags/example_trigger_target_dag.py
[2023-12-17T08:12:52.446+0700] {logging_mixin.py:154} INFO - [2023-12-17T08:12:52.446+0700] {dag.py:2941} INFO - Sync 1 DAGs
[2023-12-17T08:12:52.453+0700] {logging_mixin.py:154} INFO - [2023-12-17T08:12:52.453+0700] {dag.py:3722} INFO - Setting next_dagrun for example_trigger_target_dag to None, run_after=None
[2023-12-17T08:12:52.466+0700] {processor.py:179} INFO - Processing /home/phuc/Practice/DataScience/DSProject/venv/lib/python3.10/site-packages/airflow/example_dags/example_trigger_target_dag.py took 0.043 seconds
[2023-12-17T08:13:37.023+0700] {processor.py:157} INFO - Started process (PID=314802) to work on /home/phuc/Practice/DataScience/DSProject/venv/lib/python3.10/site-packages/airflow/example_dags/example_trigger_target_dag.py
[2023-12-17T08:13:37.030+0700] {processor.py:829} INFO - Processing file /home/phuc/Practice/DataScience/DSProject/venv/lib/python3.10/site-packages/airflow/example_dags/example_trigger_target_dag.py for tasks to queue
[2023-12-17T08:13:37.031+0700] {logging_mixin.py:154} INFO - [2023-12-17T08:13:37.031+0700] {dagbag.py:536} INFO - Filling up the DagBag from /home/phuc/Practice/DataScience/DSProject/venv/lib/python3.10/site-packages/airflow/example_dags/example_trigger_target_dag.py
[2023-12-17T08:13:37.039+0700] {processor.py:839} INFO - DAG(s) dict_keys(['example_trigger_target_dag']) retrieved from /home/phuc/Practice/DataScience/DSProject/venv/lib/python3.10/site-packages/airflow/example_dags/example_trigger_target_dag.py
[2023-12-17T08:13:37.052+0700] {logging_mixin.py:154} INFO - [2023-12-17T08:13:37.052+0700] {dag.py:2941} INFO - Sync 1 DAGs
[2023-12-17T08:13:37.060+0700] {logging_mixin.py:154} INFO - [2023-12-17T08:13:37.059+0700] {dag.py:3722} INFO - Setting next_dagrun for example_trigger_target_dag to None, run_after=None
[2023-12-17T08:13:37.073+0700] {processor.py:179} INFO - Processing /home/phuc/Practice/DataScience/DSProject/venv/lib/python3.10/site-packages/airflow/example_dags/example_trigger_target_dag.py took 0.053 seconds
[2023-12-17T08:14:26.723+0700] {processor.py:157} INFO - Started process (PID=315006) to work on /home/phuc/Practice/DataScience/DSProject/venv/lib/python3.10/site-packages/airflow/example_dags/example_trigger_target_dag.py
[2023-12-17T08:14:26.730+0700] {processor.py:829} INFO - Processing file /home/phuc/Practice/DataScience/DSProject/venv/lib/python3.10/site-packages/airflow/example_dags/example_trigger_target_dag.py for tasks to queue
[2023-12-17T08:14:26.732+0700] {logging_mixin.py:154} INFO - [2023-12-17T08:14:26.731+0700] {dagbag.py:536} INFO - Filling up the DagBag from /home/phuc/Practice/DataScience/DSProject/venv/lib/python3.10/site-packages/airflow/example_dags/example_trigger_target_dag.py
[2023-12-17T08:14:26.740+0700] {processor.py:839} INFO - DAG(s) dict_keys(['example_trigger_target_dag']) retrieved from /home/phuc/Practice/DataScience/DSProject/venv/lib/python3.10/site-packages/airflow/example_dags/example_trigger_target_dag.py
[2023-12-17T08:14:26.752+0700] {logging_mixin.py:154} INFO - [2023-12-17T08:14:26.752+0700] {dag.py:2941} INFO - Sync 1 DAGs
[2023-12-17T08:14:26.758+0700] {logging_mixin.py:154} INFO - [2023-12-17T08:14:26.758+0700] {dag.py:3722} INFO - Setting next_dagrun for example_trigger_target_dag to None, run_after=None
[2023-12-17T08:14:26.770+0700] {processor.py:179} INFO - Processing /home/phuc/Practice/DataScience/DSProject/venv/lib/python3.10/site-packages/airflow/example_dags/example_trigger_target_dag.py took 0.051 seconds
[2023-12-17T08:15:03.970+0700] {processor.py:157} INFO - Started process (PID=315186) to work on /home/phuc/Practice/DataScience/DSProject/venv/lib/python3.10/site-packages/airflow/example_dags/example_trigger_target_dag.py
[2023-12-17T08:15:03.976+0700] {processor.py:829} INFO - Processing file /home/phuc/Practice/DataScience/DSProject/venv/lib/python3.10/site-packages/airflow/example_dags/example_trigger_target_dag.py for tasks to queue
[2023-12-17T08:15:03.978+0700] {logging_mixin.py:154} INFO - [2023-12-17T08:15:03.977+0700] {dagbag.py:536} INFO - Filling up the DagBag from /home/phuc/Practice/DataScience/DSProject/venv/lib/python3.10/site-packages/airflow/example_dags/example_trigger_target_dag.py
[2023-12-17T08:15:03.986+0700] {processor.py:839} INFO - DAG(s) dict_keys(['example_trigger_target_dag']) retrieved from /home/phuc/Practice/DataScience/DSProject/venv/lib/python3.10/site-packages/airflow/example_dags/example_trigger_target_dag.py
[2023-12-17T08:15:03.998+0700] {logging_mixin.py:154} INFO - [2023-12-17T08:15:03.998+0700] {dag.py:2941} INFO - Sync 1 DAGs
[2023-12-17T08:15:04.004+0700] {logging_mixin.py:154} INFO - [2023-12-17T08:15:04.004+0700] {dag.py:3722} INFO - Setting next_dagrun for example_trigger_target_dag to None, run_after=None
[2023-12-17T08:15:04.015+0700] {processor.py:179} INFO - Processing /home/phuc/Practice/DataScience/DSProject/venv/lib/python3.10/site-packages/airflow/example_dags/example_trigger_target_dag.py took 0.049 seconds
[2023-12-17T08:15:40.277+0700] {processor.py:157} INFO - Started process (PID=315338) to work on /home/phuc/Practice/DataScience/DSProject/venv/lib/python3.10/site-packages/airflow/example_dags/example_trigger_target_dag.py
[2023-12-17T08:15:40.284+0700] {processor.py:829} INFO - Processing file /home/phuc/Practice/DataScience/DSProject/venv/lib/python3.10/site-packages/airflow/example_dags/example_trigger_target_dag.py for tasks to queue
[2023-12-17T08:15:40.285+0700] {logging_mixin.py:154} INFO - [2023-12-17T08:15:40.285+0700] {dagbag.py:536} INFO - Filling up the DagBag from /home/phuc/Practice/DataScience/DSProject/venv/lib/python3.10/site-packages/airflow/example_dags/example_trigger_target_dag.py
[2023-12-17T08:15:40.293+0700] {processor.py:839} INFO - DAG(s) dict_keys(['example_trigger_target_dag']) retrieved from /home/phuc/Practice/DataScience/DSProject/venv/lib/python3.10/site-packages/airflow/example_dags/example_trigger_target_dag.py
[2023-12-17T08:15:40.305+0700] {logging_mixin.py:154} INFO - [2023-12-17T08:15:40.305+0700] {dag.py:2941} INFO - Sync 1 DAGs
[2023-12-17T08:15:40.311+0700] {logging_mixin.py:154} INFO - [2023-12-17T08:15:40.310+0700] {dag.py:3722} INFO - Setting next_dagrun for example_trigger_target_dag to None, run_after=None
[2023-12-17T08:15:40.322+0700] {processor.py:179} INFO - Processing /home/phuc/Practice/DataScience/DSProject/venv/lib/python3.10/site-packages/airflow/example_dags/example_trigger_target_dag.py took 0.048 seconds
[2023-12-17T08:17:46.196+0700] {processor.py:157} INFO - Started process (PID=316390) to work on /home/phuc/Practice/DataScience/DSProject/venv/lib/python3.10/site-packages/airflow/example_dags/example_trigger_target_dag.py
[2023-12-17T08:17:46.203+0700] {processor.py:829} INFO - Processing file /home/phuc/Practice/DataScience/DSProject/venv/lib/python3.10/site-packages/airflow/example_dags/example_trigger_target_dag.py for tasks to queue
[2023-12-17T08:17:46.205+0700] {logging_mixin.py:154} INFO - [2023-12-17T08:17:46.204+0700] {dagbag.py:536} INFO - Filling up the DagBag from /home/phuc/Practice/DataScience/DSProject/venv/lib/python3.10/site-packages/airflow/example_dags/example_trigger_target_dag.py
[2023-12-17T08:17:46.213+0700] {processor.py:839} INFO - DAG(s) dict_keys(['example_trigger_target_dag']) retrieved from /home/phuc/Practice/DataScience/DSProject/venv/lib/python3.10/site-packages/airflow/example_dags/example_trigger_target_dag.py
[2023-12-17T08:17:46.231+0700] {logging_mixin.py:154} INFO - [2023-12-17T08:17:46.231+0700] {dag.py:2941} INFO - Sync 1 DAGs
[2023-12-17T08:17:46.238+0700] {logging_mixin.py:154} INFO - [2023-12-17T08:17:46.237+0700] {dag.py:3722} INFO - Setting next_dagrun for example_trigger_target_dag to None, run_after=None
[2023-12-17T08:17:46.249+0700] {processor.py:179} INFO - Processing /home/phuc/Practice/DataScience/DSProject/venv/lib/python3.10/site-packages/airflow/example_dags/example_trigger_target_dag.py took 0.058 seconds
[2023-12-17T08:18:32.429+0700] {processor.py:157} INFO - Started process (PID=316621) to work on /home/phuc/Practice/DataScience/DSProject/venv/lib/python3.10/site-packages/airflow/example_dags/example_trigger_target_dag.py
[2023-12-17T08:18:32.437+0700] {processor.py:829} INFO - Processing file /home/phuc/Practice/DataScience/DSProject/venv/lib/python3.10/site-packages/airflow/example_dags/example_trigger_target_dag.py for tasks to queue
[2023-12-17T08:18:32.438+0700] {logging_mixin.py:154} INFO - [2023-12-17T08:18:32.438+0700] {dagbag.py:536} INFO - Filling up the DagBag from /home/phuc/Practice/DataScience/DSProject/venv/lib/python3.10/site-packages/airflow/example_dags/example_trigger_target_dag.py
[2023-12-17T08:18:32.446+0700] {processor.py:839} INFO - DAG(s) dict_keys(['example_trigger_target_dag']) retrieved from /home/phuc/Practice/DataScience/DSProject/venv/lib/python3.10/site-packages/airflow/example_dags/example_trigger_target_dag.py
[2023-12-17T08:18:32.460+0700] {logging_mixin.py:154} INFO - [2023-12-17T08:18:32.460+0700] {dag.py:2941} INFO - Sync 1 DAGs
[2023-12-17T08:18:32.470+0700] {logging_mixin.py:154} INFO - [2023-12-17T08:18:32.469+0700] {dag.py:3722} INFO - Setting next_dagrun for example_trigger_target_dag to None, run_after=None
[2023-12-17T08:18:32.485+0700] {processor.py:179} INFO - Processing /home/phuc/Practice/DataScience/DSProject/venv/lib/python3.10/site-packages/airflow/example_dags/example_trigger_target_dag.py took 0.059 seconds
[2023-12-17T08:19:20.896+0700] {processor.py:157} INFO - Started process (PID=317129) to work on /home/phuc/Practice/DataScience/DSProject/venv/lib/python3.10/site-packages/airflow/example_dags/example_trigger_target_dag.py
[2023-12-17T08:19:20.904+0700] {processor.py:829} INFO - Processing file /home/phuc/Practice/DataScience/DSProject/venv/lib/python3.10/site-packages/airflow/example_dags/example_trigger_target_dag.py for tasks to queue
[2023-12-17T08:19:20.905+0700] {logging_mixin.py:154} INFO - [2023-12-17T08:19:20.905+0700] {dagbag.py:536} INFO - Filling up the DagBag from /home/phuc/Practice/DataScience/DSProject/venv/lib/python3.10/site-packages/airflow/example_dags/example_trigger_target_dag.py
[2023-12-17T08:19:20.909+0700] {processor.py:839} INFO - DAG(s) dict_keys(['example_trigger_target_dag']) retrieved from /home/phuc/Practice/DataScience/DSProject/venv/lib/python3.10/site-packages/airflow/example_dags/example_trigger_target_dag.py
[2023-12-17T08:19:20.921+0700] {logging_mixin.py:154} INFO - [2023-12-17T08:19:20.921+0700] {dag.py:2941} INFO - Sync 1 DAGs
[2023-12-17T08:19:20.929+0700] {logging_mixin.py:154} INFO - [2023-12-17T08:19:20.929+0700] {dag.py:3722} INFO - Setting next_dagrun for example_trigger_target_dag to None, run_after=None
[2023-12-17T08:19:20.945+0700] {processor.py:179} INFO - Processing /home/phuc/Practice/DataScience/DSProject/venv/lib/python3.10/site-packages/airflow/example_dags/example_trigger_target_dag.py took 0.050 seconds
[2023-12-17T08:20:12.521+0700] {processor.py:157} INFO - Started process (PID=317660) to work on /home/phuc/Practice/DataScience/DSProject/venv/lib/python3.10/site-packages/airflow/example_dags/example_trigger_target_dag.py
[2023-12-17T08:20:12.527+0700] {processor.py:829} INFO - Processing file /home/phuc/Practice/DataScience/DSProject/venv/lib/python3.10/site-packages/airflow/example_dags/example_trigger_target_dag.py for tasks to queue
[2023-12-17T08:20:12.528+0700] {logging_mixin.py:154} INFO - [2023-12-17T08:20:12.528+0700] {dagbag.py:536} INFO - Filling up the DagBag from /home/phuc/Practice/DataScience/DSProject/venv/lib/python3.10/site-packages/airflow/example_dags/example_trigger_target_dag.py
[2023-12-17T08:20:12.533+0700] {processor.py:839} INFO - DAG(s) dict_keys(['example_trigger_target_dag']) retrieved from /home/phuc/Practice/DataScience/DSProject/venv/lib/python3.10/site-packages/airflow/example_dags/example_trigger_target_dag.py
[2023-12-17T08:20:12.545+0700] {logging_mixin.py:154} INFO - [2023-12-17T08:20:12.545+0700] {dag.py:2941} INFO - Sync 1 DAGs
[2023-12-17T08:20:12.553+0700] {logging_mixin.py:154} INFO - [2023-12-17T08:20:12.553+0700] {dag.py:3722} INFO - Setting next_dagrun for example_trigger_target_dag to None, run_after=None
[2023-12-17T08:20:12.570+0700] {processor.py:179} INFO - Processing /home/phuc/Practice/DataScience/DSProject/venv/lib/python3.10/site-packages/airflow/example_dags/example_trigger_target_dag.py took 0.052 seconds
[2023-12-17T08:21:56.590+0700] {processor.py:157} INFO - Started process (PID=318737) to work on /home/phuc/Practice/DataScience/DSProject/venv/lib/python3.10/site-packages/airflow/example_dags/example_trigger_target_dag.py
[2023-12-17T08:21:56.597+0700] {processor.py:829} INFO - Processing file /home/phuc/Practice/DataScience/DSProject/venv/lib/python3.10/site-packages/airflow/example_dags/example_trigger_target_dag.py for tasks to queue
[2023-12-17T08:21:56.598+0700] {logging_mixin.py:154} INFO - [2023-12-17T08:21:56.598+0700] {dagbag.py:536} INFO - Filling up the DagBag from /home/phuc/Practice/DataScience/DSProject/venv/lib/python3.10/site-packages/airflow/example_dags/example_trigger_target_dag.py
[2023-12-17T08:21:56.602+0700] {processor.py:839} INFO - DAG(s) dict_keys(['example_trigger_target_dag']) retrieved from /home/phuc/Practice/DataScience/DSProject/venv/lib/python3.10/site-packages/airflow/example_dags/example_trigger_target_dag.py
[2023-12-17T08:21:56.622+0700] {logging_mixin.py:154} INFO - [2023-12-17T08:21:56.622+0700] {dag.py:2941} INFO - Sync 1 DAGs
[2023-12-17T08:21:56.631+0700] {logging_mixin.py:154} INFO - [2023-12-17T08:21:56.631+0700] {dag.py:3722} INFO - Setting next_dagrun for example_trigger_target_dag to None, run_after=None
[2023-12-17T08:21:56.647+0700] {processor.py:179} INFO - Processing /home/phuc/Practice/DataScience/DSProject/venv/lib/python3.10/site-packages/airflow/example_dags/example_trigger_target_dag.py took 0.060 seconds
[2023-12-17T08:23:31.935+0700] {processor.py:157} INFO - Started process (PID=319511) to work on /home/phuc/Practice/DataScience/DSProject/venv/lib/python3.10/site-packages/airflow/example_dags/example_trigger_target_dag.py
[2023-12-17T08:23:31.942+0700] {processor.py:829} INFO - Processing file /home/phuc/Practice/DataScience/DSProject/venv/lib/python3.10/site-packages/airflow/example_dags/example_trigger_target_dag.py for tasks to queue
[2023-12-17T08:23:31.943+0700] {logging_mixin.py:154} INFO - [2023-12-17T08:23:31.943+0700] {dagbag.py:536} INFO - Filling up the DagBag from /home/phuc/Practice/DataScience/DSProject/venv/lib/python3.10/site-packages/airflow/example_dags/example_trigger_target_dag.py
[2023-12-17T08:23:31.949+0700] {processor.py:839} INFO - DAG(s) dict_keys(['example_trigger_target_dag']) retrieved from /home/phuc/Practice/DataScience/DSProject/venv/lib/python3.10/site-packages/airflow/example_dags/example_trigger_target_dag.py
[2023-12-17T08:23:31.958+0700] {logging_mixin.py:154} INFO - [2023-12-17T08:23:31.958+0700] {dag.py:2941} INFO - Sync 1 DAGs
[2023-12-17T08:23:31.965+0700] {logging_mixin.py:154} INFO - [2023-12-17T08:23:31.964+0700] {dag.py:3722} INFO - Setting next_dagrun for example_trigger_target_dag to None, run_after=None
[2023-12-17T08:23:31.976+0700] {processor.py:179} INFO - Processing /home/phuc/Practice/DataScience/DSProject/venv/lib/python3.10/site-packages/airflow/example_dags/example_trigger_target_dag.py took 0.043 seconds
[2023-12-17T08:24:19.237+0700] {processor.py:157} INFO - Started process (PID=319795) to work on /home/phuc/Practice/DataScience/DSProject/venv/lib/python3.10/site-packages/airflow/example_dags/example_trigger_target_dag.py
[2023-12-17T08:24:19.240+0700] {processor.py:829} INFO - Processing file /home/phuc/Practice/DataScience/DSProject/venv/lib/python3.10/site-packages/airflow/example_dags/example_trigger_target_dag.py for tasks to queue
[2023-12-17T08:24:19.241+0700] {logging_mixin.py:154} INFO - [2023-12-17T08:24:19.241+0700] {dagbag.py:536} INFO - Filling up the DagBag from /home/phuc/Practice/DataScience/DSProject/venv/lib/python3.10/site-packages/airflow/example_dags/example_trigger_target_dag.py
[2023-12-17T08:24:19.244+0700] {processor.py:839} INFO - DAG(s) dict_keys(['example_trigger_target_dag']) retrieved from /home/phuc/Practice/DataScience/DSProject/venv/lib/python3.10/site-packages/airflow/example_dags/example_trigger_target_dag.py
[2023-12-17T08:24:19.254+0700] {logging_mixin.py:154} INFO - [2023-12-17T08:24:19.253+0700] {dag.py:2941} INFO - Sync 1 DAGs
[2023-12-17T08:24:19.262+0700] {logging_mixin.py:154} INFO - [2023-12-17T08:24:19.262+0700] {dag.py:3722} INFO - Setting next_dagrun for example_trigger_target_dag to None, run_after=None
[2023-12-17T08:24:19.278+0700] {processor.py:179} INFO - Processing /home/phuc/Practice/DataScience/DSProject/venv/lib/python3.10/site-packages/airflow/example_dags/example_trigger_target_dag.py took 0.043 seconds
[2023-12-17T08:25:00.538+0700] {processor.py:157} INFO - Started process (PID=319982) to work on /home/phuc/Practice/DataScience/DSProject/venv/lib/python3.10/site-packages/airflow/example_dags/example_trigger_target_dag.py
[2023-12-17T08:25:00.545+0700] {processor.py:829} INFO - Processing file /home/phuc/Practice/DataScience/DSProject/venv/lib/python3.10/site-packages/airflow/example_dags/example_trigger_target_dag.py for tasks to queue
[2023-12-17T08:25:00.546+0700] {logging_mixin.py:154} INFO - [2023-12-17T08:25:00.546+0700] {dagbag.py:536} INFO - Filling up the DagBag from /home/phuc/Practice/DataScience/DSProject/venv/lib/python3.10/site-packages/airflow/example_dags/example_trigger_target_dag.py
[2023-12-17T08:25:00.555+0700] {processor.py:839} INFO - DAG(s) dict_keys(['example_trigger_target_dag']) retrieved from /home/phuc/Practice/DataScience/DSProject/venv/lib/python3.10/site-packages/airflow/example_dags/example_trigger_target_dag.py
[2023-12-17T08:25:00.567+0700] {logging_mixin.py:154} INFO - [2023-12-17T08:25:00.567+0700] {dag.py:2941} INFO - Sync 1 DAGs
[2023-12-17T08:25:00.573+0700] {logging_mixin.py:154} INFO - [2023-12-17T08:25:00.573+0700] {dag.py:3722} INFO - Setting next_dagrun for example_trigger_target_dag to None, run_after=None
[2023-12-17T08:25:00.584+0700] {processor.py:179} INFO - Processing /home/phuc/Practice/DataScience/DSProject/venv/lib/python3.10/site-packages/airflow/example_dags/example_trigger_target_dag.py took 0.048 seconds
[2023-12-17T08:25:37.860+0700] {processor.py:157} INFO - Started process (PID=320143) to work on /home/phuc/Practice/DataScience/DSProject/venv/lib/python3.10/site-packages/airflow/example_dags/example_trigger_target_dag.py
[2023-12-17T08:25:37.867+0700] {processor.py:829} INFO - Processing file /home/phuc/Practice/DataScience/DSProject/venv/lib/python3.10/site-packages/airflow/example_dags/example_trigger_target_dag.py for tasks to queue
[2023-12-17T08:25:37.868+0700] {logging_mixin.py:154} INFO - [2023-12-17T08:25:37.867+0700] {dagbag.py:536} INFO - Filling up the DagBag from /home/phuc/Practice/DataScience/DSProject/venv/lib/python3.10/site-packages/airflow/example_dags/example_trigger_target_dag.py
[2023-12-17T08:25:37.875+0700] {processor.py:839} INFO - DAG(s) dict_keys(['example_trigger_target_dag']) retrieved from /home/phuc/Practice/DataScience/DSProject/venv/lib/python3.10/site-packages/airflow/example_dags/example_trigger_target_dag.py
[2023-12-17T08:25:37.888+0700] {logging_mixin.py:154} INFO - [2023-12-17T08:25:37.888+0700] {dag.py:2941} INFO - Sync 1 DAGs
[2023-12-17T08:25:37.894+0700] {logging_mixin.py:154} INFO - [2023-12-17T08:25:37.894+0700] {dag.py:3722} INFO - Setting next_dagrun for example_trigger_target_dag to None, run_after=None
[2023-12-17T08:25:37.906+0700] {processor.py:179} INFO - Processing /home/phuc/Practice/DataScience/DSProject/venv/lib/python3.10/site-packages/airflow/example_dags/example_trigger_target_dag.py took 0.049 seconds
[2023-12-17T08:26:24.368+0700] {processor.py:157} INFO - Started process (PID=320351) to work on /home/phuc/Practice/DataScience/DSProject/venv/lib/python3.10/site-packages/airflow/example_dags/example_trigger_target_dag.py
[2023-12-17T08:26:24.375+0700] {processor.py:829} INFO - Processing file /home/phuc/Practice/DataScience/DSProject/venv/lib/python3.10/site-packages/airflow/example_dags/example_trigger_target_dag.py for tasks to queue
[2023-12-17T08:26:24.376+0700] {logging_mixin.py:154} INFO - [2023-12-17T08:26:24.376+0700] {dagbag.py:536} INFO - Filling up the DagBag from /home/phuc/Practice/DataScience/DSProject/venv/lib/python3.10/site-packages/airflow/example_dags/example_trigger_target_dag.py
[2023-12-17T08:26:24.381+0700] {processor.py:839} INFO - DAG(s) dict_keys(['example_trigger_target_dag']) retrieved from /home/phuc/Practice/DataScience/DSProject/venv/lib/python3.10/site-packages/airflow/example_dags/example_trigger_target_dag.py
[2023-12-17T08:26:24.395+0700] {logging_mixin.py:154} INFO - [2023-12-17T08:26:24.395+0700] {dag.py:2941} INFO - Sync 1 DAGs
[2023-12-17T08:26:24.404+0700] {logging_mixin.py:154} INFO - [2023-12-17T08:26:24.404+0700] {dag.py:3722} INFO - Setting next_dagrun for example_trigger_target_dag to None, run_after=None
[2023-12-17T08:26:24.420+0700] {processor.py:179} INFO - Processing /home/phuc/Practice/DataScience/DSProject/venv/lib/python3.10/site-packages/airflow/example_dags/example_trigger_target_dag.py took 0.055 seconds
[2023-12-17T08:26:58.970+0700] {processor.py:157} INFO - Started process (PID=320580) to work on /home/phuc/Practice/DataScience/DSProject/venv/lib/python3.10/site-packages/airflow/example_dags/example_trigger_target_dag.py
[2023-12-17T08:26:58.977+0700] {processor.py:829} INFO - Processing file /home/phuc/Practice/DataScience/DSProject/venv/lib/python3.10/site-packages/airflow/example_dags/example_trigger_target_dag.py for tasks to queue
[2023-12-17T08:26:58.979+0700] {logging_mixin.py:154} INFO - [2023-12-17T08:26:58.978+0700] {dagbag.py:536} INFO - Filling up the DagBag from /home/phuc/Practice/DataScience/DSProject/venv/lib/python3.10/site-packages/airflow/example_dags/example_trigger_target_dag.py
[2023-12-17T08:26:58.987+0700] {processor.py:839} INFO - DAG(s) dict_keys(['example_trigger_target_dag']) retrieved from /home/phuc/Practice/DataScience/DSProject/venv/lib/python3.10/site-packages/airflow/example_dags/example_trigger_target_dag.py
[2023-12-17T08:26:58.999+0700] {logging_mixin.py:154} INFO - [2023-12-17T08:26:58.999+0700] {dag.py:2941} INFO - Sync 1 DAGs
[2023-12-17T08:26:59.005+0700] {logging_mixin.py:154} INFO - [2023-12-17T08:26:59.005+0700] {dag.py:3722} INFO - Setting next_dagrun for example_trigger_target_dag to None, run_after=None
[2023-12-17T08:26:59.016+0700] {processor.py:179} INFO - Processing /home/phuc/Practice/DataScience/DSProject/venv/lib/python3.10/site-packages/airflow/example_dags/example_trigger_target_dag.py took 0.048 seconds
[2023-12-17T08:27:34.789+0700] {processor.py:157} INFO - Started process (PID=320735) to work on /home/phuc/Practice/DataScience/DSProject/venv/lib/python3.10/site-packages/airflow/example_dags/example_trigger_target_dag.py
[2023-12-17T08:27:34.797+0700] {processor.py:829} INFO - Processing file /home/phuc/Practice/DataScience/DSProject/venv/lib/python3.10/site-packages/airflow/example_dags/example_trigger_target_dag.py for tasks to queue
[2023-12-17T08:27:34.798+0700] {logging_mixin.py:154} INFO - [2023-12-17T08:27:34.798+0700] {dagbag.py:536} INFO - Filling up the DagBag from /home/phuc/Practice/DataScience/DSProject/venv/lib/python3.10/site-packages/airflow/example_dags/example_trigger_target_dag.py
[2023-12-17T08:27:34.806+0700] {processor.py:839} INFO - DAG(s) dict_keys(['example_trigger_target_dag']) retrieved from /home/phuc/Practice/DataScience/DSProject/venv/lib/python3.10/site-packages/airflow/example_dags/example_trigger_target_dag.py
[2023-12-17T08:27:34.818+0700] {logging_mixin.py:154} INFO - [2023-12-17T08:27:34.818+0700] {dag.py:2941} INFO - Sync 1 DAGs
[2023-12-17T08:27:34.824+0700] {logging_mixin.py:154} INFO - [2023-12-17T08:27:34.824+0700] {dag.py:3722} INFO - Setting next_dagrun for example_trigger_target_dag to None, run_after=None
[2023-12-17T08:27:34.836+0700] {processor.py:179} INFO - Processing /home/phuc/Practice/DataScience/DSProject/venv/lib/python3.10/site-packages/airflow/example_dags/example_trigger_target_dag.py took 0.049 seconds
[2023-12-17T08:28:22.322+0700] {processor.py:157} INFO - Started process (PID=320936) to work on /home/phuc/Practice/DataScience/DSProject/venv/lib/python3.10/site-packages/airflow/example_dags/example_trigger_target_dag.py
[2023-12-17T08:28:22.329+0700] {processor.py:829} INFO - Processing file /home/phuc/Practice/DataScience/DSProject/venv/lib/python3.10/site-packages/airflow/example_dags/example_trigger_target_dag.py for tasks to queue
[2023-12-17T08:28:22.330+0700] {logging_mixin.py:154} INFO - [2023-12-17T08:28:22.329+0700] {dagbag.py:536} INFO - Filling up the DagBag from /home/phuc/Practice/DataScience/DSProject/venv/lib/python3.10/site-packages/airflow/example_dags/example_trigger_target_dag.py
[2023-12-17T08:28:22.334+0700] {processor.py:839} INFO - DAG(s) dict_keys(['example_trigger_target_dag']) retrieved from /home/phuc/Practice/DataScience/DSProject/venv/lib/python3.10/site-packages/airflow/example_dags/example_trigger_target_dag.py
[2023-12-17T08:28:22.347+0700] {logging_mixin.py:154} INFO - [2023-12-17T08:28:22.347+0700] {dag.py:2941} INFO - Sync 1 DAGs
[2023-12-17T08:28:22.356+0700] {logging_mixin.py:154} INFO - [2023-12-17T08:28:22.356+0700] {dag.py:3722} INFO - Setting next_dagrun for example_trigger_target_dag to None, run_after=None
[2023-12-17T08:28:22.373+0700] {processor.py:179} INFO - Processing /home/phuc/Practice/DataScience/DSProject/venv/lib/python3.10/site-packages/airflow/example_dags/example_trigger_target_dag.py took 0.054 seconds
[2023-12-17T08:29:09.020+0700] {processor.py:157} INFO - Started process (PID=321138) to work on /home/phuc/Practice/DataScience/DSProject/venv/lib/python3.10/site-packages/airflow/example_dags/example_trigger_target_dag.py
[2023-12-17T08:29:09.027+0700] {processor.py:829} INFO - Processing file /home/phuc/Practice/DataScience/DSProject/venv/lib/python3.10/site-packages/airflow/example_dags/example_trigger_target_dag.py for tasks to queue
[2023-12-17T08:29:09.028+0700] {logging_mixin.py:154} INFO - [2023-12-17T08:29:09.028+0700] {dagbag.py:536} INFO - Filling up the DagBag from /home/phuc/Practice/DataScience/DSProject/venv/lib/python3.10/site-packages/airflow/example_dags/example_trigger_target_dag.py
[2023-12-17T08:29:09.037+0700] {processor.py:839} INFO - DAG(s) dict_keys(['example_trigger_target_dag']) retrieved from /home/phuc/Practice/DataScience/DSProject/venv/lib/python3.10/site-packages/airflow/example_dags/example_trigger_target_dag.py
[2023-12-17T08:29:09.050+0700] {logging_mixin.py:154} INFO - [2023-12-17T08:29:09.049+0700] {dag.py:2941} INFO - Sync 1 DAGs
[2023-12-17T08:29:09.055+0700] {logging_mixin.py:154} INFO - [2023-12-17T08:29:09.055+0700] {dag.py:3722} INFO - Setting next_dagrun for example_trigger_target_dag to None, run_after=None
[2023-12-17T08:29:09.064+0700] {processor.py:179} INFO - Processing /home/phuc/Practice/DataScience/DSProject/venv/lib/python3.10/site-packages/airflow/example_dags/example_trigger_target_dag.py took 0.048 seconds
[2023-12-17T08:29:44.702+0700] {processor.py:157} INFO - Started process (PID=321296) to work on /home/phuc/Practice/DataScience/DSProject/venv/lib/python3.10/site-packages/airflow/example_dags/example_trigger_target_dag.py
[2023-12-17T08:29:44.709+0700] {processor.py:829} INFO - Processing file /home/phuc/Practice/DataScience/DSProject/venv/lib/python3.10/site-packages/airflow/example_dags/example_trigger_target_dag.py for tasks to queue
[2023-12-17T08:29:44.711+0700] {logging_mixin.py:154} INFO - [2023-12-17T08:29:44.710+0700] {dagbag.py:536} INFO - Filling up the DagBag from /home/phuc/Practice/DataScience/DSProject/venv/lib/python3.10/site-packages/airflow/example_dags/example_trigger_target_dag.py
[2023-12-17T08:29:44.719+0700] {processor.py:839} INFO - DAG(s) dict_keys(['example_trigger_target_dag']) retrieved from /home/phuc/Practice/DataScience/DSProject/venv/lib/python3.10/site-packages/airflow/example_dags/example_trigger_target_dag.py
[2023-12-17T08:29:44.730+0700] {logging_mixin.py:154} INFO - [2023-12-17T08:29:44.730+0700] {dag.py:2941} INFO - Sync 1 DAGs
[2023-12-17T08:29:44.736+0700] {logging_mixin.py:154} INFO - [2023-12-17T08:29:44.736+0700] {dag.py:3722} INFO - Setting next_dagrun for example_trigger_target_dag to None, run_after=None
[2023-12-17T08:29:44.745+0700] {processor.py:179} INFO - Processing /home/phuc/Practice/DataScience/DSProject/venv/lib/python3.10/site-packages/airflow/example_dags/example_trigger_target_dag.py took 0.045 seconds
[2023-12-17T08:30:34.694+0700] {processor.py:157} INFO - Started process (PID=321546) to work on /home/phuc/Practice/DataScience/DSProject/venv/lib/python3.10/site-packages/airflow/example_dags/example_trigger_target_dag.py
[2023-12-17T08:30:34.700+0700] {processor.py:829} INFO - Processing file /home/phuc/Practice/DataScience/DSProject/venv/lib/python3.10/site-packages/airflow/example_dags/example_trigger_target_dag.py for tasks to queue
[2023-12-17T08:30:34.701+0700] {logging_mixin.py:154} INFO - [2023-12-17T08:30:34.701+0700] {dagbag.py:536} INFO - Filling up the DagBag from /home/phuc/Practice/DataScience/DSProject/venv/lib/python3.10/site-packages/airflow/example_dags/example_trigger_target_dag.py
[2023-12-17T08:30:34.705+0700] {processor.py:839} INFO - DAG(s) dict_keys(['example_trigger_target_dag']) retrieved from /home/phuc/Practice/DataScience/DSProject/venv/lib/python3.10/site-packages/airflow/example_dags/example_trigger_target_dag.py
[2023-12-17T08:30:34.716+0700] {logging_mixin.py:154} INFO - [2023-12-17T08:30:34.715+0700] {dag.py:2941} INFO - Sync 1 DAGs
[2023-12-17T08:30:34.723+0700] {logging_mixin.py:154} INFO - [2023-12-17T08:30:34.723+0700] {dag.py:3722} INFO - Setting next_dagrun for example_trigger_target_dag to None, run_after=None
[2023-12-17T08:30:34.737+0700] {processor.py:179} INFO - Processing /home/phuc/Practice/DataScience/DSProject/venv/lib/python3.10/site-packages/airflow/example_dags/example_trigger_target_dag.py took 0.045 seconds
[2023-12-17T08:31:09.391+0700] {processor.py:157} INFO - Started process (PID=321721) to work on /home/phuc/Practice/DataScience/DSProject/venv/lib/python3.10/site-packages/airflow/example_dags/example_trigger_target_dag.py
[2023-12-17T08:31:09.398+0700] {processor.py:829} INFO - Processing file /home/phuc/Practice/DataScience/DSProject/venv/lib/python3.10/site-packages/airflow/example_dags/example_trigger_target_dag.py for tasks to queue
[2023-12-17T08:31:09.399+0700] {logging_mixin.py:154} INFO - [2023-12-17T08:31:09.398+0700] {dagbag.py:536} INFO - Filling up the DagBag from /home/phuc/Practice/DataScience/DSProject/venv/lib/python3.10/site-packages/airflow/example_dags/example_trigger_target_dag.py
[2023-12-17T08:31:09.402+0700] {processor.py:839} INFO - DAG(s) dict_keys(['example_trigger_target_dag']) retrieved from /home/phuc/Practice/DataScience/DSProject/venv/lib/python3.10/site-packages/airflow/example_dags/example_trigger_target_dag.py
[2023-12-17T08:31:09.411+0700] {logging_mixin.py:154} INFO - [2023-12-17T08:31:09.410+0700] {dag.py:2941} INFO - Sync 1 DAGs
[2023-12-17T08:31:09.417+0700] {logging_mixin.py:154} INFO - [2023-12-17T08:31:09.417+0700] {dag.py:3722} INFO - Setting next_dagrun for example_trigger_target_dag to None, run_after=None
[2023-12-17T08:31:09.428+0700] {processor.py:179} INFO - Processing /home/phuc/Practice/DataScience/DSProject/venv/lib/python3.10/site-packages/airflow/example_dags/example_trigger_target_dag.py took 0.038 seconds
[2023-12-17T08:31:44.673+0700] {processor.py:157} INFO - Started process (PID=322022) to work on /home/phuc/Practice/DataScience/DSProject/venv/lib/python3.10/site-packages/airflow/example_dags/example_trigger_target_dag.py
[2023-12-17T08:31:44.680+0700] {processor.py:829} INFO - Processing file /home/phuc/Practice/DataScience/DSProject/venv/lib/python3.10/site-packages/airflow/example_dags/example_trigger_target_dag.py for tasks to queue
[2023-12-17T08:31:44.680+0700] {logging_mixin.py:154} INFO - [2023-12-17T08:31:44.680+0700] {dagbag.py:536} INFO - Filling up the DagBag from /home/phuc/Practice/DataScience/DSProject/venv/lib/python3.10/site-packages/airflow/example_dags/example_trigger_target_dag.py
[2023-12-17T08:31:44.683+0700] {processor.py:839} INFO - DAG(s) dict_keys(['example_trigger_target_dag']) retrieved from /home/phuc/Practice/DataScience/DSProject/venv/lib/python3.10/site-packages/airflow/example_dags/example_trigger_target_dag.py
[2023-12-17T08:31:44.691+0700] {logging_mixin.py:154} INFO - [2023-12-17T08:31:44.691+0700] {dag.py:2941} INFO - Sync 1 DAGs
[2023-12-17T08:31:44.698+0700] {logging_mixin.py:154} INFO - [2023-12-17T08:31:44.697+0700] {dag.py:3722} INFO - Setting next_dagrun for example_trigger_target_dag to None, run_after=None
[2023-12-17T08:31:44.708+0700] {processor.py:179} INFO - Processing /home/phuc/Practice/DataScience/DSProject/venv/lib/python3.10/site-packages/airflow/example_dags/example_trigger_target_dag.py took 0.037 seconds
[2023-12-17T08:32:45.760+0700] {processor.py:157} INFO - Started process (PID=322989) to work on /home/phuc/Practice/DataScience/DSProject/venv/lib/python3.10/site-packages/airflow/example_dags/example_trigger_target_dag.py
[2023-12-17T08:32:45.767+0700] {processor.py:829} INFO - Processing file /home/phuc/Practice/DataScience/DSProject/venv/lib/python3.10/site-packages/airflow/example_dags/example_trigger_target_dag.py for tasks to queue
[2023-12-17T08:32:45.768+0700] {logging_mixin.py:154} INFO - [2023-12-17T08:32:45.767+0700] {dagbag.py:536} INFO - Filling up the DagBag from /home/phuc/Practice/DataScience/DSProject/venv/lib/python3.10/site-packages/airflow/example_dags/example_trigger_target_dag.py
[2023-12-17T08:32:45.770+0700] {processor.py:839} INFO - DAG(s) dict_keys(['example_trigger_target_dag']) retrieved from /home/phuc/Practice/DataScience/DSProject/venv/lib/python3.10/site-packages/airflow/example_dags/example_trigger_target_dag.py
[2023-12-17T08:32:45.780+0700] {logging_mixin.py:154} INFO - [2023-12-17T08:32:45.780+0700] {dag.py:2941} INFO - Sync 1 DAGs
[2023-12-17T08:32:45.786+0700] {logging_mixin.py:154} INFO - [2023-12-17T08:32:45.786+0700] {dag.py:3722} INFO - Setting next_dagrun for example_trigger_target_dag to None, run_after=None
[2023-12-17T08:32:45.796+0700] {processor.py:179} INFO - Processing /home/phuc/Practice/DataScience/DSProject/venv/lib/python3.10/site-packages/airflow/example_dags/example_trigger_target_dag.py took 0.038 seconds
[2023-12-17T08:33:28.088+0700] {processor.py:157} INFO - Started process (PID=323185) to work on /home/phuc/Practice/DataScience/DSProject/venv/lib/python3.10/site-packages/airflow/example_dags/example_trigger_target_dag.py
[2023-12-17T08:33:28.095+0700] {processor.py:829} INFO - Processing file /home/phuc/Practice/DataScience/DSProject/venv/lib/python3.10/site-packages/airflow/example_dags/example_trigger_target_dag.py for tasks to queue
[2023-12-17T08:33:28.096+0700] {logging_mixin.py:154} INFO - [2023-12-17T08:33:28.096+0700] {dagbag.py:536} INFO - Filling up the DagBag from /home/phuc/Practice/DataScience/DSProject/venv/lib/python3.10/site-packages/airflow/example_dags/example_trigger_target_dag.py
[2023-12-17T08:33:28.104+0700] {processor.py:839} INFO - DAG(s) dict_keys(['example_trigger_target_dag']) retrieved from /home/phuc/Practice/DataScience/DSProject/venv/lib/python3.10/site-packages/airflow/example_dags/example_trigger_target_dag.py
[2023-12-17T08:33:28.116+0700] {logging_mixin.py:154} INFO - [2023-12-17T08:33:28.116+0700] {dag.py:2941} INFO - Sync 1 DAGs
[2023-12-17T08:33:28.121+0700] {logging_mixin.py:154} INFO - [2023-12-17T08:33:28.121+0700] {dag.py:3722} INFO - Setting next_dagrun for example_trigger_target_dag to None, run_after=None
[2023-12-17T08:33:28.131+0700] {processor.py:179} INFO - Processing /home/phuc/Practice/DataScience/DSProject/venv/lib/python3.10/site-packages/airflow/example_dags/example_trigger_target_dag.py took 0.045 seconds
[2023-12-17T08:34:17.164+0700] {processor.py:157} INFO - Started process (PID=323536) to work on /home/phuc/Practice/DataScience/DSProject/venv/lib/python3.10/site-packages/airflow/example_dags/example_trigger_target_dag.py
[2023-12-17T08:34:17.171+0700] {processor.py:829} INFO - Processing file /home/phuc/Practice/DataScience/DSProject/venv/lib/python3.10/site-packages/airflow/example_dags/example_trigger_target_dag.py for tasks to queue
[2023-12-17T08:34:17.172+0700] {logging_mixin.py:154} INFO - [2023-12-17T08:34:17.172+0700] {dagbag.py:536} INFO - Filling up the DagBag from /home/phuc/Practice/DataScience/DSProject/venv/lib/python3.10/site-packages/airflow/example_dags/example_trigger_target_dag.py
[2023-12-17T08:34:17.180+0700] {processor.py:839} INFO - DAG(s) dict_keys(['example_trigger_target_dag']) retrieved from /home/phuc/Practice/DataScience/DSProject/venv/lib/python3.10/site-packages/airflow/example_dags/example_trigger_target_dag.py
[2023-12-17T08:34:17.192+0700] {logging_mixin.py:154} INFO - [2023-12-17T08:34:17.192+0700] {dag.py:2941} INFO - Sync 1 DAGs
[2023-12-17T08:34:17.197+0700] {logging_mixin.py:154} INFO - [2023-12-17T08:34:17.197+0700] {dag.py:3722} INFO - Setting next_dagrun for example_trigger_target_dag to None, run_after=None
[2023-12-17T08:34:17.206+0700] {processor.py:179} INFO - Processing /home/phuc/Practice/DataScience/DSProject/venv/lib/python3.10/site-packages/airflow/example_dags/example_trigger_target_dag.py took 0.046 seconds
[2023-12-17T08:34:53.216+0700] {processor.py:157} INFO - Started process (PID=323905) to work on /home/phuc/Practice/DataScience/DSProject/venv/lib/python3.10/site-packages/airflow/example_dags/example_trigger_target_dag.py
[2023-12-17T08:34:53.223+0700] {processor.py:829} INFO - Processing file /home/phuc/Practice/DataScience/DSProject/venv/lib/python3.10/site-packages/airflow/example_dags/example_trigger_target_dag.py for tasks to queue
[2023-12-17T08:34:53.223+0700] {logging_mixin.py:154} INFO - [2023-12-17T08:34:53.223+0700] {dagbag.py:536} INFO - Filling up the DagBag from /home/phuc/Practice/DataScience/DSProject/venv/lib/python3.10/site-packages/airflow/example_dags/example_trigger_target_dag.py
[2023-12-17T08:34:53.226+0700] {processor.py:839} INFO - DAG(s) dict_keys(['example_trigger_target_dag']) retrieved from /home/phuc/Practice/DataScience/DSProject/venv/lib/python3.10/site-packages/airflow/example_dags/example_trigger_target_dag.py
[2023-12-17T08:34:53.234+0700] {logging_mixin.py:154} INFO - [2023-12-17T08:34:53.234+0700] {dag.py:2941} INFO - Sync 1 DAGs
[2023-12-17T08:34:53.239+0700] {logging_mixin.py:154} INFO - [2023-12-17T08:34:53.239+0700] {dag.py:3722} INFO - Setting next_dagrun for example_trigger_target_dag to None, run_after=None
[2023-12-17T08:34:53.249+0700] {processor.py:179} INFO - Processing /home/phuc/Practice/DataScience/DSProject/venv/lib/python3.10/site-packages/airflow/example_dags/example_trigger_target_dag.py took 0.034 seconds
[2023-12-17T08:35:31.549+0700] {processor.py:157} INFO - Started process (PID=324118) to work on /home/phuc/Practice/DataScience/DSProject/venv/lib/python3.10/site-packages/airflow/example_dags/example_trigger_target_dag.py
[2023-12-17T08:35:31.557+0700] {processor.py:829} INFO - Processing file /home/phuc/Practice/DataScience/DSProject/venv/lib/python3.10/site-packages/airflow/example_dags/example_trigger_target_dag.py for tasks to queue
[2023-12-17T08:35:31.558+0700] {logging_mixin.py:154} INFO - [2023-12-17T08:35:31.558+0700] {dagbag.py:536} INFO - Filling up the DagBag from /home/phuc/Practice/DataScience/DSProject/venv/lib/python3.10/site-packages/airflow/example_dags/example_trigger_target_dag.py
[2023-12-17T08:35:31.566+0700] {processor.py:839} INFO - DAG(s) dict_keys(['example_trigger_target_dag']) retrieved from /home/phuc/Practice/DataScience/DSProject/venv/lib/python3.10/site-packages/airflow/example_dags/example_trigger_target_dag.py
[2023-12-17T08:35:31.577+0700] {logging_mixin.py:154} INFO - [2023-12-17T08:35:31.577+0700] {dag.py:2941} INFO - Sync 1 DAGs
[2023-12-17T08:35:31.584+0700] {logging_mixin.py:154} INFO - [2023-12-17T08:35:31.584+0700] {dag.py:3722} INFO - Setting next_dagrun for example_trigger_target_dag to None, run_after=None
[2023-12-17T08:35:31.596+0700] {processor.py:179} INFO - Processing /home/phuc/Practice/DataScience/DSProject/venv/lib/python3.10/site-packages/airflow/example_dags/example_trigger_target_dag.py took 0.049 seconds
