[2023-12-17T08:03:17.489+0700] {processor.py:157} INFO - Started process (PID=309697) to work on /home/phuc/Practice/DataScience/DSProject/venv/lib/python3.10/site-packages/airflow/example_dags/example_task_group.py
[2023-12-17T08:03:17.490+0700] {processor.py:829} INFO - Processing file /home/phuc/Practice/DataScience/DSProject/venv/lib/python3.10/site-packages/airflow/example_dags/example_task_group.py for tasks to queue
[2023-12-17T08:03:17.490+0700] {logging_mixin.py:154} INFO - [2023-12-17T08:03:17.490+0700] {dagbag.py:536} INFO - Filling up the DagBag from /home/phuc/Practice/DataScience/DSProject/venv/lib/python3.10/site-packages/airflow/example_dags/example_task_group.py
[2023-12-17T08:03:17.496+0700] {processor.py:839} INFO - DAG(s) dict_keys(['example_task_group']) retrieved from /home/phuc/Practice/DataScience/DSProject/venv/lib/python3.10/site-packages/airflow/example_dags/example_task_group.py
[2023-12-17T08:03:17.560+0700] {logging_mixin.py:154} INFO - [2023-12-17T08:03:17.559+0700] {manager.py:499} INFO - Created Permission View: %s
[2023-12-17T08:03:17.566+0700] {logging_mixin.py:154} INFO - [2023-12-17T08:03:17.566+0700] {manager.py:499} INFO - Created Permission View: %s
[2023-12-17T08:03:17.571+0700] {logging_mixin.py:154} INFO - [2023-12-17T08:03:17.571+0700] {manager.py:499} INFO - Created Permission View: %s
[2023-12-17T08:03:17.571+0700] {logging_mixin.py:154} INFO - [2023-12-17T08:03:17.571+0700] {dag.py:2941} INFO - Sync 1 DAGs
[2023-12-17T08:03:17.577+0700] {logging_mixin.py:154} INFO - [2023-12-17T08:03:17.576+0700] {dag.py:2963} INFO - Creating ORM DAG for example_task_group
[2023-12-17T08:03:17.581+0700] {logging_mixin.py:154} INFO - [2023-12-17T08:03:17.581+0700] {dag.py:3722} INFO - Setting next_dagrun for example_task_group to 2023-12-16T01:03:17.581427+00:00, run_after=2023-12-17T01:03:17.581427+00:00
[2023-12-17T08:03:17.592+0700] {processor.py:179} INFO - Processing /home/phuc/Practice/DataScience/DSProject/venv/lib/python3.10/site-packages/airflow/example_dags/example_task_group.py took 0.105 seconds
[2023-12-17T08:05:32.554+0700] {processor.py:157} INFO - Started process (PID=310930) to work on /home/phuc/Practice/DataScience/DSProject/venv/lib/python3.10/site-packages/airflow/example_dags/example_task_group.py
[2023-12-17T08:05:32.561+0700] {processor.py:829} INFO - Processing file /home/phuc/Practice/DataScience/DSProject/venv/lib/python3.10/site-packages/airflow/example_dags/example_task_group.py for tasks to queue
[2023-12-17T08:05:32.562+0700] {logging_mixin.py:154} INFO - [2023-12-17T08:05:32.561+0700] {dagbag.py:536} INFO - Filling up the DagBag from /home/phuc/Practice/DataScience/DSProject/venv/lib/python3.10/site-packages/airflow/example_dags/example_task_group.py
[2023-12-17T08:05:32.567+0700] {processor.py:839} INFO - DAG(s) dict_keys(['example_task_group']) retrieved from /home/phuc/Practice/DataScience/DSProject/venv/lib/python3.10/site-packages/airflow/example_dags/example_task_group.py
[2023-12-17T08:05:32.581+0700] {logging_mixin.py:154} INFO - [2023-12-17T08:05:32.581+0700] {dag.py:2941} INFO - Sync 1 DAGs
[2023-12-17T08:05:32.594+0700] {logging_mixin.py:154} INFO - [2023-12-17T08:05:32.593+0700] {dag.py:3722} INFO - Setting next_dagrun for example_task_group to 2023-12-16T01:05:32.593660+00:00, run_after=2023-12-17T01:05:32.593660+00:00
[2023-12-17T08:05:32.607+0700] {processor.py:179} INFO - Processing /home/phuc/Practice/DataScience/DSProject/venv/lib/python3.10/site-packages/airflow/example_dags/example_task_group.py took 0.056 seconds
[2023-12-17T08:06:20.053+0700] {processor.py:157} INFO - Started process (PID=311429) to work on /home/phuc/Practice/DataScience/DSProject/venv/lib/python3.10/site-packages/airflow/example_dags/example_task_group.py
[2023-12-17T08:06:20.060+0700] {processor.py:829} INFO - Processing file /home/phuc/Practice/DataScience/DSProject/venv/lib/python3.10/site-packages/airflow/example_dags/example_task_group.py for tasks to queue
[2023-12-17T08:06:20.061+0700] {logging_mixin.py:154} INFO - [2023-12-17T08:06:20.061+0700] {dagbag.py:536} INFO - Filling up the DagBag from /home/phuc/Practice/DataScience/DSProject/venv/lib/python3.10/site-packages/airflow/example_dags/example_task_group.py
[2023-12-17T08:06:20.068+0700] {processor.py:839} INFO - DAG(s) dict_keys(['example_task_group']) retrieved from /home/phuc/Practice/DataScience/DSProject/venv/lib/python3.10/site-packages/airflow/example_dags/example_task_group.py
[2023-12-17T08:06:20.081+0700] {logging_mixin.py:154} INFO - [2023-12-17T08:06:20.081+0700] {dag.py:2941} INFO - Sync 1 DAGs
[2023-12-17T08:06:20.094+0700] {logging_mixin.py:154} INFO - [2023-12-17T08:06:20.093+0700] {dag.py:3722} INFO - Setting next_dagrun for example_task_group to 2023-12-16T01:06:20.093588+00:00, run_after=2023-12-17T01:06:20.093588+00:00
[2023-12-17T08:06:20.109+0700] {processor.py:179} INFO - Processing /home/phuc/Practice/DataScience/DSProject/venv/lib/python3.10/site-packages/airflow/example_dags/example_task_group.py took 0.058 seconds
[2023-12-17T08:07:07.590+0700] {processor.py:157} INFO - Started process (PID=311922) to work on /home/phuc/Practice/DataScience/DSProject/venv/lib/python3.10/site-packages/airflow/example_dags/example_task_group.py
[2023-12-17T08:07:07.597+0700] {processor.py:829} INFO - Processing file /home/phuc/Practice/DataScience/DSProject/venv/lib/python3.10/site-packages/airflow/example_dags/example_task_group.py for tasks to queue
[2023-12-17T08:07:07.598+0700] {logging_mixin.py:154} INFO - [2023-12-17T08:07:07.597+0700] {dagbag.py:536} INFO - Filling up the DagBag from /home/phuc/Practice/DataScience/DSProject/venv/lib/python3.10/site-packages/airflow/example_dags/example_task_group.py
[2023-12-17T08:07:07.603+0700] {processor.py:839} INFO - DAG(s) dict_keys(['example_task_group']) retrieved from /home/phuc/Practice/DataScience/DSProject/venv/lib/python3.10/site-packages/airflow/example_dags/example_task_group.py
[2023-12-17T08:07:07.616+0700] {logging_mixin.py:154} INFO - [2023-12-17T08:07:07.616+0700] {dag.py:2941} INFO - Sync 1 DAGs
[2023-12-17T08:07:07.630+0700] {logging_mixin.py:154} INFO - [2023-12-17T08:07:07.629+0700] {dag.py:3722} INFO - Setting next_dagrun for example_task_group to 2023-12-16T01:07:07.629821+00:00, run_after=2023-12-17T01:07:07.629821+00:00
[2023-12-17T08:07:07.646+0700] {processor.py:179} INFO - Processing /home/phuc/Practice/DataScience/DSProject/venv/lib/python3.10/site-packages/airflow/example_dags/example_task_group.py took 0.058 seconds
[2023-12-17T08:08:30.086+0700] {processor.py:157} INFO - Started process (PID=313089) to work on /home/phuc/Practice/DataScience/DSProject/venv/lib/python3.10/site-packages/airflow/example_dags/example_task_group.py
[2023-12-17T08:08:30.093+0700] {processor.py:829} INFO - Processing file /home/phuc/Practice/DataScience/DSProject/venv/lib/python3.10/site-packages/airflow/example_dags/example_task_group.py for tasks to queue
[2023-12-17T08:08:30.094+0700] {logging_mixin.py:154} INFO - [2023-12-17T08:08:30.094+0700] {dagbag.py:536} INFO - Filling up the DagBag from /home/phuc/Practice/DataScience/DSProject/venv/lib/python3.10/site-packages/airflow/example_dags/example_task_group.py
[2023-12-17T08:08:30.105+0700] {processor.py:839} INFO - DAG(s) dict_keys(['example_task_group']) retrieved from /home/phuc/Practice/DataScience/DSProject/venv/lib/python3.10/site-packages/airflow/example_dags/example_task_group.py
[2023-12-17T08:08:30.116+0700] {logging_mixin.py:154} INFO - [2023-12-17T08:08:30.116+0700] {dag.py:2941} INFO - Sync 1 DAGs
[2023-12-17T08:08:30.126+0700] {logging_mixin.py:154} INFO - [2023-12-17T08:08:30.125+0700] {dag.py:3722} INFO - Setting next_dagrun for example_task_group to 2023-12-16T01:08:30.125826+00:00, run_after=2023-12-17T01:08:30.125826+00:00
[2023-12-17T08:08:30.142+0700] {processor.py:179} INFO - Processing /home/phuc/Practice/DataScience/DSProject/venv/lib/python3.10/site-packages/airflow/example_dags/example_task_group.py took 0.059 seconds
[2023-12-17T08:09:16.833+0700] {processor.py:157} INFO - Started process (PID=313424) to work on /home/phuc/Practice/DataScience/DSProject/venv/lib/python3.10/site-packages/airflow/example_dags/example_task_group.py
[2023-12-17T08:09:16.840+0700] {processor.py:829} INFO - Processing file /home/phuc/Practice/DataScience/DSProject/venv/lib/python3.10/site-packages/airflow/example_dags/example_task_group.py for tasks to queue
[2023-12-17T08:09:16.841+0700] {logging_mixin.py:154} INFO - [2023-12-17T08:09:16.841+0700] {dagbag.py:536} INFO - Filling up the DagBag from /home/phuc/Practice/DataScience/DSProject/venv/lib/python3.10/site-packages/airflow/example_dags/example_task_group.py
[2023-12-17T08:09:16.851+0700] {processor.py:839} INFO - DAG(s) dict_keys(['example_task_group']) retrieved from /home/phuc/Practice/DataScience/DSProject/venv/lib/python3.10/site-packages/airflow/example_dags/example_task_group.py
[2023-12-17T08:09:16.863+0700] {logging_mixin.py:154} INFO - [2023-12-17T08:09:16.863+0700] {dag.py:2941} INFO - Sync 1 DAGs
[2023-12-17T08:09:16.872+0700] {logging_mixin.py:154} INFO - [2023-12-17T08:09:16.872+0700] {dag.py:3722} INFO - Setting next_dagrun for example_task_group to 2023-12-16T01:09:16.872132+00:00, run_after=2023-12-17T01:09:16.872132+00:00
[2023-12-17T08:09:16.884+0700] {processor.py:179} INFO - Processing /home/phuc/Practice/DataScience/DSProject/venv/lib/python3.10/site-packages/airflow/example_dags/example_task_group.py took 0.055 seconds
[2023-12-17T08:10:05.073+0700] {processor.py:157} INFO - Started process (PID=313774) to work on /home/phuc/Practice/DataScience/DSProject/venv/lib/python3.10/site-packages/airflow/example_dags/example_task_group.py
[2023-12-17T08:10:05.081+0700] {processor.py:829} INFO - Processing file /home/phuc/Practice/DataScience/DSProject/venv/lib/python3.10/site-packages/airflow/example_dags/example_task_group.py for tasks to queue
[2023-12-17T08:10:05.082+0700] {logging_mixin.py:154} INFO - [2023-12-17T08:10:05.081+0700] {dagbag.py:536} INFO - Filling up the DagBag from /home/phuc/Practice/DataScience/DSProject/venv/lib/python3.10/site-packages/airflow/example_dags/example_task_group.py
[2023-12-17T08:10:05.088+0700] {processor.py:839} INFO - DAG(s) dict_keys(['example_task_group']) retrieved from /home/phuc/Practice/DataScience/DSProject/venv/lib/python3.10/site-packages/airflow/example_dags/example_task_group.py
[2023-12-17T08:10:05.098+0700] {logging_mixin.py:154} INFO - [2023-12-17T08:10:05.098+0700] {dag.py:2941} INFO - Sync 1 DAGs
[2023-12-17T08:10:05.107+0700] {logging_mixin.py:154} INFO - [2023-12-17T08:10:05.107+0700] {dag.py:3722} INFO - Setting next_dagrun for example_task_group to 2023-12-16T01:10:05.107100+00:00, run_after=2023-12-17T01:10:05.107100+00:00
[2023-12-17T08:10:05.119+0700] {processor.py:179} INFO - Processing /home/phuc/Practice/DataScience/DSProject/venv/lib/python3.10/site-packages/airflow/example_dags/example_task_group.py took 0.048 seconds
[2023-12-17T08:10:42.542+0700] {processor.py:157} INFO - Started process (PID=313927) to work on /home/phuc/Practice/DataScience/DSProject/venv/lib/python3.10/site-packages/airflow/example_dags/example_task_group.py
[2023-12-17T08:10:42.548+0700] {processor.py:829} INFO - Processing file /home/phuc/Practice/DataScience/DSProject/venv/lib/python3.10/site-packages/airflow/example_dags/example_task_group.py for tasks to queue
[2023-12-17T08:10:42.550+0700] {logging_mixin.py:154} INFO - [2023-12-17T08:10:42.549+0700] {dagbag.py:536} INFO - Filling up the DagBag from /home/phuc/Practice/DataScience/DSProject/venv/lib/python3.10/site-packages/airflow/example_dags/example_task_group.py
[2023-12-17T08:10:42.560+0700] {processor.py:839} INFO - DAG(s) dict_keys(['example_task_group']) retrieved from /home/phuc/Practice/DataScience/DSProject/venv/lib/python3.10/site-packages/airflow/example_dags/example_task_group.py
[2023-12-17T08:10:42.571+0700] {logging_mixin.py:154} INFO - [2023-12-17T08:10:42.571+0700] {dag.py:2941} INFO - Sync 1 DAGs
[2023-12-17T08:10:42.584+0700] {logging_mixin.py:154} INFO - [2023-12-17T08:10:42.584+0700] {dag.py:3722} INFO - Setting next_dagrun for example_task_group to 2023-12-16T01:10:42.583990+00:00, run_after=2023-12-17T01:10:42.583990+00:00
[2023-12-17T08:10:42.601+0700] {processor.py:179} INFO - Processing /home/phuc/Practice/DataScience/DSProject/venv/lib/python3.10/site-packages/airflow/example_dags/example_task_group.py took 0.062 seconds
[2023-12-17T08:11:30.028+0700] {processor.py:157} INFO - Started process (PID=314145) to work on /home/phuc/Practice/DataScience/DSProject/venv/lib/python3.10/site-packages/airflow/example_dags/example_task_group.py
[2023-12-17T08:11:30.028+0700] {processor.py:829} INFO - Processing file /home/phuc/Practice/DataScience/DSProject/venv/lib/python3.10/site-packages/airflow/example_dags/example_task_group.py for tasks to queue
[2023-12-17T08:11:30.029+0700] {logging_mixin.py:154} INFO - [2023-12-17T08:11:30.029+0700] {dagbag.py:536} INFO - Filling up the DagBag from /home/phuc/Practice/DataScience/DSProject/venv/lib/python3.10/site-packages/airflow/example_dags/example_task_group.py
[2023-12-17T08:11:30.033+0700] {processor.py:839} INFO - DAG(s) dict_keys(['example_task_group']) retrieved from /home/phuc/Practice/DataScience/DSProject/venv/lib/python3.10/site-packages/airflow/example_dags/example_task_group.py
[2023-12-17T08:11:30.045+0700] {logging_mixin.py:154} INFO - [2023-12-17T08:11:30.044+0700] {dag.py:2941} INFO - Sync 1 DAGs
[2023-12-17T08:11:30.054+0700] {logging_mixin.py:154} INFO - [2023-12-17T08:11:30.053+0700] {dag.py:3722} INFO - Setting next_dagrun for example_task_group to 2023-12-16T01:11:30.053783+00:00, run_after=2023-12-17T01:11:30.053783+00:00
[2023-12-17T08:11:30.065+0700] {processor.py:179} INFO - Processing /home/phuc/Practice/DataScience/DSProject/venv/lib/python3.10/site-packages/airflow/example_dags/example_task_group.py took 0.040 seconds
[2023-12-17T08:12:21.546+0700] {processor.py:157} INFO - Started process (PID=314405) to work on /home/phuc/Practice/DataScience/DSProject/venv/lib/python3.10/site-packages/airflow/example_dags/example_task_group.py
[2023-12-17T08:12:21.553+0700] {processor.py:829} INFO - Processing file /home/phuc/Practice/DataScience/DSProject/venv/lib/python3.10/site-packages/airflow/example_dags/example_task_group.py for tasks to queue
[2023-12-17T08:12:21.554+0700] {logging_mixin.py:154} INFO - [2023-12-17T08:12:21.553+0700] {dagbag.py:536} INFO - Filling up the DagBag from /home/phuc/Practice/DataScience/DSProject/venv/lib/python3.10/site-packages/airflow/example_dags/example_task_group.py
[2023-12-17T08:12:21.564+0700] {processor.py:839} INFO - DAG(s) dict_keys(['example_task_group']) retrieved from /home/phuc/Practice/DataScience/DSProject/venv/lib/python3.10/site-packages/airflow/example_dags/example_task_group.py
[2023-12-17T08:12:21.576+0700] {logging_mixin.py:154} INFO - [2023-12-17T08:12:21.576+0700] {dag.py:2941} INFO - Sync 1 DAGs
[2023-12-17T08:12:21.589+0700] {logging_mixin.py:154} INFO - [2023-12-17T08:12:21.589+0700] {dag.py:3722} INFO - Setting next_dagrun for example_task_group to 2023-12-16T01:12:21.589585+00:00, run_after=2023-12-17T01:12:21.589585+00:00
[2023-12-17T08:12:21.601+0700] {processor.py:179} INFO - Processing /home/phuc/Practice/DataScience/DSProject/venv/lib/python3.10/site-packages/airflow/example_dags/example_task_group.py took 0.058 seconds
[2023-12-17T08:13:09.400+0700] {processor.py:157} INFO - Started process (PID=314611) to work on /home/phuc/Practice/DataScience/DSProject/venv/lib/python3.10/site-packages/airflow/example_dags/example_task_group.py
[2023-12-17T08:13:09.407+0700] {processor.py:829} INFO - Processing file /home/phuc/Practice/DataScience/DSProject/venv/lib/python3.10/site-packages/airflow/example_dags/example_task_group.py for tasks to queue
[2023-12-17T08:13:09.408+0700] {logging_mixin.py:154} INFO - [2023-12-17T08:13:09.408+0700] {dagbag.py:536} INFO - Filling up the DagBag from /home/phuc/Practice/DataScience/DSProject/venv/lib/python3.10/site-packages/airflow/example_dags/example_task_group.py
[2023-12-17T08:13:09.415+0700] {processor.py:839} INFO - DAG(s) dict_keys(['example_task_group']) retrieved from /home/phuc/Practice/DataScience/DSProject/venv/lib/python3.10/site-packages/airflow/example_dags/example_task_group.py
[2023-12-17T08:13:09.428+0700] {logging_mixin.py:154} INFO - [2023-12-17T08:13:09.428+0700] {dag.py:2941} INFO - Sync 1 DAGs
[2023-12-17T08:13:09.440+0700] {logging_mixin.py:154} INFO - [2023-12-17T08:13:09.440+0700] {dag.py:3722} INFO - Setting next_dagrun for example_task_group to 2023-12-16T01:13:09.440606+00:00, run_after=2023-12-17T01:13:09.440606+00:00
[2023-12-17T08:13:09.455+0700] {processor.py:179} INFO - Processing /home/phuc/Practice/DataScience/DSProject/venv/lib/python3.10/site-packages/airflow/example_dags/example_task_group.py took 0.059 seconds
[2023-12-17T08:13:54.128+0700] {processor.py:157} INFO - Started process (PID=314872) to work on /home/phuc/Practice/DataScience/DSProject/venv/lib/python3.10/site-packages/airflow/example_dags/example_task_group.py
[2023-12-17T08:13:54.135+0700] {processor.py:829} INFO - Processing file /home/phuc/Practice/DataScience/DSProject/venv/lib/python3.10/site-packages/airflow/example_dags/example_task_group.py for tasks to queue
[2023-12-17T08:13:54.136+0700] {logging_mixin.py:154} INFO - [2023-12-17T08:13:54.136+0700] {dagbag.py:536} INFO - Filling up the DagBag from /home/phuc/Practice/DataScience/DSProject/venv/lib/python3.10/site-packages/airflow/example_dags/example_task_group.py
[2023-12-17T08:13:54.146+0700] {processor.py:839} INFO - DAG(s) dict_keys(['example_task_group']) retrieved from /home/phuc/Practice/DataScience/DSProject/venv/lib/python3.10/site-packages/airflow/example_dags/example_task_group.py
[2023-12-17T08:13:54.159+0700] {logging_mixin.py:154} INFO - [2023-12-17T08:13:54.159+0700] {dag.py:2941} INFO - Sync 1 DAGs
[2023-12-17T08:13:54.170+0700] {logging_mixin.py:154} INFO - [2023-12-17T08:13:54.170+0700] {dag.py:3722} INFO - Setting next_dagrun for example_task_group to 2023-12-16T01:13:54.169951+00:00, run_after=2023-12-17T01:13:54.169951+00:00
[2023-12-17T08:13:54.182+0700] {processor.py:179} INFO - Processing /home/phuc/Practice/DataScience/DSProject/venv/lib/python3.10/site-packages/airflow/example_dags/example_task_group.py took 0.058 seconds
[2023-12-17T08:14:45.571+0700] {processor.py:157} INFO - Started process (PID=315093) to work on /home/phuc/Practice/DataScience/DSProject/venv/lib/python3.10/site-packages/airflow/example_dags/example_task_group.py
[2023-12-17T08:14:45.571+0700] {processor.py:829} INFO - Processing file /home/phuc/Practice/DataScience/DSProject/venv/lib/python3.10/site-packages/airflow/example_dags/example_task_group.py for tasks to queue
[2023-12-17T08:14:45.572+0700] {logging_mixin.py:154} INFO - [2023-12-17T08:14:45.571+0700] {dagbag.py:536} INFO - Filling up the DagBag from /home/phuc/Practice/DataScience/DSProject/venv/lib/python3.10/site-packages/airflow/example_dags/example_task_group.py
[2023-12-17T08:14:45.576+0700] {processor.py:839} INFO - DAG(s) dict_keys(['example_task_group']) retrieved from /home/phuc/Practice/DataScience/DSProject/venv/lib/python3.10/site-packages/airflow/example_dags/example_task_group.py
[2023-12-17T08:14:45.585+0700] {logging_mixin.py:154} INFO - [2023-12-17T08:14:45.585+0700] {dag.py:2941} INFO - Sync 1 DAGs
[2023-12-17T08:14:45.595+0700] {logging_mixin.py:154} INFO - [2023-12-17T08:14:45.595+0700] {dag.py:3722} INFO - Setting next_dagrun for example_task_group to 2023-12-16T01:14:45.594974+00:00, run_after=2023-12-17T01:14:45.594974+00:00
[2023-12-17T08:14:45.609+0700] {processor.py:179} INFO - Processing /home/phuc/Practice/DataScience/DSProject/venv/lib/python3.10/site-packages/airflow/example_dags/example_task_group.py took 0.040 seconds
[2023-12-17T08:15:23.836+0700] {processor.py:157} INFO - Started process (PID=315271) to work on /home/phuc/Practice/DataScience/DSProject/venv/lib/python3.10/site-packages/airflow/example_dags/example_task_group.py
[2023-12-17T08:15:23.843+0700] {processor.py:829} INFO - Processing file /home/phuc/Practice/DataScience/DSProject/venv/lib/python3.10/site-packages/airflow/example_dags/example_task_group.py for tasks to queue
[2023-12-17T08:15:23.844+0700] {logging_mixin.py:154} INFO - [2023-12-17T08:15:23.844+0700] {dagbag.py:536} INFO - Filling up the DagBag from /home/phuc/Practice/DataScience/DSProject/venv/lib/python3.10/site-packages/airflow/example_dags/example_task_group.py
[2023-12-17T08:15:23.855+0700] {processor.py:839} INFO - DAG(s) dict_keys(['example_task_group']) retrieved from /home/phuc/Practice/DataScience/DSProject/venv/lib/python3.10/site-packages/airflow/example_dags/example_task_group.py
[2023-12-17T08:15:23.866+0700] {logging_mixin.py:154} INFO - [2023-12-17T08:15:23.866+0700] {dag.py:2941} INFO - Sync 1 DAGs
[2023-12-17T08:15:23.876+0700] {logging_mixin.py:154} INFO - [2023-12-17T08:15:23.876+0700] {dag.py:3722} INFO - Setting next_dagrun for example_task_group to 2023-12-16T01:15:23.875882+00:00, run_after=2023-12-17T01:15:23.875882+00:00
[2023-12-17T08:15:23.888+0700] {processor.py:179} INFO - Processing /home/phuc/Practice/DataScience/DSProject/venv/lib/python3.10/site-packages/airflow/example_dags/example_task_group.py took 0.054 seconds
[2023-12-17T08:16:14.856+0700] {processor.py:157} INFO - Started process (PID=315588) to work on /home/phuc/Practice/DataScience/DSProject/venv/lib/python3.10/site-packages/airflow/example_dags/example_task_group.py
[2023-12-17T08:16:14.863+0700] {processor.py:829} INFO - Processing file /home/phuc/Practice/DataScience/DSProject/venv/lib/python3.10/site-packages/airflow/example_dags/example_task_group.py for tasks to queue
[2023-12-17T08:16:14.864+0700] {logging_mixin.py:154} INFO - [2023-12-17T08:16:14.863+0700] {dagbag.py:536} INFO - Filling up the DagBag from /home/phuc/Practice/DataScience/DSProject/venv/lib/python3.10/site-packages/airflow/example_dags/example_task_group.py
[2023-12-17T08:16:14.870+0700] {processor.py:839} INFO - DAG(s) dict_keys(['example_task_group']) retrieved from /home/phuc/Practice/DataScience/DSProject/venv/lib/python3.10/site-packages/airflow/example_dags/example_task_group.py
[2023-12-17T08:16:14.886+0700] {logging_mixin.py:154} INFO - [2023-12-17T08:16:14.886+0700] {dag.py:2941} INFO - Sync 1 DAGs
[2023-12-17T08:16:14.904+0700] {logging_mixin.py:154} INFO - [2023-12-17T08:16:14.904+0700] {dag.py:3722} INFO - Setting next_dagrun for example_task_group to 2023-12-16T01:16:14.904403+00:00, run_after=2023-12-17T01:16:14.904403+00:00
[2023-12-17T08:16:14.924+0700] {processor.py:179} INFO - Processing /home/phuc/Practice/DataScience/DSProject/venv/lib/python3.10/site-packages/airflow/example_dags/example_task_group.py took 0.070 seconds
[2023-12-17T08:17:50.017+0700] {processor.py:157} INFO - Started process (PID=316394) to work on /home/phuc/Practice/DataScience/DSProject/venv/lib/python3.10/site-packages/airflow/example_dags/example_task_group.py
[2023-12-17T08:17:50.024+0700] {processor.py:829} INFO - Processing file /home/phuc/Practice/DataScience/DSProject/venv/lib/python3.10/site-packages/airflow/example_dags/example_task_group.py for tasks to queue
[2023-12-17T08:17:50.025+0700] {logging_mixin.py:154} INFO - [2023-12-17T08:17:50.025+0700] {dagbag.py:536} INFO - Filling up the DagBag from /home/phuc/Practice/DataScience/DSProject/venv/lib/python3.10/site-packages/airflow/example_dags/example_task_group.py
[2023-12-17T08:17:50.030+0700] {processor.py:839} INFO - DAG(s) dict_keys(['example_task_group']) retrieved from /home/phuc/Practice/DataScience/DSProject/venv/lib/python3.10/site-packages/airflow/example_dags/example_task_group.py
[2023-12-17T08:17:50.044+0700] {logging_mixin.py:154} INFO - [2023-12-17T08:17:50.044+0700] {dag.py:2941} INFO - Sync 1 DAGs
[2023-12-17T08:17:50.055+0700] {logging_mixin.py:154} INFO - [2023-12-17T08:17:50.055+0700] {dag.py:3722} INFO - Setting next_dagrun for example_task_group to 2023-12-16T01:17:50.054974+00:00, run_after=2023-12-17T01:17:50.054974+00:00
[2023-12-17T08:17:50.067+0700] {processor.py:179} INFO - Processing /home/phuc/Practice/DataScience/DSProject/venv/lib/python3.10/site-packages/airflow/example_dags/example_task_group.py took 0.052 seconds
[2023-12-17T08:18:35.469+0700] {processor.py:157} INFO - Started process (PID=316656) to work on /home/phuc/Practice/DataScience/DSProject/venv/lib/python3.10/site-packages/airflow/example_dags/example_task_group.py
[2023-12-17T08:18:35.476+0700] {processor.py:829} INFO - Processing file /home/phuc/Practice/DataScience/DSProject/venv/lib/python3.10/site-packages/airflow/example_dags/example_task_group.py for tasks to queue
[2023-12-17T08:18:35.477+0700] {logging_mixin.py:154} INFO - [2023-12-17T08:18:35.477+0700] {dagbag.py:536} INFO - Filling up the DagBag from /home/phuc/Practice/DataScience/DSProject/venv/lib/python3.10/site-packages/airflow/example_dags/example_task_group.py
[2023-12-17T08:18:35.483+0700] {processor.py:839} INFO - DAG(s) dict_keys(['example_task_group']) retrieved from /home/phuc/Practice/DataScience/DSProject/venv/lib/python3.10/site-packages/airflow/example_dags/example_task_group.py
[2023-12-17T08:18:35.495+0700] {logging_mixin.py:154} INFO - [2023-12-17T08:18:35.495+0700] {dag.py:2941} INFO - Sync 1 DAGs
[2023-12-17T08:18:35.508+0700] {logging_mixin.py:154} INFO - [2023-12-17T08:18:35.508+0700] {dag.py:3722} INFO - Setting next_dagrun for example_task_group to 2023-12-16T01:18:35.508557+00:00, run_after=2023-12-17T01:18:35.508557+00:00
[2023-12-17T08:18:35.523+0700] {processor.py:179} INFO - Processing /home/phuc/Practice/DataScience/DSProject/venv/lib/python3.10/site-packages/airflow/example_dags/example_task_group.py took 0.056 seconds
[2023-12-17T08:19:24.940+0700] {processor.py:157} INFO - Started process (PID=317179) to work on /home/phuc/Practice/DataScience/DSProject/venv/lib/python3.10/site-packages/airflow/example_dags/example_task_group.py
[2023-12-17T08:19:24.947+0700] {processor.py:829} INFO - Processing file /home/phuc/Practice/DataScience/DSProject/venv/lib/python3.10/site-packages/airflow/example_dags/example_task_group.py for tasks to queue
[2023-12-17T08:19:24.948+0700] {logging_mixin.py:154} INFO - [2023-12-17T08:19:24.947+0700] {dagbag.py:536} INFO - Filling up the DagBag from /home/phuc/Practice/DataScience/DSProject/venv/lib/python3.10/site-packages/airflow/example_dags/example_task_group.py
[2023-12-17T08:19:24.954+0700] {processor.py:839} INFO - DAG(s) dict_keys(['example_task_group']) retrieved from /home/phuc/Practice/DataScience/DSProject/venv/lib/python3.10/site-packages/airflow/example_dags/example_task_group.py
[2023-12-17T08:19:24.967+0700] {logging_mixin.py:154} INFO - [2023-12-17T08:19:24.967+0700] {dag.py:2941} INFO - Sync 1 DAGs
[2023-12-17T08:19:24.980+0700] {logging_mixin.py:154} INFO - [2023-12-17T08:19:24.980+0700] {dag.py:3722} INFO - Setting next_dagrun for example_task_group to 2023-12-16T01:19:24.980420+00:00, run_after=2023-12-17T01:19:24.980420+00:00
[2023-12-17T08:19:24.996+0700] {processor.py:179} INFO - Processing /home/phuc/Practice/DataScience/DSProject/venv/lib/python3.10/site-packages/airflow/example_dags/example_task_group.py took 0.058 seconds
[2023-12-17T08:20:16.520+0700] {processor.py:157} INFO - Started process (PID=317711) to work on /home/phuc/Practice/DataScience/DSProject/venv/lib/python3.10/site-packages/airflow/example_dags/example_task_group.py
[2023-12-17T08:20:16.521+0700] {processor.py:829} INFO - Processing file /home/phuc/Practice/DataScience/DSProject/venv/lib/python3.10/site-packages/airflow/example_dags/example_task_group.py for tasks to queue
[2023-12-17T08:20:16.522+0700] {logging_mixin.py:154} INFO - [2023-12-17T08:20:16.521+0700] {dagbag.py:536} INFO - Filling up the DagBag from /home/phuc/Practice/DataScience/DSProject/venv/lib/python3.10/site-packages/airflow/example_dags/example_task_group.py
[2023-12-17T08:20:16.527+0700] {processor.py:839} INFO - DAG(s) dict_keys(['example_task_group']) retrieved from /home/phuc/Practice/DataScience/DSProject/venv/lib/python3.10/site-packages/airflow/example_dags/example_task_group.py
[2023-12-17T08:20:16.540+0700] {logging_mixin.py:154} INFO - [2023-12-17T08:20:16.540+0700] {dag.py:2941} INFO - Sync 1 DAGs
[2023-12-17T08:20:16.553+0700] {logging_mixin.py:154} INFO - [2023-12-17T08:20:16.553+0700] {dag.py:3722} INFO - Setting next_dagrun for example_task_group to 2023-12-16T01:20:16.553225+00:00, run_after=2023-12-17T01:20:16.553225+00:00
[2023-12-17T08:20:16.568+0700] {processor.py:179} INFO - Processing /home/phuc/Practice/DataScience/DSProject/venv/lib/python3.10/site-packages/airflow/example_dags/example_task_group.py took 0.049 seconds
[2023-12-17T08:22:00.193+0700] {processor.py:157} INFO - Started process (PID=318771) to work on /home/phuc/Practice/DataScience/DSProject/venv/lib/python3.10/site-packages/airflow/example_dags/example_task_group.py
[2023-12-17T08:22:00.200+0700] {processor.py:829} INFO - Processing file /home/phuc/Practice/DataScience/DSProject/venv/lib/python3.10/site-packages/airflow/example_dags/example_task_group.py for tasks to queue
[2023-12-17T08:22:00.201+0700] {logging_mixin.py:154} INFO - [2023-12-17T08:22:00.200+0700] {dagbag.py:536} INFO - Filling up the DagBag from /home/phuc/Practice/DataScience/DSProject/venv/lib/python3.10/site-packages/airflow/example_dags/example_task_group.py
[2023-12-17T08:22:00.209+0700] {processor.py:839} INFO - DAG(s) dict_keys(['example_task_group']) retrieved from /home/phuc/Practice/DataScience/DSProject/venv/lib/python3.10/site-packages/airflow/example_dags/example_task_group.py
[2023-12-17T08:22:00.225+0700] {logging_mixin.py:154} INFO - [2023-12-17T08:22:00.225+0700] {dag.py:2941} INFO - Sync 1 DAGs
[2023-12-17T08:22:00.240+0700] {logging_mixin.py:154} INFO - [2023-12-17T08:22:00.240+0700] {dag.py:3722} INFO - Setting next_dagrun for example_task_group to 2023-12-16T01:22:00.240418+00:00, run_after=2023-12-17T01:22:00.240418+00:00
[2023-12-17T08:22:00.257+0700] {processor.py:179} INFO - Processing /home/phuc/Practice/DataScience/DSProject/venv/lib/python3.10/site-packages/airflow/example_dags/example_task_group.py took 0.066 seconds
[2023-12-17T08:23:35.941+0700] {processor.py:157} INFO - Started process (PID=319533) to work on /home/phuc/Practice/DataScience/DSProject/venv/lib/python3.10/site-packages/airflow/example_dags/example_task_group.py
[2023-12-17T08:23:35.947+0700] {processor.py:829} INFO - Processing file /home/phuc/Practice/DataScience/DSProject/venv/lib/python3.10/site-packages/airflow/example_dags/example_task_group.py for tasks to queue
[2023-12-17T08:23:35.948+0700] {logging_mixin.py:154} INFO - [2023-12-17T08:23:35.948+0700] {dagbag.py:536} INFO - Filling up the DagBag from /home/phuc/Practice/DataScience/DSProject/venv/lib/python3.10/site-packages/airflow/example_dags/example_task_group.py
[2023-12-17T08:23:35.954+0700] {processor.py:839} INFO - DAG(s) dict_keys(['example_task_group']) retrieved from /home/phuc/Practice/DataScience/DSProject/venv/lib/python3.10/site-packages/airflow/example_dags/example_task_group.py
[2023-12-17T08:23:35.968+0700] {logging_mixin.py:154} INFO - [2023-12-17T08:23:35.968+0700] {dag.py:2941} INFO - Sync 1 DAGs
[2023-12-17T08:23:35.982+0700] {logging_mixin.py:154} INFO - [2023-12-17T08:23:35.982+0700] {dag.py:3722} INFO - Setting next_dagrun for example_task_group to 2023-12-16T01:23:35.982590+00:00, run_after=2023-12-17T01:23:35.982590+00:00
[2023-12-17T08:23:35.999+0700] {processor.py:179} INFO - Processing /home/phuc/Practice/DataScience/DSProject/venv/lib/python3.10/site-packages/airflow/example_dags/example_task_group.py took 0.061 seconds
[2023-12-17T08:24:23.259+0700] {processor.py:157} INFO - Started process (PID=319807) to work on /home/phuc/Practice/DataScience/DSProject/venv/lib/python3.10/site-packages/airflow/example_dags/example_task_group.py
[2023-12-17T08:24:23.266+0700] {processor.py:829} INFO - Processing file /home/phuc/Practice/DataScience/DSProject/venv/lib/python3.10/site-packages/airflow/example_dags/example_task_group.py for tasks to queue
[2023-12-17T08:24:23.268+0700] {logging_mixin.py:154} INFO - [2023-12-17T08:24:23.267+0700] {dagbag.py:536} INFO - Filling up the DagBag from /home/phuc/Practice/DataScience/DSProject/venv/lib/python3.10/site-packages/airflow/example_dags/example_task_group.py
[2023-12-17T08:24:23.278+0700] {processor.py:839} INFO - DAG(s) dict_keys(['example_task_group']) retrieved from /home/phuc/Practice/DataScience/DSProject/venv/lib/python3.10/site-packages/airflow/example_dags/example_task_group.py
[2023-12-17T08:24:23.290+0700] {logging_mixin.py:154} INFO - [2023-12-17T08:24:23.290+0700] {dag.py:2941} INFO - Sync 1 DAGs
[2023-12-17T08:24:23.301+0700] {logging_mixin.py:154} INFO - [2023-12-17T08:24:23.301+0700] {dag.py:3722} INFO - Setting next_dagrun for example_task_group to 2023-12-16T01:24:23.300874+00:00, run_after=2023-12-17T01:24:23.300874+00:00
[2023-12-17T08:24:23.312+0700] {processor.py:179} INFO - Processing /home/phuc/Practice/DataScience/DSProject/venv/lib/python3.10/site-packages/airflow/example_dags/example_task_group.py took 0.056 seconds
[2023-12-17T08:25:04.546+0700] {processor.py:157} INFO - Started process (PID=319989) to work on /home/phuc/Practice/DataScience/DSProject/venv/lib/python3.10/site-packages/airflow/example_dags/example_task_group.py
[2023-12-17T08:25:04.553+0700] {processor.py:829} INFO - Processing file /home/phuc/Practice/DataScience/DSProject/venv/lib/python3.10/site-packages/airflow/example_dags/example_task_group.py for tasks to queue
[2023-12-17T08:25:04.555+0700] {logging_mixin.py:154} INFO - [2023-12-17T08:25:04.554+0700] {dagbag.py:536} INFO - Filling up the DagBag from /home/phuc/Practice/DataScience/DSProject/venv/lib/python3.10/site-packages/airflow/example_dags/example_task_group.py
[2023-12-17T08:25:04.563+0700] {processor.py:839} INFO - DAG(s) dict_keys(['example_task_group']) retrieved from /home/phuc/Practice/DataScience/DSProject/venv/lib/python3.10/site-packages/airflow/example_dags/example_task_group.py
[2023-12-17T08:25:04.575+0700] {logging_mixin.py:154} INFO - [2023-12-17T08:25:04.575+0700] {dag.py:2941} INFO - Sync 1 DAGs
[2023-12-17T08:25:04.588+0700] {logging_mixin.py:154} INFO - [2023-12-17T08:25:04.587+0700] {dag.py:3722} INFO - Setting next_dagrun for example_task_group to 2023-12-16T01:25:04.587593+00:00, run_after=2023-12-17T01:25:04.587593+00:00
[2023-12-17T08:25:04.607+0700] {processor.py:179} INFO - Processing /home/phuc/Practice/DataScience/DSProject/venv/lib/python3.10/site-packages/airflow/example_dags/example_task_group.py took 0.065 seconds
[2023-12-17T08:25:55.366+0700] {processor.py:157} INFO - Started process (PID=320213) to work on /home/phuc/Practice/DataScience/DSProject/venv/lib/python3.10/site-packages/airflow/example_dags/example_task_group.py
[2023-12-17T08:25:55.373+0700] {processor.py:829} INFO - Processing file /home/phuc/Practice/DataScience/DSProject/venv/lib/python3.10/site-packages/airflow/example_dags/example_task_group.py for tasks to queue
[2023-12-17T08:25:55.374+0700] {logging_mixin.py:154} INFO - [2023-12-17T08:25:55.374+0700] {dagbag.py:536} INFO - Filling up the DagBag from /home/phuc/Practice/DataScience/DSProject/venv/lib/python3.10/site-packages/airflow/example_dags/example_task_group.py
[2023-12-17T08:25:55.385+0700] {processor.py:839} INFO - DAG(s) dict_keys(['example_task_group']) retrieved from /home/phuc/Practice/DataScience/DSProject/venv/lib/python3.10/site-packages/airflow/example_dags/example_task_group.py
[2023-12-17T08:25:55.397+0700] {logging_mixin.py:154} INFO - [2023-12-17T08:25:55.397+0700] {dag.py:2941} INFO - Sync 1 DAGs
[2023-12-17T08:25:55.407+0700] {logging_mixin.py:154} INFO - [2023-12-17T08:25:55.407+0700] {dag.py:3722} INFO - Setting next_dagrun for example_task_group to 2023-12-16T01:25:55.407559+00:00, run_after=2023-12-17T01:25:55.407559+00:00
[2023-12-17T08:25:55.419+0700] {processor.py:179} INFO - Processing /home/phuc/Practice/DataScience/DSProject/venv/lib/python3.10/site-packages/airflow/example_dags/example_task_group.py took 0.055 seconds
[2023-12-17T08:26:45.015+0700] {processor.py:157} INFO - Started process (PID=320512) to work on /home/phuc/Practice/DataScience/DSProject/venv/lib/python3.10/site-packages/airflow/example_dags/example_task_group.py
[2023-12-17T08:26:45.022+0700] {processor.py:829} INFO - Processing file /home/phuc/Practice/DataScience/DSProject/venv/lib/python3.10/site-packages/airflow/example_dags/example_task_group.py for tasks to queue
[2023-12-17T08:26:45.024+0700] {logging_mixin.py:154} INFO - [2023-12-17T08:26:45.023+0700] {dagbag.py:536} INFO - Filling up the DagBag from /home/phuc/Practice/DataScience/DSProject/venv/lib/python3.10/site-packages/airflow/example_dags/example_task_group.py
[2023-12-17T08:26:45.034+0700] {processor.py:839} INFO - DAG(s) dict_keys(['example_task_group']) retrieved from /home/phuc/Practice/DataScience/DSProject/venv/lib/python3.10/site-packages/airflow/example_dags/example_task_group.py
[2023-12-17T08:26:45.046+0700] {logging_mixin.py:154} INFO - [2023-12-17T08:26:45.046+0700] {dag.py:2941} INFO - Sync 1 DAGs
[2023-12-17T08:26:45.055+0700] {logging_mixin.py:154} INFO - [2023-12-17T08:26:45.055+0700] {dag.py:3722} INFO - Setting next_dagrun for example_task_group to 2023-12-16T01:26:45.055499+00:00, run_after=2023-12-17T01:26:45.055499+00:00
[2023-12-17T08:26:45.067+0700] {processor.py:179} INFO - Processing /home/phuc/Practice/DataScience/DSProject/venv/lib/python3.10/site-packages/airflow/example_dags/example_task_group.py took 0.056 seconds
[2023-12-17T08:27:36.509+0700] {processor.py:157} INFO - Started process (PID=320737) to work on /home/phuc/Practice/DataScience/DSProject/venv/lib/python3.10/site-packages/airflow/example_dags/example_task_group.py
[2023-12-17T08:27:36.516+0700] {processor.py:829} INFO - Processing file /home/phuc/Practice/DataScience/DSProject/venv/lib/python3.10/site-packages/airflow/example_dags/example_task_group.py for tasks to queue
[2023-12-17T08:27:36.517+0700] {logging_mixin.py:154} INFO - [2023-12-17T08:27:36.516+0700] {dagbag.py:536} INFO - Filling up the DagBag from /home/phuc/Practice/DataScience/DSProject/venv/lib/python3.10/site-packages/airflow/example_dags/example_task_group.py
[2023-12-17T08:27:36.527+0700] {processor.py:839} INFO - DAG(s) dict_keys(['example_task_group']) retrieved from /home/phuc/Practice/DataScience/DSProject/venv/lib/python3.10/site-packages/airflow/example_dags/example_task_group.py
[2023-12-17T08:27:36.541+0700] {logging_mixin.py:154} INFO - [2023-12-17T08:27:36.541+0700] {dag.py:2941} INFO - Sync 1 DAGs
[2023-12-17T08:27:36.554+0700] {logging_mixin.py:154} INFO - [2023-12-17T08:27:36.554+0700] {dag.py:3722} INFO - Setting next_dagrun for example_task_group to 2023-12-16T01:27:36.554042+00:00, run_after=2023-12-17T01:27:36.554042+00:00
[2023-12-17T08:27:36.566+0700] {processor.py:179} INFO - Processing /home/phuc/Practice/DataScience/DSProject/venv/lib/python3.10/site-packages/airflow/example_dags/example_task_group.py took 0.061 seconds
[2023-12-17T08:28:23.795+0700] {processor.py:157} INFO - Started process (PID=320938) to work on /home/phuc/Practice/DataScience/DSProject/venv/lib/python3.10/site-packages/airflow/example_dags/example_task_group.py
[2023-12-17T08:28:23.802+0700] {processor.py:829} INFO - Processing file /home/phuc/Practice/DataScience/DSProject/venv/lib/python3.10/site-packages/airflow/example_dags/example_task_group.py for tasks to queue
[2023-12-17T08:28:23.803+0700] {logging_mixin.py:154} INFO - [2023-12-17T08:28:23.803+0700] {dagbag.py:536} INFO - Filling up the DagBag from /home/phuc/Practice/DataScience/DSProject/venv/lib/python3.10/site-packages/airflow/example_dags/example_task_group.py
[2023-12-17T08:28:23.808+0700] {processor.py:839} INFO - DAG(s) dict_keys(['example_task_group']) retrieved from /home/phuc/Practice/DataScience/DSProject/venv/lib/python3.10/site-packages/airflow/example_dags/example_task_group.py
[2023-12-17T08:28:23.822+0700] {logging_mixin.py:154} INFO - [2023-12-17T08:28:23.822+0700] {dag.py:2941} INFO - Sync 1 DAGs
[2023-12-17T08:28:23.837+0700] {logging_mixin.py:154} INFO - [2023-12-17T08:28:23.836+0700] {dag.py:3722} INFO - Setting next_dagrun for example_task_group to 2023-12-16T01:28:23.836612+00:00, run_after=2023-12-17T01:28:23.836612+00:00
[2023-12-17T08:28:23.853+0700] {processor.py:179} INFO - Processing /home/phuc/Practice/DataScience/DSProject/venv/lib/python3.10/site-packages/airflow/example_dags/example_task_group.py took 0.059 seconds
[2023-12-17T08:29:11.296+0700] {processor.py:157} INFO - Started process (PID=321159) to work on /home/phuc/Practice/DataScience/DSProject/venv/lib/python3.10/site-packages/airflow/example_dags/example_task_group.py
[2023-12-17T08:29:11.303+0700] {processor.py:829} INFO - Processing file /home/phuc/Practice/DataScience/DSProject/venv/lib/python3.10/site-packages/airflow/example_dags/example_task_group.py for tasks to queue
[2023-12-17T08:29:11.305+0700] {logging_mixin.py:154} INFO - [2023-12-17T08:29:11.304+0700] {dagbag.py:536} INFO - Filling up the DagBag from /home/phuc/Practice/DataScience/DSProject/venv/lib/python3.10/site-packages/airflow/example_dags/example_task_group.py
[2023-12-17T08:29:11.315+0700] {processor.py:839} INFO - DAG(s) dict_keys(['example_task_group']) retrieved from /home/phuc/Practice/DataScience/DSProject/venv/lib/python3.10/site-packages/airflow/example_dags/example_task_group.py
[2023-12-17T08:29:11.326+0700] {logging_mixin.py:154} INFO - [2023-12-17T08:29:11.326+0700] {dag.py:2941} INFO - Sync 1 DAGs
[2023-12-17T08:29:11.334+0700] {logging_mixin.py:154} INFO - [2023-12-17T08:29:11.334+0700] {dag.py:3722} INFO - Setting next_dagrun for example_task_group to 2023-12-16T01:29:11.334502+00:00, run_after=2023-12-17T01:29:11.334502+00:00
[2023-12-17T08:29:11.344+0700] {processor.py:179} INFO - Processing /home/phuc/Practice/DataScience/DSProject/venv/lib/python3.10/site-packages/airflow/example_dags/example_task_group.py took 0.051 seconds
[2023-12-17T08:30:02.760+0700] {processor.py:157} INFO - Started process (PID=321386) to work on /home/phuc/Practice/DataScience/DSProject/venv/lib/python3.10/site-packages/airflow/example_dags/example_task_group.py
[2023-12-17T08:30:02.767+0700] {processor.py:829} INFO - Processing file /home/phuc/Practice/DataScience/DSProject/venv/lib/python3.10/site-packages/airflow/example_dags/example_task_group.py for tasks to queue
[2023-12-17T08:30:02.768+0700] {logging_mixin.py:154} INFO - [2023-12-17T08:30:02.768+0700] {dagbag.py:536} INFO - Filling up the DagBag from /home/phuc/Practice/DataScience/DSProject/venv/lib/python3.10/site-packages/airflow/example_dags/example_task_group.py
[2023-12-17T08:30:02.778+0700] {processor.py:839} INFO - DAG(s) dict_keys(['example_task_group']) retrieved from /home/phuc/Practice/DataScience/DSProject/venv/lib/python3.10/site-packages/airflow/example_dags/example_task_group.py
[2023-12-17T08:30:02.790+0700] {logging_mixin.py:154} INFO - [2023-12-17T08:30:02.790+0700] {dag.py:2941} INFO - Sync 1 DAGs
[2023-12-17T08:30:02.798+0700] {logging_mixin.py:154} INFO - [2023-12-17T08:30:02.798+0700] {dag.py:3722} INFO - Setting next_dagrun for example_task_group to 2023-12-16T01:30:02.798138+00:00, run_after=2023-12-17T01:30:02.798138+00:00
[2023-12-17T08:30:02.807+0700] {processor.py:179} INFO - Processing /home/phuc/Practice/DataScience/DSProject/venv/lib/python3.10/site-packages/airflow/example_dags/example_task_group.py took 0.051 seconds
[2023-12-17T08:30:54.120+0700] {processor.py:157} INFO - Started process (PID=321648) to work on /home/phuc/Practice/DataScience/DSProject/venv/lib/python3.10/site-packages/airflow/example_dags/example_task_group.py
[2023-12-17T08:30:54.127+0700] {processor.py:829} INFO - Processing file /home/phuc/Practice/DataScience/DSProject/venv/lib/python3.10/site-packages/airflow/example_dags/example_task_group.py for tasks to queue
[2023-12-17T08:30:54.128+0700] {logging_mixin.py:154} INFO - [2023-12-17T08:30:54.128+0700] {dagbag.py:536} INFO - Filling up the DagBag from /home/phuc/Practice/DataScience/DSProject/venv/lib/python3.10/site-packages/airflow/example_dags/example_task_group.py
[2023-12-17T08:30:54.138+0700] {processor.py:839} INFO - DAG(s) dict_keys(['example_task_group']) retrieved from /home/phuc/Practice/DataScience/DSProject/venv/lib/python3.10/site-packages/airflow/example_dags/example_task_group.py
[2023-12-17T08:30:54.149+0700] {logging_mixin.py:154} INFO - [2023-12-17T08:30:54.149+0700] {dag.py:2941} INFO - Sync 1 DAGs
[2023-12-17T08:30:54.158+0700] {logging_mixin.py:154} INFO - [2023-12-17T08:30:54.157+0700] {dag.py:3722} INFO - Setting next_dagrun for example_task_group to 2023-12-16T01:30:54.157839+00:00, run_after=2023-12-17T01:30:54.157839+00:00
[2023-12-17T08:30:54.167+0700] {processor.py:179} INFO - Processing /home/phuc/Practice/DataScience/DSProject/venv/lib/python3.10/site-packages/airflow/example_dags/example_task_group.py took 0.051 seconds
[2023-12-17T08:31:45.809+0700] {processor.py:157} INFO - Started process (PID=322023) to work on /home/phuc/Practice/DataScience/DSProject/venv/lib/python3.10/site-packages/airflow/example_dags/example_task_group.py
[2023-12-17T08:31:45.816+0700] {processor.py:829} INFO - Processing file /home/phuc/Practice/DataScience/DSProject/venv/lib/python3.10/site-packages/airflow/example_dags/example_task_group.py for tasks to queue
[2023-12-17T08:31:45.818+0700] {logging_mixin.py:154} INFO - [2023-12-17T08:31:45.817+0700] {dagbag.py:536} INFO - Filling up the DagBag from /home/phuc/Practice/DataScience/DSProject/venv/lib/python3.10/site-packages/airflow/example_dags/example_task_group.py
[2023-12-17T08:31:45.828+0700] {processor.py:839} INFO - DAG(s) dict_keys(['example_task_group']) retrieved from /home/phuc/Practice/DataScience/DSProject/venv/lib/python3.10/site-packages/airflow/example_dags/example_task_group.py
[2023-12-17T08:31:45.840+0700] {logging_mixin.py:154} INFO - [2023-12-17T08:31:45.840+0700] {dag.py:2941} INFO - Sync 1 DAGs
[2023-12-17T08:31:45.849+0700] {logging_mixin.py:154} INFO - [2023-12-17T08:31:45.848+0700] {dag.py:3722} INFO - Setting next_dagrun for example_task_group to 2023-12-16T01:31:45.848733+00:00, run_after=2023-12-17T01:31:45.848733+00:00
[2023-12-17T08:31:45.859+0700] {processor.py:179} INFO - Processing /home/phuc/Practice/DataScience/DSProject/venv/lib/python3.10/site-packages/airflow/example_dags/example_task_group.py took 0.051 seconds
[2023-12-17T08:32:49.142+0700] {processor.py:157} INFO - Started process (PID=323008) to work on /home/phuc/Practice/DataScience/DSProject/venv/lib/python3.10/site-packages/airflow/example_dags/example_task_group.py
[2023-12-17T08:32:49.149+0700] {processor.py:829} INFO - Processing file /home/phuc/Practice/DataScience/DSProject/venv/lib/python3.10/site-packages/airflow/example_dags/example_task_group.py for tasks to queue
[2023-12-17T08:32:49.151+0700] {logging_mixin.py:154} INFO - [2023-12-17T08:32:49.150+0700] {dagbag.py:536} INFO - Filling up the DagBag from /home/phuc/Practice/DataScience/DSProject/venv/lib/python3.10/site-packages/airflow/example_dags/example_task_group.py
[2023-12-17T08:32:49.157+0700] {processor.py:839} INFO - DAG(s) dict_keys(['example_task_group']) retrieved from /home/phuc/Practice/DataScience/DSProject/venv/lib/python3.10/site-packages/airflow/example_dags/example_task_group.py
[2023-12-17T08:32:49.166+0700] {logging_mixin.py:154} INFO - [2023-12-17T08:32:49.166+0700] {dag.py:2941} INFO - Sync 1 DAGs
[2023-12-17T08:32:49.176+0700] {logging_mixin.py:154} INFO - [2023-12-17T08:32:49.175+0700] {dag.py:3722} INFO - Setting next_dagrun for example_task_group to 2023-12-16T01:32:49.175824+00:00, run_after=2023-12-17T01:32:49.175824+00:00
[2023-12-17T08:32:49.185+0700] {processor.py:179} INFO - Processing /home/phuc/Practice/DataScience/DSProject/venv/lib/python3.10/site-packages/airflow/example_dags/example_task_group.py took 0.044 seconds
[2023-12-17T08:33:30.929+0700] {processor.py:157} INFO - Started process (PID=323204) to work on /home/phuc/Practice/DataScience/DSProject/venv/lib/python3.10/site-packages/airflow/example_dags/example_task_group.py
[2023-12-17T08:33:30.936+0700] {processor.py:829} INFO - Processing file /home/phuc/Practice/DataScience/DSProject/venv/lib/python3.10/site-packages/airflow/example_dags/example_task_group.py for tasks to queue
[2023-12-17T08:33:30.937+0700] {logging_mixin.py:154} INFO - [2023-12-17T08:33:30.936+0700] {dagbag.py:536} INFO - Filling up the DagBag from /home/phuc/Practice/DataScience/DSProject/venv/lib/python3.10/site-packages/airflow/example_dags/example_task_group.py
[2023-12-17T08:33:30.941+0700] {processor.py:839} INFO - DAG(s) dict_keys(['example_task_group']) retrieved from /home/phuc/Practice/DataScience/DSProject/venv/lib/python3.10/site-packages/airflow/example_dags/example_task_group.py
[2023-12-17T08:33:30.950+0700] {logging_mixin.py:154} INFO - [2023-12-17T08:33:30.950+0700] {dag.py:2941} INFO - Sync 1 DAGs
[2023-12-17T08:33:30.959+0700] {logging_mixin.py:154} INFO - [2023-12-17T08:33:30.959+0700] {dag.py:3722} INFO - Setting next_dagrun for example_task_group to 2023-12-16T01:33:30.959349+00:00, run_after=2023-12-17T01:33:30.959349+00:00
[2023-12-17T08:33:30.970+0700] {processor.py:179} INFO - Processing /home/phuc/Practice/DataScience/DSProject/venv/lib/python3.10/site-packages/airflow/example_dags/example_task_group.py took 0.042 seconds
[2023-12-17T08:34:20.571+0700] {processor.py:157} INFO - Started process (PID=323586) to work on /home/phuc/Practice/DataScience/DSProject/venv/lib/python3.10/site-packages/airflow/example_dags/example_task_group.py
[2023-12-17T08:34:20.578+0700] {processor.py:829} INFO - Processing file /home/phuc/Practice/DataScience/DSProject/venv/lib/python3.10/site-packages/airflow/example_dags/example_task_group.py for tasks to queue
[2023-12-17T08:34:20.579+0700] {logging_mixin.py:154} INFO - [2023-12-17T08:34:20.579+0700] {dagbag.py:536} INFO - Filling up the DagBag from /home/phuc/Practice/DataScience/DSProject/venv/lib/python3.10/site-packages/airflow/example_dags/example_task_group.py
[2023-12-17T08:34:20.583+0700] {processor.py:839} INFO - DAG(s) dict_keys(['example_task_group']) retrieved from /home/phuc/Practice/DataScience/DSProject/venv/lib/python3.10/site-packages/airflow/example_dags/example_task_group.py
[2023-12-17T08:34:20.593+0700] {logging_mixin.py:154} INFO - [2023-12-17T08:34:20.593+0700] {dag.py:2941} INFO - Sync 1 DAGs
[2023-12-17T08:34:20.602+0700] {logging_mixin.py:154} INFO - [2023-12-17T08:34:20.602+0700] {dag.py:3722} INFO - Setting next_dagrun for example_task_group to 2023-12-16T01:34:20.602281+00:00, run_after=2023-12-17T01:34:20.602281+00:00
[2023-12-17T08:34:20.613+0700] {processor.py:179} INFO - Processing /home/phuc/Practice/DataScience/DSProject/venv/lib/python3.10/site-packages/airflow/example_dags/example_task_group.py took 0.044 seconds
[2023-12-17T08:35:14.968+0700] {processor.py:157} INFO - Started process (PID=324004) to work on /home/phuc/Practice/DataScience/DSProject/venv/lib/python3.10/site-packages/airflow/example_dags/example_task_group.py
[2023-12-17T08:35:14.975+0700] {processor.py:829} INFO - Processing file /home/phuc/Practice/DataScience/DSProject/venv/lib/python3.10/site-packages/airflow/example_dags/example_task_group.py for tasks to queue
[2023-12-17T08:35:14.976+0700] {logging_mixin.py:154} INFO - [2023-12-17T08:35:14.975+0700] {dagbag.py:536} INFO - Filling up the DagBag from /home/phuc/Practice/DataScience/DSProject/venv/lib/python3.10/site-packages/airflow/example_dags/example_task_group.py
[2023-12-17T08:35:14.983+0700] {processor.py:839} INFO - DAG(s) dict_keys(['example_task_group']) retrieved from /home/phuc/Practice/DataScience/DSProject/venv/lib/python3.10/site-packages/airflow/example_dags/example_task_group.py
[2023-12-17T08:35:14.992+0700] {logging_mixin.py:154} INFO - [2023-12-17T08:35:14.991+0700] {dag.py:2941} INFO - Sync 1 DAGs
[2023-12-17T08:35:15.000+0700] {logging_mixin.py:154} INFO - [2023-12-17T08:35:14.999+0700] {dag.py:3722} INFO - Setting next_dagrun for example_task_group to 2023-12-16T01:35:14.999790+00:00, run_after=2023-12-17T01:35:14.999790+00:00
[2023-12-17T08:35:15.009+0700] {processor.py:179} INFO - Processing /home/phuc/Practice/DataScience/DSProject/venv/lib/python3.10/site-packages/airflow/example_dags/example_task_group.py took 0.044 seconds
