[2023-12-17T08:03:15.903+0700] {processor.py:157} INFO - Started process (PID=309665) to work on /home/phuc/Practice/DataScience/DSProject/venv/lib/python3.10/site-packages/airflow/example_dags/example_xcom.py
[2023-12-17T08:03:15.903+0700] {processor.py:829} INFO - Processing file /home/phuc/Practice/DataScience/DSProject/venv/lib/python3.10/site-packages/airflow/example_dags/example_xcom.py for tasks to queue
[2023-12-17T08:03:15.904+0700] {logging_mixin.py:154} INFO - [2023-12-17T08:03:15.904+0700] {dagbag.py:536} INFO - Filling up the DagBag from /home/phuc/Practice/DataScience/DSProject/venv/lib/python3.10/site-packages/airflow/example_dags/example_xcom.py
[2023-12-17T08:03:15.912+0700] {processor.py:839} INFO - DAG(s) dict_keys(['example_xcom']) retrieved from /home/phuc/Practice/DataScience/DSProject/venv/lib/python3.10/site-packages/airflow/example_dags/example_xcom.py
[2023-12-17T08:03:16.016+0700] {logging_mixin.py:154} INFO - [2023-12-17T08:03:16.016+0700] {manager.py:499} INFO - Created Permission View: %s
[2023-12-17T08:03:16.026+0700] {logging_mixin.py:154} INFO - [2023-12-17T08:03:16.025+0700] {manager.py:499} INFO - Created Permission View: %s
[2023-12-17T08:03:16.032+0700] {logging_mixin.py:154} INFO - [2023-12-17T08:03:16.031+0700] {manager.py:499} INFO - Created Permission View: %s
[2023-12-17T08:03:16.032+0700] {logging_mixin.py:154} INFO - [2023-12-17T08:03:16.032+0700] {dag.py:2941} INFO - Sync 1 DAGs
[2023-12-17T08:03:16.041+0700] {logging_mixin.py:154} INFO - [2023-12-17T08:03:16.041+0700] {dag.py:2963} INFO - Creating ORM DAG for example_xcom
[2023-12-17T08:03:16.048+0700] {logging_mixin.py:154} INFO - [2023-12-17T08:03:16.048+0700] {dag.py:3722} INFO - Setting next_dagrun for example_xcom to 2021-01-01T00:00:00+00:00, run_after=2021-01-01T00:00:00+00:00
[2023-12-17T08:03:16.065+0700] {processor.py:179} INFO - Processing /home/phuc/Practice/DataScience/DSProject/venv/lib/python3.10/site-packages/airflow/example_dags/example_xcom.py took 0.165 seconds
[2023-12-17T08:05:31.005+0700] {processor.py:157} INFO - Started process (PID=310911) to work on /home/phuc/Practice/DataScience/DSProject/venv/lib/python3.10/site-packages/airflow/example_dags/example_xcom.py
[2023-12-17T08:05:31.012+0700] {processor.py:829} INFO - Processing file /home/phuc/Practice/DataScience/DSProject/venv/lib/python3.10/site-packages/airflow/example_dags/example_xcom.py for tasks to queue
[2023-12-17T08:05:31.014+0700] {logging_mixin.py:154} INFO - [2023-12-17T08:05:31.013+0700] {dagbag.py:536} INFO - Filling up the DagBag from /home/phuc/Practice/DataScience/DSProject/venv/lib/python3.10/site-packages/airflow/example_dags/example_xcom.py
[2023-12-17T08:05:31.024+0700] {processor.py:839} INFO - DAG(s) dict_keys(['example_xcom']) retrieved from /home/phuc/Practice/DataScience/DSProject/venv/lib/python3.10/site-packages/airflow/example_dags/example_xcom.py
[2023-12-17T08:05:31.042+0700] {logging_mixin.py:154} INFO - [2023-12-17T08:05:31.042+0700] {dag.py:2941} INFO - Sync 1 DAGs
[2023-12-17T08:05:31.054+0700] {logging_mixin.py:154} INFO - [2023-12-17T08:05:31.054+0700] {dag.py:3722} INFO - Setting next_dagrun for example_xcom to 2021-01-01T00:00:00+00:00, run_after=2021-01-01T00:00:00+00:00
[2023-12-17T08:05:31.068+0700] {processor.py:179} INFO - Processing /home/phuc/Practice/DataScience/DSProject/venv/lib/python3.10/site-packages/airflow/example_dags/example_xcom.py took 0.067 seconds
[2023-12-17T08:06:17.761+0700] {processor.py:157} INFO - Started process (PID=311397) to work on /home/phuc/Practice/DataScience/DSProject/venv/lib/python3.10/site-packages/airflow/example_dags/example_xcom.py
[2023-12-17T08:06:17.768+0700] {processor.py:829} INFO - Processing file /home/phuc/Practice/DataScience/DSProject/venv/lib/python3.10/site-packages/airflow/example_dags/example_xcom.py for tasks to queue
[2023-12-17T08:06:17.769+0700] {logging_mixin.py:154} INFO - [2023-12-17T08:06:17.769+0700] {dagbag.py:536} INFO - Filling up the DagBag from /home/phuc/Practice/DataScience/DSProject/venv/lib/python3.10/site-packages/airflow/example_dags/example_xcom.py
[2023-12-17T08:06:17.776+0700] {processor.py:839} INFO - DAG(s) dict_keys(['example_xcom']) retrieved from /home/phuc/Practice/DataScience/DSProject/venv/lib/python3.10/site-packages/airflow/example_dags/example_xcom.py
[2023-12-17T08:06:17.788+0700] {logging_mixin.py:154} INFO - [2023-12-17T08:06:17.788+0700] {dag.py:2941} INFO - Sync 1 DAGs
[2023-12-17T08:06:17.801+0700] {logging_mixin.py:154} INFO - [2023-12-17T08:06:17.801+0700] {dag.py:3722} INFO - Setting next_dagrun for example_xcom to 2021-01-01T00:00:00+00:00, run_after=2021-01-01T00:00:00+00:00
[2023-12-17T08:06:17.816+0700] {processor.py:179} INFO - Processing /home/phuc/Practice/DataScience/DSProject/venv/lib/python3.10/site-packages/airflow/example_dags/example_xcom.py took 0.057 seconds
[2023-12-17T08:07:05.304+0700] {processor.py:157} INFO - Started process (PID=311920) to work on /home/phuc/Practice/DataScience/DSProject/venv/lib/python3.10/site-packages/airflow/example_dags/example_xcom.py
[2023-12-17T08:07:05.305+0700] {processor.py:829} INFO - Processing file /home/phuc/Practice/DataScience/DSProject/venv/lib/python3.10/site-packages/airflow/example_dags/example_xcom.py for tasks to queue
[2023-12-17T08:07:05.306+0700] {logging_mixin.py:154} INFO - [2023-12-17T08:07:05.305+0700] {dagbag.py:536} INFO - Filling up the DagBag from /home/phuc/Practice/DataScience/DSProject/venv/lib/python3.10/site-packages/airflow/example_dags/example_xcom.py
[2023-12-17T08:07:05.311+0700] {processor.py:839} INFO - DAG(s) dict_keys(['example_xcom']) retrieved from /home/phuc/Practice/DataScience/DSProject/venv/lib/python3.10/site-packages/airflow/example_dags/example_xcom.py
[2023-12-17T08:07:05.323+0700] {logging_mixin.py:154} INFO - [2023-12-17T08:07:05.323+0700] {dag.py:2941} INFO - Sync 1 DAGs
[2023-12-17T08:07:05.337+0700] {logging_mixin.py:154} INFO - [2023-12-17T08:07:05.337+0700] {dag.py:3722} INFO - Setting next_dagrun for example_xcom to 2021-01-01T00:00:00+00:00, run_after=2021-01-01T00:00:00+00:00
[2023-12-17T08:07:05.353+0700] {processor.py:179} INFO - Processing /home/phuc/Practice/DataScience/DSProject/venv/lib/python3.10/site-packages/airflow/example_dags/example_xcom.py took 0.051 seconds
[2023-12-17T08:08:28.413+0700] {processor.py:157} INFO - Started process (PID=313087) to work on /home/phuc/Practice/DataScience/DSProject/venv/lib/python3.10/site-packages/airflow/example_dags/example_xcom.py
[2023-12-17T08:08:28.420+0700] {processor.py:829} INFO - Processing file /home/phuc/Practice/DataScience/DSProject/venv/lib/python3.10/site-packages/airflow/example_dags/example_xcom.py for tasks to queue
[2023-12-17T08:08:28.422+0700] {logging_mixin.py:154} INFO - [2023-12-17T08:08:28.421+0700] {dagbag.py:536} INFO - Filling up the DagBag from /home/phuc/Practice/DataScience/DSProject/venv/lib/python3.10/site-packages/airflow/example_dags/example_xcom.py
[2023-12-17T08:08:28.428+0700] {processor.py:839} INFO - DAG(s) dict_keys(['example_xcom']) retrieved from /home/phuc/Practice/DataScience/DSProject/venv/lib/python3.10/site-packages/airflow/example_dags/example_xcom.py
[2023-12-17T08:08:28.437+0700] {logging_mixin.py:154} INFO - [2023-12-17T08:08:28.437+0700] {dag.py:2941} INFO - Sync 1 DAGs
[2023-12-17T08:08:28.446+0700] {logging_mixin.py:154} INFO - [2023-12-17T08:08:28.446+0700] {dag.py:3722} INFO - Setting next_dagrun for example_xcom to 2021-01-01T00:00:00+00:00, run_after=2021-01-01T00:00:00+00:00
[2023-12-17T08:08:28.457+0700] {processor.py:179} INFO - Processing /home/phuc/Practice/DataScience/DSProject/venv/lib/python3.10/site-packages/airflow/example_dags/example_xcom.py took 0.047 seconds
[2023-12-17T08:09:16.429+0700] {processor.py:157} INFO - Started process (PID=313422) to work on /home/phuc/Practice/DataScience/DSProject/venv/lib/python3.10/site-packages/airflow/example_dags/example_xcom.py
[2023-12-17T08:09:16.436+0700] {processor.py:829} INFO - Processing file /home/phuc/Practice/DataScience/DSProject/venv/lib/python3.10/site-packages/airflow/example_dags/example_xcom.py for tasks to queue
[2023-12-17T08:09:16.437+0700] {logging_mixin.py:154} INFO - [2023-12-17T08:09:16.437+0700] {dagbag.py:536} INFO - Filling up the DagBag from /home/phuc/Practice/DataScience/DSProject/venv/lib/python3.10/site-packages/airflow/example_dags/example_xcom.py
[2023-12-17T08:09:16.448+0700] {processor.py:839} INFO - DAG(s) dict_keys(['example_xcom']) retrieved from /home/phuc/Practice/DataScience/DSProject/venv/lib/python3.10/site-packages/airflow/example_dags/example_xcom.py
[2023-12-17T08:09:16.459+0700] {logging_mixin.py:154} INFO - [2023-12-17T08:09:16.459+0700] {dag.py:2941} INFO - Sync 1 DAGs
[2023-12-17T08:09:16.468+0700] {logging_mixin.py:154} INFO - [2023-12-17T08:09:16.468+0700] {dag.py:3722} INFO - Setting next_dagrun for example_xcom to 2021-01-01T00:00:00+00:00, run_after=2021-01-01T00:00:00+00:00
[2023-12-17T08:09:16.480+0700] {processor.py:179} INFO - Processing /home/phuc/Practice/DataScience/DSProject/venv/lib/python3.10/site-packages/airflow/example_dags/example_xcom.py took 0.054 seconds
[2023-12-17T08:10:02.789+0700] {processor.py:157} INFO - Started process (PID=313772) to work on /home/phuc/Practice/DataScience/DSProject/venv/lib/python3.10/site-packages/airflow/example_dags/example_xcom.py
[2023-12-17T08:10:02.796+0700] {processor.py:829} INFO - Processing file /home/phuc/Practice/DataScience/DSProject/venv/lib/python3.10/site-packages/airflow/example_dags/example_xcom.py for tasks to queue
[2023-12-17T08:10:02.797+0700] {logging_mixin.py:154} INFO - [2023-12-17T08:10:02.797+0700] {dagbag.py:536} INFO - Filling up the DagBag from /home/phuc/Practice/DataScience/DSProject/venv/lib/python3.10/site-packages/airflow/example_dags/example_xcom.py
[2023-12-17T08:10:02.808+0700] {processor.py:839} INFO - DAG(s) dict_keys(['example_xcom']) retrieved from /home/phuc/Practice/DataScience/DSProject/venv/lib/python3.10/site-packages/airflow/example_dags/example_xcom.py
[2023-12-17T08:10:02.818+0700] {logging_mixin.py:154} INFO - [2023-12-17T08:10:02.818+0700] {dag.py:2941} INFO - Sync 1 DAGs
[2023-12-17T08:10:02.827+0700] {logging_mixin.py:154} INFO - [2023-12-17T08:10:02.827+0700] {dag.py:3722} INFO - Setting next_dagrun for example_xcom to 2021-01-01T00:00:00+00:00, run_after=2021-01-01T00:00:00+00:00
[2023-12-17T08:10:02.839+0700] {processor.py:179} INFO - Processing /home/phuc/Practice/DataScience/DSProject/venv/lib/python3.10/site-packages/airflow/example_dags/example_xcom.py took 0.052 seconds
[2023-12-17T08:10:40.249+0700] {processor.py:157} INFO - Started process (PID=313925) to work on /home/phuc/Practice/DataScience/DSProject/venv/lib/python3.10/site-packages/airflow/example_dags/example_xcom.py
[2023-12-17T08:10:40.256+0700] {processor.py:829} INFO - Processing file /home/phuc/Practice/DataScience/DSProject/venv/lib/python3.10/site-packages/airflow/example_dags/example_xcom.py for tasks to queue
[2023-12-17T08:10:40.258+0700] {logging_mixin.py:154} INFO - [2023-12-17T08:10:40.257+0700] {dagbag.py:536} INFO - Filling up the DagBag from /home/phuc/Practice/DataScience/DSProject/venv/lib/python3.10/site-packages/airflow/example_dags/example_xcom.py
[2023-12-17T08:10:40.268+0700] {processor.py:839} INFO - DAG(s) dict_keys(['example_xcom']) retrieved from /home/phuc/Practice/DataScience/DSProject/venv/lib/python3.10/site-packages/airflow/example_dags/example_xcom.py
[2023-12-17T08:10:40.280+0700] {logging_mixin.py:154} INFO - [2023-12-17T08:10:40.279+0700] {dag.py:2941} INFO - Sync 1 DAGs
[2023-12-17T08:10:40.289+0700] {logging_mixin.py:154} INFO - [2023-12-17T08:10:40.289+0700] {dag.py:3722} INFO - Setting next_dagrun for example_xcom to 2021-01-01T00:00:00+00:00, run_after=2021-01-01T00:00:00+00:00
[2023-12-17T08:10:40.301+0700] {processor.py:179} INFO - Processing /home/phuc/Practice/DataScience/DSProject/venv/lib/python3.10/site-packages/airflow/example_dags/example_xcom.py took 0.055 seconds
[2023-12-17T08:11:28.608+0700] {processor.py:157} INFO - Started process (PID=314142) to work on /home/phuc/Practice/DataScience/DSProject/venv/lib/python3.10/site-packages/airflow/example_dags/example_xcom.py
[2023-12-17T08:11:28.615+0700] {processor.py:829} INFO - Processing file /home/phuc/Practice/DataScience/DSProject/venv/lib/python3.10/site-packages/airflow/example_dags/example_xcom.py for tasks to queue
[2023-12-17T08:11:28.615+0700] {logging_mixin.py:154} INFO - [2023-12-17T08:11:28.615+0700] {dagbag.py:536} INFO - Filling up the DagBag from /home/phuc/Practice/DataScience/DSProject/venv/lib/python3.10/site-packages/airflow/example_dags/example_xcom.py
[2023-12-17T08:11:28.621+0700] {processor.py:839} INFO - DAG(s) dict_keys(['example_xcom']) retrieved from /home/phuc/Practice/DataScience/DSProject/venv/lib/python3.10/site-packages/airflow/example_dags/example_xcom.py
[2023-12-17T08:11:28.633+0700] {logging_mixin.py:154} INFO - [2023-12-17T08:11:28.633+0700] {dag.py:2941} INFO - Sync 1 DAGs
[2023-12-17T08:11:28.642+0700] {logging_mixin.py:154} INFO - [2023-12-17T08:11:28.642+0700] {dag.py:3722} INFO - Setting next_dagrun for example_xcom to 2021-01-01T00:00:00+00:00, run_after=2021-01-01T00:00:00+00:00
[2023-12-17T08:11:28.654+0700] {processor.py:179} INFO - Processing /home/phuc/Practice/DataScience/DSProject/venv/lib/python3.10/site-packages/airflow/example_dags/example_xcom.py took 0.049 seconds
[2023-12-17T08:12:19.579+0700] {processor.py:157} INFO - Started process (PID=314395) to work on /home/phuc/Practice/DataScience/DSProject/venv/lib/python3.10/site-packages/airflow/example_dags/example_xcom.py
[2023-12-17T08:12:19.586+0700] {processor.py:829} INFO - Processing file /home/phuc/Practice/DataScience/DSProject/venv/lib/python3.10/site-packages/airflow/example_dags/example_xcom.py for tasks to queue
[2023-12-17T08:12:19.587+0700] {logging_mixin.py:154} INFO - [2023-12-17T08:12:19.587+0700] {dagbag.py:536} INFO - Filling up the DagBag from /home/phuc/Practice/DataScience/DSProject/venv/lib/python3.10/site-packages/airflow/example_dags/example_xcom.py
[2023-12-17T08:12:19.592+0700] {processor.py:839} INFO - DAG(s) dict_keys(['example_xcom']) retrieved from /home/phuc/Practice/DataScience/DSProject/venv/lib/python3.10/site-packages/airflow/example_dags/example_xcom.py
[2023-12-17T08:12:19.603+0700] {logging_mixin.py:154} INFO - [2023-12-17T08:12:19.603+0700] {dag.py:2941} INFO - Sync 1 DAGs
[2023-12-17T08:12:19.617+0700] {logging_mixin.py:154} INFO - [2023-12-17T08:12:19.617+0700] {dag.py:3722} INFO - Setting next_dagrun for example_xcom to 2021-01-01T00:00:00+00:00, run_after=2021-01-01T00:00:00+00:00
[2023-12-17T08:12:19.631+0700] {processor.py:179} INFO - Processing /home/phuc/Practice/DataScience/DSProject/venv/lib/python3.10/site-packages/airflow/example_dags/example_xcom.py took 0.055 seconds
[2023-12-17T08:13:07.860+0700] {processor.py:157} INFO - Started process (PID=314609) to work on /home/phuc/Practice/DataScience/DSProject/venv/lib/python3.10/site-packages/airflow/example_dags/example_xcom.py
[2023-12-17T08:13:07.866+0700] {processor.py:829} INFO - Processing file /home/phuc/Practice/DataScience/DSProject/venv/lib/python3.10/site-packages/airflow/example_dags/example_xcom.py for tasks to queue
[2023-12-17T08:13:07.867+0700] {logging_mixin.py:154} INFO - [2023-12-17T08:13:07.867+0700] {dagbag.py:536} INFO - Filling up the DagBag from /home/phuc/Practice/DataScience/DSProject/venv/lib/python3.10/site-packages/airflow/example_dags/example_xcom.py
[2023-12-17T08:13:07.873+0700] {processor.py:839} INFO - DAG(s) dict_keys(['example_xcom']) retrieved from /home/phuc/Practice/DataScience/DSProject/venv/lib/python3.10/site-packages/airflow/example_dags/example_xcom.py
[2023-12-17T08:13:07.885+0700] {logging_mixin.py:154} INFO - [2023-12-17T08:13:07.885+0700] {dag.py:2941} INFO - Sync 1 DAGs
[2023-12-17T08:13:07.897+0700] {logging_mixin.py:154} INFO - [2023-12-17T08:13:07.897+0700] {dag.py:3722} INFO - Setting next_dagrun for example_xcom to 2021-01-01T00:00:00+00:00, run_after=2021-01-01T00:00:00+00:00
[2023-12-17T08:13:07.912+0700] {processor.py:179} INFO - Processing /home/phuc/Practice/DataScience/DSProject/venv/lib/python3.10/site-packages/airflow/example_dags/example_xcom.py took 0.055 seconds
[2023-12-17T08:13:52.461+0700] {processor.py:157} INFO - Started process (PID=314869) to work on /home/phuc/Practice/DataScience/DSProject/venv/lib/python3.10/site-packages/airflow/example_dags/example_xcom.py
[2023-12-17T08:13:52.468+0700] {processor.py:829} INFO - Processing file /home/phuc/Practice/DataScience/DSProject/venv/lib/python3.10/site-packages/airflow/example_dags/example_xcom.py for tasks to queue
[2023-12-17T08:13:52.469+0700] {logging_mixin.py:154} INFO - [2023-12-17T08:13:52.468+0700] {dagbag.py:536} INFO - Filling up the DagBag from /home/phuc/Practice/DataScience/DSProject/venv/lib/python3.10/site-packages/airflow/example_dags/example_xcom.py
[2023-12-17T08:13:52.480+0700] {processor.py:839} INFO - DAG(s) dict_keys(['example_xcom']) retrieved from /home/phuc/Practice/DataScience/DSProject/venv/lib/python3.10/site-packages/airflow/example_dags/example_xcom.py
[2023-12-17T08:13:52.491+0700] {logging_mixin.py:154} INFO - [2023-12-17T08:13:52.491+0700] {dag.py:2941} INFO - Sync 1 DAGs
[2023-12-17T08:13:52.500+0700] {logging_mixin.py:154} INFO - [2023-12-17T08:13:52.500+0700] {dag.py:3722} INFO - Setting next_dagrun for example_xcom to 2021-01-01T00:00:00+00:00, run_after=2021-01-01T00:00:00+00:00
[2023-12-17T08:13:52.512+0700] {processor.py:179} INFO - Processing /home/phuc/Practice/DataScience/DSProject/venv/lib/python3.10/site-packages/airflow/example_dags/example_xcom.py took 0.054 seconds
[2023-12-17T08:14:29.007+0700] {processor.py:157} INFO - Started process (PID=315026) to work on /home/phuc/Practice/DataScience/DSProject/venv/lib/python3.10/site-packages/airflow/example_dags/example_xcom.py
[2023-12-17T08:14:29.014+0700] {processor.py:829} INFO - Processing file /home/phuc/Practice/DataScience/DSProject/venv/lib/python3.10/site-packages/airflow/example_dags/example_xcom.py for tasks to queue
[2023-12-17T08:14:29.016+0700] {logging_mixin.py:154} INFO - [2023-12-17T08:14:29.015+0700] {dagbag.py:536} INFO - Filling up the DagBag from /home/phuc/Practice/DataScience/DSProject/venv/lib/python3.10/site-packages/airflow/example_dags/example_xcom.py
[2023-12-17T08:14:29.026+0700] {processor.py:839} INFO - DAG(s) dict_keys(['example_xcom']) retrieved from /home/phuc/Practice/DataScience/DSProject/venv/lib/python3.10/site-packages/airflow/example_dags/example_xcom.py
[2023-12-17T08:14:29.037+0700] {logging_mixin.py:154} INFO - [2023-12-17T08:14:29.037+0700] {dag.py:2941} INFO - Sync 1 DAGs
[2023-12-17T08:14:29.046+0700] {logging_mixin.py:154} INFO - [2023-12-17T08:14:29.046+0700] {dag.py:3722} INFO - Setting next_dagrun for example_xcom to 2021-01-01T00:00:00+00:00, run_after=2021-01-01T00:00:00+00:00
[2023-12-17T08:14:29.058+0700] {processor.py:179} INFO - Processing /home/phuc/Practice/DataScience/DSProject/venv/lib/python3.10/site-packages/airflow/example_dags/example_xcom.py took 0.055 seconds
[2023-12-17T08:15:06.164+0700] {processor.py:157} INFO - Started process (PID=315188) to work on /home/phuc/Practice/DataScience/DSProject/venv/lib/python3.10/site-packages/airflow/example_dags/example_xcom.py
[2023-12-17T08:15:06.172+0700] {processor.py:829} INFO - Processing file /home/phuc/Practice/DataScience/DSProject/venv/lib/python3.10/site-packages/airflow/example_dags/example_xcom.py for tasks to queue
[2023-12-17T08:15:06.173+0700] {logging_mixin.py:154} INFO - [2023-12-17T08:15:06.172+0700] {dagbag.py:536} INFO - Filling up the DagBag from /home/phuc/Practice/DataScience/DSProject/venv/lib/python3.10/site-packages/airflow/example_dags/example_xcom.py
[2023-12-17T08:15:06.179+0700] {processor.py:839} INFO - DAG(s) dict_keys(['example_xcom']) retrieved from /home/phuc/Practice/DataScience/DSProject/venv/lib/python3.10/site-packages/airflow/example_dags/example_xcom.py
[2023-12-17T08:15:06.190+0700] {logging_mixin.py:154} INFO - [2023-12-17T08:15:06.190+0700] {dag.py:2941} INFO - Sync 1 DAGs
[2023-12-17T08:15:06.199+0700] {logging_mixin.py:154} INFO - [2023-12-17T08:15:06.199+0700] {dag.py:3722} INFO - Setting next_dagrun for example_xcom to 2021-01-01T00:00:00+00:00, run_after=2021-01-01T00:00:00+00:00
[2023-12-17T08:15:06.212+0700] {processor.py:179} INFO - Processing /home/phuc/Practice/DataScience/DSProject/venv/lib/python3.10/site-packages/airflow/example_dags/example_xcom.py took 0.051 seconds
[2023-12-17T08:15:57.430+0700] {processor.py:157} INFO - Started process (PID=315438) to work on /home/phuc/Practice/DataScience/DSProject/venv/lib/python3.10/site-packages/airflow/example_dags/example_xcom.py
[2023-12-17T08:15:57.437+0700] {processor.py:829} INFO - Processing file /home/phuc/Practice/DataScience/DSProject/venv/lib/python3.10/site-packages/airflow/example_dags/example_xcom.py for tasks to queue
[2023-12-17T08:15:57.438+0700] {logging_mixin.py:154} INFO - [2023-12-17T08:15:57.437+0700] {dagbag.py:536} INFO - Filling up the DagBag from /home/phuc/Practice/DataScience/DSProject/venv/lib/python3.10/site-packages/airflow/example_dags/example_xcom.py
[2023-12-17T08:15:57.445+0700] {processor.py:839} INFO - DAG(s) dict_keys(['example_xcom']) retrieved from /home/phuc/Practice/DataScience/DSProject/venv/lib/python3.10/site-packages/airflow/example_dags/example_xcom.py
[2023-12-17T08:15:57.461+0700] {logging_mixin.py:154} INFO - [2023-12-17T08:15:57.461+0700] {dag.py:2941} INFO - Sync 1 DAGs
[2023-12-17T08:15:57.478+0700] {logging_mixin.py:154} INFO - [2023-12-17T08:15:57.477+0700] {dag.py:3722} INFO - Setting next_dagrun for example_xcom to 2021-01-01T00:00:00+00:00, run_after=2021-01-01T00:00:00+00:00
[2023-12-17T08:15:57.497+0700] {processor.py:179} INFO - Processing /home/phuc/Practice/DataScience/DSProject/venv/lib/python3.10/site-packages/airflow/example_dags/example_xcom.py took 0.070 seconds
[2023-12-17T08:17:48.492+0700] {processor.py:157} INFO - Started process (PID=316392) to work on /home/phuc/Practice/DataScience/DSProject/venv/lib/python3.10/site-packages/airflow/example_dags/example_xcom.py
[2023-12-17T08:17:48.499+0700] {processor.py:829} INFO - Processing file /home/phuc/Practice/DataScience/DSProject/venv/lib/python3.10/site-packages/airflow/example_dags/example_xcom.py for tasks to queue
[2023-12-17T08:17:48.500+0700] {logging_mixin.py:154} INFO - [2023-12-17T08:17:48.499+0700] {dagbag.py:536} INFO - Filling up the DagBag from /home/phuc/Practice/DataScience/DSProject/venv/lib/python3.10/site-packages/airflow/example_dags/example_xcom.py
[2023-12-17T08:17:48.510+0700] {processor.py:839} INFO - DAG(s) dict_keys(['example_xcom']) retrieved from /home/phuc/Practice/DataScience/DSProject/venv/lib/python3.10/site-packages/airflow/example_dags/example_xcom.py
[2023-12-17T08:17:48.530+0700] {logging_mixin.py:154} INFO - [2023-12-17T08:17:48.530+0700] {dag.py:2941} INFO - Sync 1 DAGs
[2023-12-17T08:17:48.544+0700] {logging_mixin.py:154} INFO - [2023-12-17T08:17:48.544+0700] {dag.py:3722} INFO - Setting next_dagrun for example_xcom to 2021-01-01T00:00:00+00:00, run_after=2021-01-01T00:00:00+00:00
[2023-12-17T08:17:48.561+0700] {processor.py:179} INFO - Processing /home/phuc/Practice/DataScience/DSProject/venv/lib/python3.10/site-packages/airflow/example_dags/example_xcom.py took 0.072 seconds
[2023-12-17T08:18:34.728+0700] {processor.py:157} INFO - Started process (PID=316654) to work on /home/phuc/Practice/DataScience/DSProject/venv/lib/python3.10/site-packages/airflow/example_dags/example_xcom.py
[2023-12-17T08:18:34.729+0700] {processor.py:829} INFO - Processing file /home/phuc/Practice/DataScience/DSProject/venv/lib/python3.10/site-packages/airflow/example_dags/example_xcom.py for tasks to queue
[2023-12-17T08:18:34.730+0700] {logging_mixin.py:154} INFO - [2023-12-17T08:18:34.730+0700] {dagbag.py:536} INFO - Filling up the DagBag from /home/phuc/Practice/DataScience/DSProject/venv/lib/python3.10/site-packages/airflow/example_dags/example_xcom.py
[2023-12-17T08:18:34.736+0700] {processor.py:839} INFO - DAG(s) dict_keys(['example_xcom']) retrieved from /home/phuc/Practice/DataScience/DSProject/venv/lib/python3.10/site-packages/airflow/example_dags/example_xcom.py
[2023-12-17T08:18:34.750+0700] {logging_mixin.py:154} INFO - [2023-12-17T08:18:34.750+0700] {dag.py:2941} INFO - Sync 1 DAGs
[2023-12-17T08:18:34.765+0700] {logging_mixin.py:154} INFO - [2023-12-17T08:18:34.765+0700] {dag.py:3722} INFO - Setting next_dagrun for example_xcom to 2021-01-01T00:00:00+00:00, run_after=2021-01-01T00:00:00+00:00
[2023-12-17T08:18:34.784+0700] {processor.py:179} INFO - Processing /home/phuc/Practice/DataScience/DSProject/venv/lib/python3.10/site-packages/airflow/example_dags/example_xcom.py took 0.059 seconds
[2023-12-17T08:19:22.639+0700] {processor.py:157} INFO - Started process (PID=317131) to work on /home/phuc/Practice/DataScience/DSProject/venv/lib/python3.10/site-packages/airflow/example_dags/example_xcom.py
[2023-12-17T08:19:22.647+0700] {processor.py:829} INFO - Processing file /home/phuc/Practice/DataScience/DSProject/venv/lib/python3.10/site-packages/airflow/example_dags/example_xcom.py for tasks to queue
[2023-12-17T08:19:22.648+0700] {logging_mixin.py:154} INFO - [2023-12-17T08:19:22.648+0700] {dagbag.py:536} INFO - Filling up the DagBag from /home/phuc/Practice/DataScience/DSProject/venv/lib/python3.10/site-packages/airflow/example_dags/example_xcom.py
[2023-12-17T08:19:22.656+0700] {processor.py:839} INFO - DAG(s) dict_keys(['example_xcom']) retrieved from /home/phuc/Practice/DataScience/DSProject/venv/lib/python3.10/site-packages/airflow/example_dags/example_xcom.py
[2023-12-17T08:19:22.670+0700] {logging_mixin.py:154} INFO - [2023-12-17T08:19:22.670+0700] {dag.py:2941} INFO - Sync 1 DAGs
[2023-12-17T08:19:22.684+0700] {logging_mixin.py:154} INFO - [2023-12-17T08:19:22.684+0700] {dag.py:3722} INFO - Setting next_dagrun for example_xcom to 2021-01-01T00:00:00+00:00, run_after=2021-01-01T00:00:00+00:00
[2023-12-17T08:19:22.701+0700] {processor.py:179} INFO - Processing /home/phuc/Practice/DataScience/DSProject/venv/lib/python3.10/site-packages/airflow/example_dags/example_xcom.py took 0.065 seconds
[2023-12-17T08:20:14.226+0700] {processor.py:157} INFO - Started process (PID=317709) to work on /home/phuc/Practice/DataScience/DSProject/venv/lib/python3.10/site-packages/airflow/example_dags/example_xcom.py
[2023-12-17T08:20:14.227+0700] {processor.py:829} INFO - Processing file /home/phuc/Practice/DataScience/DSProject/venv/lib/python3.10/site-packages/airflow/example_dags/example_xcom.py for tasks to queue
[2023-12-17T08:20:14.228+0700] {logging_mixin.py:154} INFO - [2023-12-17T08:20:14.228+0700] {dagbag.py:536} INFO - Filling up the DagBag from /home/phuc/Practice/DataScience/DSProject/venv/lib/python3.10/site-packages/airflow/example_dags/example_xcom.py
[2023-12-17T08:20:14.234+0700] {processor.py:839} INFO - DAG(s) dict_keys(['example_xcom']) retrieved from /home/phuc/Practice/DataScience/DSProject/venv/lib/python3.10/site-packages/airflow/example_dags/example_xcom.py
[2023-12-17T08:20:14.248+0700] {logging_mixin.py:154} INFO - [2023-12-17T08:20:14.248+0700] {dag.py:2941} INFO - Sync 1 DAGs
[2023-12-17T08:20:14.261+0700] {logging_mixin.py:154} INFO - [2023-12-17T08:20:14.261+0700] {dag.py:3722} INFO - Setting next_dagrun for example_xcom to 2021-01-01T00:00:00+00:00, run_after=2021-01-01T00:00:00+00:00
[2023-12-17T08:20:14.277+0700] {processor.py:179} INFO - Processing /home/phuc/Practice/DataScience/DSProject/venv/lib/python3.10/site-packages/airflow/example_dags/example_xcom.py took 0.053 seconds
[2023-12-17T08:21:57.902+0700] {processor.py:157} INFO - Started process (PID=318754) to work on /home/phuc/Practice/DataScience/DSProject/venv/lib/python3.10/site-packages/airflow/example_dags/example_xcom.py
[2023-12-17T08:21:57.909+0700] {processor.py:829} INFO - Processing file /home/phuc/Practice/DataScience/DSProject/venv/lib/python3.10/site-packages/airflow/example_dags/example_xcom.py for tasks to queue
[2023-12-17T08:21:57.910+0700] {logging_mixin.py:154} INFO - [2023-12-17T08:21:57.909+0700] {dagbag.py:536} INFO - Filling up the DagBag from /home/phuc/Practice/DataScience/DSProject/venv/lib/python3.10/site-packages/airflow/example_dags/example_xcom.py
[2023-12-17T08:21:57.916+0700] {processor.py:839} INFO - DAG(s) dict_keys(['example_xcom']) retrieved from /home/phuc/Practice/DataScience/DSProject/venv/lib/python3.10/site-packages/airflow/example_dags/example_xcom.py
[2023-12-17T08:21:57.937+0700] {logging_mixin.py:154} INFO - [2023-12-17T08:21:57.937+0700] {dag.py:2941} INFO - Sync 1 DAGs
[2023-12-17T08:21:57.951+0700] {logging_mixin.py:154} INFO - [2023-12-17T08:21:57.950+0700] {dag.py:3722} INFO - Setting next_dagrun for example_xcom to 2021-01-01T00:00:00+00:00, run_after=2021-01-01T00:00:00+00:00
[2023-12-17T08:21:57.966+0700] {processor.py:179} INFO - Processing /home/phuc/Practice/DataScience/DSProject/venv/lib/python3.10/site-packages/airflow/example_dags/example_xcom.py took 0.067 seconds
[2023-12-17T08:23:34.228+0700] {processor.py:157} INFO - Started process (PID=319530) to work on /home/phuc/Practice/DataScience/DSProject/venv/lib/python3.10/site-packages/airflow/example_dags/example_xcom.py
[2023-12-17T08:23:34.235+0700] {processor.py:829} INFO - Processing file /home/phuc/Practice/DataScience/DSProject/venv/lib/python3.10/site-packages/airflow/example_dags/example_xcom.py for tasks to queue
[2023-12-17T08:23:34.236+0700] {logging_mixin.py:154} INFO - [2023-12-17T08:23:34.235+0700] {dagbag.py:536} INFO - Filling up the DagBag from /home/phuc/Practice/DataScience/DSProject/venv/lib/python3.10/site-packages/airflow/example_dags/example_xcom.py
[2023-12-17T08:23:34.242+0700] {processor.py:839} INFO - DAG(s) dict_keys(['example_xcom']) retrieved from /home/phuc/Practice/DataScience/DSProject/venv/lib/python3.10/site-packages/airflow/example_dags/example_xcom.py
[2023-12-17T08:23:34.257+0700] {logging_mixin.py:154} INFO - [2023-12-17T08:23:34.257+0700] {dag.py:2941} INFO - Sync 1 DAGs
[2023-12-17T08:23:34.272+0700] {logging_mixin.py:154} INFO - [2023-12-17T08:23:34.272+0700] {dag.py:3722} INFO - Setting next_dagrun for example_xcom to 2021-01-01T00:00:00+00:00, run_after=2021-01-01T00:00:00+00:00
[2023-12-17T08:23:34.292+0700] {processor.py:179} INFO - Processing /home/phuc/Practice/DataScience/DSProject/venv/lib/python3.10/site-packages/airflow/example_dags/example_xcom.py took 0.067 seconds
[2023-12-17T08:24:20.961+0700] {processor.py:157} INFO - Started process (PID=319797) to work on /home/phuc/Practice/DataScience/DSProject/venv/lib/python3.10/site-packages/airflow/example_dags/example_xcom.py
[2023-12-17T08:24:20.967+0700] {processor.py:829} INFO - Processing file /home/phuc/Practice/DataScience/DSProject/venv/lib/python3.10/site-packages/airflow/example_dags/example_xcom.py for tasks to queue
[2023-12-17T08:24:20.968+0700] {logging_mixin.py:154} INFO - [2023-12-17T08:24:20.968+0700] {dagbag.py:536} INFO - Filling up the DagBag from /home/phuc/Practice/DataScience/DSProject/venv/lib/python3.10/site-packages/airflow/example_dags/example_xcom.py
[2023-12-17T08:24:20.974+0700] {processor.py:839} INFO - DAG(s) dict_keys(['example_xcom']) retrieved from /home/phuc/Practice/DataScience/DSProject/venv/lib/python3.10/site-packages/airflow/example_dags/example_xcom.py
[2023-12-17T08:24:20.988+0700] {logging_mixin.py:154} INFO - [2023-12-17T08:24:20.988+0700] {dag.py:2941} INFO - Sync 1 DAGs
[2023-12-17T08:24:20.997+0700] {logging_mixin.py:154} INFO - [2023-12-17T08:24:20.997+0700] {dag.py:3722} INFO - Setting next_dagrun for example_xcom to 2021-01-01T00:00:00+00:00, run_after=2021-01-01T00:00:00+00:00
[2023-12-17T08:24:21.009+0700] {processor.py:179} INFO - Processing /home/phuc/Practice/DataScience/DSProject/venv/lib/python3.10/site-packages/airflow/example_dags/example_xcom.py took 0.050 seconds
[2023-12-17T08:25:02.262+0700] {processor.py:157} INFO - Started process (PID=319987) to work on /home/phuc/Practice/DataScience/DSProject/venv/lib/python3.10/site-packages/airflow/example_dags/example_xcom.py
[2023-12-17T08:25:02.269+0700] {processor.py:829} INFO - Processing file /home/phuc/Practice/DataScience/DSProject/venv/lib/python3.10/site-packages/airflow/example_dags/example_xcom.py for tasks to queue
[2023-12-17T08:25:02.271+0700] {logging_mixin.py:154} INFO - [2023-12-17T08:25:02.270+0700] {dagbag.py:536} INFO - Filling up the DagBag from /home/phuc/Practice/DataScience/DSProject/venv/lib/python3.10/site-packages/airflow/example_dags/example_xcom.py
[2023-12-17T08:25:02.281+0700] {processor.py:839} INFO - DAG(s) dict_keys(['example_xcom']) retrieved from /home/phuc/Practice/DataScience/DSProject/venv/lib/python3.10/site-packages/airflow/example_dags/example_xcom.py
[2023-12-17T08:25:02.293+0700] {logging_mixin.py:154} INFO - [2023-12-17T08:25:02.293+0700] {dag.py:2941} INFO - Sync 1 DAGs
[2023-12-17T08:25:02.305+0700] {logging_mixin.py:154} INFO - [2023-12-17T08:25:02.305+0700] {dag.py:3722} INFO - Setting next_dagrun for example_xcom to 2021-01-01T00:00:00+00:00, run_after=2021-01-01T00:00:00+00:00
[2023-12-17T08:25:02.319+0700] {processor.py:179} INFO - Processing /home/phuc/Practice/DataScience/DSProject/venv/lib/python3.10/site-packages/airflow/example_dags/example_xcom.py took 0.061 seconds
[2023-12-17T08:25:39.180+0700] {processor.py:157} INFO - Started process (PID=320145) to work on /home/phuc/Practice/DataScience/DSProject/venv/lib/python3.10/site-packages/airflow/example_dags/example_xcom.py
[2023-12-17T08:25:39.181+0700] {processor.py:829} INFO - Processing file /home/phuc/Practice/DataScience/DSProject/venv/lib/python3.10/site-packages/airflow/example_dags/example_xcom.py for tasks to queue
[2023-12-17T08:25:39.182+0700] {logging_mixin.py:154} INFO - [2023-12-17T08:25:39.182+0700] {dagbag.py:536} INFO - Filling up the DagBag from /home/phuc/Practice/DataScience/DSProject/venv/lib/python3.10/site-packages/airflow/example_dags/example_xcom.py
[2023-12-17T08:25:39.188+0700] {processor.py:839} INFO - DAG(s) dict_keys(['example_xcom']) retrieved from /home/phuc/Practice/DataScience/DSProject/venv/lib/python3.10/site-packages/airflow/example_dags/example_xcom.py
[2023-12-17T08:25:39.199+0700] {logging_mixin.py:154} INFO - [2023-12-17T08:25:39.199+0700] {dag.py:2941} INFO - Sync 1 DAGs
[2023-12-17T08:25:39.209+0700] {logging_mixin.py:154} INFO - [2023-12-17T08:25:39.209+0700] {dag.py:3722} INFO - Setting next_dagrun for example_xcom to 2021-01-01T00:00:00+00:00, run_after=2021-01-01T00:00:00+00:00
[2023-12-17T08:25:39.222+0700] {processor.py:179} INFO - Processing /home/phuc/Practice/DataScience/DSProject/venv/lib/python3.10/site-packages/airflow/example_dags/example_xcom.py took 0.045 seconds
[2023-12-17T08:26:26.272+0700] {processor.py:157} INFO - Started process (PID=320353) to work on /home/phuc/Practice/DataScience/DSProject/venv/lib/python3.10/site-packages/airflow/example_dags/example_xcom.py
[2023-12-17T08:26:26.279+0700] {processor.py:829} INFO - Processing file /home/phuc/Practice/DataScience/DSProject/venv/lib/python3.10/site-packages/airflow/example_dags/example_xcom.py for tasks to queue
[2023-12-17T08:26:26.280+0700] {logging_mixin.py:154} INFO - [2023-12-17T08:26:26.279+0700] {dagbag.py:536} INFO - Filling up the DagBag from /home/phuc/Practice/DataScience/DSProject/venv/lib/python3.10/site-packages/airflow/example_dags/example_xcom.py
[2023-12-17T08:26:26.285+0700] {processor.py:839} INFO - DAG(s) dict_keys(['example_xcom']) retrieved from /home/phuc/Practice/DataScience/DSProject/venv/lib/python3.10/site-packages/airflow/example_dags/example_xcom.py
[2023-12-17T08:26:26.298+0700] {logging_mixin.py:154} INFO - [2023-12-17T08:26:26.298+0700] {dag.py:2941} INFO - Sync 1 DAGs
[2023-12-17T08:26:26.311+0700] {logging_mixin.py:154} INFO - [2023-12-17T08:26:26.311+0700] {dag.py:3722} INFO - Setting next_dagrun for example_xcom to 2021-01-01T00:00:00+00:00, run_after=2021-01-01T00:00:00+00:00
[2023-12-17T08:26:26.326+0700] {processor.py:179} INFO - Processing /home/phuc/Practice/DataScience/DSProject/venv/lib/python3.10/site-packages/airflow/example_dags/example_xcom.py took 0.056 seconds
[2023-12-17T08:27:18.035+0700] {processor.py:157} INFO - Started process (PID=320666) to work on /home/phuc/Practice/DataScience/DSProject/venv/lib/python3.10/site-packages/airflow/example_dags/example_xcom.py
[2023-12-17T08:27:18.042+0700] {processor.py:829} INFO - Processing file /home/phuc/Practice/DataScience/DSProject/venv/lib/python3.10/site-packages/airflow/example_dags/example_xcom.py for tasks to queue
[2023-12-17T08:27:18.043+0700] {logging_mixin.py:154} INFO - [2023-12-17T08:27:18.043+0700] {dagbag.py:536} INFO - Filling up the DagBag from /home/phuc/Practice/DataScience/DSProject/venv/lib/python3.10/site-packages/airflow/example_dags/example_xcom.py
[2023-12-17T08:27:18.049+0700] {processor.py:839} INFO - DAG(s) dict_keys(['example_xcom']) retrieved from /home/phuc/Practice/DataScience/DSProject/venv/lib/python3.10/site-packages/airflow/example_dags/example_xcom.py
[2023-12-17T08:27:18.065+0700] {logging_mixin.py:154} INFO - [2023-12-17T08:27:18.065+0700] {dag.py:2941} INFO - Sync 1 DAGs
[2023-12-17T08:27:18.079+0700] {logging_mixin.py:154} INFO - [2023-12-17T08:27:18.078+0700] {dag.py:3722} INFO - Setting next_dagrun for example_xcom to 2021-01-01T00:00:00+00:00, run_after=2021-01-01T00:00:00+00:00
[2023-12-17T08:27:18.094+0700] {processor.py:179} INFO - Processing /home/phuc/Practice/DataScience/DSProject/venv/lib/python3.10/site-packages/airflow/example_dags/example_xcom.py took 0.062 seconds
[2023-12-17T08:28:07.633+0700] {processor.py:157} INFO - Started process (PID=320870) to work on /home/phuc/Practice/DataScience/DSProject/venv/lib/python3.10/site-packages/airflow/example_dags/example_xcom.py
[2023-12-17T08:28:07.640+0700] {processor.py:829} INFO - Processing file /home/phuc/Practice/DataScience/DSProject/venv/lib/python3.10/site-packages/airflow/example_dags/example_xcom.py for tasks to queue
[2023-12-17T08:28:07.641+0700] {logging_mixin.py:154} INFO - [2023-12-17T08:28:07.641+0700] {dagbag.py:536} INFO - Filling up the DagBag from /home/phuc/Practice/DataScience/DSProject/venv/lib/python3.10/site-packages/airflow/example_dags/example_xcom.py
[2023-12-17T08:28:07.651+0700] {processor.py:839} INFO - DAG(s) dict_keys(['example_xcom']) retrieved from /home/phuc/Practice/DataScience/DSProject/venv/lib/python3.10/site-packages/airflow/example_dags/example_xcom.py
[2023-12-17T08:28:07.672+0700] {logging_mixin.py:154} INFO - [2023-12-17T08:28:07.671+0700] {dag.py:2941} INFO - Sync 1 DAGs
[2023-12-17T08:28:07.687+0700] {logging_mixin.py:154} INFO - [2023-12-17T08:28:07.687+0700] {dag.py:3722} INFO - Setting next_dagrun for example_xcom to 2021-01-01T00:00:00+00:00, run_after=2021-01-01T00:00:00+00:00
[2023-12-17T08:28:07.698+0700] {processor.py:179} INFO - Processing /home/phuc/Practice/DataScience/DSProject/venv/lib/python3.10/site-packages/airflow/example_dags/example_xcom.py took 0.070 seconds
[2023-12-17T08:28:54.668+0700] {processor.py:157} INFO - Started process (PID=321088) to work on /home/phuc/Practice/DataScience/DSProject/venv/lib/python3.10/site-packages/airflow/example_dags/example_xcom.py
[2023-12-17T08:28:54.668+0700] {processor.py:829} INFO - Processing file /home/phuc/Practice/DataScience/DSProject/venv/lib/python3.10/site-packages/airflow/example_dags/example_xcom.py for tasks to queue
[2023-12-17T08:28:54.669+0700] {logging_mixin.py:154} INFO - [2023-12-17T08:28:54.669+0700] {dagbag.py:536} INFO - Filling up the DagBag from /home/phuc/Practice/DataScience/DSProject/venv/lib/python3.10/site-packages/airflow/example_dags/example_xcom.py
[2023-12-17T08:28:54.674+0700] {processor.py:839} INFO - DAG(s) dict_keys(['example_xcom']) retrieved from /home/phuc/Practice/DataScience/DSProject/venv/lib/python3.10/site-packages/airflow/example_dags/example_xcom.py
[2023-12-17T08:28:54.684+0700] {logging_mixin.py:154} INFO - [2023-12-17T08:28:54.684+0700] {dag.py:2941} INFO - Sync 1 DAGs
[2023-12-17T08:28:54.693+0700] {logging_mixin.py:154} INFO - [2023-12-17T08:28:54.693+0700] {dag.py:3722} INFO - Setting next_dagrun for example_xcom to 2021-01-01T00:00:00+00:00, run_after=2021-01-01T00:00:00+00:00
[2023-12-17T08:28:54.704+0700] {processor.py:179} INFO - Processing /home/phuc/Practice/DataScience/DSProject/venv/lib/python3.10/site-packages/airflow/example_dags/example_xcom.py took 0.040 seconds
[2023-12-17T08:29:46.144+0700] {processor.py:157} INFO - Started process (PID=321315) to work on /home/phuc/Practice/DataScience/DSProject/venv/lib/python3.10/site-packages/airflow/example_dags/example_xcom.py
[2023-12-17T08:29:46.151+0700] {processor.py:829} INFO - Processing file /home/phuc/Practice/DataScience/DSProject/venv/lib/python3.10/site-packages/airflow/example_dags/example_xcom.py for tasks to queue
[2023-12-17T08:29:46.153+0700] {logging_mixin.py:154} INFO - [2023-12-17T08:29:46.152+0700] {dagbag.py:536} INFO - Filling up the DagBag from /home/phuc/Practice/DataScience/DSProject/venv/lib/python3.10/site-packages/airflow/example_dags/example_xcom.py
[2023-12-17T08:29:46.159+0700] {processor.py:839} INFO - DAG(s) dict_keys(['example_xcom']) retrieved from /home/phuc/Practice/DataScience/DSProject/venv/lib/python3.10/site-packages/airflow/example_dags/example_xcom.py
[2023-12-17T08:29:46.167+0700] {logging_mixin.py:154} INFO - [2023-12-17T08:29:46.167+0700] {dag.py:2941} INFO - Sync 1 DAGs
[2023-12-17T08:29:46.175+0700] {logging_mixin.py:154} INFO - [2023-12-17T08:29:46.175+0700] {dag.py:3722} INFO - Setting next_dagrun for example_xcom to 2021-01-01T00:00:00+00:00, run_after=2021-01-01T00:00:00+00:00
[2023-12-17T08:29:46.184+0700] {processor.py:179} INFO - Processing /home/phuc/Practice/DataScience/DSProject/venv/lib/python3.10/site-packages/airflow/example_dags/example_xcom.py took 0.042 seconds
[2023-12-17T08:30:36.435+0700] {processor.py:157} INFO - Started process (PID=321569) to work on /home/phuc/Practice/DataScience/DSProject/venv/lib/python3.10/site-packages/airflow/example_dags/example_xcom.py
[2023-12-17T08:30:36.436+0700] {processor.py:829} INFO - Processing file /home/phuc/Practice/DataScience/DSProject/venv/lib/python3.10/site-packages/airflow/example_dags/example_xcom.py for tasks to queue
[2023-12-17T08:30:36.437+0700] {logging_mixin.py:154} INFO - [2023-12-17T08:30:36.437+0700] {dagbag.py:536} INFO - Filling up the DagBag from /home/phuc/Practice/DataScience/DSProject/venv/lib/python3.10/site-packages/airflow/example_dags/example_xcom.py
[2023-12-17T08:30:36.442+0700] {processor.py:839} INFO - DAG(s) dict_keys(['example_xcom']) retrieved from /home/phuc/Practice/DataScience/DSProject/venv/lib/python3.10/site-packages/airflow/example_dags/example_xcom.py
[2023-12-17T08:30:36.452+0700] {logging_mixin.py:154} INFO - [2023-12-17T08:30:36.452+0700] {dag.py:2941} INFO - Sync 1 DAGs
[2023-12-17T08:30:36.462+0700] {logging_mixin.py:154} INFO - [2023-12-17T08:30:36.462+0700] {dag.py:3722} INFO - Setting next_dagrun for example_xcom to 2021-01-01T00:00:00+00:00, run_after=2021-01-01T00:00:00+00:00
[2023-12-17T08:30:36.474+0700] {processor.py:179} INFO - Processing /home/phuc/Practice/DataScience/DSProject/venv/lib/python3.10/site-packages/airflow/example_dags/example_xcom.py took 0.041 seconds
[2023-12-17T08:31:28.391+0700] {processor.py:157} INFO - Started process (PID=321929) to work on /home/phuc/Practice/DataScience/DSProject/venv/lib/python3.10/site-packages/airflow/example_dags/example_xcom.py
[2023-12-17T08:31:28.398+0700] {processor.py:829} INFO - Processing file /home/phuc/Practice/DataScience/DSProject/venv/lib/python3.10/site-packages/airflow/example_dags/example_xcom.py for tasks to queue
[2023-12-17T08:31:28.399+0700] {logging_mixin.py:154} INFO - [2023-12-17T08:31:28.399+0700] {dagbag.py:536} INFO - Filling up the DagBag from /home/phuc/Practice/DataScience/DSProject/venv/lib/python3.10/site-packages/airflow/example_dags/example_xcom.py
[2023-12-17T08:31:28.405+0700] {processor.py:839} INFO - DAG(s) dict_keys(['example_xcom']) retrieved from /home/phuc/Practice/DataScience/DSProject/venv/lib/python3.10/site-packages/airflow/example_dags/example_xcom.py
[2023-12-17T08:31:28.414+0700] {logging_mixin.py:154} INFO - [2023-12-17T08:31:28.414+0700] {dag.py:2941} INFO - Sync 1 DAGs
[2023-12-17T08:31:28.423+0700] {logging_mixin.py:154} INFO - [2023-12-17T08:31:28.423+0700] {dag.py:3722} INFO - Setting next_dagrun for example_xcom to 2021-01-01T00:00:00+00:00, run_after=2021-01-01T00:00:00+00:00
[2023-12-17T08:31:28.433+0700] {processor.py:179} INFO - Processing /home/phuc/Practice/DataScience/DSProject/venv/lib/python3.10/site-packages/airflow/example_dags/example_xcom.py took 0.044 seconds
[2023-12-17T08:32:46.888+0700] {processor.py:157} INFO - Started process (PID=322990) to work on /home/phuc/Practice/DataScience/DSProject/venv/lib/python3.10/site-packages/airflow/example_dags/example_xcom.py
[2023-12-17T08:32:46.889+0700] {processor.py:829} INFO - Processing file /home/phuc/Practice/DataScience/DSProject/venv/lib/python3.10/site-packages/airflow/example_dags/example_xcom.py for tasks to queue
[2023-12-17T08:32:46.889+0700] {logging_mixin.py:154} INFO - [2023-12-17T08:32:46.889+0700] {dagbag.py:536} INFO - Filling up the DagBag from /home/phuc/Practice/DataScience/DSProject/venv/lib/python3.10/site-packages/airflow/example_dags/example_xcom.py
[2023-12-17T08:32:46.893+0700] {processor.py:839} INFO - DAG(s) dict_keys(['example_xcom']) retrieved from /home/phuc/Practice/DataScience/DSProject/venv/lib/python3.10/site-packages/airflow/example_dags/example_xcom.py
[2023-12-17T08:32:46.902+0700] {logging_mixin.py:154} INFO - [2023-12-17T08:32:46.902+0700] {dag.py:2941} INFO - Sync 1 DAGs
[2023-12-17T08:32:46.911+0700] {logging_mixin.py:154} INFO - [2023-12-17T08:32:46.911+0700] {dag.py:3722} INFO - Setting next_dagrun for example_xcom to 2021-01-01T00:00:00+00:00, run_after=2021-01-01T00:00:00+00:00
[2023-12-17T08:32:46.921+0700] {processor.py:179} INFO - Processing /home/phuc/Practice/DataScience/DSProject/venv/lib/python3.10/site-packages/airflow/example_dags/example_xcom.py took 0.034 seconds
[2023-12-17T08:33:29.226+0700] {processor.py:157} INFO - Started process (PID=323202) to work on /home/phuc/Practice/DataScience/DSProject/venv/lib/python3.10/site-packages/airflow/example_dags/example_xcom.py
[2023-12-17T08:33:29.227+0700] {processor.py:829} INFO - Processing file /home/phuc/Practice/DataScience/DSProject/venv/lib/python3.10/site-packages/airflow/example_dags/example_xcom.py for tasks to queue
[2023-12-17T08:33:29.228+0700] {logging_mixin.py:154} INFO - [2023-12-17T08:33:29.227+0700] {dagbag.py:536} INFO - Filling up the DagBag from /home/phuc/Practice/DataScience/DSProject/venv/lib/python3.10/site-packages/airflow/example_dags/example_xcom.py
[2023-12-17T08:33:29.235+0700] {processor.py:839} INFO - DAG(s) dict_keys(['example_xcom']) retrieved from /home/phuc/Practice/DataScience/DSProject/venv/lib/python3.10/site-packages/airflow/example_dags/example_xcom.py
[2023-12-17T08:33:29.245+0700] {logging_mixin.py:154} INFO - [2023-12-17T08:33:29.245+0700] {dag.py:2941} INFO - Sync 1 DAGs
[2023-12-17T08:33:29.255+0700] {logging_mixin.py:154} INFO - [2023-12-17T08:33:29.254+0700] {dag.py:3722} INFO - Setting next_dagrun for example_xcom to 2021-01-01T00:00:00+00:00, run_after=2021-01-01T00:00:00+00:00
[2023-12-17T08:33:29.265+0700] {processor.py:179} INFO - Processing /home/phuc/Practice/DataScience/DSProject/venv/lib/python3.10/site-packages/airflow/example_dags/example_xcom.py took 0.042 seconds
[2023-12-17T08:34:18.313+0700] {processor.py:157} INFO - Started process (PID=323552) to work on /home/phuc/Practice/DataScience/DSProject/venv/lib/python3.10/site-packages/airflow/example_dags/example_xcom.py
[2023-12-17T08:34:18.320+0700] {processor.py:829} INFO - Processing file /home/phuc/Practice/DataScience/DSProject/venv/lib/python3.10/site-packages/airflow/example_dags/example_xcom.py for tasks to queue
[2023-12-17T08:34:18.320+0700] {logging_mixin.py:154} INFO - [2023-12-17T08:34:18.320+0700] {dagbag.py:536} INFO - Filling up the DagBag from /home/phuc/Practice/DataScience/DSProject/venv/lib/python3.10/site-packages/airflow/example_dags/example_xcom.py
[2023-12-17T08:34:18.325+0700] {processor.py:839} INFO - DAG(s) dict_keys(['example_xcom']) retrieved from /home/phuc/Practice/DataScience/DSProject/venv/lib/python3.10/site-packages/airflow/example_dags/example_xcom.py
[2023-12-17T08:34:18.334+0700] {logging_mixin.py:154} INFO - [2023-12-17T08:34:18.334+0700] {dag.py:2941} INFO - Sync 1 DAGs
[2023-12-17T08:34:18.344+0700] {logging_mixin.py:154} INFO - [2023-12-17T08:34:18.344+0700] {dag.py:3722} INFO - Setting next_dagrun for example_xcom to 2021-01-01T00:00:00+00:00, run_after=2021-01-01T00:00:00+00:00
[2023-12-17T08:34:18.355+0700] {processor.py:179} INFO - Processing /home/phuc/Practice/DataScience/DSProject/venv/lib/python3.10/site-packages/airflow/example_dags/example_xcom.py took 0.044 seconds
[2023-12-17T08:34:55.489+0700] {processor.py:157} INFO - Started process (PID=323927) to work on /home/phuc/Practice/DataScience/DSProject/venv/lib/python3.10/site-packages/airflow/example_dags/example_xcom.py
[2023-12-17T08:34:55.490+0700] {processor.py:829} INFO - Processing file /home/phuc/Practice/DataScience/DSProject/venv/lib/python3.10/site-packages/airflow/example_dags/example_xcom.py for tasks to queue
[2023-12-17T08:34:55.491+0700] {logging_mixin.py:154} INFO - [2023-12-17T08:34:55.490+0700] {dagbag.py:536} INFO - Filling up the DagBag from /home/phuc/Practice/DataScience/DSProject/venv/lib/python3.10/site-packages/airflow/example_dags/example_xcom.py
[2023-12-17T08:34:55.495+0700] {processor.py:839} INFO - DAG(s) dict_keys(['example_xcom']) retrieved from /home/phuc/Practice/DataScience/DSProject/venv/lib/python3.10/site-packages/airflow/example_dags/example_xcom.py
[2023-12-17T08:34:55.505+0700] {logging_mixin.py:154} INFO - [2023-12-17T08:34:55.505+0700] {dag.py:2941} INFO - Sync 1 DAGs
[2023-12-17T08:34:55.516+0700] {logging_mixin.py:154} INFO - [2023-12-17T08:34:55.515+0700] {dag.py:3722} INFO - Setting next_dagrun for example_xcom to 2021-01-01T00:00:00+00:00, run_after=2021-01-01T00:00:00+00:00
[2023-12-17T08:34:55.528+0700] {processor.py:179} INFO - Processing /home/phuc/Practice/DataScience/DSProject/venv/lib/python3.10/site-packages/airflow/example_dags/example_xcom.py took 0.040 seconds
[2023-12-17T08:35:33.820+0700] {processor.py:157} INFO - Started process (PID=324133) to work on /home/phuc/Practice/DataScience/DSProject/venv/lib/python3.10/site-packages/airflow/example_dags/example_xcom.py
[2023-12-17T08:35:33.827+0700] {processor.py:829} INFO - Processing file /home/phuc/Practice/DataScience/DSProject/venv/lib/python3.10/site-packages/airflow/example_dags/example_xcom.py for tasks to queue
[2023-12-17T08:35:33.827+0700] {logging_mixin.py:154} INFO - [2023-12-17T08:35:33.827+0700] {dagbag.py:536} INFO - Filling up the DagBag from /home/phuc/Practice/DataScience/DSProject/venv/lib/python3.10/site-packages/airflow/example_dags/example_xcom.py
[2023-12-17T08:35:33.832+0700] {processor.py:839} INFO - DAG(s) dict_keys(['example_xcom']) retrieved from /home/phuc/Practice/DataScience/DSProject/venv/lib/python3.10/site-packages/airflow/example_dags/example_xcom.py
[2023-12-17T08:35:33.842+0700] {logging_mixin.py:154} INFO - [2023-12-17T08:35:33.842+0700] {dag.py:2941} INFO - Sync 1 DAGs
[2023-12-17T08:35:33.852+0700] {logging_mixin.py:154} INFO - [2023-12-17T08:35:33.852+0700] {dag.py:3722} INFO - Setting next_dagrun for example_xcom to 2021-01-01T00:00:00+00:00, run_after=2021-01-01T00:00:00+00:00
[2023-12-17T08:35:33.864+0700] {processor.py:179} INFO - Processing /home/phuc/Practice/DataScience/DSProject/venv/lib/python3.10/site-packages/airflow/example_dags/example_xcom.py took 0.046 seconds
