[2023-12-17T08:03:19.972+0700] {processor.py:157} INFO - Started process (PID=309715) to work on /home/phuc/Practice/DataScience/DSProject/venv/lib/python3.10/site-packages/airflow/example_dags/tutorial.py
[2023-12-17T08:03:19.972+0700] {processor.py:829} INFO - Processing file /home/phuc/Practice/DataScience/DSProject/venv/lib/python3.10/site-packages/airflow/example_dags/tutorial.py for tasks to queue
[2023-12-17T08:03:19.973+0700] {logging_mixin.py:154} INFO - [2023-12-17T08:03:19.973+0700] {dagbag.py:536} INFO - Filling up the DagBag from /home/phuc/Practice/DataScience/DSProject/venv/lib/python3.10/site-packages/airflow/example_dags/tutorial.py
[2023-12-17T08:03:19.978+0700] {processor.py:839} INFO - DAG(s) dict_keys(['tutorial']) retrieved from /home/phuc/Practice/DataScience/DSProject/venv/lib/python3.10/site-packages/airflow/example_dags/tutorial.py
[2023-12-17T08:03:20.068+0700] {logging_mixin.py:154} INFO - [2023-12-17T08:03:20.068+0700] {manager.py:499} INFO - Created Permission View: %s
[2023-12-17T08:03:20.075+0700] {logging_mixin.py:154} INFO - [2023-12-17T08:03:20.075+0700] {manager.py:499} INFO - Created Permission View: %s
[2023-12-17T08:03:20.080+0700] {logging_mixin.py:154} INFO - [2023-12-17T08:03:20.080+0700] {manager.py:499} INFO - Created Permission View: %s
[2023-12-17T08:03:20.080+0700] {logging_mixin.py:154} INFO - [2023-12-17T08:03:20.080+0700] {dag.py:2941} INFO - Sync 1 DAGs
[2023-12-17T08:03:20.087+0700] {logging_mixin.py:154} INFO - [2023-12-17T08:03:20.087+0700] {dag.py:2963} INFO - Creating ORM DAG for tutorial
[2023-12-17T08:03:20.093+0700] {logging_mixin.py:154} INFO - [2023-12-17T08:03:20.093+0700] {dag.py:3722} INFO - Setting next_dagrun for tutorial to 2023-12-16T01:03:20.093095+00:00, run_after=2023-12-17T01:03:20.093095+00:00
[2023-12-17T08:03:20.111+0700] {processor.py:179} INFO - Processing /home/phuc/Practice/DataScience/DSProject/venv/lib/python3.10/site-packages/airflow/example_dags/tutorial.py took 0.142 seconds
[2023-12-17T08:05:34.844+0700] {processor.py:157} INFO - Started process (PID=310962) to work on /home/phuc/Practice/DataScience/DSProject/venv/lib/python3.10/site-packages/airflow/example_dags/tutorial.py
[2023-12-17T08:05:34.851+0700] {processor.py:829} INFO - Processing file /home/phuc/Practice/DataScience/DSProject/venv/lib/python3.10/site-packages/airflow/example_dags/tutorial.py for tasks to queue
[2023-12-17T08:05:34.852+0700] {logging_mixin.py:154} INFO - [2023-12-17T08:05:34.852+0700] {dagbag.py:536} INFO - Filling up the DagBag from /home/phuc/Practice/DataScience/DSProject/venv/lib/python3.10/site-packages/airflow/example_dags/tutorial.py
[2023-12-17T08:05:34.861+0700] {processor.py:839} INFO - DAG(s) dict_keys(['tutorial']) retrieved from /home/phuc/Practice/DataScience/DSProject/venv/lib/python3.10/site-packages/airflow/example_dags/tutorial.py
[2023-12-17T08:05:34.875+0700] {logging_mixin.py:154} INFO - [2023-12-17T08:05:34.875+0700] {dag.py:2941} INFO - Sync 1 DAGs
[2023-12-17T08:05:34.887+0700] {logging_mixin.py:154} INFO - [2023-12-17T08:05:34.887+0700] {dag.py:3722} INFO - Setting next_dagrun for tutorial to 2023-12-16T01:05:34.886973+00:00, run_after=2023-12-17T01:05:34.886973+00:00
[2023-12-17T08:05:34.902+0700] {processor.py:179} INFO - Processing /home/phuc/Practice/DataScience/DSProject/venv/lib/python3.10/site-packages/airflow/example_dags/tutorial.py took 0.060 seconds
[2023-12-17T08:06:22.910+0700] {processor.py:157} INFO - Started process (PID=311452) to work on /home/phuc/Practice/DataScience/DSProject/venv/lib/python3.10/site-packages/airflow/example_dags/tutorial.py
[2023-12-17T08:06:22.917+0700] {processor.py:829} INFO - Processing file /home/phuc/Practice/DataScience/DSProject/venv/lib/python3.10/site-packages/airflow/example_dags/tutorial.py for tasks to queue
[2023-12-17T08:06:22.917+0700] {logging_mixin.py:154} INFO - [2023-12-17T08:06:22.917+0700] {dagbag.py:536} INFO - Filling up the DagBag from /home/phuc/Practice/DataScience/DSProject/venv/lib/python3.10/site-packages/airflow/example_dags/tutorial.py
[2023-12-17T08:06:22.923+0700] {processor.py:839} INFO - DAG(s) dict_keys(['tutorial']) retrieved from /home/phuc/Practice/DataScience/DSProject/venv/lib/python3.10/site-packages/airflow/example_dags/tutorial.py
[2023-12-17T08:06:22.935+0700] {logging_mixin.py:154} INFO - [2023-12-17T08:06:22.935+0700] {dag.py:2941} INFO - Sync 1 DAGs
[2023-12-17T08:06:22.948+0700] {logging_mixin.py:154} INFO - [2023-12-17T08:06:22.948+0700] {dag.py:3722} INFO - Setting next_dagrun for tutorial to 2023-12-16T01:06:22.947978+00:00, run_after=2023-12-17T01:06:22.947978+00:00
[2023-12-17T08:06:22.964+0700] {processor.py:179} INFO - Processing /home/phuc/Practice/DataScience/DSProject/venv/lib/python3.10/site-packages/airflow/example_dags/tutorial.py took 0.057 seconds
[2023-12-17T08:07:09.314+0700] {processor.py:157} INFO - Started process (PID=311970) to work on /home/phuc/Practice/DataScience/DSProject/venv/lib/python3.10/site-packages/airflow/example_dags/tutorial.py
[2023-12-17T08:07:09.321+0700] {processor.py:829} INFO - Processing file /home/phuc/Practice/DataScience/DSProject/venv/lib/python3.10/site-packages/airflow/example_dags/tutorial.py for tasks to queue
[2023-12-17T08:07:09.323+0700] {logging_mixin.py:154} INFO - [2023-12-17T08:07:09.322+0700] {dagbag.py:536} INFO - Filling up the DagBag from /home/phuc/Practice/DataScience/DSProject/venv/lib/python3.10/site-packages/airflow/example_dags/tutorial.py
[2023-12-17T08:07:09.332+0700] {processor.py:839} INFO - DAG(s) dict_keys(['tutorial']) retrieved from /home/phuc/Practice/DataScience/DSProject/venv/lib/python3.10/site-packages/airflow/example_dags/tutorial.py
[2023-12-17T08:07:09.344+0700] {logging_mixin.py:154} INFO - [2023-12-17T08:07:09.344+0700] {dag.py:2941} INFO - Sync 1 DAGs
[2023-12-17T08:07:09.356+0700] {logging_mixin.py:154} INFO - [2023-12-17T08:07:09.356+0700] {dag.py:3722} INFO - Setting next_dagrun for tutorial to 2023-12-16T01:07:09.356483+00:00, run_after=2023-12-17T01:07:09.356483+00:00
[2023-12-17T08:07:09.372+0700] {processor.py:179} INFO - Processing /home/phuc/Practice/DataScience/DSProject/venv/lib/python3.10/site-packages/airflow/example_dags/tutorial.py took 0.062 seconds
[2023-12-17T08:08:32.362+0700] {processor.py:157} INFO - Started process (PID=313108) to work on /home/phuc/Practice/DataScience/DSProject/venv/lib/python3.10/site-packages/airflow/example_dags/tutorial.py
[2023-12-17T08:08:32.369+0700] {processor.py:829} INFO - Processing file /home/phuc/Practice/DataScience/DSProject/venv/lib/python3.10/site-packages/airflow/example_dags/tutorial.py for tasks to queue
[2023-12-17T08:08:32.370+0700] {logging_mixin.py:154} INFO - [2023-12-17T08:08:32.370+0700] {dagbag.py:536} INFO - Filling up the DagBag from /home/phuc/Practice/DataScience/DSProject/venv/lib/python3.10/site-packages/airflow/example_dags/tutorial.py
[2023-12-17T08:08:32.380+0700] {processor.py:839} INFO - DAG(s) dict_keys(['tutorial']) retrieved from /home/phuc/Practice/DataScience/DSProject/venv/lib/python3.10/site-packages/airflow/example_dags/tutorial.py
[2023-12-17T08:08:32.391+0700] {logging_mixin.py:154} INFO - [2023-12-17T08:08:32.391+0700] {dag.py:2941} INFO - Sync 1 DAGs
[2023-12-17T08:08:32.401+0700] {logging_mixin.py:154} INFO - [2023-12-17T08:08:32.401+0700] {dag.py:3722} INFO - Setting next_dagrun for tutorial to 2023-12-16T01:08:32.401069+00:00, run_after=2023-12-17T01:08:32.401069+00:00
[2023-12-17T08:08:32.412+0700] {processor.py:179} INFO - Processing /home/phuc/Practice/DataScience/DSProject/venv/lib/python3.10/site-packages/airflow/example_dags/tutorial.py took 0.054 seconds
[2023-12-17T08:09:19.110+0700] {processor.py:157} INFO - Started process (PID=313426) to work on /home/phuc/Practice/DataScience/DSProject/venv/lib/python3.10/site-packages/airflow/example_dags/tutorial.py
[2023-12-17T08:09:19.117+0700] {processor.py:829} INFO - Processing file /home/phuc/Practice/DataScience/DSProject/venv/lib/python3.10/site-packages/airflow/example_dags/tutorial.py for tasks to queue
[2023-12-17T08:09:19.119+0700] {logging_mixin.py:154} INFO - [2023-12-17T08:09:19.118+0700] {dagbag.py:536} INFO - Filling up the DagBag from /home/phuc/Practice/DataScience/DSProject/venv/lib/python3.10/site-packages/airflow/example_dags/tutorial.py
[2023-12-17T08:09:19.129+0700] {processor.py:839} INFO - DAG(s) dict_keys(['tutorial']) retrieved from /home/phuc/Practice/DataScience/DSProject/venv/lib/python3.10/site-packages/airflow/example_dags/tutorial.py
[2023-12-17T08:09:19.140+0700] {logging_mixin.py:154} INFO - [2023-12-17T08:09:19.140+0700] {dag.py:2941} INFO - Sync 1 DAGs
[2023-12-17T08:09:19.150+0700] {logging_mixin.py:154} INFO - [2023-12-17T08:09:19.150+0700] {dag.py:3722} INFO - Setting next_dagrun for tutorial to 2023-12-16T01:09:19.150474+00:00, run_after=2023-12-17T01:09:19.150474+00:00
[2023-12-17T08:09:19.163+0700] {processor.py:179} INFO - Processing /home/phuc/Practice/DataScience/DSProject/venv/lib/python3.10/site-packages/airflow/example_dags/tutorial.py took 0.056 seconds
[2023-12-17T08:10:07.347+0700] {processor.py:157} INFO - Started process (PID=313793) to work on /home/phuc/Practice/DataScience/DSProject/venv/lib/python3.10/site-packages/airflow/example_dags/tutorial.py
[2023-12-17T08:10:07.349+0700] {processor.py:829} INFO - Processing file /home/phuc/Practice/DataScience/DSProject/venv/lib/python3.10/site-packages/airflow/example_dags/tutorial.py for tasks to queue
[2023-12-17T08:10:07.350+0700] {logging_mixin.py:154} INFO - [2023-12-17T08:10:07.349+0700] {dagbag.py:536} INFO - Filling up the DagBag from /home/phuc/Practice/DataScience/DSProject/venv/lib/python3.10/site-packages/airflow/example_dags/tutorial.py
[2023-12-17T08:10:07.359+0700] {processor.py:839} INFO - DAG(s) dict_keys(['tutorial']) retrieved from /home/phuc/Practice/DataScience/DSProject/venv/lib/python3.10/site-packages/airflow/example_dags/tutorial.py
[2023-12-17T08:10:07.370+0700] {logging_mixin.py:154} INFO - [2023-12-17T08:10:07.369+0700] {dag.py:2941} INFO - Sync 1 DAGs
[2023-12-17T08:10:07.379+0700] {logging_mixin.py:154} INFO - [2023-12-17T08:10:07.378+0700] {dag.py:3722} INFO - Setting next_dagrun for tutorial to 2023-12-16T01:10:07.378820+00:00, run_after=2023-12-17T01:10:07.378820+00:00
[2023-12-17T08:10:07.390+0700] {processor.py:179} INFO - Processing /home/phuc/Practice/DataScience/DSProject/venv/lib/python3.10/site-packages/airflow/example_dags/tutorial.py took 0.047 seconds
[2023-12-17T08:10:58.297+0700] {processor.py:157} INFO - Started process (PID=314010) to work on /home/phuc/Practice/DataScience/DSProject/venv/lib/python3.10/site-packages/airflow/example_dags/tutorial.py
[2023-12-17T08:10:58.304+0700] {processor.py:829} INFO - Processing file /home/phuc/Practice/DataScience/DSProject/venv/lib/python3.10/site-packages/airflow/example_dags/tutorial.py for tasks to queue
[2023-12-17T08:10:58.305+0700] {logging_mixin.py:154} INFO - [2023-12-17T08:10:58.305+0700] {dagbag.py:536} INFO - Filling up the DagBag from /home/phuc/Practice/DataScience/DSProject/venv/lib/python3.10/site-packages/airflow/example_dags/tutorial.py
[2023-12-17T08:10:58.315+0700] {processor.py:839} INFO - DAG(s) dict_keys(['tutorial']) retrieved from /home/phuc/Practice/DataScience/DSProject/venv/lib/python3.10/site-packages/airflow/example_dags/tutorial.py
[2023-12-17T08:10:58.326+0700] {logging_mixin.py:154} INFO - [2023-12-17T08:10:58.326+0700] {dag.py:2941} INFO - Sync 1 DAGs
[2023-12-17T08:10:58.335+0700] {logging_mixin.py:154} INFO - [2023-12-17T08:10:58.335+0700] {dag.py:3722} INFO - Setting next_dagrun for tutorial to 2023-12-16T01:10:58.335524+00:00, run_after=2023-12-17T01:10:58.335524+00:00
[2023-12-17T08:10:58.347+0700] {processor.py:179} INFO - Processing /home/phuc/Practice/DataScience/DSProject/venv/lib/python3.10/site-packages/airflow/example_dags/tutorial.py took 0.052 seconds
[2023-12-17T08:11:45.477+0700] {processor.py:157} INFO - Started process (PID=314241) to work on /home/phuc/Practice/DataScience/DSProject/venv/lib/python3.10/site-packages/airflow/example_dags/tutorial.py
[2023-12-17T08:11:45.484+0700] {processor.py:829} INFO - Processing file /home/phuc/Practice/DataScience/DSProject/venv/lib/python3.10/site-packages/airflow/example_dags/tutorial.py for tasks to queue
[2023-12-17T08:11:45.485+0700] {logging_mixin.py:154} INFO - [2023-12-17T08:11:45.485+0700] {dagbag.py:536} INFO - Filling up the DagBag from /home/phuc/Practice/DataScience/DSProject/venv/lib/python3.10/site-packages/airflow/example_dags/tutorial.py
[2023-12-17T08:11:45.492+0700] {processor.py:839} INFO - DAG(s) dict_keys(['tutorial']) retrieved from /home/phuc/Practice/DataScience/DSProject/venv/lib/python3.10/site-packages/airflow/example_dags/tutorial.py
[2023-12-17T08:11:45.501+0700] {logging_mixin.py:154} INFO - [2023-12-17T08:11:45.501+0700] {dag.py:2941} INFO - Sync 1 DAGs
[2023-12-17T08:11:45.511+0700] {logging_mixin.py:154} INFO - [2023-12-17T08:11:45.511+0700] {dag.py:3722} INFO - Setting next_dagrun for tutorial to 2023-12-16T01:11:45.510976+00:00, run_after=2023-12-17T01:11:45.510976+00:00
[2023-12-17T08:11:45.523+0700] {processor.py:179} INFO - Processing /home/phuc/Practice/DataScience/DSProject/venv/lib/python3.10/site-packages/airflow/example_dags/tutorial.py took 0.049 seconds
[2023-12-17T08:12:38.141+0700] {processor.py:157} INFO - Started process (PID=314477) to work on /home/phuc/Practice/DataScience/DSProject/venv/lib/python3.10/site-packages/airflow/example_dags/tutorial.py
[2023-12-17T08:12:38.148+0700] {processor.py:829} INFO - Processing file /home/phuc/Practice/DataScience/DSProject/venv/lib/python3.10/site-packages/airflow/example_dags/tutorial.py for tasks to queue
[2023-12-17T08:12:38.150+0700] {logging_mixin.py:154} INFO - [2023-12-17T08:12:38.149+0700] {dagbag.py:536} INFO - Filling up the DagBag from /home/phuc/Practice/DataScience/DSProject/venv/lib/python3.10/site-packages/airflow/example_dags/tutorial.py
[2023-12-17T08:12:38.159+0700] {processor.py:839} INFO - DAG(s) dict_keys(['tutorial']) retrieved from /home/phuc/Practice/DataScience/DSProject/venv/lib/python3.10/site-packages/airflow/example_dags/tutorial.py
[2023-12-17T08:12:38.172+0700] {logging_mixin.py:154} INFO - [2023-12-17T08:12:38.172+0700] {dag.py:2941} INFO - Sync 1 DAGs
[2023-12-17T08:12:38.186+0700] {logging_mixin.py:154} INFO - [2023-12-17T08:12:38.186+0700] {dag.py:3722} INFO - Setting next_dagrun for tutorial to 2023-12-16T01:12:38.185992+00:00, run_after=2023-12-17T01:12:38.185992+00:00
[2023-12-17T08:12:38.203+0700] {processor.py:179} INFO - Processing /home/phuc/Practice/DataScience/DSProject/venv/lib/python3.10/site-packages/airflow/example_dags/tutorial.py took 0.064 seconds
[2023-12-17T08:13:21.684+0700] {processor.py:157} INFO - Started process (PID=314733) to work on /home/phuc/Practice/DataScience/DSProject/venv/lib/python3.10/site-packages/airflow/example_dags/tutorial.py
[2023-12-17T08:13:21.691+0700] {processor.py:829} INFO - Processing file /home/phuc/Practice/DataScience/DSProject/venv/lib/python3.10/site-packages/airflow/example_dags/tutorial.py for tasks to queue
[2023-12-17T08:13:21.693+0700] {logging_mixin.py:154} INFO - [2023-12-17T08:13:21.692+0700] {dagbag.py:536} INFO - Filling up the DagBag from /home/phuc/Practice/DataScience/DSProject/venv/lib/python3.10/site-packages/airflow/example_dags/tutorial.py
[2023-12-17T08:13:21.703+0700] {processor.py:839} INFO - DAG(s) dict_keys(['tutorial']) retrieved from /home/phuc/Practice/DataScience/DSProject/venv/lib/python3.10/site-packages/airflow/example_dags/tutorial.py
[2023-12-17T08:13:21.714+0700] {logging_mixin.py:154} INFO - [2023-12-17T08:13:21.714+0700] {dag.py:2941} INFO - Sync 1 DAGs
[2023-12-17T08:13:21.723+0700] {logging_mixin.py:154} INFO - [2023-12-17T08:13:21.723+0700] {dag.py:3722} INFO - Setting next_dagrun for tutorial to 2023-12-16T01:13:21.723283+00:00, run_after=2023-12-17T01:13:21.723283+00:00
[2023-12-17T08:13:21.735+0700] {processor.py:179} INFO - Processing /home/phuc/Practice/DataScience/DSProject/venv/lib/python3.10/site-packages/airflow/example_dags/tutorial.py took 0.054 seconds
[2023-12-17T08:14:12.723+0700] {processor.py:157} INFO - Started process (PID=314957) to work on /home/phuc/Practice/DataScience/DSProject/venv/lib/python3.10/site-packages/airflow/example_dags/tutorial.py
[2023-12-17T08:14:12.730+0700] {processor.py:829} INFO - Processing file /home/phuc/Practice/DataScience/DSProject/venv/lib/python3.10/site-packages/airflow/example_dags/tutorial.py for tasks to queue
[2023-12-17T08:14:12.731+0700] {logging_mixin.py:154} INFO - [2023-12-17T08:14:12.730+0700] {dagbag.py:536} INFO - Filling up the DagBag from /home/phuc/Practice/DataScience/DSProject/venv/lib/python3.10/site-packages/airflow/example_dags/tutorial.py
[2023-12-17T08:14:12.741+0700] {processor.py:839} INFO - DAG(s) dict_keys(['tutorial']) retrieved from /home/phuc/Practice/DataScience/DSProject/venv/lib/python3.10/site-packages/airflow/example_dags/tutorial.py
[2023-12-17T08:14:12.752+0700] {logging_mixin.py:154} INFO - [2023-12-17T08:14:12.752+0700] {dag.py:2941} INFO - Sync 1 DAGs
[2023-12-17T08:14:12.761+0700] {logging_mixin.py:154} INFO - [2023-12-17T08:14:12.761+0700] {dag.py:3722} INFO - Setting next_dagrun for tutorial to 2023-12-16T01:14:12.761491+00:00, run_after=2023-12-17T01:14:12.761491+00:00
[2023-12-17T08:14:12.773+0700] {processor.py:179} INFO - Processing /home/phuc/Practice/DataScience/DSProject/venv/lib/python3.10/site-packages/airflow/example_dags/tutorial.py took 0.054 seconds
[2023-12-17T08:15:07.311+0700] {processor.py:157} INFO - Started process (PID=315189) to work on /home/phuc/Practice/DataScience/DSProject/venv/lib/python3.10/site-packages/airflow/example_dags/tutorial.py
[2023-12-17T08:15:07.314+0700] {processor.py:829} INFO - Processing file /home/phuc/Practice/DataScience/DSProject/venv/lib/python3.10/site-packages/airflow/example_dags/tutorial.py for tasks to queue
[2023-12-17T08:15:07.316+0700] {logging_mixin.py:154} INFO - [2023-12-17T08:15:07.315+0700] {dagbag.py:536} INFO - Filling up the DagBag from /home/phuc/Practice/DataScience/DSProject/venv/lib/python3.10/site-packages/airflow/example_dags/tutorial.py
[2023-12-17T08:15:07.325+0700] {processor.py:839} INFO - DAG(s) dict_keys(['tutorial']) retrieved from /home/phuc/Practice/DataScience/DSProject/venv/lib/python3.10/site-packages/airflow/example_dags/tutorial.py
[2023-12-17T08:15:07.336+0700] {logging_mixin.py:154} INFO - [2023-12-17T08:15:07.335+0700] {dag.py:2941} INFO - Sync 1 DAGs
[2023-12-17T08:15:07.345+0700] {logging_mixin.py:154} INFO - [2023-12-17T08:15:07.345+0700] {dag.py:3722} INFO - Setting next_dagrun for tutorial to 2023-12-16T01:15:07.345515+00:00, run_after=2023-12-17T01:15:07.345515+00:00
[2023-12-17T08:15:07.357+0700] {processor.py:179} INFO - Processing /home/phuc/Practice/DataScience/DSProject/venv/lib/python3.10/site-packages/airflow/example_dags/tutorial.py took 0.049 seconds
[2023-12-17T08:15:57.737+0700] {processor.py:157} INFO - Started process (PID=315439) to work on /home/phuc/Practice/DataScience/DSProject/venv/lib/python3.10/site-packages/airflow/example_dags/tutorial.py
[2023-12-17T08:15:57.745+0700] {processor.py:829} INFO - Processing file /home/phuc/Practice/DataScience/DSProject/venv/lib/python3.10/site-packages/airflow/example_dags/tutorial.py for tasks to queue
[2023-12-17T08:15:57.746+0700] {logging_mixin.py:154} INFO - [2023-12-17T08:15:57.745+0700] {dagbag.py:536} INFO - Filling up the DagBag from /home/phuc/Practice/DataScience/DSProject/venv/lib/python3.10/site-packages/airflow/example_dags/tutorial.py
[2023-12-17T08:15:57.755+0700] {processor.py:839} INFO - DAG(s) dict_keys(['tutorial']) retrieved from /home/phuc/Practice/DataScience/DSProject/venv/lib/python3.10/site-packages/airflow/example_dags/tutorial.py
[2023-12-17T08:15:57.776+0700] {logging_mixin.py:154} INFO - [2023-12-17T08:15:57.775+0700] {dag.py:2941} INFO - Sync 1 DAGs
[2023-12-17T08:15:57.795+0700] {logging_mixin.py:154} INFO - [2023-12-17T08:15:57.795+0700] {dag.py:3722} INFO - Setting next_dagrun for tutorial to 2023-12-16T01:15:57.795036+00:00, run_after=2023-12-17T01:15:57.795036+00:00
[2023-12-17T08:15:57.816+0700] {processor.py:179} INFO - Processing /home/phuc/Practice/DataScience/DSProject/venv/lib/python3.10/site-packages/airflow/example_dags/tutorial.py took 0.083 seconds
[2023-12-17T08:17:51.332+0700] {processor.py:157} INFO - Started process (PID=316413) to work on /home/phuc/Practice/DataScience/DSProject/venv/lib/python3.10/site-packages/airflow/example_dags/tutorial.py
[2023-12-17T08:17:51.339+0700] {processor.py:829} INFO - Processing file /home/phuc/Practice/DataScience/DSProject/venv/lib/python3.10/site-packages/airflow/example_dags/tutorial.py for tasks to queue
[2023-12-17T08:17:51.340+0700] {logging_mixin.py:154} INFO - [2023-12-17T08:17:51.340+0700] {dagbag.py:536} INFO - Filling up the DagBag from /home/phuc/Practice/DataScience/DSProject/venv/lib/python3.10/site-packages/airflow/example_dags/tutorial.py
[2023-12-17T08:17:51.350+0700] {processor.py:839} INFO - DAG(s) dict_keys(['tutorial']) retrieved from /home/phuc/Practice/DataScience/DSProject/venv/lib/python3.10/site-packages/airflow/example_dags/tutorial.py
[2023-12-17T08:17:51.363+0700] {logging_mixin.py:154} INFO - [2023-12-17T08:17:51.363+0700] {dag.py:2941} INFO - Sync 1 DAGs
[2023-12-17T08:17:51.379+0700] {logging_mixin.py:154} INFO - [2023-12-17T08:17:51.379+0700] {dag.py:3722} INFO - Setting next_dagrun for tutorial to 2023-12-16T01:17:51.379044+00:00, run_after=2023-12-17T01:17:51.379044+00:00
[2023-12-17T08:17:51.391+0700] {processor.py:179} INFO - Processing /home/phuc/Practice/DataScience/DSProject/venv/lib/python3.10/site-packages/airflow/example_dags/tutorial.py took 0.063 seconds
[2023-12-17T08:18:36.426+0700] {processor.py:157} INFO - Started process (PID=316658) to work on /home/phuc/Practice/DataScience/DSProject/venv/lib/python3.10/site-packages/airflow/example_dags/tutorial.py
[2023-12-17T08:18:36.427+0700] {processor.py:829} INFO - Processing file /home/phuc/Practice/DataScience/DSProject/venv/lib/python3.10/site-packages/airflow/example_dags/tutorial.py for tasks to queue
[2023-12-17T08:18:36.427+0700] {logging_mixin.py:154} INFO - [2023-12-17T08:18:36.427+0700] {dagbag.py:536} INFO - Filling up the DagBag from /home/phuc/Practice/DataScience/DSProject/venv/lib/python3.10/site-packages/airflow/example_dags/tutorial.py
[2023-12-17T08:18:36.436+0700] {processor.py:839} INFO - DAG(s) dict_keys(['tutorial']) retrieved from /home/phuc/Practice/DataScience/DSProject/venv/lib/python3.10/site-packages/airflow/example_dags/tutorial.py
[2023-12-17T08:18:36.449+0700] {logging_mixin.py:154} INFO - [2023-12-17T08:18:36.449+0700] {dag.py:2941} INFO - Sync 1 DAGs
[2023-12-17T08:18:36.463+0700] {logging_mixin.py:154} INFO - [2023-12-17T08:18:36.462+0700] {dag.py:3722} INFO - Setting next_dagrun for tutorial to 2023-12-16T01:18:36.462621+00:00, run_after=2023-12-17T01:18:36.462621+00:00
[2023-12-17T08:18:36.477+0700] {processor.py:179} INFO - Processing /home/phuc/Practice/DataScience/DSProject/venv/lib/python3.10/site-packages/airflow/example_dags/tutorial.py took 0.053 seconds
[2023-12-17T08:19:26.479+0700] {processor.py:157} INFO - Started process (PID=317181) to work on /home/phuc/Practice/DataScience/DSProject/venv/lib/python3.10/site-packages/airflow/example_dags/tutorial.py
[2023-12-17T08:19:26.480+0700] {processor.py:829} INFO - Processing file /home/phuc/Practice/DataScience/DSProject/venv/lib/python3.10/site-packages/airflow/example_dags/tutorial.py for tasks to queue
[2023-12-17T08:19:26.480+0700] {logging_mixin.py:154} INFO - [2023-12-17T08:19:26.480+0700] {dagbag.py:536} INFO - Filling up the DagBag from /home/phuc/Practice/DataScience/DSProject/venv/lib/python3.10/site-packages/airflow/example_dags/tutorial.py
[2023-12-17T08:19:26.485+0700] {processor.py:839} INFO - DAG(s) dict_keys(['tutorial']) retrieved from /home/phuc/Practice/DataScience/DSProject/venv/lib/python3.10/site-packages/airflow/example_dags/tutorial.py
[2023-12-17T08:19:26.498+0700] {logging_mixin.py:154} INFO - [2023-12-17T08:19:26.498+0700] {dag.py:2941} INFO - Sync 1 DAGs
[2023-12-17T08:19:26.511+0700] {logging_mixin.py:154} INFO - [2023-12-17T08:19:26.511+0700] {dag.py:3722} INFO - Setting next_dagrun for tutorial to 2023-12-16T01:19:26.511495+00:00, run_after=2023-12-17T01:19:26.511495+00:00
[2023-12-17T08:19:26.527+0700] {processor.py:179} INFO - Processing /home/phuc/Practice/DataScience/DSProject/venv/lib/python3.10/site-packages/airflow/example_dags/tutorial.py took 0.052 seconds
[2023-12-17T08:20:18.301+0700] {processor.py:157} INFO - Started process (PID=317728) to work on /home/phuc/Practice/DataScience/DSProject/venv/lib/python3.10/site-packages/airflow/example_dags/tutorial.py
[2023-12-17T08:20:18.308+0700] {processor.py:829} INFO - Processing file /home/phuc/Practice/DataScience/DSProject/venv/lib/python3.10/site-packages/airflow/example_dags/tutorial.py for tasks to queue
[2023-12-17T08:20:18.309+0700] {logging_mixin.py:154} INFO - [2023-12-17T08:20:18.309+0700] {dagbag.py:536} INFO - Filling up the DagBag from /home/phuc/Practice/DataScience/DSProject/venv/lib/python3.10/site-packages/airflow/example_dags/tutorial.py
[2023-12-17T08:20:18.314+0700] {processor.py:839} INFO - DAG(s) dict_keys(['tutorial']) retrieved from /home/phuc/Practice/DataScience/DSProject/venv/lib/python3.10/site-packages/airflow/example_dags/tutorial.py
[2023-12-17T08:20:18.327+0700] {logging_mixin.py:154} INFO - [2023-12-17T08:20:18.326+0700] {dag.py:2941} INFO - Sync 1 DAGs
[2023-12-17T08:20:18.340+0700] {logging_mixin.py:154} INFO - [2023-12-17T08:20:18.340+0700] {dag.py:3722} INFO - Setting next_dagrun for tutorial to 2023-12-16T01:20:18.340360+00:00, run_after=2023-12-17T01:20:18.340360+00:00
[2023-12-17T08:20:18.359+0700] {processor.py:179} INFO - Processing /home/phuc/Practice/DataScience/DSProject/venv/lib/python3.10/site-packages/airflow/example_dags/tutorial.py took 0.061 seconds
[2023-12-17T08:22:01.588+0700] {processor.py:157} INFO - Started process (PID=318790) to work on /home/phuc/Practice/DataScience/DSProject/venv/lib/python3.10/site-packages/airflow/example_dags/tutorial.py
[2023-12-17T08:22:01.589+0700] {processor.py:829} INFO - Processing file /home/phuc/Practice/DataScience/DSProject/venv/lib/python3.10/site-packages/airflow/example_dags/tutorial.py for tasks to queue
[2023-12-17T08:22:01.590+0700] {logging_mixin.py:154} INFO - [2023-12-17T08:22:01.589+0700] {dagbag.py:536} INFO - Filling up the DagBag from /home/phuc/Practice/DataScience/DSProject/venv/lib/python3.10/site-packages/airflow/example_dags/tutorial.py
[2023-12-17T08:22:01.598+0700] {processor.py:839} INFO - DAG(s) dict_keys(['tutorial']) retrieved from /home/phuc/Practice/DataScience/DSProject/venv/lib/python3.10/site-packages/airflow/example_dags/tutorial.py
[2023-12-17T08:22:01.613+0700] {logging_mixin.py:154} INFO - [2023-12-17T08:22:01.613+0700] {dag.py:2941} INFO - Sync 1 DAGs
[2023-12-17T08:22:01.628+0700] {logging_mixin.py:154} INFO - [2023-12-17T08:22:01.627+0700] {dag.py:3722} INFO - Setting next_dagrun for tutorial to 2023-12-16T01:22:01.627709+00:00, run_after=2023-12-17T01:22:01.627709+00:00
[2023-12-17T08:22:01.648+0700] {processor.py:179} INFO - Processing /home/phuc/Practice/DataScience/DSProject/venv/lib/python3.10/site-packages/airflow/example_dags/tutorial.py took 0.062 seconds
[2023-12-17T08:23:38.220+0700] {processor.py:157} INFO - Started process (PID=319536) to work on /home/phuc/Practice/DataScience/DSProject/venv/lib/python3.10/site-packages/airflow/example_dags/tutorial.py
[2023-12-17T08:23:38.227+0700] {processor.py:829} INFO - Processing file /home/phuc/Practice/DataScience/DSProject/venv/lib/python3.10/site-packages/airflow/example_dags/tutorial.py for tasks to queue
[2023-12-17T08:23:38.228+0700] {logging_mixin.py:154} INFO - [2023-12-17T08:23:38.228+0700] {dagbag.py:536} INFO - Filling up the DagBag from /home/phuc/Practice/DataScience/DSProject/venv/lib/python3.10/site-packages/airflow/example_dags/tutorial.py
[2023-12-17T08:23:38.236+0700] {processor.py:839} INFO - DAG(s) dict_keys(['tutorial']) retrieved from /home/phuc/Practice/DataScience/DSProject/venv/lib/python3.10/site-packages/airflow/example_dags/tutorial.py
[2023-12-17T08:23:38.252+0700] {logging_mixin.py:154} INFO - [2023-12-17T08:23:38.252+0700] {dag.py:2941} INFO - Sync 1 DAGs
[2023-12-17T08:23:38.266+0700] {logging_mixin.py:154} INFO - [2023-12-17T08:23:38.266+0700] {dag.py:3722} INFO - Setting next_dagrun for tutorial to 2023-12-16T01:23:38.266344+00:00, run_after=2023-12-17T01:23:38.266344+00:00
[2023-12-17T08:23:38.280+0700] {processor.py:179} INFO - Processing /home/phuc/Practice/DataScience/DSProject/venv/lib/python3.10/site-packages/airflow/example_dags/tutorial.py took 0.063 seconds
[2023-12-17T08:24:24.694+0700] {processor.py:157} INFO - Started process (PID=319826) to work on /home/phuc/Practice/DataScience/DSProject/venv/lib/python3.10/site-packages/airflow/example_dags/tutorial.py
[2023-12-17T08:24:24.695+0700] {processor.py:829} INFO - Processing file /home/phuc/Practice/DataScience/DSProject/venv/lib/python3.10/site-packages/airflow/example_dags/tutorial.py for tasks to queue
[2023-12-17T08:24:24.697+0700] {logging_mixin.py:154} INFO - [2023-12-17T08:24:24.696+0700] {dagbag.py:536} INFO - Filling up the DagBag from /home/phuc/Practice/DataScience/DSProject/venv/lib/python3.10/site-packages/airflow/example_dags/tutorial.py
[2023-12-17T08:24:24.704+0700] {processor.py:839} INFO - DAG(s) dict_keys(['tutorial']) retrieved from /home/phuc/Practice/DataScience/DSProject/venv/lib/python3.10/site-packages/airflow/example_dags/tutorial.py
[2023-12-17T08:24:24.714+0700] {logging_mixin.py:154} INFO - [2023-12-17T08:24:24.714+0700] {dag.py:2941} INFO - Sync 1 DAGs
[2023-12-17T08:24:24.723+0700] {logging_mixin.py:154} INFO - [2023-12-17T08:24:24.723+0700] {dag.py:3722} INFO - Setting next_dagrun for tutorial to 2023-12-16T01:24:24.723531+00:00, run_after=2023-12-17T01:24:24.723531+00:00
[2023-12-17T08:24:24.735+0700] {processor.py:179} INFO - Processing /home/phuc/Practice/DataScience/DSProject/venv/lib/python3.10/site-packages/airflow/example_dags/tutorial.py took 0.046 seconds
[2023-12-17T08:25:06.295+0700] {processor.py:157} INFO - Started process (PID=320008) to work on /home/phuc/Practice/DataScience/DSProject/venv/lib/python3.10/site-packages/airflow/example_dags/tutorial.py
[2023-12-17T08:25:06.302+0700] {processor.py:829} INFO - Processing file /home/phuc/Practice/DataScience/DSProject/venv/lib/python3.10/site-packages/airflow/example_dags/tutorial.py for tasks to queue
[2023-12-17T08:25:06.304+0700] {logging_mixin.py:154} INFO - [2023-12-17T08:25:06.303+0700] {dagbag.py:536} INFO - Filling up the DagBag from /home/phuc/Practice/DataScience/DSProject/venv/lib/python3.10/site-packages/airflow/example_dags/tutorial.py
[2023-12-17T08:25:06.310+0700] {processor.py:839} INFO - DAG(s) dict_keys(['tutorial']) retrieved from /home/phuc/Practice/DataScience/DSProject/venv/lib/python3.10/site-packages/airflow/example_dags/tutorial.py
[2023-12-17T08:25:06.322+0700] {logging_mixin.py:154} INFO - [2023-12-17T08:25:06.322+0700] {dag.py:2941} INFO - Sync 1 DAGs
[2023-12-17T08:25:06.333+0700] {logging_mixin.py:154} INFO - [2023-12-17T08:25:06.332+0700] {dag.py:3722} INFO - Setting next_dagrun for tutorial to 2023-12-16T01:25:06.332741+00:00, run_after=2023-12-17T01:25:06.332741+00:00
[2023-12-17T08:25:06.344+0700] {processor.py:179} INFO - Processing /home/phuc/Practice/DataScience/DSProject/venv/lib/python3.10/site-packages/airflow/example_dags/tutorial.py took 0.052 seconds
[2023-12-17T08:25:56.999+0700] {processor.py:157} INFO - Started process (PID=320231) to work on /home/phuc/Practice/DataScience/DSProject/venv/lib/python3.10/site-packages/airflow/example_dags/tutorial.py
[2023-12-17T08:25:57.006+0700] {processor.py:829} INFO - Processing file /home/phuc/Practice/DataScience/DSProject/venv/lib/python3.10/site-packages/airflow/example_dags/tutorial.py for tasks to queue
[2023-12-17T08:25:57.008+0700] {logging_mixin.py:154} INFO - [2023-12-17T08:25:57.007+0700] {dagbag.py:536} INFO - Filling up the DagBag from /home/phuc/Practice/DataScience/DSProject/venv/lib/python3.10/site-packages/airflow/example_dags/tutorial.py
[2023-12-17T08:25:57.018+0700] {processor.py:839} INFO - DAG(s) dict_keys(['tutorial']) retrieved from /home/phuc/Practice/DataScience/DSProject/venv/lib/python3.10/site-packages/airflow/example_dags/tutorial.py
[2023-12-17T08:25:57.029+0700] {logging_mixin.py:154} INFO - [2023-12-17T08:25:57.029+0700] {dag.py:2941} INFO - Sync 1 DAGs
[2023-12-17T08:25:57.038+0700] {logging_mixin.py:154} INFO - [2023-12-17T08:25:57.038+0700] {dag.py:3722} INFO - Setting next_dagrun for tutorial to 2023-12-16T01:25:57.038629+00:00, run_after=2023-12-17T01:25:57.038629+00:00
[2023-12-17T08:25:57.049+0700] {processor.py:179} INFO - Processing /home/phuc/Practice/DataScience/DSProject/venv/lib/python3.10/site-packages/airflow/example_dags/tutorial.py took 0.053 seconds
[2023-12-17T08:26:46.565+0700] {processor.py:157} INFO - Started process (PID=320515) to work on /home/phuc/Practice/DataScience/DSProject/venv/lib/python3.10/site-packages/airflow/example_dags/tutorial.py
[2023-12-17T08:26:46.572+0700] {processor.py:829} INFO - Processing file /home/phuc/Practice/DataScience/DSProject/venv/lib/python3.10/site-packages/airflow/example_dags/tutorial.py for tasks to queue
[2023-12-17T08:26:46.574+0700] {logging_mixin.py:154} INFO - [2023-12-17T08:26:46.573+0700] {dagbag.py:536} INFO - Filling up the DagBag from /home/phuc/Practice/DataScience/DSProject/venv/lib/python3.10/site-packages/airflow/example_dags/tutorial.py
[2023-12-17T08:26:46.583+0700] {processor.py:839} INFO - DAG(s) dict_keys(['tutorial']) retrieved from /home/phuc/Practice/DataScience/DSProject/venv/lib/python3.10/site-packages/airflow/example_dags/tutorial.py
[2023-12-17T08:26:46.595+0700] {logging_mixin.py:154} INFO - [2023-12-17T08:26:46.595+0700] {dag.py:2941} INFO - Sync 1 DAGs
[2023-12-17T08:26:46.606+0700] {logging_mixin.py:154} INFO - [2023-12-17T08:26:46.606+0700] {dag.py:3722} INFO - Setting next_dagrun for tutorial to 2023-12-16T01:26:46.605891+00:00, run_after=2023-12-17T01:26:46.605891+00:00
[2023-12-17T08:26:46.621+0700] {processor.py:179} INFO - Processing /home/phuc/Practice/DataScience/DSProject/venv/lib/python3.10/site-packages/airflow/example_dags/tutorial.py took 0.058 seconds
[2023-12-17T08:27:38.341+0700] {processor.py:157} INFO - Started process (PID=320755) to work on /home/phuc/Practice/DataScience/DSProject/venv/lib/python3.10/site-packages/airflow/example_dags/tutorial.py
[2023-12-17T08:27:38.348+0700] {processor.py:829} INFO - Processing file /home/phuc/Practice/DataScience/DSProject/venv/lib/python3.10/site-packages/airflow/example_dags/tutorial.py for tasks to queue
[2023-12-17T08:27:38.348+0700] {logging_mixin.py:154} INFO - [2023-12-17T08:27:38.348+0700] {dagbag.py:536} INFO - Filling up the DagBag from /home/phuc/Practice/DataScience/DSProject/venv/lib/python3.10/site-packages/airflow/example_dags/tutorial.py
[2023-12-17T08:27:38.352+0700] {processor.py:839} INFO - DAG(s) dict_keys(['tutorial']) retrieved from /home/phuc/Practice/DataScience/DSProject/venv/lib/python3.10/site-packages/airflow/example_dags/tutorial.py
[2023-12-17T08:27:38.365+0700] {logging_mixin.py:154} INFO - [2023-12-17T08:27:38.365+0700] {dag.py:2941} INFO - Sync 1 DAGs
[2023-12-17T08:27:38.377+0700] {logging_mixin.py:154} INFO - [2023-12-17T08:27:38.377+0700] {dag.py:3722} INFO - Setting next_dagrun for tutorial to 2023-12-16T01:27:38.377444+00:00, run_after=2023-12-17T01:27:38.377444+00:00
[2023-12-17T08:27:38.389+0700] {processor.py:179} INFO - Processing /home/phuc/Practice/DataScience/DSProject/venv/lib/python3.10/site-packages/airflow/example_dags/tutorial.py took 0.051 seconds
[2023-12-17T08:28:26.072+0700] {processor.py:157} INFO - Started process (PID=320956) to work on /home/phuc/Practice/DataScience/DSProject/venv/lib/python3.10/site-packages/airflow/example_dags/tutorial.py
[2023-12-17T08:28:26.079+0700] {processor.py:829} INFO - Processing file /home/phuc/Practice/DataScience/DSProject/venv/lib/python3.10/site-packages/airflow/example_dags/tutorial.py for tasks to queue
[2023-12-17T08:28:26.081+0700] {logging_mixin.py:154} INFO - [2023-12-17T08:28:26.080+0700] {dagbag.py:536} INFO - Filling up the DagBag from /home/phuc/Practice/DataScience/DSProject/venv/lib/python3.10/site-packages/airflow/example_dags/tutorial.py
[2023-12-17T08:28:26.091+0700] {processor.py:839} INFO - DAG(s) dict_keys(['tutorial']) retrieved from /home/phuc/Practice/DataScience/DSProject/venv/lib/python3.10/site-packages/airflow/example_dags/tutorial.py
[2023-12-17T08:28:26.102+0700] {logging_mixin.py:154} INFO - [2023-12-17T08:28:26.102+0700] {dag.py:2941} INFO - Sync 1 DAGs
[2023-12-17T08:28:26.112+0700] {logging_mixin.py:154} INFO - [2023-12-17T08:28:26.112+0700] {dag.py:3722} INFO - Setting next_dagrun for tutorial to 2023-12-16T01:28:26.111873+00:00, run_after=2023-12-17T01:28:26.111873+00:00
[2023-12-17T08:28:26.123+0700] {processor.py:179} INFO - Processing /home/phuc/Practice/DataScience/DSProject/venv/lib/python3.10/site-packages/airflow/example_dags/tutorial.py took 0.054 seconds
[2023-12-17T08:29:13.251+0700] {processor.py:157} INFO - Started process (PID=321161) to work on /home/phuc/Practice/DataScience/DSProject/venv/lib/python3.10/site-packages/airflow/example_dags/tutorial.py
[2023-12-17T08:29:13.258+0700] {processor.py:829} INFO - Processing file /home/phuc/Practice/DataScience/DSProject/venv/lib/python3.10/site-packages/airflow/example_dags/tutorial.py for tasks to queue
[2023-12-17T08:29:13.260+0700] {logging_mixin.py:154} INFO - [2023-12-17T08:29:13.259+0700] {dagbag.py:536} INFO - Filling up the DagBag from /home/phuc/Practice/DataScience/DSProject/venv/lib/python3.10/site-packages/airflow/example_dags/tutorial.py
[2023-12-17T08:29:13.269+0700] {processor.py:839} INFO - DAG(s) dict_keys(['tutorial']) retrieved from /home/phuc/Practice/DataScience/DSProject/venv/lib/python3.10/site-packages/airflow/example_dags/tutorial.py
[2023-12-17T08:29:13.279+0700] {logging_mixin.py:154} INFO - [2023-12-17T08:29:13.279+0700] {dag.py:2941} INFO - Sync 1 DAGs
[2023-12-17T08:29:13.287+0700] {logging_mixin.py:154} INFO - [2023-12-17T08:29:13.287+0700] {dag.py:3722} INFO - Setting next_dagrun for tutorial to 2023-12-16T01:29:13.287580+00:00, run_after=2023-12-17T01:29:13.287580+00:00
[2023-12-17T08:29:13.297+0700] {processor.py:179} INFO - Processing /home/phuc/Practice/DataScience/DSProject/venv/lib/python3.10/site-packages/airflow/example_dags/tutorial.py took 0.049 seconds
[2023-12-17T08:30:05.021+0700] {processor.py:157} INFO - Started process (PID=321388) to work on /home/phuc/Practice/DataScience/DSProject/venv/lib/python3.10/site-packages/airflow/example_dags/tutorial.py
[2023-12-17T08:30:05.027+0700] {processor.py:829} INFO - Processing file /home/phuc/Practice/DataScience/DSProject/venv/lib/python3.10/site-packages/airflow/example_dags/tutorial.py for tasks to queue
[2023-12-17T08:30:05.028+0700] {logging_mixin.py:154} INFO - [2023-12-17T08:30:05.027+0700] {dagbag.py:536} INFO - Filling up the DagBag from /home/phuc/Practice/DataScience/DSProject/venv/lib/python3.10/site-packages/airflow/example_dags/tutorial.py
[2023-12-17T08:30:05.031+0700] {processor.py:839} INFO - DAG(s) dict_keys(['tutorial']) retrieved from /home/phuc/Practice/DataScience/DSProject/venv/lib/python3.10/site-packages/airflow/example_dags/tutorial.py
[2023-12-17T08:30:05.039+0700] {logging_mixin.py:154} INFO - [2023-12-17T08:30:05.039+0700] {dag.py:2941} INFO - Sync 1 DAGs
[2023-12-17T08:30:05.048+0700] {logging_mixin.py:154} INFO - [2023-12-17T08:30:05.048+0700] {dag.py:3722} INFO - Setting next_dagrun for tutorial to 2023-12-16T01:30:05.047931+00:00, run_after=2023-12-17T01:30:05.047931+00:00
[2023-12-17T08:30:05.057+0700] {processor.py:179} INFO - Processing /home/phuc/Practice/DataScience/DSProject/venv/lib/python3.10/site-packages/airflow/example_dags/tutorial.py took 0.039 seconds
[2023-12-17T08:30:56.114+0700] {processor.py:157} INFO - Started process (PID=321650) to work on /home/phuc/Practice/DataScience/DSProject/venv/lib/python3.10/site-packages/airflow/example_dags/tutorial.py
[2023-12-17T08:30:56.121+0700] {processor.py:829} INFO - Processing file /home/phuc/Practice/DataScience/DSProject/venv/lib/python3.10/site-packages/airflow/example_dags/tutorial.py for tasks to queue
[2023-12-17T08:30:56.121+0700] {logging_mixin.py:154} INFO - [2023-12-17T08:30:56.121+0700] {dagbag.py:536} INFO - Filling up the DagBag from /home/phuc/Practice/DataScience/DSProject/venv/lib/python3.10/site-packages/airflow/example_dags/tutorial.py
[2023-12-17T08:30:56.125+0700] {processor.py:839} INFO - DAG(s) dict_keys(['tutorial']) retrieved from /home/phuc/Practice/DataScience/DSProject/venv/lib/python3.10/site-packages/airflow/example_dags/tutorial.py
[2023-12-17T08:30:56.134+0700] {logging_mixin.py:154} INFO - [2023-12-17T08:30:56.134+0700] {dag.py:2941} INFO - Sync 1 DAGs
[2023-12-17T08:30:56.142+0700] {logging_mixin.py:154} INFO - [2023-12-17T08:30:56.142+0700] {dag.py:3722} INFO - Setting next_dagrun for tutorial to 2023-12-16T01:30:56.142627+00:00, run_after=2023-12-17T01:30:56.142627+00:00
[2023-12-17T08:30:56.152+0700] {processor.py:179} INFO - Processing /home/phuc/Practice/DataScience/DSProject/venv/lib/python3.10/site-packages/airflow/example_dags/tutorial.py took 0.040 seconds
[2023-12-17T08:31:47.268+0700] {processor.py:157} INFO - Started process (PID=322025) to work on /home/phuc/Practice/DataScience/DSProject/venv/lib/python3.10/site-packages/airflow/example_dags/tutorial.py
[2023-12-17T08:31:47.274+0700] {processor.py:829} INFO - Processing file /home/phuc/Practice/DataScience/DSProject/venv/lib/python3.10/site-packages/airflow/example_dags/tutorial.py for tasks to queue
[2023-12-17T08:31:47.275+0700] {logging_mixin.py:154} INFO - [2023-12-17T08:31:47.275+0700] {dagbag.py:536} INFO - Filling up the DagBag from /home/phuc/Practice/DataScience/DSProject/venv/lib/python3.10/site-packages/airflow/example_dags/tutorial.py
[2023-12-17T08:31:47.279+0700] {processor.py:839} INFO - DAG(s) dict_keys(['tutorial']) retrieved from /home/phuc/Practice/DataScience/DSProject/venv/lib/python3.10/site-packages/airflow/example_dags/tutorial.py
[2023-12-17T08:31:47.287+0700] {logging_mixin.py:154} INFO - [2023-12-17T08:31:47.287+0700] {dag.py:2941} INFO - Sync 1 DAGs
[2023-12-17T08:31:47.296+0700] {logging_mixin.py:154} INFO - [2023-12-17T08:31:47.296+0700] {dag.py:3722} INFO - Setting next_dagrun for tutorial to 2023-12-16T01:31:47.296521+00:00, run_after=2023-12-17T01:31:47.296521+00:00
[2023-12-17T08:31:47.307+0700] {processor.py:179} INFO - Processing /home/phuc/Practice/DataScience/DSProject/venv/lib/python3.10/site-packages/airflow/example_dags/tutorial.py took 0.041 seconds
[2023-12-17T08:32:50.915+0700] {processor.py:157} INFO - Started process (PID=323010) to work on /home/phuc/Practice/DataScience/DSProject/venv/lib/python3.10/site-packages/airflow/example_dags/tutorial.py
[2023-12-17T08:32:50.922+0700] {processor.py:829} INFO - Processing file /home/phuc/Practice/DataScience/DSProject/venv/lib/python3.10/site-packages/airflow/example_dags/tutorial.py for tasks to queue
[2023-12-17T08:32:50.924+0700] {logging_mixin.py:154} INFO - [2023-12-17T08:32:50.923+0700] {dagbag.py:536} INFO - Filling up the DagBag from /home/phuc/Practice/DataScience/DSProject/venv/lib/python3.10/site-packages/airflow/example_dags/tutorial.py
[2023-12-17T08:32:50.929+0700] {processor.py:839} INFO - DAG(s) dict_keys(['tutorial']) retrieved from /home/phuc/Practice/DataScience/DSProject/venv/lib/python3.10/site-packages/airflow/example_dags/tutorial.py
[2023-12-17T08:32:50.938+0700] {logging_mixin.py:154} INFO - [2023-12-17T08:32:50.938+0700] {dag.py:2941} INFO - Sync 1 DAGs
[2023-12-17T08:32:50.946+0700] {logging_mixin.py:154} INFO - [2023-12-17T08:32:50.946+0700] {dag.py:3722} INFO - Setting next_dagrun for tutorial to 2023-12-16T01:32:50.945961+00:00, run_after=2023-12-17T01:32:50.945961+00:00
[2023-12-17T08:32:50.955+0700] {processor.py:179} INFO - Processing /home/phuc/Practice/DataScience/DSProject/venv/lib/python3.10/site-packages/airflow/example_dags/tutorial.py took 0.044 seconds
[2023-12-17T08:33:33.212+0700] {processor.py:157} INFO - Started process (PID=323208) to work on /home/phuc/Practice/DataScience/DSProject/venv/lib/python3.10/site-packages/airflow/example_dags/tutorial.py
[2023-12-17T08:33:33.219+0700] {processor.py:829} INFO - Processing file /home/phuc/Practice/DataScience/DSProject/venv/lib/python3.10/site-packages/airflow/example_dags/tutorial.py for tasks to queue
[2023-12-17T08:33:33.221+0700] {logging_mixin.py:154} INFO - [2023-12-17T08:33:33.220+0700] {dagbag.py:536} INFO - Filling up the DagBag from /home/phuc/Practice/DataScience/DSProject/venv/lib/python3.10/site-packages/airflow/example_dags/tutorial.py
[2023-12-17T08:33:33.231+0700] {processor.py:839} INFO - DAG(s) dict_keys(['tutorial']) retrieved from /home/phuc/Practice/DataScience/DSProject/venv/lib/python3.10/site-packages/airflow/example_dags/tutorial.py
[2023-12-17T08:33:33.241+0700] {logging_mixin.py:154} INFO - [2023-12-17T08:33:33.241+0700] {dag.py:2941} INFO - Sync 1 DAGs
[2023-12-17T08:33:33.249+0700] {logging_mixin.py:154} INFO - [2023-12-17T08:33:33.249+0700] {dag.py:3722} INFO - Setting next_dagrun for tutorial to 2023-12-16T01:33:33.249606+00:00, run_after=2023-12-17T01:33:33.249606+00:00
[2023-12-17T08:33:33.259+0700] {processor.py:179} INFO - Processing /home/phuc/Practice/DataScience/DSProject/venv/lib/python3.10/site-packages/airflow/example_dags/tutorial.py took 0.050 seconds
[2023-12-17T08:34:22.316+0700] {processor.py:157} INFO - Started process (PID=323588) to work on /home/phuc/Practice/DataScience/DSProject/venv/lib/python3.10/site-packages/airflow/example_dags/tutorial.py
[2023-12-17T08:34:22.323+0700] {processor.py:829} INFO - Processing file /home/phuc/Practice/DataScience/DSProject/venv/lib/python3.10/site-packages/airflow/example_dags/tutorial.py for tasks to queue
[2023-12-17T08:34:22.324+0700] {logging_mixin.py:154} INFO - [2023-12-17T08:34:22.324+0700] {dagbag.py:536} INFO - Filling up the DagBag from /home/phuc/Practice/DataScience/DSProject/venv/lib/python3.10/site-packages/airflow/example_dags/tutorial.py
[2023-12-17T08:34:22.334+0700] {processor.py:839} INFO - DAG(s) dict_keys(['tutorial']) retrieved from /home/phuc/Practice/DataScience/DSProject/venv/lib/python3.10/site-packages/airflow/example_dags/tutorial.py
[2023-12-17T08:34:22.345+0700] {logging_mixin.py:154} INFO - [2023-12-17T08:34:22.345+0700] {dag.py:2941} INFO - Sync 1 DAGs
[2023-12-17T08:34:22.353+0700] {logging_mixin.py:154} INFO - [2023-12-17T08:34:22.353+0700] {dag.py:3722} INFO - Setting next_dagrun for tutorial to 2023-12-16T01:34:22.353027+00:00, run_after=2023-12-17T01:34:22.353027+00:00
[2023-12-17T08:34:22.362+0700] {processor.py:179} INFO - Processing /home/phuc/Practice/DataScience/DSProject/venv/lib/python3.10/site-packages/airflow/example_dags/tutorial.py took 0.049 seconds
[2023-12-17T08:35:16.538+0700] {processor.py:157} INFO - Started process (PID=324022) to work on /home/phuc/Practice/DataScience/DSProject/venv/lib/python3.10/site-packages/airflow/example_dags/tutorial.py
[2023-12-17T08:35:16.545+0700] {processor.py:829} INFO - Processing file /home/phuc/Practice/DataScience/DSProject/venv/lib/python3.10/site-packages/airflow/example_dags/tutorial.py for tasks to queue
[2023-12-17T08:35:16.545+0700] {logging_mixin.py:154} INFO - [2023-12-17T08:35:16.545+0700] {dagbag.py:536} INFO - Filling up the DagBag from /home/phuc/Practice/DataScience/DSProject/venv/lib/python3.10/site-packages/airflow/example_dags/tutorial.py
[2023-12-17T08:35:16.549+0700] {processor.py:839} INFO - DAG(s) dict_keys(['tutorial']) retrieved from /home/phuc/Practice/DataScience/DSProject/venv/lib/python3.10/site-packages/airflow/example_dags/tutorial.py
[2023-12-17T08:35:16.557+0700] {logging_mixin.py:154} INFO - [2023-12-17T08:35:16.557+0700] {dag.py:2941} INFO - Sync 1 DAGs
[2023-12-17T08:35:16.567+0700] {logging_mixin.py:154} INFO - [2023-12-17T08:35:16.566+0700] {dag.py:3722} INFO - Setting next_dagrun for tutorial to 2023-12-16T01:35:16.566748+00:00, run_after=2023-12-17T01:35:16.566748+00:00
[2023-12-17T08:35:16.578+0700] {processor.py:179} INFO - Processing /home/phuc/Practice/DataScience/DSProject/venv/lib/python3.10/site-packages/airflow/example_dags/tutorial.py took 0.041 seconds
