[2023-12-17T08:03:35.719+0700] {processor.py:157} INFO - Started process (PID=309872) to work on /home/phuc/Practice/DataScience/DSProject/venv/lib/python3.10/site-packages/airflow/example_dags/tutorial_taskflow_api_virtualenv.py
[2023-12-17T08:03:35.720+0700] {processor.py:829} INFO - Processing file /home/phuc/Practice/DataScience/DSProject/venv/lib/python3.10/site-packages/airflow/example_dags/tutorial_taskflow_api_virtualenv.py for tasks to queue
[2023-12-17T08:03:35.721+0700] {logging_mixin.py:154} INFO - [2023-12-17T08:03:35.721+0700] {dagbag.py:536} INFO - Filling up the DagBag from /home/phuc/Practice/DataScience/DSProject/venv/lib/python3.10/site-packages/airflow/example_dags/tutorial_taskflow_api_virtualenv.py
[2023-12-17T08:03:35.725+0700] {processor.py:839} INFO - DAG(s) dict_keys(['tutorial_taskflow_api_virtualenv']) retrieved from /home/phuc/Practice/DataScience/DSProject/venv/lib/python3.10/site-packages/airflow/example_dags/tutorial_taskflow_api_virtualenv.py
[2023-12-17T08:03:35.791+0700] {logging_mixin.py:154} INFO - [2023-12-17T08:03:35.791+0700] {manager.py:499} INFO - Created Permission View: %s
[2023-12-17T08:03:35.799+0700] {logging_mixin.py:154} INFO - [2023-12-17T08:03:35.799+0700] {manager.py:499} INFO - Created Permission View: %s
[2023-12-17T08:03:35.804+0700] {logging_mixin.py:154} INFO - [2023-12-17T08:03:35.804+0700] {manager.py:499} INFO - Created Permission View: %s
[2023-12-17T08:03:35.804+0700] {logging_mixin.py:154} INFO - [2023-12-17T08:03:35.804+0700] {dag.py:2941} INFO - Sync 1 DAGs
[2023-12-17T08:03:35.811+0700] {logging_mixin.py:154} INFO - [2023-12-17T08:03:35.811+0700] {dag.py:2963} INFO - Creating ORM DAG for tutorial_taskflow_api_virtualenv
[2023-12-17T08:03:35.811+0700] {logging_mixin.py:154} INFO - [2023-12-17T08:03:35.811+0700] {dag.py:3722} INFO - Setting next_dagrun for tutorial_taskflow_api_virtualenv to None, run_after=None
[2023-12-17T08:03:35.825+0700] {processor.py:179} INFO - Processing /home/phuc/Practice/DataScience/DSProject/venv/lib/python3.10/site-packages/airflow/example_dags/tutorial_taskflow_api_virtualenv.py took 0.108 seconds
[2023-12-17T08:05:50.282+0700] {processor.py:157} INFO - Started process (PID=311117) to work on /home/phuc/Practice/DataScience/DSProject/venv/lib/python3.10/site-packages/airflow/example_dags/tutorial_taskflow_api_virtualenv.py
[2023-12-17T08:05:50.289+0700] {processor.py:829} INFO - Processing file /home/phuc/Practice/DataScience/DSProject/venv/lib/python3.10/site-packages/airflow/example_dags/tutorial_taskflow_api_virtualenv.py for tasks to queue
[2023-12-17T08:05:50.291+0700] {logging_mixin.py:154} INFO - [2023-12-17T08:05:50.290+0700] {dagbag.py:536} INFO - Filling up the DagBag from /home/phuc/Practice/DataScience/DSProject/venv/lib/python3.10/site-packages/airflow/example_dags/tutorial_taskflow_api_virtualenv.py
[2023-12-17T08:05:50.301+0700] {processor.py:839} INFO - DAG(s) dict_keys(['tutorial_taskflow_api_virtualenv']) retrieved from /home/phuc/Practice/DataScience/DSProject/venv/lib/python3.10/site-packages/airflow/example_dags/tutorial_taskflow_api_virtualenv.py
[2023-12-17T08:05:50.313+0700] {logging_mixin.py:154} INFO - [2023-12-17T08:05:50.313+0700] {dag.py:2941} INFO - Sync 1 DAGs
[2023-12-17T08:05:50.321+0700] {logging_mixin.py:154} INFO - [2023-12-17T08:05:50.320+0700] {dag.py:3722} INFO - Setting next_dagrun for tutorial_taskflow_api_virtualenv to None, run_after=None
[2023-12-17T08:05:50.337+0700] {processor.py:179} INFO - Processing /home/phuc/Practice/DataScience/DSProject/venv/lib/python3.10/site-packages/airflow/example_dags/tutorial_taskflow_api_virtualenv.py took 0.058 seconds
[2023-12-17T08:06:39.498+0700] {processor.py:157} INFO - Started process (PID=311639) to work on /home/phuc/Practice/DataScience/DSProject/venv/lib/python3.10/site-packages/airflow/example_dags/tutorial_taskflow_api_virtualenv.py
[2023-12-17T08:06:39.499+0700] {processor.py:829} INFO - Processing file /home/phuc/Practice/DataScience/DSProject/venv/lib/python3.10/site-packages/airflow/example_dags/tutorial_taskflow_api_virtualenv.py for tasks to queue
[2023-12-17T08:06:39.500+0700] {logging_mixin.py:154} INFO - [2023-12-17T08:06:39.499+0700] {dagbag.py:536} INFO - Filling up the DagBag from /home/phuc/Practice/DataScience/DSProject/venv/lib/python3.10/site-packages/airflow/example_dags/tutorial_taskflow_api_virtualenv.py
[2023-12-17T08:06:39.505+0700] {processor.py:839} INFO - DAG(s) dict_keys(['tutorial_taskflow_api_virtualenv']) retrieved from /home/phuc/Practice/DataScience/DSProject/venv/lib/python3.10/site-packages/airflow/example_dags/tutorial_taskflow_api_virtualenv.py
[2023-12-17T08:06:39.516+0700] {logging_mixin.py:154} INFO - [2023-12-17T08:06:39.516+0700] {dag.py:2941} INFO - Sync 1 DAGs
[2023-12-17T08:06:39.523+0700] {logging_mixin.py:154} INFO - [2023-12-17T08:06:39.523+0700] {dag.py:3722} INFO - Setting next_dagrun for tutorial_taskflow_api_virtualenv to None, run_after=None
[2023-12-17T08:06:39.538+0700] {processor.py:179} INFO - Processing /home/phuc/Practice/DataScience/DSProject/venv/lib/python3.10/site-packages/airflow/example_dags/tutorial_taskflow_api_virtualenv.py took 0.042 seconds
[2023-12-17T08:08:11.727+0700] {processor.py:157} INFO - Started process (PID=313016) to work on /home/phuc/Practice/DataScience/DSProject/venv/lib/python3.10/site-packages/airflow/example_dags/tutorial_taskflow_api_virtualenv.py
[2023-12-17T08:08:11.734+0700] {processor.py:829} INFO - Processing file /home/phuc/Practice/DataScience/DSProject/venv/lib/python3.10/site-packages/airflow/example_dags/tutorial_taskflow_api_virtualenv.py for tasks to queue
[2023-12-17T08:08:11.735+0700] {logging_mixin.py:154} INFO - [2023-12-17T08:08:11.734+0700] {dagbag.py:536} INFO - Filling up the DagBag from /home/phuc/Practice/DataScience/DSProject/venv/lib/python3.10/site-packages/airflow/example_dags/tutorial_taskflow_api_virtualenv.py
[2023-12-17T08:08:11.746+0700] {processor.py:839} INFO - DAG(s) dict_keys(['tutorial_taskflow_api_virtualenv']) retrieved from /home/phuc/Practice/DataScience/DSProject/venv/lib/python3.10/site-packages/airflow/example_dags/tutorial_taskflow_api_virtualenv.py
[2023-12-17T08:08:11.757+0700] {logging_mixin.py:154} INFO - [2023-12-17T08:08:11.757+0700] {dag.py:2941} INFO - Sync 1 DAGs
[2023-12-17T08:08:11.764+0700] {logging_mixin.py:154} INFO - [2023-12-17T08:08:11.764+0700] {dag.py:3722} INFO - Setting next_dagrun for tutorial_taskflow_api_virtualenv to None, run_after=None
[2023-12-17T08:08:11.777+0700] {processor.py:179} INFO - Processing /home/phuc/Practice/DataScience/DSProject/venv/lib/python3.10/site-packages/airflow/example_dags/tutorial_taskflow_api_virtualenv.py took 0.053 seconds
[2023-12-17T08:09:08.718+0700] {processor.py:157} INFO - Started process (PID=313382) to work on /home/phuc/Practice/DataScience/DSProject/venv/lib/python3.10/site-packages/airflow/example_dags/tutorial_taskflow_api_virtualenv.py
[2023-12-17T08:09:08.725+0700] {processor.py:829} INFO - Processing file /home/phuc/Practice/DataScience/DSProject/venv/lib/python3.10/site-packages/airflow/example_dags/tutorial_taskflow_api_virtualenv.py for tasks to queue
[2023-12-17T08:09:08.726+0700] {logging_mixin.py:154} INFO - [2023-12-17T08:09:08.726+0700] {dagbag.py:536} INFO - Filling up the DagBag from /home/phuc/Practice/DataScience/DSProject/venv/lib/python3.10/site-packages/airflow/example_dags/tutorial_taskflow_api_virtualenv.py
[2023-12-17T08:09:08.736+0700] {processor.py:839} INFO - DAG(s) dict_keys(['tutorial_taskflow_api_virtualenv']) retrieved from /home/phuc/Practice/DataScience/DSProject/venv/lib/python3.10/site-packages/airflow/example_dags/tutorial_taskflow_api_virtualenv.py
[2023-12-17T08:09:08.747+0700] {logging_mixin.py:154} INFO - [2023-12-17T08:09:08.747+0700] {dag.py:2941} INFO - Sync 1 DAGs
[2023-12-17T08:09:08.753+0700] {logging_mixin.py:154} INFO - [2023-12-17T08:09:08.753+0700] {dag.py:3722} INFO - Setting next_dagrun for tutorial_taskflow_api_virtualenv to None, run_after=None
[2023-12-17T08:09:08.765+0700] {processor.py:179} INFO - Processing /home/phuc/Practice/DataScience/DSProject/venv/lib/python3.10/site-packages/airflow/example_dags/tutorial_taskflow_api_virtualenv.py took 0.049 seconds
[2023-12-17T08:09:54.283+0700] {processor.py:157} INFO - Started process (PID=313671) to work on /home/phuc/Practice/DataScience/DSProject/venv/lib/python3.10/site-packages/airflow/example_dags/tutorial_taskflow_api_virtualenv.py
[2023-12-17T08:09:54.290+0700] {processor.py:829} INFO - Processing file /home/phuc/Practice/DataScience/DSProject/venv/lib/python3.10/site-packages/airflow/example_dags/tutorial_taskflow_api_virtualenv.py for tasks to queue
[2023-12-17T08:09:54.291+0700] {logging_mixin.py:154} INFO - [2023-12-17T08:09:54.291+0700] {dagbag.py:536} INFO - Filling up the DagBag from /home/phuc/Practice/DataScience/DSProject/venv/lib/python3.10/site-packages/airflow/example_dags/tutorial_taskflow_api_virtualenv.py
[2023-12-17T08:09:54.297+0700] {processor.py:839} INFO - DAG(s) dict_keys(['tutorial_taskflow_api_virtualenv']) retrieved from /home/phuc/Practice/DataScience/DSProject/venv/lib/python3.10/site-packages/airflow/example_dags/tutorial_taskflow_api_virtualenv.py
[2023-12-17T08:09:54.309+0700] {logging_mixin.py:154} INFO - [2023-12-17T08:09:54.308+0700] {dag.py:2941} INFO - Sync 1 DAGs
[2023-12-17T08:09:54.317+0700] {logging_mixin.py:154} INFO - [2023-12-17T08:09:54.317+0700] {dag.py:3722} INFO - Setting next_dagrun for tutorial_taskflow_api_virtualenv to None, run_after=None
[2023-12-17T08:09:54.334+0700] {processor.py:179} INFO - Processing /home/phuc/Practice/DataScience/DSProject/venv/lib/python3.10/site-packages/airflow/example_dags/tutorial_taskflow_api_virtualenv.py took 0.054 seconds
[2023-12-17T08:10:47.096+0700] {processor.py:157} INFO - Started process (PID=313947) to work on /home/phuc/Practice/DataScience/DSProject/venv/lib/python3.10/site-packages/airflow/example_dags/tutorial_taskflow_api_virtualenv.py
[2023-12-17T08:10:47.103+0700] {processor.py:829} INFO - Processing file /home/phuc/Practice/DataScience/DSProject/venv/lib/python3.10/site-packages/airflow/example_dags/tutorial_taskflow_api_virtualenv.py for tasks to queue
[2023-12-17T08:10:47.105+0700] {logging_mixin.py:154} INFO - [2023-12-17T08:10:47.104+0700] {dagbag.py:536} INFO - Filling up the DagBag from /home/phuc/Practice/DataScience/DSProject/venv/lib/python3.10/site-packages/airflow/example_dags/tutorial_taskflow_api_virtualenv.py
[2023-12-17T08:10:47.115+0700] {processor.py:839} INFO - DAG(s) dict_keys(['tutorial_taskflow_api_virtualenv']) retrieved from /home/phuc/Practice/DataScience/DSProject/venv/lib/python3.10/site-packages/airflow/example_dags/tutorial_taskflow_api_virtualenv.py
[2023-12-17T08:10:47.126+0700] {logging_mixin.py:154} INFO - [2023-12-17T08:10:47.126+0700] {dag.py:2941} INFO - Sync 1 DAGs
[2023-12-17T08:10:47.132+0700] {logging_mixin.py:154} INFO - [2023-12-17T08:10:47.132+0700] {dag.py:3722} INFO - Setting next_dagrun for tutorial_taskflow_api_virtualenv to None, run_after=None
[2023-12-17T08:10:47.144+0700] {processor.py:179} INFO - Processing /home/phuc/Practice/DataScience/DSProject/venv/lib/python3.10/site-packages/airflow/example_dags/tutorial_taskflow_api_virtualenv.py took 0.051 seconds
[2023-12-17T08:11:34.409+0700] {processor.py:157} INFO - Started process (PID=314167) to work on /home/phuc/Practice/DataScience/DSProject/venv/lib/python3.10/site-packages/airflow/example_dags/tutorial_taskflow_api_virtualenv.py
[2023-12-17T08:11:34.416+0700] {processor.py:829} INFO - Processing file /home/phuc/Practice/DataScience/DSProject/venv/lib/python3.10/site-packages/airflow/example_dags/tutorial_taskflow_api_virtualenv.py for tasks to queue
[2023-12-17T08:11:34.418+0700] {logging_mixin.py:154} INFO - [2023-12-17T08:11:34.417+0700] {dagbag.py:536} INFO - Filling up the DagBag from /home/phuc/Practice/DataScience/DSProject/venv/lib/python3.10/site-packages/airflow/example_dags/tutorial_taskflow_api_virtualenv.py
[2023-12-17T08:11:34.427+0700] {processor.py:839} INFO - DAG(s) dict_keys(['tutorial_taskflow_api_virtualenv']) retrieved from /home/phuc/Practice/DataScience/DSProject/venv/lib/python3.10/site-packages/airflow/example_dags/tutorial_taskflow_api_virtualenv.py
[2023-12-17T08:11:34.439+0700] {logging_mixin.py:154} INFO - [2023-12-17T08:11:34.438+0700] {dag.py:2941} INFO - Sync 1 DAGs
[2023-12-17T08:11:34.445+0700] {logging_mixin.py:154} INFO - [2023-12-17T08:11:34.445+0700] {dag.py:3722} INFO - Setting next_dagrun for tutorial_taskflow_api_virtualenv to None, run_after=None
[2023-12-17T08:11:34.456+0700] {processor.py:179} INFO - Processing /home/phuc/Practice/DataScience/DSProject/venv/lib/python3.10/site-packages/airflow/example_dags/tutorial_taskflow_api_virtualenv.py took 0.052 seconds
[2023-12-17T08:12:25.778+0700] {processor.py:157} INFO - Started process (PID=314427) to work on /home/phuc/Practice/DataScience/DSProject/venv/lib/python3.10/site-packages/airflow/example_dags/tutorial_taskflow_api_virtualenv.py
[2023-12-17T08:12:25.785+0700] {processor.py:829} INFO - Processing file /home/phuc/Practice/DataScience/DSProject/venv/lib/python3.10/site-packages/airflow/example_dags/tutorial_taskflow_api_virtualenv.py for tasks to queue
[2023-12-17T08:12:25.786+0700] {logging_mixin.py:154} INFO - [2023-12-17T08:12:25.786+0700] {dagbag.py:536} INFO - Filling up the DagBag from /home/phuc/Practice/DataScience/DSProject/venv/lib/python3.10/site-packages/airflow/example_dags/tutorial_taskflow_api_virtualenv.py
[2023-12-17T08:12:25.796+0700] {processor.py:839} INFO - DAG(s) dict_keys(['tutorial_taskflow_api_virtualenv']) retrieved from /home/phuc/Practice/DataScience/DSProject/venv/lib/python3.10/site-packages/airflow/example_dags/tutorial_taskflow_api_virtualenv.py
[2023-12-17T08:12:25.807+0700] {logging_mixin.py:154} INFO - [2023-12-17T08:12:25.807+0700] {dag.py:2941} INFO - Sync 1 DAGs
[2023-12-17T08:12:25.813+0700] {logging_mixin.py:154} INFO - [2023-12-17T08:12:25.812+0700] {dag.py:3722} INFO - Setting next_dagrun for tutorial_taskflow_api_virtualenv to None, run_after=None
[2023-12-17T08:12:25.824+0700] {processor.py:179} INFO - Processing /home/phuc/Practice/DataScience/DSProject/venv/lib/python3.10/site-packages/airflow/example_dags/tutorial_taskflow_api_virtualenv.py took 0.049 seconds
[2023-12-17T08:13:12.999+0700] {processor.py:157} INFO - Started process (PID=314632) to work on /home/phuc/Practice/DataScience/DSProject/venv/lib/python3.10/site-packages/airflow/example_dags/tutorial_taskflow_api_virtualenv.py
[2023-12-17T08:13:13.006+0700] {processor.py:829} INFO - Processing file /home/phuc/Practice/DataScience/DSProject/venv/lib/python3.10/site-packages/airflow/example_dags/tutorial_taskflow_api_virtualenv.py for tasks to queue
[2023-12-17T08:13:13.007+0700] {logging_mixin.py:154} INFO - [2023-12-17T08:13:13.007+0700] {dagbag.py:536} INFO - Filling up the DagBag from /home/phuc/Practice/DataScience/DSProject/venv/lib/python3.10/site-packages/airflow/example_dags/tutorial_taskflow_api_virtualenv.py
[2023-12-17T08:13:13.012+0700] {processor.py:839} INFO - DAG(s) dict_keys(['tutorial_taskflow_api_virtualenv']) retrieved from /home/phuc/Practice/DataScience/DSProject/venv/lib/python3.10/site-packages/airflow/example_dags/tutorial_taskflow_api_virtualenv.py
[2023-12-17T08:13:13.023+0700] {logging_mixin.py:154} INFO - [2023-12-17T08:13:13.023+0700] {dag.py:2941} INFO - Sync 1 DAGs
[2023-12-17T08:13:13.031+0700] {logging_mixin.py:154} INFO - [2023-12-17T08:13:13.031+0700] {dag.py:3722} INFO - Setting next_dagrun for tutorial_taskflow_api_virtualenv to None, run_after=None
[2023-12-17T08:13:13.045+0700] {processor.py:179} INFO - Processing /home/phuc/Practice/DataScience/DSProject/venv/lib/python3.10/site-packages/airflow/example_dags/tutorial_taskflow_api_virtualenv.py took 0.049 seconds
[2023-12-17T08:13:59.288+0700] {processor.py:157} INFO - Started process (PID=314894) to work on /home/phuc/Practice/DataScience/DSProject/venv/lib/python3.10/site-packages/airflow/example_dags/tutorial_taskflow_api_virtualenv.py
[2023-12-17T08:13:59.295+0700] {processor.py:829} INFO - Processing file /home/phuc/Practice/DataScience/DSProject/venv/lib/python3.10/site-packages/airflow/example_dags/tutorial_taskflow_api_virtualenv.py for tasks to queue
[2023-12-17T08:13:59.296+0700] {logging_mixin.py:154} INFO - [2023-12-17T08:13:59.296+0700] {dagbag.py:536} INFO - Filling up the DagBag from /home/phuc/Practice/DataScience/DSProject/venv/lib/python3.10/site-packages/airflow/example_dags/tutorial_taskflow_api_virtualenv.py
[2023-12-17T08:13:59.306+0700] {processor.py:839} INFO - DAG(s) dict_keys(['tutorial_taskflow_api_virtualenv']) retrieved from /home/phuc/Practice/DataScience/DSProject/venv/lib/python3.10/site-packages/airflow/example_dags/tutorial_taskflow_api_virtualenv.py
[2023-12-17T08:13:59.317+0700] {logging_mixin.py:154} INFO - [2023-12-17T08:13:59.317+0700] {dag.py:2941} INFO - Sync 1 DAGs
[2023-12-17T08:13:59.323+0700] {logging_mixin.py:154} INFO - [2023-12-17T08:13:59.323+0700] {dag.py:3722} INFO - Setting next_dagrun for tutorial_taskflow_api_virtualenv to None, run_after=None
[2023-12-17T08:13:59.336+0700] {processor.py:179} INFO - Processing /home/phuc/Practice/DataScience/DSProject/venv/lib/python3.10/site-packages/airflow/example_dags/tutorial_taskflow_api_virtualenv.py took 0.050 seconds
[2023-12-17T08:14:50.727+0700] {processor.py:157} INFO - Started process (PID=315115) to work on /home/phuc/Practice/DataScience/DSProject/venv/lib/python3.10/site-packages/airflow/example_dags/tutorial_taskflow_api_virtualenv.py
[2023-12-17T08:14:50.728+0700] {processor.py:829} INFO - Processing file /home/phuc/Practice/DataScience/DSProject/venv/lib/python3.10/site-packages/airflow/example_dags/tutorial_taskflow_api_virtualenv.py for tasks to queue
[2023-12-17T08:14:50.728+0700] {logging_mixin.py:154} INFO - [2023-12-17T08:14:50.728+0700] {dagbag.py:536} INFO - Filling up the DagBag from /home/phuc/Practice/DataScience/DSProject/venv/lib/python3.10/site-packages/airflow/example_dags/tutorial_taskflow_api_virtualenv.py
[2023-12-17T08:14:50.732+0700] {processor.py:839} INFO - DAG(s) dict_keys(['tutorial_taskflow_api_virtualenv']) retrieved from /home/phuc/Practice/DataScience/DSProject/venv/lib/python3.10/site-packages/airflow/example_dags/tutorial_taskflow_api_virtualenv.py
[2023-12-17T08:14:50.741+0700] {logging_mixin.py:154} INFO - [2023-12-17T08:14:50.741+0700] {dag.py:2941} INFO - Sync 1 DAGs
[2023-12-17T08:14:50.747+0700] {logging_mixin.py:154} INFO - [2023-12-17T08:14:50.747+0700] {dag.py:3722} INFO - Setting next_dagrun for tutorial_taskflow_api_virtualenv to None, run_after=None
[2023-12-17T08:14:50.758+0700] {processor.py:179} INFO - Processing /home/phuc/Practice/DataScience/DSProject/venv/lib/python3.10/site-packages/airflow/example_dags/tutorial_taskflow_api_virtualenv.py took 0.033 seconds
[2023-12-17T08:15:44.540+0700] {processor.py:157} INFO - Started process (PID=315360) to work on /home/phuc/Practice/DataScience/DSProject/venv/lib/python3.10/site-packages/airflow/example_dags/tutorial_taskflow_api_virtualenv.py
[2023-12-17T08:15:44.547+0700] {processor.py:829} INFO - Processing file /home/phuc/Practice/DataScience/DSProject/venv/lib/python3.10/site-packages/airflow/example_dags/tutorial_taskflow_api_virtualenv.py for tasks to queue
[2023-12-17T08:15:44.548+0700] {logging_mixin.py:154} INFO - [2023-12-17T08:15:44.547+0700] {dagbag.py:536} INFO - Filling up the DagBag from /home/phuc/Practice/DataScience/DSProject/venv/lib/python3.10/site-packages/airflow/example_dags/tutorial_taskflow_api_virtualenv.py
[2023-12-17T08:15:44.558+0700] {processor.py:839} INFO - DAG(s) dict_keys(['tutorial_taskflow_api_virtualenv']) retrieved from /home/phuc/Practice/DataScience/DSProject/venv/lib/python3.10/site-packages/airflow/example_dags/tutorial_taskflow_api_virtualenv.py
[2023-12-17T08:15:44.569+0700] {logging_mixin.py:154} INFO - [2023-12-17T08:15:44.569+0700] {dag.py:2941} INFO - Sync 1 DAGs
[2023-12-17T08:15:44.575+0700] {logging_mixin.py:154} INFO - [2023-12-17T08:15:44.575+0700] {dag.py:3722} INFO - Setting next_dagrun for tutorial_taskflow_api_virtualenv to None, run_after=None
[2023-12-17T08:15:44.587+0700] {processor.py:179} INFO - Processing /home/phuc/Practice/DataScience/DSProject/venv/lib/python3.10/site-packages/airflow/example_dags/tutorial_taskflow_api_virtualenv.py took 0.050 seconds
[2023-12-17T08:18:05.503+0700] {processor.py:157} INFO - Started process (PID=316464) to work on /home/phuc/Practice/DataScience/DSProject/venv/lib/python3.10/site-packages/airflow/example_dags/tutorial_taskflow_api_virtualenv.py
[2023-12-17T08:18:05.504+0700] {processor.py:829} INFO - Processing file /home/phuc/Practice/DataScience/DSProject/venv/lib/python3.10/site-packages/airflow/example_dags/tutorial_taskflow_api_virtualenv.py for tasks to queue
[2023-12-17T08:18:05.504+0700] {logging_mixin.py:154} INFO - [2023-12-17T08:18:05.504+0700] {dagbag.py:536} INFO - Filling up the DagBag from /home/phuc/Practice/DataScience/DSProject/venv/lib/python3.10/site-packages/airflow/example_dags/tutorial_taskflow_api_virtualenv.py
[2023-12-17T08:18:05.511+0700] {processor.py:839} INFO - DAG(s) dict_keys(['tutorial_taskflow_api_virtualenv']) retrieved from /home/phuc/Practice/DataScience/DSProject/venv/lib/python3.10/site-packages/airflow/example_dags/tutorial_taskflow_api_virtualenv.py
[2023-12-17T08:18:05.521+0700] {logging_mixin.py:154} INFO - [2023-12-17T08:18:05.521+0700] {dag.py:2941} INFO - Sync 1 DAGs
[2023-12-17T08:18:05.528+0700] {logging_mixin.py:154} INFO - [2023-12-17T08:18:05.527+0700] {dag.py:3722} INFO - Setting next_dagrun for tutorial_taskflow_api_virtualenv to None, run_after=None
[2023-12-17T08:18:05.540+0700] {processor.py:179} INFO - Processing /home/phuc/Practice/DataScience/DSProject/venv/lib/python3.10/site-packages/airflow/example_dags/tutorial_taskflow_api_virtualenv.py took 0.039 seconds
[2023-12-17T08:18:54.078+0700] {processor.py:157} INFO - Started process (PID=316869) to work on /home/phuc/Practice/DataScience/DSProject/venv/lib/python3.10/site-packages/airflow/example_dags/tutorial_taskflow_api_virtualenv.py
[2023-12-17T08:18:54.079+0700] {processor.py:829} INFO - Processing file /home/phuc/Practice/DataScience/DSProject/venv/lib/python3.10/site-packages/airflow/example_dags/tutorial_taskflow_api_virtualenv.py for tasks to queue
[2023-12-17T08:18:54.080+0700] {logging_mixin.py:154} INFO - [2023-12-17T08:18:54.080+0700] {dagbag.py:536} INFO - Filling up the DagBag from /home/phuc/Practice/DataScience/DSProject/venv/lib/python3.10/site-packages/airflow/example_dags/tutorial_taskflow_api_virtualenv.py
[2023-12-17T08:18:54.088+0700] {processor.py:839} INFO - DAG(s) dict_keys(['tutorial_taskflow_api_virtualenv']) retrieved from /home/phuc/Practice/DataScience/DSProject/venv/lib/python3.10/site-packages/airflow/example_dags/tutorial_taskflow_api_virtualenv.py
[2023-12-17T08:18:54.103+0700] {logging_mixin.py:154} INFO - [2023-12-17T08:18:54.103+0700] {dag.py:2941} INFO - Sync 1 DAGs
[2023-12-17T08:18:54.115+0700] {logging_mixin.py:154} INFO - [2023-12-17T08:18:54.115+0700] {dag.py:3722} INFO - Setting next_dagrun for tutorial_taskflow_api_virtualenv to None, run_after=None
[2023-12-17T08:18:54.134+0700] {processor.py:179} INFO - Processing /home/phuc/Practice/DataScience/DSProject/venv/lib/python3.10/site-packages/airflow/example_dags/tutorial_taskflow_api_virtualenv.py took 0.060 seconds
[2023-12-17T08:19:45.548+0700] {processor.py:157} INFO - Started process (PID=317390) to work on /home/phuc/Practice/DataScience/DSProject/venv/lib/python3.10/site-packages/airflow/example_dags/tutorial_taskflow_api_virtualenv.py
[2023-12-17T08:19:45.556+0700] {processor.py:829} INFO - Processing file /home/phuc/Practice/DataScience/DSProject/venv/lib/python3.10/site-packages/airflow/example_dags/tutorial_taskflow_api_virtualenv.py for tasks to queue
[2023-12-17T08:19:45.557+0700] {logging_mixin.py:154} INFO - [2023-12-17T08:19:45.556+0700] {dagbag.py:536} INFO - Filling up the DagBag from /home/phuc/Practice/DataScience/DSProject/venv/lib/python3.10/site-packages/airflow/example_dags/tutorial_taskflow_api_virtualenv.py
[2023-12-17T08:19:45.565+0700] {processor.py:839} INFO - DAG(s) dict_keys(['tutorial_taskflow_api_virtualenv']) retrieved from /home/phuc/Practice/DataScience/DSProject/venv/lib/python3.10/site-packages/airflow/example_dags/tutorial_taskflow_api_virtualenv.py
[2023-12-17T08:19:45.578+0700] {logging_mixin.py:154} INFO - [2023-12-17T08:19:45.577+0700] {dag.py:2941} INFO - Sync 1 DAGs
[2023-12-17T08:19:45.585+0700] {logging_mixin.py:154} INFO - [2023-12-17T08:19:45.585+0700] {dag.py:3722} INFO - Setting next_dagrun for tutorial_taskflow_api_virtualenv to None, run_after=None
[2023-12-17T08:19:45.600+0700] {processor.py:179} INFO - Processing /home/phuc/Practice/DataScience/DSProject/venv/lib/python3.10/site-packages/airflow/example_dags/tutorial_taskflow_api_virtualenv.py took 0.056 seconds
[2023-12-17T08:20:40.940+0700] {processor.py:157} INFO - Started process (PID=317969) to work on /home/phuc/Practice/DataScience/DSProject/venv/lib/python3.10/site-packages/airflow/example_dags/tutorial_taskflow_api_virtualenv.py
[2023-12-17T08:20:40.947+0700] {processor.py:829} INFO - Processing file /home/phuc/Practice/DataScience/DSProject/venv/lib/python3.10/site-packages/airflow/example_dags/tutorial_taskflow_api_virtualenv.py for tasks to queue
[2023-12-17T08:20:40.949+0700] {logging_mixin.py:154} INFO - [2023-12-17T08:20:40.948+0700] {dagbag.py:536} INFO - Filling up the DagBag from /home/phuc/Practice/DataScience/DSProject/venv/lib/python3.10/site-packages/airflow/example_dags/tutorial_taskflow_api_virtualenv.py
[2023-12-17T08:20:40.959+0700] {processor.py:839} INFO - DAG(s) dict_keys(['tutorial_taskflow_api_virtualenv']) retrieved from /home/phuc/Practice/DataScience/DSProject/venv/lib/python3.10/site-packages/airflow/example_dags/tutorial_taskflow_api_virtualenv.py
[2023-12-17T08:20:40.971+0700] {logging_mixin.py:154} INFO - [2023-12-17T08:20:40.970+0700] {dag.py:2941} INFO - Sync 1 DAGs
[2023-12-17T08:20:40.978+0700] {logging_mixin.py:154} INFO - [2023-12-17T08:20:40.978+0700] {dag.py:3722} INFO - Setting next_dagrun for tutorial_taskflow_api_virtualenv to None, run_after=None
[2023-12-17T08:20:40.994+0700] {processor.py:179} INFO - Processing /home/phuc/Practice/DataScience/DSProject/venv/lib/python3.10/site-packages/airflow/example_dags/tutorial_taskflow_api_virtualenv.py took 0.058 seconds
[2023-12-17T08:23:06.218+0700] {processor.py:157} INFO - Started process (PID=319294) to work on /home/phuc/Practice/DataScience/DSProject/venv/lib/python3.10/site-packages/airflow/example_dags/tutorial_taskflow_api_virtualenv.py
[2023-12-17T08:23:06.225+0700] {processor.py:829} INFO - Processing file /home/phuc/Practice/DataScience/DSProject/venv/lib/python3.10/site-packages/airflow/example_dags/tutorial_taskflow_api_virtualenv.py for tasks to queue
[2023-12-17T08:23:06.226+0700] {logging_mixin.py:154} INFO - [2023-12-17T08:23:06.226+0700] {dagbag.py:536} INFO - Filling up the DagBag from /home/phuc/Practice/DataScience/DSProject/venv/lib/python3.10/site-packages/airflow/example_dags/tutorial_taskflow_api_virtualenv.py
[2023-12-17T08:23:06.232+0700] {processor.py:839} INFO - DAG(s) dict_keys(['tutorial_taskflow_api_virtualenv']) retrieved from /home/phuc/Practice/DataScience/DSProject/venv/lib/python3.10/site-packages/airflow/example_dags/tutorial_taskflow_api_virtualenv.py
[2023-12-17T08:23:06.247+0700] {logging_mixin.py:154} INFO - [2023-12-17T08:23:06.246+0700] {dag.py:2941} INFO - Sync 1 DAGs
[2023-12-17T08:23:06.257+0700] {logging_mixin.py:154} INFO - [2023-12-17T08:23:06.257+0700] {dag.py:3722} INFO - Setting next_dagrun for tutorial_taskflow_api_virtualenv to None, run_after=None
[2023-12-17T08:23:06.278+0700] {processor.py:179} INFO - Processing /home/phuc/Practice/DataScience/DSProject/venv/lib/python3.10/site-packages/airflow/example_dags/tutorial_taskflow_api_virtualenv.py took 0.063 seconds
[2023-12-17T08:23:53.661+0700] {processor.py:157} INFO - Started process (PID=319662) to work on /home/phuc/Practice/DataScience/DSProject/venv/lib/python3.10/site-packages/airflow/example_dags/tutorial_taskflow_api_virtualenv.py
[2023-12-17T08:23:53.662+0700] {processor.py:829} INFO - Processing file /home/phuc/Practice/DataScience/DSProject/venv/lib/python3.10/site-packages/airflow/example_dags/tutorial_taskflow_api_virtualenv.py for tasks to queue
[2023-12-17T08:23:53.663+0700] {logging_mixin.py:154} INFO - [2023-12-17T08:23:53.662+0700] {dagbag.py:536} INFO - Filling up the DagBag from /home/phuc/Practice/DataScience/DSProject/venv/lib/python3.10/site-packages/airflow/example_dags/tutorial_taskflow_api_virtualenv.py
[2023-12-17T08:23:53.667+0700] {processor.py:839} INFO - DAG(s) dict_keys(['tutorial_taskflow_api_virtualenv']) retrieved from /home/phuc/Practice/DataScience/DSProject/venv/lib/python3.10/site-packages/airflow/example_dags/tutorial_taskflow_api_virtualenv.py
[2023-12-17T08:23:53.677+0700] {logging_mixin.py:154} INFO - [2023-12-17T08:23:53.677+0700] {dag.py:2941} INFO - Sync 1 DAGs
[2023-12-17T08:23:53.685+0700] {logging_mixin.py:154} INFO - [2023-12-17T08:23:53.685+0700] {dag.py:3722} INFO - Setting next_dagrun for tutorial_taskflow_api_virtualenv to None, run_after=None
[2023-12-17T08:23:53.698+0700] {processor.py:179} INFO - Processing /home/phuc/Practice/DataScience/DSProject/venv/lib/python3.10/site-packages/airflow/example_dags/tutorial_taskflow_api_virtualenv.py took 0.039 seconds
[2023-12-17T08:24:46.019+0700] {processor.py:157} INFO - Started process (PID=319916) to work on /home/phuc/Practice/DataScience/DSProject/venv/lib/python3.10/site-packages/airflow/example_dags/tutorial_taskflow_api_virtualenv.py
[2023-12-17T08:24:46.026+0700] {processor.py:829} INFO - Processing file /home/phuc/Practice/DataScience/DSProject/venv/lib/python3.10/site-packages/airflow/example_dags/tutorial_taskflow_api_virtualenv.py for tasks to queue
[2023-12-17T08:24:46.027+0700] {logging_mixin.py:154} INFO - [2023-12-17T08:24:46.027+0700] {dagbag.py:536} INFO - Filling up the DagBag from /home/phuc/Practice/DataScience/DSProject/venv/lib/python3.10/site-packages/airflow/example_dags/tutorial_taskflow_api_virtualenv.py
[2023-12-17T08:24:46.037+0700] {processor.py:839} INFO - DAG(s) dict_keys(['tutorial_taskflow_api_virtualenv']) retrieved from /home/phuc/Practice/DataScience/DSProject/venv/lib/python3.10/site-packages/airflow/example_dags/tutorial_taskflow_api_virtualenv.py
[2023-12-17T08:24:46.049+0700] {logging_mixin.py:154} INFO - [2023-12-17T08:24:46.049+0700] {dag.py:2941} INFO - Sync 1 DAGs
[2023-12-17T08:24:46.058+0700] {logging_mixin.py:154} INFO - [2023-12-17T08:24:46.058+0700] {dag.py:3722} INFO - Setting next_dagrun for tutorial_taskflow_api_virtualenv to None, run_after=None
[2023-12-17T08:24:46.074+0700] {processor.py:179} INFO - Processing /home/phuc/Practice/DataScience/DSProject/venv/lib/python3.10/site-packages/airflow/example_dags/tutorial_taskflow_api_virtualenv.py took 0.057 seconds
[2023-12-17T08:25:41.455+0700] {processor.py:157} INFO - Started process (PID=320165) to work on /home/phuc/Practice/DataScience/DSProject/venv/lib/python3.10/site-packages/airflow/example_dags/tutorial_taskflow_api_virtualenv.py
[2023-12-17T08:25:41.462+0700] {processor.py:829} INFO - Processing file /home/phuc/Practice/DataScience/DSProject/venv/lib/python3.10/site-packages/airflow/example_dags/tutorial_taskflow_api_virtualenv.py for tasks to queue
[2023-12-17T08:25:41.463+0700] {logging_mixin.py:154} INFO - [2023-12-17T08:25:41.462+0700] {dagbag.py:536} INFO - Filling up the DagBag from /home/phuc/Practice/DataScience/DSProject/venv/lib/python3.10/site-packages/airflow/example_dags/tutorial_taskflow_api_virtualenv.py
[2023-12-17T08:25:41.473+0700] {processor.py:839} INFO - DAG(s) dict_keys(['tutorial_taskflow_api_virtualenv']) retrieved from /home/phuc/Practice/DataScience/DSProject/venv/lib/python3.10/site-packages/airflow/example_dags/tutorial_taskflow_api_virtualenv.py
[2023-12-17T08:25:41.484+0700] {logging_mixin.py:154} INFO - [2023-12-17T08:25:41.484+0700] {dag.py:2941} INFO - Sync 1 DAGs
[2023-12-17T08:25:41.490+0700] {logging_mixin.py:154} INFO - [2023-12-17T08:25:41.490+0700] {dag.py:3722} INFO - Setting next_dagrun for tutorial_taskflow_api_virtualenv to None, run_after=None
[2023-12-17T08:25:41.502+0700] {processor.py:179} INFO - Processing /home/phuc/Practice/DataScience/DSProject/venv/lib/python3.10/site-packages/airflow/example_dags/tutorial_taskflow_api_virtualenv.py took 0.050 seconds
[2023-12-17T08:26:28.556+0700] {processor.py:157} INFO - Started process (PID=320372) to work on /home/phuc/Practice/DataScience/DSProject/venv/lib/python3.10/site-packages/airflow/example_dags/tutorial_taskflow_api_virtualenv.py
[2023-12-17T08:26:28.563+0700] {processor.py:829} INFO - Processing file /home/phuc/Practice/DataScience/DSProject/venv/lib/python3.10/site-packages/airflow/example_dags/tutorial_taskflow_api_virtualenv.py for tasks to queue
[2023-12-17T08:26:28.564+0700] {logging_mixin.py:154} INFO - [2023-12-17T08:26:28.564+0700] {dagbag.py:536} INFO - Filling up the DagBag from /home/phuc/Practice/DataScience/DSProject/venv/lib/python3.10/site-packages/airflow/example_dags/tutorial_taskflow_api_virtualenv.py
[2023-12-17T08:26:28.569+0700] {processor.py:839} INFO - DAG(s) dict_keys(['tutorial_taskflow_api_virtualenv']) retrieved from /home/phuc/Practice/DataScience/DSProject/venv/lib/python3.10/site-packages/airflow/example_dags/tutorial_taskflow_api_virtualenv.py
[2023-12-17T08:26:28.581+0700] {logging_mixin.py:154} INFO - [2023-12-17T08:26:28.581+0700] {dag.py:2941} INFO - Sync 1 DAGs
[2023-12-17T08:26:28.590+0700] {logging_mixin.py:154} INFO - [2023-12-17T08:26:28.590+0700] {dag.py:3722} INFO - Setting next_dagrun for tutorial_taskflow_api_virtualenv to None, run_after=None
[2023-12-17T08:26:28.607+0700] {processor.py:179} INFO - Processing /home/phuc/Practice/DataScience/DSProject/venv/lib/python3.10/site-packages/airflow/example_dags/tutorial_taskflow_api_virtualenv.py took 0.053 seconds
[2023-12-17T08:27:20.312+0700] {processor.py:157} INFO - Started process (PID=320671) to work on /home/phuc/Practice/DataScience/DSProject/venv/lib/python3.10/site-packages/airflow/example_dags/tutorial_taskflow_api_virtualenv.py
[2023-12-17T08:27:20.319+0700] {processor.py:829} INFO - Processing file /home/phuc/Practice/DataScience/DSProject/venv/lib/python3.10/site-packages/airflow/example_dags/tutorial_taskflow_api_virtualenv.py for tasks to queue
[2023-12-17T08:27:20.319+0700] {logging_mixin.py:154} INFO - [2023-12-17T08:27:20.319+0700] {dagbag.py:536} INFO - Filling up the DagBag from /home/phuc/Practice/DataScience/DSProject/venv/lib/python3.10/site-packages/airflow/example_dags/tutorial_taskflow_api_virtualenv.py
[2023-12-17T08:27:20.325+0700] {processor.py:839} INFO - DAG(s) dict_keys(['tutorial_taskflow_api_virtualenv']) retrieved from /home/phuc/Practice/DataScience/DSProject/venv/lib/python3.10/site-packages/airflow/example_dags/tutorial_taskflow_api_virtualenv.py
[2023-12-17T08:27:20.337+0700] {logging_mixin.py:154} INFO - [2023-12-17T08:27:20.337+0700] {dag.py:2941} INFO - Sync 1 DAGs
[2023-12-17T08:27:20.346+0700] {logging_mixin.py:154} INFO - [2023-12-17T08:27:20.346+0700] {dag.py:3722} INFO - Setting next_dagrun for tutorial_taskflow_api_virtualenv to None, run_after=None
[2023-12-17T08:27:20.361+0700] {processor.py:179} INFO - Processing /home/phuc/Practice/DataScience/DSProject/venv/lib/python3.10/site-packages/airflow/example_dags/tutorial_taskflow_api_virtualenv.py took 0.052 seconds
[2023-12-17T08:28:09.832+0700] {processor.py:157} INFO - Started process (PID=320889) to work on /home/phuc/Practice/DataScience/DSProject/venv/lib/python3.10/site-packages/airflow/example_dags/tutorial_taskflow_api_virtualenv.py
[2023-12-17T08:28:09.839+0700] {processor.py:829} INFO - Processing file /home/phuc/Practice/DataScience/DSProject/venv/lib/python3.10/site-packages/airflow/example_dags/tutorial_taskflow_api_virtualenv.py for tasks to queue
[2023-12-17T08:28:09.840+0700] {logging_mixin.py:154} INFO - [2023-12-17T08:28:09.840+0700] {dagbag.py:536} INFO - Filling up the DagBag from /home/phuc/Practice/DataScience/DSProject/venv/lib/python3.10/site-packages/airflow/example_dags/tutorial_taskflow_api_virtualenv.py
[2023-12-17T08:28:09.850+0700] {processor.py:839} INFO - DAG(s) dict_keys(['tutorial_taskflow_api_virtualenv']) retrieved from /home/phuc/Practice/DataScience/DSProject/venv/lib/python3.10/site-packages/airflow/example_dags/tutorial_taskflow_api_virtualenv.py
[2023-12-17T08:28:09.861+0700] {logging_mixin.py:154} INFO - [2023-12-17T08:28:09.861+0700] {dag.py:2941} INFO - Sync 1 DAGs
[2023-12-17T08:28:09.868+0700] {logging_mixin.py:154} INFO - [2023-12-17T08:28:09.867+0700] {dag.py:3722} INFO - Setting next_dagrun for tutorial_taskflow_api_virtualenv to None, run_after=None
[2023-12-17T08:28:09.879+0700] {processor.py:179} INFO - Processing /home/phuc/Practice/DataScience/DSProject/venv/lib/python3.10/site-packages/airflow/example_dags/tutorial_taskflow_api_virtualenv.py took 0.052 seconds
[2023-12-17T08:28:56.964+0700] {processor.py:157} INFO - Started process (PID=321092) to work on /home/phuc/Practice/DataScience/DSProject/venv/lib/python3.10/site-packages/airflow/example_dags/tutorial_taskflow_api_virtualenv.py
[2023-12-17T08:28:56.971+0700] {processor.py:829} INFO - Processing file /home/phuc/Practice/DataScience/DSProject/venv/lib/python3.10/site-packages/airflow/example_dags/tutorial_taskflow_api_virtualenv.py for tasks to queue
[2023-12-17T08:28:56.973+0700] {logging_mixin.py:154} INFO - [2023-12-17T08:28:56.972+0700] {dagbag.py:536} INFO - Filling up the DagBag from /home/phuc/Practice/DataScience/DSProject/venv/lib/python3.10/site-packages/airflow/example_dags/tutorial_taskflow_api_virtualenv.py
[2023-12-17T08:28:56.983+0700] {processor.py:839} INFO - DAG(s) dict_keys(['tutorial_taskflow_api_virtualenv']) retrieved from /home/phuc/Practice/DataScience/DSProject/venv/lib/python3.10/site-packages/airflow/example_dags/tutorial_taskflow_api_virtualenv.py
[2023-12-17T08:28:56.994+0700] {logging_mixin.py:154} INFO - [2023-12-17T08:28:56.994+0700] {dag.py:2941} INFO - Sync 1 DAGs
[2023-12-17T08:28:57.000+0700] {logging_mixin.py:154} INFO - [2023-12-17T08:28:57.000+0700] {dag.py:3722} INFO - Setting next_dagrun for tutorial_taskflow_api_virtualenv to None, run_after=None
[2023-12-17T08:28:57.012+0700] {processor.py:179} INFO - Processing /home/phuc/Practice/DataScience/DSProject/venv/lib/python3.10/site-packages/airflow/example_dags/tutorial_taskflow_api_virtualenv.py took 0.050 seconds
[2023-12-17T08:29:48.845+0700] {processor.py:157} INFO - Started process (PID=321318) to work on /home/phuc/Practice/DataScience/DSProject/venv/lib/python3.10/site-packages/airflow/example_dags/tutorial_taskflow_api_virtualenv.py
[2023-12-17T08:29:48.852+0700] {processor.py:829} INFO - Processing file /home/phuc/Practice/DataScience/DSProject/venv/lib/python3.10/site-packages/airflow/example_dags/tutorial_taskflow_api_virtualenv.py for tasks to queue
[2023-12-17T08:29:48.853+0700] {logging_mixin.py:154} INFO - [2023-12-17T08:29:48.852+0700] {dagbag.py:536} INFO - Filling up the DagBag from /home/phuc/Practice/DataScience/DSProject/venv/lib/python3.10/site-packages/airflow/example_dags/tutorial_taskflow_api_virtualenv.py
[2023-12-17T08:29:48.863+0700] {processor.py:839} INFO - DAG(s) dict_keys(['tutorial_taskflow_api_virtualenv']) retrieved from /home/phuc/Practice/DataScience/DSProject/venv/lib/python3.10/site-packages/airflow/example_dags/tutorial_taskflow_api_virtualenv.py
[2023-12-17T08:29:48.873+0700] {logging_mixin.py:154} INFO - [2023-12-17T08:29:48.873+0700] {dag.py:2941} INFO - Sync 1 DAGs
[2023-12-17T08:29:48.879+0700] {logging_mixin.py:154} INFO - [2023-12-17T08:29:48.879+0700] {dag.py:3722} INFO - Setting next_dagrun for tutorial_taskflow_api_virtualenv to None, run_after=None
[2023-12-17T08:29:48.888+0700] {processor.py:179} INFO - Processing /home/phuc/Practice/DataScience/DSProject/venv/lib/python3.10/site-packages/airflow/example_dags/tutorial_taskflow_api_virtualenv.py took 0.046 seconds
[2023-12-17T08:30:39.440+0700] {processor.py:157} INFO - Started process (PID=321572) to work on /home/phuc/Practice/DataScience/DSProject/venv/lib/python3.10/site-packages/airflow/example_dags/tutorial_taskflow_api_virtualenv.py
[2023-12-17T08:30:39.447+0700] {processor.py:829} INFO - Processing file /home/phuc/Practice/DataScience/DSProject/venv/lib/python3.10/site-packages/airflow/example_dags/tutorial_taskflow_api_virtualenv.py for tasks to queue
[2023-12-17T08:30:39.448+0700] {logging_mixin.py:154} INFO - [2023-12-17T08:30:39.447+0700] {dagbag.py:536} INFO - Filling up the DagBag from /home/phuc/Practice/DataScience/DSProject/venv/lib/python3.10/site-packages/airflow/example_dags/tutorial_taskflow_api_virtualenv.py
[2023-12-17T08:30:39.457+0700] {processor.py:839} INFO - DAG(s) dict_keys(['tutorial_taskflow_api_virtualenv']) retrieved from /home/phuc/Practice/DataScience/DSProject/venv/lib/python3.10/site-packages/airflow/example_dags/tutorial_taskflow_api_virtualenv.py
[2023-12-17T08:30:39.468+0700] {logging_mixin.py:154} INFO - [2023-12-17T08:30:39.467+0700] {dag.py:2941} INFO - Sync 1 DAGs
[2023-12-17T08:30:39.473+0700] {logging_mixin.py:154} INFO - [2023-12-17T08:30:39.473+0700] {dag.py:3722} INFO - Setting next_dagrun for tutorial_taskflow_api_virtualenv to None, run_after=None
[2023-12-17T08:30:39.482+0700] {processor.py:179} INFO - Processing /home/phuc/Practice/DataScience/DSProject/venv/lib/python3.10/site-packages/airflow/example_dags/tutorial_taskflow_api_virtualenv.py took 0.044 seconds
[2023-12-17T08:31:31.259+0700] {processor.py:157} INFO - Started process (PID=321932) to work on /home/phuc/Practice/DataScience/DSProject/venv/lib/python3.10/site-packages/airflow/example_dags/tutorial_taskflow_api_virtualenv.py
[2023-12-17T08:31:31.266+0700] {processor.py:829} INFO - Processing file /home/phuc/Practice/DataScience/DSProject/venv/lib/python3.10/site-packages/airflow/example_dags/tutorial_taskflow_api_virtualenv.py for tasks to queue
[2023-12-17T08:31:31.267+0700] {logging_mixin.py:154} INFO - [2023-12-17T08:31:31.267+0700] {dagbag.py:536} INFO - Filling up the DagBag from /home/phuc/Practice/DataScience/DSProject/venv/lib/python3.10/site-packages/airflow/example_dags/tutorial_taskflow_api_virtualenv.py
[2023-12-17T08:31:31.277+0700] {processor.py:839} INFO - DAG(s) dict_keys(['tutorial_taskflow_api_virtualenv']) retrieved from /home/phuc/Practice/DataScience/DSProject/venv/lib/python3.10/site-packages/airflow/example_dags/tutorial_taskflow_api_virtualenv.py
[2023-12-17T08:31:31.288+0700] {logging_mixin.py:154} INFO - [2023-12-17T08:31:31.288+0700] {dag.py:2941} INFO - Sync 1 DAGs
[2023-12-17T08:31:31.294+0700] {logging_mixin.py:154} INFO - [2023-12-17T08:31:31.294+0700] {dag.py:3722} INFO - Setting next_dagrun for tutorial_taskflow_api_virtualenv to None, run_after=None
[2023-12-17T08:31:31.304+0700] {processor.py:179} INFO - Processing /home/phuc/Practice/DataScience/DSProject/venv/lib/python3.10/site-packages/airflow/example_dags/tutorial_taskflow_api_virtualenv.py took 0.046 seconds
[2023-12-17T08:32:54.471+0700] {processor.py:157} INFO - Started process (PID=323030) to work on /home/phuc/Practice/DataScience/DSProject/venv/lib/python3.10/site-packages/airflow/example_dags/tutorial_taskflow_api_virtualenv.py
[2023-12-17T08:32:54.478+0700] {processor.py:829} INFO - Processing file /home/phuc/Practice/DataScience/DSProject/venv/lib/python3.10/site-packages/airflow/example_dags/tutorial_taskflow_api_virtualenv.py for tasks to queue
[2023-12-17T08:32:54.478+0700] {logging_mixin.py:154} INFO - [2023-12-17T08:32:54.478+0700] {dagbag.py:536} INFO - Filling up the DagBag from /home/phuc/Practice/DataScience/DSProject/venv/lib/python3.10/site-packages/airflow/example_dags/tutorial_taskflow_api_virtualenv.py
[2023-12-17T08:32:54.482+0700] {processor.py:839} INFO - DAG(s) dict_keys(['tutorial_taskflow_api_virtualenv']) retrieved from /home/phuc/Practice/DataScience/DSProject/venv/lib/python3.10/site-packages/airflow/example_dags/tutorial_taskflow_api_virtualenv.py
[2023-12-17T08:32:54.491+0700] {logging_mixin.py:154} INFO - [2023-12-17T08:32:54.491+0700] {dag.py:2941} INFO - Sync 1 DAGs
[2023-12-17T08:32:54.497+0700] {logging_mixin.py:154} INFO - [2023-12-17T08:32:54.497+0700] {dag.py:3722} INFO - Setting next_dagrun for tutorial_taskflow_api_virtualenv to None, run_after=None
[2023-12-17T08:32:54.508+0700] {processor.py:179} INFO - Processing /home/phuc/Practice/DataScience/DSProject/venv/lib/python3.10/site-packages/airflow/example_dags/tutorial_taskflow_api_virtualenv.py took 0.039 seconds
[2023-12-17T08:33:39.894+0700] {processor.py:157} INFO - Started process (PID=323251) to work on /home/phuc/Practice/DataScience/DSProject/venv/lib/python3.10/site-packages/airflow/example_dags/tutorial_taskflow_api_virtualenv.py
[2023-12-17T08:33:39.901+0700] {processor.py:829} INFO - Processing file /home/phuc/Practice/DataScience/DSProject/venv/lib/python3.10/site-packages/airflow/example_dags/tutorial_taskflow_api_virtualenv.py for tasks to queue
[2023-12-17T08:33:39.902+0700] {logging_mixin.py:154} INFO - [2023-12-17T08:33:39.902+0700] {dagbag.py:536} INFO - Filling up the DagBag from /home/phuc/Practice/DataScience/DSProject/venv/lib/python3.10/site-packages/airflow/example_dags/tutorial_taskflow_api_virtualenv.py
[2023-12-17T08:33:39.912+0700] {processor.py:839} INFO - DAG(s) dict_keys(['tutorial_taskflow_api_virtualenv']) retrieved from /home/phuc/Practice/DataScience/DSProject/venv/lib/python3.10/site-packages/airflow/example_dags/tutorial_taskflow_api_virtualenv.py
[2023-12-17T08:33:39.922+0700] {logging_mixin.py:154} INFO - [2023-12-17T08:33:39.922+0700] {dag.py:2941} INFO - Sync 1 DAGs
[2023-12-17T08:33:39.928+0700] {logging_mixin.py:154} INFO - [2023-12-17T08:33:39.928+0700] {dag.py:3722} INFO - Setting next_dagrun for tutorial_taskflow_api_virtualenv to None, run_after=None
[2023-12-17T08:33:39.938+0700] {processor.py:179} INFO - Processing /home/phuc/Practice/DataScience/DSProject/venv/lib/python3.10/site-packages/airflow/example_dags/tutorial_taskflow_api_virtualenv.py took 0.046 seconds
[2023-12-17T08:34:27.479+0700] {processor.py:157} INFO - Started process (PID=323643) to work on /home/phuc/Practice/DataScience/DSProject/venv/lib/python3.10/site-packages/airflow/example_dags/tutorial_taskflow_api_virtualenv.py
[2023-12-17T08:34:27.486+0700] {processor.py:829} INFO - Processing file /home/phuc/Practice/DataScience/DSProject/venv/lib/python3.10/site-packages/airflow/example_dags/tutorial_taskflow_api_virtualenv.py for tasks to queue
[2023-12-17T08:34:27.488+0700] {logging_mixin.py:154} INFO - [2023-12-17T08:34:27.487+0700] {dagbag.py:536} INFO - Filling up the DagBag from /home/phuc/Practice/DataScience/DSProject/venv/lib/python3.10/site-packages/airflow/example_dags/tutorial_taskflow_api_virtualenv.py
[2023-12-17T08:34:27.497+0700] {processor.py:839} INFO - DAG(s) dict_keys(['tutorial_taskflow_api_virtualenv']) retrieved from /home/phuc/Practice/DataScience/DSProject/venv/lib/python3.10/site-packages/airflow/example_dags/tutorial_taskflow_api_virtualenv.py
[2023-12-17T08:34:27.508+0700] {logging_mixin.py:154} INFO - [2023-12-17T08:34:27.508+0700] {dag.py:2941} INFO - Sync 1 DAGs
[2023-12-17T08:34:27.513+0700] {logging_mixin.py:154} INFO - [2023-12-17T08:34:27.513+0700] {dag.py:3722} INFO - Setting next_dagrun for tutorial_taskflow_api_virtualenv to None, run_after=None
[2023-12-17T08:34:27.522+0700] {processor.py:179} INFO - Processing /home/phuc/Practice/DataScience/DSProject/venv/lib/python3.10/site-packages/airflow/example_dags/tutorial_taskflow_api_virtualenv.py took 0.047 seconds
[2023-12-17T08:35:22.374+0700] {processor.py:157} INFO - Started process (PID=324062) to work on /home/phuc/Practice/DataScience/DSProject/venv/lib/python3.10/site-packages/airflow/example_dags/tutorial_taskflow_api_virtualenv.py
[2023-12-17T08:35:22.381+0700] {processor.py:829} INFO - Processing file /home/phuc/Practice/DataScience/DSProject/venv/lib/python3.10/site-packages/airflow/example_dags/tutorial_taskflow_api_virtualenv.py for tasks to queue
[2023-12-17T08:35:22.383+0700] {logging_mixin.py:154} INFO - [2023-12-17T08:35:22.382+0700] {dagbag.py:536} INFO - Filling up the DagBag from /home/phuc/Practice/DataScience/DSProject/venv/lib/python3.10/site-packages/airflow/example_dags/tutorial_taskflow_api_virtualenv.py
[2023-12-17T08:35:22.393+0700] {processor.py:839} INFO - DAG(s) dict_keys(['tutorial_taskflow_api_virtualenv']) retrieved from /home/phuc/Practice/DataScience/DSProject/venv/lib/python3.10/site-packages/airflow/example_dags/tutorial_taskflow_api_virtualenv.py
[2023-12-17T08:35:22.403+0700] {logging_mixin.py:154} INFO - [2023-12-17T08:35:22.403+0700] {dag.py:2941} INFO - Sync 1 DAGs
[2023-12-17T08:35:22.408+0700] {logging_mixin.py:154} INFO - [2023-12-17T08:35:22.408+0700] {dag.py:3722} INFO - Setting next_dagrun for tutorial_taskflow_api_virtualenv to None, run_after=None
[2023-12-17T08:35:22.418+0700] {processor.py:179} INFO - Processing /home/phuc/Practice/DataScience/DSProject/venv/lib/python3.10/site-packages/airflow/example_dags/tutorial_taskflow_api_virtualenv.py took 0.045 seconds
