[2023-12-17T08:03:36.955+0700] {processor.py:157} INFO - Started process (PID=309876) to work on /home/phuc/Practice/DataScience/DSProject/venv/lib/python3.10/site-packages/airflow/example_dags/tutorial_taskflow_api.py
[2023-12-17T08:03:36.955+0700] {processor.py:829} INFO - Processing file /home/phuc/Practice/DataScience/DSProject/venv/lib/python3.10/site-packages/airflow/example_dags/tutorial_taskflow_api.py for tasks to queue
[2023-12-17T08:03:36.956+0700] {logging_mixin.py:154} INFO - [2023-12-17T08:03:36.956+0700] {dagbag.py:536} INFO - Filling up the DagBag from /home/phuc/Practice/DataScience/DSProject/venv/lib/python3.10/site-packages/airflow/example_dags/tutorial_taskflow_api.py
[2023-12-17T08:03:36.961+0700] {processor.py:839} INFO - DAG(s) dict_keys(['tutorial_taskflow_api']) retrieved from /home/phuc/Practice/DataScience/DSProject/venv/lib/python3.10/site-packages/airflow/example_dags/tutorial_taskflow_api.py
[2023-12-17T08:03:37.051+0700] {logging_mixin.py:154} INFO - [2023-12-17T08:03:37.051+0700] {manager.py:499} INFO - Created Permission View: %s
[2023-12-17T08:03:37.061+0700] {logging_mixin.py:154} INFO - [2023-12-17T08:03:37.061+0700] {manager.py:499} INFO - Created Permission View: %s
[2023-12-17T08:03:37.068+0700] {logging_mixin.py:154} INFO - [2023-12-17T08:03:37.068+0700] {manager.py:499} INFO - Created Permission View: %s
[2023-12-17T08:03:37.068+0700] {logging_mixin.py:154} INFO - [2023-12-17T08:03:37.068+0700] {dag.py:2941} INFO - Sync 1 DAGs
[2023-12-17T08:03:37.078+0700] {logging_mixin.py:154} INFO - [2023-12-17T08:03:37.078+0700] {dag.py:2963} INFO - Creating ORM DAG for tutorial_taskflow_api
[2023-12-17T08:03:37.078+0700] {logging_mixin.py:154} INFO - [2023-12-17T08:03:37.078+0700] {dag.py:3722} INFO - Setting next_dagrun for tutorial_taskflow_api to None, run_after=None
[2023-12-17T08:03:37.098+0700] {processor.py:179} INFO - Processing /home/phuc/Practice/DataScience/DSProject/venv/lib/python3.10/site-packages/airflow/example_dags/tutorial_taskflow_api.py took 0.146 seconds
[2023-12-17T08:05:51.435+0700] {processor.py:157} INFO - Started process (PID=311118) to work on /home/phuc/Practice/DataScience/DSProject/venv/lib/python3.10/site-packages/airflow/example_dags/tutorial_taskflow_api.py
[2023-12-17T08:05:51.442+0700] {processor.py:829} INFO - Processing file /home/phuc/Practice/DataScience/DSProject/venv/lib/python3.10/site-packages/airflow/example_dags/tutorial_taskflow_api.py for tasks to queue
[2023-12-17T08:05:51.444+0700] {logging_mixin.py:154} INFO - [2023-12-17T08:05:51.443+0700] {dagbag.py:536} INFO - Filling up the DagBag from /home/phuc/Practice/DataScience/DSProject/venv/lib/python3.10/site-packages/airflow/example_dags/tutorial_taskflow_api.py
[2023-12-17T08:05:51.451+0700] {processor.py:839} INFO - DAG(s) dict_keys(['tutorial_taskflow_api']) retrieved from /home/phuc/Practice/DataScience/DSProject/venv/lib/python3.10/site-packages/airflow/example_dags/tutorial_taskflow_api.py
[2023-12-17T08:05:51.462+0700] {logging_mixin.py:154} INFO - [2023-12-17T08:05:51.462+0700] {dag.py:2941} INFO - Sync 1 DAGs
[2023-12-17T08:05:51.470+0700] {logging_mixin.py:154} INFO - [2023-12-17T08:05:51.470+0700] {dag.py:3722} INFO - Setting next_dagrun for tutorial_taskflow_api to None, run_after=None
[2023-12-17T08:05:51.487+0700] {processor.py:179} INFO - Processing /home/phuc/Practice/DataScience/DSProject/venv/lib/python3.10/site-packages/airflow/example_dags/tutorial_taskflow_api.py took 0.056 seconds
[2023-12-17T08:06:40.651+0700] {processor.py:157} INFO - Started process (PID=311660) to work on /home/phuc/Practice/DataScience/DSProject/venv/lib/python3.10/site-packages/airflow/example_dags/tutorial_taskflow_api.py
[2023-12-17T08:06:40.658+0700] {processor.py:829} INFO - Processing file /home/phuc/Practice/DataScience/DSProject/venv/lib/python3.10/site-packages/airflow/example_dags/tutorial_taskflow_api.py for tasks to queue
[2023-12-17T08:06:40.659+0700] {logging_mixin.py:154} INFO - [2023-12-17T08:06:40.659+0700] {dagbag.py:536} INFO - Filling up the DagBag from /home/phuc/Practice/DataScience/DSProject/venv/lib/python3.10/site-packages/airflow/example_dags/tutorial_taskflow_api.py
[2023-12-17T08:06:40.663+0700] {processor.py:839} INFO - DAG(s) dict_keys(['tutorial_taskflow_api']) retrieved from /home/phuc/Practice/DataScience/DSProject/venv/lib/python3.10/site-packages/airflow/example_dags/tutorial_taskflow_api.py
[2023-12-17T08:06:40.674+0700] {logging_mixin.py:154} INFO - [2023-12-17T08:06:40.674+0700] {dag.py:2941} INFO - Sync 1 DAGs
[2023-12-17T08:06:40.682+0700] {logging_mixin.py:154} INFO - [2023-12-17T08:06:40.682+0700] {dag.py:3722} INFO - Setting next_dagrun for tutorial_taskflow_api to None, run_after=None
[2023-12-17T08:06:40.698+0700] {processor.py:179} INFO - Processing /home/phuc/Practice/DataScience/DSProject/venv/lib/python3.10/site-packages/airflow/example_dags/tutorial_taskflow_api.py took 0.048 seconds
[2023-12-17T08:08:12.878+0700] {processor.py:157} INFO - Started process (PID=313017) to work on /home/phuc/Practice/DataScience/DSProject/venv/lib/python3.10/site-packages/airflow/example_dags/tutorial_taskflow_api.py
[2023-12-17T08:08:12.885+0700] {processor.py:829} INFO - Processing file /home/phuc/Practice/DataScience/DSProject/venv/lib/python3.10/site-packages/airflow/example_dags/tutorial_taskflow_api.py for tasks to queue
[2023-12-17T08:08:12.886+0700] {logging_mixin.py:154} INFO - [2023-12-17T08:08:12.885+0700] {dagbag.py:536} INFO - Filling up the DagBag from /home/phuc/Practice/DataScience/DSProject/venv/lib/python3.10/site-packages/airflow/example_dags/tutorial_taskflow_api.py
[2023-12-17T08:08:12.896+0700] {processor.py:839} INFO - DAG(s) dict_keys(['tutorial_taskflow_api']) retrieved from /home/phuc/Practice/DataScience/DSProject/venv/lib/python3.10/site-packages/airflow/example_dags/tutorial_taskflow_api.py
[2023-12-17T08:08:12.906+0700] {logging_mixin.py:154} INFO - [2023-12-17T08:08:12.906+0700] {dag.py:2941} INFO - Sync 1 DAGs
[2023-12-17T08:08:12.912+0700] {logging_mixin.py:154} INFO - [2023-12-17T08:08:12.912+0700] {dag.py:3722} INFO - Setting next_dagrun for tutorial_taskflow_api to None, run_after=None
[2023-12-17T08:08:12.924+0700] {processor.py:179} INFO - Processing /home/phuc/Practice/DataScience/DSProject/venv/lib/python3.10/site-packages/airflow/example_dags/tutorial_taskflow_api.py took 0.047 seconds
[2023-12-17T08:09:08.963+0700] {processor.py:157} INFO - Started process (PID=313383) to work on /home/phuc/Practice/DataScience/DSProject/venv/lib/python3.10/site-packages/airflow/example_dags/tutorial_taskflow_api.py
[2023-12-17T08:09:08.970+0700] {processor.py:829} INFO - Processing file /home/phuc/Practice/DataScience/DSProject/venv/lib/python3.10/site-packages/airflow/example_dags/tutorial_taskflow_api.py for tasks to queue
[2023-12-17T08:09:08.972+0700] {logging_mixin.py:154} INFO - [2023-12-17T08:09:08.971+0700] {dagbag.py:536} INFO - Filling up the DagBag from /home/phuc/Practice/DataScience/DSProject/venv/lib/python3.10/site-packages/airflow/example_dags/tutorial_taskflow_api.py
[2023-12-17T08:09:08.980+0700] {processor.py:839} INFO - DAG(s) dict_keys(['tutorial_taskflow_api']) retrieved from /home/phuc/Practice/DataScience/DSProject/venv/lib/python3.10/site-packages/airflow/example_dags/tutorial_taskflow_api.py
[2023-12-17T08:09:08.991+0700] {logging_mixin.py:154} INFO - [2023-12-17T08:09:08.991+0700] {dag.py:2941} INFO - Sync 1 DAGs
[2023-12-17T08:09:08.997+0700] {logging_mixin.py:154} INFO - [2023-12-17T08:09:08.997+0700] {dag.py:3722} INFO - Setting next_dagrun for tutorial_taskflow_api to None, run_after=None
[2023-12-17T08:09:09.009+0700] {processor.py:179} INFO - Processing /home/phuc/Practice/DataScience/DSProject/venv/lib/python3.10/site-packages/airflow/example_dags/tutorial_taskflow_api.py took 0.051 seconds
[2023-12-17T08:09:55.421+0700] {processor.py:157} INFO - Started process (PID=313687) to work on /home/phuc/Practice/DataScience/DSProject/venv/lib/python3.10/site-packages/airflow/example_dags/tutorial_taskflow_api.py
[2023-12-17T08:09:55.423+0700] {processor.py:829} INFO - Processing file /home/phuc/Practice/DataScience/DSProject/venv/lib/python3.10/site-packages/airflow/example_dags/tutorial_taskflow_api.py for tasks to queue
[2023-12-17T08:09:55.424+0700] {logging_mixin.py:154} INFO - [2023-12-17T08:09:55.423+0700] {dagbag.py:536} INFO - Filling up the DagBag from /home/phuc/Practice/DataScience/DSProject/venv/lib/python3.10/site-packages/airflow/example_dags/tutorial_taskflow_api.py
[2023-12-17T08:09:55.432+0700] {processor.py:839} INFO - DAG(s) dict_keys(['tutorial_taskflow_api']) retrieved from /home/phuc/Practice/DataScience/DSProject/venv/lib/python3.10/site-packages/airflow/example_dags/tutorial_taskflow_api.py
[2023-12-17T08:09:55.442+0700] {logging_mixin.py:154} INFO - [2023-12-17T08:09:55.442+0700] {dag.py:2941} INFO - Sync 1 DAGs
[2023-12-17T08:09:55.448+0700] {logging_mixin.py:154} INFO - [2023-12-17T08:09:55.448+0700] {dag.py:3722} INFO - Setting next_dagrun for tutorial_taskflow_api to None, run_after=None
[2023-12-17T08:09:55.462+0700] {processor.py:179} INFO - Processing /home/phuc/Practice/DataScience/DSProject/venv/lib/python3.10/site-packages/airflow/example_dags/tutorial_taskflow_api.py took 0.044 seconds
[2023-12-17T08:10:48.241+0700] {processor.py:157} INFO - Started process (PID=313964) to work on /home/phuc/Practice/DataScience/DSProject/venv/lib/python3.10/site-packages/airflow/example_dags/tutorial_taskflow_api.py
[2023-12-17T08:10:48.248+0700] {processor.py:829} INFO - Processing file /home/phuc/Practice/DataScience/DSProject/venv/lib/python3.10/site-packages/airflow/example_dags/tutorial_taskflow_api.py for tasks to queue
[2023-12-17T08:10:48.250+0700] {logging_mixin.py:154} INFO - [2023-12-17T08:10:48.249+0700] {dagbag.py:536} INFO - Filling up the DagBag from /home/phuc/Practice/DataScience/DSProject/venv/lib/python3.10/site-packages/airflow/example_dags/tutorial_taskflow_api.py
[2023-12-17T08:10:48.259+0700] {processor.py:839} INFO - DAG(s) dict_keys(['tutorial_taskflow_api']) retrieved from /home/phuc/Practice/DataScience/DSProject/venv/lib/python3.10/site-packages/airflow/example_dags/tutorial_taskflow_api.py
[2023-12-17T08:10:48.270+0700] {logging_mixin.py:154} INFO - [2023-12-17T08:10:48.270+0700] {dag.py:2941} INFO - Sync 1 DAGs
[2023-12-17T08:10:48.276+0700] {logging_mixin.py:154} INFO - [2023-12-17T08:10:48.276+0700] {dag.py:3722} INFO - Setting next_dagrun for tutorial_taskflow_api to None, run_after=None
[2023-12-17T08:10:48.289+0700] {processor.py:179} INFO - Processing /home/phuc/Practice/DataScience/DSProject/venv/lib/python3.10/site-packages/airflow/example_dags/tutorial_taskflow_api.py took 0.051 seconds
[2023-12-17T08:11:35.181+0700] {processor.py:157} INFO - Started process (PID=314168) to work on /home/phuc/Practice/DataScience/DSProject/venv/lib/python3.10/site-packages/airflow/example_dags/tutorial_taskflow_api.py
[2023-12-17T08:11:35.182+0700] {processor.py:829} INFO - Processing file /home/phuc/Practice/DataScience/DSProject/venv/lib/python3.10/site-packages/airflow/example_dags/tutorial_taskflow_api.py for tasks to queue
[2023-12-17T08:11:35.182+0700] {logging_mixin.py:154} INFO - [2023-12-17T08:11:35.182+0700] {dagbag.py:536} INFO - Filling up the DagBag from /home/phuc/Practice/DataScience/DSProject/venv/lib/python3.10/site-packages/airflow/example_dags/tutorial_taskflow_api.py
[2023-12-17T08:11:35.186+0700] {processor.py:839} INFO - DAG(s) dict_keys(['tutorial_taskflow_api']) retrieved from /home/phuc/Practice/DataScience/DSProject/venv/lib/python3.10/site-packages/airflow/example_dags/tutorial_taskflow_api.py
[2023-12-17T08:11:35.198+0700] {logging_mixin.py:154} INFO - [2023-12-17T08:11:35.197+0700] {dag.py:2941} INFO - Sync 1 DAGs
[2023-12-17T08:11:35.204+0700] {logging_mixin.py:154} INFO - [2023-12-17T08:11:35.204+0700] {dag.py:3722} INFO - Setting next_dagrun for tutorial_taskflow_api to None, run_after=None
[2023-12-17T08:11:35.217+0700] {processor.py:179} INFO - Processing /home/phuc/Practice/DataScience/DSProject/venv/lib/python3.10/site-packages/airflow/example_dags/tutorial_taskflow_api.py took 0.039 seconds
[2023-12-17T08:12:26.693+0700] {processor.py:157} INFO - Started process (PID=314429) to work on /home/phuc/Practice/DataScience/DSProject/venv/lib/python3.10/site-packages/airflow/example_dags/tutorial_taskflow_api.py
[2023-12-17T08:12:26.701+0700] {processor.py:829} INFO - Processing file /home/phuc/Practice/DataScience/DSProject/venv/lib/python3.10/site-packages/airflow/example_dags/tutorial_taskflow_api.py for tasks to queue
[2023-12-17T08:12:26.702+0700] {logging_mixin.py:154} INFO - [2023-12-17T08:12:26.701+0700] {dagbag.py:536} INFO - Filling up the DagBag from /home/phuc/Practice/DataScience/DSProject/venv/lib/python3.10/site-packages/airflow/example_dags/tutorial_taskflow_api.py
[2023-12-17T08:12:26.708+0700] {processor.py:839} INFO - DAG(s) dict_keys(['tutorial_taskflow_api']) retrieved from /home/phuc/Practice/DataScience/DSProject/venv/lib/python3.10/site-packages/airflow/example_dags/tutorial_taskflow_api.py
[2023-12-17T08:12:26.716+0700] {logging_mixin.py:154} INFO - [2023-12-17T08:12:26.716+0700] {dag.py:2941} INFO - Sync 1 DAGs
[2023-12-17T08:12:26.722+0700] {logging_mixin.py:154} INFO - [2023-12-17T08:12:26.722+0700] {dag.py:3722} INFO - Setting next_dagrun for tutorial_taskflow_api to None, run_after=None
[2023-12-17T08:12:26.734+0700] {processor.py:179} INFO - Processing /home/phuc/Practice/DataScience/DSProject/venv/lib/python3.10/site-packages/airflow/example_dags/tutorial_taskflow_api.py took 0.043 seconds
[2023-12-17T08:13:14.152+0700] {processor.py:157} INFO - Started process (PID=314633) to work on /home/phuc/Practice/DataScience/DSProject/venv/lib/python3.10/site-packages/airflow/example_dags/tutorial_taskflow_api.py
[2023-12-17T08:13:14.159+0700] {processor.py:829} INFO - Processing file /home/phuc/Practice/DataScience/DSProject/venv/lib/python3.10/site-packages/airflow/example_dags/tutorial_taskflow_api.py for tasks to queue
[2023-12-17T08:13:14.160+0700] {logging_mixin.py:154} INFO - [2023-12-17T08:13:14.159+0700] {dagbag.py:536} INFO - Filling up the DagBag from /home/phuc/Practice/DataScience/DSProject/venv/lib/python3.10/site-packages/airflow/example_dags/tutorial_taskflow_api.py
[2023-12-17T08:13:14.168+0700] {processor.py:839} INFO - DAG(s) dict_keys(['tutorial_taskflow_api']) retrieved from /home/phuc/Practice/DataScience/DSProject/venv/lib/python3.10/site-packages/airflow/example_dags/tutorial_taskflow_api.py
[2023-12-17T08:13:14.180+0700] {logging_mixin.py:154} INFO - [2023-12-17T08:13:14.179+0700] {dag.py:2941} INFO - Sync 1 DAGs
[2023-12-17T08:13:14.186+0700] {logging_mixin.py:154} INFO - [2023-12-17T08:13:14.186+0700] {dag.py:3722} INFO - Setting next_dagrun for tutorial_taskflow_api to None, run_after=None
[2023-12-17T08:13:14.197+0700] {processor.py:179} INFO - Processing /home/phuc/Practice/DataScience/DSProject/venv/lib/python3.10/site-packages/airflow/example_dags/tutorial_taskflow_api.py took 0.049 seconds
[2023-12-17T08:14:00.442+0700] {processor.py:157} INFO - Started process (PID=314895) to work on /home/phuc/Practice/DataScience/DSProject/venv/lib/python3.10/site-packages/airflow/example_dags/tutorial_taskflow_api.py
[2023-12-17T08:14:00.449+0700] {processor.py:829} INFO - Processing file /home/phuc/Practice/DataScience/DSProject/venv/lib/python3.10/site-packages/airflow/example_dags/tutorial_taskflow_api.py for tasks to queue
[2023-12-17T08:14:00.450+0700] {logging_mixin.py:154} INFO - [2023-12-17T08:14:00.450+0700] {dagbag.py:536} INFO - Filling up the DagBag from /home/phuc/Practice/DataScience/DSProject/venv/lib/python3.10/site-packages/airflow/example_dags/tutorial_taskflow_api.py
[2023-12-17T08:14:00.460+0700] {processor.py:839} INFO - DAG(s) dict_keys(['tutorial_taskflow_api']) retrieved from /home/phuc/Practice/DataScience/DSProject/venv/lib/python3.10/site-packages/airflow/example_dags/tutorial_taskflow_api.py
[2023-12-17T08:14:00.471+0700] {logging_mixin.py:154} INFO - [2023-12-17T08:14:00.471+0700] {dag.py:2941} INFO - Sync 1 DAGs
[2023-12-17T08:14:00.477+0700] {logging_mixin.py:154} INFO - [2023-12-17T08:14:00.477+0700] {dag.py:3722} INFO - Setting next_dagrun for tutorial_taskflow_api to None, run_after=None
[2023-12-17T08:14:00.488+0700] {processor.py:179} INFO - Processing /home/phuc/Practice/DataScience/DSProject/venv/lib/python3.10/site-packages/airflow/example_dags/tutorial_taskflow_api.py took 0.049 seconds
[2023-12-17T08:14:51.871+0700] {processor.py:157} INFO - Started process (PID=315116) to work on /home/phuc/Practice/DataScience/DSProject/venv/lib/python3.10/site-packages/airflow/example_dags/tutorial_taskflow_api.py
[2023-12-17T08:14:51.878+0700] {processor.py:829} INFO - Processing file /home/phuc/Practice/DataScience/DSProject/venv/lib/python3.10/site-packages/airflow/example_dags/tutorial_taskflow_api.py for tasks to queue
[2023-12-17T08:14:51.879+0700] {logging_mixin.py:154} INFO - [2023-12-17T08:14:51.879+0700] {dagbag.py:536} INFO - Filling up the DagBag from /home/phuc/Practice/DataScience/DSProject/venv/lib/python3.10/site-packages/airflow/example_dags/tutorial_taskflow_api.py
[2023-12-17T08:14:51.888+0700] {processor.py:839} INFO - DAG(s) dict_keys(['tutorial_taskflow_api']) retrieved from /home/phuc/Practice/DataScience/DSProject/venv/lib/python3.10/site-packages/airflow/example_dags/tutorial_taskflow_api.py
[2023-12-17T08:14:51.900+0700] {logging_mixin.py:154} INFO - [2023-12-17T08:14:51.900+0700] {dag.py:2941} INFO - Sync 1 DAGs
[2023-12-17T08:14:51.906+0700] {logging_mixin.py:154} INFO - [2023-12-17T08:14:51.905+0700] {dag.py:3722} INFO - Setting next_dagrun for tutorial_taskflow_api to None, run_after=None
[2023-12-17T08:14:51.917+0700] {processor.py:179} INFO - Processing /home/phuc/Practice/DataScience/DSProject/venv/lib/python3.10/site-packages/airflow/example_dags/tutorial_taskflow_api.py took 0.050 seconds
[2023-12-17T08:15:45.697+0700] {processor.py:157} INFO - Started process (PID=315361) to work on /home/phuc/Practice/DataScience/DSProject/venv/lib/python3.10/site-packages/airflow/example_dags/tutorial_taskflow_api.py
[2023-12-17T08:15:45.704+0700] {processor.py:829} INFO - Processing file /home/phuc/Practice/DataScience/DSProject/venv/lib/python3.10/site-packages/airflow/example_dags/tutorial_taskflow_api.py for tasks to queue
[2023-12-17T08:15:45.705+0700] {logging_mixin.py:154} INFO - [2023-12-17T08:15:45.705+0700] {dagbag.py:536} INFO - Filling up the DagBag from /home/phuc/Practice/DataScience/DSProject/venv/lib/python3.10/site-packages/airflow/example_dags/tutorial_taskflow_api.py
[2023-12-17T08:15:45.714+0700] {processor.py:839} INFO - DAG(s) dict_keys(['tutorial_taskflow_api']) retrieved from /home/phuc/Practice/DataScience/DSProject/venv/lib/python3.10/site-packages/airflow/example_dags/tutorial_taskflow_api.py
[2023-12-17T08:15:45.725+0700] {logging_mixin.py:154} INFO - [2023-12-17T08:15:45.725+0700] {dag.py:2941} INFO - Sync 1 DAGs
[2023-12-17T08:15:45.731+0700] {logging_mixin.py:154} INFO - [2023-12-17T08:15:45.731+0700] {dag.py:3722} INFO - Setting next_dagrun for tutorial_taskflow_api to None, run_after=None
[2023-12-17T08:15:45.743+0700] {processor.py:179} INFO - Processing /home/phuc/Practice/DataScience/DSProject/venv/lib/python3.10/site-packages/airflow/example_dags/tutorial_taskflow_api.py took 0.047 seconds
[2023-12-17T08:18:06.671+0700] {processor.py:157} INFO - Started process (PID=316482) to work on /home/phuc/Practice/DataScience/DSProject/venv/lib/python3.10/site-packages/airflow/example_dags/tutorial_taskflow_api.py
[2023-12-17T08:18:06.678+0700] {processor.py:829} INFO - Processing file /home/phuc/Practice/DataScience/DSProject/venv/lib/python3.10/site-packages/airflow/example_dags/tutorial_taskflow_api.py for tasks to queue
[2023-12-17T08:18:06.680+0700] {logging_mixin.py:154} INFO - [2023-12-17T08:18:06.679+0700] {dagbag.py:536} INFO - Filling up the DagBag from /home/phuc/Practice/DataScience/DSProject/venv/lib/python3.10/site-packages/airflow/example_dags/tutorial_taskflow_api.py
[2023-12-17T08:18:06.687+0700] {processor.py:839} INFO - DAG(s) dict_keys(['tutorial_taskflow_api']) retrieved from /home/phuc/Practice/DataScience/DSProject/venv/lib/python3.10/site-packages/airflow/example_dags/tutorial_taskflow_api.py
[2023-12-17T08:18:06.699+0700] {logging_mixin.py:154} INFO - [2023-12-17T08:18:06.698+0700] {dag.py:2941} INFO - Sync 1 DAGs
[2023-12-17T08:18:06.706+0700] {logging_mixin.py:154} INFO - [2023-12-17T08:18:06.706+0700] {dag.py:3722} INFO - Setting next_dagrun for tutorial_taskflow_api to None, run_after=None
[2023-12-17T08:18:06.720+0700] {processor.py:179} INFO - Processing /home/phuc/Practice/DataScience/DSProject/venv/lib/python3.10/site-packages/airflow/example_dags/tutorial_taskflow_api.py took 0.053 seconds
[2023-12-17T08:18:55.220+0700] {processor.py:157} INFO - Started process (PID=316870) to work on /home/phuc/Practice/DataScience/DSProject/venv/lib/python3.10/site-packages/airflow/example_dags/tutorial_taskflow_api.py
[2023-12-17T08:18:55.227+0700] {processor.py:829} INFO - Processing file /home/phuc/Practice/DataScience/DSProject/venv/lib/python3.10/site-packages/airflow/example_dags/tutorial_taskflow_api.py for tasks to queue
[2023-12-17T08:18:55.228+0700] {logging_mixin.py:154} INFO - [2023-12-17T08:18:55.227+0700] {dagbag.py:536} INFO - Filling up the DagBag from /home/phuc/Practice/DataScience/DSProject/venv/lib/python3.10/site-packages/airflow/example_dags/tutorial_taskflow_api.py
[2023-12-17T08:18:55.231+0700] {processor.py:839} INFO - DAG(s) dict_keys(['tutorial_taskflow_api']) retrieved from /home/phuc/Practice/DataScience/DSProject/venv/lib/python3.10/site-packages/airflow/example_dags/tutorial_taskflow_api.py
[2023-12-17T08:18:55.241+0700] {logging_mixin.py:154} INFO - [2023-12-17T08:18:55.241+0700] {dag.py:2941} INFO - Sync 1 DAGs
[2023-12-17T08:18:55.248+0700] {logging_mixin.py:154} INFO - [2023-12-17T08:18:55.248+0700] {dag.py:3722} INFO - Setting next_dagrun for tutorial_taskflow_api to None, run_after=None
[2023-12-17T08:18:55.262+0700] {processor.py:179} INFO - Processing /home/phuc/Practice/DataScience/DSProject/venv/lib/python3.10/site-packages/airflow/example_dags/tutorial_taskflow_api.py took 0.044 seconds
[2023-12-17T08:19:46.697+0700] {processor.py:157} INFO - Started process (PID=317391) to work on /home/phuc/Practice/DataScience/DSProject/venv/lib/python3.10/site-packages/airflow/example_dags/tutorial_taskflow_api.py
[2023-12-17T08:19:46.704+0700] {processor.py:829} INFO - Processing file /home/phuc/Practice/DataScience/DSProject/venv/lib/python3.10/site-packages/airflow/example_dags/tutorial_taskflow_api.py for tasks to queue
[2023-12-17T08:19:46.705+0700] {logging_mixin.py:154} INFO - [2023-12-17T08:19:46.705+0700] {dagbag.py:536} INFO - Filling up the DagBag from /home/phuc/Practice/DataScience/DSProject/venv/lib/python3.10/site-packages/airflow/example_dags/tutorial_taskflow_api.py
[2023-12-17T08:19:46.709+0700] {processor.py:839} INFO - DAG(s) dict_keys(['tutorial_taskflow_api']) retrieved from /home/phuc/Practice/DataScience/DSProject/venv/lib/python3.10/site-packages/airflow/example_dags/tutorial_taskflow_api.py
[2023-12-17T08:19:46.720+0700] {logging_mixin.py:154} INFO - [2023-12-17T08:19:46.720+0700] {dag.py:2941} INFO - Sync 1 DAGs
[2023-12-17T08:19:46.728+0700] {logging_mixin.py:154} INFO - [2023-12-17T08:19:46.727+0700] {dag.py:3722} INFO - Setting next_dagrun for tutorial_taskflow_api to None, run_after=None
[2023-12-17T08:19:46.743+0700] {processor.py:179} INFO - Processing /home/phuc/Practice/DataScience/DSProject/venv/lib/python3.10/site-packages/airflow/example_dags/tutorial_taskflow_api.py took 0.047 seconds
[2023-12-17T08:20:42.820+0700] {processor.py:157} INFO - Started process (PID=317988) to work on /home/phuc/Practice/DataScience/DSProject/venv/lib/python3.10/site-packages/airflow/example_dags/tutorial_taskflow_api.py
[2023-12-17T08:20:42.827+0700] {processor.py:829} INFO - Processing file /home/phuc/Practice/DataScience/DSProject/venv/lib/python3.10/site-packages/airflow/example_dags/tutorial_taskflow_api.py for tasks to queue
[2023-12-17T08:20:42.828+0700] {logging_mixin.py:154} INFO - [2023-12-17T08:20:42.828+0700] {dagbag.py:536} INFO - Filling up the DagBag from /home/phuc/Practice/DataScience/DSProject/venv/lib/python3.10/site-packages/airflow/example_dags/tutorial_taskflow_api.py
[2023-12-17T08:20:42.833+0700] {processor.py:839} INFO - DAG(s) dict_keys(['tutorial_taskflow_api']) retrieved from /home/phuc/Practice/DataScience/DSProject/venv/lib/python3.10/site-packages/airflow/example_dags/tutorial_taskflow_api.py
[2023-12-17T08:20:42.845+0700] {logging_mixin.py:154} INFO - [2023-12-17T08:20:42.845+0700] {dag.py:2941} INFO - Sync 1 DAGs
[2023-12-17T08:20:42.853+0700] {logging_mixin.py:154} INFO - [2023-12-17T08:20:42.853+0700] {dag.py:3722} INFO - Setting next_dagrun for tutorial_taskflow_api to None, run_after=None
[2023-12-17T08:20:42.868+0700] {processor.py:179} INFO - Processing /home/phuc/Practice/DataScience/DSProject/venv/lib/python3.10/site-packages/airflow/example_dags/tutorial_taskflow_api.py took 0.050 seconds
[2023-12-17T08:23:07.364+0700] {processor.py:157} INFO - Started process (PID=319310) to work on /home/phuc/Practice/DataScience/DSProject/venv/lib/python3.10/site-packages/airflow/example_dags/tutorial_taskflow_api.py
[2023-12-17T08:23:07.371+0700] {processor.py:829} INFO - Processing file /home/phuc/Practice/DataScience/DSProject/venv/lib/python3.10/site-packages/airflow/example_dags/tutorial_taskflow_api.py for tasks to queue
[2023-12-17T08:23:07.372+0700] {logging_mixin.py:154} INFO - [2023-12-17T08:23:07.372+0700] {dagbag.py:536} INFO - Filling up the DagBag from /home/phuc/Practice/DataScience/DSProject/venv/lib/python3.10/site-packages/airflow/example_dags/tutorial_taskflow_api.py
[2023-12-17T08:23:07.376+0700] {processor.py:839} INFO - DAG(s) dict_keys(['tutorial_taskflow_api']) retrieved from /home/phuc/Practice/DataScience/DSProject/venv/lib/python3.10/site-packages/airflow/example_dags/tutorial_taskflow_api.py
[2023-12-17T08:23:07.388+0700] {logging_mixin.py:154} INFO - [2023-12-17T08:23:07.388+0700] {dag.py:2941} INFO - Sync 1 DAGs
[2023-12-17T08:23:07.397+0700] {logging_mixin.py:154} INFO - [2023-12-17T08:23:07.397+0700] {dag.py:3722} INFO - Setting next_dagrun for tutorial_taskflow_api to None, run_after=None
[2023-12-17T08:23:07.414+0700] {processor.py:179} INFO - Processing /home/phuc/Practice/DataScience/DSProject/venv/lib/python3.10/site-packages/airflow/example_dags/tutorial_taskflow_api.py took 0.053 seconds
[2023-12-17T08:23:53.935+0700] {processor.py:157} INFO - Started process (PID=319664) to work on /home/phuc/Practice/DataScience/DSProject/venv/lib/python3.10/site-packages/airflow/example_dags/tutorial_taskflow_api.py
[2023-12-17T08:23:53.942+0700] {processor.py:829} INFO - Processing file /home/phuc/Practice/DataScience/DSProject/venv/lib/python3.10/site-packages/airflow/example_dags/tutorial_taskflow_api.py for tasks to queue
[2023-12-17T08:23:53.943+0700] {logging_mixin.py:154} INFO - [2023-12-17T08:23:53.942+0700] {dagbag.py:536} INFO - Filling up the DagBag from /home/phuc/Practice/DataScience/DSProject/venv/lib/python3.10/site-packages/airflow/example_dags/tutorial_taskflow_api.py
[2023-12-17T08:23:53.952+0700] {processor.py:839} INFO - DAG(s) dict_keys(['tutorial_taskflow_api']) retrieved from /home/phuc/Practice/DataScience/DSProject/venv/lib/python3.10/site-packages/airflow/example_dags/tutorial_taskflow_api.py
[2023-12-17T08:23:53.963+0700] {logging_mixin.py:154} INFO - [2023-12-17T08:23:53.963+0700] {dag.py:2941} INFO - Sync 1 DAGs
[2023-12-17T08:23:53.970+0700] {logging_mixin.py:154} INFO - [2023-12-17T08:23:53.970+0700] {dag.py:3722} INFO - Setting next_dagrun for tutorial_taskflow_api to None, run_after=None
[2023-12-17T08:23:53.981+0700] {processor.py:179} INFO - Processing /home/phuc/Practice/DataScience/DSProject/venv/lib/python3.10/site-packages/airflow/example_dags/tutorial_taskflow_api.py took 0.049 seconds
[2023-12-17T08:24:46.711+0700] {processor.py:157} INFO - Started process (PID=319917) to work on /home/phuc/Practice/DataScience/DSProject/venv/lib/python3.10/site-packages/airflow/example_dags/tutorial_taskflow_api.py
[2023-12-17T08:24:46.719+0700] {processor.py:829} INFO - Processing file /home/phuc/Practice/DataScience/DSProject/venv/lib/python3.10/site-packages/airflow/example_dags/tutorial_taskflow_api.py for tasks to queue
[2023-12-17T08:24:46.720+0700] {logging_mixin.py:154} INFO - [2023-12-17T08:24:46.719+0700] {dagbag.py:536} INFO - Filling up the DagBag from /home/phuc/Practice/DataScience/DSProject/venv/lib/python3.10/site-packages/airflow/example_dags/tutorial_taskflow_api.py
[2023-12-17T08:24:46.726+0700] {processor.py:839} INFO - DAG(s) dict_keys(['tutorial_taskflow_api']) retrieved from /home/phuc/Practice/DataScience/DSProject/venv/lib/python3.10/site-packages/airflow/example_dags/tutorial_taskflow_api.py
[2023-12-17T08:24:46.734+0700] {logging_mixin.py:154} INFO - [2023-12-17T08:24:46.734+0700] {dag.py:2941} INFO - Sync 1 DAGs
[2023-12-17T08:24:46.740+0700] {logging_mixin.py:154} INFO - [2023-12-17T08:24:46.740+0700] {dag.py:3722} INFO - Setting next_dagrun for tutorial_taskflow_api to None, run_after=None
[2023-12-17T08:24:46.752+0700] {processor.py:179} INFO - Processing /home/phuc/Practice/DataScience/DSProject/venv/lib/python3.10/site-packages/airflow/example_dags/tutorial_taskflow_api.py took 0.043 seconds
[2023-12-17T08:25:42.594+0700] {processor.py:157} INFO - Started process (PID=320166) to work on /home/phuc/Practice/DataScience/DSProject/venv/lib/python3.10/site-packages/airflow/example_dags/tutorial_taskflow_api.py
[2023-12-17T08:25:42.601+0700] {processor.py:829} INFO - Processing file /home/phuc/Practice/DataScience/DSProject/venv/lib/python3.10/site-packages/airflow/example_dags/tutorial_taskflow_api.py for tasks to queue
[2023-12-17T08:25:42.602+0700] {logging_mixin.py:154} INFO - [2023-12-17T08:25:42.601+0700] {dagbag.py:536} INFO - Filling up the DagBag from /home/phuc/Practice/DataScience/DSProject/venv/lib/python3.10/site-packages/airflow/example_dags/tutorial_taskflow_api.py
[2023-12-17T08:25:42.611+0700] {processor.py:839} INFO - DAG(s) dict_keys(['tutorial_taskflow_api']) retrieved from /home/phuc/Practice/DataScience/DSProject/venv/lib/python3.10/site-packages/airflow/example_dags/tutorial_taskflow_api.py
[2023-12-17T08:25:42.624+0700] {logging_mixin.py:154} INFO - [2023-12-17T08:25:42.624+0700] {dag.py:2941} INFO - Sync 1 DAGs
[2023-12-17T08:25:42.630+0700] {logging_mixin.py:154} INFO - [2023-12-17T08:25:42.630+0700] {dag.py:3722} INFO - Setting next_dagrun for tutorial_taskflow_api to None, run_after=None
[2023-12-17T08:25:42.641+0700] {processor.py:179} INFO - Processing /home/phuc/Practice/DataScience/DSProject/venv/lib/python3.10/site-packages/airflow/example_dags/tutorial_taskflow_api.py took 0.050 seconds
[2023-12-17T08:26:29.519+0700] {processor.py:157} INFO - Started process (PID=320373) to work on /home/phuc/Practice/DataScience/DSProject/venv/lib/python3.10/site-packages/airflow/example_dags/tutorial_taskflow_api.py
[2023-12-17T08:26:29.526+0700] {processor.py:829} INFO - Processing file /home/phuc/Practice/DataScience/DSProject/venv/lib/python3.10/site-packages/airflow/example_dags/tutorial_taskflow_api.py for tasks to queue
[2023-12-17T08:26:29.528+0700] {logging_mixin.py:154} INFO - [2023-12-17T08:26:29.527+0700] {dagbag.py:536} INFO - Filling up the DagBag from /home/phuc/Practice/DataScience/DSProject/venv/lib/python3.10/site-packages/airflow/example_dags/tutorial_taskflow_api.py
[2023-12-17T08:26:29.536+0700] {processor.py:839} INFO - DAG(s) dict_keys(['tutorial_taskflow_api']) retrieved from /home/phuc/Practice/DataScience/DSProject/venv/lib/python3.10/site-packages/airflow/example_dags/tutorial_taskflow_api.py
[2023-12-17T08:26:29.547+0700] {logging_mixin.py:154} INFO - [2023-12-17T08:26:29.547+0700] {dag.py:2941} INFO - Sync 1 DAGs
[2023-12-17T08:26:29.554+0700] {logging_mixin.py:154} INFO - [2023-12-17T08:26:29.554+0700] {dag.py:3722} INFO - Setting next_dagrun for tutorial_taskflow_api to None, run_after=None
[2023-12-17T08:26:29.565+0700] {processor.py:179} INFO - Processing /home/phuc/Practice/DataScience/DSProject/venv/lib/python3.10/site-packages/airflow/example_dags/tutorial_taskflow_api.py took 0.051 seconds
[2023-12-17T08:27:21.052+0700] {processor.py:157} INFO - Started process (PID=320672) to work on /home/phuc/Practice/DataScience/DSProject/venv/lib/python3.10/site-packages/airflow/example_dags/tutorial_taskflow_api.py
[2023-12-17T08:27:21.059+0700] {processor.py:829} INFO - Processing file /home/phuc/Practice/DataScience/DSProject/venv/lib/python3.10/site-packages/airflow/example_dags/tutorial_taskflow_api.py for tasks to queue
[2023-12-17T08:27:21.060+0700] {logging_mixin.py:154} INFO - [2023-12-17T08:27:21.060+0700] {dagbag.py:536} INFO - Filling up the DagBag from /home/phuc/Practice/DataScience/DSProject/venv/lib/python3.10/site-packages/airflow/example_dags/tutorial_taskflow_api.py
[2023-12-17T08:27:21.069+0700] {processor.py:839} INFO - DAG(s) dict_keys(['tutorial_taskflow_api']) retrieved from /home/phuc/Practice/DataScience/DSProject/venv/lib/python3.10/site-packages/airflow/example_dags/tutorial_taskflow_api.py
[2023-12-17T08:27:21.082+0700] {logging_mixin.py:154} INFO - [2023-12-17T08:27:21.081+0700] {dag.py:2941} INFO - Sync 1 DAGs
[2023-12-17T08:27:21.089+0700] {logging_mixin.py:154} INFO - [2023-12-17T08:27:21.089+0700] {dag.py:3722} INFO - Setting next_dagrun for tutorial_taskflow_api to None, run_after=None
[2023-12-17T08:27:21.104+0700] {processor.py:179} INFO - Processing /home/phuc/Practice/DataScience/DSProject/venv/lib/python3.10/site-packages/airflow/example_dags/tutorial_taskflow_api.py took 0.054 seconds
[2023-12-17T08:28:10.984+0700] {processor.py:157} INFO - Started process (PID=320890) to work on /home/phuc/Practice/DataScience/DSProject/venv/lib/python3.10/site-packages/airflow/example_dags/tutorial_taskflow_api.py
[2023-12-17T08:28:10.991+0700] {processor.py:829} INFO - Processing file /home/phuc/Practice/DataScience/DSProject/venv/lib/python3.10/site-packages/airflow/example_dags/tutorial_taskflow_api.py for tasks to queue
[2023-12-17T08:28:10.992+0700] {logging_mixin.py:154} INFO - [2023-12-17T08:28:10.991+0700] {dagbag.py:536} INFO - Filling up the DagBag from /home/phuc/Practice/DataScience/DSProject/venv/lib/python3.10/site-packages/airflow/example_dags/tutorial_taskflow_api.py
[2023-12-17T08:28:11.001+0700] {processor.py:839} INFO - DAG(s) dict_keys(['tutorial_taskflow_api']) retrieved from /home/phuc/Practice/DataScience/DSProject/venv/lib/python3.10/site-packages/airflow/example_dags/tutorial_taskflow_api.py
[2023-12-17T08:28:11.012+0700] {logging_mixin.py:154} INFO - [2023-12-17T08:28:11.012+0700] {dag.py:2941} INFO - Sync 1 DAGs
[2023-12-17T08:28:11.018+0700] {logging_mixin.py:154} INFO - [2023-12-17T08:28:11.018+0700] {dag.py:3722} INFO - Setting next_dagrun for tutorial_taskflow_api to None, run_after=None
[2023-12-17T08:28:11.029+0700] {processor.py:179} INFO - Processing /home/phuc/Practice/DataScience/DSProject/venv/lib/python3.10/site-packages/airflow/example_dags/tutorial_taskflow_api.py took 0.048 seconds
[2023-12-17T08:28:58.123+0700] {processor.py:157} INFO - Started process (PID=321093) to work on /home/phuc/Practice/DataScience/DSProject/venv/lib/python3.10/site-packages/airflow/example_dags/tutorial_taskflow_api.py
[2023-12-17T08:28:58.124+0700] {processor.py:829} INFO - Processing file /home/phuc/Practice/DataScience/DSProject/venv/lib/python3.10/site-packages/airflow/example_dags/tutorial_taskflow_api.py for tasks to queue
[2023-12-17T08:28:58.124+0700] {logging_mixin.py:154} INFO - [2023-12-17T08:28:58.124+0700] {dagbag.py:536} INFO - Filling up the DagBag from /home/phuc/Practice/DataScience/DSProject/venv/lib/python3.10/site-packages/airflow/example_dags/tutorial_taskflow_api.py
[2023-12-17T08:28:58.130+0700] {processor.py:839} INFO - DAG(s) dict_keys(['tutorial_taskflow_api']) retrieved from /home/phuc/Practice/DataScience/DSProject/venv/lib/python3.10/site-packages/airflow/example_dags/tutorial_taskflow_api.py
[2023-12-17T08:28:58.140+0700] {logging_mixin.py:154} INFO - [2023-12-17T08:28:58.140+0700] {dag.py:2941} INFO - Sync 1 DAGs
[2023-12-17T08:28:58.146+0700] {logging_mixin.py:154} INFO - [2023-12-17T08:28:58.146+0700] {dag.py:3722} INFO - Setting next_dagrun for tutorial_taskflow_api to None, run_after=None
[2023-12-17T08:28:58.158+0700] {processor.py:179} INFO - Processing /home/phuc/Practice/DataScience/DSProject/venv/lib/python3.10/site-packages/airflow/example_dags/tutorial_taskflow_api.py took 0.037 seconds
[2023-12-17T08:29:49.989+0700] {processor.py:157} INFO - Started process (PID=321319) to work on /home/phuc/Practice/DataScience/DSProject/venv/lib/python3.10/site-packages/airflow/example_dags/tutorial_taskflow_api.py
[2023-12-17T08:29:49.996+0700] {processor.py:829} INFO - Processing file /home/phuc/Practice/DataScience/DSProject/venv/lib/python3.10/site-packages/airflow/example_dags/tutorial_taskflow_api.py for tasks to queue
[2023-12-17T08:29:49.998+0700] {logging_mixin.py:154} INFO - [2023-12-17T08:29:49.997+0700] {dagbag.py:536} INFO - Filling up the DagBag from /home/phuc/Practice/DataScience/DSProject/venv/lib/python3.10/site-packages/airflow/example_dags/tutorial_taskflow_api.py
[2023-12-17T08:29:50.007+0700] {processor.py:839} INFO - DAG(s) dict_keys(['tutorial_taskflow_api']) retrieved from /home/phuc/Practice/DataScience/DSProject/venv/lib/python3.10/site-packages/airflow/example_dags/tutorial_taskflow_api.py
[2023-12-17T08:29:50.018+0700] {logging_mixin.py:154} INFO - [2023-12-17T08:29:50.018+0700] {dag.py:2941} INFO - Sync 1 DAGs
[2023-12-17T08:29:50.023+0700] {logging_mixin.py:154} INFO - [2023-12-17T08:29:50.023+0700] {dag.py:3722} INFO - Setting next_dagrun for tutorial_taskflow_api to None, run_after=None
[2023-12-17T08:29:50.033+0700] {processor.py:179} INFO - Processing /home/phuc/Practice/DataScience/DSProject/venv/lib/python3.10/site-packages/airflow/example_dags/tutorial_taskflow_api.py took 0.047 seconds
[2023-12-17T08:30:40.587+0700] {processor.py:157} INFO - Started process (PID=321578) to work on /home/phuc/Practice/DataScience/DSProject/venv/lib/python3.10/site-packages/airflow/example_dags/tutorial_taskflow_api.py
[2023-12-17T08:30:40.593+0700] {processor.py:829} INFO - Processing file /home/phuc/Practice/DataScience/DSProject/venv/lib/python3.10/site-packages/airflow/example_dags/tutorial_taskflow_api.py for tasks to queue
[2023-12-17T08:30:40.594+0700] {logging_mixin.py:154} INFO - [2023-12-17T08:30:40.594+0700] {dagbag.py:536} INFO - Filling up the DagBag from /home/phuc/Practice/DataScience/DSProject/venv/lib/python3.10/site-packages/airflow/example_dags/tutorial_taskflow_api.py
[2023-12-17T08:30:40.598+0700] {processor.py:839} INFO - DAG(s) dict_keys(['tutorial_taskflow_api']) retrieved from /home/phuc/Practice/DataScience/DSProject/venv/lib/python3.10/site-packages/airflow/example_dags/tutorial_taskflow_api.py
[2023-12-17T08:30:40.609+0700] {logging_mixin.py:154} INFO - [2023-12-17T08:30:40.609+0700] {dag.py:2941} INFO - Sync 1 DAGs
[2023-12-17T08:30:40.616+0700] {logging_mixin.py:154} INFO - [2023-12-17T08:30:40.615+0700] {dag.py:3722} INFO - Setting next_dagrun for tutorial_taskflow_api to None, run_after=None
[2023-12-17T08:30:40.628+0700] {processor.py:179} INFO - Processing /home/phuc/Practice/DataScience/DSProject/venv/lib/python3.10/site-packages/airflow/example_dags/tutorial_taskflow_api.py took 0.044 seconds
[2023-12-17T08:31:32.398+0700] {processor.py:157} INFO - Started process (PID=321951) to work on /home/phuc/Practice/DataScience/DSProject/venv/lib/python3.10/site-packages/airflow/example_dags/tutorial_taskflow_api.py
[2023-12-17T08:31:32.405+0700] {processor.py:829} INFO - Processing file /home/phuc/Practice/DataScience/DSProject/venv/lib/python3.10/site-packages/airflow/example_dags/tutorial_taskflow_api.py for tasks to queue
[2023-12-17T08:31:32.406+0700] {logging_mixin.py:154} INFO - [2023-12-17T08:31:32.406+0700] {dagbag.py:536} INFO - Filling up the DagBag from /home/phuc/Practice/DataScience/DSProject/venv/lib/python3.10/site-packages/airflow/example_dags/tutorial_taskflow_api.py
[2023-12-17T08:31:32.415+0700] {processor.py:839} INFO - DAG(s) dict_keys(['tutorial_taskflow_api']) retrieved from /home/phuc/Practice/DataScience/DSProject/venv/lib/python3.10/site-packages/airflow/example_dags/tutorial_taskflow_api.py
[2023-12-17T08:31:32.426+0700] {logging_mixin.py:154} INFO - [2023-12-17T08:31:32.426+0700] {dag.py:2941} INFO - Sync 1 DAGs
[2023-12-17T08:31:32.431+0700] {logging_mixin.py:154} INFO - [2023-12-17T08:31:32.431+0700] {dag.py:3722} INFO - Setting next_dagrun for tutorial_taskflow_api to None, run_after=None
[2023-12-17T08:31:32.441+0700] {processor.py:179} INFO - Processing /home/phuc/Practice/DataScience/DSProject/venv/lib/python3.10/site-packages/airflow/example_dags/tutorial_taskflow_api.py took 0.045 seconds
[2023-12-17T08:32:54.624+0700] {processor.py:157} INFO - Started process (PID=323031) to work on /home/phuc/Practice/DataScience/DSProject/venv/lib/python3.10/site-packages/airflow/example_dags/tutorial_taskflow_api.py
[2023-12-17T08:32:54.630+0700] {processor.py:829} INFO - Processing file /home/phuc/Practice/DataScience/DSProject/venv/lib/python3.10/site-packages/airflow/example_dags/tutorial_taskflow_api.py for tasks to queue
[2023-12-17T08:32:54.631+0700] {logging_mixin.py:154} INFO - [2023-12-17T08:32:54.631+0700] {dagbag.py:536} INFO - Filling up the DagBag from /home/phuc/Practice/DataScience/DSProject/venv/lib/python3.10/site-packages/airflow/example_dags/tutorial_taskflow_api.py
[2023-12-17T08:32:54.635+0700] {processor.py:839} INFO - DAG(s) dict_keys(['tutorial_taskflow_api']) retrieved from /home/phuc/Practice/DataScience/DSProject/venv/lib/python3.10/site-packages/airflow/example_dags/tutorial_taskflow_api.py
[2023-12-17T08:32:54.644+0700] {logging_mixin.py:154} INFO - [2023-12-17T08:32:54.643+0700] {dag.py:2941} INFO - Sync 1 DAGs
[2023-12-17T08:32:54.650+0700] {logging_mixin.py:154} INFO - [2023-12-17T08:32:54.650+0700] {dag.py:3722} INFO - Setting next_dagrun for tutorial_taskflow_api to None, run_after=None
[2023-12-17T08:32:54.661+0700] {processor.py:179} INFO - Processing /home/phuc/Practice/DataScience/DSProject/venv/lib/python3.10/site-packages/airflow/example_dags/tutorial_taskflow_api.py took 0.039 seconds
[2023-12-17T08:33:41.041+0700] {processor.py:157} INFO - Started process (PID=323252) to work on /home/phuc/Practice/DataScience/DSProject/venv/lib/python3.10/site-packages/airflow/example_dags/tutorial_taskflow_api.py
[2023-12-17T08:33:41.048+0700] {processor.py:829} INFO - Processing file /home/phuc/Practice/DataScience/DSProject/venv/lib/python3.10/site-packages/airflow/example_dags/tutorial_taskflow_api.py for tasks to queue
[2023-12-17T08:33:41.049+0700] {logging_mixin.py:154} INFO - [2023-12-17T08:33:41.048+0700] {dagbag.py:536} INFO - Filling up the DagBag from /home/phuc/Practice/DataScience/DSProject/venv/lib/python3.10/site-packages/airflow/example_dags/tutorial_taskflow_api.py
[2023-12-17T08:33:41.055+0700] {processor.py:839} INFO - DAG(s) dict_keys(['tutorial_taskflow_api']) retrieved from /home/phuc/Practice/DataScience/DSProject/venv/lib/python3.10/site-packages/airflow/example_dags/tutorial_taskflow_api.py
[2023-12-17T08:33:41.062+0700] {logging_mixin.py:154} INFO - [2023-12-17T08:33:41.062+0700] {dag.py:2941} INFO - Sync 1 DAGs
[2023-12-17T08:33:41.067+0700] {logging_mixin.py:154} INFO - [2023-12-17T08:33:41.067+0700] {dag.py:3722} INFO - Setting next_dagrun for tutorial_taskflow_api to None, run_after=None
[2023-12-17T08:33:41.077+0700] {processor.py:179} INFO - Processing /home/phuc/Practice/DataScience/DSProject/venv/lib/python3.10/site-packages/airflow/example_dags/tutorial_taskflow_api.py took 0.038 seconds
[2023-12-17T08:34:28.614+0700] {processor.py:157} INFO - Started process (PID=323644) to work on /home/phuc/Practice/DataScience/DSProject/venv/lib/python3.10/site-packages/airflow/example_dags/tutorial_taskflow_api.py
[2023-12-17T08:34:28.620+0700] {processor.py:829} INFO - Processing file /home/phuc/Practice/DataScience/DSProject/venv/lib/python3.10/site-packages/airflow/example_dags/tutorial_taskflow_api.py for tasks to queue
[2023-12-17T08:34:28.621+0700] {logging_mixin.py:154} INFO - [2023-12-17T08:34:28.621+0700] {dagbag.py:536} INFO - Filling up the DagBag from /home/phuc/Practice/DataScience/DSProject/venv/lib/python3.10/site-packages/airflow/example_dags/tutorial_taskflow_api.py
[2023-12-17T08:34:28.624+0700] {processor.py:839} INFO - DAG(s) dict_keys(['tutorial_taskflow_api']) retrieved from /home/phuc/Practice/DataScience/DSProject/venv/lib/python3.10/site-packages/airflow/example_dags/tutorial_taskflow_api.py
[2023-12-17T08:34:28.634+0700] {logging_mixin.py:154} INFO - [2023-12-17T08:34:28.633+0700] {dag.py:2941} INFO - Sync 1 DAGs
[2023-12-17T08:34:28.639+0700] {logging_mixin.py:154} INFO - [2023-12-17T08:34:28.639+0700] {dag.py:3722} INFO - Setting next_dagrun for tutorial_taskflow_api to None, run_after=None
[2023-12-17T08:34:28.648+0700] {processor.py:179} INFO - Processing /home/phuc/Practice/DataScience/DSProject/venv/lib/python3.10/site-packages/airflow/example_dags/tutorial_taskflow_api.py took 0.036 seconds
[2023-12-17T08:35:23.516+0700] {processor.py:157} INFO - Started process (PID=324063) to work on /home/phuc/Practice/DataScience/DSProject/venv/lib/python3.10/site-packages/airflow/example_dags/tutorial_taskflow_api.py
[2023-12-17T08:35:23.523+0700] {processor.py:829} INFO - Processing file /home/phuc/Practice/DataScience/DSProject/venv/lib/python3.10/site-packages/airflow/example_dags/tutorial_taskflow_api.py for tasks to queue
[2023-12-17T08:35:23.525+0700] {logging_mixin.py:154} INFO - [2023-12-17T08:35:23.524+0700] {dagbag.py:536} INFO - Filling up the DagBag from /home/phuc/Practice/DataScience/DSProject/venv/lib/python3.10/site-packages/airflow/example_dags/tutorial_taskflow_api.py
[2023-12-17T08:35:23.534+0700] {processor.py:839} INFO - DAG(s) dict_keys(['tutorial_taskflow_api']) retrieved from /home/phuc/Practice/DataScience/DSProject/venv/lib/python3.10/site-packages/airflow/example_dags/tutorial_taskflow_api.py
[2023-12-17T08:35:23.545+0700] {logging_mixin.py:154} INFO - [2023-12-17T08:35:23.545+0700] {dag.py:2941} INFO - Sync 1 DAGs
[2023-12-17T08:35:23.550+0700] {logging_mixin.py:154} INFO - [2023-12-17T08:35:23.550+0700] {dag.py:3722} INFO - Setting next_dagrun for tutorial_taskflow_api to None, run_after=None
[2023-12-17T08:35:23.560+0700] {processor.py:179} INFO - Processing /home/phuc/Practice/DataScience/DSProject/venv/lib/python3.10/site-packages/airflow/example_dags/tutorial_taskflow_api.py took 0.046 seconds
