[2023-12-17T08:03:31.456+0700] {processor.py:157} INFO - Started process (PID=309837) to work on /home/phuc/Practice/DataScience/DSProject/venv/lib/python3.10/site-packages/airflow/example_dags/tutorial_dag.py
[2023-12-17T08:03:31.457+0700] {processor.py:829} INFO - Processing file /home/phuc/Practice/DataScience/DSProject/venv/lib/python3.10/site-packages/airflow/example_dags/tutorial_dag.py for tasks to queue
[2023-12-17T08:03:31.458+0700] {logging_mixin.py:154} INFO - [2023-12-17T08:03:31.458+0700] {dagbag.py:536} INFO - Filling up the DagBag from /home/phuc/Practice/DataScience/DSProject/venv/lib/python3.10/site-packages/airflow/example_dags/tutorial_dag.py
[2023-12-17T08:03:31.465+0700] {processor.py:839} INFO - DAG(s) dict_keys(['tutorial_dag']) retrieved from /home/phuc/Practice/DataScience/DSProject/venv/lib/python3.10/site-packages/airflow/example_dags/tutorial_dag.py
[2023-12-17T08:03:31.540+0700] {logging_mixin.py:154} INFO - [2023-12-17T08:03:31.540+0700] {manager.py:499} INFO - Created Permission View: %s
[2023-12-17T08:03:31.549+0700] {logging_mixin.py:154} INFO - [2023-12-17T08:03:31.549+0700] {manager.py:499} INFO - Created Permission View: %s
[2023-12-17T08:03:31.556+0700] {logging_mixin.py:154} INFO - [2023-12-17T08:03:31.556+0700] {manager.py:499} INFO - Created Permission View: %s
[2023-12-17T08:03:31.556+0700] {logging_mixin.py:154} INFO - [2023-12-17T08:03:31.556+0700] {dag.py:2941} INFO - Sync 1 DAGs
[2023-12-17T08:03:31.565+0700] {logging_mixin.py:154} INFO - [2023-12-17T08:03:31.564+0700] {dag.py:2963} INFO - Creating ORM DAG for tutorial_dag
[2023-12-17T08:03:31.565+0700] {logging_mixin.py:154} INFO - [2023-12-17T08:03:31.565+0700] {dag.py:3722} INFO - Setting next_dagrun for tutorial_dag to None, run_after=None
[2023-12-17T08:03:31.581+0700] {processor.py:179} INFO - Processing /home/phuc/Practice/DataScience/DSProject/venv/lib/python3.10/site-packages/airflow/example_dags/tutorial_dag.py took 0.129 seconds
[2023-12-17T08:05:46.563+0700] {processor.py:157} INFO - Started process (PID=311067) to work on /home/phuc/Practice/DataScience/DSProject/venv/lib/python3.10/site-packages/airflow/example_dags/tutorial_dag.py
[2023-12-17T08:05:46.570+0700] {processor.py:829} INFO - Processing file /home/phuc/Practice/DataScience/DSProject/venv/lib/python3.10/site-packages/airflow/example_dags/tutorial_dag.py for tasks to queue
[2023-12-17T08:05:46.572+0700] {logging_mixin.py:154} INFO - [2023-12-17T08:05:46.571+0700] {dagbag.py:536} INFO - Filling up the DagBag from /home/phuc/Practice/DataScience/DSProject/venv/lib/python3.10/site-packages/airflow/example_dags/tutorial_dag.py
[2023-12-17T08:05:46.579+0700] {processor.py:839} INFO - DAG(s) dict_keys(['tutorial_dag']) retrieved from /home/phuc/Practice/DataScience/DSProject/venv/lib/python3.10/site-packages/airflow/example_dags/tutorial_dag.py
[2023-12-17T08:05:46.592+0700] {logging_mixin.py:154} INFO - [2023-12-17T08:05:46.592+0700] {dag.py:2941} INFO - Sync 1 DAGs
[2023-12-17T08:05:46.601+0700] {logging_mixin.py:154} INFO - [2023-12-17T08:05:46.601+0700] {dag.py:3722} INFO - Setting next_dagrun for tutorial_dag to None, run_after=None
[2023-12-17T08:05:46.616+0700] {processor.py:179} INFO - Processing /home/phuc/Practice/DataScience/DSProject/venv/lib/python3.10/site-packages/airflow/example_dags/tutorial_dag.py took 0.058 seconds
[2023-12-17T08:06:35.476+0700] {processor.py:157} INFO - Started process (PID=311589) to work on /home/phuc/Practice/DataScience/DSProject/venv/lib/python3.10/site-packages/airflow/example_dags/tutorial_dag.py
[2023-12-17T08:06:35.483+0700] {processor.py:829} INFO - Processing file /home/phuc/Practice/DataScience/DSProject/venv/lib/python3.10/site-packages/airflow/example_dags/tutorial_dag.py for tasks to queue
[2023-12-17T08:06:35.484+0700] {logging_mixin.py:154} INFO - [2023-12-17T08:06:35.484+0700] {dagbag.py:536} INFO - Filling up the DagBag from /home/phuc/Practice/DataScience/DSProject/venv/lib/python3.10/site-packages/airflow/example_dags/tutorial_dag.py
[2023-12-17T08:06:35.488+0700] {processor.py:839} INFO - DAG(s) dict_keys(['tutorial_dag']) retrieved from /home/phuc/Practice/DataScience/DSProject/venv/lib/python3.10/site-packages/airflow/example_dags/tutorial_dag.py
[2023-12-17T08:06:35.500+0700] {logging_mixin.py:154} INFO - [2023-12-17T08:06:35.500+0700] {dag.py:2941} INFO - Sync 1 DAGs
[2023-12-17T08:06:35.507+0700] {logging_mixin.py:154} INFO - [2023-12-17T08:06:35.507+0700] {dag.py:3722} INFO - Setting next_dagrun for tutorial_dag to None, run_after=None
[2023-12-17T08:06:35.523+0700] {processor.py:179} INFO - Processing /home/phuc/Practice/DataScience/DSProject/venv/lib/python3.10/site-packages/airflow/example_dags/tutorial_dag.py took 0.049 seconds
[2023-12-17T08:07:30.550+0700] {processor.py:157} INFO - Started process (PID=312184) to work on /home/phuc/Practice/DataScience/DSProject/venv/lib/python3.10/site-packages/airflow/example_dags/tutorial_dag.py
[2023-12-17T08:07:30.551+0700] {processor.py:829} INFO - Processing file /home/phuc/Practice/DataScience/DSProject/venv/lib/python3.10/site-packages/airflow/example_dags/tutorial_dag.py for tasks to queue
[2023-12-17T08:07:30.551+0700] {logging_mixin.py:154} INFO - [2023-12-17T08:07:30.551+0700] {dagbag.py:536} INFO - Filling up the DagBag from /home/phuc/Practice/DataScience/DSProject/venv/lib/python3.10/site-packages/airflow/example_dags/tutorial_dag.py
[2023-12-17T08:07:30.555+0700] {processor.py:839} INFO - DAG(s) dict_keys(['tutorial_dag']) retrieved from /home/phuc/Practice/DataScience/DSProject/venv/lib/python3.10/site-packages/airflow/example_dags/tutorial_dag.py
[2023-12-17T08:07:30.568+0700] {logging_mixin.py:154} INFO - [2023-12-17T08:07:30.567+0700] {dag.py:2941} INFO - Sync 1 DAGs
[2023-12-17T08:07:30.576+0700] {logging_mixin.py:154} INFO - [2023-12-17T08:07:30.575+0700] {dag.py:3722} INFO - Setting next_dagrun for tutorial_dag to None, run_after=None
[2023-12-17T08:07:30.591+0700] {processor.py:179} INFO - Processing /home/phuc/Practice/DataScience/DSProject/venv/lib/python3.10/site-packages/airflow/example_dags/tutorial_dag.py took 0.044 seconds
[2023-12-17T08:08:44.941+0700] {processor.py:157} INFO - Started process (PID=313153) to work on /home/phuc/Practice/DataScience/DSProject/venv/lib/python3.10/site-packages/airflow/example_dags/tutorial_dag.py
[2023-12-17T08:08:44.947+0700] {processor.py:829} INFO - Processing file /home/phuc/Practice/DataScience/DSProject/venv/lib/python3.10/site-packages/airflow/example_dags/tutorial_dag.py for tasks to queue
[2023-12-17T08:08:44.948+0700] {logging_mixin.py:154} INFO - [2023-12-17T08:08:44.948+0700] {dagbag.py:536} INFO - Filling up the DagBag from /home/phuc/Practice/DataScience/DSProject/venv/lib/python3.10/site-packages/airflow/example_dags/tutorial_dag.py
[2023-12-17T08:08:44.952+0700] {processor.py:839} INFO - DAG(s) dict_keys(['tutorial_dag']) retrieved from /home/phuc/Practice/DataScience/DSProject/venv/lib/python3.10/site-packages/airflow/example_dags/tutorial_dag.py
[2023-12-17T08:08:44.965+0700] {logging_mixin.py:154} INFO - [2023-12-17T08:08:44.965+0700] {dag.py:2941} INFO - Sync 1 DAGs
[2023-12-17T08:08:44.974+0700] {logging_mixin.py:154} INFO - [2023-12-17T08:08:44.974+0700] {dag.py:3722} INFO - Setting next_dagrun for tutorial_dag to None, run_after=None
[2023-12-17T08:08:44.988+0700] {processor.py:179} INFO - Processing /home/phuc/Practice/DataScience/DSProject/venv/lib/python3.10/site-packages/airflow/example_dags/tutorial_dag.py took 0.050 seconds
[2023-12-17T08:09:35.341+0700] {processor.py:157} INFO - Started process (PID=313495) to work on /home/phuc/Practice/DataScience/DSProject/venv/lib/python3.10/site-packages/airflow/example_dags/tutorial_dag.py
[2023-12-17T08:09:35.348+0700] {processor.py:829} INFO - Processing file /home/phuc/Practice/DataScience/DSProject/venv/lib/python3.10/site-packages/airflow/example_dags/tutorial_dag.py for tasks to queue
[2023-12-17T08:09:35.349+0700] {logging_mixin.py:154} INFO - [2023-12-17T08:09:35.349+0700] {dagbag.py:536} INFO - Filling up the DagBag from /home/phuc/Practice/DataScience/DSProject/venv/lib/python3.10/site-packages/airflow/example_dags/tutorial_dag.py
[2023-12-17T08:09:35.355+0700] {processor.py:839} INFO - DAG(s) dict_keys(['tutorial_dag']) retrieved from /home/phuc/Practice/DataScience/DSProject/venv/lib/python3.10/site-packages/airflow/example_dags/tutorial_dag.py
[2023-12-17T08:09:35.370+0700] {logging_mixin.py:154} INFO - [2023-12-17T08:09:35.370+0700] {dag.py:2941} INFO - Sync 1 DAGs
[2023-12-17T08:09:35.380+0700] {logging_mixin.py:154} INFO - [2023-12-17T08:09:35.380+0700] {dag.py:3722} INFO - Setting next_dagrun for tutorial_dag to None, run_after=None
[2023-12-17T08:09:35.402+0700] {processor.py:179} INFO - Processing /home/phuc/Practice/DataScience/DSProject/venv/lib/python3.10/site-packages/airflow/example_dags/tutorial_dag.py took 0.064 seconds
[2023-12-17T08:10:24.586+0700] {processor.py:157} INFO - Started process (PID=313860) to work on /home/phuc/Practice/DataScience/DSProject/venv/lib/python3.10/site-packages/airflow/example_dags/tutorial_dag.py
[2023-12-17T08:10:24.593+0700] {processor.py:829} INFO - Processing file /home/phuc/Practice/DataScience/DSProject/venv/lib/python3.10/site-packages/airflow/example_dags/tutorial_dag.py for tasks to queue
[2023-12-17T08:10:24.594+0700] {logging_mixin.py:154} INFO - [2023-12-17T08:10:24.594+0700] {dagbag.py:536} INFO - Filling up the DagBag from /home/phuc/Practice/DataScience/DSProject/venv/lib/python3.10/site-packages/airflow/example_dags/tutorial_dag.py
[2023-12-17T08:10:24.602+0700] {processor.py:839} INFO - DAG(s) dict_keys(['tutorial_dag']) retrieved from /home/phuc/Practice/DataScience/DSProject/venv/lib/python3.10/site-packages/airflow/example_dags/tutorial_dag.py
[2023-12-17T08:10:24.615+0700] {logging_mixin.py:154} INFO - [2023-12-17T08:10:24.615+0700] {dag.py:2941} INFO - Sync 1 DAGs
[2023-12-17T08:10:24.622+0700] {logging_mixin.py:154} INFO - [2023-12-17T08:10:24.622+0700] {dag.py:3722} INFO - Setting next_dagrun for tutorial_dag to None, run_after=None
[2023-12-17T08:10:24.633+0700] {processor.py:179} INFO - Processing /home/phuc/Practice/DataScience/DSProject/venv/lib/python3.10/site-packages/airflow/example_dags/tutorial_dag.py took 0.049 seconds
[2023-12-17T08:11:14.583+0700] {processor.py:157} INFO - Started process (PID=314077) to work on /home/phuc/Practice/DataScience/DSProject/venv/lib/python3.10/site-packages/airflow/example_dags/tutorial_dag.py
[2023-12-17T08:11:14.590+0700] {processor.py:829} INFO - Processing file /home/phuc/Practice/DataScience/DSProject/venv/lib/python3.10/site-packages/airflow/example_dags/tutorial_dag.py for tasks to queue
[2023-12-17T08:11:14.592+0700] {logging_mixin.py:154} INFO - [2023-12-17T08:11:14.591+0700] {dagbag.py:536} INFO - Filling up the DagBag from /home/phuc/Practice/DataScience/DSProject/venv/lib/python3.10/site-packages/airflow/example_dags/tutorial_dag.py
[2023-12-17T08:11:14.597+0700] {processor.py:839} INFO - DAG(s) dict_keys(['tutorial_dag']) retrieved from /home/phuc/Practice/DataScience/DSProject/venv/lib/python3.10/site-packages/airflow/example_dags/tutorial_dag.py
[2023-12-17T08:11:14.608+0700] {logging_mixin.py:154} INFO - [2023-12-17T08:11:14.608+0700] {dag.py:2941} INFO - Sync 1 DAGs
[2023-12-17T08:11:14.615+0700] {logging_mixin.py:154} INFO - [2023-12-17T08:11:14.615+0700] {dag.py:3722} INFO - Setting next_dagrun for tutorial_dag to None, run_after=None
[2023-12-17T08:11:14.628+0700] {processor.py:179} INFO - Processing /home/phuc/Practice/DataScience/DSProject/venv/lib/python3.10/site-packages/airflow/example_dags/tutorial_dag.py took 0.047 seconds
[2023-12-17T08:12:03.704+0700] {processor.py:157} INFO - Started process (PID=314320) to work on /home/phuc/Practice/DataScience/DSProject/venv/lib/python3.10/site-packages/airflow/example_dags/tutorial_dag.py
[2023-12-17T08:12:03.712+0700] {processor.py:829} INFO - Processing file /home/phuc/Practice/DataScience/DSProject/venv/lib/python3.10/site-packages/airflow/example_dags/tutorial_dag.py for tasks to queue
[2023-12-17T08:12:03.713+0700] {logging_mixin.py:154} INFO - [2023-12-17T08:12:03.712+0700] {dagbag.py:536} INFO - Filling up the DagBag from /home/phuc/Practice/DataScience/DSProject/venv/lib/python3.10/site-packages/airflow/example_dags/tutorial_dag.py
[2023-12-17T08:12:03.718+0700] {processor.py:839} INFO - DAG(s) dict_keys(['tutorial_dag']) retrieved from /home/phuc/Practice/DataScience/DSProject/venv/lib/python3.10/site-packages/airflow/example_dags/tutorial_dag.py
[2023-12-17T08:12:03.727+0700] {logging_mixin.py:154} INFO - [2023-12-17T08:12:03.727+0700] {dag.py:2941} INFO - Sync 1 DAGs
[2023-12-17T08:12:03.733+0700] {logging_mixin.py:154} INFO - [2023-12-17T08:12:03.733+0700] {dag.py:3722} INFO - Setting next_dagrun for tutorial_dag to None, run_after=None
[2023-12-17T08:12:03.744+0700] {processor.py:179} INFO - Processing /home/phuc/Practice/DataScience/DSProject/venv/lib/python3.10/site-packages/airflow/example_dags/tutorial_dag.py took 0.042 seconds
[2023-12-17T08:12:54.724+0700] {processor.py:157} INFO - Started process (PID=314545) to work on /home/phuc/Practice/DataScience/DSProject/venv/lib/python3.10/site-packages/airflow/example_dags/tutorial_dag.py
[2023-12-17T08:12:54.731+0700] {processor.py:829} INFO - Processing file /home/phuc/Practice/DataScience/DSProject/venv/lib/python3.10/site-packages/airflow/example_dags/tutorial_dag.py for tasks to queue
[2023-12-17T08:12:54.732+0700] {logging_mixin.py:154} INFO - [2023-12-17T08:12:54.731+0700] {dagbag.py:536} INFO - Filling up the DagBag from /home/phuc/Practice/DataScience/DSProject/venv/lib/python3.10/site-packages/airflow/example_dags/tutorial_dag.py
[2023-12-17T08:12:54.737+0700] {processor.py:839} INFO - DAG(s) dict_keys(['tutorial_dag']) retrieved from /home/phuc/Practice/DataScience/DSProject/venv/lib/python3.10/site-packages/airflow/example_dags/tutorial_dag.py
[2023-12-17T08:12:54.750+0700] {logging_mixin.py:154} INFO - [2023-12-17T08:12:54.750+0700] {dag.py:2941} INFO - Sync 1 DAGs
[2023-12-17T08:12:54.759+0700] {logging_mixin.py:154} INFO - [2023-12-17T08:12:54.759+0700] {dag.py:3722} INFO - Setting next_dagrun for tutorial_dag to None, run_after=None
[2023-12-17T08:12:54.775+0700] {processor.py:179} INFO - Processing /home/phuc/Practice/DataScience/DSProject/venv/lib/python3.10/site-packages/airflow/example_dags/tutorial_dag.py took 0.054 seconds
[2023-12-17T08:13:39.892+0700] {processor.py:157} INFO - Started process (PID=314805) to work on /home/phuc/Practice/DataScience/DSProject/venv/lib/python3.10/site-packages/airflow/example_dags/tutorial_dag.py
[2023-12-17T08:13:39.899+0700] {processor.py:829} INFO - Processing file /home/phuc/Practice/DataScience/DSProject/venv/lib/python3.10/site-packages/airflow/example_dags/tutorial_dag.py for tasks to queue
[2023-12-17T08:13:39.899+0700] {logging_mixin.py:154} INFO - [2023-12-17T08:13:39.899+0700] {dagbag.py:536} INFO - Filling up the DagBag from /home/phuc/Practice/DataScience/DSProject/venv/lib/python3.10/site-packages/airflow/example_dags/tutorial_dag.py
[2023-12-17T08:13:39.904+0700] {processor.py:839} INFO - DAG(s) dict_keys(['tutorial_dag']) retrieved from /home/phuc/Practice/DataScience/DSProject/venv/lib/python3.10/site-packages/airflow/example_dags/tutorial_dag.py
[2023-12-17T08:13:39.917+0700] {logging_mixin.py:154} INFO - [2023-12-17T08:13:39.916+0700] {dag.py:2941} INFO - Sync 1 DAGs
[2023-12-17T08:13:39.926+0700] {logging_mixin.py:154} INFO - [2023-12-17T08:13:39.925+0700] {dag.py:3722} INFO - Setting next_dagrun for tutorial_dag to None, run_after=None
[2023-12-17T08:13:39.943+0700] {processor.py:179} INFO - Processing /home/phuc/Practice/DataScience/DSProject/venv/lib/python3.10/site-packages/airflow/example_dags/tutorial_dag.py took 0.054 seconds
[2023-12-17T08:14:32.430+0700] {processor.py:157} INFO - Started process (PID=315047) to work on /home/phuc/Practice/DataScience/DSProject/venv/lib/python3.10/site-packages/airflow/example_dags/tutorial_dag.py
[2023-12-17T08:14:32.438+0700] {processor.py:829} INFO - Processing file /home/phuc/Practice/DataScience/DSProject/venv/lib/python3.10/site-packages/airflow/example_dags/tutorial_dag.py for tasks to queue
[2023-12-17T08:14:32.439+0700] {logging_mixin.py:154} INFO - [2023-12-17T08:14:32.438+0700] {dagbag.py:536} INFO - Filling up the DagBag from /home/phuc/Practice/DataScience/DSProject/venv/lib/python3.10/site-packages/airflow/example_dags/tutorial_dag.py
[2023-12-17T08:14:32.446+0700] {processor.py:839} INFO - DAG(s) dict_keys(['tutorial_dag']) retrieved from /home/phuc/Practice/DataScience/DSProject/venv/lib/python3.10/site-packages/airflow/example_dags/tutorial_dag.py
[2023-12-17T08:14:32.459+0700] {logging_mixin.py:154} INFO - [2023-12-17T08:14:32.459+0700] {dag.py:2941} INFO - Sync 1 DAGs
[2023-12-17T08:14:32.466+0700] {logging_mixin.py:154} INFO - [2023-12-17T08:14:32.465+0700] {dag.py:3722} INFO - Setting next_dagrun for tutorial_dag to None, run_after=None
[2023-12-17T08:14:32.478+0700] {processor.py:179} INFO - Processing /home/phuc/Practice/DataScience/DSProject/venv/lib/python3.10/site-packages/airflow/example_dags/tutorial_dag.py took 0.051 seconds
[2023-12-17T08:15:26.539+0700] {processor.py:157} INFO - Started process (PID=315274) to work on /home/phuc/Practice/DataScience/DSProject/venv/lib/python3.10/site-packages/airflow/example_dags/tutorial_dag.py
[2023-12-17T08:15:26.546+0700] {processor.py:829} INFO - Processing file /home/phuc/Practice/DataScience/DSProject/venv/lib/python3.10/site-packages/airflow/example_dags/tutorial_dag.py for tasks to queue
[2023-12-17T08:15:26.548+0700] {logging_mixin.py:154} INFO - [2023-12-17T08:15:26.547+0700] {dagbag.py:536} INFO - Filling up the DagBag from /home/phuc/Practice/DataScience/DSProject/venv/lib/python3.10/site-packages/airflow/example_dags/tutorial_dag.py
[2023-12-17T08:15:26.553+0700] {processor.py:839} INFO - DAG(s) dict_keys(['tutorial_dag']) retrieved from /home/phuc/Practice/DataScience/DSProject/venv/lib/python3.10/site-packages/airflow/example_dags/tutorial_dag.py
[2023-12-17T08:15:26.565+0700] {logging_mixin.py:154} INFO - [2023-12-17T08:15:26.565+0700] {dag.py:2941} INFO - Sync 1 DAGs
[2023-12-17T08:15:26.571+0700] {logging_mixin.py:154} INFO - [2023-12-17T08:15:26.571+0700] {dag.py:3722} INFO - Setting next_dagrun for tutorial_dag to None, run_after=None
[2023-12-17T08:15:26.583+0700] {processor.py:179} INFO - Processing /home/phuc/Practice/DataScience/DSProject/venv/lib/python3.10/site-packages/airflow/example_dags/tutorial_dag.py took 0.046 seconds
[2023-12-17T08:16:17.857+0700] {processor.py:157} INFO - Started process (PID=315592) to work on /home/phuc/Practice/DataScience/DSProject/venv/lib/python3.10/site-packages/airflow/example_dags/tutorial_dag.py
[2023-12-17T08:16:17.864+0700] {processor.py:829} INFO - Processing file /home/phuc/Practice/DataScience/DSProject/venv/lib/python3.10/site-packages/airflow/example_dags/tutorial_dag.py for tasks to queue
[2023-12-17T08:16:17.865+0700] {logging_mixin.py:154} INFO - [2023-12-17T08:16:17.865+0700] {dagbag.py:536} INFO - Filling up the DagBag from /home/phuc/Practice/DataScience/DSProject/venv/lib/python3.10/site-packages/airflow/example_dags/tutorial_dag.py
[2023-12-17T08:16:17.870+0700] {processor.py:839} INFO - DAG(s) dict_keys(['tutorial_dag']) retrieved from /home/phuc/Practice/DataScience/DSProject/venv/lib/python3.10/site-packages/airflow/example_dags/tutorial_dag.py
[2023-12-17T08:16:17.885+0700] {logging_mixin.py:154} INFO - [2023-12-17T08:16:17.884+0700] {dag.py:2941} INFO - Sync 1 DAGs
[2023-12-17T08:16:17.895+0700] {logging_mixin.py:154} INFO - [2023-12-17T08:16:17.895+0700] {dag.py:3722} INFO - Setting next_dagrun for tutorial_dag to None, run_after=None
[2023-12-17T08:16:17.917+0700] {processor.py:179} INFO - Processing /home/phuc/Practice/DataScience/DSProject/venv/lib/python3.10/site-packages/airflow/example_dags/tutorial_dag.py took 0.063 seconds
[2023-12-17T08:18:03.789+0700] {processor.py:157} INFO - Started process (PID=316460) to work on /home/phuc/Practice/DataScience/DSProject/venv/lib/python3.10/site-packages/airflow/example_dags/tutorial_dag.py
[2023-12-17T08:18:03.796+0700] {processor.py:829} INFO - Processing file /home/phuc/Practice/DataScience/DSProject/venv/lib/python3.10/site-packages/airflow/example_dags/tutorial_dag.py for tasks to queue
[2023-12-17T08:18:03.798+0700] {logging_mixin.py:154} INFO - [2023-12-17T08:18:03.797+0700] {dagbag.py:536} INFO - Filling up the DagBag from /home/phuc/Practice/DataScience/DSProject/venv/lib/python3.10/site-packages/airflow/example_dags/tutorial_dag.py
[2023-12-17T08:18:03.805+0700] {processor.py:839} INFO - DAG(s) dict_keys(['tutorial_dag']) retrieved from /home/phuc/Practice/DataScience/DSProject/venv/lib/python3.10/site-packages/airflow/example_dags/tutorial_dag.py
[2023-12-17T08:18:03.818+0700] {logging_mixin.py:154} INFO - [2023-12-17T08:18:03.818+0700] {dag.py:2941} INFO - Sync 1 DAGs
[2023-12-17T08:18:03.824+0700] {logging_mixin.py:154} INFO - [2023-12-17T08:18:03.824+0700] {dag.py:3722} INFO - Setting next_dagrun for tutorial_dag to None, run_after=None
[2023-12-17T08:18:03.837+0700] {processor.py:179} INFO - Processing /home/phuc/Practice/DataScience/DSProject/venv/lib/python3.10/site-packages/airflow/example_dags/tutorial_dag.py took 0.050 seconds
[2023-12-17T08:18:50.196+0700] {processor.py:157} INFO - Started process (PID=316818) to work on /home/phuc/Practice/DataScience/DSProject/venv/lib/python3.10/site-packages/airflow/example_dags/tutorial_dag.py
[2023-12-17T08:18:50.203+0700] {processor.py:829} INFO - Processing file /home/phuc/Practice/DataScience/DSProject/venv/lib/python3.10/site-packages/airflow/example_dags/tutorial_dag.py for tasks to queue
[2023-12-17T08:18:50.204+0700] {logging_mixin.py:154} INFO - [2023-12-17T08:18:50.203+0700] {dagbag.py:536} INFO - Filling up the DagBag from /home/phuc/Practice/DataScience/DSProject/venv/lib/python3.10/site-packages/airflow/example_dags/tutorial_dag.py
[2023-12-17T08:18:50.208+0700] {processor.py:839} INFO - DAG(s) dict_keys(['tutorial_dag']) retrieved from /home/phuc/Practice/DataScience/DSProject/venv/lib/python3.10/site-packages/airflow/example_dags/tutorial_dag.py
[2023-12-17T08:18:50.221+0700] {logging_mixin.py:154} INFO - [2023-12-17T08:18:50.221+0700] {dag.py:2941} INFO - Sync 1 DAGs
[2023-12-17T08:18:50.229+0700] {logging_mixin.py:154} INFO - [2023-12-17T08:18:50.229+0700] {dag.py:3722} INFO - Setting next_dagrun for tutorial_dag to None, run_after=None
[2023-12-17T08:18:50.247+0700] {processor.py:179} INFO - Processing /home/phuc/Practice/DataScience/DSProject/venv/lib/python3.10/site-packages/airflow/example_dags/tutorial_dag.py took 0.053 seconds
[2023-12-17T08:19:41.227+0700] {processor.py:157} INFO - Started process (PID=317339) to work on /home/phuc/Practice/DataScience/DSProject/venv/lib/python3.10/site-packages/airflow/example_dags/tutorial_dag.py
[2023-12-17T08:19:41.234+0700] {processor.py:829} INFO - Processing file /home/phuc/Practice/DataScience/DSProject/venv/lib/python3.10/site-packages/airflow/example_dags/tutorial_dag.py for tasks to queue
[2023-12-17T08:19:41.236+0700] {logging_mixin.py:154} INFO - [2023-12-17T08:19:41.235+0700] {dagbag.py:536} INFO - Filling up the DagBag from /home/phuc/Practice/DataScience/DSProject/venv/lib/python3.10/site-packages/airflow/example_dags/tutorial_dag.py
[2023-12-17T08:19:41.240+0700] {processor.py:839} INFO - DAG(s) dict_keys(['tutorial_dag']) retrieved from /home/phuc/Practice/DataScience/DSProject/venv/lib/python3.10/site-packages/airflow/example_dags/tutorial_dag.py
[2023-12-17T08:19:41.252+0700] {logging_mixin.py:154} INFO - [2023-12-17T08:19:41.252+0700] {dag.py:2941} INFO - Sync 1 DAGs
[2023-12-17T08:19:41.260+0700] {logging_mixin.py:154} INFO - [2023-12-17T08:19:41.260+0700] {dag.py:3722} INFO - Setting next_dagrun for tutorial_dag to None, run_after=None
[2023-12-17T08:19:41.276+0700] {processor.py:179} INFO - Processing /home/phuc/Practice/DataScience/DSProject/venv/lib/python3.10/site-packages/airflow/example_dags/tutorial_dag.py took 0.051 seconds
[2023-12-17T08:20:36.490+0700] {processor.py:157} INFO - Started process (PID=317918) to work on /home/phuc/Practice/DataScience/DSProject/venv/lib/python3.10/site-packages/airflow/example_dags/tutorial_dag.py
[2023-12-17T08:20:36.497+0700] {processor.py:829} INFO - Processing file /home/phuc/Practice/DataScience/DSProject/venv/lib/python3.10/site-packages/airflow/example_dags/tutorial_dag.py for tasks to queue
[2023-12-17T08:20:36.498+0700] {logging_mixin.py:154} INFO - [2023-12-17T08:20:36.498+0700] {dagbag.py:536} INFO - Filling up the DagBag from /home/phuc/Practice/DataScience/DSProject/venv/lib/python3.10/site-packages/airflow/example_dags/tutorial_dag.py
[2023-12-17T08:20:36.504+0700] {processor.py:839} INFO - DAG(s) dict_keys(['tutorial_dag']) retrieved from /home/phuc/Practice/DataScience/DSProject/venv/lib/python3.10/site-packages/airflow/example_dags/tutorial_dag.py
[2023-12-17T08:20:36.519+0700] {logging_mixin.py:154} INFO - [2023-12-17T08:20:36.518+0700] {dag.py:2941} INFO - Sync 1 DAGs
[2023-12-17T08:20:36.527+0700] {logging_mixin.py:154} INFO - [2023-12-17T08:20:36.527+0700] {dag.py:3722} INFO - Setting next_dagrun for tutorial_dag to None, run_after=None
[2023-12-17T08:20:36.543+0700] {processor.py:179} INFO - Processing /home/phuc/Practice/DataScience/DSProject/venv/lib/python3.10/site-packages/airflow/example_dags/tutorial_dag.py took 0.055 seconds
[2023-12-17T08:23:02.272+0700] {processor.py:157} INFO - Started process (PID=319258) to work on /home/phuc/Practice/DataScience/DSProject/venv/lib/python3.10/site-packages/airflow/example_dags/tutorial_dag.py
[2023-12-17T08:23:02.279+0700] {processor.py:829} INFO - Processing file /home/phuc/Practice/DataScience/DSProject/venv/lib/python3.10/site-packages/airflow/example_dags/tutorial_dag.py for tasks to queue
[2023-12-17T08:23:02.280+0700] {logging_mixin.py:154} INFO - [2023-12-17T08:23:02.279+0700] {dagbag.py:536} INFO - Filling up the DagBag from /home/phuc/Practice/DataScience/DSProject/venv/lib/python3.10/site-packages/airflow/example_dags/tutorial_dag.py
[2023-12-17T08:23:02.284+0700] {processor.py:839} INFO - DAG(s) dict_keys(['tutorial_dag']) retrieved from /home/phuc/Practice/DataScience/DSProject/venv/lib/python3.10/site-packages/airflow/example_dags/tutorial_dag.py
[2023-12-17T08:23:02.296+0700] {logging_mixin.py:154} INFO - [2023-12-17T08:23:02.296+0700] {dag.py:2941} INFO - Sync 1 DAGs
[2023-12-17T08:23:02.305+0700] {logging_mixin.py:154} INFO - [2023-12-17T08:23:02.305+0700] {dag.py:3722} INFO - Setting next_dagrun for tutorial_dag to None, run_after=None
[2023-12-17T08:23:02.323+0700] {processor.py:179} INFO - Processing /home/phuc/Practice/DataScience/DSProject/venv/lib/python3.10/site-packages/airflow/example_dags/tutorial_dag.py took 0.054 seconds
[2023-12-17T08:23:50.019+0700] {processor.py:157} INFO - Started process (PID=319629) to work on /home/phuc/Practice/DataScience/DSProject/venv/lib/python3.10/site-packages/airflow/example_dags/tutorial_dag.py
[2023-12-17T08:23:50.026+0700] {processor.py:829} INFO - Processing file /home/phuc/Practice/DataScience/DSProject/venv/lib/python3.10/site-packages/airflow/example_dags/tutorial_dag.py for tasks to queue
[2023-12-17T08:23:50.028+0700] {logging_mixin.py:154} INFO - [2023-12-17T08:23:50.027+0700] {dagbag.py:536} INFO - Filling up the DagBag from /home/phuc/Practice/DataScience/DSProject/venv/lib/python3.10/site-packages/airflow/example_dags/tutorial_dag.py
[2023-12-17T08:23:50.035+0700] {processor.py:839} INFO - DAG(s) dict_keys(['tutorial_dag']) retrieved from /home/phuc/Practice/DataScience/DSProject/venv/lib/python3.10/site-packages/airflow/example_dags/tutorial_dag.py
[2023-12-17T08:23:50.048+0700] {logging_mixin.py:154} INFO - [2023-12-17T08:23:50.048+0700] {dag.py:2941} INFO - Sync 1 DAGs
[2023-12-17T08:23:50.055+0700] {logging_mixin.py:154} INFO - [2023-12-17T08:23:50.055+0700] {dag.py:3722} INFO - Setting next_dagrun for tutorial_dag to None, run_after=None
[2023-12-17T08:23:50.069+0700] {processor.py:179} INFO - Processing /home/phuc/Practice/DataScience/DSProject/venv/lib/python3.10/site-packages/airflow/example_dags/tutorial_dag.py took 0.053 seconds
[2023-12-17T08:24:41.565+0700] {processor.py:157} INFO - Started process (PID=319895) to work on /home/phuc/Practice/DataScience/DSProject/venv/lib/python3.10/site-packages/airflow/example_dags/tutorial_dag.py
[2023-12-17T08:24:41.572+0700] {processor.py:829} INFO - Processing file /home/phuc/Practice/DataScience/DSProject/venv/lib/python3.10/site-packages/airflow/example_dags/tutorial_dag.py for tasks to queue
[2023-12-17T08:24:41.574+0700] {logging_mixin.py:154} INFO - [2023-12-17T08:24:41.573+0700] {dagbag.py:536} INFO - Filling up the DagBag from /home/phuc/Practice/DataScience/DSProject/venv/lib/python3.10/site-packages/airflow/example_dags/tutorial_dag.py
[2023-12-17T08:24:41.579+0700] {processor.py:839} INFO - DAG(s) dict_keys(['tutorial_dag']) retrieved from /home/phuc/Practice/DataScience/DSProject/venv/lib/python3.10/site-packages/airflow/example_dags/tutorial_dag.py
[2023-12-17T08:24:41.590+0700] {logging_mixin.py:154} INFO - [2023-12-17T08:24:41.590+0700] {dag.py:2941} INFO - Sync 1 DAGs
[2023-12-17T08:24:41.596+0700] {logging_mixin.py:154} INFO - [2023-12-17T08:24:41.596+0700] {dag.py:3722} INFO - Setting next_dagrun for tutorial_dag to None, run_after=None
[2023-12-17T08:24:41.610+0700] {processor.py:179} INFO - Processing /home/phuc/Practice/DataScience/DSProject/venv/lib/python3.10/site-packages/airflow/example_dags/tutorial_dag.py took 0.048 seconds
[2023-12-17T08:25:30.024+0700] {processor.py:157} INFO - Started process (PID=320101) to work on /home/phuc/Practice/DataScience/DSProject/venv/lib/python3.10/site-packages/airflow/example_dags/tutorial_dag.py
[2023-12-17T08:25:30.031+0700] {processor.py:829} INFO - Processing file /home/phuc/Practice/DataScience/DSProject/venv/lib/python3.10/site-packages/airflow/example_dags/tutorial_dag.py for tasks to queue
[2023-12-17T08:25:30.031+0700] {logging_mixin.py:154} INFO - [2023-12-17T08:25:30.031+0700] {dagbag.py:536} INFO - Filling up the DagBag from /home/phuc/Practice/DataScience/DSProject/venv/lib/python3.10/site-packages/airflow/example_dags/tutorial_dag.py
[2023-12-17T08:25:30.035+0700] {processor.py:839} INFO - DAG(s) dict_keys(['tutorial_dag']) retrieved from /home/phuc/Practice/DataScience/DSProject/venv/lib/python3.10/site-packages/airflow/example_dags/tutorial_dag.py
[2023-12-17T08:25:30.047+0700] {logging_mixin.py:154} INFO - [2023-12-17T08:25:30.047+0700] {dag.py:2941} INFO - Sync 1 DAGs
[2023-12-17T08:25:30.056+0700] {logging_mixin.py:154} INFO - [2023-12-17T08:25:30.056+0700] {dag.py:3722} INFO - Setting next_dagrun for tutorial_dag to None, run_after=None
[2023-12-17T08:25:30.071+0700] {processor.py:179} INFO - Processing /home/phuc/Practice/DataScience/DSProject/venv/lib/python3.10/site-packages/airflow/example_dags/tutorial_dag.py took 0.050 seconds
[2023-12-17T08:26:17.277+0700] {processor.py:157} INFO - Started process (PID=320320) to work on /home/phuc/Practice/DataScience/DSProject/venv/lib/python3.10/site-packages/airflow/example_dags/tutorial_dag.py
[2023-12-17T08:26:17.284+0700] {processor.py:829} INFO - Processing file /home/phuc/Practice/DataScience/DSProject/venv/lib/python3.10/site-packages/airflow/example_dags/tutorial_dag.py for tasks to queue
[2023-12-17T08:26:17.285+0700] {logging_mixin.py:154} INFO - [2023-12-17T08:26:17.285+0700] {dagbag.py:536} INFO - Filling up the DagBag from /home/phuc/Practice/DataScience/DSProject/venv/lib/python3.10/site-packages/airflow/example_dags/tutorial_dag.py
[2023-12-17T08:26:17.293+0700] {processor.py:839} INFO - DAG(s) dict_keys(['tutorial_dag']) retrieved from /home/phuc/Practice/DataScience/DSProject/venv/lib/python3.10/site-packages/airflow/example_dags/tutorial_dag.py
[2023-12-17T08:26:17.307+0700] {logging_mixin.py:154} INFO - [2023-12-17T08:26:17.307+0700] {dag.py:2941} INFO - Sync 1 DAGs
[2023-12-17T08:26:17.315+0700] {logging_mixin.py:154} INFO - [2023-12-17T08:26:17.315+0700] {dag.py:3722} INFO - Setting next_dagrun for tutorial_dag to None, run_after=None
[2023-12-17T08:26:17.330+0700] {processor.py:179} INFO - Processing /home/phuc/Practice/DataScience/DSProject/venv/lib/python3.10/site-packages/airflow/example_dags/tutorial_dag.py took 0.056 seconds
[2023-12-17T08:27:10.176+0700] {processor.py:157} INFO - Started process (PID=320625) to work on /home/phuc/Practice/DataScience/DSProject/venv/lib/python3.10/site-packages/airflow/example_dags/tutorial_dag.py
[2023-12-17T08:27:10.183+0700] {processor.py:829} INFO - Processing file /home/phuc/Practice/DataScience/DSProject/venv/lib/python3.10/site-packages/airflow/example_dags/tutorial_dag.py for tasks to queue
[2023-12-17T08:27:10.185+0700] {logging_mixin.py:154} INFO - [2023-12-17T08:27:10.184+0700] {dagbag.py:536} INFO - Filling up the DagBag from /home/phuc/Practice/DataScience/DSProject/venv/lib/python3.10/site-packages/airflow/example_dags/tutorial_dag.py
[2023-12-17T08:27:10.192+0700] {processor.py:839} INFO - DAG(s) dict_keys(['tutorial_dag']) retrieved from /home/phuc/Practice/DataScience/DSProject/venv/lib/python3.10/site-packages/airflow/example_dags/tutorial_dag.py
[2023-12-17T08:27:10.205+0700] {logging_mixin.py:154} INFO - [2023-12-17T08:27:10.205+0700] {dag.py:2941} INFO - Sync 1 DAGs
[2023-12-17T08:27:10.211+0700] {logging_mixin.py:154} INFO - [2023-12-17T08:27:10.211+0700] {dag.py:3722} INFO - Setting next_dagrun for tutorial_dag to None, run_after=None
[2023-12-17T08:27:10.223+0700] {processor.py:179} INFO - Processing /home/phuc/Practice/DataScience/DSProject/venv/lib/python3.10/site-packages/airflow/example_dags/tutorial_dag.py took 0.049 seconds
[2023-12-17T08:27:59.774+0700] {processor.py:157} INFO - Started process (PID=320846) to work on /home/phuc/Practice/DataScience/DSProject/venv/lib/python3.10/site-packages/airflow/example_dags/tutorial_dag.py
[2023-12-17T08:27:59.781+0700] {processor.py:829} INFO - Processing file /home/phuc/Practice/DataScience/DSProject/venv/lib/python3.10/site-packages/airflow/example_dags/tutorial_dag.py for tasks to queue
[2023-12-17T08:27:59.782+0700] {logging_mixin.py:154} INFO - [2023-12-17T08:27:59.782+0700] {dagbag.py:536} INFO - Filling up the DagBag from /home/phuc/Practice/DataScience/DSProject/venv/lib/python3.10/site-packages/airflow/example_dags/tutorial_dag.py
[2023-12-17T08:27:59.790+0700] {processor.py:839} INFO - DAG(s) dict_keys(['tutorial_dag']) retrieved from /home/phuc/Practice/DataScience/DSProject/venv/lib/python3.10/site-packages/airflow/example_dags/tutorial_dag.py
[2023-12-17T08:27:59.802+0700] {logging_mixin.py:154} INFO - [2023-12-17T08:27:59.802+0700] {dag.py:2941} INFO - Sync 1 DAGs
[2023-12-17T08:27:59.807+0700] {logging_mixin.py:154} INFO - [2023-12-17T08:27:59.807+0700] {dag.py:3722} INFO - Setting next_dagrun for tutorial_dag to None, run_after=None
[2023-12-17T08:27:59.819+0700] {processor.py:179} INFO - Processing /home/phuc/Practice/DataScience/DSProject/venv/lib/python3.10/site-packages/airflow/example_dags/tutorial_dag.py took 0.047 seconds
[2023-12-17T08:28:47.838+0700] {processor.py:157} INFO - Started process (PID=321047) to work on /home/phuc/Practice/DataScience/DSProject/venv/lib/python3.10/site-packages/airflow/example_dags/tutorial_dag.py
[2023-12-17T08:28:47.838+0700] {processor.py:829} INFO - Processing file /home/phuc/Practice/DataScience/DSProject/venv/lib/python3.10/site-packages/airflow/example_dags/tutorial_dag.py for tasks to queue
[2023-12-17T08:28:47.839+0700] {logging_mixin.py:154} INFO - [2023-12-17T08:28:47.838+0700] {dagbag.py:536} INFO - Filling up the DagBag from /home/phuc/Practice/DataScience/DSProject/venv/lib/python3.10/site-packages/airflow/example_dags/tutorial_dag.py
[2023-12-17T08:28:47.842+0700] {processor.py:839} INFO - DAG(s) dict_keys(['tutorial_dag']) retrieved from /home/phuc/Practice/DataScience/DSProject/venv/lib/python3.10/site-packages/airflow/example_dags/tutorial_dag.py
[2023-12-17T08:28:47.853+0700] {logging_mixin.py:154} INFO - [2023-12-17T08:28:47.853+0700] {dag.py:2941} INFO - Sync 1 DAGs
[2023-12-17T08:28:47.859+0700] {logging_mixin.py:154} INFO - [2023-12-17T08:28:47.859+0700] {dag.py:3722} INFO - Setting next_dagrun for tutorial_dag to None, run_after=None
[2023-12-17T08:28:47.871+0700] {processor.py:179} INFO - Processing /home/phuc/Practice/DataScience/DSProject/venv/lib/python3.10/site-packages/airflow/example_dags/tutorial_dag.py took 0.037 seconds
[2023-12-17T08:29:38.188+0700] {processor.py:157} INFO - Started process (PID=321273) to work on /home/phuc/Practice/DataScience/DSProject/venv/lib/python3.10/site-packages/airflow/example_dags/tutorial_dag.py
[2023-12-17T08:29:38.195+0700] {processor.py:829} INFO - Processing file /home/phuc/Practice/DataScience/DSProject/venv/lib/python3.10/site-packages/airflow/example_dags/tutorial_dag.py for tasks to queue
[2023-12-17T08:29:38.196+0700] {logging_mixin.py:154} INFO - [2023-12-17T08:29:38.196+0700] {dagbag.py:536} INFO - Filling up the DagBag from /home/phuc/Practice/DataScience/DSProject/venv/lib/python3.10/site-packages/airflow/example_dags/tutorial_dag.py
[2023-12-17T08:29:38.204+0700] {processor.py:839} INFO - DAG(s) dict_keys(['tutorial_dag']) retrieved from /home/phuc/Practice/DataScience/DSProject/venv/lib/python3.10/site-packages/airflow/example_dags/tutorial_dag.py
[2023-12-17T08:29:38.216+0700] {logging_mixin.py:154} INFO - [2023-12-17T08:29:38.216+0700] {dag.py:2941} INFO - Sync 1 DAGs
[2023-12-17T08:29:38.222+0700] {logging_mixin.py:154} INFO - [2023-12-17T08:29:38.222+0700] {dag.py:3722} INFO - Setting next_dagrun for tutorial_dag to None, run_after=None
[2023-12-17T08:29:38.231+0700] {processor.py:179} INFO - Processing /home/phuc/Practice/DataScience/DSProject/venv/lib/python3.10/site-packages/airflow/example_dags/tutorial_dag.py took 0.047 seconds
[2023-12-17T08:30:27.826+0700] {processor.py:157} INFO - Started process (PID=321519) to work on /home/phuc/Practice/DataScience/DSProject/venv/lib/python3.10/site-packages/airflow/example_dags/tutorial_dag.py
[2023-12-17T08:30:27.833+0700] {processor.py:829} INFO - Processing file /home/phuc/Practice/DataScience/DSProject/venv/lib/python3.10/site-packages/airflow/example_dags/tutorial_dag.py for tasks to queue
[2023-12-17T08:30:27.833+0700] {logging_mixin.py:154} INFO - [2023-12-17T08:30:27.833+0700] {dagbag.py:536} INFO - Filling up the DagBag from /home/phuc/Practice/DataScience/DSProject/venv/lib/python3.10/site-packages/airflow/example_dags/tutorial_dag.py
[2023-12-17T08:30:27.836+0700] {processor.py:839} INFO - DAG(s) dict_keys(['tutorial_dag']) retrieved from /home/phuc/Practice/DataScience/DSProject/venv/lib/python3.10/site-packages/airflow/example_dags/tutorial_dag.py
[2023-12-17T08:30:27.845+0700] {logging_mixin.py:154} INFO - [2023-12-17T08:30:27.845+0700] {dag.py:2941} INFO - Sync 1 DAGs
[2023-12-17T08:30:27.852+0700] {logging_mixin.py:154} INFO - [2023-12-17T08:30:27.851+0700] {dag.py:3722} INFO - Setting next_dagrun for tutorial_dag to None, run_after=None
[2023-12-17T08:30:27.863+0700] {processor.py:179} INFO - Processing /home/phuc/Practice/DataScience/DSProject/venv/lib/python3.10/site-packages/airflow/example_dags/tutorial_dag.py took 0.038 seconds
[2023-12-17T08:31:19.989+0700] {processor.py:157} INFO - Started process (PID=321827) to work on /home/phuc/Practice/DataScience/DSProject/venv/lib/python3.10/site-packages/airflow/example_dags/tutorial_dag.py
[2023-12-17T08:31:19.990+0700] {processor.py:829} INFO - Processing file /home/phuc/Practice/DataScience/DSProject/venv/lib/python3.10/site-packages/airflow/example_dags/tutorial_dag.py for tasks to queue
[2023-12-17T08:31:19.991+0700] {logging_mixin.py:154} INFO - [2023-12-17T08:31:19.990+0700] {dagbag.py:536} INFO - Filling up the DagBag from /home/phuc/Practice/DataScience/DSProject/venv/lib/python3.10/site-packages/airflow/example_dags/tutorial_dag.py
[2023-12-17T08:31:19.995+0700] {processor.py:839} INFO - DAG(s) dict_keys(['tutorial_dag']) retrieved from /home/phuc/Practice/DataScience/DSProject/venv/lib/python3.10/site-packages/airflow/example_dags/tutorial_dag.py
[2023-12-17T08:31:20.006+0700] {logging_mixin.py:154} INFO - [2023-12-17T08:31:20.006+0700] {dag.py:2941} INFO - Sync 1 DAGs
[2023-12-17T08:31:20.012+0700] {logging_mixin.py:154} INFO - [2023-12-17T08:31:20.012+0700] {dag.py:3722} INFO - Setting next_dagrun for tutorial_dag to None, run_after=None
[2023-12-17T08:31:20.022+0700] {processor.py:179} INFO - Processing /home/phuc/Practice/DataScience/DSProject/venv/lib/python3.10/site-packages/airflow/example_dags/tutorial_dag.py took 0.035 seconds
[2023-12-17T08:32:36.643+0700] {processor.py:157} INFO - Started process (PID=322944) to work on /home/phuc/Practice/DataScience/DSProject/venv/lib/python3.10/site-packages/airflow/example_dags/tutorial_dag.py
[2023-12-17T08:32:36.650+0700] {processor.py:829} INFO - Processing file /home/phuc/Practice/DataScience/DSProject/venv/lib/python3.10/site-packages/airflow/example_dags/tutorial_dag.py for tasks to queue
[2023-12-17T08:32:36.651+0700] {logging_mixin.py:154} INFO - [2023-12-17T08:32:36.650+0700] {dagbag.py:536} INFO - Filling up the DagBag from /home/phuc/Practice/DataScience/DSProject/venv/lib/python3.10/site-packages/airflow/example_dags/tutorial_dag.py
[2023-12-17T08:32:36.658+0700] {processor.py:839} INFO - DAG(s) dict_keys(['tutorial_dag']) retrieved from /home/phuc/Practice/DataScience/DSProject/venv/lib/python3.10/site-packages/airflow/example_dags/tutorial_dag.py
[2023-12-17T08:32:36.669+0700] {logging_mixin.py:154} INFO - [2023-12-17T08:32:36.669+0700] {dag.py:2941} INFO - Sync 1 DAGs
[2023-12-17T08:32:36.674+0700] {logging_mixin.py:154} INFO - [2023-12-17T08:32:36.674+0700] {dag.py:3722} INFO - Setting next_dagrun for tutorial_dag to None, run_after=None
[2023-12-17T08:32:36.684+0700] {processor.py:179} INFO - Processing /home/phuc/Practice/DataScience/DSProject/venv/lib/python3.10/site-packages/airflow/example_dags/tutorial_dag.py took 0.043 seconds
[2023-12-17T08:33:20.616+0700] {processor.py:157} INFO - Started process (PID=323156) to work on /home/phuc/Practice/DataScience/DSProject/venv/lib/python3.10/site-packages/airflow/example_dags/tutorial_dag.py
[2023-12-17T08:33:20.623+0700] {processor.py:829} INFO - Processing file /home/phuc/Practice/DataScience/DSProject/venv/lib/python3.10/site-packages/airflow/example_dags/tutorial_dag.py for tasks to queue
[2023-12-17T08:33:20.624+0700] {logging_mixin.py:154} INFO - [2023-12-17T08:33:20.623+0700] {dagbag.py:536} INFO - Filling up the DagBag from /home/phuc/Practice/DataScience/DSProject/venv/lib/python3.10/site-packages/airflow/example_dags/tutorial_dag.py
[2023-12-17T08:33:20.626+0700] {processor.py:839} INFO - DAG(s) dict_keys(['tutorial_dag']) retrieved from /home/phuc/Practice/DataScience/DSProject/venv/lib/python3.10/site-packages/airflow/example_dags/tutorial_dag.py
[2023-12-17T08:33:20.635+0700] {logging_mixin.py:154} INFO - [2023-12-17T08:33:20.634+0700] {dag.py:2941} INFO - Sync 1 DAGs
[2023-12-17T08:33:20.640+0700] {logging_mixin.py:154} INFO - [2023-12-17T08:33:20.640+0700] {dag.py:3722} INFO - Setting next_dagrun for tutorial_dag to None, run_after=None
[2023-12-17T08:33:20.650+0700] {processor.py:179} INFO - Processing /home/phuc/Practice/DataScience/DSProject/venv/lib/python3.10/site-packages/airflow/example_dags/tutorial_dag.py took 0.035 seconds
[2023-12-17T08:34:11.985+0700] {processor.py:157} INFO - Started process (PID=323484) to work on /home/phuc/Practice/DataScience/DSProject/venv/lib/python3.10/site-packages/airflow/example_dags/tutorial_dag.py
[2023-12-17T08:34:11.986+0700] {processor.py:829} INFO - Processing file /home/phuc/Practice/DataScience/DSProject/venv/lib/python3.10/site-packages/airflow/example_dags/tutorial_dag.py for tasks to queue
[2023-12-17T08:34:11.986+0700] {logging_mixin.py:154} INFO - [2023-12-17T08:34:11.986+0700] {dagbag.py:536} INFO - Filling up the DagBag from /home/phuc/Practice/DataScience/DSProject/venv/lib/python3.10/site-packages/airflow/example_dags/tutorial_dag.py
[2023-12-17T08:34:11.989+0700] {processor.py:839} INFO - DAG(s) dict_keys(['tutorial_dag']) retrieved from /home/phuc/Practice/DataScience/DSProject/venv/lib/python3.10/site-packages/airflow/example_dags/tutorial_dag.py
[2023-12-17T08:34:11.998+0700] {logging_mixin.py:154} INFO - [2023-12-17T08:34:11.998+0700] {dag.py:2941} INFO - Sync 1 DAGs
[2023-12-17T08:34:12.005+0700] {logging_mixin.py:154} INFO - [2023-12-17T08:34:12.005+0700] {dag.py:3722} INFO - Setting next_dagrun for tutorial_dag to None, run_after=None
[2023-12-17T08:34:12.018+0700] {processor.py:179} INFO - Processing /home/phuc/Practice/DataScience/DSProject/venv/lib/python3.10/site-packages/airflow/example_dags/tutorial_dag.py took 0.034 seconds
[2023-12-17T08:35:06.396+0700] {processor.py:157} INFO - Started process (PID=323975) to work on /home/phuc/Practice/DataScience/DSProject/venv/lib/python3.10/site-packages/airflow/example_dags/tutorial_dag.py
[2023-12-17T08:35:06.404+0700] {processor.py:829} INFO - Processing file /home/phuc/Practice/DataScience/DSProject/venv/lib/python3.10/site-packages/airflow/example_dags/tutorial_dag.py for tasks to queue
[2023-12-17T08:35:06.405+0700] {logging_mixin.py:154} INFO - [2023-12-17T08:35:06.405+0700] {dagbag.py:536} INFO - Filling up the DagBag from /home/phuc/Practice/DataScience/DSProject/venv/lib/python3.10/site-packages/airflow/example_dags/tutorial_dag.py
[2023-12-17T08:35:06.413+0700] {processor.py:839} INFO - DAG(s) dict_keys(['tutorial_dag']) retrieved from /home/phuc/Practice/DataScience/DSProject/venv/lib/python3.10/site-packages/airflow/example_dags/tutorial_dag.py
[2023-12-17T08:35:06.425+0700] {logging_mixin.py:154} INFO - [2023-12-17T08:35:06.425+0700] {dag.py:2941} INFO - Sync 1 DAGs
[2023-12-17T08:35:06.431+0700] {logging_mixin.py:154} INFO - [2023-12-17T08:35:06.430+0700] {dag.py:3722} INFO - Setting next_dagrun for tutorial_dag to None, run_after=None
[2023-12-17T08:35:06.440+0700] {processor.py:179} INFO - Processing /home/phuc/Practice/DataScience/DSProject/venv/lib/python3.10/site-packages/airflow/example_dags/tutorial_dag.py took 0.046 seconds
[2023-12-17T08:35:59.370+0700] {processor.py:157} INFO - Started process (PID=324366) to work on /home/phuc/Practice/DataScience/DSProject/venv/lib/python3.10/site-packages/airflow/example_dags/tutorial_dag.py
[2023-12-17T08:35:59.377+0700] {processor.py:829} INFO - Processing file /home/phuc/Practice/DataScience/DSProject/venv/lib/python3.10/site-packages/airflow/example_dags/tutorial_dag.py for tasks to queue
[2023-12-17T08:35:59.377+0700] {logging_mixin.py:154} INFO - [2023-12-17T08:35:59.377+0700] {dagbag.py:536} INFO - Filling up the DagBag from /home/phuc/Practice/DataScience/DSProject/venv/lib/python3.10/site-packages/airflow/example_dags/tutorial_dag.py
[2023-12-17T08:35:59.380+0700] {processor.py:839} INFO - DAG(s) dict_keys(['tutorial_dag']) retrieved from /home/phuc/Practice/DataScience/DSProject/venv/lib/python3.10/site-packages/airflow/example_dags/tutorial_dag.py
[2023-12-17T08:35:59.388+0700] {logging_mixin.py:154} INFO - [2023-12-17T08:35:59.388+0700] {dag.py:2941} INFO - Sync 1 DAGs
[2023-12-17T08:35:59.394+0700] {logging_mixin.py:154} INFO - [2023-12-17T08:35:59.393+0700] {dag.py:3722} INFO - Setting next_dagrun for tutorial_dag to None, run_after=None
[2023-12-17T08:35:59.404+0700] {processor.py:179} INFO - Processing /home/phuc/Practice/DataScience/DSProject/venv/lib/python3.10/site-packages/airflow/example_dags/tutorial_dag.py took 0.035 seconds
