[2023-12-17T08:03:38.405+0700] {processor.py:157} INFO - Started process (PID=309878) to work on /home/phuc/Practice/DataScience/DSProject/venv/lib/python3.10/site-packages/airflow/example_dags/plugins/event_listener.py
[2023-12-17T08:03:38.406+0700] {processor.py:829} INFO - Processing file /home/phuc/Practice/DataScience/DSProject/venv/lib/python3.10/site-packages/airflow/example_dags/plugins/event_listener.py for tasks to queue
[2023-12-17T08:03:38.407+0700] {logging_mixin.py:154} INFO - [2023-12-17T08:03:38.406+0700] {dagbag.py:536} INFO - Filling up the DagBag from /home/phuc/Practice/DataScience/DSProject/venv/lib/python3.10/site-packages/airflow/example_dags/plugins/event_listener.py
[2023-12-17T08:03:38.408+0700] {processor.py:841} WARNING - No viable dags retrieved from /home/phuc/Practice/DataScience/DSProject/venv/lib/python3.10/site-packages/airflow/example_dags/plugins/event_listener.py
[2023-12-17T08:03:38.417+0700] {processor.py:179} INFO - Processing /home/phuc/Practice/DataScience/DSProject/venv/lib/python3.10/site-packages/airflow/example_dags/plugins/event_listener.py took 0.015 seconds
[2023-12-17T08:05:53.152+0700] {processor.py:157} INFO - Started process (PID=311153) to work on /home/phuc/Practice/DataScience/DSProject/venv/lib/python3.10/site-packages/airflow/example_dags/plugins/event_listener.py
[2023-12-17T08:05:53.159+0700] {processor.py:829} INFO - Processing file /home/phuc/Practice/DataScience/DSProject/venv/lib/python3.10/site-packages/airflow/example_dags/plugins/event_listener.py for tasks to queue
[2023-12-17T08:05:53.160+0700] {logging_mixin.py:154} INFO - [2023-12-17T08:05:53.160+0700] {dagbag.py:536} INFO - Filling up the DagBag from /home/phuc/Practice/DataScience/DSProject/venv/lib/python3.10/site-packages/airflow/example_dags/plugins/event_listener.py
[2023-12-17T08:05:53.162+0700] {processor.py:841} WARNING - No viable dags retrieved from /home/phuc/Practice/DataScience/DSProject/venv/lib/python3.10/site-packages/airflow/example_dags/plugins/event_listener.py
[2023-12-17T08:05:53.169+0700] {processor.py:179} INFO - Processing /home/phuc/Practice/DataScience/DSProject/venv/lib/python3.10/site-packages/airflow/example_dags/plugins/event_listener.py took 0.019 seconds
[2023-12-17T08:06:42.943+0700] {processor.py:157} INFO - Started process (PID=311679) to work on /home/phuc/Practice/DataScience/DSProject/venv/lib/python3.10/site-packages/airflow/example_dags/plugins/event_listener.py
[2023-12-17T08:06:42.943+0700] {processor.py:829} INFO - Processing file /home/phuc/Practice/DataScience/DSProject/venv/lib/python3.10/site-packages/airflow/example_dags/plugins/event_listener.py for tasks to queue
[2023-12-17T08:06:42.944+0700] {logging_mixin.py:154} INFO - [2023-12-17T08:06:42.944+0700] {dagbag.py:536} INFO - Filling up the DagBag from /home/phuc/Practice/DataScience/DSProject/venv/lib/python3.10/site-packages/airflow/example_dags/plugins/event_listener.py
[2023-12-17T08:06:42.945+0700] {processor.py:841} WARNING - No viable dags retrieved from /home/phuc/Practice/DataScience/DSProject/venv/lib/python3.10/site-packages/airflow/example_dags/plugins/event_listener.py
[2023-12-17T08:06:42.953+0700] {processor.py:179} INFO - Processing /home/phuc/Practice/DataScience/DSProject/venv/lib/python3.10/site-packages/airflow/example_dags/plugins/event_listener.py took 0.013 seconds
[2023-12-17T08:08:14.435+0700] {processor.py:157} INFO - Started process (PID=313019) to work on /home/phuc/Practice/DataScience/DSProject/venv/lib/python3.10/site-packages/airflow/example_dags/plugins/event_listener.py
[2023-12-17T08:08:14.443+0700] {processor.py:829} INFO - Processing file /home/phuc/Practice/DataScience/DSProject/venv/lib/python3.10/site-packages/airflow/example_dags/plugins/event_listener.py for tasks to queue
[2023-12-17T08:08:14.444+0700] {logging_mixin.py:154} INFO - [2023-12-17T08:08:14.444+0700] {dagbag.py:536} INFO - Filling up the DagBag from /home/phuc/Practice/DataScience/DSProject/venv/lib/python3.10/site-packages/airflow/example_dags/plugins/event_listener.py
[2023-12-17T08:08:14.448+0700] {processor.py:841} WARNING - No viable dags retrieved from /home/phuc/Practice/DataScience/DSProject/venv/lib/python3.10/site-packages/airflow/example_dags/plugins/event_listener.py
[2023-12-17T08:08:14.459+0700] {processor.py:179} INFO - Processing /home/phuc/Practice/DataScience/DSProject/venv/lib/python3.10/site-packages/airflow/example_dags/plugins/event_listener.py took 0.027 seconds
[2023-12-17T08:09:11.270+0700] {processor.py:157} INFO - Started process (PID=313401) to work on /home/phuc/Practice/DataScience/DSProject/venv/lib/python3.10/site-packages/airflow/example_dags/plugins/event_listener.py
[2023-12-17T08:09:11.277+0700] {processor.py:829} INFO - Processing file /home/phuc/Practice/DataScience/DSProject/venv/lib/python3.10/site-packages/airflow/example_dags/plugins/event_listener.py for tasks to queue
[2023-12-17T08:09:11.278+0700] {logging_mixin.py:154} INFO - [2023-12-17T08:09:11.277+0700] {dagbag.py:536} INFO - Filling up the DagBag from /home/phuc/Practice/DataScience/DSProject/venv/lib/python3.10/site-packages/airflow/example_dags/plugins/event_listener.py
[2023-12-17T08:09:11.282+0700] {processor.py:841} WARNING - No viable dags retrieved from /home/phuc/Practice/DataScience/DSProject/venv/lib/python3.10/site-packages/airflow/example_dags/plugins/event_listener.py
[2023-12-17T08:09:11.293+0700] {processor.py:179} INFO - Processing /home/phuc/Practice/DataScience/DSProject/venv/lib/python3.10/site-packages/airflow/example_dags/plugins/event_listener.py took 0.026 seconds
[2023-12-17T08:09:57.632+0700] {processor.py:157} INFO - Started process (PID=313720) to work on /home/phuc/Practice/DataScience/DSProject/venv/lib/python3.10/site-packages/airflow/example_dags/plugins/event_listener.py
[2023-12-17T08:09:57.633+0700] {processor.py:829} INFO - Processing file /home/phuc/Practice/DataScience/DSProject/venv/lib/python3.10/site-packages/airflow/example_dags/plugins/event_listener.py for tasks to queue
[2023-12-17T08:09:57.634+0700] {logging_mixin.py:154} INFO - [2023-12-17T08:09:57.633+0700] {dagbag.py:536} INFO - Filling up the DagBag from /home/phuc/Practice/DataScience/DSProject/venv/lib/python3.10/site-packages/airflow/example_dags/plugins/event_listener.py
[2023-12-17T08:09:57.636+0700] {processor.py:841} WARNING - No viable dags retrieved from /home/phuc/Practice/DataScience/DSProject/venv/lib/python3.10/site-packages/airflow/example_dags/plugins/event_listener.py
[2023-12-17T08:09:57.645+0700] {processor.py:179} INFO - Processing /home/phuc/Practice/DataScience/DSProject/venv/lib/python3.10/site-packages/airflow/example_dags/plugins/event_listener.py took 0.016 seconds
[2023-12-17T08:10:49.980+0700] {processor.py:157} INFO - Started process (PID=313966) to work on /home/phuc/Practice/DataScience/DSProject/venv/lib/python3.10/site-packages/airflow/example_dags/plugins/event_listener.py
[2023-12-17T08:10:49.987+0700] {processor.py:829} INFO - Processing file /home/phuc/Practice/DataScience/DSProject/venv/lib/python3.10/site-packages/airflow/example_dags/plugins/event_listener.py for tasks to queue
[2023-12-17T08:10:49.989+0700] {logging_mixin.py:154} INFO - [2023-12-17T08:10:49.988+0700] {dagbag.py:536} INFO - Filling up the DagBag from /home/phuc/Practice/DataScience/DSProject/venv/lib/python3.10/site-packages/airflow/example_dags/plugins/event_listener.py
[2023-12-17T08:10:49.992+0700] {processor.py:841} WARNING - No viable dags retrieved from /home/phuc/Practice/DataScience/DSProject/venv/lib/python3.10/site-packages/airflow/example_dags/plugins/event_listener.py
[2023-12-17T08:10:50.004+0700] {processor.py:179} INFO - Processing /home/phuc/Practice/DataScience/DSProject/venv/lib/python3.10/site-packages/airflow/example_dags/plugins/event_listener.py took 0.026 seconds
[2023-12-17T08:11:37.455+0700] {processor.py:157} INFO - Started process (PID=314173) to work on /home/phuc/Practice/DataScience/DSProject/venv/lib/python3.10/site-packages/airflow/example_dags/plugins/event_listener.py
[2023-12-17T08:11:37.462+0700] {processor.py:829} INFO - Processing file /home/phuc/Practice/DataScience/DSProject/venv/lib/python3.10/site-packages/airflow/example_dags/plugins/event_listener.py for tasks to queue
[2023-12-17T08:11:37.463+0700] {logging_mixin.py:154} INFO - [2023-12-17T08:11:37.463+0700] {dagbag.py:536} INFO - Filling up the DagBag from /home/phuc/Practice/DataScience/DSProject/venv/lib/python3.10/site-packages/airflow/example_dags/plugins/event_listener.py
[2023-12-17T08:11:37.466+0700] {processor.py:841} WARNING - No viable dags retrieved from /home/phuc/Practice/DataScience/DSProject/venv/lib/python3.10/site-packages/airflow/example_dags/plugins/event_listener.py
[2023-12-17T08:11:37.476+0700] {processor.py:179} INFO - Processing /home/phuc/Practice/DataScience/DSProject/venv/lib/python3.10/site-packages/airflow/example_dags/plugins/event_listener.py took 0.023 seconds
[2023-12-17T08:12:28.984+0700] {processor.py:157} INFO - Started process (PID=314431) to work on /home/phuc/Practice/DataScience/DSProject/venv/lib/python3.10/site-packages/airflow/example_dags/plugins/event_listener.py
[2023-12-17T08:12:28.991+0700] {processor.py:829} INFO - Processing file /home/phuc/Practice/DataScience/DSProject/venv/lib/python3.10/site-packages/airflow/example_dags/plugins/event_listener.py for tasks to queue
[2023-12-17T08:12:28.992+0700] {logging_mixin.py:154} INFO - [2023-12-17T08:12:28.992+0700] {dagbag.py:536} INFO - Filling up the DagBag from /home/phuc/Practice/DataScience/DSProject/venv/lib/python3.10/site-packages/airflow/example_dags/plugins/event_listener.py
[2023-12-17T08:12:28.996+0700] {processor.py:841} WARNING - No viable dags retrieved from /home/phuc/Practice/DataScience/DSProject/venv/lib/python3.10/site-packages/airflow/example_dags/plugins/event_listener.py
[2023-12-17T08:12:29.008+0700] {processor.py:179} INFO - Processing /home/phuc/Practice/DataScience/DSProject/venv/lib/python3.10/site-packages/airflow/example_dags/plugins/event_listener.py took 0.027 seconds
[2023-12-17T08:13:16.437+0700] {processor.py:157} INFO - Started process (PID=314666) to work on /home/phuc/Practice/DataScience/DSProject/venv/lib/python3.10/site-packages/airflow/example_dags/plugins/event_listener.py
[2023-12-17T08:13:16.444+0700] {processor.py:829} INFO - Processing file /home/phuc/Practice/DataScience/DSProject/venv/lib/python3.10/site-packages/airflow/example_dags/plugins/event_listener.py for tasks to queue
[2023-12-17T08:13:16.444+0700] {logging_mixin.py:154} INFO - [2023-12-17T08:13:16.444+0700] {dagbag.py:536} INFO - Filling up the DagBag from /home/phuc/Practice/DataScience/DSProject/venv/lib/python3.10/site-packages/airflow/example_dags/plugins/event_listener.py
[2023-12-17T08:13:16.446+0700] {processor.py:841} WARNING - No viable dags retrieved from /home/phuc/Practice/DataScience/DSProject/venv/lib/python3.10/site-packages/airflow/example_dags/plugins/event_listener.py
[2023-12-17T08:13:16.454+0700] {processor.py:179} INFO - Processing /home/phuc/Practice/DataScience/DSProject/venv/lib/python3.10/site-packages/airflow/example_dags/plugins/event_listener.py took 0.019 seconds
[2023-12-17T08:14:02.733+0700] {processor.py:157} INFO - Started process (PID=314913) to work on /home/phuc/Practice/DataScience/DSProject/venv/lib/python3.10/site-packages/airflow/example_dags/plugins/event_listener.py
[2023-12-17T08:14:02.740+0700] {processor.py:829} INFO - Processing file /home/phuc/Practice/DataScience/DSProject/venv/lib/python3.10/site-packages/airflow/example_dags/plugins/event_listener.py for tasks to queue
[2023-12-17T08:14:02.741+0700] {logging_mixin.py:154} INFO - [2023-12-17T08:14:02.741+0700] {dagbag.py:536} INFO - Filling up the DagBag from /home/phuc/Practice/DataScience/DSProject/venv/lib/python3.10/site-packages/airflow/example_dags/plugins/event_listener.py
[2023-12-17T08:14:02.745+0700] {processor.py:841} WARNING - No viable dags retrieved from /home/phuc/Practice/DataScience/DSProject/venv/lib/python3.10/site-packages/airflow/example_dags/plugins/event_listener.py
[2023-12-17T08:14:02.756+0700] {processor.py:179} INFO - Processing /home/phuc/Practice/DataScience/DSProject/venv/lib/python3.10/site-packages/airflow/example_dags/plugins/event_listener.py took 0.025 seconds
[2023-12-17T08:14:53.827+0700] {processor.py:157} INFO - Started process (PID=315134) to work on /home/phuc/Practice/DataScience/DSProject/venv/lib/python3.10/site-packages/airflow/example_dags/plugins/event_listener.py
[2023-12-17T08:14:53.828+0700] {processor.py:829} INFO - Processing file /home/phuc/Practice/DataScience/DSProject/venv/lib/python3.10/site-packages/airflow/example_dags/plugins/event_listener.py for tasks to queue
[2023-12-17T08:14:53.828+0700] {logging_mixin.py:154} INFO - [2023-12-17T08:14:53.828+0700] {dagbag.py:536} INFO - Filling up the DagBag from /home/phuc/Practice/DataScience/DSProject/venv/lib/python3.10/site-packages/airflow/example_dags/plugins/event_listener.py
[2023-12-17T08:14:53.830+0700] {processor.py:841} WARNING - No viable dags retrieved from /home/phuc/Practice/DataScience/DSProject/venv/lib/python3.10/site-packages/airflow/example_dags/plugins/event_listener.py
[2023-12-17T08:14:53.841+0700] {processor.py:179} INFO - Processing /home/phuc/Practice/DataScience/DSProject/venv/lib/python3.10/site-packages/airflow/example_dags/plugins/event_listener.py took 0.016 seconds
[2023-12-17T08:15:47.134+0700] {processor.py:157} INFO - Started process (PID=315363) to work on /home/phuc/Practice/DataScience/DSProject/venv/lib/python3.10/site-packages/airflow/example_dags/plugins/event_listener.py
[2023-12-17T08:15:47.142+0700] {processor.py:829} INFO - Processing file /home/phuc/Practice/DataScience/DSProject/venv/lib/python3.10/site-packages/airflow/example_dags/plugins/event_listener.py for tasks to queue
[2023-12-17T08:15:47.143+0700] {logging_mixin.py:154} INFO - [2023-12-17T08:15:47.142+0700] {dagbag.py:536} INFO - Filling up the DagBag from /home/phuc/Practice/DataScience/DSProject/venv/lib/python3.10/site-packages/airflow/example_dags/plugins/event_listener.py
[2023-12-17T08:15:47.146+0700] {processor.py:841} WARNING - No viable dags retrieved from /home/phuc/Practice/DataScience/DSProject/venv/lib/python3.10/site-packages/airflow/example_dags/plugins/event_listener.py
[2023-12-17T08:15:47.155+0700] {processor.py:179} INFO - Processing /home/phuc/Practice/DataScience/DSProject/venv/lib/python3.10/site-packages/airflow/example_dags/plugins/event_listener.py took 0.024 seconds
[2023-12-17T08:18:08.399+0700] {processor.py:157} INFO - Started process (PID=316484) to work on /home/phuc/Practice/DataScience/DSProject/venv/lib/python3.10/site-packages/airflow/example_dags/plugins/event_listener.py
[2023-12-17T08:18:08.406+0700] {processor.py:829} INFO - Processing file /home/phuc/Practice/DataScience/DSProject/venv/lib/python3.10/site-packages/airflow/example_dags/plugins/event_listener.py for tasks to queue
[2023-12-17T08:18:08.407+0700] {logging_mixin.py:154} INFO - [2023-12-17T08:18:08.406+0700] {dagbag.py:536} INFO - Filling up the DagBag from /home/phuc/Practice/DataScience/DSProject/venv/lib/python3.10/site-packages/airflow/example_dags/plugins/event_listener.py
[2023-12-17T08:18:08.409+0700] {processor.py:841} WARNING - No viable dags retrieved from /home/phuc/Practice/DataScience/DSProject/venv/lib/python3.10/site-packages/airflow/example_dags/plugins/event_listener.py
[2023-12-17T08:18:08.417+0700] {processor.py:179} INFO - Processing /home/phuc/Practice/DataScience/DSProject/venv/lib/python3.10/site-packages/airflow/example_dags/plugins/event_listener.py took 0.021 seconds
[2023-12-17T08:19:01.539+0700] {processor.py:157} INFO - Started process (PID=316922) to work on /home/phuc/Practice/DataScience/DSProject/venv/lib/python3.10/site-packages/airflow/example_dags/plugins/event_listener.py
[2023-12-17T08:19:01.547+0700] {processor.py:829} INFO - Processing file /home/phuc/Practice/DataScience/DSProject/venv/lib/python3.10/site-packages/airflow/example_dags/plugins/event_listener.py for tasks to queue
[2023-12-17T08:19:01.548+0700] {logging_mixin.py:154} INFO - [2023-12-17T08:19:01.548+0700] {dagbag.py:536} INFO - Filling up the DagBag from /home/phuc/Practice/DataScience/DSProject/venv/lib/python3.10/site-packages/airflow/example_dags/plugins/event_listener.py
[2023-12-17T08:19:01.552+0700] {processor.py:841} WARNING - No viable dags retrieved from /home/phuc/Practice/DataScience/DSProject/venv/lib/python3.10/site-packages/airflow/example_dags/plugins/event_listener.py
[2023-12-17T08:19:01.563+0700] {processor.py:179} INFO - Processing /home/phuc/Practice/DataScience/DSProject/venv/lib/python3.10/site-packages/airflow/example_dags/plugins/event_listener.py took 0.028 seconds
[2023-12-17T08:19:48.401+0700] {processor.py:157} INFO - Started process (PID=317411) to work on /home/phuc/Practice/DataScience/DSProject/venv/lib/python3.10/site-packages/airflow/example_dags/plugins/event_listener.py
[2023-12-17T08:19:48.408+0700] {processor.py:829} INFO - Processing file /home/phuc/Practice/DataScience/DSProject/venv/lib/python3.10/site-packages/airflow/example_dags/plugins/event_listener.py for tasks to queue
[2023-12-17T08:19:48.409+0700] {logging_mixin.py:154} INFO - [2023-12-17T08:19:48.408+0700] {dagbag.py:536} INFO - Filling up the DagBag from /home/phuc/Practice/DataScience/DSProject/venv/lib/python3.10/site-packages/airflow/example_dags/plugins/event_listener.py
[2023-12-17T08:19:48.411+0700] {processor.py:841} WARNING - No viable dags retrieved from /home/phuc/Practice/DataScience/DSProject/venv/lib/python3.10/site-packages/airflow/example_dags/plugins/event_listener.py
[2023-12-17T08:19:48.418+0700] {processor.py:179} INFO - Processing /home/phuc/Practice/DataScience/DSProject/venv/lib/python3.10/site-packages/airflow/example_dags/plugins/event_listener.py took 0.019 seconds
[2023-12-17T08:20:44.932+0700] {processor.py:157} INFO - Started process (PID=318023) to work on /home/phuc/Practice/DataScience/DSProject/venv/lib/python3.10/site-packages/airflow/example_dags/plugins/event_listener.py
[2023-12-17T08:20:44.940+0700] {processor.py:829} INFO - Processing file /home/phuc/Practice/DataScience/DSProject/venv/lib/python3.10/site-packages/airflow/example_dags/plugins/event_listener.py for tasks to queue
[2023-12-17T08:20:44.941+0700] {logging_mixin.py:154} INFO - [2023-12-17T08:20:44.940+0700] {dagbag.py:536} INFO - Filling up the DagBag from /home/phuc/Practice/DataScience/DSProject/venv/lib/python3.10/site-packages/airflow/example_dags/plugins/event_listener.py
[2023-12-17T08:20:44.944+0700] {processor.py:841} WARNING - No viable dags retrieved from /home/phuc/Practice/DataScience/DSProject/venv/lib/python3.10/site-packages/airflow/example_dags/plugins/event_listener.py
[2023-12-17T08:20:44.956+0700] {processor.py:179} INFO - Processing /home/phuc/Practice/DataScience/DSProject/venv/lib/python3.10/site-packages/airflow/example_dags/plugins/event_listener.py took 0.026 seconds
[2023-12-17T08:23:08.926+0700] {processor.py:157} INFO - Started process (PID=319329) to work on /home/phuc/Practice/DataScience/DSProject/venv/lib/python3.10/site-packages/airflow/example_dags/plugins/event_listener.py
[2023-12-17T08:23:08.934+0700] {processor.py:829} INFO - Processing file /home/phuc/Practice/DataScience/DSProject/venv/lib/python3.10/site-packages/airflow/example_dags/plugins/event_listener.py for tasks to queue
[2023-12-17T08:23:08.935+0700] {logging_mixin.py:154} INFO - [2023-12-17T08:23:08.934+0700] {dagbag.py:536} INFO - Filling up the DagBag from /home/phuc/Practice/DataScience/DSProject/venv/lib/python3.10/site-packages/airflow/example_dags/plugins/event_listener.py
[2023-12-17T08:23:08.937+0700] {processor.py:841} WARNING - No viable dags retrieved from /home/phuc/Practice/DataScience/DSProject/venv/lib/python3.10/site-packages/airflow/example_dags/plugins/event_listener.py
[2023-12-17T08:23:08.946+0700] {processor.py:179} INFO - Processing /home/phuc/Practice/DataScience/DSProject/venv/lib/python3.10/site-packages/airflow/example_dags/plugins/event_listener.py took 0.023 seconds
[2023-12-17T08:23:55.398+0700] {processor.py:157} INFO - Started process (PID=319667) to work on /home/phuc/Practice/DataScience/DSProject/venv/lib/python3.10/site-packages/airflow/example_dags/plugins/event_listener.py
[2023-12-17T08:23:55.406+0700] {processor.py:829} INFO - Processing file /home/phuc/Practice/DataScience/DSProject/venv/lib/python3.10/site-packages/airflow/example_dags/plugins/event_listener.py for tasks to queue
[2023-12-17T08:23:55.407+0700] {logging_mixin.py:154} INFO - [2023-12-17T08:23:55.407+0700] {dagbag.py:536} INFO - Filling up the DagBag from /home/phuc/Practice/DataScience/DSProject/venv/lib/python3.10/site-packages/airflow/example_dags/plugins/event_listener.py
[2023-12-17T08:23:55.411+0700] {processor.py:841} WARNING - No viable dags retrieved from /home/phuc/Practice/DataScience/DSProject/venv/lib/python3.10/site-packages/airflow/example_dags/plugins/event_listener.py
[2023-12-17T08:23:55.422+0700] {processor.py:179} INFO - Processing /home/phuc/Practice/DataScience/DSProject/venv/lib/python3.10/site-packages/airflow/example_dags/plugins/event_listener.py took 0.028 seconds
[2023-12-17T08:24:48.996+0700] {processor.py:157} INFO - Started process (PID=319919) to work on /home/phuc/Practice/DataScience/DSProject/venv/lib/python3.10/site-packages/airflow/example_dags/plugins/event_listener.py
[2023-12-17T08:24:49.003+0700] {processor.py:829} INFO - Processing file /home/phuc/Practice/DataScience/DSProject/venv/lib/python3.10/site-packages/airflow/example_dags/plugins/event_listener.py for tasks to queue
[2023-12-17T08:24:49.004+0700] {logging_mixin.py:154} INFO - [2023-12-17T08:24:49.004+0700] {dagbag.py:536} INFO - Filling up the DagBag from /home/phuc/Practice/DataScience/DSProject/venv/lib/python3.10/site-packages/airflow/example_dags/plugins/event_listener.py
[2023-12-17T08:24:49.008+0700] {processor.py:841} WARNING - No viable dags retrieved from /home/phuc/Practice/DataScience/DSProject/venv/lib/python3.10/site-packages/airflow/example_dags/plugins/event_listener.py
[2023-12-17T08:24:49.020+0700] {processor.py:179} INFO - Processing /home/phuc/Practice/DataScience/DSProject/venv/lib/python3.10/site-packages/airflow/example_dags/plugins/event_listener.py took 0.026 seconds
[2023-12-17T08:25:44.338+0700] {processor.py:157} INFO - Started process (PID=320168) to work on /home/phuc/Practice/DataScience/DSProject/venv/lib/python3.10/site-packages/airflow/example_dags/plugins/event_listener.py
[2023-12-17T08:25:44.338+0700] {processor.py:829} INFO - Processing file /home/phuc/Practice/DataScience/DSProject/venv/lib/python3.10/site-packages/airflow/example_dags/plugins/event_listener.py for tasks to queue
[2023-12-17T08:25:44.339+0700] {logging_mixin.py:154} INFO - [2023-12-17T08:25:44.339+0700] {dagbag.py:536} INFO - Filling up the DagBag from /home/phuc/Practice/DataScience/DSProject/venv/lib/python3.10/site-packages/airflow/example_dags/plugins/event_listener.py
[2023-12-17T08:25:44.342+0700] {processor.py:841} WARNING - No viable dags retrieved from /home/phuc/Practice/DataScience/DSProject/venv/lib/python3.10/site-packages/airflow/example_dags/plugins/event_listener.py
[2023-12-17T08:25:44.353+0700] {processor.py:179} INFO - Processing /home/phuc/Practice/DataScience/DSProject/venv/lib/python3.10/site-packages/airflow/example_dags/plugins/event_listener.py took 0.018 seconds
[2023-12-17T08:26:31.804+0700] {processor.py:157} INFO - Started process (PID=320390) to work on /home/phuc/Practice/DataScience/DSProject/venv/lib/python3.10/site-packages/airflow/example_dags/plugins/event_listener.py
[2023-12-17T08:26:31.810+0700] {processor.py:829} INFO - Processing file /home/phuc/Practice/DataScience/DSProject/venv/lib/python3.10/site-packages/airflow/example_dags/plugins/event_listener.py for tasks to queue
[2023-12-17T08:26:31.811+0700] {logging_mixin.py:154} INFO - [2023-12-17T08:26:31.811+0700] {dagbag.py:536} INFO - Filling up the DagBag from /home/phuc/Practice/DataScience/DSProject/venv/lib/python3.10/site-packages/airflow/example_dags/plugins/event_listener.py
[2023-12-17T08:26:31.813+0700] {processor.py:841} WARNING - No viable dags retrieved from /home/phuc/Practice/DataScience/DSProject/venv/lib/python3.10/site-packages/airflow/example_dags/plugins/event_listener.py
[2023-12-17T08:26:31.821+0700] {processor.py:179} INFO - Processing /home/phuc/Practice/DataScience/DSProject/venv/lib/python3.10/site-packages/airflow/example_dags/plugins/event_listener.py took 0.020 seconds
[2023-12-17T08:27:23.341+0700] {processor.py:157} INFO - Started process (PID=320691) to work on /home/phuc/Practice/DataScience/DSProject/venv/lib/python3.10/site-packages/airflow/example_dags/plugins/event_listener.py
[2023-12-17T08:27:23.348+0700] {processor.py:829} INFO - Processing file /home/phuc/Practice/DataScience/DSProject/venv/lib/python3.10/site-packages/airflow/example_dags/plugins/event_listener.py for tasks to queue
[2023-12-17T08:27:23.349+0700] {logging_mixin.py:154} INFO - [2023-12-17T08:27:23.349+0700] {dagbag.py:536} INFO - Filling up the DagBag from /home/phuc/Practice/DataScience/DSProject/venv/lib/python3.10/site-packages/airflow/example_dags/plugins/event_listener.py
[2023-12-17T08:27:23.353+0700] {processor.py:841} WARNING - No viable dags retrieved from /home/phuc/Practice/DataScience/DSProject/venv/lib/python3.10/site-packages/airflow/example_dags/plugins/event_listener.py
[2023-12-17T08:27:23.365+0700] {processor.py:179} INFO - Processing /home/phuc/Practice/DataScience/DSProject/venv/lib/python3.10/site-packages/airflow/example_dags/plugins/event_listener.py took 0.027 seconds
[2023-12-17T08:28:12.354+0700] {processor.py:157} INFO - Started process (PID=320892) to work on /home/phuc/Practice/DataScience/DSProject/venv/lib/python3.10/site-packages/airflow/example_dags/plugins/event_listener.py
[2023-12-17T08:28:12.361+0700] {processor.py:829} INFO - Processing file /home/phuc/Practice/DataScience/DSProject/venv/lib/python3.10/site-packages/airflow/example_dags/plugins/event_listener.py for tasks to queue
[2023-12-17T08:28:12.363+0700] {logging_mixin.py:154} INFO - [2023-12-17T08:28:12.362+0700] {dagbag.py:536} INFO - Filling up the DagBag from /home/phuc/Practice/DataScience/DSProject/venv/lib/python3.10/site-packages/airflow/example_dags/plugins/event_listener.py
[2023-12-17T08:28:12.366+0700] {processor.py:841} WARNING - No viable dags retrieved from /home/phuc/Practice/DataScience/DSProject/venv/lib/python3.10/site-packages/airflow/example_dags/plugins/event_listener.py
[2023-12-17T08:28:12.378+0700] {processor.py:179} INFO - Processing /home/phuc/Practice/DataScience/DSProject/venv/lib/python3.10/site-packages/airflow/example_dags/plugins/event_listener.py took 0.027 seconds
[2023-12-17T08:28:59.877+0700] {processor.py:157} INFO - Started process (PID=321112) to work on /home/phuc/Practice/DataScience/DSProject/venv/lib/python3.10/site-packages/airflow/example_dags/plugins/event_listener.py
[2023-12-17T08:28:59.884+0700] {processor.py:829} INFO - Processing file /home/phuc/Practice/DataScience/DSProject/venv/lib/python3.10/site-packages/airflow/example_dags/plugins/event_listener.py for tasks to queue
[2023-12-17T08:28:59.885+0700] {logging_mixin.py:154} INFO - [2023-12-17T08:28:59.884+0700] {dagbag.py:536} INFO - Filling up the DagBag from /home/phuc/Practice/DataScience/DSProject/venv/lib/python3.10/site-packages/airflow/example_dags/plugins/event_listener.py
[2023-12-17T08:28:59.889+0700] {processor.py:841} WARNING - No viable dags retrieved from /home/phuc/Practice/DataScience/DSProject/venv/lib/python3.10/site-packages/airflow/example_dags/plugins/event_listener.py
[2023-12-17T08:28:59.901+0700] {processor.py:179} INFO - Processing /home/phuc/Practice/DataScience/DSProject/venv/lib/python3.10/site-packages/airflow/example_dags/plugins/event_listener.py took 0.027 seconds
[2023-12-17T08:29:51.313+0700] {processor.py:157} INFO - Started process (PID=321338) to work on /home/phuc/Practice/DataScience/DSProject/venv/lib/python3.10/site-packages/airflow/example_dags/plugins/event_listener.py
[2023-12-17T08:29:51.314+0700] {processor.py:829} INFO - Processing file /home/phuc/Practice/DataScience/DSProject/venv/lib/python3.10/site-packages/airflow/example_dags/plugins/event_listener.py for tasks to queue
[2023-12-17T08:29:51.314+0700] {logging_mixin.py:154} INFO - [2023-12-17T08:29:51.314+0700] {dagbag.py:536} INFO - Filling up the DagBag from /home/phuc/Practice/DataScience/DSProject/venv/lib/python3.10/site-packages/airflow/example_dags/plugins/event_listener.py
[2023-12-17T08:29:51.316+0700] {processor.py:841} WARNING - No viable dags retrieved from /home/phuc/Practice/DataScience/DSProject/venv/lib/python3.10/site-packages/airflow/example_dags/plugins/event_listener.py
[2023-12-17T08:29:51.321+0700] {processor.py:179} INFO - Processing /home/phuc/Practice/DataScience/DSProject/venv/lib/python3.10/site-packages/airflow/example_dags/plugins/event_listener.py took 0.011 seconds
[2023-12-17T08:30:42.724+0700] {processor.py:157} INFO - Started process (PID=321600) to work on /home/phuc/Practice/DataScience/DSProject/venv/lib/python3.10/site-packages/airflow/example_dags/plugins/event_listener.py
[2023-12-17T08:30:42.731+0700] {processor.py:829} INFO - Processing file /home/phuc/Practice/DataScience/DSProject/venv/lib/python3.10/site-packages/airflow/example_dags/plugins/event_listener.py for tasks to queue
[2023-12-17T08:30:42.732+0700] {logging_mixin.py:154} INFO - [2023-12-17T08:30:42.731+0700] {dagbag.py:536} INFO - Filling up the DagBag from /home/phuc/Practice/DataScience/DSProject/venv/lib/python3.10/site-packages/airflow/example_dags/plugins/event_listener.py
[2023-12-17T08:30:42.733+0700] {processor.py:841} WARNING - No viable dags retrieved from /home/phuc/Practice/DataScience/DSProject/venv/lib/python3.10/site-packages/airflow/example_dags/plugins/event_listener.py
[2023-12-17T08:30:42.739+0700] {processor.py:179} INFO - Processing /home/phuc/Practice/DataScience/DSProject/venv/lib/python3.10/site-packages/airflow/example_dags/plugins/event_listener.py took 0.017 seconds
[2023-12-17T08:31:33.880+0700] {processor.py:157} INFO - Started process (PID=321954) to work on /home/phuc/Practice/DataScience/DSProject/venv/lib/python3.10/site-packages/airflow/example_dags/plugins/event_listener.py
[2023-12-17T08:31:33.888+0700] {processor.py:829} INFO - Processing file /home/phuc/Practice/DataScience/DSProject/venv/lib/python3.10/site-packages/airflow/example_dags/plugins/event_listener.py for tasks to queue
[2023-12-17T08:31:33.889+0700] {logging_mixin.py:154} INFO - [2023-12-17T08:31:33.888+0700] {dagbag.py:536} INFO - Filling up the DagBag from /home/phuc/Practice/DataScience/DSProject/venv/lib/python3.10/site-packages/airflow/example_dags/plugins/event_listener.py
[2023-12-17T08:31:33.892+0700] {processor.py:841} WARNING - No viable dags retrieved from /home/phuc/Practice/DataScience/DSProject/venv/lib/python3.10/site-packages/airflow/example_dags/plugins/event_listener.py
[2023-12-17T08:31:33.898+0700] {processor.py:179} INFO - Processing /home/phuc/Practice/DataScience/DSProject/venv/lib/python3.10/site-packages/airflow/example_dags/plugins/event_listener.py took 0.019 seconds
[2023-12-17T08:32:55.254+0700] {processor.py:157} INFO - Started process (PID=323033) to work on /home/phuc/Practice/DataScience/DSProject/venv/lib/python3.10/site-packages/airflow/example_dags/plugins/event_listener.py
[2023-12-17T08:32:55.261+0700] {processor.py:829} INFO - Processing file /home/phuc/Practice/DataScience/DSProject/venv/lib/python3.10/site-packages/airflow/example_dags/plugins/event_listener.py for tasks to queue
[2023-12-17T08:32:55.262+0700] {logging_mixin.py:154} INFO - [2023-12-17T08:32:55.262+0700] {dagbag.py:536} INFO - Filling up the DagBag from /home/phuc/Practice/DataScience/DSProject/venv/lib/python3.10/site-packages/airflow/example_dags/plugins/event_listener.py
[2023-12-17T08:32:55.266+0700] {processor.py:841} WARNING - No viable dags retrieved from /home/phuc/Practice/DataScience/DSProject/venv/lib/python3.10/site-packages/airflow/example_dags/plugins/event_listener.py
[2023-12-17T08:32:55.278+0700] {processor.py:179} INFO - Processing /home/phuc/Practice/DataScience/DSProject/venv/lib/python3.10/site-packages/airflow/example_dags/plugins/event_listener.py took 0.026 seconds
[2023-12-17T08:33:42.368+0700] {processor.py:157} INFO - Started process (PID=323255) to work on /home/phuc/Practice/DataScience/DSProject/venv/lib/python3.10/site-packages/airflow/example_dags/plugins/event_listener.py
[2023-12-17T08:33:42.375+0700] {processor.py:829} INFO - Processing file /home/phuc/Practice/DataScience/DSProject/venv/lib/python3.10/site-packages/airflow/example_dags/plugins/event_listener.py for tasks to queue
[2023-12-17T08:33:42.376+0700] {logging_mixin.py:154} INFO - [2023-12-17T08:33:42.376+0700] {dagbag.py:536} INFO - Filling up the DagBag from /home/phuc/Practice/DataScience/DSProject/venv/lib/python3.10/site-packages/airflow/example_dags/plugins/event_listener.py
[2023-12-17T08:33:42.377+0700] {processor.py:841} WARNING - No viable dags retrieved from /home/phuc/Practice/DataScience/DSProject/venv/lib/python3.10/site-packages/airflow/example_dags/plugins/event_listener.py
[2023-12-17T08:33:42.384+0700] {processor.py:179} INFO - Processing /home/phuc/Practice/DataScience/DSProject/venv/lib/python3.10/site-packages/airflow/example_dags/plugins/event_listener.py took 0.017 seconds
[2023-12-17T08:34:30.907+0700] {processor.py:157} INFO - Started process (PID=323664) to work on /home/phuc/Practice/DataScience/DSProject/venv/lib/python3.10/site-packages/airflow/example_dags/plugins/event_listener.py
[2023-12-17T08:34:30.915+0700] {processor.py:829} INFO - Processing file /home/phuc/Practice/DataScience/DSProject/venv/lib/python3.10/site-packages/airflow/example_dags/plugins/event_listener.py for tasks to queue
[2023-12-17T08:34:30.916+0700] {logging_mixin.py:154} INFO - [2023-12-17T08:34:30.916+0700] {dagbag.py:536} INFO - Filling up the DagBag from /home/phuc/Practice/DataScience/DSProject/venv/lib/python3.10/site-packages/airflow/example_dags/plugins/event_listener.py
[2023-12-17T08:34:30.920+0700] {processor.py:841} WARNING - No viable dags retrieved from /home/phuc/Practice/DataScience/DSProject/venv/lib/python3.10/site-packages/airflow/example_dags/plugins/event_listener.py
[2023-12-17T08:34:30.930+0700] {processor.py:179} INFO - Processing /home/phuc/Practice/DataScience/DSProject/venv/lib/python3.10/site-packages/airflow/example_dags/plugins/event_listener.py took 0.027 seconds
[2023-12-17T08:35:25.281+0700] {processor.py:157} INFO - Started process (PID=324065) to work on /home/phuc/Practice/DataScience/DSProject/venv/lib/python3.10/site-packages/airflow/example_dags/plugins/event_listener.py
[2023-12-17T08:35:25.288+0700] {processor.py:829} INFO - Processing file /home/phuc/Practice/DataScience/DSProject/venv/lib/python3.10/site-packages/airflow/example_dags/plugins/event_listener.py for tasks to queue
[2023-12-17T08:35:25.289+0700] {logging_mixin.py:154} INFO - [2023-12-17T08:35:25.288+0700] {dagbag.py:536} INFO - Filling up the DagBag from /home/phuc/Practice/DataScience/DSProject/venv/lib/python3.10/site-packages/airflow/example_dags/plugins/event_listener.py
[2023-12-17T08:35:25.293+0700] {processor.py:841} WARNING - No viable dags retrieved from /home/phuc/Practice/DataScience/DSProject/venv/lib/python3.10/site-packages/airflow/example_dags/plugins/event_listener.py
[2023-12-17T08:35:25.304+0700] {processor.py:179} INFO - Processing /home/phuc/Practice/DataScience/DSProject/venv/lib/python3.10/site-packages/airflow/example_dags/plugins/event_listener.py took 0.026 seconds
