[2023-12-17T08:03:37.243+0700] {processor.py:157} INFO - Started process (PID=309877) to work on /home/phuc/Practice/DataScience/DSProject/venv/lib/python3.10/site-packages/airflow/example_dags/plugins/listener_plugin.py
[2023-12-17T08:03:37.243+0700] {processor.py:829} INFO - Processing file /home/phuc/Practice/DataScience/DSProject/venv/lib/python3.10/site-packages/airflow/example_dags/plugins/listener_plugin.py for tasks to queue
[2023-12-17T08:03:37.244+0700] {logging_mixin.py:154} INFO - [2023-12-17T08:03:37.244+0700] {dagbag.py:536} INFO - Filling up the DagBag from /home/phuc/Practice/DataScience/DSProject/venv/lib/python3.10/site-packages/airflow/example_dags/plugins/listener_plugin.py
[2023-12-17T08:03:37.247+0700] {processor.py:841} WARNING - No viable dags retrieved from /home/phuc/Practice/DataScience/DSProject/venv/lib/python3.10/site-packages/airflow/example_dags/plugins/listener_plugin.py
[2023-12-17T08:03:37.255+0700] {processor.py:179} INFO - Processing /home/phuc/Practice/DataScience/DSProject/venv/lib/python3.10/site-packages/airflow/example_dags/plugins/listener_plugin.py took 0.016 seconds
[2023-12-17T08:05:51.997+0700] {processor.py:157} INFO - Started process (PID=311137) to work on /home/phuc/Practice/DataScience/DSProject/venv/lib/python3.10/site-packages/airflow/example_dags/plugins/listener_plugin.py
[2023-12-17T08:05:51.999+0700] {processor.py:829} INFO - Processing file /home/phuc/Practice/DataScience/DSProject/venv/lib/python3.10/site-packages/airflow/example_dags/plugins/listener_plugin.py for tasks to queue
[2023-12-17T08:05:52.000+0700] {logging_mixin.py:154} INFO - [2023-12-17T08:05:52.000+0700] {dagbag.py:536} INFO - Filling up the DagBag from /home/phuc/Practice/DataScience/DSProject/venv/lib/python3.10/site-packages/airflow/example_dags/plugins/listener_plugin.py
[2023-12-17T08:05:52.002+0700] {processor.py:841} WARNING - No viable dags retrieved from /home/phuc/Practice/DataScience/DSProject/venv/lib/python3.10/site-packages/airflow/example_dags/plugins/listener_plugin.py
[2023-12-17T08:05:52.010+0700] {processor.py:179} INFO - Processing /home/phuc/Practice/DataScience/DSProject/venv/lib/python3.10/site-packages/airflow/example_dags/plugins/listener_plugin.py took 0.015 seconds
[2023-12-17T08:06:41.794+0700] {processor.py:157} INFO - Started process (PID=311661) to work on /home/phuc/Practice/DataScience/DSProject/venv/lib/python3.10/site-packages/airflow/example_dags/plugins/listener_plugin.py
[2023-12-17T08:06:41.795+0700] {processor.py:829} INFO - Processing file /home/phuc/Practice/DataScience/DSProject/venv/lib/python3.10/site-packages/airflow/example_dags/plugins/listener_plugin.py for tasks to queue
[2023-12-17T08:06:41.796+0700] {logging_mixin.py:154} INFO - [2023-12-17T08:06:41.795+0700] {dagbag.py:536} INFO - Filling up the DagBag from /home/phuc/Practice/DataScience/DSProject/venv/lib/python3.10/site-packages/airflow/example_dags/plugins/listener_plugin.py
[2023-12-17T08:06:41.798+0700] {processor.py:841} WARNING - No viable dags retrieved from /home/phuc/Practice/DataScience/DSProject/venv/lib/python3.10/site-packages/airflow/example_dags/plugins/listener_plugin.py
[2023-12-17T08:06:41.806+0700] {processor.py:179} INFO - Processing /home/phuc/Practice/DataScience/DSProject/venv/lib/python3.10/site-packages/airflow/example_dags/plugins/listener_plugin.py took 0.014 seconds
[2023-12-17T08:08:13.267+0700] {processor.py:157} INFO - Started process (PID=313018) to work on /home/phuc/Practice/DataScience/DSProject/venv/lib/python3.10/site-packages/airflow/example_dags/plugins/listener_plugin.py
[2023-12-17T08:08:13.274+0700] {processor.py:829} INFO - Processing file /home/phuc/Practice/DataScience/DSProject/venv/lib/python3.10/site-packages/airflow/example_dags/plugins/listener_plugin.py for tasks to queue
[2023-12-17T08:08:13.276+0700] {logging_mixin.py:154} INFO - [2023-12-17T08:08:13.275+0700] {dagbag.py:536} INFO - Filling up the DagBag from /home/phuc/Practice/DataScience/DSProject/venv/lib/python3.10/site-packages/airflow/example_dags/plugins/listener_plugin.py
[2023-12-17T08:08:13.280+0700] {processor.py:841} WARNING - No viable dags retrieved from /home/phuc/Practice/DataScience/DSProject/venv/lib/python3.10/site-packages/airflow/example_dags/plugins/listener_plugin.py
[2023-12-17T08:08:13.291+0700] {processor.py:179} INFO - Processing /home/phuc/Practice/DataScience/DSProject/venv/lib/python3.10/site-packages/airflow/example_dags/plugins/listener_plugin.py took 0.027 seconds
[2023-12-17T08:09:10.115+0700] {processor.py:157} INFO - Started process (PID=313384) to work on /home/phuc/Practice/DataScience/DSProject/venv/lib/python3.10/site-packages/airflow/example_dags/plugins/listener_plugin.py
[2023-12-17T08:09:10.122+0700] {processor.py:829} INFO - Processing file /home/phuc/Practice/DataScience/DSProject/venv/lib/python3.10/site-packages/airflow/example_dags/plugins/listener_plugin.py for tasks to queue
[2023-12-17T08:09:10.124+0700] {logging_mixin.py:154} INFO - [2023-12-17T08:09:10.123+0700] {dagbag.py:536} INFO - Filling up the DagBag from /home/phuc/Practice/DataScience/DSProject/venv/lib/python3.10/site-packages/airflow/example_dags/plugins/listener_plugin.py
[2023-12-17T08:09:10.128+0700] {processor.py:841} WARNING - No viable dags retrieved from /home/phuc/Practice/DataScience/DSProject/venv/lib/python3.10/site-packages/airflow/example_dags/plugins/listener_plugin.py
[2023-12-17T08:09:10.139+0700] {processor.py:179} INFO - Processing /home/phuc/Practice/DataScience/DSProject/venv/lib/python3.10/site-packages/airflow/example_dags/plugins/listener_plugin.py took 0.025 seconds
[2023-12-17T08:09:56.556+0700] {processor.py:157} INFO - Started process (PID=313703) to work on /home/phuc/Practice/DataScience/DSProject/venv/lib/python3.10/site-packages/airflow/example_dags/plugins/listener_plugin.py
[2023-12-17T08:09:56.563+0700] {processor.py:829} INFO - Processing file /home/phuc/Practice/DataScience/DSProject/venv/lib/python3.10/site-packages/airflow/example_dags/plugins/listener_plugin.py for tasks to queue
[2023-12-17T08:09:56.564+0700] {logging_mixin.py:154} INFO - [2023-12-17T08:09:56.564+0700] {dagbag.py:536} INFO - Filling up the DagBag from /home/phuc/Practice/DataScience/DSProject/venv/lib/python3.10/site-packages/airflow/example_dags/plugins/listener_plugin.py
[2023-12-17T08:09:56.567+0700] {processor.py:841} WARNING - No viable dags retrieved from /home/phuc/Practice/DataScience/DSProject/venv/lib/python3.10/site-packages/airflow/example_dags/plugins/listener_plugin.py
[2023-12-17T08:09:56.578+0700] {processor.py:179} INFO - Processing /home/phuc/Practice/DataScience/DSProject/venv/lib/python3.10/site-packages/airflow/example_dags/plugins/listener_plugin.py took 0.024 seconds
[2023-12-17T08:10:48.820+0700] {processor.py:157} INFO - Started process (PID=313965) to work on /home/phuc/Practice/DataScience/DSProject/venv/lib/python3.10/site-packages/airflow/example_dags/plugins/listener_plugin.py
[2023-12-17T08:10:48.821+0700] {processor.py:829} INFO - Processing file /home/phuc/Practice/DataScience/DSProject/venv/lib/python3.10/site-packages/airflow/example_dags/plugins/listener_plugin.py for tasks to queue
[2023-12-17T08:10:48.821+0700] {logging_mixin.py:154} INFO - [2023-12-17T08:10:48.821+0700] {dagbag.py:536} INFO - Filling up the DagBag from /home/phuc/Practice/DataScience/DSProject/venv/lib/python3.10/site-packages/airflow/example_dags/plugins/listener_plugin.py
[2023-12-17T08:10:48.823+0700] {processor.py:841} WARNING - No viable dags retrieved from /home/phuc/Practice/DataScience/DSProject/venv/lib/python3.10/site-packages/airflow/example_dags/plugins/listener_plugin.py
[2023-12-17T08:10:48.832+0700] {processor.py:179} INFO - Processing /home/phuc/Practice/DataScience/DSProject/venv/lib/python3.10/site-packages/airflow/example_dags/plugins/listener_plugin.py took 0.015 seconds
[2023-12-17T08:11:36.320+0700] {processor.py:157} INFO - Started process (PID=314172) to work on /home/phuc/Practice/DataScience/DSProject/venv/lib/python3.10/site-packages/airflow/example_dags/plugins/listener_plugin.py
[2023-12-17T08:11:36.327+0700] {processor.py:829} INFO - Processing file /home/phuc/Practice/DataScience/DSProject/venv/lib/python3.10/site-packages/airflow/example_dags/plugins/listener_plugin.py for tasks to queue
[2023-12-17T08:11:36.328+0700] {logging_mixin.py:154} INFO - [2023-12-17T08:11:36.327+0700] {dagbag.py:536} INFO - Filling up the DagBag from /home/phuc/Practice/DataScience/DSProject/venv/lib/python3.10/site-packages/airflow/example_dags/plugins/listener_plugin.py
[2023-12-17T08:11:36.330+0700] {processor.py:841} WARNING - No viable dags retrieved from /home/phuc/Practice/DataScience/DSProject/venv/lib/python3.10/site-packages/airflow/example_dags/plugins/listener_plugin.py
[2023-12-17T08:11:36.338+0700] {processor.py:179} INFO - Processing /home/phuc/Practice/DataScience/DSProject/venv/lib/python3.10/site-packages/airflow/example_dags/plugins/listener_plugin.py took 0.021 seconds
[2023-12-17T08:12:27.839+0700] {processor.py:157} INFO - Started process (PID=314430) to work on /home/phuc/Practice/DataScience/DSProject/venv/lib/python3.10/site-packages/airflow/example_dags/plugins/listener_plugin.py
[2023-12-17T08:12:27.846+0700] {processor.py:829} INFO - Processing file /home/phuc/Practice/DataScience/DSProject/venv/lib/python3.10/site-packages/airflow/example_dags/plugins/listener_plugin.py for tasks to queue
[2023-12-17T08:12:27.847+0700] {logging_mixin.py:154} INFO - [2023-12-17T08:12:27.846+0700] {dagbag.py:536} INFO - Filling up the DagBag from /home/phuc/Practice/DataScience/DSProject/venv/lib/python3.10/site-packages/airflow/example_dags/plugins/listener_plugin.py
[2023-12-17T08:12:27.851+0700] {processor.py:841} WARNING - No viable dags retrieved from /home/phuc/Practice/DataScience/DSProject/venv/lib/python3.10/site-packages/airflow/example_dags/plugins/listener_plugin.py
[2023-12-17T08:12:27.863+0700] {processor.py:179} INFO - Processing /home/phuc/Practice/DataScience/DSProject/venv/lib/python3.10/site-packages/airflow/example_dags/plugins/listener_plugin.py took 0.027 seconds
[2023-12-17T08:13:15.299+0700] {processor.py:157} INFO - Started process (PID=314634) to work on /home/phuc/Practice/DataScience/DSProject/venv/lib/python3.10/site-packages/airflow/example_dags/plugins/listener_plugin.py
[2023-12-17T08:13:15.306+0700] {processor.py:829} INFO - Processing file /home/phuc/Practice/DataScience/DSProject/venv/lib/python3.10/site-packages/airflow/example_dags/plugins/listener_plugin.py for tasks to queue
[2023-12-17T08:13:15.307+0700] {logging_mixin.py:154} INFO - [2023-12-17T08:13:15.307+0700] {dagbag.py:536} INFO - Filling up the DagBag from /home/phuc/Practice/DataScience/DSProject/venv/lib/python3.10/site-packages/airflow/example_dags/plugins/listener_plugin.py
[2023-12-17T08:13:15.310+0700] {processor.py:841} WARNING - No viable dags retrieved from /home/phuc/Practice/DataScience/DSProject/venv/lib/python3.10/site-packages/airflow/example_dags/plugins/listener_plugin.py
[2023-12-17T08:13:15.319+0700] {processor.py:179} INFO - Processing /home/phuc/Practice/DataScience/DSProject/venv/lib/python3.10/site-packages/airflow/example_dags/plugins/listener_plugin.py took 0.022 seconds
[2023-12-17T08:14:01.585+0700] {processor.py:157} INFO - Started process (PID=314911) to work on /home/phuc/Practice/DataScience/DSProject/venv/lib/python3.10/site-packages/airflow/example_dags/plugins/listener_plugin.py
[2023-12-17T08:14:01.586+0700] {processor.py:829} INFO - Processing file /home/phuc/Practice/DataScience/DSProject/venv/lib/python3.10/site-packages/airflow/example_dags/plugins/listener_plugin.py for tasks to queue
[2023-12-17T08:14:01.586+0700] {logging_mixin.py:154} INFO - [2023-12-17T08:14:01.586+0700] {dagbag.py:536} INFO - Filling up the DagBag from /home/phuc/Practice/DataScience/DSProject/venv/lib/python3.10/site-packages/airflow/example_dags/plugins/listener_plugin.py
[2023-12-17T08:14:01.588+0700] {processor.py:841} WARNING - No viable dags retrieved from /home/phuc/Practice/DataScience/DSProject/venv/lib/python3.10/site-packages/airflow/example_dags/plugins/listener_plugin.py
[2023-12-17T08:14:01.595+0700] {processor.py:179} INFO - Processing /home/phuc/Practice/DataScience/DSProject/venv/lib/python3.10/site-packages/airflow/example_dags/plugins/listener_plugin.py took 0.012 seconds
[2023-12-17T08:14:53.006+0700] {processor.py:157} INFO - Started process (PID=315133) to work on /home/phuc/Practice/DataScience/DSProject/venv/lib/python3.10/site-packages/airflow/example_dags/plugins/listener_plugin.py
[2023-12-17T08:14:53.013+0700] {processor.py:829} INFO - Processing file /home/phuc/Practice/DataScience/DSProject/venv/lib/python3.10/site-packages/airflow/example_dags/plugins/listener_plugin.py for tasks to queue
[2023-12-17T08:14:53.015+0700] {logging_mixin.py:154} INFO - [2023-12-17T08:14:53.014+0700] {dagbag.py:536} INFO - Filling up the DagBag from /home/phuc/Practice/DataScience/DSProject/venv/lib/python3.10/site-packages/airflow/example_dags/plugins/listener_plugin.py
[2023-12-17T08:14:53.019+0700] {processor.py:841} WARNING - No viable dags retrieved from /home/phuc/Practice/DataScience/DSProject/venv/lib/python3.10/site-packages/airflow/example_dags/plugins/listener_plugin.py
[2023-12-17T08:14:53.031+0700] {processor.py:179} INFO - Processing /home/phuc/Practice/DataScience/DSProject/venv/lib/python3.10/site-packages/airflow/example_dags/plugins/listener_plugin.py took 0.027 seconds
[2023-12-17T08:15:46.834+0700] {processor.py:157} INFO - Started process (PID=315362) to work on /home/phuc/Practice/DataScience/DSProject/venv/lib/python3.10/site-packages/airflow/example_dags/plugins/listener_plugin.py
[2023-12-17T08:15:46.841+0700] {processor.py:829} INFO - Processing file /home/phuc/Practice/DataScience/DSProject/venv/lib/python3.10/site-packages/airflow/example_dags/plugins/listener_plugin.py for tasks to queue
[2023-12-17T08:15:46.843+0700] {logging_mixin.py:154} INFO - [2023-12-17T08:15:46.842+0700] {dagbag.py:536} INFO - Filling up the DagBag from /home/phuc/Practice/DataScience/DSProject/venv/lib/python3.10/site-packages/airflow/example_dags/plugins/listener_plugin.py
[2023-12-17T08:15:46.847+0700] {processor.py:841} WARNING - No viable dags retrieved from /home/phuc/Practice/DataScience/DSProject/venv/lib/python3.10/site-packages/airflow/example_dags/plugins/listener_plugin.py
[2023-12-17T08:15:46.858+0700] {processor.py:179} INFO - Processing /home/phuc/Practice/DataScience/DSProject/venv/lib/python3.10/site-packages/airflow/example_dags/plugins/listener_plugin.py took 0.026 seconds
[2023-12-17T08:18:07.815+0700] {processor.py:157} INFO - Started process (PID=316483) to work on /home/phuc/Practice/DataScience/DSProject/venv/lib/python3.10/site-packages/airflow/example_dags/plugins/listener_plugin.py
[2023-12-17T08:18:07.822+0700] {processor.py:829} INFO - Processing file /home/phuc/Practice/DataScience/DSProject/venv/lib/python3.10/site-packages/airflow/example_dags/plugins/listener_plugin.py for tasks to queue
[2023-12-17T08:18:07.823+0700] {logging_mixin.py:154} INFO - [2023-12-17T08:18:07.822+0700] {dagbag.py:536} INFO - Filling up the DagBag from /home/phuc/Practice/DataScience/DSProject/venv/lib/python3.10/site-packages/airflow/example_dags/plugins/listener_plugin.py
[2023-12-17T08:18:07.827+0700] {processor.py:841} WARNING - No viable dags retrieved from /home/phuc/Practice/DataScience/DSProject/venv/lib/python3.10/site-packages/airflow/example_dags/plugins/listener_plugin.py
[2023-12-17T08:18:07.839+0700] {processor.py:179} INFO - Processing /home/phuc/Practice/DataScience/DSProject/venv/lib/python3.10/site-packages/airflow/example_dags/plugins/listener_plugin.py took 0.027 seconds
[2023-12-17T08:19:00.374+0700] {processor.py:157} INFO - Started process (PID=316921) to work on /home/phuc/Practice/DataScience/DSProject/venv/lib/python3.10/site-packages/airflow/example_dags/plugins/listener_plugin.py
[2023-12-17T08:19:00.381+0700] {processor.py:829} INFO - Processing file /home/phuc/Practice/DataScience/DSProject/venv/lib/python3.10/site-packages/airflow/example_dags/plugins/listener_plugin.py for tasks to queue
[2023-12-17T08:19:00.382+0700] {logging_mixin.py:154} INFO - [2023-12-17T08:19:00.382+0700] {dagbag.py:536} INFO - Filling up the DagBag from /home/phuc/Practice/DataScience/DSProject/venv/lib/python3.10/site-packages/airflow/example_dags/plugins/listener_plugin.py
[2023-12-17T08:19:00.387+0700] {processor.py:841} WARNING - No viable dags retrieved from /home/phuc/Practice/DataScience/DSProject/venv/lib/python3.10/site-packages/airflow/example_dags/plugins/listener_plugin.py
[2023-12-17T08:19:00.398+0700] {processor.py:179} INFO - Processing /home/phuc/Practice/DataScience/DSProject/venv/lib/python3.10/site-packages/airflow/example_dags/plugins/listener_plugin.py took 0.028 seconds
[2023-12-17T08:19:47.843+0700] {processor.py:157} INFO - Started process (PID=317407) to work on /home/phuc/Practice/DataScience/DSProject/venv/lib/python3.10/site-packages/airflow/example_dags/plugins/listener_plugin.py
[2023-12-17T08:19:47.850+0700] {processor.py:829} INFO - Processing file /home/phuc/Practice/DataScience/DSProject/venv/lib/python3.10/site-packages/airflow/example_dags/plugins/listener_plugin.py for tasks to queue
[2023-12-17T08:19:47.852+0700] {logging_mixin.py:154} INFO - [2023-12-17T08:19:47.851+0700] {dagbag.py:536} INFO - Filling up the DagBag from /home/phuc/Practice/DataScience/DSProject/venv/lib/python3.10/site-packages/airflow/example_dags/plugins/listener_plugin.py
[2023-12-17T08:19:47.856+0700] {processor.py:841} WARNING - No viable dags retrieved from /home/phuc/Practice/DataScience/DSProject/venv/lib/python3.10/site-packages/airflow/example_dags/plugins/listener_plugin.py
[2023-12-17T08:19:47.866+0700] {processor.py:179} INFO - Processing /home/phuc/Practice/DataScience/DSProject/venv/lib/python3.10/site-packages/airflow/example_dags/plugins/listener_plugin.py took 0.025 seconds
[2023-12-17T08:20:43.964+0700] {processor.py:157} INFO - Started process (PID=318004) to work on /home/phuc/Practice/DataScience/DSProject/venv/lib/python3.10/site-packages/airflow/example_dags/plugins/listener_plugin.py
[2023-12-17T08:20:43.972+0700] {processor.py:829} INFO - Processing file /home/phuc/Practice/DataScience/DSProject/venv/lib/python3.10/site-packages/airflow/example_dags/plugins/listener_plugin.py for tasks to queue
[2023-12-17T08:20:43.973+0700] {logging_mixin.py:154} INFO - [2023-12-17T08:20:43.972+0700] {dagbag.py:536} INFO - Filling up the DagBag from /home/phuc/Practice/DataScience/DSProject/venv/lib/python3.10/site-packages/airflow/example_dags/plugins/listener_plugin.py
[2023-12-17T08:20:43.975+0700] {processor.py:841} WARNING - No viable dags retrieved from /home/phuc/Practice/DataScience/DSProject/venv/lib/python3.10/site-packages/airflow/example_dags/plugins/listener_plugin.py
[2023-12-17T08:20:43.983+0700] {processor.py:179} INFO - Processing /home/phuc/Practice/DataScience/DSProject/venv/lib/python3.10/site-packages/airflow/example_dags/plugins/listener_plugin.py took 0.021 seconds
[2023-12-17T08:23:08.506+0700] {processor.py:157} INFO - Started process (PID=319328) to work on /home/phuc/Practice/DataScience/DSProject/venv/lib/python3.10/site-packages/airflow/example_dags/plugins/listener_plugin.py
[2023-12-17T08:23:08.513+0700] {processor.py:829} INFO - Processing file /home/phuc/Practice/DataScience/DSProject/venv/lib/python3.10/site-packages/airflow/example_dags/plugins/listener_plugin.py for tasks to queue
[2023-12-17T08:23:08.514+0700] {logging_mixin.py:154} INFO - [2023-12-17T08:23:08.514+0700] {dagbag.py:536} INFO - Filling up the DagBag from /home/phuc/Practice/DataScience/DSProject/venv/lib/python3.10/site-packages/airflow/example_dags/plugins/listener_plugin.py
[2023-12-17T08:23:08.518+0700] {processor.py:841} WARNING - No viable dags retrieved from /home/phuc/Practice/DataScience/DSProject/venv/lib/python3.10/site-packages/airflow/example_dags/plugins/listener_plugin.py
[2023-12-17T08:23:08.526+0700] {processor.py:179} INFO - Processing /home/phuc/Practice/DataScience/DSProject/venv/lib/python3.10/site-packages/airflow/example_dags/plugins/listener_plugin.py took 0.023 seconds
[2023-12-17T08:23:54.378+0700] {processor.py:157} INFO - Started process (PID=319665) to work on /home/phuc/Practice/DataScience/DSProject/venv/lib/python3.10/site-packages/airflow/example_dags/plugins/listener_plugin.py
[2023-12-17T08:23:54.385+0700] {processor.py:829} INFO - Processing file /home/phuc/Practice/DataScience/DSProject/venv/lib/python3.10/site-packages/airflow/example_dags/plugins/listener_plugin.py for tasks to queue
[2023-12-17T08:23:54.386+0700] {logging_mixin.py:154} INFO - [2023-12-17T08:23:54.385+0700] {dagbag.py:536} INFO - Filling up the DagBag from /home/phuc/Practice/DataScience/DSProject/venv/lib/python3.10/site-packages/airflow/example_dags/plugins/listener_plugin.py
[2023-12-17T08:23:54.390+0700] {processor.py:841} WARNING - No viable dags retrieved from /home/phuc/Practice/DataScience/DSProject/venv/lib/python3.10/site-packages/airflow/example_dags/plugins/listener_plugin.py
[2023-12-17T08:23:54.398+0700] {processor.py:179} INFO - Processing /home/phuc/Practice/DataScience/DSProject/venv/lib/python3.10/site-packages/airflow/example_dags/plugins/listener_plugin.py took 0.023 seconds
[2023-12-17T08:24:47.858+0700] {processor.py:157} INFO - Started process (PID=319918) to work on /home/phuc/Practice/DataScience/DSProject/venv/lib/python3.10/site-packages/airflow/example_dags/plugins/listener_plugin.py
[2023-12-17T08:24:47.865+0700] {processor.py:829} INFO - Processing file /home/phuc/Practice/DataScience/DSProject/venv/lib/python3.10/site-packages/airflow/example_dags/plugins/listener_plugin.py for tasks to queue
[2023-12-17T08:24:47.867+0700] {logging_mixin.py:154} INFO - [2023-12-17T08:24:47.866+0700] {dagbag.py:536} INFO - Filling up the DagBag from /home/phuc/Practice/DataScience/DSProject/venv/lib/python3.10/site-packages/airflow/example_dags/plugins/listener_plugin.py
[2023-12-17T08:24:47.871+0700] {processor.py:841} WARNING - No viable dags retrieved from /home/phuc/Practice/DataScience/DSProject/venv/lib/python3.10/site-packages/airflow/example_dags/plugins/listener_plugin.py
[2023-12-17T08:24:47.883+0700] {processor.py:179} INFO - Processing /home/phuc/Practice/DataScience/DSProject/venv/lib/python3.10/site-packages/airflow/example_dags/plugins/listener_plugin.py took 0.028 seconds
[2023-12-17T08:25:43.183+0700] {processor.py:157} INFO - Started process (PID=320167) to work on /home/phuc/Practice/DataScience/DSProject/venv/lib/python3.10/site-packages/airflow/example_dags/plugins/listener_plugin.py
[2023-12-17T08:25:43.190+0700] {processor.py:829} INFO - Processing file /home/phuc/Practice/DataScience/DSProject/venv/lib/python3.10/site-packages/airflow/example_dags/plugins/listener_plugin.py for tasks to queue
[2023-12-17T08:25:43.191+0700] {logging_mixin.py:154} INFO - [2023-12-17T08:25:43.190+0700] {dagbag.py:536} INFO - Filling up the DagBag from /home/phuc/Practice/DataScience/DSProject/venv/lib/python3.10/site-packages/airflow/example_dags/plugins/listener_plugin.py
[2023-12-17T08:25:43.196+0700] {processor.py:841} WARNING - No viable dags retrieved from /home/phuc/Practice/DataScience/DSProject/venv/lib/python3.10/site-packages/airflow/example_dags/plugins/listener_plugin.py
[2023-12-17T08:25:43.208+0700] {processor.py:179} INFO - Processing /home/phuc/Practice/DataScience/DSProject/venv/lib/python3.10/site-packages/airflow/example_dags/plugins/listener_plugin.py took 0.028 seconds
[2023-12-17T08:26:30.669+0700] {processor.py:157} INFO - Started process (PID=320374) to work on /home/phuc/Practice/DataScience/DSProject/venv/lib/python3.10/site-packages/airflow/example_dags/plugins/listener_plugin.py
[2023-12-17T08:26:30.676+0700] {processor.py:829} INFO - Processing file /home/phuc/Practice/DataScience/DSProject/venv/lib/python3.10/site-packages/airflow/example_dags/plugins/listener_plugin.py for tasks to queue
[2023-12-17T08:26:30.677+0700] {logging_mixin.py:154} INFO - [2023-12-17T08:26:30.676+0700] {dagbag.py:536} INFO - Filling up the DagBag from /home/phuc/Practice/DataScience/DSProject/venv/lib/python3.10/site-packages/airflow/example_dags/plugins/listener_plugin.py
[2023-12-17T08:26:30.679+0700] {processor.py:841} WARNING - No viable dags retrieved from /home/phuc/Practice/DataScience/DSProject/venv/lib/python3.10/site-packages/airflow/example_dags/plugins/listener_plugin.py
[2023-12-17T08:26:30.689+0700] {processor.py:179} INFO - Processing /home/phuc/Practice/DataScience/DSProject/venv/lib/python3.10/site-packages/airflow/example_dags/plugins/listener_plugin.py took 0.023 seconds
[2023-12-17T08:27:22.203+0700] {processor.py:157} INFO - Started process (PID=320673) to work on /home/phuc/Practice/DataScience/DSProject/venv/lib/python3.10/site-packages/airflow/example_dags/plugins/listener_plugin.py
[2023-12-17T08:27:22.210+0700] {processor.py:829} INFO - Processing file /home/phuc/Practice/DataScience/DSProject/venv/lib/python3.10/site-packages/airflow/example_dags/plugins/listener_plugin.py for tasks to queue
[2023-12-17T08:27:22.211+0700] {logging_mixin.py:154} INFO - [2023-12-17T08:27:22.211+0700] {dagbag.py:536} INFO - Filling up the DagBag from /home/phuc/Practice/DataScience/DSProject/venv/lib/python3.10/site-packages/airflow/example_dags/plugins/listener_plugin.py
[2023-12-17T08:27:22.213+0700] {processor.py:841} WARNING - No viable dags retrieved from /home/phuc/Practice/DataScience/DSProject/venv/lib/python3.10/site-packages/airflow/example_dags/plugins/listener_plugin.py
[2023-12-17T08:27:22.221+0700] {processor.py:179} INFO - Processing /home/phuc/Practice/DataScience/DSProject/venv/lib/python3.10/site-packages/airflow/example_dags/plugins/listener_plugin.py took 0.020 seconds
[2023-12-17T08:28:11.664+0700] {processor.py:157} INFO - Started process (PID=320891) to work on /home/phuc/Practice/DataScience/DSProject/venv/lib/python3.10/site-packages/airflow/example_dags/plugins/listener_plugin.py
[2023-12-17T08:28:11.671+0700] {processor.py:829} INFO - Processing file /home/phuc/Practice/DataScience/DSProject/venv/lib/python3.10/site-packages/airflow/example_dags/plugins/listener_plugin.py for tasks to queue
[2023-12-17T08:28:11.672+0700] {logging_mixin.py:154} INFO - [2023-12-17T08:28:11.671+0700] {dagbag.py:536} INFO - Filling up the DagBag from /home/phuc/Practice/DataScience/DSProject/venv/lib/python3.10/site-packages/airflow/example_dags/plugins/listener_plugin.py
[2023-12-17T08:28:11.676+0700] {processor.py:841} WARNING - No viable dags retrieved from /home/phuc/Practice/DataScience/DSProject/venv/lib/python3.10/site-packages/airflow/example_dags/plugins/listener_plugin.py
[2023-12-17T08:28:11.687+0700] {processor.py:179} INFO - Processing /home/phuc/Practice/DataScience/DSProject/venv/lib/python3.10/site-packages/airflow/example_dags/plugins/listener_plugin.py took 0.027 seconds
[2023-12-17T08:28:58.722+0700] {processor.py:157} INFO - Started process (PID=321094) to work on /home/phuc/Practice/DataScience/DSProject/venv/lib/python3.10/site-packages/airflow/example_dags/plugins/listener_plugin.py
[2023-12-17T08:28:58.729+0700] {processor.py:829} INFO - Processing file /home/phuc/Practice/DataScience/DSProject/venv/lib/python3.10/site-packages/airflow/example_dags/plugins/listener_plugin.py for tasks to queue
[2023-12-17T08:28:58.730+0700] {logging_mixin.py:154} INFO - [2023-12-17T08:28:58.730+0700] {dagbag.py:536} INFO - Filling up the DagBag from /home/phuc/Practice/DataScience/DSProject/venv/lib/python3.10/site-packages/airflow/example_dags/plugins/listener_plugin.py
[2023-12-17T08:28:58.735+0700] {processor.py:841} WARNING - No viable dags retrieved from /home/phuc/Practice/DataScience/DSProject/venv/lib/python3.10/site-packages/airflow/example_dags/plugins/listener_plugin.py
[2023-12-17T08:28:58.741+0700] {processor.py:179} INFO - Processing /home/phuc/Practice/DataScience/DSProject/venv/lib/python3.10/site-packages/airflow/example_dags/plugins/listener_plugin.py took 0.021 seconds
[2023-12-17T08:29:50.152+0700] {processor.py:157} INFO - Started process (PID=321320) to work on /home/phuc/Practice/DataScience/DSProject/venv/lib/python3.10/site-packages/airflow/example_dags/plugins/listener_plugin.py
[2023-12-17T08:29:50.159+0700] {processor.py:829} INFO - Processing file /home/phuc/Practice/DataScience/DSProject/venv/lib/python3.10/site-packages/airflow/example_dags/plugins/listener_plugin.py for tasks to queue
[2023-12-17T08:29:50.160+0700] {logging_mixin.py:154} INFO - [2023-12-17T08:29:50.160+0700] {dagbag.py:536} INFO - Filling up the DagBag from /home/phuc/Practice/DataScience/DSProject/venv/lib/python3.10/site-packages/airflow/example_dags/plugins/listener_plugin.py
[2023-12-17T08:29:50.165+0700] {processor.py:841} WARNING - No viable dags retrieved from /home/phuc/Practice/DataScience/DSProject/venv/lib/python3.10/site-packages/airflow/example_dags/plugins/listener_plugin.py
[2023-12-17T08:29:50.176+0700] {processor.py:179} INFO - Processing /home/phuc/Practice/DataScience/DSProject/venv/lib/python3.10/site-packages/airflow/example_dags/plugins/listener_plugin.py took 0.026 seconds
[2023-12-17T08:30:41.570+0700] {processor.py:157} INFO - Started process (PID=321595) to work on /home/phuc/Practice/DataScience/DSProject/venv/lib/python3.10/site-packages/airflow/example_dags/plugins/listener_plugin.py
[2023-12-17T08:30:41.577+0700] {processor.py:829} INFO - Processing file /home/phuc/Practice/DataScience/DSProject/venv/lib/python3.10/site-packages/airflow/example_dags/plugins/listener_plugin.py for tasks to queue
[2023-12-17T08:30:41.578+0700] {logging_mixin.py:154} INFO - [2023-12-17T08:30:41.578+0700] {dagbag.py:536} INFO - Filling up the DagBag from /home/phuc/Practice/DataScience/DSProject/venv/lib/python3.10/site-packages/airflow/example_dags/plugins/listener_plugin.py
[2023-12-17T08:30:41.583+0700] {processor.py:841} WARNING - No viable dags retrieved from /home/phuc/Practice/DataScience/DSProject/venv/lib/python3.10/site-packages/airflow/example_dags/plugins/listener_plugin.py
[2023-12-17T08:30:41.593+0700] {processor.py:179} INFO - Processing /home/phuc/Practice/DataScience/DSProject/venv/lib/python3.10/site-packages/airflow/example_dags/plugins/listener_plugin.py took 0.028 seconds
[2023-12-17T08:31:32.719+0700] {processor.py:157} INFO - Started process (PID=321952) to work on /home/phuc/Practice/DataScience/DSProject/venv/lib/python3.10/site-packages/airflow/example_dags/plugins/listener_plugin.py
[2023-12-17T08:31:32.726+0700] {processor.py:829} INFO - Processing file /home/phuc/Practice/DataScience/DSProject/venv/lib/python3.10/site-packages/airflow/example_dags/plugins/listener_plugin.py for tasks to queue
[2023-12-17T08:31:32.728+0700] {logging_mixin.py:154} INFO - [2023-12-17T08:31:32.727+0700] {dagbag.py:536} INFO - Filling up the DagBag from /home/phuc/Practice/DataScience/DSProject/venv/lib/python3.10/site-packages/airflow/example_dags/plugins/listener_plugin.py
[2023-12-17T08:31:32.732+0700] {processor.py:841} WARNING - No viable dags retrieved from /home/phuc/Practice/DataScience/DSProject/venv/lib/python3.10/site-packages/airflow/example_dags/plugins/listener_plugin.py
[2023-12-17T08:31:32.744+0700] {processor.py:179} INFO - Processing /home/phuc/Practice/DataScience/DSProject/venv/lib/python3.10/site-packages/airflow/example_dags/plugins/listener_plugin.py took 0.028 seconds
[2023-12-17T08:32:54.908+0700] {processor.py:157} INFO - Started process (PID=323032) to work on /home/phuc/Practice/DataScience/DSProject/venv/lib/python3.10/site-packages/airflow/example_dags/plugins/listener_plugin.py
[2023-12-17T08:32:54.914+0700] {processor.py:829} INFO - Processing file /home/phuc/Practice/DataScience/DSProject/venv/lib/python3.10/site-packages/airflow/example_dags/plugins/listener_plugin.py for tasks to queue
[2023-12-17T08:32:54.916+0700] {logging_mixin.py:154} INFO - [2023-12-17T08:32:54.915+0700] {dagbag.py:536} INFO - Filling up the DagBag from /home/phuc/Practice/DataScience/DSProject/venv/lib/python3.10/site-packages/airflow/example_dags/plugins/listener_plugin.py
[2023-12-17T08:32:54.920+0700] {processor.py:841} WARNING - No viable dags retrieved from /home/phuc/Practice/DataScience/DSProject/venv/lib/python3.10/site-packages/airflow/example_dags/plugins/listener_plugin.py
[2023-12-17T08:32:54.932+0700] {processor.py:179} INFO - Processing /home/phuc/Practice/DataScience/DSProject/venv/lib/python3.10/site-packages/airflow/example_dags/plugins/listener_plugin.py took 0.028 seconds
[2023-12-17T08:33:41.214+0700] {processor.py:157} INFO - Started process (PID=323253) to work on /home/phuc/Practice/DataScience/DSProject/venv/lib/python3.10/site-packages/airflow/example_dags/plugins/listener_plugin.py
[2023-12-17T08:33:41.221+0700] {processor.py:829} INFO - Processing file /home/phuc/Practice/DataScience/DSProject/venv/lib/python3.10/site-packages/airflow/example_dags/plugins/listener_plugin.py for tasks to queue
[2023-12-17T08:33:41.223+0700] {logging_mixin.py:154} INFO - [2023-12-17T08:33:41.222+0700] {dagbag.py:536} INFO - Filling up the DagBag from /home/phuc/Practice/DataScience/DSProject/venv/lib/python3.10/site-packages/airflow/example_dags/plugins/listener_plugin.py
[2023-12-17T08:33:41.227+0700] {processor.py:841} WARNING - No viable dags retrieved from /home/phuc/Practice/DataScience/DSProject/venv/lib/python3.10/site-packages/airflow/example_dags/plugins/listener_plugin.py
[2023-12-17T08:33:41.238+0700] {processor.py:179} INFO - Processing /home/phuc/Practice/DataScience/DSProject/venv/lib/python3.10/site-packages/airflow/example_dags/plugins/listener_plugin.py took 0.025 seconds
[2023-12-17T08:34:29.771+0700] {processor.py:157} INFO - Started process (PID=323645) to work on /home/phuc/Practice/DataScience/DSProject/venv/lib/python3.10/site-packages/airflow/example_dags/plugins/listener_plugin.py
[2023-12-17T08:34:29.778+0700] {processor.py:829} INFO - Processing file /home/phuc/Practice/DataScience/DSProject/venv/lib/python3.10/site-packages/airflow/example_dags/plugins/listener_plugin.py for tasks to queue
[2023-12-17T08:34:29.779+0700] {logging_mixin.py:154} INFO - [2023-12-17T08:34:29.779+0700] {dagbag.py:536} INFO - Filling up the DagBag from /home/phuc/Practice/DataScience/DSProject/venv/lib/python3.10/site-packages/airflow/example_dags/plugins/listener_plugin.py
[2023-12-17T08:34:29.784+0700] {processor.py:841} WARNING - No viable dags retrieved from /home/phuc/Practice/DataScience/DSProject/venv/lib/python3.10/site-packages/airflow/example_dags/plugins/listener_plugin.py
[2023-12-17T08:34:29.795+0700] {processor.py:179} INFO - Processing /home/phuc/Practice/DataScience/DSProject/venv/lib/python3.10/site-packages/airflow/example_dags/plugins/listener_plugin.py took 0.027 seconds
[2023-12-17T08:35:24.107+0700] {processor.py:157} INFO - Started process (PID=324064) to work on /home/phuc/Practice/DataScience/DSProject/venv/lib/python3.10/site-packages/airflow/example_dags/plugins/listener_plugin.py
[2023-12-17T08:35:24.108+0700] {processor.py:829} INFO - Processing file /home/phuc/Practice/DataScience/DSProject/venv/lib/python3.10/site-packages/airflow/example_dags/plugins/listener_plugin.py for tasks to queue
[2023-12-17T08:35:24.108+0700] {logging_mixin.py:154} INFO - [2023-12-17T08:35:24.108+0700] {dagbag.py:536} INFO - Filling up the DagBag from /home/phuc/Practice/DataScience/DSProject/venv/lib/python3.10/site-packages/airflow/example_dags/plugins/listener_plugin.py
[2023-12-17T08:35:24.110+0700] {processor.py:841} WARNING - No viable dags retrieved from /home/phuc/Practice/DataScience/DSProject/venv/lib/python3.10/site-packages/airflow/example_dags/plugins/listener_plugin.py
[2023-12-17T08:35:24.117+0700] {processor.py:179} INFO - Processing /home/phuc/Practice/DataScience/DSProject/venv/lib/python3.10/site-packages/airflow/example_dags/plugins/listener_plugin.py took 0.012 seconds
