[2023-12-17T08:03:39.550+0700] {processor.py:157} INFO - Started process (PID=309896) to work on /home/phuc/Practice/DataScience/DSProject/venv/lib/python3.10/site-packages/airflow/example_dags/plugins/workday.py
[2023-12-17T08:03:39.551+0700] {processor.py:829} INFO - Processing file /home/phuc/Practice/DataScience/DSProject/venv/lib/python3.10/site-packages/airflow/example_dags/plugins/workday.py for tasks to queue
[2023-12-17T08:03:39.551+0700] {logging_mixin.py:154} INFO - [2023-12-17T08:03:39.551+0700] {dagbag.py:536} INFO - Filling up the DagBag from /home/phuc/Practice/DataScience/DSProject/venv/lib/python3.10/site-packages/airflow/example_dags/plugins/workday.py
[2023-12-17T08:03:39.553+0700] {logging_mixin.py:154} INFO - [2023-12-17T08:03:39.553+0700] {workday.py:36} WARNING - Could not import pandas. Holidays will not be considered.
[2023-12-17T08:03:39.553+0700] {processor.py:841} WARNING - No viable dags retrieved from /home/phuc/Practice/DataScience/DSProject/venv/lib/python3.10/site-packages/airflow/example_dags/plugins/workday.py
[2023-12-17T08:03:39.559+0700] {processor.py:179} INFO - Processing /home/phuc/Practice/DataScience/DSProject/venv/lib/python3.10/site-packages/airflow/example_dags/plugins/workday.py took 0.011 seconds
[2023-12-17T08:05:54.301+0700] {processor.py:157} INFO - Started process (PID=311169) to work on /home/phuc/Practice/DataScience/DSProject/venv/lib/python3.10/site-packages/airflow/example_dags/plugins/workday.py
[2023-12-17T08:05:54.308+0700] {processor.py:829} INFO - Processing file /home/phuc/Practice/DataScience/DSProject/venv/lib/python3.10/site-packages/airflow/example_dags/plugins/workday.py for tasks to queue
[2023-12-17T08:05:54.309+0700] {logging_mixin.py:154} INFO - [2023-12-17T08:05:54.309+0700] {dagbag.py:536} INFO - Filling up the DagBag from /home/phuc/Practice/DataScience/DSProject/venv/lib/python3.10/site-packages/airflow/example_dags/plugins/workday.py
[2023-12-17T08:05:54.311+0700] {logging_mixin.py:154} INFO - [2023-12-17T08:05:54.311+0700] {workday.py:36} WARNING - Could not import pandas. Holidays will not be considered.
[2023-12-17T08:05:54.312+0700] {processor.py:841} WARNING - No viable dags retrieved from /home/phuc/Practice/DataScience/DSProject/venv/lib/python3.10/site-packages/airflow/example_dags/plugins/workday.py
[2023-12-17T08:05:54.319+0700] {processor.py:179} INFO - Processing /home/phuc/Practice/DataScience/DSProject/venv/lib/python3.10/site-packages/airflow/example_dags/plugins/workday.py took 0.020 seconds
[2023-12-17T08:06:43.495+0700] {processor.py:157} INFO - Started process (PID=311695) to work on /home/phuc/Practice/DataScience/DSProject/venv/lib/python3.10/site-packages/airflow/example_dags/plugins/workday.py
[2023-12-17T08:06:43.496+0700] {processor.py:829} INFO - Processing file /home/phuc/Practice/DataScience/DSProject/venv/lib/python3.10/site-packages/airflow/example_dags/plugins/workday.py for tasks to queue
[2023-12-17T08:06:43.496+0700] {logging_mixin.py:154} INFO - [2023-12-17T08:06:43.496+0700] {dagbag.py:536} INFO - Filling up the DagBag from /home/phuc/Practice/DataScience/DSProject/venv/lib/python3.10/site-packages/airflow/example_dags/plugins/workday.py
[2023-12-17T08:06:43.499+0700] {logging_mixin.py:154} INFO - [2023-12-17T08:06:43.499+0700] {workday.py:36} WARNING - Could not import pandas. Holidays will not be considered.
[2023-12-17T08:06:43.499+0700] {processor.py:841} WARNING - No viable dags retrieved from /home/phuc/Practice/DataScience/DSProject/venv/lib/python3.10/site-packages/airflow/example_dags/plugins/workday.py
[2023-12-17T08:06:43.508+0700] {processor.py:179} INFO - Processing /home/phuc/Practice/DataScience/DSProject/venv/lib/python3.10/site-packages/airflow/example_dags/plugins/workday.py took 0.016 seconds
[2023-12-17T08:08:15.589+0700] {processor.py:157} INFO - Started process (PID=313037) to work on /home/phuc/Practice/DataScience/DSProject/venv/lib/python3.10/site-packages/airflow/example_dags/plugins/workday.py
[2023-12-17T08:08:15.596+0700] {processor.py:829} INFO - Processing file /home/phuc/Practice/DataScience/DSProject/venv/lib/python3.10/site-packages/airflow/example_dags/plugins/workday.py for tasks to queue
[2023-12-17T08:08:15.597+0700] {logging_mixin.py:154} INFO - [2023-12-17T08:08:15.597+0700] {dagbag.py:536} INFO - Filling up the DagBag from /home/phuc/Practice/DataScience/DSProject/venv/lib/python3.10/site-packages/airflow/example_dags/plugins/workday.py
[2023-12-17T08:08:15.602+0700] {logging_mixin.py:154} INFO - [2023-12-17T08:08:15.601+0700] {workday.py:36} WARNING - Could not import pandas. Holidays will not be considered.
[2023-12-17T08:08:15.602+0700] {processor.py:841} WARNING - No viable dags retrieved from /home/phuc/Practice/DataScience/DSProject/venv/lib/python3.10/site-packages/airflow/example_dags/plugins/workday.py
[2023-12-17T08:08:15.613+0700] {processor.py:179} INFO - Processing /home/phuc/Practice/DataScience/DSProject/venv/lib/python3.10/site-packages/airflow/example_dags/plugins/workday.py took 0.027 seconds
[2023-12-17T08:09:12.438+0700] {processor.py:157} INFO - Started process (PID=313402) to work on /home/phuc/Practice/DataScience/DSProject/venv/lib/python3.10/site-packages/airflow/example_dags/plugins/workday.py
[2023-12-17T08:09:12.445+0700] {processor.py:829} INFO - Processing file /home/phuc/Practice/DataScience/DSProject/venv/lib/python3.10/site-packages/airflow/example_dags/plugins/workday.py for tasks to queue
[2023-12-17T08:09:12.446+0700] {logging_mixin.py:154} INFO - [2023-12-17T08:09:12.445+0700] {dagbag.py:536} INFO - Filling up the DagBag from /home/phuc/Practice/DataScience/DSProject/venv/lib/python3.10/site-packages/airflow/example_dags/plugins/workday.py
[2023-12-17T08:09:12.450+0700] {logging_mixin.py:154} INFO - [2023-12-17T08:09:12.450+0700] {workday.py:36} WARNING - Could not import pandas. Holidays will not be considered.
[2023-12-17T08:09:12.451+0700] {processor.py:841} WARNING - No viable dags retrieved from /home/phuc/Practice/DataScience/DSProject/venv/lib/python3.10/site-packages/airflow/example_dags/plugins/workday.py
[2023-12-17T08:09:12.462+0700] {processor.py:179} INFO - Processing /home/phuc/Practice/DataScience/DSProject/venv/lib/python3.10/site-packages/airflow/example_dags/plugins/workday.py took 0.026 seconds
[2023-12-17T08:09:58.782+0700] {processor.py:157} INFO - Started process (PID=313721) to work on /home/phuc/Practice/DataScience/DSProject/venv/lib/python3.10/site-packages/airflow/example_dags/plugins/workday.py
[2023-12-17T08:09:58.783+0700] {processor.py:829} INFO - Processing file /home/phuc/Practice/DataScience/DSProject/venv/lib/python3.10/site-packages/airflow/example_dags/plugins/workday.py for tasks to queue
[2023-12-17T08:09:58.784+0700] {logging_mixin.py:154} INFO - [2023-12-17T08:09:58.783+0700] {dagbag.py:536} INFO - Filling up the DagBag from /home/phuc/Practice/DataScience/DSProject/venv/lib/python3.10/site-packages/airflow/example_dags/plugins/workday.py
[2023-12-17T08:09:58.787+0700] {logging_mixin.py:154} INFO - [2023-12-17T08:09:58.786+0700] {workday.py:36} WARNING - Could not import pandas. Holidays will not be considered.
[2023-12-17T08:09:58.787+0700] {processor.py:841} WARNING - No viable dags retrieved from /home/phuc/Practice/DataScience/DSProject/venv/lib/python3.10/site-packages/airflow/example_dags/plugins/workday.py
[2023-12-17T08:09:58.795+0700] {processor.py:179} INFO - Processing /home/phuc/Practice/DataScience/DSProject/venv/lib/python3.10/site-packages/airflow/example_dags/plugins/workday.py took 0.016 seconds
[2023-12-17T08:10:50.396+0700] {processor.py:157} INFO - Started process (PID=313967) to work on /home/phuc/Practice/DataScience/DSProject/venv/lib/python3.10/site-packages/airflow/example_dags/plugins/workday.py
[2023-12-17T08:10:50.403+0700] {processor.py:829} INFO - Processing file /home/phuc/Practice/DataScience/DSProject/venv/lib/python3.10/site-packages/airflow/example_dags/plugins/workday.py for tasks to queue
[2023-12-17T08:10:50.405+0700] {logging_mixin.py:154} INFO - [2023-12-17T08:10:50.404+0700] {dagbag.py:536} INFO - Filling up the DagBag from /home/phuc/Practice/DataScience/DSProject/venv/lib/python3.10/site-packages/airflow/example_dags/plugins/workday.py
[2023-12-17T08:10:50.409+0700] {logging_mixin.py:154} INFO - [2023-12-17T08:10:50.409+0700] {workday.py:36} WARNING - Could not import pandas. Holidays will not be considered.
[2023-12-17T08:10:50.410+0700] {processor.py:841} WARNING - No viable dags retrieved from /home/phuc/Practice/DataScience/DSProject/venv/lib/python3.10/site-packages/airflow/example_dags/plugins/workday.py
[2023-12-17T08:10:50.420+0700] {processor.py:179} INFO - Processing /home/phuc/Practice/DataScience/DSProject/venv/lib/python3.10/site-packages/airflow/example_dags/plugins/workday.py took 0.027 seconds
[2023-12-17T08:11:38.602+0700] {processor.py:157} INFO - Started process (PID=314174) to work on /home/phuc/Practice/DataScience/DSProject/venv/lib/python3.10/site-packages/airflow/example_dags/plugins/workday.py
[2023-12-17T08:11:38.609+0700] {processor.py:829} INFO - Processing file /home/phuc/Practice/DataScience/DSProject/venv/lib/python3.10/site-packages/airflow/example_dags/plugins/workday.py for tasks to queue
[2023-12-17T08:11:38.610+0700] {logging_mixin.py:154} INFO - [2023-12-17T08:11:38.609+0700] {dagbag.py:536} INFO - Filling up the DagBag from /home/phuc/Practice/DataScience/DSProject/venv/lib/python3.10/site-packages/airflow/example_dags/plugins/workday.py
[2023-12-17T08:11:38.613+0700] {logging_mixin.py:154} INFO - [2023-12-17T08:11:38.613+0700] {workday.py:36} WARNING - Could not import pandas. Holidays will not be considered.
[2023-12-17T08:11:38.613+0700] {processor.py:841} WARNING - No viable dags retrieved from /home/phuc/Practice/DataScience/DSProject/venv/lib/python3.10/site-packages/airflow/example_dags/plugins/workday.py
[2023-12-17T08:11:38.623+0700] {processor.py:179} INFO - Processing /home/phuc/Practice/DataScience/DSProject/venv/lib/python3.10/site-packages/airflow/example_dags/plugins/workday.py took 0.025 seconds
[2023-12-17T08:12:30.122+0700] {processor.py:157} INFO - Started process (PID=314449) to work on /home/phuc/Practice/DataScience/DSProject/venv/lib/python3.10/site-packages/airflow/example_dags/plugins/workday.py
[2023-12-17T08:12:30.129+0700] {processor.py:829} INFO - Processing file /home/phuc/Practice/DataScience/DSProject/venv/lib/python3.10/site-packages/airflow/example_dags/plugins/workday.py for tasks to queue
[2023-12-17T08:12:30.131+0700] {logging_mixin.py:154} INFO - [2023-12-17T08:12:30.130+0700] {dagbag.py:536} INFO - Filling up the DagBag from /home/phuc/Practice/DataScience/DSProject/venv/lib/python3.10/site-packages/airflow/example_dags/plugins/workday.py
[2023-12-17T08:12:30.135+0700] {logging_mixin.py:154} INFO - [2023-12-17T08:12:30.135+0700] {workday.py:36} WARNING - Could not import pandas. Holidays will not be considered.
[2023-12-17T08:12:30.136+0700] {processor.py:841} WARNING - No viable dags retrieved from /home/phuc/Practice/DataScience/DSProject/venv/lib/python3.10/site-packages/airflow/example_dags/plugins/workday.py
[2023-12-17T08:12:30.146+0700] {processor.py:179} INFO - Processing /home/phuc/Practice/DataScience/DSProject/venv/lib/python3.10/site-packages/airflow/example_dags/plugins/workday.py took 0.028 seconds
[2023-12-17T08:13:16.955+0700] {processor.py:157} INFO - Started process (PID=314682) to work on /home/phuc/Practice/DataScience/DSProject/venv/lib/python3.10/site-packages/airflow/example_dags/plugins/workday.py
[2023-12-17T08:13:16.962+0700] {processor.py:829} INFO - Processing file /home/phuc/Practice/DataScience/DSProject/venv/lib/python3.10/site-packages/airflow/example_dags/plugins/workday.py for tasks to queue
[2023-12-17T08:13:16.963+0700] {logging_mixin.py:154} INFO - [2023-12-17T08:13:16.962+0700] {dagbag.py:536} INFO - Filling up the DagBag from /home/phuc/Practice/DataScience/DSProject/venv/lib/python3.10/site-packages/airflow/example_dags/plugins/workday.py
[2023-12-17T08:13:16.964+0700] {logging_mixin.py:154} INFO - [2023-12-17T08:13:16.964+0700] {workday.py:36} WARNING - Could not import pandas. Holidays will not be considered.
[2023-12-17T08:13:16.965+0700] {processor.py:841} WARNING - No viable dags retrieved from /home/phuc/Practice/DataScience/DSProject/venv/lib/python3.10/site-packages/airflow/example_dags/plugins/workday.py
[2023-12-17T08:13:16.971+0700] {processor.py:179} INFO - Processing /home/phuc/Practice/DataScience/DSProject/venv/lib/python3.10/site-packages/airflow/example_dags/plugins/workday.py took 0.019 seconds
[2023-12-17T08:14:03.137+0700] {processor.py:157} INFO - Started process (PID=314914) to work on /home/phuc/Practice/DataScience/DSProject/venv/lib/python3.10/site-packages/airflow/example_dags/plugins/workday.py
[2023-12-17T08:14:03.144+0700] {processor.py:829} INFO - Processing file /home/phuc/Practice/DataScience/DSProject/venv/lib/python3.10/site-packages/airflow/example_dags/plugins/workday.py for tasks to queue
[2023-12-17T08:14:03.146+0700] {logging_mixin.py:154} INFO - [2023-12-17T08:14:03.145+0700] {dagbag.py:536} INFO - Filling up the DagBag from /home/phuc/Practice/DataScience/DSProject/venv/lib/python3.10/site-packages/airflow/example_dags/plugins/workday.py
[2023-12-17T08:14:03.150+0700] {logging_mixin.py:154} INFO - [2023-12-17T08:14:03.150+0700] {workday.py:36} WARNING - Could not import pandas. Holidays will not be considered.
[2023-12-17T08:14:03.151+0700] {processor.py:841} WARNING - No viable dags retrieved from /home/phuc/Practice/DataScience/DSProject/venv/lib/python3.10/site-packages/airflow/example_dags/plugins/workday.py
[2023-12-17T08:14:03.161+0700] {processor.py:179} INFO - Processing /home/phuc/Practice/DataScience/DSProject/venv/lib/python3.10/site-packages/airflow/example_dags/plugins/workday.py took 0.029 seconds
[2023-12-17T08:14:54.969+0700] {processor.py:157} INFO - Started process (PID=315135) to work on /home/phuc/Practice/DataScience/DSProject/venv/lib/python3.10/site-packages/airflow/example_dags/plugins/workday.py
[2023-12-17T08:14:54.976+0700] {processor.py:829} INFO - Processing file /home/phuc/Practice/DataScience/DSProject/venv/lib/python3.10/site-packages/airflow/example_dags/plugins/workday.py for tasks to queue
[2023-12-17T08:14:54.977+0700] {logging_mixin.py:154} INFO - [2023-12-17T08:14:54.976+0700] {dagbag.py:536} INFO - Filling up the DagBag from /home/phuc/Practice/DataScience/DSProject/venv/lib/python3.10/site-packages/airflow/example_dags/plugins/workday.py
[2023-12-17T08:14:54.982+0700] {logging_mixin.py:154} INFO - [2023-12-17T08:14:54.981+0700] {workday.py:36} WARNING - Could not import pandas. Holidays will not be considered.
[2023-12-17T08:14:54.982+0700] {processor.py:841} WARNING - No viable dags retrieved from /home/phuc/Practice/DataScience/DSProject/venv/lib/python3.10/site-packages/airflow/example_dags/plugins/workday.py
[2023-12-17T08:14:54.993+0700] {processor.py:179} INFO - Processing /home/phuc/Practice/DataScience/DSProject/venv/lib/python3.10/site-packages/airflow/example_dags/plugins/workday.py took 0.027 seconds
[2023-12-17T08:15:48.293+0700] {processor.py:157} INFO - Started process (PID=315364) to work on /home/phuc/Practice/DataScience/DSProject/venv/lib/python3.10/site-packages/airflow/example_dags/plugins/workday.py
[2023-12-17T08:15:48.300+0700] {processor.py:829} INFO - Processing file /home/phuc/Practice/DataScience/DSProject/venv/lib/python3.10/site-packages/airflow/example_dags/plugins/workday.py for tasks to queue
[2023-12-17T08:15:48.301+0700] {logging_mixin.py:154} INFO - [2023-12-17T08:15:48.300+0700] {dagbag.py:536} INFO - Filling up the DagBag from /home/phuc/Practice/DataScience/DSProject/venv/lib/python3.10/site-packages/airflow/example_dags/plugins/workday.py
[2023-12-17T08:15:48.304+0700] {logging_mixin.py:154} INFO - [2023-12-17T08:15:48.304+0700] {workday.py:36} WARNING - Could not import pandas. Holidays will not be considered.
[2023-12-17T08:15:48.304+0700] {processor.py:841} WARNING - No viable dags retrieved from /home/phuc/Practice/DataScience/DSProject/venv/lib/python3.10/site-packages/airflow/example_dags/plugins/workday.py
[2023-12-17T08:15:48.314+0700] {processor.py:179} INFO - Processing /home/phuc/Practice/DataScience/DSProject/venv/lib/python3.10/site-packages/airflow/example_dags/plugins/workday.py took 0.024 seconds
[2023-12-17T08:18:09.563+0700] {processor.py:157} INFO - Started process (PID=316485) to work on /home/phuc/Practice/DataScience/DSProject/venv/lib/python3.10/site-packages/airflow/example_dags/plugins/workday.py
[2023-12-17T08:18:09.570+0700] {processor.py:829} INFO - Processing file /home/phuc/Practice/DataScience/DSProject/venv/lib/python3.10/site-packages/airflow/example_dags/plugins/workday.py for tasks to queue
[2023-12-17T08:18:09.570+0700] {logging_mixin.py:154} INFO - [2023-12-17T08:18:09.570+0700] {dagbag.py:536} INFO - Filling up the DagBag from /home/phuc/Practice/DataScience/DSProject/venv/lib/python3.10/site-packages/airflow/example_dags/plugins/workday.py
[2023-12-17T08:18:09.573+0700] {logging_mixin.py:154} INFO - [2023-12-17T08:18:09.572+0700] {workday.py:36} WARNING - Could not import pandas. Holidays will not be considered.
[2023-12-17T08:18:09.573+0700] {processor.py:841} WARNING - No viable dags retrieved from /home/phuc/Practice/DataScience/DSProject/venv/lib/python3.10/site-packages/airflow/example_dags/plugins/workday.py
[2023-12-17T08:18:09.579+0700] {processor.py:179} INFO - Processing /home/phuc/Practice/DataScience/DSProject/venv/lib/python3.10/site-packages/airflow/example_dags/plugins/workday.py took 0.019 seconds
[2023-12-17T08:19:02.074+0700] {processor.py:157} INFO - Started process (PID=316923) to work on /home/phuc/Practice/DataScience/DSProject/venv/lib/python3.10/site-packages/airflow/example_dags/plugins/workday.py
[2023-12-17T08:19:02.081+0700] {processor.py:829} INFO - Processing file /home/phuc/Practice/DataScience/DSProject/venv/lib/python3.10/site-packages/airflow/example_dags/plugins/workday.py for tasks to queue
[2023-12-17T08:19:02.083+0700] {logging_mixin.py:154} INFO - [2023-12-17T08:19:02.082+0700] {dagbag.py:536} INFO - Filling up the DagBag from /home/phuc/Practice/DataScience/DSProject/venv/lib/python3.10/site-packages/airflow/example_dags/plugins/workday.py
[2023-12-17T08:19:02.087+0700] {logging_mixin.py:154} INFO - [2023-12-17T08:19:02.087+0700] {workday.py:36} WARNING - Could not import pandas. Holidays will not be considered.
[2023-12-17T08:19:02.088+0700] {processor.py:841} WARNING - No viable dags retrieved from /home/phuc/Practice/DataScience/DSProject/venv/lib/python3.10/site-packages/airflow/example_dags/plugins/workday.py
[2023-12-17T08:19:02.098+0700] {processor.py:179} INFO - Processing /home/phuc/Practice/DataScience/DSProject/venv/lib/python3.10/site-packages/airflow/example_dags/plugins/workday.py took 0.027 seconds
[2023-12-17T08:19:49.572+0700] {processor.py:157} INFO - Started process (PID=317444) to work on /home/phuc/Practice/DataScience/DSProject/venv/lib/python3.10/site-packages/airflow/example_dags/plugins/workday.py
[2023-12-17T08:19:49.579+0700] {processor.py:829} INFO - Processing file /home/phuc/Practice/DataScience/DSProject/venv/lib/python3.10/site-packages/airflow/example_dags/plugins/workday.py for tasks to queue
[2023-12-17T08:19:49.581+0700] {logging_mixin.py:154} INFO - [2023-12-17T08:19:49.580+0700] {dagbag.py:536} INFO - Filling up the DagBag from /home/phuc/Practice/DataScience/DSProject/venv/lib/python3.10/site-packages/airflow/example_dags/plugins/workday.py
[2023-12-17T08:19:49.583+0700] {logging_mixin.py:154} INFO - [2023-12-17T08:19:49.583+0700] {workday.py:36} WARNING - Could not import pandas. Holidays will not be considered.
[2023-12-17T08:19:49.584+0700] {processor.py:841} WARNING - No viable dags retrieved from /home/phuc/Practice/DataScience/DSProject/venv/lib/python3.10/site-packages/airflow/example_dags/plugins/workday.py
[2023-12-17T08:19:49.594+0700] {processor.py:179} INFO - Processing /home/phuc/Practice/DataScience/DSProject/venv/lib/python3.10/site-packages/airflow/example_dags/plugins/workday.py took 0.025 seconds
[2023-12-17T08:20:46.093+0700] {processor.py:157} INFO - Started process (PID=318024) to work on /home/phuc/Practice/DataScience/DSProject/venv/lib/python3.10/site-packages/airflow/example_dags/plugins/workday.py
[2023-12-17T08:20:46.093+0700] {processor.py:829} INFO - Processing file /home/phuc/Practice/DataScience/DSProject/venv/lib/python3.10/site-packages/airflow/example_dags/plugins/workday.py for tasks to queue
[2023-12-17T08:20:46.094+0700] {logging_mixin.py:154} INFO - [2023-12-17T08:20:46.094+0700] {dagbag.py:536} INFO - Filling up the DagBag from /home/phuc/Practice/DataScience/DSProject/venv/lib/python3.10/site-packages/airflow/example_dags/plugins/workday.py
[2023-12-17T08:20:46.096+0700] {logging_mixin.py:154} INFO - [2023-12-17T08:20:46.096+0700] {workday.py:36} WARNING - Could not import pandas. Holidays will not be considered.
[2023-12-17T08:20:46.096+0700] {processor.py:841} WARNING - No viable dags retrieved from /home/phuc/Practice/DataScience/DSProject/venv/lib/python3.10/site-packages/airflow/example_dags/plugins/workday.py
[2023-12-17T08:20:46.105+0700] {processor.py:179} INFO - Processing /home/phuc/Practice/DataScience/DSProject/venv/lib/python3.10/site-packages/airflow/example_dags/plugins/workday.py took 0.015 seconds
[2023-12-17T08:23:10.085+0700] {processor.py:157} INFO - Started process (PID=319330) to work on /home/phuc/Practice/DataScience/DSProject/venv/lib/python3.10/site-packages/airflow/example_dags/plugins/workday.py
[2023-12-17T08:23:10.092+0700] {processor.py:829} INFO - Processing file /home/phuc/Practice/DataScience/DSProject/venv/lib/python3.10/site-packages/airflow/example_dags/plugins/workday.py for tasks to queue
[2023-12-17T08:23:10.093+0700] {logging_mixin.py:154} INFO - [2023-12-17T08:23:10.093+0700] {dagbag.py:536} INFO - Filling up the DagBag from /home/phuc/Practice/DataScience/DSProject/venv/lib/python3.10/site-packages/airflow/example_dags/plugins/workday.py
[2023-12-17T08:23:10.095+0700] {logging_mixin.py:154} INFO - [2023-12-17T08:23:10.095+0700] {workday.py:36} WARNING - Could not import pandas. Holidays will not be considered.
[2023-12-17T08:23:10.096+0700] {processor.py:841} WARNING - No viable dags retrieved from /home/phuc/Practice/DataScience/DSProject/venv/lib/python3.10/site-packages/airflow/example_dags/plugins/workday.py
[2023-12-17T08:23:10.104+0700] {processor.py:179} INFO - Processing /home/phuc/Practice/DataScience/DSProject/venv/lib/python3.10/site-packages/airflow/example_dags/plugins/workday.py took 0.021 seconds
[2023-12-17T08:23:56.549+0700] {processor.py:157} INFO - Started process (PID=319677) to work on /home/phuc/Practice/DataScience/DSProject/venv/lib/python3.10/site-packages/airflow/example_dags/plugins/workday.py
[2023-12-17T08:23:56.556+0700] {processor.py:829} INFO - Processing file /home/phuc/Practice/DataScience/DSProject/venv/lib/python3.10/site-packages/airflow/example_dags/plugins/workday.py for tasks to queue
[2023-12-17T08:23:56.557+0700] {logging_mixin.py:154} INFO - [2023-12-17T08:23:56.556+0700] {dagbag.py:536} INFO - Filling up the DagBag from /home/phuc/Practice/DataScience/DSProject/venv/lib/python3.10/site-packages/airflow/example_dags/plugins/workday.py
[2023-12-17T08:23:56.561+0700] {logging_mixin.py:154} INFO - [2023-12-17T08:23:56.561+0700] {workday.py:36} WARNING - Could not import pandas. Holidays will not be considered.
[2023-12-17T08:23:56.562+0700] {processor.py:841} WARNING - No viable dags retrieved from /home/phuc/Practice/DataScience/DSProject/venv/lib/python3.10/site-packages/airflow/example_dags/plugins/workday.py
[2023-12-17T08:23:56.573+0700] {processor.py:179} INFO - Processing /home/phuc/Practice/DataScience/DSProject/venv/lib/python3.10/site-packages/airflow/example_dags/plugins/workday.py took 0.027 seconds
[2023-12-17T08:24:50.141+0700] {processor.py:157} INFO - Started process (PID=319937) to work on /home/phuc/Practice/DataScience/DSProject/venv/lib/python3.10/site-packages/airflow/example_dags/plugins/workday.py
[2023-12-17T08:24:50.148+0700] {processor.py:829} INFO - Processing file /home/phuc/Practice/DataScience/DSProject/venv/lib/python3.10/site-packages/airflow/example_dags/plugins/workday.py for tasks to queue
[2023-12-17T08:24:50.150+0700] {logging_mixin.py:154} INFO - [2023-12-17T08:24:50.149+0700] {dagbag.py:536} INFO - Filling up the DagBag from /home/phuc/Practice/DataScience/DSProject/venv/lib/python3.10/site-packages/airflow/example_dags/plugins/workday.py
[2023-12-17T08:24:50.153+0700] {logging_mixin.py:154} INFO - [2023-12-17T08:24:50.153+0700] {workday.py:36} WARNING - Could not import pandas. Holidays will not be considered.
[2023-12-17T08:24:50.154+0700] {processor.py:841} WARNING - No viable dags retrieved from /home/phuc/Practice/DataScience/DSProject/venv/lib/python3.10/site-packages/airflow/example_dags/plugins/workday.py
[2023-12-17T08:24:50.163+0700] {processor.py:179} INFO - Processing /home/phuc/Practice/DataScience/DSProject/venv/lib/python3.10/site-packages/airflow/example_dags/plugins/workday.py took 0.024 seconds
[2023-12-17T08:25:45.476+0700] {processor.py:157} INFO - Started process (PID=320169) to work on /home/phuc/Practice/DataScience/DSProject/venv/lib/python3.10/site-packages/airflow/example_dags/plugins/workday.py
[2023-12-17T08:25:45.483+0700] {processor.py:829} INFO - Processing file /home/phuc/Practice/DataScience/DSProject/venv/lib/python3.10/site-packages/airflow/example_dags/plugins/workday.py for tasks to queue
[2023-12-17T08:25:45.484+0700] {logging_mixin.py:154} INFO - [2023-12-17T08:25:45.483+0700] {dagbag.py:536} INFO - Filling up the DagBag from /home/phuc/Practice/DataScience/DSProject/venv/lib/python3.10/site-packages/airflow/example_dags/plugins/workday.py
[2023-12-17T08:25:45.486+0700] {logging_mixin.py:154} INFO - [2023-12-17T08:25:45.486+0700] {workday.py:36} WARNING - Could not import pandas. Holidays will not be considered.
[2023-12-17T08:25:45.486+0700] {processor.py:841} WARNING - No viable dags retrieved from /home/phuc/Practice/DataScience/DSProject/venv/lib/python3.10/site-packages/airflow/example_dags/plugins/workday.py
[2023-12-17T08:25:45.494+0700] {processor.py:179} INFO - Processing /home/phuc/Practice/DataScience/DSProject/venv/lib/python3.10/site-packages/airflow/example_dags/plugins/workday.py took 0.021 seconds
[2023-12-17T08:26:32.934+0700] {processor.py:157} INFO - Started process (PID=320393) to work on /home/phuc/Practice/DataScience/DSProject/venv/lib/python3.10/site-packages/airflow/example_dags/plugins/workday.py
[2023-12-17T08:26:32.941+0700] {processor.py:829} INFO - Processing file /home/phuc/Practice/DataScience/DSProject/venv/lib/python3.10/site-packages/airflow/example_dags/plugins/workday.py for tasks to queue
[2023-12-17T08:26:32.942+0700] {logging_mixin.py:154} INFO - [2023-12-17T08:26:32.942+0700] {dagbag.py:536} INFO - Filling up the DagBag from /home/phuc/Practice/DataScience/DSProject/venv/lib/python3.10/site-packages/airflow/example_dags/plugins/workday.py
[2023-12-17T08:26:32.946+0700] {logging_mixin.py:154} INFO - [2023-12-17T08:26:32.946+0700] {workday.py:36} WARNING - Could not import pandas. Holidays will not be considered.
[2023-12-17T08:26:32.947+0700] {processor.py:841} WARNING - No viable dags retrieved from /home/phuc/Practice/DataScience/DSProject/venv/lib/python3.10/site-packages/airflow/example_dags/plugins/workday.py
[2023-12-17T08:26:32.958+0700] {processor.py:179} INFO - Processing /home/phuc/Practice/DataScience/DSProject/venv/lib/python3.10/site-packages/airflow/example_dags/plugins/workday.py took 0.026 seconds
[2023-12-17T08:27:24.482+0700] {processor.py:157} INFO - Started process (PID=320692) to work on /home/phuc/Practice/DataScience/DSProject/venv/lib/python3.10/site-packages/airflow/example_dags/plugins/workday.py
[2023-12-17T08:27:24.489+0700] {processor.py:829} INFO - Processing file /home/phuc/Practice/DataScience/DSProject/venv/lib/python3.10/site-packages/airflow/example_dags/plugins/workday.py for tasks to queue
[2023-12-17T08:27:24.490+0700] {logging_mixin.py:154} INFO - [2023-12-17T08:27:24.490+0700] {dagbag.py:536} INFO - Filling up the DagBag from /home/phuc/Practice/DataScience/DSProject/venv/lib/python3.10/site-packages/airflow/example_dags/plugins/workday.py
[2023-12-17T08:27:24.495+0700] {logging_mixin.py:154} INFO - [2023-12-17T08:27:24.495+0700] {workday.py:36} WARNING - Could not import pandas. Holidays will not be considered.
[2023-12-17T08:27:24.495+0700] {processor.py:841} WARNING - No viable dags retrieved from /home/phuc/Practice/DataScience/DSProject/venv/lib/python3.10/site-packages/airflow/example_dags/plugins/workday.py
[2023-12-17T08:27:24.506+0700] {processor.py:179} INFO - Processing /home/phuc/Practice/DataScience/DSProject/venv/lib/python3.10/site-packages/airflow/example_dags/plugins/workday.py took 0.026 seconds
[2023-12-17T08:28:13.502+0700] {processor.py:157} INFO - Started process (PID=320893) to work on /home/phuc/Practice/DataScience/DSProject/venv/lib/python3.10/site-packages/airflow/example_dags/plugins/workday.py
[2023-12-17T08:28:13.509+0700] {processor.py:829} INFO - Processing file /home/phuc/Practice/DataScience/DSProject/venv/lib/python3.10/site-packages/airflow/example_dags/plugins/workday.py for tasks to queue
[2023-12-17T08:28:13.510+0700] {logging_mixin.py:154} INFO - [2023-12-17T08:28:13.510+0700] {dagbag.py:536} INFO - Filling up the DagBag from /home/phuc/Practice/DataScience/DSProject/venv/lib/python3.10/site-packages/airflow/example_dags/plugins/workday.py
[2023-12-17T08:28:13.515+0700] {logging_mixin.py:154} INFO - [2023-12-17T08:28:13.514+0700] {workday.py:36} WARNING - Could not import pandas. Holidays will not be considered.
[2023-12-17T08:28:13.515+0700] {processor.py:841} WARNING - No viable dags retrieved from /home/phuc/Practice/DataScience/DSProject/venv/lib/python3.10/site-packages/airflow/example_dags/plugins/workday.py
[2023-12-17T08:28:13.526+0700] {processor.py:179} INFO - Processing /home/phuc/Practice/DataScience/DSProject/venv/lib/python3.10/site-packages/airflow/example_dags/plugins/workday.py took 0.027 seconds
[2023-12-17T08:29:01.024+0700] {processor.py:157} INFO - Started process (PID=321113) to work on /home/phuc/Practice/DataScience/DSProject/venv/lib/python3.10/site-packages/airflow/example_dags/plugins/workday.py
[2023-12-17T08:29:01.031+0700] {processor.py:829} INFO - Processing file /home/phuc/Practice/DataScience/DSProject/venv/lib/python3.10/site-packages/airflow/example_dags/plugins/workday.py for tasks to queue
[2023-12-17T08:29:01.032+0700] {logging_mixin.py:154} INFO - [2023-12-17T08:29:01.032+0700] {dagbag.py:536} INFO - Filling up the DagBag from /home/phuc/Practice/DataScience/DSProject/venv/lib/python3.10/site-packages/airflow/example_dags/plugins/workday.py
[2023-12-17T08:29:01.037+0700] {logging_mixin.py:154} INFO - [2023-12-17T08:29:01.037+0700] {workday.py:36} WARNING - Could not import pandas. Holidays will not be considered.
[2023-12-17T08:29:01.037+0700] {processor.py:841} WARNING - No viable dags retrieved from /home/phuc/Practice/DataScience/DSProject/venv/lib/python3.10/site-packages/airflow/example_dags/plugins/workday.py
[2023-12-17T08:29:01.049+0700] {processor.py:179} INFO - Processing /home/phuc/Practice/DataScience/DSProject/venv/lib/python3.10/site-packages/airflow/example_dags/plugins/workday.py took 0.028 seconds
[2023-12-17T08:29:52.459+0700] {processor.py:157} INFO - Started process (PID=321339) to work on /home/phuc/Practice/DataScience/DSProject/venv/lib/python3.10/site-packages/airflow/example_dags/plugins/workday.py
[2023-12-17T08:29:52.466+0700] {processor.py:829} INFO - Processing file /home/phuc/Practice/DataScience/DSProject/venv/lib/python3.10/site-packages/airflow/example_dags/plugins/workday.py for tasks to queue
[2023-12-17T08:29:52.468+0700] {logging_mixin.py:154} INFO - [2023-12-17T08:29:52.467+0700] {dagbag.py:536} INFO - Filling up the DagBag from /home/phuc/Practice/DataScience/DSProject/venv/lib/python3.10/site-packages/airflow/example_dags/plugins/workday.py
[2023-12-17T08:29:52.472+0700] {logging_mixin.py:154} INFO - [2023-12-17T08:29:52.472+0700] {workday.py:36} WARNING - Could not import pandas. Holidays will not be considered.
[2023-12-17T08:29:52.473+0700] {processor.py:841} WARNING - No viable dags retrieved from /home/phuc/Practice/DataScience/DSProject/venv/lib/python3.10/site-packages/airflow/example_dags/plugins/workday.py
[2023-12-17T08:29:52.484+0700] {processor.py:179} INFO - Processing /home/phuc/Practice/DataScience/DSProject/venv/lib/python3.10/site-packages/airflow/example_dags/plugins/workday.py took 0.029 seconds
[2023-12-17T08:30:42.960+0700] {processor.py:157} INFO - Started process (PID=321601) to work on /home/phuc/Practice/DataScience/DSProject/venv/lib/python3.10/site-packages/airflow/example_dags/plugins/workday.py
[2023-12-17T08:30:42.967+0700] {processor.py:829} INFO - Processing file /home/phuc/Practice/DataScience/DSProject/venv/lib/python3.10/site-packages/airflow/example_dags/plugins/workday.py for tasks to queue
[2023-12-17T08:30:42.967+0700] {logging_mixin.py:154} INFO - [2023-12-17T08:30:42.967+0700] {dagbag.py:536} INFO - Filling up the DagBag from /home/phuc/Practice/DataScience/DSProject/venv/lib/python3.10/site-packages/airflow/example_dags/plugins/workday.py
[2023-12-17T08:30:42.969+0700] {logging_mixin.py:154} INFO - [2023-12-17T08:30:42.969+0700] {workday.py:36} WARNING - Could not import pandas. Holidays will not be considered.
[2023-12-17T08:30:42.969+0700] {processor.py:841} WARNING - No viable dags retrieved from /home/phuc/Practice/DataScience/DSProject/venv/lib/python3.10/site-packages/airflow/example_dags/plugins/workday.py
[2023-12-17T08:30:42.976+0700] {processor.py:179} INFO - Processing /home/phuc/Practice/DataScience/DSProject/venv/lib/python3.10/site-packages/airflow/example_dags/plugins/workday.py took 0.018 seconds
[2023-12-17T08:31:35.030+0700] {processor.py:157} INFO - Started process (PID=321955) to work on /home/phuc/Practice/DataScience/DSProject/venv/lib/python3.10/site-packages/airflow/example_dags/plugins/workday.py
[2023-12-17T08:31:35.037+0700] {processor.py:829} INFO - Processing file /home/phuc/Practice/DataScience/DSProject/venv/lib/python3.10/site-packages/airflow/example_dags/plugins/workday.py for tasks to queue
[2023-12-17T08:31:35.039+0700] {logging_mixin.py:154} INFO - [2023-12-17T08:31:35.038+0700] {dagbag.py:536} INFO - Filling up the DagBag from /home/phuc/Practice/DataScience/DSProject/venv/lib/python3.10/site-packages/airflow/example_dags/plugins/workday.py
[2023-12-17T08:31:35.043+0700] {logging_mixin.py:154} INFO - [2023-12-17T08:31:35.043+0700] {workday.py:36} WARNING - Could not import pandas. Holidays will not be considered.
[2023-12-17T08:31:35.044+0700] {processor.py:841} WARNING - No viable dags retrieved from /home/phuc/Practice/DataScience/DSProject/venv/lib/python3.10/site-packages/airflow/example_dags/plugins/workday.py
[2023-12-17T08:31:35.055+0700] {processor.py:179} INFO - Processing /home/phuc/Practice/DataScience/DSProject/venv/lib/python3.10/site-packages/airflow/example_dags/plugins/workday.py took 0.028 seconds
[2023-12-17T08:32:56.404+0700] {processor.py:157} INFO - Started process (PID=323034) to work on /home/phuc/Practice/DataScience/DSProject/venv/lib/python3.10/site-packages/airflow/example_dags/plugins/workday.py
[2023-12-17T08:32:56.411+0700] {processor.py:829} INFO - Processing file /home/phuc/Practice/DataScience/DSProject/venv/lib/python3.10/site-packages/airflow/example_dags/plugins/workday.py for tasks to queue
[2023-12-17T08:32:56.413+0700] {logging_mixin.py:154} INFO - [2023-12-17T08:32:56.412+0700] {dagbag.py:536} INFO - Filling up the DagBag from /home/phuc/Practice/DataScience/DSProject/venv/lib/python3.10/site-packages/airflow/example_dags/plugins/workday.py
[2023-12-17T08:32:56.418+0700] {logging_mixin.py:154} INFO - [2023-12-17T08:32:56.417+0700] {workday.py:36} WARNING - Could not import pandas. Holidays will not be considered.
[2023-12-17T08:32:56.418+0700] {processor.py:841} WARNING - No viable dags retrieved from /home/phuc/Practice/DataScience/DSProject/venv/lib/python3.10/site-packages/airflow/example_dags/plugins/workday.py
[2023-12-17T08:32:56.429+0700] {processor.py:179} INFO - Processing /home/phuc/Practice/DataScience/DSProject/venv/lib/python3.10/site-packages/airflow/example_dags/plugins/workday.py took 0.026 seconds
[2023-12-17T08:33:43.498+0700] {processor.py:157} INFO - Started process (PID=323256) to work on /home/phuc/Practice/DataScience/DSProject/venv/lib/python3.10/site-packages/airflow/example_dags/plugins/workday.py
[2023-12-17T08:33:43.499+0700] {processor.py:829} INFO - Processing file /home/phuc/Practice/DataScience/DSProject/venv/lib/python3.10/site-packages/airflow/example_dags/plugins/workday.py for tasks to queue
[2023-12-17T08:33:43.500+0700] {logging_mixin.py:154} INFO - [2023-12-17T08:33:43.500+0700] {dagbag.py:536} INFO - Filling up the DagBag from /home/phuc/Practice/DataScience/DSProject/venv/lib/python3.10/site-packages/airflow/example_dags/plugins/workday.py
[2023-12-17T08:33:43.502+0700] {logging_mixin.py:154} INFO - [2023-12-17T08:33:43.502+0700] {workday.py:36} WARNING - Could not import pandas. Holidays will not be considered.
[2023-12-17T08:33:43.503+0700] {processor.py:841} WARNING - No viable dags retrieved from /home/phuc/Practice/DataScience/DSProject/venv/lib/python3.10/site-packages/airflow/example_dags/plugins/workday.py
[2023-12-17T08:33:43.510+0700] {processor.py:179} INFO - Processing /home/phuc/Practice/DataScience/DSProject/venv/lib/python3.10/site-packages/airflow/example_dags/plugins/workday.py took 0.015 seconds
[2023-12-17T08:34:32.047+0700] {processor.py:157} INFO - Started process (PID=323666) to work on /home/phuc/Practice/DataScience/DSProject/venv/lib/python3.10/site-packages/airflow/example_dags/plugins/workday.py
[2023-12-17T08:34:32.053+0700] {processor.py:829} INFO - Processing file /home/phuc/Practice/DataScience/DSProject/venv/lib/python3.10/site-packages/airflow/example_dags/plugins/workday.py for tasks to queue
[2023-12-17T08:34:32.054+0700] {logging_mixin.py:154} INFO - [2023-12-17T08:34:32.054+0700] {dagbag.py:536} INFO - Filling up the DagBag from /home/phuc/Practice/DataScience/DSProject/venv/lib/python3.10/site-packages/airflow/example_dags/plugins/workday.py
[2023-12-17T08:34:32.056+0700] {logging_mixin.py:154} INFO - [2023-12-17T08:34:32.055+0700] {workday.py:36} WARNING - Could not import pandas. Holidays will not be considered.
[2023-12-17T08:34:32.056+0700] {processor.py:841} WARNING - No viable dags retrieved from /home/phuc/Practice/DataScience/DSProject/venv/lib/python3.10/site-packages/airflow/example_dags/plugins/workday.py
[2023-12-17T08:34:32.062+0700] {processor.py:179} INFO - Processing /home/phuc/Practice/DataScience/DSProject/venv/lib/python3.10/site-packages/airflow/example_dags/plugins/workday.py took 0.018 seconds
[2023-12-17T08:35:25.771+0700] {processor.py:157} INFO - Started process (PID=324066) to work on /home/phuc/Practice/DataScience/DSProject/venv/lib/python3.10/site-packages/airflow/example_dags/plugins/workday.py
[2023-12-17T08:35:25.778+0700] {processor.py:829} INFO - Processing file /home/phuc/Practice/DataScience/DSProject/venv/lib/python3.10/site-packages/airflow/example_dags/plugins/workday.py for tasks to queue
[2023-12-17T08:35:25.780+0700] {logging_mixin.py:154} INFO - [2023-12-17T08:35:25.779+0700] {dagbag.py:536} INFO - Filling up the DagBag from /home/phuc/Practice/DataScience/DSProject/venv/lib/python3.10/site-packages/airflow/example_dags/plugins/workday.py
[2023-12-17T08:35:25.784+0700] {logging_mixin.py:154} INFO - [2023-12-17T08:35:25.784+0700] {workday.py:36} WARNING - Could not import pandas. Holidays will not be considered.
[2023-12-17T08:35:25.785+0700] {processor.py:841} WARNING - No viable dags retrieved from /home/phuc/Practice/DataScience/DSProject/venv/lib/python3.10/site-packages/airflow/example_dags/plugins/workday.py
[2023-12-17T08:35:25.795+0700] {processor.py:179} INFO - Processing /home/phuc/Practice/DataScience/DSProject/venv/lib/python3.10/site-packages/airflow/example_dags/plugins/workday.py took 0.028 seconds
