[2023-12-03T09:16:41.541+0700] {taskinstance.py:1159} INFO - Dependencies all met for dep_context=non-requeueable deps ti=<TaskInstance: my_first_dag.save_data scheduled__2023-12-03T01:46:07.288425+00:00 [queued]>
[2023-12-03T09:16:41.548+0700] {taskinstance.py:1159} INFO - Dependencies all met for dep_context=requeueable deps ti=<TaskInstance: my_first_dag.save_data scheduled__2023-12-03T01:46:07.288425+00:00 [queued]>
[2023-12-03T09:16:41.548+0700] {taskinstance.py:1361} INFO - Starting attempt 1 of 3
[2023-12-03T09:16:41.557+0700] {taskinstance.py:1382} INFO - Executing <Task(BashOperator): save_data> on 2023-12-03 01:46:07.288425+00:00
[2023-12-03T09:16:41.559+0700] {standard_task_runner.py:57} INFO - Started process 67034 to run task
[2023-12-03T09:16:41.562+0700] {standard_task_runner.py:84} INFO - Running: ['airflow', 'tasks', 'run', 'my_first_dag', 'save_data', 'scheduled__2023-12-03T01:46:07.288425+00:00', '--job-id', '6', '--raw', '--subdir', 'DAGS_FOLDER/test_dag.py', '--cfg-path', '/tmp/tmpeldym0_a']
[2023-12-03T09:16:41.563+0700] {standard_task_runner.py:85} INFO - Job 6: Subtask save_data
[2023-12-03T09:16:41.589+0700] {task_command.py:416} INFO - Running <TaskInstance: my_first_dag.save_data scheduled__2023-12-03T01:46:07.288425+00:00 [running]> on host phuc-ASUS
[2023-12-03T09:16:41.634+0700] {taskinstance.py:1662} INFO - Exporting env vars: AIRFLOW_CTX_DAG_OWNER='airflow' AIRFLOW_CTX_DAG_ID='my_first_dag' AIRFLOW_CTX_TASK_ID='save_data' AIRFLOW_CTX_EXECUTION_DATE='2023-12-03T01:46:07.288425+00:00' AIRFLOW_CTX_TRY_NUMBER='1' AIRFLOW_CTX_DAG_RUN_ID='scheduled__2023-12-03T01:46:07.288425+00:00'
[2023-12-03T09:16:41.634+0700] {subprocess.py:63} INFO - Tmp dir root location: /tmp
[2023-12-03T09:16:41.635+0700] {subprocess.py:75} INFO - Running command: ['/usr/bin/bash', '-c', 'cd /home/phuc/Practice/DataScience/DSProject/job_transformation && python3 test_spark.py write-to-delta-table']
[2023-12-03T09:16:41.640+0700] {subprocess.py:86} INFO - Output:
[2023-12-03T09:16:41.894+0700] {subprocess.py:93} INFO - ╭───────────────────── Traceback (most recent call last) ──────────────────────╮
[2023-12-03T09:16:41.894+0700] {subprocess.py:93} INFO - │ /home/phuc/Practice/DataScience/DSProject/job_transformation/test_spark.py:8 │
[2023-12-03T09:16:41.895+0700] {subprocess.py:93} INFO - │ in <module>                                                                  │
[2023-12-03T09:16:41.895+0700] {subprocess.py:93} INFO - │                                                                              │
[2023-12-03T09:16:41.895+0700] {subprocess.py:93} INFO - │    5                                                                         │
[2023-12-03T09:16:41.895+0700] {subprocess.py:93} INFO - │    6                                                                         │
[2023-12-03T09:16:41.895+0700] {subprocess.py:93} INFO - │    7 app = typer.Typer()                                                     │
[2023-12-03T09:16:41.895+0700] {subprocess.py:93} INFO - │ ❱  8 app()                                                                   │
[2023-12-03T09:16:41.895+0700] {subprocess.py:93} INFO - │    9                                                                         │
[2023-12-03T09:16:41.895+0700] {subprocess.py:93} INFO - │   10                                                                         │
[2023-12-03T09:16:41.895+0700] {subprocess.py:93} INFO - │   11 @app.command()                                                          │
[2023-12-03T09:16:41.895+0700] {subprocess.py:93} INFO - │                                                                              │
[2023-12-03T09:16:41.895+0700] {subprocess.py:93} INFO - │ ╭───────────────────────────────── locals ─────────────────────────────────╮ │
[2023-12-03T09:16:41.896+0700] {subprocess.py:93} INFO - │ │                            app = <typer.main.Typer object at             │ │
[2023-12-03T09:16:41.896+0700] {subprocess.py:93} INFO - │ │                                  0x7fad7cb3b010>                         │ │
[2023-12-03T09:16:41.896+0700] {subprocess.py:93} INFO - │ │ configure_spark_with_delta_pip = <function                               │ │
[2023-12-03T09:16:41.896+0700] {subprocess.py:93} INFO - │ │                                  configure_spark_with_delta_pip at       │ │
[2023-12-03T09:16:41.896+0700] {subprocess.py:93} INFO - │ │                                  0x7fad7b1d7e20>                         │ │
[2023-12-03T09:16:41.896+0700] {subprocess.py:93} INFO - │ │                     DeltaTable = <class 'delta.tables.DeltaTable'>       │ │
[2023-12-03T09:16:41.896+0700] {subprocess.py:93} INFO - │ │                              F = <module 'pyspark.sql.functions' from    │ │
[2023-12-03T09:16:41.896+0700] {subprocess.py:93} INFO - │ │                                  '/home/phuc/Practice/DataScience/DSPro… │ │
[2023-12-03T09:16:41.896+0700] {subprocess.py:93} INFO - │ │                   SparkSession = <class                                  │ │
[2023-12-03T09:16:41.896+0700] {subprocess.py:93} INFO - │ │                                  'pyspark.sql.session.SparkSession'>     │ │
[2023-12-03T09:16:41.896+0700] {subprocess.py:93} INFO - │ │                          typer = <module 'typer' from                    │ │
[2023-12-03T09:16:41.896+0700] {subprocess.py:93} INFO - │ │                                  '/home/phuc/Practice/DataScience/DSPro… │ │
[2023-12-03T09:16:41.896+0700] {subprocess.py:93} INFO - │ ╰──────────────────────────────────────────────────────────────────────────╯ │
[2023-12-03T09:16:41.896+0700] {subprocess.py:93} INFO - │                                                                              │
[2023-12-03T09:16:41.896+0700] {subprocess.py:93} INFO - │ /home/phuc/Practice/DataScience/DSProject/venv/lib/python3.10/site-packages/ │
[2023-12-03T09:16:41.897+0700] {subprocess.py:93} INFO - │ typer/main.py:328 in __call__                                                │
[2023-12-03T09:16:41.897+0700] {subprocess.py:93} INFO - │                                                                              │
[2023-12-03T09:16:41.897+0700] {subprocess.py:93} INFO - │ /home/phuc/Practice/DataScience/DSProject/venv/lib/python3.10/site-packages/ │
[2023-12-03T09:16:41.897+0700] {subprocess.py:93} INFO - │ typer/main.py:311 in __call__                                                │
[2023-12-03T09:16:41.897+0700] {subprocess.py:93} INFO - │                                                                              │
[2023-12-03T09:16:41.897+0700] {subprocess.py:93} INFO - │ /home/phuc/Practice/DataScience/DSProject/venv/lib/python3.10/site-packages/ │
[2023-12-03T09:16:41.897+0700] {subprocess.py:93} INFO - │ typer/main.py:373 in get_command                                             │
[2023-12-03T09:16:41.897+0700] {subprocess.py:93} INFO - ╰──────────────────────────────────────────────────────────────────────────────╯
[2023-12-03T09:16:41.897+0700] {subprocess.py:93} INFO - AssertionError: Could not get a command for this Typer instance
[2023-12-03T09:16:41.936+0700] {subprocess.py:97} INFO - Command exited with return code 1
[2023-12-03T09:16:41.943+0700] {taskinstance.py:1937} ERROR - Task failed with exception
Traceback (most recent call last):
  File "/home/phuc/Practice/DataScience/DSProject/venv/lib/python3.10/site-packages/airflow/operators/bash.py", line 210, in execute
    raise AirflowException(
airflow.exceptions.AirflowException: Bash command failed. The command returned a non-zero exit code 1.
[2023-12-03T09:16:41.945+0700] {taskinstance.py:1400} INFO - Marking task as UP_FOR_RETRY. dag_id=my_first_dag, task_id=save_data, execution_date=20231203T014607, start_date=20231203T021641, end_date=20231203T021641
[2023-12-03T09:16:41.954+0700] {standard_task_runner.py:104} ERROR - Failed to execute job 6 for task save_data (Bash command failed. The command returned a non-zero exit code 1.; 67034)
[2023-12-03T09:16:41.974+0700] {local_task_job_runner.py:228} INFO - Task exited with return code 1
[2023-12-03T09:16:41.983+0700] {taskinstance.py:2778} INFO - 0 downstream tasks scheduled from follow-on schedule check
